<?xml version='1.1' encoding='UTF-8'?>
<result plugin="junit@1.24">
  <suites>
    <suite>
      <file>/var/jenkins_home/workspace/Cumulocity-Platform-Services-BUILD/alarm-management/alarm-management-rest/target/surefire-reports/TEST-com.cumulocity.alarm.rest.resources.AlarmCollectionResourceCreateTest.xml</file>
      <name>com.cumulocity.alarm.rest.resources.AlarmCollectionResourceCreateTest</name>
      <duration>0.016</duration>
      <time>0.016</time>
      <enclosingBlocks/>
      <enclosingBlockNames/>
      <cases>
        <case>
          <duration>0.011</duration>
          <className>com.cumulocity.alarm.rest.resources.AlarmCollectionResourceCreateTest</className>
          <testName>shouldMapAlarmToAlarmRepresentationWithAcceptHeader</testName>
          <skipped>false</skipped>
          <failedSince>0</failedSince>
        </case>
        <case>
          <duration>0.001</duration>
          <className>com.cumulocity.alarm.rest.resources.AlarmCollectionResourceCreateTest</className>
          <testName>shouldNotMapAlarmToAlarmRepresentationForNullAcceptHeader</testName>
          <skipped>false</skipped>
          <failedSince>0</failedSince>
        </case>
        <case>
          <duration>0.001</duration>
          <className>com.cumulocity.alarm.rest.resources.AlarmCollectionResourceCreateTest</className>
          <testName>shouldNotMapAlarmToAlarmRepresentationForEmptyAcceptHeader</testName>
          <skipped>false</skipped>
          <failedSince>0</failedSince>
        </case>
        <case>
          <duration>0.001</duration>
          <className>com.cumulocity.alarm.rest.resources.AlarmCollectionResourceCreateTest</className>
          <testName>shouldNotMapAlarmToAlarmRepresentationForWildcardAcceptHeader</testName>
          <skipped>false</skipped>
          <failedSince>0</failedSince>
        </case>
      </cases>
    </suite>
    <suite>
      <file>/var/jenkins_home/workspace/Cumulocity-Platform-Services-BUILD/alarm-management/alarm-management-rest/target/surefire-reports/TEST-com.cumulocity.alarm.rest.resources.AlarmCollectionResourceFilteringTest.xml</file>
      <name>com.cumulocity.alarm.rest.resources.AlarmCollectionResourceFilteringTest</name>
      <duration>0.013</duration>
      <time>0.013</time>
      <enclosingBlocks/>
      <enclosingBlockNames/>
      <cases>
        <case>
          <duration>0.0</duration>
          <className>com.cumulocity.alarm.rest.resources.AlarmCollectionResourceFilteringTest</className>
          <testName>getOnCollectionShouldCallSourceNameFiller</testName>
          <skipped>false</skipped>
          <failedSince>0</failedSince>
        </case>
        <case>
          <duration>0.001</duration>
          <className>com.cumulocity.alarm.rest.resources.AlarmCollectionResourceFilteringTest</className>
          <testName>getOnCollectionShouldFilterOnStatus</testName>
          <skipped>false</skipped>
          <failedSince>0</failedSince>
        </case>
        <case>
          <duration>0.002</duration>
          <className>com.cumulocity.alarm.rest.resources.AlarmCollectionResourceFilteringTest</className>
          <testName>getOnCollectionShouldFilterOnResolutionWhenEmptyResolved</testName>
          <skipped>false</skipped>
          <failedSince>0</failedSince>
        </case>
        <case>
          <duration>0.002</duration>
          <className>com.cumulocity.alarm.rest.resources.AlarmCollectionResourceFilteringTest</className>
          <testName>getOnCollectionShouldNotFilterOnResolutionWhenResolvedIsFalse</testName>
          <skipped>false</skipped>
          <failedSince>0</failedSince>
        </case>
        <case>
          <duration>0.002</duration>
          <className>com.cumulocity.alarm.rest.resources.AlarmCollectionResourceFilteringTest</className>
          <testName>getOnCollectionShouldFilterOnStatusList</testName>
          <skipped>false</skipped>
          <failedSince>0</failedSince>
        </case>
        <case>
          <duration>0.005</duration>
          <className>com.cumulocity.alarm.rest.resources.AlarmCollectionResourceFilteringTest</className>
          <testName>getOnCollectionShouldFilterOnSource</testName>
          <skipped>false</skipped>
          <failedSince>0</failedSince>
        </case>
        <case>
          <duration>0.001</duration>
          <className>com.cumulocity.alarm.rest.resources.AlarmCollectionResourceFilteringTest</className>
          <testName>getOnCollectionShouldReturnAll</testName>
          <skipped>false</skipped>
          <failedSince>0</failedSince>
        </case>
      </cases>
    </suite>
    <suite>
      <file>/var/jenkins_home/workspace/Cumulocity-Platform-Services-BUILD/alarm-management/alarm-management-rest/target/surefire-reports/TEST-com.cumulocity.alarm.rest.resources.AlarmCollectionResourceGetTest.xml</file>
      <name>com.cumulocity.alarm.rest.resources.AlarmCollectionResourceGetTest</name>
      <duration>0.036</duration>
      <time>0.036</time>
      <enclosingBlocks/>
      <enclosingBlockNames/>
      <cases>
        <case>
          <duration>0.023</duration>
          <className>com.cumulocity.alarm.rest.resources.AlarmCollectionResourceGetTest</className>
          <testName>shouldQueryByStatus</testName>
          <skipped>false</skipped>
          <failedSince>0</failedSince>
        </case>
        <case>
          <duration>0.002</duration>
          <className>com.cumulocity.alarm.rest.resources.AlarmCollectionResourceGetTest</className>
          <testName>shouldQueryBySource</testName>
          <skipped>false</skipped>
          <failedSince>0</failedSince>
        </case>
        <case>
          <duration>0.002</duration>
          <className>com.cumulocity.alarm.rest.resources.AlarmCollectionResourceGetTest</className>
          <testName>shouldQueryBySeverityAndStatus</testName>
          <skipped>false</skipped>
          <failedSince>0</failedSince>
        </case>
        <case>
          <duration>0.002</duration>
          <className>com.cumulocity.alarm.rest.resources.AlarmCollectionResourceGetTest</className>
          <testName>shouldQueryAll</testName>
          <skipped>false</skipped>
          <failedSince>0</failedSince>
        </case>
        <case>
          <duration>0.001</duration>
          <className>com.cumulocity.alarm.rest.resources.AlarmCollectionResourceGetTest</className>
          <testName>shouldQueryByFromDateAndEndDate</testName>
          <skipped>false</skipped>
          <failedSince>0</failedSince>
        </case>
        <case>
          <duration>0.002</duration>
          <className>com.cumulocity.alarm.rest.resources.AlarmCollectionResourceGetTest</className>
          <testName>shouldQueryWithCustomPaging</testName>
          <skipped>false</skipped>
          <failedSince>0</failedSince>
        </case>
        <case>
          <duration>0.002</duration>
          <className>com.cumulocity.alarm.rest.resources.AlarmCollectionResourceGetTest</className>
          <testName>shouldQueryBySourceAndStatus</testName>
          <skipped>false</skipped>
          <failedSince>0</failedSince>
        </case>
      </cases>
    </suite>
    <suite>
      <file>/var/jenkins_home/workspace/Cumulocity-Platform-Services-BUILD/alarm-management/alarm-management-rest/target/surefire-reports/TEST-com.cumulocity.alarm.rest.resources.AlarmCollectionResourceModuleTest.xml</file>
      <name>com.cumulocity.alarm.rest.resources.AlarmCollectionResourceModuleTest</name>
      <duration>0.768</duration>
      <time>0.768</time>
      <enclosingBlocks/>
      <enclosingBlockNames/>
      <cases>
        <case>
          <duration>0.091</duration>
          <className>com.cumulocity.alarm.rest.resources.AlarmCollectionResourceModuleTest</className>
          <testName>bulkUpdateShouldThrowWhenNoStatusInRepresentation</testName>
          <skipped>false</skipped>
          <failedSince>0</failedSince>
        </case>
        <case>
          <duration>0.095</duration>
          <className>com.cumulocity.alarm.rest.resources.AlarmCollectionResourceModuleTest</className>
          <testName>bulkUpdateShouldCallServiceAccordingToSearchParams</testName>
          <skipped>false</skipped>
          <failedSince>0</failedSince>
        </case>
        <case>
          <duration>0.068</duration>
          <className>com.cumulocity.alarm.rest.resources.AlarmCollectionResourceModuleTest</className>
          <testName>bulkUpdateShouldCallServicePassingFullFilter</testName>
          <skipped>false</skipped>
          <failedSince>0</failedSince>
        </case>
        <case>
          <duration>0.061</duration>
          <className>com.cumulocity.alarm.rest.resources.AlarmCollectionResourceModuleTest</className>
          <testName>bulkUpdateShouldCorrectlyReturn200whenServiceFinished</testName>
          <skipped>false</skipped>
          <failedSince>0</failedSince>
        </case>
        <case>
          <duration>0.065</duration>
          <className>com.cumulocity.alarm.rest.resources.AlarmCollectionResourceModuleTest</className>
          <testName>bulkUpdateShouldCorrectlyReturn202whenServiceNotFinished</testName>
          <skipped>false</skipped>
          <failedSince>0</failedSince>
        </case>
        <case>
          <duration>0.063</duration>
          <className>com.cumulocity.alarm.rest.resources.AlarmCollectionResourceModuleTest</className>
          <testName>postShouldCreateNewAlarm</testName>
          <skipped>false</skipped>
          <failedSince>0</failedSince>
        </case>
        <case>
          <duration>0.056</duration>
          <className>com.cumulocity.alarm.rest.resources.AlarmCollectionResourceModuleTest</className>
          <testName>getOnCollectionShouldReturnAlarmCollection</testName>
          <skipped>false</skipped>
          <failedSince>0</failedSince>
        </case>
        <case>
          <duration>0.059</duration>
          <className>com.cumulocity.alarm.rest.resources.AlarmCollectionResourceModuleTest</className>
          <testName>shouldFilterByDate</testName>
          <skipped>false</skipped>
          <failedSince>0</failedSince>
        </case>
        <case>
          <duration>0.056</duration>
          <className>com.cumulocity.alarm.rest.resources.AlarmCollectionResourceModuleTest</className>
          <testName>shouldReturnErrorStatusWhenDateParamHasWrongFormat</testName>
          <skipped>false</skipped>
          <failedSince>0</failedSince>
        </case>
        <case>
          <duration>0.053</duration>
          <className>com.cumulocity.alarm.rest.resources.AlarmCollectionResourceModuleTest</className>
          <testName>getOnCollectionShouldReturnNavigationLinks</testName>
          <skipped>false</skipped>
          <failedSince>0</failedSince>
        </case>
        <case>
          <duration>0.043</duration>
          <className>com.cumulocity.alarm.rest.resources.AlarmCollectionResourceModuleTest</className>
          <testName>deleteByQueryShouldCallServiceProperly</testName>
          <skipped>false</skipped>
          <failedSince>0</failedSince>
        </case>
        <case>
          <duration>0.047</duration>
          <className>com.cumulocity.alarm.rest.resources.AlarmCollectionResourceModuleTest</className>
          <testName>bulkUpdateShouldThrowWhenNoFilter</testName>
          <skipped>false</skipped>
          <failedSince>0</failedSince>
        </case>
      </cases>
    </suite>
    <suite>
      <file>/var/jenkins_home/workspace/Cumulocity-Platform-Services-BUILD/alarm-management/alarm-management-rest/target/surefire-reports/TEST-com.cumulocity.alarm.rest.resources.AlarmCollectionResourceSecurityTest.xml</file>
      <name>com.cumulocity.alarm.rest.resources.AlarmCollectionResourceSecurityTest</name>
      <duration>3.259</duration>
      <time>3.259</time>
      <enclosingBlocks/>
      <enclosingBlockNames/>
      <cases>
        <case>
          <duration>2.599</duration>
          <className>com.cumulocity.alarm.rest.resources.AlarmCollectionResourceSecurityTest</className>
          <testName>postShouldFailWithAccessDeniedException</testName>
          <skipped>false</skipped>
          <failedSince>0</failedSince>
        </case>
        <case>
          <duration>0.198</duration>
          <className>com.cumulocity.alarm.rest.resources.AlarmCollectionResourceSecurityTest</className>
          <testName>shouldCreateAlaram</testName>
          <skipped>false</skipped>
          <failedSince>0</failedSince>
        </case>
        <case>
          <duration>0.022</duration>
          <className>com.cumulocity.alarm.rest.resources.AlarmCollectionResourceSecurityTest</className>
          <testName>shouldCreateAlarmWhenHasDevicePermission</testName>
          <skipped>false</skipped>
          <failedSince>0</failedSince>
        </case>
        <case>
          <duration>0.019</duration>
          <className>com.cumulocity.alarm.rest.resources.AlarmCollectionResourceSecurityTest</className>
          <testName>shouldFailCreateAlarmWhenHasNoDevicePermission</testName>
          <skipped>false</skipped>
          <failedSince>0</failedSince>
        </case>
      </cases>
    </suite>
    <suite>
      <file>/var/jenkins_home/workspace/Cumulocity-Platform-Services-BUILD/alarm-management/alarm-management-rest/target/surefire-reports/TEST-com.cumulocity.alarm.rest.resources.AlarmMqttJsonRequestHandlerTest.xml</file>
      <name>com.cumulocity.alarm.rest.resources.AlarmMqttJsonRequestHandlerTest</name>
      <duration>0.235</duration>
      <time>0.235</time>
      <enclosingBlocks/>
      <enclosingBlockNames/>
      <cases>
        <case>
          <duration>0.114</duration>
          <className>com.cumulocity.alarm.rest.resources.AlarmMqttJsonRequestHandlerTest</className>
          <testName>shouldCreateNewAlarm</testName>
          <skipped>false</skipped>
          <failedSince>0</failedSince>
        </case>
        <case>
          <duration>0.1</duration>
          <className>com.cumulocity.alarm.rest.resources.AlarmMqttJsonRequestHandlerTest</className>
          <testName>shouldCreateNewAlarmWithExternalSource</testName>
          <skipped>false</skipped>
          <failedSince>0</failedSince>
        </case>
        <case>
          <duration>0.01</duration>
          <className>com.cumulocity.alarm.rest.resources.AlarmMqttJsonRequestHandlerTest</className>
          <testName>shouldCreateMultipleAlarms</testName>
          <skipped>false</skipped>
          <failedSince>0</failedSince>
        </case>
        <case>
          <duration>0.005</duration>
          <className>com.cumulocity.alarm.rest.resources.AlarmMqttJsonRequestHandlerTest</className>
          <testName>shouldCreateMultipleAlarmsWithExternalSource</testName>
          <skipped>false</skipped>
          <failedSince>0</failedSince>
        </case>
      </cases>
    </suite>
    <suite>
      <file>/var/jenkins_home/workspace/Cumulocity-Platform-Services-BUILD/alarm-management/alarm-management-rest/target/surefire-reports/TEST-com.cumulocity.alarm.rest.resources.AlarmResourceModuleTest.xml</file>
      <name>com.cumulocity.alarm.rest.resources.AlarmResourceModuleTest</name>
      <duration>0.333</duration>
      <time>0.333</time>
      <enclosingBlocks/>
      <enclosingBlockNames/>
      <cases>
        <case>
          <duration>0.079</duration>
          <className>com.cumulocity.alarm.rest.resources.AlarmResourceModuleTest</className>
          <testName>getShouldReturn404WhenAlarmNotExist</testName>
          <skipped>false</skipped>
          <failedSince>0</failedSince>
        </case>
        <case>
          <duration>0.039</duration>
          <className>com.cumulocity.alarm.rest.resources.AlarmResourceModuleTest</className>
          <testName>getShouldReturn500WhenAlarmServiceFails</testName>
          <skipped>false</skipped>
          <failedSince>0</failedSince>
        </case>
        <case>
          <duration>0.049</duration>
          <className>com.cumulocity.alarm.rest.resources.AlarmResourceModuleTest</className>
          <testName>getShouldReturnExistingAlarm</testName>
          <skipped>false</skipped>
          <failedSince>0</failedSince>
        </case>
        <case>
          <duration>0.059</duration>
          <className>com.cumulocity.alarm.rest.resources.AlarmResourceModuleTest</className>
          <testName>putWithIdShouldCauseException</testName>
          <skipped>false</skipped>
          <failedSince>0</failedSince>
        </case>
        <case>
          <duration>0.049</duration>
          <className>com.cumulocity.alarm.rest.resources.AlarmResourceModuleTest</className>
          <testName>putWithNotUpdateAblePropertyShouldCauseException</testName>
          <skipped>false</skipped>
          <failedSince>0</failedSince>
        </case>
        <case>
          <duration>0.052</duration>
          <className>com.cumulocity.alarm.rest.resources.AlarmResourceModuleTest</className>
          <testName>putShouldChangeExistingAlarm</testName>
          <skipped>false</skipped>
          <failedSince>0</failedSince>
        </case>
      </cases>
    </suite>
    <suite>
      <file>/var/jenkins_home/workspace/Cumulocity-Platform-Services-BUILD/alarm-management/alarm-management-rest/target/surefire-reports/TEST-com.cumulocity.alarm.rest.resources.AlarmResourceSecurityTest.xml</file>
      <name>com.cumulocity.alarm.rest.resources.AlarmResourceSecurityTest</name>
      <duration>0.1</duration>
      <time>0.1</time>
      <enclosingBlocks/>
      <enclosingBlockNames/>
      <cases>
        <case>
          <duration>0.039</duration>
          <className>com.cumulocity.alarm.rest.resources.AlarmResourceSecurityTest</className>
          <testName>shouldFailWithAccessDeniedException</testName>
          <skipped>false</skipped>
          <failedSince>0</failedSince>
        </case>
        <case>
          <duration>0.011</duration>
          <className>com.cumulocity.alarm.rest.resources.AlarmResourceSecurityTest</className>
          <testName>shouldUpdate</testName>
          <skipped>false</skipped>
          <failedSince>0</failedSince>
        </case>
        <case>
          <duration>0.012</duration>
          <className>com.cumulocity.alarm.rest.resources.AlarmResourceSecurityTest</className>
          <testName>shouldReadAlarmWhenHasDevicePermission</testName>
          <skipped>false</skipped>
          <failedSince>0</failedSince>
        </case>
        <case>
          <duration>0.011</duration>
          <className>com.cumulocity.alarm.rest.resources.AlarmResourceSecurityTest</className>
          <testName>shouldFailReadAlarmWhenHasNoDevicePermission</testName>
          <skipped>false</skipped>
          <failedSince>0</failedSince>
        </case>
        <case>
          <duration>0.011</duration>
          <className>com.cumulocity.alarm.rest.resources.AlarmResourceSecurityTest</className>
          <testName>shouldUpdateAlarmWhenHasDevicePermission</testName>
          <skipped>false</skipped>
          <failedSince>0</failedSince>
        </case>
        <case>
          <duration>0.011</duration>
          <className>com.cumulocity.alarm.rest.resources.AlarmResourceSecurityTest</className>
          <testName>shouldFailUpdateAlarmWhenHasNoDevicePermission</testName>
          <skipped>false</skipped>
          <failedSince>0</failedSince>
        </case>
      </cases>
    </suite>
    <suite>
      <file>/var/jenkins_home/workspace/Cumulocity-Platform-Services-BUILD/alarm-management/alarm-management-rest/target/surefire-reports/TEST-com.cumulocity.alarm.rest.resources.AvailabilityStatCollectionResourceModuleTest.xml</file>
      <name>com.cumulocity.alarm.rest.resources.AvailabilityStatCollectionResourceModuleTest</name>
      <duration>2.607</duration>
      <time>2.607</time>
      <enclosingBlocks/>
      <enclosingBlockNames/>
      <cases>
        <case>
          <duration>2.596</duration>
          <className>com.cumulocity.alarm.rest.resources.AvailabilityStatCollectionResourceModuleTest</className>
          <testName>getOnCollectionShouldReturnAvailabilityStatCollection</testName>
          <skipped>false</skipped>
          <failedSince>0</failedSince>
        </case>
      </cases>
    </suite>
    <suite>
      <file>/var/jenkins_home/workspace/Cumulocity-Platform-Services-BUILD/alarm-management/alarm-management-rest/target/surefire-reports/TEST-com.cumulocity.alarm.rest.resources.AvailabilityStatResourceModuleTest.xml</file>
      <name>com.cumulocity.alarm.rest.resources.AvailabilityStatResourceModuleTest</name>
      <duration>0.143</duration>
      <time>0.143</time>
      <enclosingBlocks/>
      <enclosingBlockNames/>
      <cases>
        <case>
          <duration>0.05</duration>
          <className>com.cumulocity.alarm.rest.resources.AvailabilityStatResourceModuleTest</className>
          <testName>getShouldReturn404WhenSourceNotFound</testName>
          <skipped>false</skipped>
          <failedSince>0</failedSince>
        </case>
        <case>
          <duration>0.058</duration>
          <className>com.cumulocity.alarm.rest.resources.AvailabilityStatResourceModuleTest</className>
          <testName>getShouldReturn400WhenDateRangeInvalid</testName>
          <skipped>false</skipped>
          <failedSince>0</failedSince>
        </case>
        <case>
          <duration>0.027</duration>
          <className>com.cumulocity.alarm.rest.resources.AvailabilityStatResourceModuleTest</className>
          <testName>getShouldReturnAvailabilityStatForMachineWhenSourceCorrect</testName>
          <skipped>false</skipped>
          <failedSince>0</failedSince>
        </case>
      </cases>
    </suite>
    <suite>
      <file>/var/jenkins_home/workspace/Cumulocity-Platform-Services-BUILD/alarm-management/alarm-management-rest/target/surefire-reports/TEST-com.cumulocity.alarm.rest.resources.api.AlarmsApiResourceTest.xml</file>
      <name>com.cumulocity.alarm.rest.resources.api.AlarmsApiResourceTest</name>
      <duration>0.004</duration>
      <time>0.004</time>
      <enclosingBlocks/>
      <enclosingBlockNames/>
      <cases>
        <case>
          <duration>0.004</duration>
          <className>com.cumulocity.alarm.rest.resources.api.AlarmsApiResourceTest</className>
          <testName>getReturnsPredefinedEventsApiRepresentation</testName>
          <skipped>false</skipped>
          <failedSince>0</failedSince>
        </case>
      </cases>
    </suite>
    <suite>
      <file>/var/jenkins_home/workspace/Cumulocity-Platform-Services-BUILD/alarm-management/alarm-management-service/target/surefire-reports/TEST-com.cumulocity.alarm.service.impl.AlarmManagementServiceImplCreateTest.xml</file>
      <name>com.cumulocity.alarm.service.impl.AlarmManagementServiceImplCreateTest</name>
      <duration>0.234</duration>
      <time>0.234</time>
      <enclosingBlocks/>
      <enclosingBlockNames/>
      <cases>
        <case>
          <duration>0.027</duration>
          <className>com.cumulocity.alarm.service.impl.AlarmManagementServiceImplCreateTest</className>
          <testName>shouldCallAlarmStatusFragmentUpdater</testName>
          <skipped>false</skipped>
          <failedSince>0</failedSince>
        </case>
        <case>
          <duration>0.015</duration>
          <className>com.cumulocity.alarm.service.impl.AlarmManagementServiceImplCreateTest</className>
          <testName>createShouldPersistAlarmAndAuditRecords</testName>
          <skipped>false</skipped>
          <failedSince>0</failedSince>
        </case>
        <case>
          <duration>0.015</duration>
          <className>com.cumulocity.alarm.service.impl.AlarmManagementServiceImplCreateTest</className>
          <testName>createShouldSetEssentialFields</testName>
          <skipped>false</skipped>
          <failedSince>0</failedSince>
        </case>
        <case>
          <duration>0.015</duration>
          <className>com.cumulocity.alarm.service.impl.AlarmManagementServiceImplCreateTest</className>
          <testName>shouldOverwriteAlarmSeverityAndTextByAlarmMapping</testName>
          <skipped>false</skipped>
          <failedSince>0</failedSince>
        </case>
        <case>
          <duration>0.01</duration>
          <className>com.cumulocity.alarm.service.impl.AlarmManagementServiceImplCreateTest</className>
          <testName>shouldSuppressAlarmCreationIdAlarmHasMappedSeverityNone</testName>
          <skipped>false</skipped>
          <failedSince>0</failedSince>
        </case>
        <case>
          <duration>0.016</duration>
          <className>com.cumulocity.alarm.service.impl.AlarmManagementServiceImplCreateTest</className>
          <testName>createShouldGenerateExceptionWhenOperationInDatabaseFails</testName>
          <skipped>false</skipped>
          <failedSince>0</failedSince>
        </case>
        <case>
          <duration>0.013</duration>
          <className>com.cumulocity.alarm.service.impl.AlarmManagementServiceImplCreateTest</className>
          <testName>createShouldGenerateExceptionWhenAlarmsSourceNotExists</testName>
          <skipped>false</skipped>
          <failedSince>0</failedSince>
        </case>
        <case>
          <duration>0.011</duration>
          <className>com.cumulocity.alarm.service.impl.AlarmManagementServiceImplCreateTest</className>
          <testName>shouldNotCreateAlarmIfDuplicateExists</testName>
          <skipped>false</skipped>
          <failedSince>0</failedSince>
        </case>
        <case>
          <duration>0.011</duration>
          <className>com.cumulocity.alarm.service.impl.AlarmManagementServiceImplCreateTest</className>
          <testName>shouldNotCreateActiveAlarmIfAcknowledgedDuplicateExists</testName>
          <skipped>false</skipped>
          <failedSince>0</failedSince>
        </case>
        <case>
          <duration>0.011</duration>
          <className>com.cumulocity.alarm.service.impl.AlarmManagementServiceImplCreateTest</className>
          <testName>shouldUpdateWithRetriesAlarmIfDuplicateExists</testName>
          <skipped>false</skipped>
          <failedSince>0</failedSince>
        </case>
        <case>
          <duration>0.01</duration>
          <className>com.cumulocity.alarm.service.impl.AlarmManagementServiceImplCreateTest</className>
          <testName>shouldUpdateDuplicateProperties</testName>
          <skipped>false</skipped>
          <failedSince>0</failedSince>
        </case>
        <case>
          <duration>0.015</duration>
          <className>com.cumulocity.alarm.service.impl.AlarmManagementServiceImplCreateTest</className>
          <testName>shouldCreateAlarmClearedEvenIfDuplicateExists</testName>
          <skipped>false</skipped>
          <failedSince>0</failedSince>
        </case>
        <case>
          <duration>0.017</duration>
          <className>com.cumulocity.alarm.service.impl.AlarmManagementServiceImplCreateTest</className>
          <testName>shouldSuppressAlarmCreationWhenSourceDeviceInMaintenanceMode</testName>
          <skipped>false</skipped>
          <failedSince>0</failedSince>
        </case>
        <case>
          <duration>0.012</duration>
          <className>com.cumulocity.alarm.service.impl.AlarmManagementServiceImplCreateTest</className>
          <testName>shouldSuppressDuplicateAlarmCreationWhenSourceDeviceInMaintenanceMode</testName>
          <skipped>false</skipped>
          <failedSince>0</failedSince>
        </case>
        <case>
          <duration>0.016</duration>
          <className>com.cumulocity.alarm.service.impl.AlarmManagementServiceImplCreateTest</className>
          <testName>shouldCreateAlarmWhenDeviceAvailabilityInStateAvailable</testName>
          <skipped>false</skipped>
          <failedSince>0</failedSince>
        </case>
        <case>
          <duration>0.015</duration>
          <className>com.cumulocity.alarm.service.impl.AlarmManagementServiceImplCreateTest</className>
          <testName>shouldCreateAlarmWhenDeviceAvailabilityNotMonitored</testName>
          <skipped>false</skipped>
          <failedSince>0</failedSince>
        </case>
      </cases>
    </suite>
    <suite>
      <file>/var/jenkins_home/workspace/Cumulocity-Platform-Services-BUILD/alarm-management/alarm-management-service/target/surefire-reports/TEST-com.cumulocity.alarm.service.impl.AlarmManagementServiceImplTest.xml</file>
      <name>com.cumulocity.alarm.service.impl.AlarmManagementServiceImplTest</name>
      <duration>0.163</duration>
      <time>0.163</time>
      <enclosingBlocks/>
      <enclosingBlockNames/>
      <cases>
        <case>
          <duration>0.012</duration>
          <className>com.cumulocity.alarm.service.impl.AlarmManagementServiceImplTest</className>
          <testName>updatingIdenticalAlarmHasNoEffect</testName>
          <skipped>false</skipped>
          <failedSince>0</failedSince>
        </case>
        <case>
          <duration>0.01</duration>
          <className>com.cumulocity.alarm.service.impl.AlarmManagementServiceImplTest</className>
          <testName>findAllShouldCallFindAllOnAlarmDatabaseExactlyOnceAndReturnNotEmptyList</testName>
          <skipped>false</skipped>
          <failedSince>0</failedSince>
        </case>
        <case>
          <duration>0.01</duration>
          <className>com.cumulocity.alarm.service.impl.AlarmManagementServiceImplTest</className>
          <testName>findAllShouldGenerateExceptionWhenOperationInDatabaseFails</testName>
          <skipped>false</skipped>
          <failedSince>0</failedSince>
        </case>
        <case>
          <duration>0.011</duration>
          <className>com.cumulocity.alarm.service.impl.AlarmManagementServiceImplTest</className>
          <testName>findByIdShouldCallFindByIdOnAlarmDatabaseExactlyOnceAndReturnNotNull</testName>
          <skipped>false</skipped>
          <failedSince>0</failedSince>
        </case>
        <case>
          <duration>0.01</duration>
          <className>com.cumulocity.alarm.service.impl.AlarmManagementServiceImplTest</className>
          <testName>findByIdShouldGenerateExceptionWhenOperationInDatabaseFails</testName>
          <skipped>false</skipped>
          <failedSince>0</failedSince>
        </case>
        <case>
          <duration>0.027</duration>
          <className>com.cumulocity.alarm.service.impl.AlarmManagementServiceImplTest</className>
          <testName>findByFilterShouldCallFindByFilterOnAlarmDatabaseExactlyOnceAndReturnNotNull</testName>
          <skipped>false</skipped>
          <failedSince>0</failedSince>
        </case>
        <case>
          <duration>0.013</duration>
          <className>com.cumulocity.alarm.service.impl.AlarmManagementServiceImplTest</className>
          <testName>findByFilterShouldGenerateExceptionWhenOperationInDatabaseFails</testName>
          <skipped>false</skipped>
          <failedSince>0</failedSince>
        </case>
        <case>
          <duration>0.011</duration>
          <className>com.cumulocity.alarm.service.impl.AlarmManagementServiceImplTest</className>
          <testName>updatingIdenticalAlarmWithNoFragmentsHasNoEffect</testName>
          <skipped>false</skipped>
          <failedSince>0</failedSince>
        </case>
        <case>
          <duration>0.014</duration>
          <className>com.cumulocity.alarm.service.impl.AlarmManagementServiceImplTest</className>
          <testName>updatingDifferentAlarmTriggersNotification</testName>
          <skipped>false</skipped>
          <failedSince>0</failedSince>
        </case>
        <case>
          <duration>0.014</duration>
          <className>com.cumulocity.alarm.service.impl.AlarmManagementServiceImplTest</className>
          <testName>updatingAlarmWithDifferentSverityTriggersBroadcast</testName>
          <skipped>false</skipped>
          <failedSince>0</failedSince>
        </case>
        <case>
          <duration>0.014</duration>
          <className>com.cumulocity.alarm.service.impl.AlarmManagementServiceImplTest</className>
          <testName>updatingAlarmWithNewFragmentTriggersNotification</testName>
          <skipped>false</skipped>
          <failedSince>0</failedSince>
        </case>
        <case>
          <duration>0.014</duration>
          <className>com.cumulocity.alarm.service.impl.AlarmManagementServiceImplTest</className>
          <testName>updatingAlarmWithUpdatedFragmentTriggersNotification</testName>
          <skipped>false</skipped>
          <failedSince>0</failedSince>
        </case>
      </cases>
    </suite>
    <suite>
      <file>/var/jenkins_home/workspace/Cumulocity-Platform-Services-BUILD/alarm-management/alarm-management-service/target/surefire-reports/TEST-com.cumulocity.alarm.service.impl.AlarmManagementServiceImplUpdateTest.xml</file>
      <name>com.cumulocity.alarm.service.impl.AlarmManagementServiceImplUpdateTest</name>
      <duration>1.851</duration>
      <time>1.851</time>
      <enclosingBlocks/>
      <enclosingBlockNames/>
      <cases>
        <case>
          <duration>0.953</duration>
          <className>com.cumulocity.alarm.service.impl.AlarmManagementServiceImplUpdateTest</className>
          <testName>updateStatusShouldCreateAuditRecordAboutAlarmUpdating</testName>
          <skipped>false</skipped>
          <failedSince>0</failedSince>
        </case>
        <case>
          <duration>0.038</duration>
          <className>com.cumulocity.alarm.service.impl.AlarmManagementServiceImplUpdateTest</className>
          <testName>updateStatusAndSthElseShouldCreateTwoAuditRecordsAboutAlarmClearingAndCreatingNewOne</testName>
          <skipped>false</skipped>
          <failedSince>0</failedSince>
        </case>
        <case>
          <duration>0.023</duration>
          <className>com.cumulocity.alarm.service.impl.AlarmManagementServiceImplUpdateTest</className>
          <testName>updateSthButNotStatusShouldCreateTwoAuditRecordsAboutAlarmClearingAndCreatingNewOne</testName>
          <skipped>false</skipped>
          <failedSince>0</failedSince>
        </case>
        <case>
          <duration>0.059</duration>
          <className>com.cumulocity.alarm.service.impl.AlarmManagementServiceImplUpdateTest</className>
          <testName>bulkUpdateStatusShouldWork</testName>
          <skipped>false</skipped>
          <failedSince>0</failedSince>
        </case>
        <case>
          <duration>0.048</duration>
          <className>com.cumulocity.alarm.service.impl.AlarmManagementServiceImplUpdateTest</className>
          <testName>bulkUpdateStatusShouldWorkWithPaging</testName>
          <skipped>false</skipped>
          <failedSince>0</failedSince>
        </case>
        <case>
          <duration>0.032</duration>
          <className>com.cumulocity.alarm.service.impl.AlarmManagementServiceImplUpdateTest</className>
          <testName>bulkUpdateStatusShouldUpdateAccordingToStatusFilter</testName>
          <skipped>false</skipped>
          <failedSince>0</failedSince>
        </case>
        <case>
          <duration>0.032</duration>
          <className>com.cumulocity.alarm.service.impl.AlarmManagementServiceImplUpdateTest</className>
          <testName>bulkUpdateStatusShouldUpdateAccordingToOtherFilter</testName>
          <skipped>false</skipped>
          <failedSince>0</failedSince>
        </case>
        <case>
          <duration>0.018</duration>
          <className>com.cumulocity.alarm.service.impl.AlarmManagementServiceImplUpdateTest</className>
          <testName>shouldCallAlarmStatusFragmentUpdater</testName>
          <skipped>false</skipped>
          <failedSince>0</failedSince>
        </case>
        <case>
          <duration>0.622</duration>
          <className>com.cumulocity.alarm.service.impl.AlarmManagementServiceImplUpdateTest</className>
          <testName>bulkUpdateStatusShouldReturnAfterTimeAndProcessInBackground</testName>
          <skipped>false</skipped>
          <failedSince>0</failedSince>
        </case>
      </cases>
    </suite>
    <suite>
      <file>/var/jenkins_home/workspace/Cumulocity-Platform-Services-BUILD/alarm-management/alarm-management-service/target/surefire-reports/TEST-com.cumulocity.alarm.service.impl.AlarmStatusFragmentUpdaterTest.xml</file>
      <name>com.cumulocity.alarm.service.impl.AlarmStatusFragmentUpdaterTest</name>
      <duration>0.004</duration>
      <time>0.004</time>
      <enclosingBlocks/>
      <enclosingBlockNames/>
      <cases>
        <case>
          <duration>0.0</duration>
          <className>com.cumulocity.alarm.service.impl.AlarmStatusFragmentUpdaterTest</className>
          <testName>shouldUpdateAlarmCountAfterCreateWhenStatusActive</testName>
          <skipped>false</skipped>
          <failedSince>0</failedSince>
        </case>
        <case>
          <duration>0.0</duration>
          <className>com.cumulocity.alarm.service.impl.AlarmStatusFragmentUpdaterTest</className>
          <testName>shouldSendRealtimeUpdate</testName>
          <skipped>false</skipped>
          <failedSince>0</failedSince>
        </case>
        <case>
          <duration>0.0</duration>
          <className>com.cumulocity.alarm.service.impl.AlarmStatusFragmentUpdaterTest</className>
          <testName>shouldUpdateAlarmCountOnceAfterUpdateWhenSeverityTheSame</testName>
          <skipped>false</skipped>
          <failedSince>0</failedSince>
        </case>
        <case>
          <duration>0.001</duration>
          <className>com.cumulocity.alarm.service.impl.AlarmStatusFragmentUpdaterTest</className>
          <testName>shouldUpdateAlarmCountTwiceAfterUpdateWhenSeverityDifferent</testName>
          <skipped>false</skipped>
          <failedSince>0</failedSince>
        </case>
        <case>
          <duration>0.001</duration>
          <className>com.cumulocity.alarm.service.impl.AlarmStatusFragmentUpdaterTest</className>
          <testName>shouldNotUpdateAlarmCountAfterUpdateWhenSeverityAndStatusTheSame</testName>
          <skipped>false</skipped>
          <failedSince>0</failedSince>
        </case>
        <case>
          <duration>0.001</duration>
          <className>com.cumulocity.alarm.service.impl.AlarmStatusFragmentUpdaterTest</className>
          <testName>shouldUpdateAlarmCountAfterCreateWhenStatusACK</testName>
          <skipped>false</skipped>
          <failedSince>0</failedSince>
        </case>
        <case>
          <duration>0.0</duration>
          <className>com.cumulocity.alarm.service.impl.AlarmStatusFragmentUpdaterTest</className>
          <testName>shouldNotUpdateAlarmCountAfterCreateWhenStatusIsCleared</testName>
          <skipped>false</skipped>
          <failedSince>0</failedSince>
        </case>
      </cases>
    </suite>
    <suite>
      <file>/var/jenkins_home/workspace/Cumulocity-Platform-Services-BUILD/alarm-management/alarm-management-service/target/surefire-reports/TEST-com.cumulocity.alarm.service.impl.AuditRecordsPreparatorTest.xml</file>
      <name>com.cumulocity.alarm.service.impl.AuditRecordsPreparatorTest</name>
      <duration>0.004</duration>
      <time>0.004</time>
      <enclosingBlocks/>
      <enclosingBlockNames/>
      <cases>
        <case>
          <duration>0.002</duration>
          <className>com.cumulocity.alarm.service.impl.AuditRecordsPreparatorTest</className>
          <testName>shouldCreateUpdateRecordOnChangeStatusOnly</testName>
          <skipped>false</skipped>
          <failedSince>0</failedSince>
        </case>
        <case>
          <duration>0.002</duration>
          <className>com.cumulocity.alarm.service.impl.AuditRecordsPreparatorTest</className>
          <testName>shouldCreateUpdateRecordAndNewAlarmRecordOnChangeSthElseThanStatus</testName>
          <skipped>false</skipped>
          <failedSince>0</failedSince>
        </case>
      </cases>
    </suite>
    <suite>
      <file>/var/jenkins_home/workspace/Cumulocity-Platform-Services-BUILD/alarm-management/alarm-management-service/target/surefire-reports/TEST-com.cumulocity.alarm.service.impl.AvailabilityAlarmListenerTest.xml</file>
      <name>com.cumulocity.alarm.service.impl.AvailabilityAlarmListenerTest</name>
      <duration>0.013</duration>
      <time>0.013</time>
      <enclosingBlocks/>
      <enclosingBlockNames/>
      <cases>
        <case>
          <duration>0.01</duration>
          <className>com.cumulocity.alarm.service.impl.AvailabilityAlarmListenerTest</className>
          <testName>shouldCreateAlarmForUnavailableDevice</testName>
          <skipped>false</skipped>
          <failedSince>0</failedSince>
        </case>
        <case>
          <duration>0.003</duration>
          <className>com.cumulocity.alarm.service.impl.AvailabilityAlarmListenerTest</className>
          <testName>shouldClearAvtiveAlarmForAvailableDevice</testName>
          <skipped>false</skipped>
          <failedSince>0</failedSince>
        </case>
      </cases>
    </suite>
    <suite>
      <file>/var/jenkins_home/workspace/Cumulocity-Platform-Services-BUILD/alarm-management/alarm-management-service/target/surefire-reports/TEST-com.cumulocity.alarm.service.impl.availabilitystat.AvailabilityStatServiceImplTest.xml</file>
      <name>com.cumulocity.alarm.service.impl.availabilitystat.AvailabilityStatServiceImplTest</name>
      <duration>0.758</duration>
      <time>0.758</time>
      <enclosingBlocks/>
      <enclosingBlockNames/>
      <cases>
        <case>
          <duration>0.651</duration>
          <className>com.cumulocity.alarm.service.impl.availabilitystat.AvailabilityStatServiceImplTest</className>
          <testName>shouldCalculateStatsForRecordsType1</testName>
          <skipped>false</skipped>
          <failedSince>0</failedSince>
        </case>
        <case>
          <duration>0.004</duration>
          <className>com.cumulocity.alarm.service.impl.availabilitystat.AvailabilityStatServiceImplTest</className>
          <testName>shouldCalculateStatsForOverlapingRecordsType1</testName>
          <skipped>false</skipped>
          <failedSince>0</failedSince>
        </case>
        <case>
          <duration>0.004</duration>
          <className>com.cumulocity.alarm.service.impl.availabilitystat.AvailabilityStatServiceImplTest</className>
          <testName>shouldCalculateStatsForRecordsType2</testName>
          <skipped>false</skipped>
          <failedSince>0</failedSince>
        </case>
        <case>
          <duration>0.003</duration>
          <className>com.cumulocity.alarm.service.impl.availabilitystat.AvailabilityStatServiceImplTest</className>
          <testName>shouldCalculateStatsForRecordsType1And2</testName>
          <skipped>false</skipped>
          <failedSince>0</failedSince>
        </case>
        <case>
          <duration>0.003</duration>
          <className>com.cumulocity.alarm.service.impl.availabilitystat.AvailabilityStatServiceImplTest</className>
          <testName>shouldReturnZeroDonwtimeStatsForDevicesHavingNoAlarms</testName>
          <skipped>false</skipped>
          <failedSince>0</failedSince>
        </case>
        <case>
          <duration>0.003</duration>
          <className>com.cumulocity.alarm.service.impl.availabilitystat.AvailabilityStatServiceImplTest</className>
          <testName>shouldCalculateStatsForSingleSourceSkippingOtherDevices</testName>
          <skipped>false</skipped>
          <failedSince>0</failedSince>
        </case>
        <case>
          <duration>0.003</duration>
          <className>com.cumulocity.alarm.service.impl.availabilitystat.AvailabilityStatServiceImplTest</className>
          <testName>shouldCutRangeIfToGreaterThanCurrentDate</testName>
          <skipped>false</skipped>
          <failedSince>0</failedSince>
        </case>
        <case>
          <duration>0.012</duration>
          <className>com.cumulocity.alarm.service.impl.availabilitystat.AvailabilityStatServiceImplTest</className>
          <testName>shouldReturnZeroStatsIfFromIsAfterNow</testName>
          <skipped>false</skipped>
          <failedSince>0</failedSince>
        </case>
        <case>
          <duration>0.004</duration>
          <className>com.cumulocity.alarm.service.impl.availabilitystat.AvailabilityStatServiceImplTest</className>
          <testName>shouldCalculateStatForRecordsType1And2AndSource</testName>
          <skipped>false</skipped>
          <failedSince>0</failedSince>
        </case>
      </cases>
    </suite>
    <suite>
      <file>/var/jenkins_home/workspace/Cumulocity-Platform-Services-BUILD/alarm-management/alarm-management-service/target/surefire-reports/TEST-com.cumulocity.alarm.service.impl.availabilitystat.RangesUtilTest.xml</file>
      <name>com.cumulocity.alarm.service.impl.availabilitystat.RangesUtilTest</name>
      <duration>0.136</duration>
      <time>0.136</time>
      <enclosingBlocks/>
      <enclosingBlockNames/>
      <cases>
        <case>
          <duration>0.067</duration>
          <className>com.cumulocity.alarm.service.impl.availabilitystat.RangesUtilTest</className>
          <testName>shouldCorrectlySortRangesByLowerUpperBoundary</testName>
          <skipped>false</skipped>
          <failedSince>0</failedSince>
        </case>
        <case>
          <duration>0.002</duration>
          <className>com.cumulocity.alarm.service.impl.availabilitystat.RangesUtilTest</className>
          <testName>shouldEliminateIntersectionsFromRangesCollection</testName>
          <skipped>false</skipped>
          <failedSince>0</failedSince>
        </case>
      </cases>
    </suite>
    <suite>
      <file>/var/jenkins_home/workspace/Cumulocity-Platform-Services-BUILD/alarm-management/alarm-management-service/target/surefire-reports/TEST-com.cumulocity.alarm.service.impl.mapping.AlarmMappingServiceTest.xml</file>
      <name>com.cumulocity.alarm.service.impl.mapping.AlarmMappingServiceTest</name>
      <duration>0.025</duration>
      <time>0.025</time>
      <enclosingBlocks/>
      <enclosingBlockNames/>
      <cases>
        <case>
          <duration>0.016</duration>
          <className>com.cumulocity.alarm.service.impl.mapping.AlarmMappingServiceTest</className>
          <testName>shouldFindAlarmMappingByFullyMathingType</testName>
          <skipped>false</skipped>
          <failedSince>0</failedSince>
        </case>
        <case>
          <duration>0.001</duration>
          <className>com.cumulocity.alarm.service.impl.mapping.AlarmMappingServiceTest</className>
          <testName>shouldReturnNullIfThereIsNoMathingMapping</testName>
          <skipped>false</skipped>
          <failedSince>0</failedSince>
        </case>
        <case>
          <duration>0.001</duration>
          <className>com.cumulocity.alarm.service.impl.mapping.AlarmMappingServiceTest</className>
          <testName>shouldReturnNullForNullAlarmType</testName>
          <skipped>false</skipped>
          <failedSince>0</failedSince>
        </case>
        <case>
          <duration>0.0</duration>
          <className>com.cumulocity.alarm.service.impl.mapping.AlarmMappingServiceTest</className>
          <testName>shouldFindAlarmMappingByBeingPrefixForGivenAlarmType</testName>
          <skipped>false</skipped>
          <failedSince>0</failedSince>
        </case>
        <case>
          <duration>0.005</duration>
          <className>com.cumulocity.alarm.service.impl.mapping.AlarmMappingServiceTest</className>
          <testName>shouldFindAlarmMappingOverwritingPriorityOnly</testName>
          <skipped>false</skipped>
          <failedSince>0</failedSince>
        </case>
        <case>
          <duration>0.0</duration>
          <className>com.cumulocity.alarm.service.impl.mapping.AlarmMappingServiceTest</className>
          <testName>shouldFindAlarmMappingOverwritingtTextOnly</testName>
          <skipped>false</skipped>
          <failedSince>0</failedSince>
        </case>
      </cases>
    </suite>
    <suite>
      <file>/var/jenkins_home/workspace/Cumulocity-Platform-Services-BUILD/application-management/application-management-rest/target/surefire-reports/TEST-com.cumulocity.application.rest.ApplicationManagementModuleTest.xml</file>
      <name>com.cumulocity.application.rest.ApplicationManagementModuleTest</name>
      <duration>2.703</duration>
      <time>2.703</time>
      <enclosingBlocks/>
      <enclosingBlockNames/>
      <cases>
        <case>
          <duration>1.979</duration>
          <className>com.cumulocity.application.rest.ApplicationManagementModuleTest</className>
          <testName>removeApplication_ShouldNotThrowException</testName>
          <skipped>false</skipped>
          <failedSince>0</failedSince>
        </case>
        <case>
          <duration>0.122</duration>
          <className>com.cumulocity.application.rest.ApplicationManagementModuleTest</className>
          <testName>getByApplicationId_ShouldNotThrowException</testName>
          <skipped>false</skipped>
          <failedSince>0</failedSince>
        </case>
        <case>
          <duration>0.045</duration>
          <className>com.cumulocity.application.rest.ApplicationManagementModuleTest</className>
          <testName>refreshApplication</testName>
          <skipped>false</skipped>
          <failedSince>0</failedSince>
        </case>
        <case>
          <duration>0.065</duration>
          <className>com.cumulocity.application.rest.ApplicationManagementModuleTest</className>
          <testName>updateApplication_ShouldNotThrowException</testName>
          <skipped>false</skipped>
          <failedSince>0</failedSince>
        </case>
        <case>
          <duration>0.053</duration>
          <className>com.cumulocity.application.rest.ApplicationManagementModuleTest</className>
          <testName>getByApplicationsByName_ShouldNotThrowException</testName>
          <skipped>false</skipped>
          <failedSince>0</failedSince>
        </case>
        <case>
          <duration>0.042</duration>
          <className>com.cumulocity.application.rest.ApplicationManagementModuleTest</className>
          <testName>getAllApplications_ShouldNotThrowException</testName>
          <skipped>false</skipped>
          <failedSince>0</failedSince>
        </case>
        <case>
          <duration>0.044</duration>
          <className>com.cumulocity.application.rest.ApplicationManagementModuleTest</className>
          <testName>getAllApplicationsWithQueryParams_ShouldNotThrowException</testName>
          <skipped>false</skipped>
          <failedSince>0</failedSince>
        </case>
        <case>
          <duration>0.043</duration>
          <className>com.cumulocity.application.rest.ApplicationManagementModuleTest</className>
          <testName>getAllApplicationsQueryByTypeAndNameAndTenant_ShouldNotThrowException</testName>
          <skipped>false</skipped>
          <failedSince>0</failedSince>
        </case>
        <case>
          <duration>0.046</duration>
          <className>com.cumulocity.application.rest.ApplicationManagementModuleTest</className>
          <testName>getAllApplicationsQueryByType_ShouldNotThrowException</testName>
          <skipped>false</skipped>
          <failedSince>0</failedSince>
        </case>
        <case>
          <duration>0.046</duration>
          <className>com.cumulocity.application.rest.ApplicationManagementModuleTest</className>
          <testName>shouldFindByTenantId</testName>
          <skipped>false</skipped>
          <failedSince>0</failedSince>
        </case>
        <case>
          <duration>0.049</duration>
          <className>com.cumulocity.application.rest.ApplicationManagementModuleTest</className>
          <testName>shouldFindByUser</testName>
          <skipped>false</skipped>
          <failedSince>0</failedSince>
        </case>
        <case>
          <duration>0.045</duration>
          <className>com.cumulocity.application.rest.ApplicationManagementModuleTest</className>
          <testName>shouldMapException</testName>
          <skipped>false</skipped>
          <failedSince>0</failedSince>
        </case>
        <case>
          <duration>0.047</duration>
          <className>com.cumulocity.application.rest.ApplicationManagementModuleTest</className>
          <testName>shouldGetAllPlugins</testName>
          <skipped>false</skipped>
          <failedSince>0</failedSince>
        </case>
        <case>
          <duration>0.04</duration>
          <className>com.cumulocity.application.rest.ApplicationManagementModuleTest</className>
          <testName>shouldGetPlugin</testName>
          <skipped>false</skipped>
          <failedSince>0</failedSince>
        </case>
      </cases>
    </suite>
    <suite>
      <file>/var/jenkins_home/workspace/Cumulocity-Platform-Services-BUILD/application-management/application-management-rest/target/surefire-reports/TEST-com.cumulocity.application.rest.ApplicationPathModuleTest.xml</file>
      <name>com.cumulocity.application.rest.ApplicationPathModuleTest</name>
      <duration>0.043</duration>
      <time>0.043</time>
      <enclosingBlocks/>
      <enclosingBlockNames/>
      <cases>
        <case>
          <duration>0.042</duration>
          <className>com.cumulocity.application.rest.ApplicationPathModuleTest</className>
          <testName>shouldReturnPublicAppPath</testName>
          <skipped>false</skipped>
          <failedSince>0</failedSince>
        </case>
      </cases>
    </suite>
    <suite>
      <file>/var/jenkins_home/workspace/Cumulocity-Platform-Services-BUILD/application-management/application-management-rest/target/surefire-reports/TEST-com.cumulocity.application.rest.BinaryApplicationContentModuleTest.xml</file>
      <name>com.cumulocity.application.rest.BinaryApplicationContentModuleTest</name>
      <duration>0.495</duration>
      <time>0.495</time>
      <enclosingBlocks/>
      <enclosingBlockNames/>
      <cases>
        <case>
          <duration>0.101</duration>
          <className>com.cumulocity.application.rest.BinaryApplicationContentModuleTest</className>
          <testName>mustUploadReturnRepresentationWithReplacedSelfLink</testName>
          <skipped>false</skipped>
          <failedSince>0</failedSince>
        </case>
        <case>
          <duration>0.037</duration>
          <className>com.cumulocity.application.rest.BinaryApplicationContentModuleTest</className>
          <testName>mustDeleteReturn404IfCannotFindDeletingBinary</testName>
          <skipped>false</skipped>
          <failedSince>0</failedSince>
        </case>
        <case>
          <duration>0.037</duration>
          <className>com.cumulocity.application.rest.BinaryApplicationContentModuleTest</className>
          <testName>mustReturn422IfTryDeleteActiveVersion</testName>
          <skipped>false</skipped>
          <failedSince>0</failedSince>
        </case>
        <case>
          <duration>0.036</duration>
          <className>com.cumulocity.application.rest.BinaryApplicationContentModuleTest</className>
          <testName>mustReturnBinaryFileForCorrectBinaryId</testName>
          <skipped>false</skipped>
          <failedSince>0</failedSince>
        </case>
        <case>
          <duration>0.0</duration>
          <className>com.cumulocity.application.rest.BinaryApplicationContentModuleTest</className>
          <testName>mustReturn422CodeIfWrongBinaryIdPass</testName>
          <skipped>true</skipped>
          <failedSince>0</failedSince>
        </case>
        <case>
          <duration>0.066</duration>
          <className>com.cumulocity.application.rest.BinaryApplicationContentModuleTest</className>
          <testName>mustReturnListOfAttachment</testName>
          <skipped>false</skipped>
          <failedSince>0</failedSince>
        </case>
        <case>
          <duration>0.051</duration>
          <className>com.cumulocity.application.rest.BinaryApplicationContentModuleTest</className>
          <testName>mustReturnApplicationOnListWithRemovedLink</testName>
          <skipped>false</skipped>
          <failedSince>0</failedSince>
        </case>
        <case>
          <duration>0.047</duration>
          <className>com.cumulocity.application.rest.BinaryApplicationContentModuleTest</className>
          <testName>mustReturnApplicationOnListWithLength</testName>
          <skipped>false</skipped>
          <failedSince>0</failedSince>
        </case>
        <case>
          <duration>0.041</duration>
          <className>com.cumulocity.application.rest.BinaryApplicationContentModuleTest</className>
          <testName>mustSuccessfullyUploadBinaryForApplication</testName>
          <skipped>false</skipped>
          <failedSince>0</failedSince>
        </case>
        <case>
          <duration>0.037</duration>
          <className>com.cumulocity.application.rest.BinaryApplicationContentModuleTest</className>
          <testName>mustReturn422IfFacadeThrowIOExceptionFromSaveAttachmentMethod</testName>
          <skipped>false</skipped>
          <failedSince>0</failedSince>
        </case>
        <case>
          <duration>0.036</duration>
          <className>com.cumulocity.application.rest.BinaryApplicationContentModuleTest</className>
          <testName>mustDeleteApplicationReturn204Code</testName>
          <skipped>false</skipped>
          <failedSince>0</failedSince>
        </case>
      </cases>
    </suite>
    <suite>
      <file>/var/jenkins_home/workspace/Cumulocity-Platform-Services-BUILD/application-management/application-management-rest/target/surefire-reports/TEST-com.cumulocity.application.rest.MicroserviceManagementModuleTest.xml</file>
      <name>com.cumulocity.application.rest.MicroserviceManagementModuleTest</name>
      <duration>0.055</duration>
      <time>0.055</time>
      <enclosingBlocks/>
      <enclosingBlockNames/>
      <cases>
        <case>
          <duration>0.053</duration>
          <className>com.cumulocity.application.rest.MicroserviceManagementModuleTest</className>
          <testName>shouldCreateApplication</testName>
          <skipped>false</skipped>
          <failedSince>0</failedSince>
        </case>
      </cases>
    </suite>
    <suite>
      <file>/var/jenkins_home/workspace/Cumulocity-Platform-Services-BUILD/application-management/application-management-rest/target/surefire-reports/TEST-com.cumulocity.application.rest.resource.ApplicationResourceTest.xml</file>
      <name>com.cumulocity.application.rest.resource.ApplicationResourceTest</name>
      <duration>3.603</duration>
      <time>3.603</time>
      <enclosingBlocks/>
      <enclosingBlockNames/>
      <cases>
        <case>
          <duration>3.327</duration>
          <className>com.cumulocity.application.rest.resource.ApplicationResourceTest</className>
          <testName>shouldReturnRepresentationOnGetApplication</testName>
          <skipped>false</skipped>
          <failedSince>0</failedSince>
        </case>
        <case>
          <duration>0.017</duration>
          <className>com.cumulocity.application.rest.resource.ApplicationResourceTest</className>
          <testName>deleteApplicationShouldBePassedToApplicationService</testName>
          <skipped>false</skipped>
          <failedSince>0</failedSince>
        </case>
        <case>
          <duration>0.009</duration>
          <className>com.cumulocity.application.rest.resource.ApplicationResourceTest</className>
          <testName>shouldThrowExceptionWhenTypeIsPassedToUpdateApplication</testName>
          <skipped>false</skipped>
          <failedSince>0</failedSince>
        </case>
        <case>
          <duration>0.014</duration>
          <className>com.cumulocity.application.rest.resource.ApplicationResourceTest</className>
          <testName>shouldThrowExceptionWhenUpdateMicroserviceNameIsNotCorrect</testName>
          <skipped>false</skipped>
          <failedSince>0</failedSince>
        </case>
        <case>
          <duration>0.011</duration>
          <className>com.cumulocity.application.rest.resource.ApplicationResourceTest</className>
          <testName>shouldUpdateApplication</testName>
          <skipped>false</skipped>
          <failedSince>0</failedSince>
        </case>
        <case>
          <duration>0.007</duration>
          <className>com.cumulocity.application.rest.resource.ApplicationResourceTest</className>
          <testName>shouldValidateContextPathOnUpdate</testName>
          <skipped>false</skipped>
          <failedSince>0</failedSince>
        </case>
        <case>
          <duration>0.009</duration>
          <className>com.cumulocity.application.rest.resource.ApplicationResourceTest</className>
          <testName>shouldCloneApplication</testName>
          <skipped>false</skipped>
          <failedSince>0</failedSince>
        </case>
        <case>
          <duration>0.045</duration>
          <className>com.cumulocity.application.rest.resource.ApplicationResourceTest</className>
          <testName>cloneShouldThrowExceptionIfCopyFailed</testName>
          <skipped>false</skipped>
          <failedSince>0</failedSince>
        </case>
        <case>
          <duration>0.007</duration>
          <className>com.cumulocity.application.rest.resource.ApplicationResourceTest</className>
          <testName>cloneShouldNotWorkIfCopyFailed</testName>
          <skipped>false</skipped>
          <failedSince>0</failedSince>
        </case>
        <case>
          <duration>0.007</duration>
          <className>com.cumulocity.application.rest.resource.ApplicationResourceTest</className>
          <testName>failToCreateBootstrapUserIfNotApplicationOwner</testName>
          <skipped>false</skipped>
          <failedSince>0</failedSince>
        </case>
        <case>
          <duration>0.007</duration>
          <className>com.cumulocity.application.rest.resource.ApplicationResourceTest</className>
          <testName>shouldCreateBootstrapUserForMicroserviceApp</testName>
          <skipped>false</skipped>
          <failedSince>0</failedSince>
        </case>
        <case>
          <duration>0.006</duration>
          <className>com.cumulocity.application.rest.resource.ApplicationResourceTest</className>
          <testName>shouldNotCreateBootstrapUserForNonMicroserviceApp</testName>
          <skipped>false</skipped>
          <failedSince>0</failedSince>
        </case>
      </cases>
    </suite>
    <suite>
      <file>/var/jenkins_home/workspace/Cumulocity-Platform-Services-BUILD/application-management/application-management-rest/target/surefire-reports/TEST-com.cumulocity.application.rest.resource.ApplicationResourcesNameValidationTest.xml</file>
      <name>com.cumulocity.application.rest.resource.ApplicationResourcesNameValidationTest</name>
      <duration>0.018</duration>
      <time>0.018</time>
      <enclosingBlocks/>
      <enclosingBlockNames/>
      <cases>
        <case>
          <duration>0.013</duration>
          <className>com.cumulocity.application.rest.resource.ApplicationResourcesNameValidationTest</className>
          <testName>testIfAnyNameIsAllowedForNonMicroserviceUpdate</testName>
          <skipped>false</skipped>
          <failedSince>0</failedSince>
        </case>
        <case>
          <duration>0.002</duration>
          <className>com.cumulocity.application.rest.resource.ApplicationResourcesNameValidationTest</className>
          <testName>testIfNameChangeIsNotAllowedForMicroserviceUpdate</testName>
          <skipped>false</skipped>
          <failedSince>0</failedSince>
        </case>
        <case>
          <duration>0.002</duration>
          <className>com.cumulocity.application.rest.resource.ApplicationResourcesNameValidationTest</className>
          <testName>testIfTheSameNameIsAllowedForMicroserviceUpdate</testName>
          <skipped>false</skipped>
          <failedSince>0</failedSince>
        </case>
      </cases>
    </suite>
    <suite>
      <file>/var/jenkins_home/workspace/Cumulocity-Platform-Services-BUILD/application-management/application-management-rest/target/surefire-reports/TEST-com.cumulocity.application.rest.resource.ApplicationResourcesTest.xml</file>
      <name>com.cumulocity.application.rest.resource.ApplicationResourcesTest</name>
      <duration>0.008</duration>
      <time>0.008</time>
      <enclosingBlocks/>
      <enclosingBlockNames/>
      <cases>
        <case>
          <duration>0.0</duration>
          <className>com.cumulocity.application.rest.resource.ApplicationResourcesTest</className>
          <testName>shouldMatchCorrectContextPaths[0]</testName>
          <skipped>false</skipped>
          <failedSince>0</failedSince>
        </case>
        <case>
          <duration>0.0</duration>
          <className>com.cumulocity.application.rest.resource.ApplicationResourcesTest</className>
          <testName>shouldMatchCorrectContextPaths[1]</testName>
          <skipped>false</skipped>
          <failedSince>0</failedSince>
        </case>
        <case>
          <duration>0.0</duration>
          <className>com.cumulocity.application.rest.resource.ApplicationResourcesTest</className>
          <testName>shouldMatchCorrectContextPaths[2]</testName>
          <skipped>false</skipped>
          <failedSince>0</failedSince>
        </case>
        <case>
          <duration>0.0</duration>
          <className>com.cumulocity.application.rest.resource.ApplicationResourcesTest</className>
          <testName>shouldMatchCorrectContextPaths[3]</testName>
          <skipped>false</skipped>
          <failedSince>0</failedSince>
        </case>
        <case>
          <duration>0.0</duration>
          <className>com.cumulocity.application.rest.resource.ApplicationResourcesTest</className>
          <testName>shouldMatchCorrectContextPaths[4]</testName>
          <skipped>false</skipped>
          <failedSince>0</failedSince>
        </case>
        <case>
          <duration>0.0</duration>
          <className>com.cumulocity.application.rest.resource.ApplicationResourcesTest</className>
          <testName>shouldMatchCorrectContextPaths[5]</testName>
          <skipped>false</skipped>
          <failedSince>0</failedSince>
        </case>
        <case>
          <duration>0.0</duration>
          <className>com.cumulocity.application.rest.resource.ApplicationResourcesTest</className>
          <testName>shouldMatchCorrectContextPaths[6]</testName>
          <skipped>false</skipped>
          <failedSince>0</failedSince>
        </case>
      </cases>
    </suite>
    <suite>
      <file>/var/jenkins_home/workspace/Cumulocity-Platform-Services-BUILD/application-management/application-management-rest/target/surefire-reports/TEST-com.cumulocity.application.rest.resource.BinaryApplicationContentResourceTest.xml</file>
      <name>com.cumulocity.application.rest.resource.BinaryApplicationContentResourceTest</name>
      <duration>0.108</duration>
      <time>0.108</time>
      <enclosingBlocks/>
      <enclosingBlockNames/>
      <cases>
        <case>
          <duration>0.076</duration>
          <className>com.cumulocity.application.rest.resource.BinaryApplicationContentResourceTest</className>
          <testName>shouldRejectRequestsWithNoFilesAttached</testName>
          <skipped>false</skipped>
          <failedSince>0</failedSince>
        </case>
        <case>
          <duration>0.006</duration>
          <className>com.cumulocity.application.rest.resource.BinaryApplicationContentResourceTest</className>
          <testName>shouldRejectRequestsWithTooBigFiles</testName>
          <skipped>false</skipped>
          <failedSince>0</failedSince>
        </case>
        <case>
          <duration>0.006</duration>
          <className>com.cumulocity.application.rest.resource.BinaryApplicationContentResourceTest</className>
          <testName>shouldRejectRequestsWhenNoUnpackPathSet</testName>
          <skipped>false</skipped>
          <failedSince>0</failedSince>
        </case>
        <case>
          <duration>0.016</duration>
          <className>com.cumulocity.application.rest.resource.BinaryApplicationContentResourceTest</className>
          <testName>shouldSaveAttachment</testName>
          <skipped>false</skipped>
          <failedSince>0</failedSince>
        </case>
      </cases>
    </suite>
    <suite>
      <file>/var/jenkins_home/workspace/Cumulocity-Platform-Services-BUILD/application-management/application-management-rest/target/surefire-reports/TEST-com.cumulocity.application.rest.resource.DefaultApplicationResourceTest.xml</file>
      <name>com.cumulocity.application.rest.resource.DefaultApplicationResourceTest</name>
      <duration>0.095</duration>
      <time>0.095</time>
      <enclosingBlocks/>
      <enclosingBlockNames/>
      <cases>
        <case>
          <duration>0.078</duration>
          <className>com.cumulocity.application.rest.resource.DefaultApplicationResourceTest</className>
          <testName>shouldReturnCockpitIfDefaultApplicationEmpty</testName>
          <skipped>false</skipped>
          <failedSince>0</failedSince>
        </case>
        <case>
          <duration>0.008</duration>
          <className>com.cumulocity.application.rest.resource.DefaultApplicationResourceTest</className>
          <testName>shouldReturnCockpitIfNoConfiguration</testName>
          <skipped>false</skipped>
          <failedSince>0</failedSince>
        </case>
        <case>
          <duration>0.0</duration>
          <className>com.cumulocity.application.rest.resource.DefaultApplicationResourceTest</className>
          <testName>shouldReturnCockpitIfAppNotHosted</testName>
          <skipped>false</skipped>
          <failedSince>0</failedSince>
        </case>
        <case>
          <duration>0.001</duration>
          <className>com.cumulocity.application.rest.resource.DefaultApplicationResourceTest</className>
          <testName>shouldReturnConfiguredApplicationPath</testName>
          <skipped>false</skipped>
          <failedSince>0</failedSince>
        </case>
        <case>
          <duration>0.001</duration>
          <className>com.cumulocity.application.rest.resource.DefaultApplicationResourceTest</className>
          <testName>uriWithUnderscoreInHostNameReturnsDefaultApp</testName>
          <skipped>false</skipped>
          <failedSince>0</failedSince>
        </case>
      </cases>
    </suite>
    <suite>
      <file>/var/jenkins_home/workspace/Cumulocity-Platform-Services-BUILD/application-management/application-management-rest/target/surefire-reports/TEST-com.cumulocity.application.rest.resource.MicroserviceApplicationContentResourceTest.xml</file>
      <name>com.cumulocity.application.rest.resource.MicroserviceApplicationContentResourceTest</name>
      <duration>0.105</duration>
      <time>0.105</time>
      <enclosingBlocks/>
      <enclosingBlockNames/>
      <cases>
        <case>
          <duration>0.032</duration>
          <className>com.cumulocity.application.rest.resource.MicroserviceApplicationContentResourceTest</className>
          <testName>shouldValidateFilesInPackage</testName>
          <skipped>false</skipped>
          <failedSince>0</failedSince>
        </case>
        <case>
          <duration>0.072</duration>
          <className>com.cumulocity.application.rest.resource.MicroserviceApplicationContentResourceTest</className>
          <testName>shouldDeployPackage</testName>
          <skipped>false</skipped>
          <failedSince>0</failedSince>
        </case>
      </cases>
    </suite>
    <suite>
      <file>/var/jenkins_home/workspace/Cumulocity-Platform-Services-BUILD/application-management/application-management-rest/target/surefire-reports/TEST-com.cumulocity.application.rest.resource.api.ApplicationManagementApiResourceTest.xml</file>
      <name>com.cumulocity.application.rest.resource.api.ApplicationManagementApiResourceTest</name>
      <duration>0.01</duration>
      <time>0.01</time>
      <enclosingBlocks/>
      <enclosingBlockNames/>
      <cases>
        <case>
          <duration>0.009</duration>
          <className>com.cumulocity.application.rest.resource.api.ApplicationManagementApiResourceTest</className>
          <testName>getReturnsPredefinedApplicationApiRepresentation</testName>
          <skipped>false</skipped>
          <failedSince>0</failedSince>
        </case>
      </cases>
    </suite>
    <suite>
      <file>/var/jenkins_home/workspace/Cumulocity-Platform-Services-BUILD/application-management/application-management-rest/target/surefire-reports/TEST-com.cumulocity.application.rest.resource.collection.ApplicationRequiredFieldsOnPostValidationTest.xml</file>
      <name>com.cumulocity.application.rest.resource.collection.ApplicationRequiredFieldsOnPostValidationTest</name>
      <duration>0.002</duration>
      <time>0.002</time>
      <enclosingBlocks/>
      <enclosingBlockNames/>
      <cases>
        <case>
          <duration>0.001</duration>
          <className>com.cumulocity.application.rest.resource.collection.ApplicationRequiredFieldsOnPostValidationTest</className>
          <testName>shouldNotThrowExceptionWhenUsernameAndPasswordAreMissing</testName>
          <skipped>false</skipped>
          <failedSince>0</failedSince>
        </case>
      </cases>
    </suite>
    <suite>
      <file>/var/jenkins_home/workspace/Cumulocity-Platform-Services-BUILD/application-management/application-management-rest/target/surefire-reports/TEST-com.cumulocity.application.rest.resource.collection.ApplicationsByOwnerCollectionResourceTest.xml</file>
      <name>com.cumulocity.application.rest.resource.collection.ApplicationsByOwnerCollectionResourceTest</name>
      <duration>0.022</duration>
      <time>0.022</time>
      <enclosingBlocks/>
      <enclosingBlockNames/>
      <cases>
        <case>
          <duration>0.021</duration>
          <className>com.cumulocity.application.rest.resource.collection.ApplicationsByOwnerCollectionResourceTest</className>
          <testName>shouldSearchApplicationByOwner</testName>
          <skipped>false</skipped>
          <failedSince>0</failedSince>
        </case>
      </cases>
    </suite>
    <suite>
      <file>/var/jenkins_home/workspace/Cumulocity-Platform-Services-BUILD/application-management/application-management-rest/target/surefire-reports/TEST-com.cumulocity.application.rest.resource.collection.ApplicationsByUserCollectionResourceTest.xml</file>
      <name>com.cumulocity.application.rest.resource.collection.ApplicationsByUserCollectionResourceTest</name>
      <duration>0.025</duration>
      <time>0.025</time>
      <enclosingBlocks/>
      <enclosingBlockNames/>
      <cases>
        <case>
          <duration>0.024</duration>
          <className>com.cumulocity.application.rest.resource.collection.ApplicationsByUserCollectionResourceTest</className>
          <testName>shouldNoDropOwnApps</testName>
          <skipped>false</skipped>
          <failedSince>0</failedSince>
        </case>
        <case>
          <duration>0.001</duration>
          <className>com.cumulocity.application.rest.resource.collection.ApplicationsByUserCollectionResourceTest</className>
          <testName>shouldDropOverwrittenApps</testName>
          <skipped>false</skipped>
          <failedSince>0</failedSince>
        </case>
      </cases>
    </suite>
    <suite>
      <file>/var/jenkins_home/workspace/Cumulocity-Platform-Services-BUILD/application-management/application-management-rest/target/surefire-reports/TEST-com.cumulocity.application.rest.resource.collection.PostableApplicationCollectionResourceTest.xml</file>
      <name>com.cumulocity.application.rest.resource.collection.PostableApplicationCollectionResourceTest</name>
      <duration>0.016</duration>
      <time>0.016</time>
      <enclosingBlocks/>
      <enclosingBlockNames/>
      <cases>
        <case>
          <duration>0.003</duration>
          <className>com.cumulocity.application.rest.resource.collection.PostableApplicationCollectionResourceTest</className>
          <testName>testPostWithoutApplicationKeyShouldThrow422</testName>
          <skipped>false</skipped>
          <failedSince>0</failedSince>
        </case>
        <case>
          <duration>0.002</duration>
          <className>com.cumulocity.application.rest.resource.collection.PostableApplicationCollectionResourceTest</className>
          <testName>shouldThrowExceptionWhenWrongCharactersInContextPath</testName>
          <skipped>false</skipped>
          <failedSince>0</failedSince>
        </case>
        <case>
          <duration>0.002</duration>
          <className>com.cumulocity.application.rest.resource.collection.PostableApplicationCollectionResourceTest</className>
          <testName>testPostWithoutApplicationNameShouldThrow422</testName>
          <skipped>false</skipped>
          <failedSince>0</failedSince>
        </case>
        <case>
          <duration>0.009</duration>
          <className>com.cumulocity.application.rest.resource.collection.PostableApplicationCollectionResourceTest</className>
          <testName>postShouldInvokeApplicationServiceAndReturnNewApplicationWithoutKey</testName>
          <skipped>false</skipped>
          <failedSince>0</failedSince>
        </case>
      </cases>
    </suite>
    <suite>
      <file>/var/jenkins_home/workspace/Cumulocity-Platform-Services-BUILD/application-management/application-management-rest/target/surefire-reports/TEST-com.cumulocity.application.rest.resource.collection.RequiredFieldsOnPostValidationTest.xml</file>
      <name>com.cumulocity.application.rest.resource.collection.RequiredFieldsOnPostValidationTest</name>
      <duration>0.023</duration>
      <time>0.023</time>
      <enclosingBlocks/>
      <enclosingBlockNames/>
      <cases>
        <case>
          <duration>0.012</duration>
          <className>com.cumulocity.application.rest.resource.collection.RequiredFieldsOnPostValidationTest</className>
          <testName>shouldThrowExceptionWhenNoRequiredField</testName>
          <skipped>false</skipped>
          <failedSince>0</failedSince>
        </case>
        <case>
          <duration>0.001</duration>
          <className>com.cumulocity.application.rest.resource.collection.RequiredFieldsOnPostValidationTest</className>
          <testName>shouldThrowExceptionWhenDotInMicroserviceAppName</testName>
          <skipped>false</skipped>
          <failedSince>0</failedSince>
        </case>
        <case>
          <duration>0.001</duration>
          <className>com.cumulocity.application.rest.resource.collection.RequiredFieldsOnPostValidationTest</className>
          <testName>shouldThrowExceptionWhenCapitalLetterInMicroserviceAppName</testName>
          <skipped>false</skipped>
          <failedSince>0</failedSince>
        </case>
        <case>
          <duration>0.0</duration>
          <className>com.cumulocity.application.rest.resource.collection.RequiredFieldsOnPostValidationTest</className>
          <testName>shouldThrowExceptionWhenLengthExceededInMicroserviceAppName</testName>
          <skipped>false</skipped>
          <failedSince>0</failedSince>
        </case>
        <case>
          <duration>0.007</duration>
          <className>com.cumulocity.application.rest.resource.collection.RequiredFieldsOnPostValidationTest</className>
          <testName>shouldNotThrowExceptionWhenCorrectMicroserviceAppName</testName>
          <skipped>false</skipped>
          <failedSince>0</failedSince>
        </case>
      </cases>
    </suite>
    <suite>
      <file>/var/jenkins_home/workspace/Cumulocity-Platform-Services-BUILD/application-management/application-management-service/target/surefire-reports/TEST-com.cumulocity.application.initialize.ApplicationInitializerTest.xml</file>
      <name>com.cumulocity.application.initialize.ApplicationInitializerTest</name>
      <duration>0.015</duration>
      <time>0.015</time>
      <enclosingBlocks/>
      <enclosingBlockNames/>
      <cases>
        <case>
          <duration>0.001</duration>
          <className>com.cumulocity.application.initialize.ApplicationInitializerTest</className>
          <testName>mustForNotDefaultTenantDoNoting</testName>
          <skipped>false</skipped>
          <failedSince>0</failedSince>
        </case>
        <case>
          <duration>0.012</duration>
          <className>com.cumulocity.application.initialize.ApplicationInitializerTest</className>
          <testName>mustRunOnlyForOneHostedAndLocalApplication</testName>
          <skipped>false</skipped>
          <failedSince>0</failedSince>
        </case>
        <case>
          <duration>0.001</duration>
          <className>com.cumulocity.application.initialize.ApplicationInitializerTest</className>
          <testName>mustNotBlowupApplicationWhenRefreshThrowException</testName>
          <skipped>false</skipped>
          <failedSince>0</failedSince>
        </case>
        <case>
          <duration>0.0</duration>
          <className>com.cumulocity.application.initialize.ApplicationInitializerTest</className>
          <testName>mustBlowupApplicationWhenRepositoryThrowException</testName>
          <skipped>false</skipped>
          <failedSince>0</failedSince>
        </case>
        <case>
          <duration>0.001</duration>
          <className>com.cumulocity.application.initialize.ApplicationInitializerTest</className>
          <testName>mustCorrectRegisterTaskOnApplicationEvent</testName>
          <skipped>false</skipped>
          <failedSince>0</failedSince>
        </case>
      </cases>
    </suite>
    <suite>
      <file>/var/jenkins_home/workspace/Cumulocity-Platform-Services-BUILD/application-management/application-management-service/target/surefire-reports/TEST-com.cumulocity.application.service.ApplicationServiceModuleTest.xml</file>
      <name>com.cumulocity.application.service.ApplicationServiceModuleTest</name>
      <duration>1.052</duration>
      <time>1.052</time>
      <enclosingBlocks/>
      <enclosingBlockNames/>
      <cases>
        <case>
          <duration>0.955</duration>
          <className>com.cumulocity.application.service.ApplicationServiceModuleTest</className>
          <testName>shouldFindOne</testName>
          <skipped>false</skipped>
          <failedSince>0</failedSince>
        </case>
        <case>
          <duration>0.006</duration>
          <className>com.cumulocity.application.service.ApplicationServiceModuleTest</className>
          <testName>shouldInvokeRealtimeBroadcasterWhenCreating</testName>
          <skipped>false</skipped>
          <failedSince>0</failedSince>
        </case>
        <case>
          <duration>0.005</duration>
          <className>com.cumulocity.application.service.ApplicationServiceModuleTest</className>
          <testName>shouldSendNotificationWhenUpdating</testName>
          <skipped>false</skipped>
          <failedSince>0</failedSince>
        </case>
        <case>
          <duration>0.005</duration>
          <className>com.cumulocity.application.service.ApplicationServiceModuleTest</className>
          <testName>shouldSendNotificationWhenDeleting</testName>
          <skipped>false</skipped>
          <failedSince>0</failedSince>
        </case>
        <case>
          <duration>0.005</duration>
          <className>com.cumulocity.application.service.ApplicationServiceModuleTest</className>
          <testName>shouldClearSubscriptionCacheIfSignificantlyChangeMicroservice</testName>
          <skipped>false</skipped>
          <failedSince>0</failedSince>
        </case>
        <case>
          <duration>0.005</duration>
          <className>com.cumulocity.application.service.ApplicationServiceModuleTest</className>
          <testName>shouldNotClearSubscriptionCacheIfInsignificantlyChangeMicroservice</testName>
          <skipped>false</skipped>
          <failedSince>0</failedSince>
        </case>
      </cases>
    </suite>
    <suite>
      <file>/var/jenkins_home/workspace/Cumulocity-Platform-Services-BUILD/application-management/application-management-service/target/surefire-reports/TEST-com.cumulocity.application.service.impl.ApplicationInstallationCommandTest.xml</file>
      <name>com.cumulocity.application.service.impl.ApplicationInstallationCommandTest</name>
      <duration>0.086</duration>
      <time>0.086</time>
      <enclosingBlocks/>
      <enclosingBlockNames/>
      <cases>
        <case>
          <duration>0.066</duration>
          <className>com.cumulocity.application.service.impl.ApplicationInstallationCommandTest</className>
          <testName>correctlyInstallApplications</testName>
          <skipped>false</skipped>
          <failedSince>0</failedSince>
        </case>
        <case>
          <duration>0.019</duration>
          <className>com.cumulocity.application.service.impl.ApplicationInstallationCommandTest</className>
          <testName>partiallyInstallApplications</testName>
          <skipped>false</skipped>
          <failedSince>0</failedSince>
        </case>
      </cases>
    </suite>
    <suite>
      <file>/var/jenkins_home/workspace/Cumulocity-Platform-Services-BUILD/application-management/application-management-service/target/surefire-reports/TEST-com.cumulocity.application.service.impl.ApplicationResourceResolverTest.xml</file>
      <name>com.cumulocity.application.service.impl.ApplicationResourceResolverTest</name>
      <duration>0.144</duration>
      <time>0.144</time>
      <enclosingBlocks/>
      <enclosingBlockNames/>
      <cases>
        <case>
          <duration>0.109</duration>
          <className>com.cumulocity.application.service.impl.ApplicationResourceResolverTest</className>
          <testName>getApplicationResourcePathForPrivateLocalApplication</testName>
          <skipped>false</skipped>
          <failedSince>0</failedSince>
        </case>
        <case>
          <duration>0.003</duration>
          <className>com.cumulocity.application.service.impl.ApplicationResourceResolverTest</className>
          <testName>getApplicationResourcePathForPrivateLocalApplicationWithAuthHeader</testName>
          <skipped>false</skipped>
          <failedSince>0</failedSince>
        </case>
        <case>
          <duration>0.003</duration>
          <className>com.cumulocity.application.service.impl.ApplicationResourceResolverTest</className>
          <testName>getApplicationResourcePathForPrivateRemoteApplication</testName>
          <skipped>false</skipped>
          <failedSince>0</failedSince>
        </case>
        <case>
          <duration>0.002</duration>
          <className>com.cumulocity.application.service.impl.ApplicationResourceResolverTest</className>
          <testName>getApplicationResourcePathForPrivateRemoteApplicationWithAuthHeader</testName>
          <skipped>false</skipped>
          <failedSince>0</failedSince>
        </case>
        <case>
          <duration>0.002</duration>
          <className>com.cumulocity.application.service.impl.ApplicationResourceResolverTest</className>
          <testName>getApplicationResourcePathForManagementTenantIfThereIsNoTenantForDomain</testName>
          <skipped>false</skipped>
          <failedSince>0</failedSince>
        </case>
        <case>
          <duration>0.002</duration>
          <className>com.cumulocity.application.service.impl.ApplicationResourceResolverTest</className>
          <testName>getApplicationResourcePathForPublicApplicationIfThereIsNoPrivateOne</testName>
          <skipped>false</skipped>
          <failedSince>0</failedSince>
        </case>
        <case>
          <duration>0.002</duration>
          <className>com.cumulocity.application.service.impl.ApplicationResourceResolverTest</className>
          <testName>getApplicationResourcePathForPublicApplicationIfThereIsPublicRequest</testName>
          <skipped>false</skipped>
          <failedSince>0</failedSince>
        </case>
        <case>
          <duration>0.006</duration>
          <className>com.cumulocity.application.service.impl.ApplicationResourceResolverTest</className>
          <testName>getApplicationResourcePathThrowExceptionIfThereIsNoApplication</testName>
          <skipped>false</skipped>
          <failedSince>0</failedSince>
        </case>
        <case>
          <duration>0.002</duration>
          <className>com.cumulocity.application.service.impl.ApplicationResourceResolverTest</className>
          <testName>getApplicationResourcePathForPrivateLocalApplicationWithAuthHeaderAndWithoutResourcePart</testName>
          <skipped>false</skipped>
          <failedSince>0</failedSince>
        </case>
      </cases>
    </suite>
    <suite>
      <file>/var/jenkins_home/workspace/Cumulocity-Platform-Services-BUILD/application-management/application-management-service/target/surefire-reports/TEST-com.cumulocity.application.service.impl.ApplicationResourceUriTest.xml</file>
      <name>com.cumulocity.application.service.impl.ApplicationResourceUriTest</name>
      <duration>0.03</duration>
      <time>0.03</time>
      <enclosingBlocks/>
      <enclosingBlockNames/>
      <cases>
        <case>
          <duration>0.02</duration>
          <className>com.cumulocity.application.service.impl.ApplicationResourceUriTest</className>
          <testName>shouldNotRaiseExceptionIfUriHaveCorrectLength</testName>
          <skipped>false</skipped>
          <failedSince>0</failedSince>
        </case>
        <case>
          <duration>0.008</duration>
          <className>com.cumulocity.application.service.impl.ApplicationResourceUriTest</className>
          <testName>shouldExtractUriPartsForPublicApp</testName>
          <skipped>false</skipped>
          <failedSince>0</failedSince>
        </case>
        <case>
          <duration>0.0</duration>
          <className>com.cumulocity.application.service.impl.ApplicationResourceUriTest</className>
          <testName>shouldRaiseExceptionIfUriTooShort</testName>
          <skipped>false</skipped>
          <failedSince>0</failedSince>
        </case>
        <case>
          <duration>0.001</duration>
          <className>com.cumulocity.application.service.impl.ApplicationResourceUriTest</className>
          <testName>shouldExtractUriPartsForPrivateApp</testName>
          <skipped>false</skipped>
          <failedSince>0</failedSince>
        </case>
      </cases>
    </suite>
    <suite>
      <file>/var/jenkins_home/workspace/Cumulocity-Platform-Services-BUILD/application-management/application-management-service/target/surefire-reports/TEST-com.cumulocity.application.service.impl.ApplicationServiceImplTest.xml</file>
      <name>com.cumulocity.application.service.impl.ApplicationServiceImplTest</name>
      <duration>0.262</duration>
      <time>0.262</time>
      <enclosingBlocks/>
      <enclosingBlockNames/>
      <cases>
        <case>
          <duration>0.103</duration>
          <className>com.cumulocity.application.service.impl.ApplicationServiceImplTest</className>
          <testName>findOneShouldRethrowFromRepository</testName>
          <skipped>false</skipped>
          <failedSince>0</failedSince>
        </case>
        <case>
          <duration>0.002</duration>
          <className>com.cumulocity.application.service.impl.ApplicationServiceImplTest</className>
          <testName>findOneShouldReturn</testName>
          <skipped>false</skipped>
          <failedSince>0</failedSince>
        </case>
        <case>
          <duration>0.02</duration>
          <className>com.cumulocity.application.service.impl.ApplicationServiceImplTest</className>
          <testName>findAllShouldReturn</testName>
          <skipped>false</skipped>
          <failedSince>0</failedSince>
        </case>
        <case>
          <duration>0.002</duration>
          <className>com.cumulocity.application.service.impl.ApplicationServiceImplTest</className>
          <testName>findAllShouldRethrowFromRepository</testName>
          <skipped>false</skipped>
          <failedSince>0</failedSince>
        </case>
        <case>
          <duration>0.006</duration>
          <className>com.cumulocity.application.service.impl.ApplicationServiceImplTest</className>
          <testName>createShouldFillInAvailability</testName>
          <skipped>false</skipped>
          <failedSince>0</failedSince>
        </case>
        <case>
          <duration>0.002</duration>
          <className>com.cumulocity.application.service.impl.ApplicationServiceImplTest</className>
          <testName>createShouldNotOverrideAvailabilityIfDefaultTenant</testName>
          <skipped>false</skipped>
          <failedSince>0</failedSince>
        </case>
        <case>
          <duration>0.002</duration>
          <className>com.cumulocity.application.service.impl.ApplicationServiceImplTest</className>
          <testName>createShouldOverrideAvailabilityIfNotDefaultTenant</testName>
          <skipped>false</skipped>
          <failedSince>0</failedSince>
        </case>
        <case>
          <duration>0.002</duration>
          <className>com.cumulocity.application.service.impl.ApplicationServiceImplTest</className>
          <testName>createShouldFillInOwner</testName>
          <skipped>false</skipped>
          <failedSince>0</failedSince>
        </case>
        <case>
          <duration>0.006</duration>
          <className>com.cumulocity.application.service.impl.ApplicationServiceImplTest</className>
          <testName>copyShouldFillInOwner</testName>
          <skipped>false</skipped>
          <failedSince>0</failedSince>
        </case>
        <case>
          <duration>0.003</duration>
          <className>com.cumulocity.application.service.impl.ApplicationServiceImplTest</className>
          <testName>copyShouldSetContextPathForHostedApplication</testName>
          <skipped>false</skipped>
          <failedSince>0</failedSince>
        </case>
        <case>
          <duration>0.002</duration>
          <className>com.cumulocity.application.service.impl.ApplicationServiceImplTest</className>
          <testName>createShouldNotOverrideOwner</testName>
          <skipped>false</skipped>
          <failedSince>0</failedSince>
        </case>
        <case>
          <duration>0.002</duration>
          <className>com.cumulocity.application.service.impl.ApplicationServiceImplTest</className>
          <testName>createShouldRethrowFromRepository</testName>
          <skipped>false</skipped>
          <failedSince>0</failedSince>
        </case>
        <case>
          <duration>0.001</duration>
          <className>com.cumulocity.application.service.impl.ApplicationServiceImplTest</className>
          <testName>createShouldThrowIfApplicationAlreadyExistsByNameAndOwner</testName>
          <skipped>false</skipped>
          <failedSince>0</failedSince>
        </case>
        <case>
          <duration>0.002</duration>
          <className>com.cumulocity.application.service.impl.ApplicationServiceImplTest</className>
          <testName>createShouldThrowIfApplicationAlreadyExistsByKeyAndOwner</testName>
          <skipped>false</skipped>
          <failedSince>0</failedSince>
        </case>
        <case>
          <duration>0.001</duration>
          <className>com.cumulocity.application.service.impl.ApplicationServiceImplTest</className>
          <testName>createShouldThrowIfMarketHostedApplicationAlreadyExistsByContextPathAndOwner</testName>
          <skipped>false</skipped>
          <failedSince>0</failedSince>
        </case>
        <case>
          <duration>0.019</duration>
          <className>com.cumulocity.application.service.impl.ApplicationServiceImplTest</className>
          <testName>updateShouldReturnApplication</testName>
          <skipped>false</skipped>
          <failedSince>0</failedSince>
        </case>
        <case>
          <duration>0.002</duration>
          <className>com.cumulocity.application.service.impl.ApplicationServiceImplTest</className>
          <testName>shouldUpdateNonNullFieldsInMicroserviceApplication</testName>
          <skipped>false</skipped>
          <failedSince>0</failedSince>
        </case>
        <case>
          <duration>0.002</duration>
          <className>com.cumulocity.application.service.impl.ApplicationServiceImplTest</className>
          <testName>updateShouldRethrowFromRepository</testName>
          <skipped>false</skipped>
          <failedSince>0</failedSince>
        </case>
        <case>
          <duration>0.002</duration>
          <className>com.cumulocity.application.service.impl.ApplicationServiceImplTest</className>
          <testName>updateShouldThrowIfTenantNotAppOwner</testName>
          <skipped>false</skipped>
          <failedSince>0</failedSince>
        </case>
        <case>
          <duration>0.002</duration>
          <className>com.cumulocity.application.service.impl.ApplicationServiceImplTest</className>
          <testName>updateShouldNotifyListenersOnUpdate</testName>
          <skipped>false</skipped>
          <failedSince>0</failedSince>
        </case>
        <case>
          <duration>0.001</duration>
          <className>com.cumulocity.application.service.impl.ApplicationServiceImplTest</className>
          <testName>deletePluginFromActiveApplicationShouldThrowIfTenantNotAppOwner</testName>
          <skipped>false</skipped>
          <failedSince>0</failedSince>
        </case>
        <case>
          <duration>0.002</duration>
          <className>com.cumulocity.application.service.impl.ApplicationServiceImplTest</className>
          <testName>updatePluginInActiveApplicationShouldThrowIfTenantNotAppOwner</testName>
          <skipped>false</skipped>
          <failedSince>0</failedSince>
        </case>
        <case>
          <duration>0.001</duration>
          <className>com.cumulocity.application.service.impl.ApplicationServiceImplTest</className>
          <testName>updateFilesInActiveApplicationShouldThrowIfTenantNotAppOwner</testName>
          <skipped>false</skipped>
          <failedSince>0</failedSince>
        </case>
        <case>
          <duration>0.002</duration>
          <className>com.cumulocity.application.service.impl.ApplicationServiceImplTest</className>
          <testName>deleteShouldThrowIfTenantNotAppOwner</testName>
          <skipped>false</skipped>
          <failedSince>0</failedSince>
        </case>
        <case>
          <duration>0.002</duration>
          <className>com.cumulocity.application.service.impl.ApplicationServiceImplTest</className>
          <testName>deleteShouldThrowIfApplicationIsAssignedToNotAnOwnerTenant</testName>
          <skipped>false</skipped>
          <failedSince>0</failedSince>
        </case>
        <case>
          <duration>0.002</duration>
          <className>com.cumulocity.application.service.impl.ApplicationServiceImplTest</className>
          <testName>deleteShouldThrowIfApplicationIsAssignedToMoreThanOneTenant</testName>
          <skipped>false</skipped>
          <failedSince>0</failedSince>
        </case>
        <case>
          <duration>0.001</duration>
          <className>com.cumulocity.application.service.impl.ApplicationServiceImplTest</className>
          <testName>deleteShouldRethrowFromRepository</testName>
          <skipped>false</skipped>
          <failedSince>0</failedSince>
        </case>
        <case>
          <duration>0.003</duration>
          <className>com.cumulocity.application.service.impl.ApplicationServiceImplTest</className>
          <testName>deleteShouldRemoveApplicationFromTenantIfAssignedOnlyToOwnerTenant</testName>
          <skipped>false</skipped>
          <failedSince>0</failedSince>
        </case>
        <case>
          <duration>0.002</duration>
          <className>com.cumulocity.application.service.impl.ApplicationServiceImplTest</className>
          <testName>mustNotUpdateResourceUrlDuringCreation</testName>
          <skipped>false</skipped>
          <failedSince>0</failedSince>
        </case>
        <case>
          <duration>0.002</duration>
          <className>com.cumulocity.application.service.impl.ApplicationServiceImplTest</className>
          <testName>mustUpdateResourceUrlDuringUpdate</testName>
          <skipped>false</skipped>
          <failedSince>0</failedSince>
        </case>
        <case>
          <duration>0.002</duration>
          <className>com.cumulocity.application.service.impl.ApplicationServiceImplTest</className>
          <testName>mustUpdateResourceUrlDoThisCorrectly</testName>
          <skipped>false</skipped>
          <failedSince>0</failedSince>
        </case>
        <case>
          <duration>0.002</duration>
          <className>com.cumulocity.application.service.impl.ApplicationServiceImplTest</className>
          <testName>deleteHostedApplicationMustClearBinaries</testName>
          <skipped>false</skipped>
          <failedSince>0</failedSince>
        </case>
        <case>
          <duration>0.011</duration>
          <className>com.cumulocity.application.service.impl.ApplicationServiceImplTest</className>
          <testName>shouldCloneHostedApplication</testName>
          <skipped>false</skipped>
          <failedSince>0</failedSince>
        </case>
        <case>
          <duration>0.002</duration>
          <className>com.cumulocity.application.service.impl.ApplicationServiceImplTest</className>
          <testName>shouldCallBootstrapUser</testName>
          <skipped>false</skipped>
          <failedSince>0</failedSince>
        </case>
        <case>
          <duration>0.001</duration>
          <className>com.cumulocity.application.service.impl.ApplicationServiceImplTest</className>
          <testName>getTrueIfApplicationOwnerContext</testName>
          <skipped>false</skipped>
          <failedSince>0</failedSince>
        </case>
        <case>
          <duration>0.001</duration>
          <className>com.cumulocity.application.service.impl.ApplicationServiceImplTest</className>
          <testName>getFalseIfNotApplicationOwnerContext</testName>
          <skipped>false</skipped>
          <failedSince>0</failedSince>
        </case>
        <case>
          <duration>0.011</duration>
          <className>com.cumulocity.application.service.impl.ApplicationServiceImplTest</className>
          <testName>shouldFindApplicationForBootstrapUserViaOwnerTenant</testName>
          <skipped>false</skipped>
          <failedSince>0</failedSince>
        </case>
        <case>
          <duration>0.002</duration>
          <className>com.cumulocity.application.service.impl.ApplicationServiceImplTest</className>
          <testName>shouldFindApplicationForBootstrapUserViaSubscribedTenant</testName>
          <skipped>false</skipped>
          <failedSince>0</failedSince>
        </case>
        <case>
          <duration>0.004</duration>
          <className>com.cumulocity.application.service.impl.ApplicationServiceImplTest</className>
          <testName>shouldFindApplicationSubscriptionsByBootstrapUserWhenApplicationIsMicroserviceWithoutManifest</testName>
          <skipped>false</skipped>
          <failedSince>0</failedSince>
        </case>
        <case>
          <duration>0.002</duration>
          <className>com.cumulocity.application.service.impl.ApplicationServiceImplTest</className>
          <testName>shouldFindApplicationSubscriptionsByBootstrapUserWhenApplicationIsMicroserviceWithMultiTenantIsolation</testName>
          <skipped>false</skipped>
          <failedSince>0</failedSince>
        </case>
        <case>
          <duration>0.002</duration>
          <className>com.cumulocity.application.service.impl.ApplicationServiceImplTest</className>
          <testName>shouldFindApplicationSubscriptionsByBootstrapUserWhenApplicationIsMicroserviceWithPerTenantIsolation</testName>
          <skipped>false</skipped>
          <failedSince>0</failedSince>
        </case>
        <case>
          <duration>0.002</duration>
          <className>com.cumulocity.application.service.impl.ApplicationServiceImplTest</className>
          <testName>updateNonNullFieldsShouldUpdateActiveVersion</testName>
          <skipped>false</skipped>
          <failedSince>0</failedSince>
        </case>
      </cases>
    </suite>
    <suite>
      <file>/var/jenkins_home/workspace/Cumulocity-Platform-Services-BUILD/application-management/application-management-service/target/surefire-reports/TEST-com.cumulocity.application.service.impl.ComponentAutomaticInstallerTest.xml</file>
      <name>com.cumulocity.application.service.impl.ComponentAutomaticInstallerTest</name>
      <duration>2.123</duration>
      <time>2.123</time>
      <enclosingBlocks/>
      <enclosingBlockNames/>
      <cases>
        <case>
          <duration>0.578</duration>
          <className>com.cumulocity.application.service.impl.ComponentAutomaticInstallerTest</className>
          <testName>shouldRunInstallationCommandIfNewZipFilePresentInInstallationDir</testName>
          <skipped>false</skipped>
          <failedSince>0</failedSince>
        </case>
        <case>
          <duration>0.505</duration>
          <className>com.cumulocity.application.service.impl.ComponentAutomaticInstallerTest</className>
          <testName>shouldRunInstallationCommandForZipFilesPresentInInstallationDirectory</testName>
          <skipped>false</skipped>
          <failedSince>0</failedSince>
        </case>
        <case>
          <duration>0.527</duration>
          <className>com.cumulocity.application.service.impl.ComponentAutomaticInstallerTest</className>
          <testName>shouldMarkIfInstallationThrewException</testName>
          <skipped>false</skipped>
          <failedSince>0</failedSince>
        </case>
        <case>
          <duration>0.507</duration>
          <className>com.cumulocity.application.service.impl.ComponentAutomaticInstallerTest</className>
          <testName>shouldMarkIfInstallationSucceeded</testName>
          <skipped>false</skipped>
          <failedSince>0</failedSince>
        </case>
      </cases>
    </suite>
    <suite>
      <file>/var/jenkins_home/workspace/Cumulocity-Platform-Services-BUILD/application-management/application-management-service/target/surefire-reports/TEST-com.cumulocity.application.service.impl.DeleteApplicationHandlerImplTest.xml</file>
      <name>com.cumulocity.application.service.impl.DeleteApplicationHandlerImplTest</name>
      <duration>0.026</duration>
      <time>0.026</time>
      <enclosingBlocks/>
      <enclosingBlockNames/>
      <cases>
        <case>
          <duration>0.012</duration>
          <className>com.cumulocity.application.service.impl.DeleteApplicationHandlerImplTest</className>
          <testName>mustCorrectRegisterHandler</testName>
          <skipped>false</skipped>
          <failedSince>0</failedSince>
        </case>
        <case>
          <duration>0.014</duration>
          <className>com.cumulocity.application.service.impl.DeleteApplicationHandlerImplTest</className>
          <testName>mustCorrectHandleDeletionWholeApplication</testName>
          <skipped>false</skipped>
          <failedSince>0</failedSince>
        </case>
      </cases>
    </suite>
    <suite>
      <file>/var/jenkins_home/workspace/Cumulocity-Platform-Services-BUILD/application-management/application-management-service/target/surefire-reports/TEST-com.cumulocity.application.service.impl.ManifestServiceTest.xml</file>
      <name>com.cumulocity.application.service.impl.ManifestServiceTest</name>
      <duration>0.021</duration>
      <time>0.021</time>
      <enclosingBlocks/>
      <enclosingBlockNames/>
      <cases>
        <case>
          <duration>0.021</duration>
          <className>com.cumulocity.application.service.impl.ManifestServiceTest</className>
          <testName>shouldValidateManifest</testName>
          <skipped>false</skipped>
          <failedSince>0</failedSince>
        </case>
      </cases>
    </suite>
    <suite>
      <file>/var/jenkins_home/workspace/Cumulocity-Platform-Services-BUILD/application-management/application-management-service/target/surefire-reports/TEST-com.cumulocity.application.service.impl.PluginServiceImplTest.xml</file>
      <name>com.cumulocity.application.service.impl.PluginServiceImplTest</name>
      <duration>0.011</duration>
      <time>0.011</time>
      <enclosingBlocks/>
      <enclosingBlockNames/>
      <cases>
        <case>
          <duration>0.008</duration>
          <className>com.cumulocity.application.service.impl.PluginServiceImplTest</className>
          <testName>should_prepare_full_application_manifest</testName>
          <skipped>false</skipped>
          <failedSince>0</failedSince>
        </case>
        <case>
          <duration>0.003</duration>
          <className>com.cumulocity.application.service.impl.PluginServiceImplTest</className>
          <testName>should_prepare_full_application_manifest_and_update_application_manifest_when_plugin_was_removed</testName>
          <skipped>false</skipped>
          <failedSince>0</failedSince>
        </case>
      </cases>
    </suite>
    <suite>
      <file>/var/jenkins_home/workspace/Cumulocity-Platform-Services-BUILD/application-management/application-management-service/target/surefire-reports/TEST-com.cumulocity.application.service.impl.RefreshApplicationHandlerImplTest.xml</file>
      <name>com.cumulocity.application.service.impl.RefreshApplicationHandlerImplTest</name>
      <duration>0.005</duration>
      <time>0.005</time>
      <enclosingBlocks/>
      <enclosingBlockNames/>
      <cases>
        <case>
          <duration>0.0</duration>
          <className>com.cumulocity.application.service.impl.RefreshApplicationHandlerImplTest</className>
          <testName>mustCorrectHandleDeletion</testName>
          <skipped>false</skipped>
          <failedSince>0</failedSince>
        </case>
        <case>
          <duration>0.004</duration>
          <className>com.cumulocity.application.service.impl.RefreshApplicationHandlerImplTest</className>
          <testName>mustWhenMethodThrowExceptionHandleCannotBrokeApplication</testName>
          <skipped>false</skipped>
          <failedSince>0</failedSince>
        </case>
        <case>
          <duration>0.0</duration>
          <className>com.cumulocity.application.service.impl.RefreshApplicationHandlerImplTest</className>
          <testName>mustCorrectRegisterHandler</testName>
          <skipped>false</skipped>
          <failedSince>0</failedSince>
        </case>
      </cases>
    </suite>
    <suite>
      <file>/var/jenkins_home/workspace/Cumulocity-Platform-Services-BUILD/application-management/application-management-service/target/surefire-reports/TEST-com.cumulocity.application.service.impl.installer.InstallerRootPathTest.xml</file>
      <name>com.cumulocity.application.service.impl.installer.InstallerRootPathTest</name>
      <duration>0.571</duration>
      <time>0.571</time>
      <enclosingBlocks/>
      <enclosingBlockNames/>
      <cases>
        <case>
          <duration>0.441</duration>
          <className>com.cumulocity.application.service.impl.installer.InstallerRootPathTest</className>
          <testName>mustReturnInformationThatRootPathIsLocked</testName>
          <skipped>false</skipped>
          <failedSince>0</failedSince>
        </case>
        <case>
          <duration>0.001</duration>
          <className>com.cumulocity.application.service.impl.installer.InstallerRootPathTest</className>
          <testName>mustReturnInformationThatRootPathIsNotLocked</testName>
          <skipped>false</skipped>
          <failedSince>0</failedSince>
        </case>
        <case>
          <duration>0.018</duration>
          <className>com.cumulocity.application.service.impl.installer.InstallerRootPathTest</className>
          <testName>mustLockRootPath</testName>
          <skipped>false</skipped>
          <failedSince>0</failedSince>
        </case>
        <case>
          <duration>0.001</duration>
          <className>com.cumulocity.application.service.impl.installer.InstallerRootPathTest</className>
          <testName>mustUnlockPath</testName>
          <skipped>false</skipped>
          <failedSince>0</failedSince>
        </case>
        <case>
          <duration>0.001</duration>
          <className>com.cumulocity.application.service.impl.installer.InstallerRootPathTest</className>
          <testName>mustBeIgnored</testName>
          <skipped>false</skipped>
          <failedSince>0</failedSince>
        </case>
        <case>
          <duration>0.004</duration>
          <className>com.cumulocity.application.service.impl.installer.InstallerRootPathTest</className>
          <testName>mustBeMarkAsInstalled</testName>
          <skipped>false</skipped>
          <failedSince>0</failedSince>
        </case>
        <case>
          <duration>0.017</duration>
          <className>com.cumulocity.application.service.impl.installer.InstallerRootPathTest</className>
          <testName>mustCreateRootPathForDirectory</testName>
          <skipped>false</skipped>
          <failedSince>0</failedSince>
        </case>
        <case>
          <duration>0.0</duration>
          <className>com.cumulocity.application.service.impl.installer.InstallerRootPathTest</className>
          <testName>mustCreateMethodAsSubDirectoryAsSub</testName>
          <skipped>false</skipped>
          <failedSince>0</failedSince>
        </case>
        <case>
          <duration>0.0</duration>
          <className>com.cumulocity.application.service.impl.installer.InstallerRootPathTest</className>
          <testName>markAsInstalled</testName>
          <skipped>false</skipped>
          <failedSince>0</failedSince>
        </case>
        <case>
          <duration>0.0</duration>
          <className>com.cumulocity.application.service.impl.installer.InstallerRootPathTest</className>
          <testName>mustCreateAsSubFile</testName>
          <skipped>false</skipped>
          <failedSince>0</failedSince>
        </case>
        <case>
          <duration>0.001</duration>
          <className>com.cumulocity.application.service.impl.installer.InstallerRootPathTest</className>
          <testName>mustBeZipFile</testName>
          <skipped>false</skipped>
          <failedSince>0</failedSince>
        </case>
        <case>
          <duration>0.005</duration>
          <className>com.cumulocity.application.service.impl.installer.InstallerRootPathTest</className>
          <testName>mustListZipFilesThreeZipFile</testName>
          <skipped>false</skipped>
          <failedSince>0</failedSince>
        </case>
      </cases>
    </suite>
    <suite>
      <file>/var/jenkins_home/workspace/Cumulocity-Platform-Services-BUILD/application-management/application-management-service/target/surefire-reports/TEST-com.cumulocity.application.service.impl.listener.ApplicationCacheEvictListenerTest.xml</file>
      <name>com.cumulocity.application.service.impl.listener.ApplicationCacheEvictListenerTest</name>
      <duration>0.511</duration>
      <time>0.511</time>
      <enclosingBlocks/>
      <enclosingBlockNames/>
      <cases>
        <case>
          <duration>0.496</duration>
          <className>com.cumulocity.application.service.impl.listener.ApplicationCacheEvictListenerTest</className>
          <testName>shouldClearMicroserviceDetailsCacheOnMicroserviceUpdate</testName>
          <skipped>false</skipped>
          <failedSince>0</failedSince>
        </case>
        <case>
          <duration>0.001</duration>
          <className>com.cumulocity.application.service.impl.listener.ApplicationCacheEvictListenerTest</className>
          <testName>checkIfNeedClearMicroserviceDetailsCache</testName>
          <skipped>false</skipped>
          <failedSince>0</failedSince>
        </case>
        <case>
          <duration>0.001</duration>
          <className>com.cumulocity.application.service.impl.listener.ApplicationCacheEvictListenerTest</className>
          <testName>shouldNotClearMicroserviceDetailsCacheIfMicroserviceNotSubscribed</testName>
          <skipped>false</skipped>
          <failedSince>0</failedSince>
        </case>
        <case>
          <duration>0.003</duration>
          <className>com.cumulocity.application.service.impl.listener.ApplicationCacheEvictListenerTest</className>
          <testName>shouldNotClearMicroserviceDetailsCacheIfNotMicroserviceAppUpdated</testName>
          <skipped>false</skipped>
          <failedSince>0</failedSince>
        </case>
      </cases>
    </suite>
    <suite>
      <file>/var/jenkins_home/workspace/Cumulocity-Platform-Services-BUILD/application-management/application-management-service/target/surefire-reports/TEST-com.cumulocity.application.service.util.ApplicationArchivesTest.xml</file>
      <name>com.cumulocity.application.service.util.ApplicationArchivesTest</name>
      <duration>0.02</duration>
      <time>0.02</time>
      <enclosingBlocks/>
      <enclosingBlockNames/>
      <cases>
        <case>
          <duration>0.003</duration>
          <className>com.cumulocity.application.service.util.ApplicationArchivesTest</className>
          <testName>mustCorrectlyUnpackApplication</testName>
          <skipped>false</skipped>
          <failedSince>0</failedSince>
        </case>
        <case>
          <duration>0.002</duration>
          <className>com.cumulocity.application.service.util.ApplicationArchivesTest</className>
          <testName>mustCorrectlyCleanDirectory</testName>
          <skipped>false</skipped>
          <failedSince>0</failedSince>
        </case>
        <case>
          <duration>0.004</duration>
          <className>com.cumulocity.application.service.util.ApplicationArchivesTest</className>
          <testName>shouldGetDirectoryContent</testName>
          <skipped>false</skipped>
          <failedSince>0</failedSince>
        </case>
        <case>
          <duration>0.004</duration>
          <className>com.cumulocity.application.service.util.ApplicationArchivesTest</className>
          <testName>shouldUpdateDirectoryWithContent</testName>
          <skipped>false</skipped>
          <failedSince>0</failedSince>
        </case>
        <case>
          <duration>0.001</duration>
          <className>com.cumulocity.application.service.util.ApplicationArchivesTest</className>
          <testName>shouldUpdateWhenDirectoryDoesntExistYet</testName>
          <skipped>false</skipped>
          <failedSince>0</failedSince>
        </case>
        <case>
          <duration>0.003</duration>
          <className>com.cumulocity.application.service.util.ApplicationArchivesTest</className>
          <testName>shouldUpdateFiles</testName>
          <skipped>false</skipped>
          <failedSince>0</failedSince>
        </case>
        <case>
          <duration>0.001</duration>
          <className>com.cumulocity.application.service.util.ApplicationArchivesTest</className>
          <testName>shouldDeleteDirectoryWithContent</testName>
          <skipped>false</skipped>
          <failedSince>0</failedSince>
        </case>
      </cases>
    </suite>
    <suite>
      <file>/var/jenkins_home/workspace/Cumulocity-Platform-Services-BUILD/application-management/application-management-service/target/surefire-reports/TEST-com.cumulocity.application.service.util.ApplicationAttachmentFacadeImplTest.xml</file>
      <name>com.cumulocity.application.service.util.ApplicationAttachmentFacadeImplTest</name>
      <duration>0.043</duration>
      <time>0.043</time>
      <enclosingBlocks/>
      <enclosingBlockNames/>
      <cases>
        <case>
          <duration>0.007</duration>
          <className>com.cumulocity.application.service.util.ApplicationAttachmentFacadeImplTest</className>
          <testName>shouldSaveAttachments</testName>
          <skipped>false</skipped>
          <failedSince>0</failedSince>
        </case>
        <case>
          <duration>0.002</duration>
          <className>com.cumulocity.application.service.util.ApplicationAttachmentFacadeImplTest</className>
          <testName>shouldRemoveObsoleteAttachment</testName>
          <skipped>false</skipped>
          <failedSince>0</failedSince>
        </case>
        <case>
          <duration>0.003</duration>
          <className>com.cumulocity.application.service.util.ApplicationAttachmentFacadeImplTest</className>
          <testName>shouldRemoveObsoleteAttachmentWithActiveApplication</testName>
          <skipped>false</skipped>
          <failedSince>0</failedSince>
        </case>
        <case>
          <duration>0.001</duration>
          <className>com.cumulocity.application.service.util.ApplicationAttachmentFacadeImplTest</className>
          <testName>shouldNotRemoveObsoleteAttachmentWithActiveApplication</testName>
          <skipped>false</skipped>
          <failedSince>0</failedSince>
        </case>
        <case>
          <duration>0.014</duration>
          <className>com.cumulocity.application.service.util.ApplicationAttachmentFacadeImplTest</className>
          <testName>mustReturnCorrectPathForApplication</testName>
          <skipped>false</skipped>
          <failedSince>0</failedSince>
        </case>
        <case>
          <duration>0.002</duration>
          <className>com.cumulocity.application.service.util.ApplicationAttachmentFacadeImplTest</className>
          <testName>mustCorrectDeleteAllDeleteWholeApplication</testName>
          <skipped>false</skipped>
          <failedSince>0</failedSince>
        </case>
        <case>
          <duration>0.005</duration>
          <className>com.cumulocity.application.service.util.ApplicationAttachmentFacadeImplTest</className>
          <testName>mustRefreshCorrectDeleteWholeApplicationAndUnzipLastVersion</testName>
          <skipped>false</skipped>
          <failedSince>0</failedSince>
        </case>
        <case>
          <duration>0.001</duration>
          <className>com.cumulocity.application.service.util.ApplicationAttachmentFacadeImplTest</className>
          <testName>mustCorrectGeneratePathForApplicationVersion</testName>
          <skipped>false</skipped>
          <failedSince>0</failedSince>
        </case>
        <case>
          <duration>0.001</duration>
          <className>com.cumulocity.application.service.util.ApplicationAttachmentFacadeImplTest</className>
          <testName>mustThrowExceptionWhenCannotFindAttachmentWithSecificVersion</testName>
          <skipped>false</skipped>
          <failedSince>0</failedSince>
        </case>
        <case>
          <duration>0.001</duration>
          <className>com.cumulocity.application.service.util.ApplicationAttachmentFacadeImplTest</className>
          <testName>mustDelegateFindBinaryApplicationById</testName>
          <skipped>false</skipped>
          <failedSince>0</failedSince>
        </case>
        <case>
          <duration>0.001</duration>
          <className>com.cumulocity.application.service.util.ApplicationAttachmentFacadeImplTest</className>
          <testName>mustGetAttachmentDelegateExecutionToInventoryService</testName>
          <skipped>false</skipped>
          <failedSince>0</failedSince>
        </case>
        <case>
          <duration>0.001</duration>
          <className>com.cumulocity.application.service.util.ApplicationAttachmentFacadeImplTest</className>
          <testName>mustDelegateResolveMimeTypeToInventoryService</testName>
          <skipped>false</skipped>
          <failedSince>0</failedSince>
        </case>
        <case>
          <duration>0.001</duration>
          <className>com.cumulocity.application.service.util.ApplicationAttachmentFacadeImplTest</className>
          <testName>mustDelegateBuildContentDisposition</testName>
          <skipped>false</skipped>
          <failedSince>0</failedSince>
        </case>
        <case>
          <duration>0.002</duration>
          <className>com.cumulocity.application.service.util.ApplicationAttachmentFacadeImplTest</className>
          <testName>mustDelegateDeleteToInventoryService</testName>
          <skipped>false</skipped>
          <failedSince>0</failedSince>
        </case>
      </cases>
    </suite>
    <suite>
      <file>/var/jenkins_home/workspace/Cumulocity-Platform-Services-BUILD/application-management/application-management-service/target/surefire-reports/TEST-com.cumulocity.application.service.util.ApplicationNameUtilTest.xml</file>
      <name>com.cumulocity.application.service.util.ApplicationNameUtilTest</name>
      <duration>0.0</duration>
      <time>0</time>
      <enclosingBlocks/>
      <enclosingBlockNames/>
      <cases>
        <case>
          <duration>0.0</duration>
          <className>com.cumulocity.application.service.util.ApplicationNameUtilTest</className>
          <testName>shouldGenerateNameIfThereIsNoClone</testName>
          <skipped>false</skipped>
          <failedSince>0</failedSince>
        </case>
        <case>
          <duration>0.0</duration>
          <className>com.cumulocity.application.service.util.ApplicationNameUtilTest</className>
          <testName>shouldGenerateNameIfThereIsOneClone</testName>
          <skipped>false</skipped>
          <failedSince>0</failedSince>
        </case>
        <case>
          <duration>0.0</duration>
          <className>com.cumulocity.application.service.util.ApplicationNameUtilTest</className>
          <testName>shouldGenerateNameIfThereAreTwoClones</testName>
          <skipped>false</skipped>
          <failedSince>0</failedSince>
        </case>
        <case>
          <duration>0.0</duration>
          <className>com.cumulocity.application.service.util.ApplicationNameUtilTest</className>
          <testName>shouldGenerateNameIfNameContainsPrefix</testName>
          <skipped>false</skipped>
          <failedSince>0</failedSince>
        </case>
      </cases>
    </suite>
    <suite>
      <file>/var/jenkins_home/workspace/Cumulocity-Platform-Services-BUILD/audit-management/audit-management-rest/target/surefire-reports/TEST-com.cumulocity.audit.rest.resource.AuditRecordCollectionResourceCreateTest.xml</file>
      <name>com.cumulocity.audit.rest.resource.AuditRecordCollectionResourceCreateTest</name>
      <duration>0.004</duration>
      <time>0.004</time>
      <enclosingBlocks/>
      <enclosingBlockNames/>
      <cases>
        <case>
          <duration>0.001</duration>
          <className>com.cumulocity.audit.rest.resource.AuditRecordCollectionResourceCreateTest</className>
          <testName>shouldNotMapAuditRecordToAuditRecordRepresentationForEmptyAcceptHeader</testName>
          <skipped>false</skipped>
          <failedSince>0</failedSince>
        </case>
        <case>
          <duration>0.001</duration>
          <className>com.cumulocity.audit.rest.resource.AuditRecordCollectionResourceCreateTest</className>
          <testName>shouldMapAuditRecordToAuditRecordRepresentationWithAcceptHeader</testName>
          <skipped>false</skipped>
          <failedSince>0</failedSince>
        </case>
        <case>
          <duration>0.001</duration>
          <className>com.cumulocity.audit.rest.resource.AuditRecordCollectionResourceCreateTest</className>
          <testName>shouldNotMapAuditRecordToAuditRecordRepresentationForWildcardAcceptHeader</testName>
          <skipped>false</skipped>
          <failedSince>0</failedSince>
        </case>
        <case>
          <duration>0.001</duration>
          <className>com.cumulocity.audit.rest.resource.AuditRecordCollectionResourceCreateTest</className>
          <testName>shouldNotMapAuditRecordToAuditRecordRepresentationForNullAcceptHeader</testName>
          <skipped>false</skipped>
          <failedSince>0</failedSince>
        </case>
      </cases>
    </suite>
    <suite>
      <file>/var/jenkins_home/workspace/Cumulocity-Platform-Services-BUILD/audit-management/audit-management-rest/target/surefire-reports/TEST-com.cumulocity.audit.rest.resource.AuditRecordResourceModuleTest.xml</file>
      <name>com.cumulocity.audit.rest.resource.AuditRecordResourceModuleTest</name>
      <duration>4.738</duration>
      <time>4.738</time>
      <enclosingBlocks/>
      <enclosingBlockNames/>
      <cases>
        <case>
          <duration>4.317</duration>
          <className>com.cumulocity.audit.rest.resource.AuditRecordResourceModuleTest</className>
          <testName>shouldGetObject</testName>
          <skipped>false</skipped>
          <failedSince>0</failedSince>
        </case>
        <case>
          <duration>0.102</duration>
          <className>com.cumulocity.audit.rest.resource.AuditRecordResourceModuleTest</className>
          <testName>shouldReturn404</testName>
          <skipped>false</skipped>
          <failedSince>0</failedSince>
        </case>
      </cases>
    </suite>
    <suite>
      <file>/var/jenkins_home/workspace/Cumulocity-Platform-Services-BUILD/audit-management/audit-management-rest/target/surefire-reports/TEST-com.cumulocity.audit.rest.resource.AuditRecordsCollectionResourceGetTest.xml</file>
      <name>com.cumulocity.audit.rest.resource.AuditRecordsCollectionResourceGetTest</name>
      <duration>0.051</duration>
      <time>0.051</time>
      <enclosingBlocks/>
      <enclosingBlockNames/>
      <cases>
        <case>
          <duration>0.039</duration>
          <className>com.cumulocity.audit.rest.resource.AuditRecordsCollectionResourceGetTest</className>
          <testName>shouldQueryAll</testName>
          <skipped>false</skipped>
          <failedSince>0</failedSince>
        </case>
        <case>
          <duration>0.001</duration>
          <className>com.cumulocity.audit.rest.resource.AuditRecordsCollectionResourceGetTest</className>
          <testName>shouldQueryByPagingParams</testName>
          <skipped>false</skipped>
          <failedSince>0</failedSince>
        </case>
        <case>
          <duration>0.002</duration>
          <className>com.cumulocity.audit.rest.resource.AuditRecordsCollectionResourceGetTest</className>
          <testName>shouldQueryByType</testName>
          <skipped>false</skipped>
          <failedSince>0</failedSince>
        </case>
        <case>
          <duration>0.001</duration>
          <className>com.cumulocity.audit.rest.resource.AuditRecordsCollectionResourceGetTest</className>
          <testName>shouldQueryByUser</testName>
          <skipped>false</skipped>
          <failedSince>0</failedSince>
        </case>
        <case>
          <duration>0.001</duration>
          <className>com.cumulocity.audit.rest.resource.AuditRecordsCollectionResourceGetTest</className>
          <testName>shouldQueryByApplication</testName>
          <skipped>false</skipped>
          <failedSince>0</failedSince>
        </case>
        <case>
          <duration>0.002</duration>
          <className>com.cumulocity.audit.rest.resource.AuditRecordsCollectionResourceGetTest</className>
          <testName>shouldQueryByTypeAndUser</testName>
          <skipped>false</skipped>
          <failedSince>0</failedSince>
        </case>
        <case>
          <duration>0.001</duration>
          <className>com.cumulocity.audit.rest.resource.AuditRecordsCollectionResourceGetTest</className>
          <testName>shouldQueryByUserAndApplication</testName>
          <skipped>false</skipped>
          <failedSince>0</failedSince>
        </case>
        <case>
          <duration>0.001</duration>
          <className>com.cumulocity.audit.rest.resource.AuditRecordsCollectionResourceGetTest</className>
          <testName>shouldQueryByTypeAndApplication</testName>
          <skipped>false</skipped>
          <failedSince>0</failedSince>
        </case>
        <case>
          <duration>0.002</duration>
          <className>com.cumulocity.audit.rest.resource.AuditRecordsCollectionResourceGetTest</className>
          <testName>shouldQueryByTypeAndApplicationAndUser</testName>
          <skipped>false</skipped>
          <failedSince>0</failedSince>
        </case>
        <case>
          <duration>0.001</duration>
          <className>com.cumulocity.audit.rest.resource.AuditRecordsCollectionResourceGetTest</className>
          <testName>shouldQueryByFromDateAndToDate</testName>
          <skipped>false</skipped>
          <failedSince>0</failedSince>
        </case>
      </cases>
    </suite>
    <suite>
      <file>/var/jenkins_home/workspace/Cumulocity-Platform-Services-BUILD/audit-management/audit-management-rest/target/surefire-reports/TEST-com.cumulocity.audit.rest.resource.AuditRecordsCollectionResourceModuleTest.xml</file>
      <name>com.cumulocity.audit.rest.resource.AuditRecordsCollectionResourceModuleTest</name>
      <duration>0.483</duration>
      <time>0.483</time>
      <enclosingBlocks/>
      <enclosingBlockNames/>
      <cases>
        <case>
          <duration>0.111</duration>
          <className>com.cumulocity.audit.rest.resource.AuditRecordsCollectionResourceModuleTest</className>
          <testName>filteredGetResponseShouldContainCorrectRestLinks</testName>
          <skipped>false</skipped>
          <failedSince>0</failedSince>
        </case>
        <case>
          <duration>0.104</duration>
          <className>com.cumulocity.audit.rest.resource.AuditRecordsCollectionResourceModuleTest</className>
          <testName>postShouldNotCreateWithoutMandatoryProperties</testName>
          <skipped>false</skipped>
          <failedSince>0</failedSince>
        </case>
        <case>
          <duration>0.094</duration>
          <className>com.cumulocity.audit.rest.resource.AuditRecordsCollectionResourceModuleTest</className>
          <testName>postShouldCreate</testName>
          <skipped>false</skipped>
          <failedSince>0</failedSince>
        </case>
        <case>
          <duration>0.085</duration>
          <className>com.cumulocity.audit.rest.resource.AuditRecordsCollectionResourceModuleTest</className>
          <testName>deleteByQueryShouldCallServiceProperly</testName>
          <skipped>false</skipped>
          <failedSince>0</failedSince>
        </case>
        <case>
          <duration>0.082</duration>
          <className>com.cumulocity.audit.rest.resource.AuditRecordsCollectionResourceModuleTest</className>
          <testName>shouldGetCollectionOfAuditRecords</testName>
          <skipped>false</skipped>
          <failedSince>0</failedSince>
        </case>
      </cases>
    </suite>
    <suite>
      <file>/var/jenkins_home/workspace/Cumulocity-Platform-Services-BUILD/audit-management/audit-management-rest/target/surefire-reports/TEST-com.cumulocity.audit.rest.resource.api.AuditApiResourceModuleTest.xml</file>
      <name>com.cumulocity.audit.rest.resource.api.AuditApiResourceModuleTest</name>
      <duration>0.048</duration>
      <time>0.048</time>
      <enclosingBlocks/>
      <enclosingBlockNames/>
      <cases>
        <case>
          <duration>0.045</duration>
          <className>com.cumulocity.audit.rest.resource.api.AuditApiResourceModuleTest</className>
          <testName>get_ReturnsPredefinedAuditRecordsRepresentation</testName>
          <skipped>false</skipped>
          <failedSince>0</failedSince>
        </case>
      </cases>
    </suite>
    <suite>
      <file>/var/jenkins_home/workspace/Cumulocity-Platform-Services-BUILD/audit-management/audit-management-service/target/surefire-reports/TEST-com.cumulocity.audit.service.AuditManagementServiceImplTest.xml</file>
      <name>com.cumulocity.audit.service.AuditManagementServiceImplTest</name>
      <duration>0.967</duration>
      <time>0.967</time>
      <enclosingBlocks/>
      <enclosingBlockNames/>
      <cases>
        <case>
          <duration>0.71</duration>
          <className>com.cumulocity.audit.service.AuditManagementServiceImplTest</className>
          <testName>createShouldCallCreateWithListOnAuditDatabase</testName>
          <skipped>false</skipped>
          <failedSince>0</failedSince>
        </case>
        <case>
          <duration>0.015</duration>
          <className>com.cumulocity.audit.service.AuditManagementServiceImplTest</className>
          <testName>createShouldSetUpUsername</testName>
          <skipped>false</skipped>
          <failedSince>0</failedSince>
        </case>
        <case>
          <duration>0.005</duration>
          <className>com.cumulocity.audit.service.AuditManagementServiceImplTest</className>
          <testName>findAllShouldCallFindAllOnAuditDatabaseExactlyOnceAndReturnNotEmptyList</testName>
          <skipped>false</skipped>
          <failedSince>0</failedSince>
        </case>
        <case>
          <duration>0.005</duration>
          <className>com.cumulocity.audit.service.AuditManagementServiceImplTest</className>
          <testName>findAllShouldGenerateExceptionWhenOperationInDatabaseFails</testName>
          <skipped>false</skipped>
          <failedSince>0</failedSince>
        </case>
        <case>
          <duration>0.002</duration>
          <className>com.cumulocity.audit.service.AuditManagementServiceImplTest</className>
          <testName>findByApplicationShouldCallFindByApplicationOnAuditDatabaseExactlyOnceAndReturnNotNull</testName>
          <skipped>false</skipped>
          <failedSince>0</failedSince>
        </case>
        <case>
          <duration>0.003</duration>
          <className>com.cumulocity.audit.service.AuditManagementServiceImplTest</className>
          <testName>findByApplicationShouldGenerateExceptionWhenOperationInDatabaseFails</testName>
          <skipped>false</skipped>
          <failedSince>0</failedSince>
        </case>
        <case>
          <duration>0.002</duration>
          <className>com.cumulocity.audit.service.AuditManagementServiceImplTest</className>
          <testName>findByIdShouldCallFindByIdOnAuditDatabaseExactlyOnceAndReturnNotNull</testName>
          <skipped>false</skipped>
          <failedSince>0</failedSince>
        </case>
        <case>
          <duration>0.003</duration>
          <className>com.cumulocity.audit.service.AuditManagementServiceImplTest</className>
          <testName>findByIdShouldGenerateExceptionWhenOperationInDatabaseFails</testName>
          <skipped>false</skipped>
          <failedSince>0</failedSince>
        </case>
        <case>
          <duration>0.002</duration>
          <className>com.cumulocity.audit.service.AuditManagementServiceImplTest</className>
          <testName>shouldDeleteByFilter</testName>
          <skipped>false</skipped>
          <failedSince>0</failedSince>
        </case>
        <case>
          <duration>0.034</duration>
          <className>com.cumulocity.audit.service.AuditManagementServiceImplTest</className>
          <testName>shouldCreateAuditLogWithoutChanges</testName>
          <skipped>false</skipped>
          <failedSince>0</failedSince>
        </case>
        <case>
          <duration>0.012</duration>
          <className>com.cumulocity.audit.service.AuditManagementServiceImplTest</className>
          <testName>shouldCreateAuditRecordWithActivityAndOriginalAndResult</testName>
          <skipped>false</skipped>
          <failedSince>0</failedSince>
        </case>
        <case>
          <duration>0.003</duration>
          <className>com.cumulocity.audit.service.AuditManagementServiceImplTest</className>
          <testName>createShouldGenerateExceptionWhenOperationInDatabaseFails</testName>
          <skipped>false</skipped>
          <failedSince>0</failedSince>
        </case>
      </cases>
    </suite>
    <suite>
      <file>/var/jenkins_home/workspace/Cumulocity-Platform-Services-BUILD/broadcast/broadcast-rest/target/surefire-reports/TEST-com.cumulocity.broadcast.rest.resource.BroadcastResourcesModuleTest.xml</file>
      <name>com.cumulocity.broadcast.rest.resource.BroadcastResourcesModuleTest</name>
      <duration>3.114</duration>
      <time>3.114</time>
      <enclosingBlocks/>
      <enclosingBlockNames/>
      <cases>
        <case>
          <duration>2.66</duration>
          <className>com.cumulocity.broadcast.rest.resource.BroadcastResourcesModuleTest</className>
          <testName>shouldCallDefinedEndpointAndPassMessageWithDefinedParams</testName>
          <skipped>false</skipped>
          <failedSince>0</failedSince>
        </case>
        <case>
          <duration>0.124</duration>
          <className>com.cumulocity.broadcast.rest.resource.BroadcastResourcesModuleTest</className>
          <testName>shouldPassMessageBodyToBroadcastService</testName>
          <skipped>false</skipped>
          <failedSince>0</failedSince>
        </case>
      </cases>
    </suite>
    <suite>
      <file>/var/jenkins_home/workspace/Cumulocity-Platform-Services-BUILD/broadcast/broadcast-service/target/surefire-reports/TEST-com.cumulocity.service.broadcast.impl.BroadcastServiceImplTest.xml</file>
      <name>com.cumulocity.service.broadcast.impl.BroadcastServiceImplTest</name>
      <duration>0.214</duration>
      <time>0.214</time>
      <enclosingBlocks/>
      <enclosingBlockNames/>
      <cases>
        <case>
          <duration>0.102</duration>
          <className>com.cumulocity.service.broadcast.impl.BroadcastServiceImplTest</className>
          <testName>mustHandleMethodCallProperHandler</testName>
          <skipped>false</skipped>
          <failedSince>0</failedSince>
        </case>
        <case>
          <duration>0.014</duration>
          <className>com.cumulocity.service.broadcast.impl.BroadcastServiceImplTest</className>
          <testName>mustListenOnChangesInNodeList</testName>
          <skipped>false</skipped>
          <failedSince>0</failedSince>
        </case>
        <case>
          <duration>0.017</duration>
          <className>com.cumulocity.service.broadcast.impl.BroadcastServiceImplTest</className>
          <testName>mustSendRequestToAllNodesEvenSomeNodeThrowError</testName>
          <skipped>false</skipped>
          <failedSince>0</failedSince>
        </case>
        <case>
          <duration>0.013</duration>
          <className>com.cumulocity.service.broadcast.impl.BroadcastServiceImplTest</className>
          <testName>mustSendRequestToLocalNodeWithDifferentPort</testName>
          <skipped>false</skipped>
          <failedSince>0</failedSince>
        </case>
        <case>
          <duration>0.011</duration>
          <className>com.cumulocity.service.broadcast.impl.BroadcastServiceImplTest</className>
          <testName>mustSendRequestToAllNodeInOptimisticCase</testName>
          <skipped>false</skipped>
          <failedSince>0</failedSince>
        </case>
        <case>
          <duration>0.007</duration>
          <className>com.cumulocity.service.broadcast.impl.BroadcastServiceImplTest</className>
          <testName>mustSendMessageToSingleNode</testName>
          <skipped>false</skipped>
          <failedSince>0</failedSince>
        </case>
        <case>
          <duration>0.012</duration>
          <className>com.cumulocity.service.broadcast.impl.BroadcastServiceImplTest</className>
          <testName>mustCreateCorrectHeader</testName>
          <skipped>false</skipped>
          <failedSince>0</failedSince>
        </case>
        <case>
          <duration>0.012</duration>
          <className>com.cumulocity.service.broadcast.impl.BroadcastServiceImplTest</className>
          <testName>mustAddCorrectlyHandlerToEndpoint</testName>
          <skipped>false</skipped>
          <failedSince>0</failedSince>
        </case>
        <case>
          <duration>0.012</duration>
          <className>com.cumulocity.service.broadcast.impl.BroadcastServiceImplTest</className>
          <testName>shouldAddPayloadAsRequestBodyWhenMessageIsSend</testName>
          <skipped>false</skipped>
          <failedSince>0</failedSince>
        </case>
        <case>
          <duration>0.012</duration>
          <className>com.cumulocity.service.broadcast.impl.BroadcastServiceImplTest</className>
          <testName>shouldAddSourceNodeHeaderInformation</testName>
          <skipped>false</skipped>
          <failedSince>0</failedSince>
        </case>
        <case>
          <duration>0.002</duration>
          <className>com.cumulocity.service.broadcast.impl.BroadcastServiceImplTest</className>
          <testName>mustAddingTheSameEndpointThrowExceptionIllegalStateException</testName>
          <skipped>false</skipped>
          <failedSince>0</failedSince>
        </case>
      </cases>
    </suite>
    <suite>
      <file>/var/jenkins_home/workspace/Cumulocity-Platform-Services-BUILD/broadcast/broadcast-service/target/surefire-reports/TEST-com.cumulocity.service.broadcast.impl.RestTemplateMessageSenderTest.xml</file>
      <name>com.cumulocity.service.broadcast.impl.RestTemplateMessageSenderTest</name>
      <duration>0.881</duration>
      <time>0.881</time>
      <enclosingBlocks/>
      <enclosingBlockNames/>
      <cases>
        <case>
          <duration>0.675</duration>
          <className>com.cumulocity.service.broadcast.impl.RestTemplateMessageSenderTest</className>
          <testName>mustCreateCorrectNodeAddressToCall</testName>
          <skipped>false</skipped>
          <failedSince>0</failedSince>
        </case>
        <case>
          <duration>0.006</duration>
          <className>com.cumulocity.service.broadcast.impl.RestTemplateMessageSenderTest</className>
          <testName>mustCreateCorrectQueryParamForOneParameter</testName>
          <skipped>false</skipped>
          <failedSince>0</failedSince>
        </case>
        <case>
          <duration>0.12</duration>
          <className>com.cumulocity.service.broadcast.impl.RestTemplateMessageSenderTest</className>
          <testName>shouldAddSourceNodeInformation</testName>
          <skipped>false</skipped>
          <failedSince>0</failedSince>
        </case>
        <case>
          <duration>0.006</duration>
          <className>com.cumulocity.service.broadcast.impl.RestTemplateMessageSenderTest</className>
          <testName>shouldAddChannelInformation</testName>
          <skipped>false</skipped>
          <failedSince>0</failedSince>
        </case>
        <case>
          <duration>0.005</duration>
          <className>com.cumulocity.service.broadcast.impl.RestTemplateMessageSenderTest</className>
          <testName>mustCreateCorrectQueryParamFor3Parameter</testName>
          <skipped>false</skipped>
          <failedSince>0</failedSince>
        </case>
        <case>
          <duration>0.004</duration>
          <className>com.cumulocity.service.broadcast.impl.RestTemplateMessageSenderTest</className>
          <testName>mustCreateCorrectNodeAddressToCallForNullParameters</testName>
          <skipped>false</skipped>
          <failedSince>0</failedSince>
        </case>
      </cases>
    </suite>
    <suite>
      <file>/var/jenkins_home/workspace/Cumulocity-Platform-Services-BUILD/broadcast/broadcast-service/target/surefire-reports/TEST-com.cumulocity.service.cluster.NodeAddressTest.xml</file>
      <name>com.cumulocity.service.cluster.NodeAddressTest</name>
      <duration>0.0</duration>
      <time>0</time>
      <enclosingBlocks/>
      <enclosingBlockNames/>
      <cases>
        <case>
          <duration>0.0</duration>
          <className>com.cumulocity.service.cluster.NodeAddressTest</className>
          <testName>serializeAndDeserialize</testName>
          <skipped>false</skipped>
          <failedSince>0</failedSince>
        </case>
      </cases>
    </suite>
    <suite>
      <file>/var/jenkins_home/workspace/Cumulocity-Platform-Services-BUILD/broadcast/broadcast-service/target/surefire-reports/TEST-com.cumulocity.service.cluster.impl.DistributedClusterSubscriptionRepositoryTest.xml</file>
      <name>com.cumulocity.service.cluster.impl.DistributedClusterSubscriptionRepositoryTest</name>
      <duration>22.448</duration>
      <time>22.448</time>
      <enclosingBlocks/>
      <enclosingBlockNames/>
      <cases>
        <case>
          <duration>4.968</duration>
          <className>com.cumulocity.service.cluster.impl.DistributedClusterSubscriptionRepositoryTest</className>
          <testName>shouldNotCallListenerWhenNodeNotChanged</testName>
          <skipped>false</skipped>
          <failedSince>0</failedSince>
        </case>
        <case>
          <duration>2.14</duration>
          <className>com.cumulocity.service.cluster.impl.DistributedClusterSubscriptionRepositoryTest</className>
          <testName>shouldReturnSubscribedNodesForSubscriptionId</testName>
          <skipped>false</skipped>
          <failedSince>0</failedSince>
        </case>
        <case>
          <duration>2.538</duration>
          <className>com.cumulocity.service.cluster.impl.DistributedClusterSubscriptionRepositoryTest</className>
          <testName>shouldSwitchNodeWhenClientIsRegisteredOnSecond</testName>
          <skipped>false</skipped>
          <failedSince>0</failedSince>
        </case>
        <case>
          <duration>2.535</duration>
          <className>com.cumulocity.service.cluster.impl.DistributedClusterSubscriptionRepositoryTest</className>
          <testName>shouldRemoveNodeInformationWhenClientDisconnects</testName>
          <skipped>false</skipped>
          <failedSince>0</failedSince>
        </case>
        <case>
          <duration>2.547</duration>
          <className>com.cumulocity.service.cluster.impl.DistributedClusterSubscriptionRepositoryTest</className>
          <testName>shouldRemoveNodeInformationWhenDeletedByCurrentNode</testName>
          <skipped>false</skipped>
          <failedSince>0</failedSince>
        </case>
        <case>
          <duration>2.67</duration>
          <className>com.cumulocity.service.cluster.impl.DistributedClusterSubscriptionRepositoryTest</className>
          <testName>shouldRemoveNodeInformationWhenDeletedByNode</testName>
          <skipped>false</skipped>
          <failedSince>0</failedSince>
        </case>
        <case>
          <duration>2.309</duration>
          <className>com.cumulocity.service.cluster.impl.DistributedClusterSubscriptionRepositoryTest</className>
          <testName>shouldNotReturnNodeWhenSubscriptionForRelatedClientIsRemoved</testName>
          <skipped>false</skipped>
          <failedSince>0</failedSince>
        </case>
        <case>
          <duration>2.741</duration>
          <className>com.cumulocity.service.cluster.impl.DistributedClusterSubscriptionRepositoryTest</className>
          <testName>shouldRemoveSubscriptionKeyWhenNoClients</testName>
          <skipped>false</skipped>
          <failedSince>0</failedSince>
        </case>
      </cases>
    </suite>
    <suite>
      <file>/var/jenkins_home/workspace/Cumulocity-Platform-Services-BUILD/broadcast/broadcast-service/target/surefire-reports/TEST-com.cumulocity.service.cluster.impl.JgroupsClusterMembershipTest.xml</file>
      <name>com.cumulocity.service.cluster.impl.JgroupsClusterMembershipTest</name>
      <duration>2.694</duration>
      <time>2.694</time>
      <enclosingBlocks/>
      <enclosingBlockNames/>
      <cases>
        <case>
          <duration>2.416</duration>
          <className>com.cumulocity.service.cluster.impl.JgroupsClusterMembershipTest</className>
          <testName>shouldReturnCurrentAndPointToLocal</testName>
          <skipped>false</skipped>
          <failedSince>0</failedSince>
        </case>
        <case>
          <duration>0.0</duration>
          <className>com.cumulocity.service.cluster.impl.JgroupsClusterMembershipTest</className>
          <testName>shouldContainEmptyListWhenNoOtherMembers</testName>
          <skipped>false</skipped>
          <failedSince>0</failedSince>
        </case>
        <case>
          <duration>0.174</duration>
          <className>com.cumulocity.service.cluster.impl.JgroupsClusterMembershipTest</className>
          <testName>shouldNotifyAboutNewClusterMember</testName>
          <skipped>false</skipped>
          <failedSince>0</failedSince>
        </case>
        <case>
          <duration>0.103</duration>
          <className>com.cumulocity.service.cluster.impl.JgroupsClusterMembershipTest</className>
          <testName>shouldNotifyWhenClusterMemberLeave</testName>
          <skipped>false</skipped>
          <failedSince>0</failedSince>
        </case>
      </cases>
    </suite>
    <suite>
      <file>/var/jenkins_home/workspace/Cumulocity-Platform-Services-BUILD/broadcast/broadcast-service/target/surefire-reports/TEST-com.cumulocity.service.cluster.impl.PropertiesClusterMembershipTest.xml</file>
      <name>com.cumulocity.service.cluster.impl.PropertiesClusterMembershipTest</name>
      <duration>0.024</duration>
      <time>0.024</time>
      <enclosingBlocks/>
      <enclosingBlockNames/>
      <cases>
        <case>
          <duration>0.007</duration>
          <className>com.cumulocity.service.cluster.impl.PropertiesClusterMembershipTest</className>
          <testName>shouldSkipOwnAddress</testName>
          <skipped>false</skipped>
          <failedSince>0</failedSince>
        </case>
        <case>
          <duration>0.003</duration>
          <className>com.cumulocity.service.cluster.impl.PropertiesClusterMembershipTest</className>
          <testName>shouldNotOverridePort</testName>
          <skipped>false</skipped>
          <failedSince>0</failedSince>
        </case>
        <case>
          <duration>0.009</duration>
          <className>com.cumulocity.service.cluster.impl.PropertiesClusterMembershipTest</className>
          <testName>shouldLoadItemsAfterInit</testName>
          <skipped>false</skipped>
          <failedSince>0</failedSince>
        </case>
        <case>
          <duration>0.003</duration>
          <className>com.cumulocity.service.cluster.impl.PropertiesClusterMembershipTest</className>
          <testName>shouldAssignDefaultPortToNodes</testName>
          <skipped>false</skipped>
          <failedSince>0</failedSince>
        </case>
        <case>
          <duration>0.002</duration>
          <className>com.cumulocity.service.cluster.impl.PropertiesClusterMembershipTest</className>
          <testName>shouldAssignSchemaToNodes</testName>
          <skipped>false</skipped>
          <failedSince>0</failedSince>
        </case>
      </cases>
    </suite>
    <suite>
      <file>/var/jenkins_home/workspace/Cumulocity-Platform-Services-BUILD/broadcast/broadcast-service/target/surefire-reports/TEST-com.cumulocity.service.cluster.impl.RateLimiterServiceTest.xml</file>
      <name>com.cumulocity.service.cluster.impl.RateLimiterServiceTest</name>
      <duration>12.325</duration>
      <time>12.325</time>
      <enclosingBlocks/>
      <enclosingBlockNames/>
      <cases>
        <case>
          <duration>0.017</duration>
          <className>com.cumulocity.service.cluster.impl.RateLimiterServiceTest</className>
          <testName>shouldAllowForSingleRequest</testName>
          <skipped>false</skipped>
          <failedSince>0</failedSince>
        </case>
        <case>
          <duration>0.057</duration>
          <className>com.cumulocity.service.cluster.impl.RateLimiterServiceTest</className>
          <testName>shouldLimitAfterDefault100Limit</testName>
          <skipped>false</skipped>
          <failedSince>0</failedSince>
        </case>
        <case>
          <duration>0.052</duration>
          <className>com.cumulocity.service.cluster.impl.RateLimiterServiceTest</className>
          <testName>shouldDoNotLimitRightBeforeReachingDefaultLimit</testName>
          <skipped>false</skipped>
          <failedSince>0</failedSince>
        </case>
        <case>
          <duration>0.281</duration>
          <className>com.cumulocity.service.cluster.impl.RateLimiterServiceTest</className>
          <testName>shouldNotLimitForDifferentTenant</testName>
          <skipped>false</skipped>
          <failedSince>0</failedSince>
        </case>
        <case>
          <duration>0.055</duration>
          <className>com.cumulocity.service.cluster.impl.RateLimiterServiceTest</className>
          <testName>shouldNotLimitWhenHoldTimeIsPassed</testName>
          <skipped>false</skipped>
          <failedSince>0</failedSince>
        </case>
        <case>
          <duration>0.081</duration>
          <className>com.cumulocity.service.cluster.impl.RateLimiterServiceTest</className>
          <testName>shouldNotLimitWhenWhenTimeIsPassing</testName>
          <skipped>false</skipped>
          <failedSince>0</failedSince>
        </case>
        <case>
          <duration>8.375</duration>
          <className>com.cumulocity.service.cluster.impl.RateLimiterServiceTest</className>
          <testName>shouldLimitWhenSecondLimitReachedOnSecondInstance</testName>
          <skipped>false</skipped>
          <failedSince>0</failedSince>
        </case>
      </cases>
    </suite>
    <suite>
      <file>/var/jenkins_home/workspace/Cumulocity-Platform-Services-BUILD/broadcast/broadcast-service/target/surefire-reports/TEST-com.cumulocity.service.property.impl.handler.NodeListFromFileHandlerTest.xml</file>
      <name>com.cumulocity.service.property.impl.handler.NodeListFromFileHandlerTest</name>
      <duration>0.003</duration>
      <time>0.003</time>
      <enclosingBlocks/>
      <enclosingBlockNames/>
      <cases>
        <case>
          <duration>0.001</duration>
          <className>com.cumulocity.service.property.impl.handler.NodeListFromFileHandlerTest</className>
          <testName>mustLoadNodeListFromNodeIpList</testName>
          <skipped>false</skipped>
          <failedSince>0</failedSince>
        </case>
        <case>
          <duration>0.002</duration>
          <className>com.cumulocity.service.property.impl.handler.NodeListFromFileHandlerTest</className>
          <testName>mustLoadNodeListFromNodeIpLocation</testName>
          <skipped>false</skipped>
          <failedSince>0</failedSince>
        </case>
      </cases>
    </suite>
    <suite>
      <file>/var/jenkins_home/workspace/Cumulocity-Platform-Services-BUILD/broadcast/broadcast-service/target/surefire-reports/TEST-com.cumulocity.service.property.impl.handler.PropertyHandlerCompositeTest.xml</file>
      <name>com.cumulocity.service.property.impl.handler.PropertyHandlerCompositeTest</name>
      <duration>0.006</duration>
      <time>0.006</time>
      <enclosingBlocks/>
      <enclosingBlockNames/>
      <cases>
        <case>
          <duration>0.005</duration>
          <className>com.cumulocity.service.property.impl.handler.PropertyHandlerCompositeTest</className>
          <testName>mustReturnFromFileHandler</testName>
          <skipped>false</skipped>
          <failedSince>0</failedSince>
        </case>
        <case>
          <duration>0.001</duration>
          <className>com.cumulocity.service.property.impl.handler.PropertyHandlerCompositeTest</className>
          <testName>mustReturnFromKubernetesHandler</testName>
          <skipped>false</skipped>
          <failedSince>0</failedSince>
        </case>
      </cases>
    </suite>
    <suite>
      <file>/var/jenkins_home/workspace/Cumulocity-Platform-Services-BUILD/cache-management/cache-management-service/target/surefire-reports/TEST-com.cumulocity.service.cache.impl.CacheServiceImplTest.xml</file>
      <name>com.cumulocity.service.cache.impl.CacheServiceImplTest</name>
      <duration>0.052</duration>
      <time>0.052</time>
      <enclosingBlocks/>
      <enclosingBlockNames/>
      <cases>
        <case>
          <duration>0.043</duration>
          <className>com.cumulocity.service.cache.impl.CacheServiceImplTest</className>
          <testName>mustEvictObjectByKey</testName>
          <skipped>false</skipped>
          <failedSince>0</failedSince>
        </case>
        <case>
          <duration>0.0</duration>
          <className>com.cumulocity.service.cache.impl.CacheServiceImplTest</className>
          <testName>mustEvictNotThrowExceptionForNullKey</testName>
          <skipped>false</skipped>
          <failedSince>0</failedSince>
        </case>
        <case>
          <duration>0.001</duration>
          <className>com.cumulocity.service.cache.impl.CacheServiceImplTest</className>
          <testName>mustEvictNotThrowExceptionForWrongCacheName</testName>
          <skipped>false</skipped>
          <failedSince>0</failedSince>
        </case>
        <case>
          <duration>0.0</duration>
          <className>com.cumulocity.service.cache.impl.CacheServiceImplTest</className>
          <testName>mustEvictNotThrowExceptionForNullCacheName</testName>
          <skipped>false</skipped>
          <failedSince>0</failedSince>
        </case>
        <case>
          <duration>0.001</duration>
          <className>com.cumulocity.service.cache.impl.CacheServiceImplTest</className>
          <testName>mustEvictAllForCacheName</testName>
          <skipped>false</skipped>
          <failedSince>0</failedSince>
        </case>
        <case>
          <duration>0.001</duration>
          <className>com.cumulocity.service.cache.impl.CacheServiceImplTest</className>
          <testName>mustEvictAllNotThrowExceptionForWrongCacheName</testName>
          <skipped>false</skipped>
          <failedSince>0</failedSince>
        </case>
        <case>
          <duration>0.001</duration>
          <className>com.cumulocity.service.cache.impl.CacheServiceImplTest</className>
          <testName>mustEvictAllNotThrowExceptionForNullCacheName</testName>
          <skipped>false</skipped>
          <failedSince>0</failedSince>
        </case>
      </cases>
    </suite>
    <suite>
      <file>/var/jenkins_home/workspace/Cumulocity-Platform-Services-BUILD/cache-management/cache-management-service/target/surefire-reports/TEST-com.cumulocity.service.cache.impl.handler.EvictAllCacheHandlerTest.xml</file>
      <name>com.cumulocity.service.cache.impl.handler.EvictAllCacheHandlerTest</name>
      <duration>0.005</duration>
      <time>0.005</time>
      <enclosingBlocks/>
      <enclosingBlockNames/>
      <cases>
        <case>
          <duration>0.001</duration>
          <className>com.cumulocity.service.cache.impl.handler.EvictAllCacheHandlerTest</className>
          <testName>mustCorrectConvertCacheNameToParams</testName>
          <skipped>false</skipped>
          <failedSince>0</failedSince>
        </case>
        <case>
          <duration>0.002</duration>
          <className>com.cumulocity.service.cache.impl.handler.EvictAllCacheHandlerTest</className>
          <testName>mustMethodHandleEvictAllElements</testName>
          <skipped>false</skipped>
          <failedSince>0</failedSince>
        </case>
        <case>
          <duration>0.001</duration>
          <className>com.cumulocity.service.cache.impl.handler.EvictAllCacheHandlerTest</className>
          <testName>mustCorrectlyObtainParameterFromMap</testName>
          <skipped>false</skipped>
          <failedSince>0</failedSince>
        </case>
        <case>
          <duration>0.0</duration>
          <className>com.cumulocity.service.cache.impl.handler.EvictAllCacheHandlerTest</className>
          <testName>mustDelegateListnerRegistrationToBroadcastService</testName>
          <skipped>false</skipped>
          <failedSince>0</failedSince>
        </case>
      </cases>
    </suite>
    <suite>
      <file>/var/jenkins_home/workspace/Cumulocity-Platform-Services-BUILD/cache-management/cache-management-service/target/surefire-reports/TEST-com.cumulocity.service.cache.impl.handler.EvictCacheHandlerTest.xml</file>
      <name>com.cumulocity.service.cache.impl.handler.EvictCacheHandlerTest</name>
      <duration>0.551</duration>
      <time>0.551</time>
      <enclosingBlocks/>
      <enclosingBlockNames/>
      <cases>
        <case>
          <duration>0.393</duration>
          <className>com.cumulocity.service.cache.impl.handler.EvictCacheHandlerTest</className>
          <testName>mustRegisterEvictCacheHandlerInBroadcastService</testName>
          <skipped>false</skipped>
          <failedSince>0</failedSince>
        </case>
        <case>
          <duration>0.021</duration>
          <className>com.cumulocity.service.cache.impl.handler.EvictCacheHandlerTest</className>
          <testName>mustHandleMethodEvictElementViaBroadcastService</testName>
          <skipped>false</skipped>
          <failedSince>0</failedSince>
        </case>
        <case>
          <duration>0.064</duration>
          <className>com.cumulocity.service.cache.impl.handler.EvictCacheHandlerTest</className>
          <testName>mustCorrectlyCreateMapParameters</testName>
          <skipped>false</skipped>
          <failedSince>0</failedSince>
        </case>
        <case>
          <duration>0.003</duration>
          <className>com.cumulocity.service.cache.impl.handler.EvictCacheHandlerTest</className>
          <testName>mustCorrectlyCreateParameterObjectFromMap</testName>
          <skipped>false</skipped>
          <failedSince>0</failedSince>
        </case>
      </cases>
    </suite>
    <suite>
      <file>/var/jenkins_home/workspace/Cumulocity-Platform-Services-BUILD/cache-management/cache-management-service/target/surefire-reports/TEST-com.cumulocity.service.cache.impl.listener.EvictCacheListenerImplTest.xml</file>
      <name>com.cumulocity.service.cache.impl.listener.EvictCacheListenerImplTest</name>
      <duration>0.042</duration>
      <time>0.042</time>
      <enclosingBlocks/>
      <enclosingBlockNames/>
      <cases>
        <case>
          <duration>0.039</duration>
          <className>com.cumulocity.service.cache.impl.listener.EvictCacheListenerImplTest</className>
          <testName>mustDeleteEventOnClearToBroadcastService</testName>
          <skipped>false</skipped>
          <failedSince>0</failedSince>
        </case>
        <case>
          <duration>0.001</duration>
          <className>com.cumulocity.service.cache.impl.listener.EvictCacheListenerImplTest</className>
          <testName>mustDelegateEventOnEventToBroadcastService</testName>
          <skipped>false</skipped>
          <failedSince>0</failedSince>
        </case>
      </cases>
    </suite>
    <suite>
      <file>/var/jenkins_home/workspace/Cumulocity-Platform-Services-BUILD/cache-management/cache-management-service/target/surefire-reports/TEST-com.cumulocity.service.cache.impl.listener.NewNodeAddedListenerTest.xml</file>
      <name>com.cumulocity.service.cache.impl.listener.NewNodeAddedListenerTest</name>
      <duration>0.105</duration>
      <time>0.105</time>
      <enclosingBlocks/>
      <enclosingBlockNames/>
      <cases>
        <case>
          <duration>0.066</duration>
          <className>com.cumulocity.service.cache.impl.listener.NewNodeAddedListenerTest</className>
          <testName>mustOnEnterClearCache</testName>
          <skipped>false</skipped>
          <failedSince>0</failedSince>
        </case>
        <case>
          <duration>0.037</duration>
          <className>com.cumulocity.service.cache.impl.listener.NewNodeAddedListenerTest</className>
          <testName>mustMemberAddedClearCache</testName>
          <skipped>false</skipped>
          <failedSince>0</failedSince>
        </case>
      </cases>
    </suite>
    <suite>
      <file>/var/jenkins_home/workspace/Cumulocity-Platform-Services-BUILD/cep-management/cep-management-service/target/surefire-reports/TEST-com.cumulocity.cep.client.CepClientTest.xml</file>
      <name>com.cumulocity.cep.client.CepClientTest</name>
      <duration>1.725</duration>
      <time>1.725</time>
      <enclosingBlocks/>
      <enclosingBlockNames/>
      <cases>
        <case>
          <duration>1.615</duration>
          <className>com.cumulocity.cep.client.CepClientTest</className>
          <testName>shouldSendEventToCepServer</testName>
          <skipped>false</skipped>
          <failedSince>0</failedSince>
        </case>
        <case>
          <duration>0.005</duration>
          <className>com.cumulocity.cep.client.CepClientTest</className>
          <testName>shouldSendUndeployAllRequestToCepServer</testName>
          <skipped>false</skipped>
          <failedSince>0</failedSince>
        </case>
        <case>
          <duration>0.005</duration>
          <className>com.cumulocity.cep.client.CepClientTest</className>
          <testName>shouldSendDisableAllRequestToCepServer</testName>
          <skipped>false</skipped>
          <failedSince>0</failedSince>
        </case>
        <case>
          <duration>0.004</duration>
          <className>com.cumulocity.cep.client.CepClientTest</className>
          <testName>shouldSendDestroyEngineRequestToCepServer</testName>
          <skipped>false</skipped>
          <failedSince>0</failedSince>
        </case>
      </cases>
    </suite>
    <suite>
      <file>/var/jenkins_home/workspace/Cumulocity-Platform-Services-BUILD/cep-management/cep-management-service/target/surefire-reports/TEST-com.cumulocity.cep.client.requests.CepEventSerializerTest.xml</file>
      <name>com.cumulocity.cep.client.requests.CepEventSerializerTest</name>
      <duration>0.592</duration>
      <time>0.592</time>
      <enclosingBlocks/>
      <enclosingBlockNames/>
      <cases>
        <case>
          <duration>0.494</duration>
          <className>com.cumulocity.cep.client.requests.CepEventSerializerTest</className>
          <testName>jsonizeEventWithSource</testName>
          <skipped>false</skipped>
          <failedSince>0</failedSince>
        </case>
        <case>
          <duration>0.001</duration>
          <className>com.cumulocity.cep.client.requests.CepEventSerializerTest</className>
          <testName>dontChangeInputObject</testName>
          <skipped>false</skipped>
          <failedSince>0</failedSince>
        </case>
        <case>
          <duration>0.03</duration>
          <className>com.cumulocity.cep.client.requests.CepEventSerializerTest</className>
          <testName>serializedIDShouldDeserializeAsGId</testName>
          <skipped>false</skipped>
          <failedSince>0</failedSince>
        </case>
      </cases>
    </suite>
    <suite>
      <file>/var/jenkins_home/workspace/Cumulocity-Platform-Services-BUILD/cep-management/cep-management-service/target/surefire-reports/TEST-com.cumulocity.cep.listeners.CepListenerTest.xml</file>
      <name>com.cumulocity.cep.listeners.CepListenerTest</name>
      <duration>0.002</duration>
      <time>0.002</time>
      <enclosingBlocks/>
      <enclosingBlockNames/>
      <cases>
        <case>
          <duration>0.001</duration>
          <className>com.cumulocity.cep.listeners.CepListenerTest</className>
          <testName>shouldUndeployModulesForSuspendedTenant</testName>
          <skipped>false</skipped>
          <failedSince>0</failedSince>
        </case>
        <case>
          <duration>0.001</duration>
          <className>com.cumulocity.cep.listeners.CepListenerTest</className>
          <testName>shouldDoNothingWhenStatusNotChanged</testName>
          <skipped>false</skipped>
          <failedSince>0</failedSince>
        </case>
        <case>
          <duration>0.0</duration>
          <className>com.cumulocity.cep.listeners.CepListenerTest</className>
          <testName>shouldDoNothingWhenStatusIsNull</testName>
          <skipped>false</skipped>
          <failedSince>0</failedSince>
        </case>
      </cases>
    </suite>
    <suite>
      <file>/var/jenkins_home/workspace/Cumulocity-Platform-Services-BUILD/cep-management/cep-management-service/target/surefire-reports/TEST-com.cumulocity.cep.service.impl.PersistedQueueCanHandleSpecificTypeOfObjectTest.xml</file>
      <name>com.cumulocity.cep.service.impl.PersistedQueueCanHandleSpecificTypeOfObjectTest</name>
      <duration>0.029</duration>
      <time>0.029</time>
      <enclosingBlocks/>
      <enclosingBlockNames/>
      <cases>
        <case>
          <duration>0.018</duration>
          <className>com.cumulocity.cep.service.impl.PersistedQueueCanHandleSpecificTypeOfObjectTest</className>
          <testName>mustPushAndPollAlarmToQueue</testName>
          <skipped>false</skipped>
          <failedSince>0</failedSince>
        </case>
        <case>
          <duration>0.001</duration>
          <className>com.cumulocity.cep.service.impl.PersistedQueueCanHandleSpecificTypeOfObjectTest</className>
          <testName>mustPushAndPollEventToQueue</testName>
          <skipped>false</skipped>
          <failedSince>0</failedSince>
        </case>
        <case>
          <duration>0.003</duration>
          <className>com.cumulocity.cep.service.impl.PersistedQueueCanHandleSpecificTypeOfObjectTest</className>
          <testName>mustPushAndPollManagedObjectToQueue</testName>
          <skipped>false</skipped>
          <failedSince>0</failedSince>
        </case>
        <case>
          <duration>0.002</duration>
          <className>com.cumulocity.cep.service.impl.PersistedQueueCanHandleSpecificTypeOfObjectTest</className>
          <testName>mustPushAndPollMeasurementToQueue</testName>
          <skipped>false</skipped>
          <failedSince>0</failedSince>
        </case>
        <case>
          <duration>0.003</duration>
          <className>com.cumulocity.cep.service.impl.PersistedQueueCanHandleSpecificTypeOfObjectTest</className>
          <testName>mustPushAndPollOperationToQueue</testName>
          <skipped>false</skipped>
          <failedSince>0</failedSince>
        </case>
      </cases>
    </suite>
    <suite>
      <file>/var/jenkins_home/workspace/Cumulocity-Platform-Services-BUILD/cep-management/cep-management-service/target/surefire-reports/TEST-com.cumulocity.cep.service.impl.RemoteComplexEventProcessorImplTest.xml</file>
      <name>com.cumulocity.cep.service.impl.RemoteComplexEventProcessorImplTest</name>
      <duration>0.0</duration>
      <time>0</time>
      <enclosingBlocks/>
      <enclosingBlockNames/>
      <cases>
        <case>
          <duration>0.0</duration>
          <className>com.cumulocity.cep.service.impl.RemoteComplexEventProcessorImplTest</className>
          <testName>com.cumulocity.cep.service.impl.RemoteComplexEventProcessorImplTest</testName>
          <skipped>true</skipped>
          <failedSince>0</failedSince>
        </case>
      </cases>
    </suite>
    <suite>
      <file>/var/jenkins_home/workspace/Cumulocity-Platform-Services-BUILD/devicecontrol/devicecontrol-rest/target/surefire-reports/TEST-com.cumulocity.devicecontrol.rest.notifications.DeviceControlNotificationIntegrationTest.xml</file>
      <name>com.cumulocity.devicecontrol.rest.notifications.DeviceControlNotificationIntegrationTest</name>
      <duration>0.017</duration>
      <time>0.017</time>
      <enclosingBlocks/>
      <enclosingBlockNames/>
      <cases>
        <case>
          <duration>0.0</duration>
          <className>com.cumulocity.devicecontrol.rest.notifications.DeviceControlNotificationIntegrationTest</className>
          <testName>com.cumulocity.devicecontrol.rest.notifications.DeviceControlNotificationIntegrationTest</testName>
          <skipped>true</skipped>
          <failedSince>0</failedSince>
        </case>
      </cases>
    </suite>
    <suite>
      <file>/var/jenkins_home/workspace/Cumulocity-Platform-Services-BUILD/devicecontrol/devicecontrol-rest/target/surefire-reports/TEST-com.cumulocity.devicecontrol.rest.resources.BulkNewDeviceRequestCollectionResourceModuleTest.xml</file>
      <name>com.cumulocity.devicecontrol.rest.resources.BulkNewDeviceRequestCollectionResourceModuleTest</name>
      <duration>0.696</duration>
      <time>0.696</time>
      <enclosingBlocks/>
      <enclosingBlockNames/>
      <cases>
        <case>
          <duration>0.081</duration>
          <className>com.cumulocity.devicecontrol.rest.resources.BulkNewDeviceRequestCollectionResourceModuleTest</className>
          <testName>mustReturnInformationAboutSavedDevicesFromCsvFile</testName>
          <skipped>false</skipped>
          <failedSince>0</failedSince>
        </case>
        <case>
          <duration>0.035</duration>
          <className>com.cumulocity.devicecontrol.rest.resources.BulkNewDeviceRequestCollectionResourceModuleTest</className>
          <testName>mustReturn422ForWrongCsvFile</testName>
          <skipped>false</skipped>
          <failedSince>0</failedSince>
        </case>
        <case>
          <duration>0.036</duration>
          <className>com.cumulocity.devicecontrol.rest.resources.BulkNewDeviceRequestCollectionResourceModuleTest</className>
          <testName>mustReturn400ForNullCsvFile</testName>
          <skipped>false</skipped>
          <failedSince>0</failedSince>
        </case>
        <case>
          <duration>0.036</duration>
          <className>com.cumulocity.devicecontrol.rest.resources.BulkNewDeviceRequestCollectionResourceModuleTest</className>
          <testName>mustCorrectHandleFileWithTabSeparator</testName>
          <skipped>false</skipped>
          <failedSince>0</failedSince>
        </case>
        <case>
          <duration>0.035</duration>
          <className>com.cumulocity.devicecontrol.rest.resources.BulkNewDeviceRequestCollectionResourceModuleTest</className>
          <testName>mustReturn422ErrorCodeForInvocationWithWrongSeparatorDefinition</testName>
          <skipped>false</skipped>
          <failedSince>0</failedSince>
        </case>
        <case>
          <duration>0.04</duration>
          <className>com.cumulocity.devicecontrol.rest.resources.BulkNewDeviceRequestCollectionResourceModuleTest</className>
          <testName>mustReturnInformationAboutAllStatusesDevicesFromCsvFile</testName>
          <skipped>false</skipped>
          <failedSince>0</failedSince>
        </case>
        <case>
          <duration>0.035</duration>
          <className>com.cumulocity.devicecontrol.rest.resources.BulkNewDeviceRequestCollectionResourceModuleTest</className>
          <testName>mustCorrectHandleFileWithCommaSeparator</testName>
          <skipped>false</skipped>
          <failedSince>0</failedSince>
        </case>
        <case>
          <duration>0.033</duration>
          <className>com.cumulocity.devicecontrol.rest.resources.BulkNewDeviceRequestCollectionResourceModuleTest</className>
          <testName>mustReturn422ForCsvFileWithEmptyDataset</testName>
          <skipped>false</skipped>
          <failedSince>0</failedSince>
        </case>
        <case>
          <duration>0.036</duration>
          <className>com.cumulocity.devicecontrol.rest.resources.BulkNewDeviceRequestCollectionResourceModuleTest</className>
          <testName>mustSkipEmptyLines</testName>
          <skipped>false</skipped>
          <failedSince>0</failedSince>
        </case>
        <case>
          <duration>0.035</duration>
          <className>com.cumulocity.devicecontrol.rest.resources.BulkNewDeviceRequestCollectionResourceModuleTest</className>
          <testName>mustSupportFileWithCsvMediaType</testName>
          <skipped>false</skipped>
          <failedSince>0</failedSince>
        </case>
        <case>
          <duration>0.034</duration>
          <className>com.cumulocity.devicecontrol.rest.resources.BulkNewDeviceRequestCollectionResourceModuleTest</className>
          <testName>mustSupportFileWithExcelMediaType</testName>
          <skipped>false</skipped>
          <failedSince>0</failedSince>
        </case>
        <case>
          <duration>0.032</duration>
          <className>com.cumulocity.devicecontrol.rest.resources.BulkNewDeviceRequestCollectionResourceModuleTest</className>
          <testName>mustReturn422ForFileWithUnsupportedMediaType</testName>
          <skipped>false</skipped>
          <failedSince>0</failedSince>
        </case>
        <case>
          <duration>0.035</duration>
          <className>com.cumulocity.devicecontrol.rest.resources.BulkNewDeviceRequestCollectionResourceModuleTest</className>
          <testName>mustCreate3ManagedObjectFromCsvFile</testName>
          <skipped>false</skipped>
          <failedSince>0</failedSince>
        </case>
        <case>
          <duration>0.035</duration>
          <className>com.cumulocity.devicecontrol.rest.resources.BulkNewDeviceRequestCollectionResourceModuleTest</className>
          <testName>mustDiscardEmptyHeaders</testName>
          <skipped>false</skipped>
          <failedSince>0</failedSince>
        </case>
        <case>
          <duration>0.036</duration>
          <className>com.cumulocity.devicecontrol.rest.resources.BulkNewDeviceRequestCollectionResourceModuleTest</className>
          <testName>mustCreate3DeviceIdentityMappingFromCsvFile</testName>
          <skipped>false</skipped>
          <failedSince>0</failedSince>
        </case>
        <case>
          <duration>0.039</duration>
          <className>com.cumulocity.devicecontrol.rest.resources.BulkNewDeviceRequestCollectionResourceModuleTest</className>
          <testName>mustCreateGroupsFromCsvFile</testName>
          <skipped>false</skipped>
          <failedSince>0</failedSince>
        </case>
        <case>
          <duration>0.031</duration>
          <className>com.cumulocity.devicecontrol.rest.resources.BulkNewDeviceRequestCollectionResourceModuleTest</className>
          <testName>mustRejectAllDevicesWhenLimitIsReached</testName>
          <skipped>false</skipped>
          <failedSince>0</failedSince>
        </case>
        <case>
          <duration>0.046</duration>
          <className>com.cumulocity.devicecontrol.rest.resources.BulkNewDeviceRequestCollectionResourceModuleTest</className>
          <testName>mustRejectNextDevicesWhenReachesLimit</testName>
          <skipped>false</skipped>
          <failedSince>0</failedSince>
        </case>
      </cases>
    </suite>
    <suite>
      <file>/var/jenkins_home/workspace/Cumulocity-Platform-Services-BUILD/devicecontrol/devicecontrol-rest/target/surefire-reports/TEST-com.cumulocity.devicecontrol.rest.resources.BulkOperationCollectionResourceModuleTest.xml</file>
      <name>com.cumulocity.devicecontrol.rest.resources.BulkOperationCollectionResourceModuleTest</name>
      <duration>4.441</duration>
      <time>4.441</time>
      <enclosingBlocks/>
      <enclosingBlockNames/>
      <cases>
        <case>
          <duration>3.962</duration>
          <className>com.cumulocity.devicecontrol.rest.resources.BulkOperationCollectionResourceModuleTest</className>
          <testName>postShouldRescheduleFailedDevicesNewBulkOperation</testName>
          <skipped>false</skipped>
          <failedSince>0</failedSince>
        </case>
        <case>
          <duration>0.067</duration>
          <className>com.cumulocity.devicecontrol.rest.resources.BulkOperationCollectionResourceModuleTest</className>
          <testName>getOnCollectionShouldReturnOperationCollection</testName>
          <skipped>false</skipped>
          <failedSince>0</failedSince>
        </case>
        <case>
          <duration>0.074</duration>
          <className>com.cumulocity.devicecontrol.rest.resources.BulkOperationCollectionResourceModuleTest</className>
          <testName>getOnCollectionShouldReturnBulkOperationCollectionFilteredByGroupId</testName>
          <skipped>false</skipped>
          <failedSince>0</failedSince>
        </case>
        <case>
          <duration>0.078</duration>
          <className>com.cumulocity.devicecontrol.rest.resources.BulkOperationCollectionResourceModuleTest</className>
          <testName>getOnCollectionShouldReturnBulkOperationCollectionFilteredWithDeleted</testName>
          <skipped>false</skipped>
          <failedSince>0</failedSince>
        </case>
        <case>
          <duration>0.08</duration>
          <className>com.cumulocity.devicecontrol.rest.resources.BulkOperationCollectionResourceModuleTest</className>
          <testName>getOnCollectionShouldReturnBulkOperationCollectionFilteredByGroupIdAndWithDeleted</testName>
          <skipped>false</skipped>
          <failedSince>0</failedSince>
        </case>
        <case>
          <duration>0.083</duration>
          <className>com.cumulocity.devicecontrol.rest.resources.BulkOperationCollectionResourceModuleTest</className>
          <testName>postShouldCreateNewBulkOperation</testName>
          <skipped>false</skipped>
          <failedSince>0</failedSince>
        </case>
      </cases>
    </suite>
    <suite>
      <file>/var/jenkins_home/workspace/Cumulocity-Platform-Services-BUILD/devicecontrol/devicecontrol-rest/target/surefire-reports/TEST-com.cumulocity.devicecontrol.rest.resources.BulkOperationCollectionResourceTest.xml</file>
      <name>com.cumulocity.devicecontrol.rest.resources.BulkOperationCollectionResourceTest</name>
      <duration>0.014</duration>
      <time>0.014</time>
      <enclosingBlocks/>
      <enclosingBlockNames/>
      <cases>
        <case>
          <duration>0.012</duration>
          <className>com.cumulocity.devicecontrol.rest.resources.BulkOperationCollectionResourceTest</className>
          <testName>mustPostCreateNewBulkOperationForGroup</testName>
          <skipped>false</skipped>
          <failedSince>0</failedSince>
        </case>
        <case>
          <duration>0.001</duration>
          <className>com.cumulocity.devicecontrol.rest.resources.BulkOperationCollectionResourceTest</className>
          <testName>mustPostReturnErrorWhenGroupIdAndParentIdBothAreNull</testName>
          <skipped>false</skipped>
          <failedSince>0</failedSince>
        </case>
        <case>
          <duration>0.0</duration>
          <className>com.cumulocity.devicecontrol.rest.resources.BulkOperationCollectionResourceTest</className>
          <testName>mustPostReturnErrorWhenGroupIdAndParentIdBothAreNotNull</testName>
          <skipped>false</skipped>
          <failedSince>0</failedSince>
        </case>
        <case>
          <duration>0.001</duration>
          <className>com.cumulocity.devicecontrol.rest.resources.BulkOperationCollectionResourceTest</className>
          <testName>mustPostRescheduleNewBulkOperationForParent</testName>
          <skipped>false</skipped>
          <failedSince>0</failedSince>
        </case>
      </cases>
    </suite>
    <suite>
      <file>/var/jenkins_home/workspace/Cumulocity-Platform-Services-BUILD/devicecontrol/devicecontrol-rest/target/surefire-reports/TEST-com.cumulocity.devicecontrol.rest.resources.BulkOperationResourceModuleTest.xml</file>
      <name>com.cumulocity.devicecontrol.rest.resources.BulkOperationResourceModuleTest</name>
      <duration>0.196</duration>
      <time>0.196</time>
      <enclosingBlocks/>
      <enclosingBlockNames/>
      <cases>
        <case>
          <duration>0.033</duration>
          <className>com.cumulocity.devicecontrol.rest.resources.BulkOperationResourceModuleTest</className>
          <testName>getShouldThrow404WhenBulkOperationNotExists</testName>
          <skipped>false</skipped>
          <failedSince>0</failedSince>
        </case>
        <case>
          <duration>0.033</duration>
          <className>com.cumulocity.devicecontrol.rest.resources.BulkOperationResourceModuleTest</className>
          <testName>getShouldReturnExistingBulkOperation</testName>
          <skipped>false</skipped>
          <failedSince>0</failedSince>
        </case>
        <case>
          <duration>0.034</duration>
          <className>com.cumulocity.devicecontrol.rest.resources.BulkOperationResourceModuleTest</className>
          <testName>getShouldUpdateThrow404WhenBulkOperationNotExists</testName>
          <skipped>false</skipped>
          <failedSince>0</failedSince>
        </case>
        <case>
          <duration>0.035</duration>
          <className>com.cumulocity.devicecontrol.rest.resources.BulkOperationResourceModuleTest</className>
          <testName>getShouldUpdateExistingBulkOperation</testName>
          <skipped>false</skipped>
          <failedSince>0</failedSince>
        </case>
        <case>
          <duration>0.029</duration>
          <className>com.cumulocity.devicecontrol.rest.resources.BulkOperationResourceModuleTest</className>
          <testName>getDeleteExistingBulkOperation</testName>
          <skipped>false</skipped>
          <failedSince>0</failedSince>
        </case>
        <case>
          <duration>0.03</duration>
          <className>com.cumulocity.devicecontrol.rest.resources.BulkOperationResourceModuleTest</className>
          <testName>shouldReturn404WhenBulkOperationNotExists</testName>
          <skipped>false</skipped>
          <failedSince>0</failedSince>
        </case>
      </cases>
    </suite>
    <suite>
      <file>/var/jenkins_home/workspace/Cumulocity-Platform-Services-BUILD/devicecontrol/devicecontrol-rest/target/surefire-reports/TEST-com.cumulocity.devicecontrol.rest.resources.BulkOperationResourceTest.xml</file>
      <name>com.cumulocity.devicecontrol.rest.resources.BulkOperationResourceTest</name>
      <duration>0.01</duration>
      <time>0.01</time>
      <enclosingBlocks/>
      <enclosingBlockNames/>
      <cases>
        <case>
          <duration>0.001</duration>
          <className>com.cumulocity.devicecontrol.rest.resources.BulkOperationResourceTest</className>
          <testName>mustThrowPropertyValidationExceptionForNonNumberIdInGetMethod</testName>
          <skipped>false</skipped>
          <failedSince>0</failedSince>
        </case>
        <case>
          <duration>0.008</duration>
          <className>com.cumulocity.devicecontrol.rest.resources.BulkOperationResourceTest</className>
          <testName>mustThrowPropertyValidationExceptionForNonNumberIdInPutMethod</testName>
          <skipped>false</skipped>
          <failedSince>0</failedSince>
        </case>
        <case>
          <duration>0.0</duration>
          <className>com.cumulocity.devicecontrol.rest.resources.BulkOperationResourceTest</className>
          <testName>mustThrowPropertyValidationExceptionForNonNumberIdInRemoveMethod</testName>
          <skipped>false</skipped>
          <failedSince>0</failedSince>
        </case>
        <case>
          <duration>0.0</duration>
          <className>com.cumulocity.devicecontrol.rest.resources.BulkOperationResourceTest</className>
          <testName>mustReturnTrueIsTrueForLowercaseTrue</testName>
          <skipped>false</skipped>
          <failedSince>0</failedSince>
        </case>
        <case>
          <duration>0.0</duration>
          <className>com.cumulocity.devicecontrol.rest.resources.BulkOperationResourceTest</className>
          <testName>mustReturnTrueIsTrueForUppercaseTrue</testName>
          <skipped>false</skipped>
          <failedSince>0</failedSince>
        </case>
        <case>
          <duration>0.0</duration>
          <className>com.cumulocity.devicecontrol.rest.resources.BulkOperationResourceTest</className>
          <testName>mustReturnFalseIsTrueForAnyString</testName>
          <skipped>false</skipped>
          <failedSince>0</failedSince>
        </case>
        <case>
          <duration>0.0</duration>
          <className>com.cumulocity.devicecontrol.rest.resources.BulkOperationResourceTest</className>
          <testName>mustReturnFalseIsTrueForNull</testName>
          <skipped>false</skipped>
          <failedSince>0</failedSince>
        </case>
      </cases>
    </suite>
    <suite>
      <file>/var/jenkins_home/workspace/Cumulocity-Platform-Services-BUILD/devicecontrol/devicecontrol-rest/target/surefire-reports/TEST-com.cumulocity.devicecontrol.rest.resources.DeviceCredentialsResourceModuleTest.xml</file>
      <name>com.cumulocity.devicecontrol.rest.resources.DeviceCredentialsResourceModuleTest</name>
      <duration>0.081</duration>
      <time>0.081</time>
      <enclosingBlocks/>
      <enclosingBlockNames/>
      <cases>
        <case>
          <duration>0.079</duration>
          <className>com.cumulocity.devicecontrol.rest.resources.DeviceCredentialsResourceModuleTest</className>
          <testName>shouldGetDeviceCredentials</testName>
          <skipped>false</skipped>
          <failedSince>0</failedSince>
        </case>
      </cases>
    </suite>
    <suite>
      <file>/var/jenkins_home/workspace/Cumulocity-Platform-Services-BUILD/devicecontrol/devicecontrol-rest/target/surefire-reports/TEST-com.cumulocity.devicecontrol.rest.resources.DevicesLimitDetailsResourceTest.xml</file>
      <name>com.cumulocity.devicecontrol.rest.resources.DevicesLimitDetailsResourceTest</name>
      <duration>0.082</duration>
      <time>0.082</time>
      <enclosingBlocks/>
      <enclosingBlockNames/>
      <cases>
        <case>
          <duration>0.039</duration>
          <className>com.cumulocity.devicecontrol.rest.resources.DevicesLimitDetailsResourceTest</className>
          <testName>should_return_devicesLimitDetails_when_limit_is_not_set</testName>
          <skipped>false</skipped>
          <failedSince>0</failedSince>
        </case>
        <case>
          <duration>0.042</duration>
          <className>com.cumulocity.devicecontrol.rest.resources.DevicesLimitDetailsResourceTest</className>
          <testName>should_return_devicesLimitDetails_when_limit_is_set</testName>
          <skipped>false</skipped>
          <failedSince>0</failedSince>
        </case>
      </cases>
    </suite>
    <suite>
      <file>/var/jenkins_home/workspace/Cumulocity-Platform-Services-BUILD/devicecontrol/devicecontrol-rest/target/surefire-reports/TEST-com.cumulocity.devicecontrol.rest.resources.NewDeviceRequestCollectionResourceModuleTest.xml</file>
      <name>com.cumulocity.devicecontrol.rest.resources.NewDeviceRequestCollectionResourceModuleTest</name>
      <duration>0.287</duration>
      <time>0.287</time>
      <enclosingBlocks/>
      <enclosingBlockNames/>
      <cases>
        <case>
          <duration>0.034</duration>
          <className>com.cumulocity.devicecontrol.rest.resources.NewDeviceRequestCollectionResourceModuleTest</className>
          <testName>shouldNotAllowCreateNewDeviceRequestWithStatusSpecified</testName>
          <skipped>false</skipped>
          <failedSince>0</failedSince>
        </case>
        <case>
          <duration>0.029</duration>
          <className>com.cumulocity.devicecontrol.rest.resources.NewDeviceRequestCollectionResourceModuleTest</className>
          <testName>shouldNotAllowCreateNewDeviceRequestWithNoIdSpecified</testName>
          <skipped>false</skipped>
          <failedSince>0</failedSince>
        </case>
        <case>
          <duration>0.035</duration>
          <className>com.cumulocity.devicecontrol.rest.resources.NewDeviceRequestCollectionResourceModuleTest</className>
          <testName>shouldAllowCreateNewDeviceRequestWithTenantIdByManagementTenant</testName>
          <skipped>false</skipped>
          <failedSince>0</failedSince>
        </case>
        <case>
          <duration>0.027</duration>
          <className>com.cumulocity.devicecontrol.rest.resources.NewDeviceRequestCollectionResourceModuleTest</className>
          <testName>shouldNotAllowCreateNewDeviceRequestWithTenantIdByNoManagementTenant</testName>
          <skipped>false</skipped>
          <failedSince>0</failedSince>
        </case>
        <case>
          <duration>0.032</duration>
          <className>com.cumulocity.devicecontrol.rest.resources.NewDeviceRequestCollectionResourceModuleTest</className>
          <testName>postShouldReturnUriOfNewObject</testName>
          <skipped>false</skipped>
          <failedSince>0</failedSince>
        </case>
        <case>
          <duration>0.029</duration>
          <className>com.cumulocity.devicecontrol.rest.resources.NewDeviceRequestCollectionResourceModuleTest</className>
          <testName>shouldRejectTooLongId</testName>
          <skipped>false</skipped>
          <failedSince>0</failedSince>
        </case>
        <case>
          <duration>0.029</duration>
          <className>com.cumulocity.devicecontrol.rest.resources.NewDeviceRequestCollectionResourceModuleTest</className>
          <testName>shouldRejectEmptyId</testName>
          <skipped>false</skipped>
          <failedSince>0</failedSince>
        </case>
        <case>
          <duration>0.037</duration>
          <className>com.cumulocity.devicecontrol.rest.resources.NewDeviceRequestCollectionResourceModuleTest</className>
          <testName>shoudRejectProhibitedIds</testName>
          <skipped>false</skipped>
          <failedSince>0</failedSince>
        </case>
        <case>
          <duration>0.033</duration>
          <className>com.cumulocity.devicecontrol.rest.resources.NewDeviceRequestCollectionResourceModuleTest</className>
          <testName>shouldRejectIdsWithProhibitedCharacters</testName>
          <skipped>false</skipped>
          <failedSince>0</failedSince>
        </case>
      </cases>
    </suite>
    <suite>
      <file>/var/jenkins_home/workspace/Cumulocity-Platform-Services-BUILD/devicecontrol/devicecontrol-rest/target/surefire-reports/TEST-com.cumulocity.devicecontrol.rest.resources.OperationCollectionResourceGetTest.xml</file>
      <name>com.cumulocity.devicecontrol.rest.resources.OperationCollectionResourceGetTest</name>
      <duration>0.08</duration>
      <time>0.08</time>
      <enclosingBlocks/>
      <enclosingBlockNames/>
      <cases>
        <case>
          <duration>0.006</duration>
          <className>com.cumulocity.devicecontrol.rest.resources.OperationCollectionResourceGetTest</className>
          <testName>shouldQueryAll</testName>
          <skipped>false</skipped>
          <failedSince>0</failedSince>
        </case>
        <case>
          <duration>0.063</duration>
          <className>com.cumulocity.devicecontrol.rest.resources.OperationCollectionResourceGetTest</className>
          <testName>shouldCallNameFiller</testName>
          <skipped>false</skipped>
          <failedSince>0</failedSince>
        </case>
        <case>
          <duration>0.001</duration>
          <className>com.cumulocity.devicecontrol.rest.resources.OperationCollectionResourceGetTest</className>
          <testName>shouldReturnCollectionByAgentId</testName>
          <skipped>false</skipped>
          <failedSince>0</failedSince>
        </case>
        <case>
          <duration>0.001</duration>
          <className>com.cumulocity.devicecontrol.rest.resources.OperationCollectionResourceGetTest</className>
          <testName>shouldReturnCollectionByDeviceId</testName>
          <skipped>false</skipped>
          <failedSince>0</failedSince>
        </case>
        <case>
          <duration>0.001</duration>
          <className>com.cumulocity.devicecontrol.rest.resources.OperationCollectionResourceGetTest</className>
          <testName>shouldReturnAllOperationsFilteredByStatus</testName>
          <skipped>false</skipped>
          <failedSince>0</failedSince>
        </case>
        <case>
          <duration>0.001</duration>
          <className>com.cumulocity.devicecontrol.rest.resources.OperationCollectionResourceGetTest</className>
          <testName>shouldReturnCollectionByAgentIdAndStatus</testName>
          <skipped>false</skipped>
          <failedSince>0</failedSince>
        </case>
        <case>
          <duration>0.001</duration>
          <className>com.cumulocity.devicecontrol.rest.resources.OperationCollectionResourceGetTest</className>
          <testName>shouldReturnCollectionByDeviceIdAndStatus</testName>
          <skipped>false</skipped>
          <failedSince>0</failedSince>
        </case>
        <case>
          <duration>0.0</duration>
          <className>com.cumulocity.devicecontrol.rest.resources.OperationCollectionResourceGetTest</className>
          <testName>shouldReturnCollectionByFragmentTypeAndDeviceId</testName>
          <skipped>false</skipped>
          <failedSince>0</failedSince>
        </case>
        <case>
          <duration>0.001</duration>
          <className>com.cumulocity.devicecontrol.rest.resources.OperationCollectionResourceGetTest</className>
          <testName>shouldReturnCollectionByFragmentTypeAndDeviceIdAndStatus</testName>
          <skipped>false</skipped>
          <failedSince>0</failedSince>
        </case>
        <case>
          <duration>0.001</duration>
          <className>com.cumulocity.devicecontrol.rest.resources.OperationCollectionResourceGetTest</className>
          <testName>shouldThrowPropertyValidationException</testName>
          <skipped>false</skipped>
          <failedSince>0</failedSince>
        </case>
        <case>
          <duration>0.001</duration>
          <className>com.cumulocity.devicecontrol.rest.resources.OperationCollectionResourceGetTest</className>
          <testName>shouldRaiseExceptionIfAgentIDandDeviceIDGiven</testName>
          <skipped>false</skipped>
          <failedSince>0</failedSince>
        </case>
        <case>
          <duration>0.001</duration>
          <className>com.cumulocity.devicecontrol.rest.resources.OperationCollectionResourceGetTest</className>
          <testName>shouldReturnCollectionByFromDateAndToDate</testName>
          <skipped>false</skipped>
          <failedSince>0</failedSince>
        </case>
      </cases>
    </suite>
    <suite>
      <file>/var/jenkins_home/workspace/Cumulocity-Platform-Services-BUILD/devicecontrol/devicecontrol-rest/target/surefire-reports/TEST-com.cumulocity.devicecontrol.rest.resources.OperationCollectionResourceModuleTest.xml</file>
      <name>com.cumulocity.devicecontrol.rest.resources.OperationCollectionResourceModuleTest</name>
      <duration>0.758</duration>
      <time>0.758</time>
      <enclosingBlocks/>
      <enclosingBlockNames/>
      <cases>
        <case>
          <duration>0.078</duration>
          <className>com.cumulocity.devicecontrol.rest.resources.OperationCollectionResourceModuleTest</className>
          <testName>getOnCollectionShouldReturnOperationCollection</testName>
          <skipped>false</skipped>
          <failedSince>0</failedSince>
        </case>
        <case>
          <duration>0.052</duration>
          <className>com.cumulocity.devicecontrol.rest.resources.OperationCollectionResourceModuleTest</className>
          <testName>postShouldCreateNewOperation</testName>
          <skipped>false</skipped>
          <failedSince>0</failedSince>
        </case>
        <case>
          <duration>0.05</duration>
          <className>com.cumulocity.devicecontrol.rest.resources.OperationCollectionResourceModuleTest</className>
          <testName>getOnCollectionWithTwoParametersShouldReturnError</testName>
          <skipped>false</skipped>
          <failedSince>0</failedSince>
        </case>
        <case>
          <duration>0.043</duration>
          <className>com.cumulocity.devicecontrol.rest.resources.OperationCollectionResourceModuleTest</className>
          <testName>getOnCollectionShouldReturnOperationCollectionFilteredByStatus</testName>
          <skipped>false</skipped>
          <failedSince>0</failedSince>
        </case>
        <case>
          <duration>0.041</duration>
          <className>com.cumulocity.devicecontrol.rest.resources.OperationCollectionResourceModuleTest</className>
          <testName>getOnCollectionIncorrectStatus</testName>
          <skipped>false</skipped>
          <failedSince>0</failedSince>
        </case>
        <case>
          <duration>0.043</duration>
          <className>com.cumulocity.devicecontrol.rest.resources.OperationCollectionResourceModuleTest</className>
          <testName>collectionItemsActuallyContainData</testName>
          <skipped>false</skipped>
          <failedSince>0</failedSince>
        </case>
        <case>
          <duration>0.042</duration>
          <className>com.cumulocity.devicecontrol.rest.resources.OperationCollectionResourceModuleTest</className>
          <testName>getOnCollectionShouldFilterOnDeviceId</testName>
          <skipped>false</skipped>
          <failedSince>0</failedSince>
        </case>
        <case>
          <duration>0.051</duration>
          <className>com.cumulocity.devicecontrol.rest.resources.OperationCollectionResourceModuleTest</className>
          <testName>getOnCollectionShouldFilterOnDeviceIdAndStatus</testName>
          <skipped>false</skipped>
          <failedSince>0</failedSince>
        </case>
        <case>
          <duration>0.062</duration>
          <className>com.cumulocity.devicecontrol.rest.resources.OperationCollectionResourceModuleTest</className>
          <testName>getOnCollectionShouldFilterOnAgentId</testName>
          <skipped>false</skipped>
          <failedSince>0</failedSince>
        </case>
        <case>
          <duration>0.05</duration>
          <className>com.cumulocity.devicecontrol.rest.resources.OperationCollectionResourceModuleTest</className>
          <testName>getOnCollectionShouldFilterOnAgentIdAndStatus</testName>
          <skipped>false</skipped>
          <failedSince>0</failedSince>
        </case>
        <case>
          <duration>0.038</duration>
          <className>com.cumulocity.devicecontrol.rest.resources.OperationCollectionResourceModuleTest</className>
          <testName>getOnCollectionShouldReturnNextAndPrevLinks</testName>
          <skipped>false</skipped>
          <failedSince>0</failedSince>
        </case>
        <case>
          <duration>0.048</duration>
          <className>com.cumulocity.devicecontrol.rest.resources.OperationCollectionResourceModuleTest</className>
          <testName>deleteByQueryShouldCallServiceProperly</testName>
          <skipped>false</skipped>
          <failedSince>0</failedSince>
        </case>
        <case>
          <duration>0.039</duration>
          <className>com.cumulocity.devicecontrol.rest.resources.OperationCollectionResourceModuleTest</className>
          <testName>getOnCollectionShouldFilterOnBulkOperationId</testName>
          <skipped>false</skipped>
          <failedSince>0</failedSince>
        </case>
        <case>
          <duration>0.049</duration>
          <className>com.cumulocity.devicecontrol.rest.resources.OperationCollectionResourceModuleTest</className>
          <testName>postWithIdShouldNotCreateNewOperation</testName>
          <skipped>false</skipped>
          <failedSince>0</failedSince>
        </case>
        <case>
          <duration>0.033</duration>
          <className>com.cumulocity.devicecontrol.rest.resources.OperationCollectionResourceModuleTest</className>
          <testName>postWithoutMandatoryFieldShouldNotCreateNewOperation</testName>
          <skipped>false</skipped>
          <failedSince>0</failedSince>
        </case>
        <case>
          <duration>0.035</duration>
          <className>com.cumulocity.devicecontrol.rest.resources.OperationCollectionResourceModuleTest</className>
          <testName>postWithoutWeakTypedPropertyShouldNotCreateNewOperation</testName>
          <skipped>false</skipped>
          <failedSince>0</failedSince>
        </case>
      </cases>
    </suite>
    <suite>
      <file>/var/jenkins_home/workspace/Cumulocity-Platform-Services-BUILD/devicecontrol/devicecontrol-rest/target/surefire-reports/TEST-com.cumulocity.devicecontrol.rest.resources.OperationCollectionResourceSecurityTest.xml</file>
      <name>com.cumulocity.devicecontrol.rest.resources.OperationCollectionResourceSecurityTest</name>
      <duration>1.121</duration>
      <time>1.121</time>
      <enclosingBlocks/>
      <enclosingBlockNames/>
      <cases>
        <case>
          <duration>1.097</duration>
          <className>com.cumulocity.devicecontrol.rest.resources.OperationCollectionResourceSecurityTest</className>
          <testName>shouldCreate</testName>
          <skipped>false</skipped>
          <failedSince>0</failedSince>
        </case>
        <case>
          <duration>0.01</duration>
          <className>com.cumulocity.devicecontrol.rest.resources.OperationCollectionResourceSecurityTest</className>
          <testName>shouldCreateOperationWhenHasDevicePermission</testName>
          <skipped>false</skipped>
          <failedSince>0</failedSince>
        </case>
        <case>
          <duration>0.005</duration>
          <className>com.cumulocity.devicecontrol.rest.resources.OperationCollectionResourceSecurityTest</className>
          <testName>shouldFailCreateOperationWhenHasNoDevicePermission</testName>
          <skipped>false</skipped>
          <failedSince>0</failedSince>
        </case>
        <case>
          <duration>0.004</duration>
          <className>com.cumulocity.devicecontrol.rest.resources.OperationCollectionResourceSecurityTest</className>
          <testName>shouldFailWithAccessDeniedException</testName>
          <skipped>false</skipped>
          <failedSince>0</failedSince>
        </case>
      </cases>
    </suite>
    <suite>
      <file>/var/jenkins_home/workspace/Cumulocity-Platform-Services-BUILD/devicecontrol/devicecontrol-rest/target/surefire-reports/TEST-com.cumulocity.devicecontrol.rest.resources.OperationResourceModuleTest.xml</file>
      <name>com.cumulocity.devicecontrol.rest.resources.OperationResourceModuleTest</name>
      <duration>0.224</duration>
      <time>0.224</time>
      <enclosingBlocks/>
      <enclosingBlockNames/>
      <cases>
        <case>
          <duration>0.037</duration>
          <className>com.cumulocity.devicecontrol.rest.resources.OperationResourceModuleTest</className>
          <testName>putWithIdShouldCauseException</testName>
          <skipped>false</skipped>
          <failedSince>0</failedSince>
        </case>
        <case>
          <duration>0.051</duration>
          <className>com.cumulocity.devicecontrol.rest.resources.OperationResourceModuleTest</className>
          <testName>getShouldReturn404WhenOperationNotExist</testName>
          <skipped>false</skipped>
          <failedSince>0</failedSince>
        </case>
        <case>
          <duration>0.038</duration>
          <className>com.cumulocity.devicecontrol.rest.resources.OperationResourceModuleTest</className>
          <testName>getShouldReturn500WhenOperationServiceFails</testName>
          <skipped>false</skipped>
          <failedSince>0</failedSince>
        </case>
        <case>
          <duration>0.031</duration>
          <className>com.cumulocity.devicecontrol.rest.resources.OperationResourceModuleTest</className>
          <testName>getShouldReturnExistingOperation</testName>
          <skipped>false</skipped>
          <failedSince>0</failedSince>
        </case>
        <case>
          <duration>0.031</duration>
          <className>com.cumulocity.devicecontrol.rest.resources.OperationResourceModuleTest</className>
          <testName>putWithNotUpdateAblePropertyShouldCauseException</testName>
          <skipped>false</skipped>
          <failedSince>0</failedSince>
        </case>
        <case>
          <duration>0.034</duration>
          <className>com.cumulocity.devicecontrol.rest.resources.OperationResourceModuleTest</className>
          <testName>putShouldChangeStatusOfExistingOperation</testName>
          <skipped>false</skipped>
          <failedSince>0</failedSince>
        </case>
      </cases>
    </suite>
    <suite>
      <file>/var/jenkins_home/workspace/Cumulocity-Platform-Services-BUILD/devicecontrol/devicecontrol-rest/target/surefire-reports/TEST-com.cumulocity.devicecontrol.rest.resources.OperationResourceSecurityTest.xml</file>
      <name>com.cumulocity.devicecontrol.rest.resources.OperationResourceSecurityTest</name>
      <duration>0.049</duration>
      <time>0.049</time>
      <enclosingBlocks/>
      <enclosingBlockNames/>
      <cases>
        <case>
          <duration>0.026</duration>
          <className>com.cumulocity.devicecontrol.rest.resources.OperationResourceSecurityTest</className>
          <testName>shouldUpdate</testName>
          <skipped>false</skipped>
          <failedSince>0</failedSince>
        </case>
        <case>
          <duration>0.004</duration>
          <className>com.cumulocity.devicecontrol.rest.resources.OperationResourceSecurityTest</className>
          <testName>shouldFailUpdateOperationWhenHasNoDevicePermission</testName>
          <skipped>false</skipped>
          <failedSince>0</failedSince>
        </case>
        <case>
          <duration>0.005</duration>
          <className>com.cumulocity.devicecontrol.rest.resources.OperationResourceSecurityTest</className>
          <testName>putShouldFailWithAccessDeniedException</testName>
          <skipped>false</skipped>
          <failedSince>0</failedSince>
        </case>
        <case>
          <duration>0.005</duration>
          <className>com.cumulocity.devicecontrol.rest.resources.OperationResourceSecurityTest</className>
          <testName>shouldReadOperationWhenHasDevicePermission</testName>
          <skipped>false</skipped>
          <failedSince>0</failedSince>
        </case>
        <case>
          <duration>0.003</duration>
          <className>com.cumulocity.devicecontrol.rest.resources.OperationResourceSecurityTest</className>
          <testName>shouldFailReadOperationWhenHasNoDevicePermission</testName>
          <skipped>false</skipped>
          <failedSince>0</failedSince>
        </case>
        <case>
          <duration>0.003</duration>
          <className>com.cumulocity.devicecontrol.rest.resources.OperationResourceSecurityTest</className>
          <testName>shouldUpdateOperationWhenHasDevicePermission</testName>
          <skipped>false</skipped>
          <failedSince>0</failedSince>
        </case>
      </cases>
    </suite>
    <suite>
      <file>/var/jenkins_home/workspace/Cumulocity-Platform-Services-BUILD/devicecontrol/devicecontrol-rest/target/surefire-reports/TEST-com.cumulocity.devicecontrol.rest.resources.OperationResourceTest.xml</file>
      <name>com.cumulocity.devicecontrol.rest.resources.OperationResourceTest</name>
      <duration>0.0</duration>
      <time>0</time>
      <enclosingBlocks/>
      <enclosingBlockNames/>
      <cases>
        <case>
          <duration>0.0</duration>
          <className>com.cumulocity.devicecontrol.rest.resources.OperationResourceTest</className>
          <testName>shouldThrowInvalidExceptionWhenInvalidStatus</testName>
          <skipped>false</skipped>
          <failedSince>0</failedSince>
        </case>
      </cases>
    </suite>
    <suite>
      <file>/var/jenkins_home/workspace/Cumulocity-Platform-Services-BUILD/devicecontrol/devicecontrol-rest/target/surefire-reports/TEST-com.cumulocity.devicecontrol.rest.resources.api.DeviceControlApiResourceTest.xml</file>
      <name>com.cumulocity.devicecontrol.rest.resources.api.DeviceControlApiResourceTest</name>
      <duration>0.005</duration>
      <time>0.005</time>
      <enclosingBlocks/>
      <enclosingBlockNames/>
      <cases>
        <case>
          <duration>0.005</duration>
          <className>com.cumulocity.devicecontrol.rest.resources.api.DeviceControlApiResourceTest</className>
          <testName>get</testName>
          <skipped>false</skipped>
          <failedSince>0</failedSince>
        </case>
      </cases>
    </suite>
    <suite>
      <file>/var/jenkins_home/workspace/Cumulocity-Platform-Services-BUILD/devicecontrol/devicecontrol-rest/target/surefire-reports/TEST-com.cumulocity.devicecontrol.rest.resources.newdevice.bulk.BulkProvisionHandlerTest.xml</file>
      <name>com.cumulocity.devicecontrol.rest.resources.newdevice.bulk.BulkProvisionHandlerTest</name>
      <duration>0.005</duration>
      <time>0.005</time>
      <enclosingBlocks/>
      <enclosingBlockNames/>
      <cases>
        <case>
          <duration>0.0</duration>
          <className>com.cumulocity.devicecontrol.rest.resources.newdevice.bulk.BulkProvisionHandlerTest</className>
          <testName>mustCorrectUpdateManagedObjectInSession</testName>
          <skipped>false</skipped>
          <failedSince>0</failedSince>
        </case>
        <case>
          <duration>0.001</duration>
          <className>com.cumulocity.devicecontrol.rest.resources.newdevice.bulk.BulkProvisionHandlerTest</className>
          <testName>mustForProcessingResultEmptyAddToEmptyReturnEmpty</testName>
          <skipped>false</skipped>
          <failedSince>0</failedSince>
        </case>
        <case>
          <duration>0.0</duration>
          <className>com.cumulocity.devicecontrol.rest.resources.newdevice.bulk.BulkProvisionHandlerTest</className>
          <testName>mustForProcessingResultEmptyAddToCreatedReturnCreated</testName>
          <skipped>false</skipped>
          <failedSince>0</failedSince>
        </case>
        <case>
          <duration>0.0</duration>
          <className>com.cumulocity.devicecontrol.rest.resources.newdevice.bulk.BulkProvisionHandlerTest</className>
          <testName>mustForProcessingResultEmptyAddToUpdatedReturnUpdated</testName>
          <skipped>false</skipped>
          <failedSince>0</failedSince>
        </case>
        <case>
          <duration>0.0</duration>
          <className>com.cumulocity.devicecontrol.rest.resources.newdevice.bulk.BulkProvisionHandlerTest</className>
          <testName>mustForProcessingResultCreatedAddToEmptyReturnCreated</testName>
          <skipped>false</skipped>
          <failedSince>0</failedSince>
        </case>
        <case>
          <duration>0.0</duration>
          <className>com.cumulocity.devicecontrol.rest.resources.newdevice.bulk.BulkProvisionHandlerTest</className>
          <testName>mustForProcessingResultCreatedAddToCreatedReturnCreated</testName>
          <skipped>false</skipped>
          <failedSince>0</failedSince>
        </case>
        <case>
          <duration>0.0</duration>
          <className>com.cumulocity.devicecontrol.rest.resources.newdevice.bulk.BulkProvisionHandlerTest</className>
          <testName>mustForProcessingResultCreatedAddToUpdatedReturnUpdated</testName>
          <skipped>false</skipped>
          <failedSince>0</failedSince>
        </case>
        <case>
          <duration>0.0</duration>
          <className>com.cumulocity.devicecontrol.rest.resources.newdevice.bulk.BulkProvisionHandlerTest</className>
          <testName>mustForProcessingResultUpdatedAddToEmptyReturnUpdated</testName>
          <skipped>false</skipped>
          <failedSince>0</failedSince>
        </case>
        <case>
          <duration>0.0</duration>
          <className>com.cumulocity.devicecontrol.rest.resources.newdevice.bulk.BulkProvisionHandlerTest</className>
          <testName>mustForProcessingResultUpdatedAddToCreatedReturnUpdated</testName>
          <skipped>false</skipped>
          <failedSince>0</failedSince>
        </case>
        <case>
          <duration>0.0</duration>
          <className>com.cumulocity.devicecontrol.rest.resources.newdevice.bulk.BulkProvisionHandlerTest</className>
          <testName>mustForProcessingResultUpdatedAddToUpdatedReturnUpdated</testName>
          <skipped>false</skipped>
          <failedSince>0</failedSince>
        </case>
        <case>
          <duration>0.0</duration>
          <className>com.cumulocity.devicecontrol.rest.resources.newdevice.bulk.BulkProvisionHandlerTest</className>
          <testName>mustThrowExceptionIfTryUpdateManagedObjectAgainPerSessionInstance</testName>
          <skipped>false</skipped>
          <failedSince>0</failedSince>
        </case>
        <case>
          <duration>0.0</duration>
          <className>com.cumulocity.devicecontrol.rest.resources.newdevice.bulk.BulkProvisionHandlerTest</className>
          <testName>mustThrowExceptionIfTryUpdateManagedObjectToNullInstance</testName>
          <skipped>false</skipped>
          <failedSince>0</failedSince>
        </case>
      </cases>
    </suite>
    <suite>
      <file>/var/jenkins_home/workspace/Cumulocity-Platform-Services-BUILD/devicecontrol/devicecontrol-rest/target/surefire-reports/TEST-com.cumulocity.devicecontrol.rest.resources.newdevice.bulk.DeviceCredentialsBulkProvisionHandlerTest.xml</file>
      <name>com.cumulocity.devicecontrol.rest.resources.newdevice.bulk.DeviceCredentialsBulkProvisionHandlerTest</name>
      <duration>0.023</duration>
      <time>0.023</time>
      <enclosingBlocks/>
      <enclosingBlockNames/>
      <cases>
        <case>
          <duration>0.02</duration>
          <className>com.cumulocity.devicecontrol.rest.resources.newdevice.bulk.DeviceCredentialsBulkProvisionHandlerTest</className>
          <testName>mustDelegateCredentialCreationToService</testName>
          <skipped>false</skipped>
          <failedSince>0</failedSince>
        </case>
        <case>
          <duration>0.001</duration>
          <className>com.cumulocity.devicecontrol.rest.resources.newdevice.bulk.DeviceCredentialsBulkProvisionHandlerTest</className>
          <testName>mustMapDeviceCredentialStatusToProcessingResultInNameCreated</testName>
          <skipped>false</skipped>
          <failedSince>0</failedSince>
        </case>
        <case>
          <duration>0.001</duration>
          <className>com.cumulocity.devicecontrol.rest.resources.newdevice.bulk.DeviceCredentialsBulkProvisionHandlerTest</className>
          <testName>mustMapDeviceCredentialStatusToProcessingResultInNameUpdated</testName>
          <skipped>false</skipped>
          <failedSince>0</failedSince>
        </case>
      </cases>
    </suite>
    <suite>
      <file>/var/jenkins_home/workspace/Cumulocity-Platform-Services-BUILD/devicecontrol/devicecontrol-rest/target/surefire-reports/TEST-com.cumulocity.devicecontrol.rest.resources.newdevice.bulk.DeviceFileHandlerTest.xml</file>
      <name>com.cumulocity.devicecontrol.rest.resources.newdevice.bulk.DeviceFileHandlerTest</name>
      <duration>0.008</duration>
      <time>0.008</time>
      <enclosingBlocks/>
      <enclosingBlockNames/>
      <cases>
        <case>
          <duration>0.003</duration>
          <className>com.cumulocity.devicecontrol.rest.resources.newdevice.bulk.DeviceFileHandlerTest</className>
          <testName>mustCannotRunSetUpMethodTwice</testName>
          <skipped>false</skipped>
          <failedSince>0</failedSince>
        </case>
        <case>
          <duration>0.0</duration>
          <className>com.cumulocity.devicecontrol.rest.resources.newdevice.bulk.DeviceFileHandlerTest</className>
          <testName>mustCannotReadOneDeviceInfoIfPreviouslySetUpMethodNotCalled</testName>
          <skipped>false</skipped>
          <failedSince>0</failedSince>
        </case>
        <case>
          <duration>0.0</duration>
          <className>com.cumulocity.devicecontrol.rest.resources.newdevice.bulk.DeviceFileHandlerTest</className>
          <testName>mustCorrectReadInformation</testName>
          <skipped>false</skipped>
          <failedSince>0</failedSince>
        </case>
        <case>
          <duration>0.0</duration>
          <className>com.cumulocity.devicecontrol.rest.resources.newdevice.bulk.DeviceFileHandlerTest</className>
          <testName>mustObtainSemicolonSeparator</testName>
          <skipped>false</skipped>
          <failedSince>0</failedSince>
        </case>
        <case>
          <duration>0.0</duration>
          <className>com.cumulocity.devicecontrol.rest.resources.newdevice.bulk.DeviceFileHandlerTest</className>
          <testName>mustObtainTabSeparator</testName>
          <skipped>false</skipped>
          <failedSince>0</failedSince>
        </case>
        <case>
          <duration>0.001</duration>
          <className>com.cumulocity.devicecontrol.rest.resources.newdevice.bulk.DeviceFileHandlerTest</className>
          <testName>cannotObtainSeparatorFormOtherCharacter</testName>
          <skipped>false</skipped>
          <failedSince>0</failedSince>
        </case>
      </cases>
    </suite>
    <suite>
      <file>/var/jenkins_home/workspace/Cumulocity-Platform-Services-BUILD/devicecontrol/devicecontrol-rest/target/surefire-reports/TEST-com.cumulocity.devicecontrol.rest.resources.newdevice.bulk.DeviceIdentityBulkProvisionHandlerTest.xml</file>
      <name>com.cumulocity.devicecontrol.rest.resources.newdevice.bulk.DeviceIdentityBulkProvisionHandlerTest</name>
      <duration>0.459</duration>
      <time>0.459</time>
      <enclosingBlocks/>
      <enclosingBlockNames/>
      <cases>
        <case>
          <duration>0.346</duration>
          <className>com.cumulocity.devicecontrol.rest.resources.newdevice.bulk.DeviceIdentityBulkProvisionHandlerTest</className>
          <testName>mustThrowIllegalArgumentExceptionIfCallOnNotHandledManagedObject</testName>
          <skipped>false</skipped>
          <failedSince>0</failedSince>
        </case>
        <case>
          <duration>0.03</duration>
          <className>com.cumulocity.devicecontrol.rest.resources.newdevice.bulk.DeviceIdentityBulkProvisionHandlerTest</className>
          <testName>mustReturnUpdatedStatusIfExternalIdExists</testName>
          <skipped>false</skipped>
          <failedSince>0</failedSince>
        </case>
        <case>
          <duration>0.001</duration>
          <className>com.cumulocity.devicecontrol.rest.resources.newdevice.bulk.DeviceIdentityBulkProvisionHandlerTest</className>
          <testName>mustReturnCreatedStatusIfExternalIdNew</testName>
          <skipped>false</skipped>
          <failedSince>0</failedSince>
        </case>
        <case>
          <duration>0.011</duration>
          <className>com.cumulocity.devicecontrol.rest.resources.newdevice.bulk.DeviceIdentityBulkProvisionHandlerTest</className>
          <testName>mustCorrectSetDeviceId</testName>
          <skipped>false</skipped>
          <failedSince>0</failedSince>
        </case>
        <case>
          <duration>0.003</duration>
          <className>com.cumulocity.devicecontrol.rest.resources.newdevice.bulk.DeviceIdentityBulkProvisionHandlerTest</className>
          <testName>mustCorrectSetIdTypeIfProvided</testName>
          <skipped>false</skipped>
          <failedSince>0</failedSince>
        </case>
        <case>
          <duration>0.001</duration>
          <className>com.cumulocity.devicecontrol.rest.resources.newdevice.bulk.DeviceIdentityBulkProvisionHandlerTest</className>
          <testName>mustCorrectSetDefaultValueForIdTypeIfNotProvided</testName>
          <skipped>false</skipped>
          <failedSince>0</failedSince>
        </case>
        <case>
          <duration>0.002</duration>
          <className>com.cumulocity.devicecontrol.rest.resources.newdevice.bulk.DeviceIdentityBulkProvisionHandlerTest</className>
          <testName>shouldAddCustomExternalIdMappings</testName>
          <skipped>false</skipped>
          <failedSince>0</failedSince>
        </case>
        <case>
          <duration>0.001</duration>
          <className>com.cumulocity.devicecontrol.rest.resources.newdevice.bulk.DeviceIdentityBulkProvisionHandlerTest</className>
          <testName>mustExecuteCallOnIdentityService</testName>
          <skipped>false</skipped>
          <failedSince>0</failedSince>
        </case>
      </cases>
    </suite>
    <suite>
      <file>/var/jenkins_home/workspace/Cumulocity-Platform-Services-BUILD/devicecontrol/devicecontrol-rest/target/surefire-reports/TEST-com.cumulocity.devicecontrol.rest.resources.newdevice.bulk.DeviceInfoTest.xml</file>
      <name>com.cumulocity.devicecontrol.rest.resources.newdevice.bulk.DeviceInfoTest</name>
      <duration>0.011</duration>
      <time>0.011</time>
      <enclosingBlocks/>
      <enclosingBlockNames/>
      <cases>
        <case>
          <duration>0.0</duration>
          <className>com.cumulocity.devicecontrol.rest.resources.newdevice.bulk.DeviceInfoTest</className>
          <testName>mustReadIdFromPositionThird</testName>
          <skipped>false</skipped>
          <failedSince>0</failedSince>
        </case>
        <case>
          <duration>0.0</duration>
          <className>com.cumulocity.devicecontrol.rest.resources.newdevice.bulk.DeviceInfoTest</className>
          <testName>mustReadIdFromPositionThirdWithTabSeparator</testName>
          <skipped>false</skipped>
          <failedSince>0</failedSince>
        </case>
        <case>
          <duration>0.0</duration>
          <className>com.cumulocity.devicecontrol.rest.resources.newdevice.bulk.DeviceInfoTest</className>
          <testName>mustReadPropertyFromPositionFirst</testName>
          <skipped>false</skipped>
          <failedSince>0</failedSince>
        </case>
        <case>
          <duration>0.0</duration>
          <className>com.cumulocity.devicecontrol.rest.resources.newdevice.bulk.DeviceInfoTest</className>
          <testName>mustReadPropertyFromPositionFifth</testName>
          <skipped>false</skipped>
          <failedSince>0</failedSince>
        </case>
        <case>
          <duration>0.004</duration>
          <className>com.cumulocity.devicecontrol.rest.resources.newdevice.bulk.DeviceInfoTest</className>
          <testName>mustTrowErrorWhenMandatoryPropertyIsEmpty</testName>
          <skipped>false</skipped>
          <failedSince>0</failedSince>
        </case>
        <case>
          <duration>0.0</duration>
          <className>com.cumulocity.devicecontrol.rest.resources.newdevice.bulk.DeviceInfoTest</className>
          <testName>mustTrowErrorWhenMandatoryPropertyIdOmitted</testName>
          <skipped>false</skipped>
          <failedSince>0</failedSince>
        </case>
        <case>
          <duration>0.0</duration>
          <className>com.cumulocity.devicecontrol.rest.resources.newdevice.bulk.DeviceInfoTest</className>
          <testName>mustNullWhenTryGetNotDefinedOptionalProperty</testName>
          <skipped>false</skipped>
          <failedSince>0</failedSince>
        </case>
        <case>
          <duration>0.0</duration>
          <className>com.cumulocity.devicecontrol.rest.resources.newdevice.bulk.DeviceInfoTest</className>
          <testName>mustReturnInformationAboutManagedObjectNameIfExists</testName>
          <skipped>false</skipped>
          <failedSince>0</failedSince>
        </case>
        <case>
          <duration>0.0</duration>
          <className>com.cumulocity.devicecontrol.rest.resources.newdevice.bulk.DeviceInfoTest</className>
          <testName>mustReturnInformationAboutManagedObjectTypeIfExists</testName>
          <skipped>false</skipped>
          <failedSince>0</failedSince>
        </case>
        <case>
          <duration>0.0</duration>
          <className>com.cumulocity.devicecontrol.rest.resources.newdevice.bulk.DeviceInfoTest</className>
          <testName>mustReturnInformationAboutManagedObjectIccidIfExists</testName>
          <skipped>false</skipped>
          <failedSince>0</failedSince>
        </case>
        <case>
          <duration>0.0</duration>
          <className>com.cumulocity.devicecontrol.rest.resources.newdevice.bulk.DeviceInfoTest</className>
          <testName>mustReturnInformationAboutIdtypeIfExists</testName>
          <skipped>false</skipped>
          <failedSince>0</failedSince>
        </case>
        <case>
          <duration>0.0</duration>
          <className>com.cumulocity.devicecontrol.rest.resources.newdevice.bulk.DeviceInfoTest</className>
          <testName>mustReturnInformationAboutPathIfExists</testName>
          <skipped>false</skipped>
          <failedSince>0</failedSince>
        </case>
        <case>
          <duration>0.0</duration>
          <className>com.cumulocity.devicecontrol.rest.resources.newdevice.bulk.DeviceInfoTest</className>
          <testName>mustReturnInformationAboutShellIfExists</testName>
          <skipped>false</skipped>
          <failedSince>0</failedSince>
        </case>
        <case>
          <duration>0.0</duration>
          <className>com.cumulocity.devicecontrol.rest.resources.newdevice.bulk.DeviceInfoTest</className>
          <testName>mustNotThrowErrorWhenGetNotMandatoryField</testName>
          <skipped>false</skipped>
          <failedSince>0</failedSince>
        </case>
      </cases>
    </suite>
    <suite>
      <file>/var/jenkins_home/workspace/Cumulocity-Platform-Services-BUILD/devicecontrol/devicecontrol-rest/target/surefire-reports/TEST-com.cumulocity.devicecontrol.rest.resources.newdevice.bulk.ManagedObjectBulkProvisionHandlerTest.xml</file>
      <name>com.cumulocity.devicecontrol.rest.resources.newdevice.bulk.ManagedObjectBulkProvisionHandlerTest</name>
      <duration>0.069</duration>
      <time>0.069</time>
      <enclosingBlocks/>
      <enclosingBlockNames/>
      <cases>
        <case>
          <duration>0.028</duration>
          <className>com.cumulocity.devicecontrol.rest.resources.newdevice.bulk.ManagedObjectBulkProvisionHandlerTest</className>
          <testName>mustCanHandleReturnTrueIfNameAndTypeForManagedObjectIsNotNull</testName>
          <skipped>false</skipped>
          <failedSince>0</failedSince>
        </case>
        <case>
          <duration>0.001</duration>
          <className>com.cumulocity.devicecontrol.rest.resources.newdevice.bulk.ManagedObjectBulkProvisionHandlerTest</className>
          <testName>mustThrowExceptionIfWantHandleDeviceWithoutManagedObjectName</testName>
          <skipped>false</skipped>
          <failedSince>0</failedSince>
        </case>
        <case>
          <duration>0.002</duration>
          <className>com.cumulocity.devicecontrol.rest.resources.newdevice.bulk.ManagedObjectBulkProvisionHandlerTest</className>
          <testName>mustThrowExceptionIfWantHandleDeviceWithoutManagedObjectType</testName>
          <skipped>false</skipped>
          <failedSince>0</failedSince>
        </case>
        <case>
          <duration>0.007</duration>
          <className>com.cumulocity.devicecontrol.rest.resources.newdevice.bulk.ManagedObjectBulkProvisionHandlerTest</className>
          <testName>mustReturnStatusCreatedIfCreateNewManagedObject</testName>
          <skipped>false</skipped>
          <failedSince>0</failedSince>
        </case>
        <case>
          <duration>0.002</duration>
          <className>com.cumulocity.devicecontrol.rest.resources.newdevice.bulk.ManagedObjectBulkProvisionHandlerTest</className>
          <testName>mustReturnStatusUpdatedIfUpdateManagedObject</testName>
          <skipped>false</skipped>
          <failedSince>0</failedSince>
        </case>
        <case>
          <duration>0.001</duration>
          <className>com.cumulocity.devicecontrol.rest.resources.newdevice.bulk.ManagedObjectBulkProvisionHandlerTest</className>
          <testName>mustCallInventoryServiceIfCreateNewManagedObject</testName>
          <skipped>false</skipped>
          <failedSince>0</failedSince>
        </case>
        <case>
          <duration>0.002</duration>
          <className>com.cumulocity.devicecontrol.rest.resources.newdevice.bulk.ManagedObjectBulkProvisionHandlerTest</className>
          <testName>mustUpdateManagedObjectInSessionAfterCreation</testName>
          <skipped>false</skipped>
          <failedSince>0</failedSince>
        </case>
        <case>
          <duration>0.002</duration>
          <className>com.cumulocity.devicecontrol.rest.resources.newdevice.bulk.ManagedObjectBulkProvisionHandlerTest</className>
          <testName>mustUpdateManagedObjectInSessionAfterUpdate</testName>
          <skipped>false</skipped>
          <failedSince>0</failedSince>
        </case>
        <case>
          <duration>0.001</duration>
          <className>com.cumulocity.devicecontrol.rest.resources.newdevice.bulk.ManagedObjectBulkProvisionHandlerTest</className>
          <testName>mustNotCallServiceToUpdateManagedObjectSimplySkipAlreadyCreatedManagedObject</testName>
          <skipped>false</skipped>
          <failedSince>0</failedSince>
        </case>
        <case>
          <duration>0.002</duration>
          <className>com.cumulocity.devicecontrol.rest.resources.newdevice.bulk.ManagedObjectBulkProvisionHandlerTest</className>
          <testName>mustDuringCreationSetNameInManagedObject</testName>
          <skipped>false</skipped>
          <failedSince>0</failedSince>
        </case>
        <case>
          <duration>0.001</duration>
          <className>com.cumulocity.devicecontrol.rest.resources.newdevice.bulk.ManagedObjectBulkProvisionHandlerTest</className>
          <testName>mustDuringCreationSetTypeInManagedObject</testName>
          <skipped>false</skipped>
          <failedSince>0</failedSince>
        </case>
        <case>
          <duration>0.001</duration>
          <className>com.cumulocity.devicecontrol.rest.resources.newdevice.bulk.ManagedObjectBulkProvisionHandlerTest</className>
          <testName>mustDuringCreationSetFragmentIsDevice</testName>
          <skipped>false</skipped>
          <failedSince>0</failedSince>
        </case>
        <case>
          <duration>0.002</duration>
          <className>com.cumulocity.devicecontrol.rest.resources.newdevice.bulk.ManagedObjectBulkProvisionHandlerTest</className>
          <testName>mustDuringCreationSetIccidIfNotNull</testName>
          <skipped>false</skipped>
          <failedSince>0</failedSince>
        </case>
        <case>
          <duration>0.001</duration>
          <className>com.cumulocity.devicecontrol.rest.resources.newdevice.bulk.ManagedObjectBulkProvisionHandlerTest</className>
          <testName>shouldAddCustomProperties</testName>
          <skipped>false</skipped>
          <failedSince>0</failedSince>
        </case>
        <case>
          <duration>0.002</duration>
          <className>com.cumulocity.devicecontrol.rest.resources.newdevice.bulk.ManagedObjectBulkProvisionHandlerTest</className>
          <testName>mustDuringCreationNotSetMobileFragmentIfIccidIsNull</testName>
          <skipped>false</skipped>
          <failedSince>0</failedSince>
        </case>
        <case>
          <duration>0.002</duration>
          <className>com.cumulocity.devicecontrol.rest.resources.newdevice.bulk.ManagedObjectBulkProvisionHandlerTest</className>
          <testName>mustDuringCreationSetOwnerToOwnerFromDeviceId</testName>
          <skipped>false</skipped>
          <failedSince>0</failedSince>
        </case>
        <case>
          <duration>0.002</duration>
          <className>com.cumulocity.devicecontrol.rest.resources.newdevice.bulk.ManagedObjectBulkProvisionHandlerTest</className>
          <testName>mustDuringCreationIfShellEqualsOneSetFragmentSupportedOperations</testName>
          <skipped>false</skipped>
          <failedSince>0</failedSince>
        </case>
        <case>
          <duration>0.001</duration>
          <className>com.cumulocity.devicecontrol.rest.resources.newdevice.bulk.ManagedObjectBulkProvisionHandlerTest</className>
          <testName>mustDuringCreationIfShellNullNotSetFragmentSupportedOperations</testName>
          <skipped>false</skipped>
          <failedSince>0</failedSince>
        </case>
        <case>
          <duration>0.001</duration>
          <className>com.cumulocity.devicecontrol.rest.resources.newdevice.bulk.ManagedObjectBulkProvisionHandlerTest</className>
          <testName>mustCanHandleReturnFalseIfManagedObjectNameIsNull</testName>
          <skipped>false</skipped>
          <failedSince>0</failedSince>
        </case>
        <case>
          <duration>0.001</duration>
          <className>com.cumulocity.devicecontrol.rest.resources.newdevice.bulk.ManagedObjectBulkProvisionHandlerTest</className>
          <testName>mustCanHandleReturnFalseIfManagedObjectTypeIsNull</testName>
          <skipped>false</skipped>
          <failedSince>0</failedSince>
        </case>
      </cases>
    </suite>
    <suite>
      <file>/var/jenkins_home/workspace/Cumulocity-Platform-Services-BUILD/devicecontrol/devicecontrol-rest/target/surefire-reports/TEST-com.cumulocity.devicecontrol.rest.resources.newdevice.bulk.PathBulkProvisionHandlerTest.xml</file>
      <name>com.cumulocity.devicecontrol.rest.resources.newdevice.bulk.PathBulkProvisionHandlerTest</name>
      <duration>0.045</duration>
      <time>0.045</time>
      <enclosingBlocks/>
      <enclosingBlockNames/>
      <cases>
        <case>
          <duration>0.002</duration>
          <className>com.cumulocity.devicecontrol.rest.resources.newdevice.bulk.PathBulkProvisionHandlerTest</className>
          <testName>mustHandleThrowExceptionIfPathIsNull</testName>
          <skipped>false</skipped>
          <failedSince>0</failedSince>
        </case>
        <case>
          <duration>0.0</duration>
          <className>com.cumulocity.devicecontrol.rest.resources.newdevice.bulk.PathBulkProvisionHandlerTest</className>
          <testName>mustHandleThrowExceptionIfManagedObjectNotExistsInSession</testName>
          <skipped>false</skipped>
          <failedSince>0</failedSince>
        </case>
        <case>
          <duration>0.034</duration>
          <className>com.cumulocity.devicecontrol.rest.resources.newdevice.bulk.PathBulkProvisionHandlerTest</className>
          <testName>mustSetCorrectDataForGroup</testName>
          <skipped>false</skipped>
          <failedSince>0</failedSince>
        </case>
        <case>
          <duration>0.001</duration>
          <className>com.cumulocity.devicecontrol.rest.resources.newdevice.bulk.PathBulkProvisionHandlerTest</className>
          <testName>mustSetCorrectDataForSubGroup</testName>
          <skipped>false</skipped>
          <failedSince>0</failedSince>
        </case>
        <case>
          <duration>0.001</duration>
          <className>com.cumulocity.devicecontrol.rest.resources.newdevice.bulk.PathBulkProvisionHandlerTest</className>
          <testName>mustCanHandleReturnFalseIfManagedObjectWasNotHandled</testName>
          <skipped>false</skipped>
          <failedSince>0</failedSince>
        </case>
        <case>
          <duration>0.0</duration>
          <className>com.cumulocity.devicecontrol.rest.resources.newdevice.bulk.PathBulkProvisionHandlerTest</className>
          <testName>mustCanHandleReturnFalseIfPathIsNull</testName>
          <skipped>false</skipped>
          <failedSince>0</failedSince>
        </case>
        <case>
          <duration>0.0</duration>
          <className>com.cumulocity.devicecontrol.rest.resources.newdevice.bulk.PathBulkProvisionHandlerTest</className>
          <testName>mustSplitOnSlash</testName>
          <skipped>false</skipped>
          <failedSince>0</failedSince>
        </case>
        <case>
          <duration>0.0</duration>
          <className>com.cumulocity.devicecontrol.rest.resources.newdevice.bulk.PathBulkProvisionHandlerTest</className>
          <testName>mustSplitOnBackslash</testName>
          <skipped>false</skipped>
          <failedSince>0</failedSince>
        </case>
        <case>
          <duration>0.001</duration>
          <className>com.cumulocity.devicecontrol.rest.resources.newdevice.bulk.PathBulkProvisionHandlerTest</className>
          <testName>mustSplitWithSlashOnEnd</testName>
          <skipped>false</skipped>
          <failedSince>0</failedSince>
        </case>
        <case>
          <duration>0.0</duration>
          <className>com.cumulocity.devicecontrol.rest.resources.newdevice.bulk.PathBulkProvisionHandlerTest</className>
          <testName>mustSplitWithBackslashOnBeginning</testName>
          <skipped>false</skipped>
          <failedSince>0</failedSince>
        </case>
        <case>
          <duration>0.001</duration>
          <className>com.cumulocity.devicecontrol.rest.resources.newdevice.bulk.PathBulkProvisionHandlerTest</className>
          <testName>correctSplitToOneValue</testName>
          <skipped>false</skipped>
          <failedSince>0</failedSince>
        </case>
      </cases>
    </suite>
    <suite>
      <file>/var/jenkins_home/workspace/Cumulocity-Platform-Services-BUILD/devicecontrol/devicecontrol-rest/target/surefire-reports/TEST-com.cumulocity.devicecontrol.rest.resources.newdevice.csv.HeaderDefinitionTest.xml</file>
      <name>com.cumulocity.devicecontrol.rest.resources.newdevice.csv.HeaderDefinitionTest</name>
      <duration>0.103</duration>
      <time>0.103</time>
      <enclosingBlocks/>
      <enclosingBlockNames/>
      <cases>
        <case>
          <duration>0.058</duration>
          <className>com.cumulocity.devicecontrol.rest.resources.newdevice.csv.HeaderDefinitionTest</className>
          <testName>mustReadTenantFromColumnOne</testName>
          <skipped>false</skipped>
          <failedSince>0</failedSince>
        </case>
        <case>
          <duration>0.001</duration>
          <className>com.cumulocity.devicecontrol.rest.resources.newdevice.csv.HeaderDefinitionTest</className>
          <testName>mustReadNameFromColumnFour</testName>
          <skipped>false</skipped>
          <failedSince>0</failedSince>
        </case>
        <case>
          <duration>0.0</duration>
          <className>com.cumulocity.devicecontrol.rest.resources.newdevice.csv.HeaderDefinitionTest</className>
          <testName>mustReadTypeFromColumnFifth</testName>
          <skipped>false</skipped>
          <failedSince>0</failedSince>
        </case>
        <case>
          <duration>0.001</duration>
          <className>com.cumulocity.devicecontrol.rest.resources.newdevice.csv.HeaderDefinitionTest</className>
          <testName>mustReadTypeFromColumnSixth</testName>
          <skipped>false</skipped>
          <failedSince>0</failedSince>
        </case>
        <case>
          <duration>0.0</duration>
          <className>com.cumulocity.devicecontrol.rest.resources.newdevice.csv.HeaderDefinitionTest</className>
          <testName>mustReadIdtypeFormThirdColumn</testName>
          <skipped>false</skipped>
          <failedSince>0</failedSince>
        </case>
        <case>
          <duration>0.001</duration>
          <className>com.cumulocity.devicecontrol.rest.resources.newdevice.csv.HeaderDefinitionTest</className>
          <testName>mustReadIdFromColumnOneWithTabSeparator</testName>
          <skipped>false</skipped>
          <failedSince>0</failedSince>
        </case>
        <case>
          <duration>0.0</duration>
          <className>com.cumulocity.devicecontrol.rest.resources.newdevice.csv.HeaderDefinitionTest</className>
          <testName>mustReadCredentialsFromColumnFourth</testName>
          <skipped>false</skipped>
          <failedSince>0</failedSince>
        </case>
        <case>
          <duration>0.0</duration>
          <className>com.cumulocity.devicecontrol.rest.resources.newdevice.csv.HeaderDefinitionTest</className>
          <testName>mustReadIdFromColumnOne</testName>
          <skipped>false</skipped>
          <failedSince>0</failedSince>
        </case>
      </cases>
    </suite>
    <suite>
      <file>/var/jenkins_home/workspace/Cumulocity-Platform-Services-BUILD/devicecontrol/devicecontrol-service/target/surefire-reports/TEST-com.cumulocity.devicecontrol.service.DevicecontrolServiceTest.xml</file>
      <name>com.cumulocity.devicecontrol.service.DevicecontrolServiceTest</name>
      <duration>0.077</duration>
      <time>0.077</time>
      <enclosingBlocks/>
      <enclosingBlockNames/>
      <cases>
        <case>
          <duration>0.028</duration>
          <className>com.cumulocity.devicecontrol.service.DevicecontrolServiceTest</className>
          <testName>shouldCallUpdateAndThrowExceptionWithRetryLimitExceed</testName>
          <skipped>false</skipped>
          <failedSince>0</failedSince>
        </case>
        <case>
          <duration>0.009</duration>
          <className>com.cumulocity.devicecontrol.service.DevicecontrolServiceTest</className>
          <testName>shouldCreateAuditRecordWhenUpdateOfFailedOperation</testName>
          <skipped>false</skipped>
          <failedSince>0</failedSince>
        </case>
        <case>
          <duration>0.001</duration>
          <className>com.cumulocity.devicecontrol.service.DevicecontrolServiceTest</className>
          <testName>shouldThrowProperExceptionWhenAuditCreationFails</testName>
          <skipped>false</skipped>
          <failedSince>0</failedSince>
        </case>
        <case>
          <duration>0.013</duration>
          <className>com.cumulocity.devicecontrol.service.DevicecontrolServiceTest</className>
          <testName>shouldDeleteByFilter</testName>
          <skipped>false</skipped>
          <failedSince>0</failedSince>
        </case>
        <case>
          <duration>0.001</duration>
          <className>com.cumulocity.devicecontrol.service.DevicecontrolServiceTest</className>
          <testName>shouldFindById</testName>
          <skipped>false</skipped>
          <failedSince>0</failedSince>
        </case>
        <case>
          <duration>0.002</duration>
          <className>com.cumulocity.devicecontrol.service.DevicecontrolServiceTest</className>
          <testName>findByIdShouldThrowProperExceptionWhenOpeartionNotFound</testName>
          <skipped>false</skipped>
          <failedSince>0</failedSince>
        </case>
        <case>
          <duration>0.001</duration>
          <className>com.cumulocity.devicecontrol.service.DevicecontrolServiceTest</className>
          <testName>shouldThrowExceptionWhenObjectForIDNotFound</testName>
          <skipped>false</skipped>
          <failedSince>0</failedSince>
        </case>
        <case>
          <duration>0.001</duration>
          <className>com.cumulocity.devicecontrol.service.DevicecontrolServiceTest</className>
          <testName>shoudlFindAll</testName>
          <skipped>false</skipped>
          <failedSince>0</failedSince>
        </case>
        <case>
          <duration>0.002</duration>
          <className>com.cumulocity.devicecontrol.service.DevicecontrolServiceTest</className>
          <testName>shouldFindByAgent</testName>
          <skipped>false</skipped>
          <failedSince>0</failedSince>
        </case>
        <case>
          <duration>0.001</duration>
          <className>com.cumulocity.devicecontrol.service.DevicecontrolServiceTest</className>
          <testName>shoudlFindByDeviceId</testName>
          <skipped>false</skipped>
          <failedSince>0</failedSince>
        </case>
        <case>
          <duration>0.001</duration>
          <className>com.cumulocity.devicecontrol.service.DevicecontrolServiceTest</className>
          <testName>shouldFindByAgentAndStatus</testName>
          <skipped>false</skipped>
          <failedSince>0</failedSince>
        </case>
        <case>
          <duration>0.001</duration>
          <className>com.cumulocity.devicecontrol.service.DevicecontrolServiceTest</className>
          <testName>shoudlFindByDeviceIdAndStatus</testName>
          <skipped>false</skipped>
          <failedSince>0</failedSince>
        </case>
        <case>
          <duration>0.001</duration>
          <className>com.cumulocity.devicecontrol.service.DevicecontrolServiceTest</className>
          <testName>shouldThrowNotFoundWhenQueryingForOperationsOfNonExistentMO</testName>
          <skipped>false</skipped>
          <failedSince>0</failedSince>
        </case>
        <case>
          <duration>0.002</duration>
          <className>com.cumulocity.devicecontrol.service.DevicecontrolServiceTest</className>
          <testName>shouldCreateOperationInQueue</testName>
          <skipped>false</skipped>
          <failedSince>0</failedSince>
        </case>
        <case>
          <duration>0.001</duration>
          <className>com.cumulocity.devicecontrol.service.DevicecontrolServiceTest</className>
          <testName>shouldNotCreatWhenOperationHasNoDeviceId</testName>
          <skipped>false</skipped>
          <failedSince>0</failedSince>
        </case>
        <case>
          <duration>0.003</duration>
          <className>com.cumulocity.devicecontrol.service.DevicecontrolServiceTest</className>
          <testName>shouldCallUpdate</testName>
          <skipped>false</skipped>
          <failedSince>0</failedSince>
        </case>
        <case>
          <duration>0.002</duration>
          <className>com.cumulocity.devicecontrol.service.DevicecontrolServiceTest</className>
          <testName>shouldCallUpdateWithRetryIfUpdateConflictOccur</testName>
          <skipped>false</skipped>
          <failedSince>0</failedSince>
        </case>
        <case>
          <duration>0.001</duration>
          <className>com.cumulocity.devicecontrol.service.DevicecontrolServiceTest</className>
          <testName>shouldThrowExceptionWhenObjectNotFound</testName>
          <skipped>false</skipped>
          <failedSince>0</failedSince>
        </case>
      </cases>
    </suite>
    <suite>
      <file>/var/jenkins_home/workspace/Cumulocity-Platform-Services-BUILD/devicecontrol/devicecontrol-service/target/surefire-reports/TEST-com.cumulocity.devicecontrol.service.OperationAuditRecordPreparatorTest.xml</file>
      <name>com.cumulocity.devicecontrol.service.OperationAuditRecordPreparatorTest</name>
      <duration>0.023</duration>
      <time>0.023</time>
      <enclosingBlocks/>
      <enclosingBlockNames/>
      <cases>
        <case>
          <duration>0.012</duration>
          <className>com.cumulocity.devicecontrol.service.OperationAuditRecordPreparatorTest</className>
          <testName>shouldNotCreateChangesWithoutOldOperation</testName>
          <skipped>false</skipped>
          <failedSince>0</failedSince>
        </case>
        <case>
          <duration>0.001</duration>
          <className>com.cumulocity.devicecontrol.service.OperationAuditRecordPreparatorTest</className>
          <testName>shouldNotCreateChangesWithoutNewOperation</testName>
          <skipped>false</skipped>
          <failedSince>0</failedSince>
        </case>
        <case>
          <duration>0.005</duration>
          <className>com.cumulocity.devicecontrol.service.OperationAuditRecordPreparatorTest</className>
          <testName>shouldCreateAuditOnUpdateWithChanges</testName>
          <skipped>false</skipped>
          <failedSince>0</failedSince>
        </case>
        <case>
          <duration>0.0</duration>
          <className>com.cumulocity.devicecontrol.service.OperationAuditRecordPreparatorTest</className>
          <testName>shouldCreateAuditWithTime</testName>
          <skipped>false</skipped>
          <failedSince>0</failedSince>
        </case>
        <case>
          <duration>0.002</duration>
          <className>com.cumulocity.devicecontrol.service.OperationAuditRecordPreparatorTest</className>
          <testName>shouldNotIncludeCreationDateInAuditLog</testName>
          <skipped>false</skipped>
          <failedSince>0</failedSince>
        </case>
        <case>
          <duration>0.001</duration>
          <className>com.cumulocity.devicecontrol.service.OperationAuditRecordPreparatorTest</className>
          <testName>shouldIncludeSourceNameInAuditLog</testName>
          <skipped>false</skipped>
          <failedSince>0</failedSince>
        </case>
        <case>
          <duration>0.0</duration>
          <className>com.cumulocity.devicecontrol.service.OperationAuditRecordPreparatorTest</className>
          <testName>shouldIncludeFailureReasonInAuditLog</testName>
          <skipped>false</skipped>
          <failedSince>0</failedSince>
        </case>
        <case>
          <duration>0.001</duration>
          <className>com.cumulocity.devicecontrol.service.OperationAuditRecordPreparatorTest</className>
          <testName>shouldIncludeDescriptionInAuditLog</testName>
          <skipped>false</skipped>
          <failedSince>0</failedSince>
        </case>
      </cases>
    </suite>
    <suite>
      <file>/var/jenkins_home/workspace/Cumulocity-Platform-Services-BUILD/devicecontrol/devicecontrol-service/target/surefire-reports/TEST-com.cumulocity.devicecontrol.service.SecuredOperationFilteringServiceTest.xml</file>
      <name>com.cumulocity.devicecontrol.service.SecuredOperationFilteringServiceTest</name>
      <duration>0.078</duration>
      <time>0.078</time>
      <enclosingBlocks/>
      <enclosingBlockNames/>
      <cases>
        <case>
          <duration>0.012</duration>
          <className>com.cumulocity.devicecontrol.service.SecuredOperationFilteringServiceTest</className>
          <testName>shouldThrowAccessDeniedWhenUserHasNoRoleAndNoDevicePermissions</testName>
          <skipped>false</skipped>
          <failedSince>0</failedSince>
        </case>
        <case>
          <duration>0.001</duration>
          <className>com.cumulocity.devicecontrol.service.SecuredOperationFilteringServiceTest</className>
          <testName>shouldAskDaoWhenUserHasRole</testName>
          <skipped>false</skipped>
          <failedSince>0</failedSince>
        </case>
        <case>
          <duration>0.003</duration>
          <className>com.cumulocity.devicecontrol.service.SecuredOperationFilteringServiceTest</className>
          <testName>shouldReturnEmptyResultWhenNoOperationsInDB</testName>
          <skipped>false</skipped>
          <failedSince>0</failedSince>
        </case>
        <case>
          <duration>0.007</duration>
          <className>com.cumulocity.devicecontrol.service.SecuredOperationFilteringServiceTest</className>
          <testName>shouldReturnEmptyResultWhenUserHasNotEnoughDevicePermission</testName>
          <skipped>false</skipped>
          <failedSince>0</failedSince>
        </case>
        <case>
          <duration>0.002</duration>
          <className>com.cumulocity.devicecontrol.service.SecuredOperationFilteringServiceTest</className>
          <testName>shouldNotAskDaoTwiceWhenHasTheResult</testName>
          <skipped>false</skipped>
          <failedSince>0</failedSince>
        </case>
        <case>
          <duration>0.002</duration>
          <className>com.cumulocity.devicecontrol.service.SecuredOperationFilteringServiceTest</className>
          <testName>shouldFilterOutNotAllowedToReadOperations</testName>
          <skipped>false</skipped>
          <failedSince>0</failedSince>
        </case>
        <case>
          <duration>0.001</duration>
          <className>com.cumulocity.devicecontrol.service.SecuredOperationFilteringServiceTest</className>
          <testName>shouldReturnOperationsWithGlobalPermission</testName>
          <skipped>false</skipped>
          <failedSince>0</failedSince>
        </case>
        <case>
          <duration>0.002</duration>
          <className>com.cumulocity.devicecontrol.service.SecuredOperationFilteringServiceTest</className>
          <testName>shouldFillOperationsByAskingDAOManyTimes</testName>
          <skipped>false</skipped>
          <failedSince>0</failedSince>
        </case>
        <case>
          <duration>0.001</duration>
          <className>com.cumulocity.devicecontrol.service.SecuredOperationFilteringServiceTest</className>
          <testName>shouldSkipDocsOnFirstPageOnly</testName>
          <skipped>false</skipped>
          <failedSince>0</failedSince>
        </case>
        <case>
          <duration>0.003</duration>
          <className>com.cumulocity.devicecontrol.service.SecuredOperationFilteringServiceTest</className>
          <testName>shouldSkipOperationsBaseOnOffset</testName>
          <skipped>false</skipped>
          <failedSince>0</failedSince>
        </case>
        <case>
          <duration>0.007</duration>
          <className>com.cumulocity.devicecontrol.service.SecuredOperationFilteringServiceTest</className>
          <testName>shouldStopAskingDAOWhenExceedLimit</testName>
          <skipped>false</skipped>
          <failedSince>0</failedSince>
        </case>
        <case>
          <duration>0.002</duration>
          <className>com.cumulocity.devicecontrol.service.SecuredOperationFilteringServiceTest</className>
          <testName>shouldGrantAccessIfHasAccessToGroup</testName>
          <skipped>false</skipped>
          <failedSince>0</failedSince>
        </case>
        <case>
          <duration>0.002</duration>
          <className>com.cumulocity.devicecontrol.service.SecuredOperationFilteringServiceTest</className>
          <testName>shouldFillOperationsByAskingDAOManyTimesLargePageSize</testName>
          <skipped>false</skipped>
          <failedSince>0</failedSince>
        </case>
        <case>
          <duration>0.002</duration>
          <className>com.cumulocity.devicecontrol.service.SecuredOperationFilteringServiceTest</className>
          <testName>shouldSkipOperationsBaseOnOffsetLargePageSize</testName>
          <skipped>false</skipped>
          <failedSince>0</failedSince>
        </case>
        <case>
          <duration>0.027</duration>
          <className>com.cumulocity.devicecontrol.service.SecuredOperationFilteringServiceTest</className>
          <testName>shouldCorrectlyCalculateNextAndPrePageLargePageSize</testName>
          <skipped>false</skipped>
          <failedSince>0</failedSince>
        </case>
      </cases>
    </suite>
    <suite>
      <file>/var/jenkins_home/workspace/Cumulocity-Platform-Services-BUILD/devicecontrol/devicecontrol-service/target/surefire-reports/TEST-com.cumulocity.devicecontrol.service.impl.DevicesLimitServiceImplTest.xml</file>
      <name>com.cumulocity.devicecontrol.service.impl.DevicesLimitServiceImplTest</name>
      <duration>0.154</duration>
      <time>0.154</time>
      <enclosingBlocks/>
      <enclosingBlockNames/>
      <cases>
        <case>
          <duration>0.13</duration>
          <className>com.cumulocity.devicecontrol.service.impl.DevicesLimitServiceImplTest</className>
          <testName>should_return_devices_limit_value_for_a_tenant</testName>
          <skipped>false</skipped>
          <failedSince>0</failedSince>
        </case>
        <case>
          <duration>0.001</duration>
          <className>com.cumulocity.devicecontrol.service.impl.DevicesLimitServiceImplTest</className>
          <testName>should_return_absent_if_there_is_no_devices_limit_for_a_tenant</testName>
          <skipped>false</skipped>
          <failedSince>0</failedSince>
        </case>
        <case>
          <duration>0.002</duration>
          <className>com.cumulocity.devicecontrol.service.impl.DevicesLimitServiceImplTest</className>
          <testName>should_return_false_when_limit_is_not_reached</testName>
          <skipped>false</skipped>
          <failedSince>0</failedSince>
        </case>
        <case>
          <duration>0.002</duration>
          <className>com.cumulocity.devicecontrol.service.impl.DevicesLimitServiceImplTest</className>
          <testName>should_return_true_when_limit_is_reached</testName>
          <skipped>false</skipped>
          <failedSince>0</failedSince>
        </case>
        <case>
          <duration>0.001</duration>
          <className>com.cumulocity.devicecontrol.service.impl.DevicesLimitServiceImplTest</className>
          <testName>should_return_true_when_limit_is_exceeded</testName>
          <skipped>false</skipped>
          <failedSince>0</failedSince>
        </case>
        <case>
          <duration>0.001</duration>
          <className>com.cumulocity.devicecontrol.service.impl.DevicesLimitServiceImplTest</className>
          <testName>should_acknowledge_limit_when_there_is_numeric_value_stored_as_string</testName>
          <skipped>false</skipped>
          <failedSince>0</failedSince>
        </case>
        <case>
          <duration>0.002</duration>
          <className>com.cumulocity.devicecontrol.service.impl.DevicesLimitServiceImplTest</className>
          <testName>should_not_acknowledge_limit_when_it_is_not_a_number</testName>
          <skipped>false</skipped>
          <failedSince>0</failedSince>
        </case>
        <case>
          <duration>0.001</duration>
          <className>com.cumulocity.devicecontrol.service.impl.DevicesLimitServiceImplTest</className>
          <testName>should_devicesLimitDetails_contain_all_details_when_limit_is_reached</testName>
          <skipped>false</skipped>
          <failedSince>0</failedSince>
        </case>
        <case>
          <duration>0.001</duration>
          <className>com.cumulocity.devicecontrol.service.impl.DevicesLimitServiceImplTest</className>
          <testName>should_devicesLimitDetails_contain_only_isReached_when_limit_does_not_exist</testName>
          <skipped>false</skipped>
          <failedSince>0</failedSince>
        </case>
        <case>
          <duration>0.002</duration>
          <className>com.cumulocity.devicecontrol.service.impl.DevicesLimitServiceImplTest</className>
          <testName>should_devicesLimitDetails_contain_allDetails_when_limit_is_not_reached</testName>
          <skipped>false</skipped>
          <failedSince>0</failedSince>
        </case>
      </cases>
    </suite>
    <suite>
      <file>/var/jenkins_home/workspace/Cumulocity-Platform-Services-BUILD/devicecontrol/devicecontrol-service/target/surefire-reports/TEST-com.cumulocity.devicecontrol.service.impl.bootstrap.DeviceBootstrapServiceImplTest.xml</file>
      <name>com.cumulocity.devicecontrol.service.impl.bootstrap.DeviceBootstrapServiceImplTest</name>
      <duration>0.15</duration>
      <time>0.15</time>
      <enclosingBlocks/>
      <enclosingBlockNames/>
      <cases>
        <case>
          <duration>0.09</duration>
          <className>com.cumulocity.devicecontrol.service.impl.bootstrap.DeviceBootstrapServiceImplTest</className>
          <testName>shouldCreateNewDeviceRequestWithDefaultValues</testName>
          <skipped>false</skipped>
          <failedSince>0</failedSince>
        </case>
        <case>
          <duration>0.002</duration>
          <className>com.cumulocity.devicecontrol.service.impl.bootstrap.DeviceBootstrapServiceImplTest</className>
          <testName>shouldCreateNewDeviceRequestWithCreationTimeAndOwner</testName>
          <skipped>false</skipped>
          <failedSince>0</failedSince>
        </case>
        <case>
          <duration>0.004</duration>
          <className>com.cumulocity.devicecontrol.service.impl.bootstrap.DeviceBootstrapServiceImplTest</className>
          <testName>shouldCreateNewDeviceRequestWithDefaultValuesAndGroup</testName>
          <skipped>false</skipped>
          <failedSince>0</failedSince>
        </case>
        <case>
          <duration>0.002</duration>
          <className>com.cumulocity.devicecontrol.service.impl.bootstrap.DeviceBootstrapServiceImplTest</className>
          <testName>shouldRaiseExceptionIdNewDeviceRequestAlreadyExists</testName>
          <skipped>false</skipped>
          <failedSince>0</failedSince>
        </case>
        <case>
          <duration>0.002</duration>
          <className>com.cumulocity.devicecontrol.service.impl.bootstrap.DeviceBootstrapServiceImplTest</className>
          <testName>shouldRaiseExceptionWhenGroupDoesntExist</testName>
          <skipped>false</skipped>
          <failedSince>0</failedSince>
        </case>
        <case>
          <duration>0.002</duration>
          <className>com.cumulocity.devicecontrol.service.impl.bootstrap.DeviceBootstrapServiceImplTest</className>
          <testName>shouldNotCreateNewDeviceRequestWhenDevicesLimitIsReached</testName>
          <skipped>false</skipped>
          <failedSince>0</failedSince>
        </case>
        <case>
          <duration>0.003</duration>
          <className>com.cumulocity.devicecontrol.service.impl.bootstrap.DeviceBootstrapServiceImplTest</className>
          <testName>shouldRaiseExceptionWhenUserHasNoAccessToGroup</testName>
          <skipped>false</skipped>
          <failedSince>0</failedSince>
        </case>
        <case>
          <duration>0.01</duration>
          <className>com.cumulocity.devicecontrol.service.impl.bootstrap.DeviceBootstrapServiceImplTest</className>
          <testName>shouldTransposeToPendingAcceptanceOnDeviceConnected</testName>
          <skipped>false</skipped>
          <failedSince>0</failedSince>
        </case>
        <case>
          <duration>0.002</duration>
          <className>com.cumulocity.devicecontrol.service.impl.bootstrap.DeviceBootstrapServiceImplTest</className>
          <testName>shouldNotTransposeToPendingAcceptanceOnDeviceConnectedButNoEntry</testName>
          <skipped>false</skipped>
          <failedSince>0</failedSince>
        </case>
        <case>
          <duration>0.002</duration>
          <className>com.cumulocity.devicecontrol.service.impl.bootstrap.DeviceBootstrapServiceImplTest</className>
          <testName>shouldNotTransposeToPendingAcceptanceOnDeviceConnectedButEntryHasWrongStatus</testName>
          <skipped>false</skipped>
          <failedSince>0</failedSince>
        </case>
        <case>
          <duration>0.001</duration>
          <className>com.cumulocity.devicecontrol.service.impl.bootstrap.DeviceBootstrapServiceImplTest</className>
          <testName>shouldTransposeToAccepted</testName>
          <skipped>false</skipped>
          <failedSince>0</failedSince>
        </case>
        <case>
          <duration>0.002</duration>
          <className>com.cumulocity.devicecontrol.service.impl.bootstrap.DeviceBootstrapServiceImplTest</className>
          <testName>shouldNotTransposeToAcceptedWhenEntryHasWrongStatus</testName>
          <skipped>false</skipped>
          <failedSince>0</failedSince>
        </case>
        <case>
          <duration>0.002</duration>
          <className>com.cumulocity.devicecontrol.service.impl.bootstrap.DeviceBootstrapServiceImplTest</className>
          <testName>shouldNotTransposeAcceptedWhenEntryNotPresent</testName>
          <skipped>false</skipped>
          <failedSince>0</failedSince>
        </case>
        <case>
          <duration>0.001</duration>
          <className>com.cumulocity.devicecontrol.service.impl.bootstrap.DeviceBootstrapServiceImplTest</className>
          <testName>shouldNotTransposeToAcceptedWhenDevicesLimitIsReached</testName>
          <skipped>false</skipped>
          <failedSince>0</failedSince>
        </case>
        <case>
          <duration>0.003</duration>
          <className>com.cumulocity.devicecontrol.service.impl.bootstrap.DeviceBootstrapServiceImplTest</className>
          <testName>shouldGenerateCredentials</testName>
          <skipped>false</skipped>
          <failedSince>0</failedSince>
        </case>
        <case>
          <duration>0.002</duration>
          <className>com.cumulocity.devicecontrol.service.impl.bootstrap.DeviceBootstrapServiceImplTest</className>
          <testName>shouldGenerateCredentialsWhenRequestHasGroup</testName>
          <skipped>false</skipped>
          <failedSince>0</failedSince>
        </case>
        <case>
          <duration>0.002</duration>
          <className>com.cumulocity.devicecontrol.service.impl.bootstrap.DeviceBootstrapServiceImplTest</className>
          <testName>shouldNotReturnCredentialsWhenEntryHasWrongStatus</testName>
          <skipped>false</skipped>
          <failedSince>0</failedSince>
        </case>
        <case>
          <duration>0.001</duration>
          <className>com.cumulocity.devicecontrol.service.impl.bootstrap.DeviceBootstrapServiceImplTest</className>
          <testName>shouldNotReturnCredentialsWhenEntryNotPresent</testName>
          <skipped>false</skipped>
          <failedSince>0</failedSince>
        </case>
      </cases>
    </suite>
    <suite>
      <file>/var/jenkins_home/workspace/Cumulocity-Platform-Services-BUILD/devicecontrol/devicecontrol-service/target/surefire-reports/TEST-com.cumulocity.devicecontrol.service.impl.bootstrap.DeviceCredentialsGeneratorTest.xml</file>
      <name>com.cumulocity.devicecontrol.service.impl.bootstrap.DeviceCredentialsGeneratorTest</name>
      <duration>0.043</duration>
      <time>0.043</time>
      <enclosingBlocks/>
      <enclosingBlockNames/>
      <cases>
        <case>
          <duration>0.033</duration>
          <className>com.cumulocity.devicecontrol.service.impl.bootstrap.DeviceCredentialsGeneratorTest</className>
          <testName>mustAddUserAndReturnCreateStatus</testName>
          <skipped>false</skipped>
          <failedSince>0</failedSince>
        </case>
        <case>
          <duration>0.005</duration>
          <className>com.cumulocity.devicecontrol.service.impl.bootstrap.DeviceCredentialsGeneratorTest</className>
          <testName>mustUpdateUserAndReturnUpdateStatus</testName>
          <skipped>false</skipped>
          <failedSince>0</failedSince>
        </case>
        <case>
          <duration>0.002</duration>
          <className>com.cumulocity.devicecontrol.service.impl.bootstrap.DeviceCredentialsGeneratorTest</className>
          <testName>shouldCreateDeviceUserAndRemoveEntryOnReturnCredentials</testName>
          <skipped>false</skipped>
          <failedSince>0</failedSince>
        </case>
        <case>
          <duration>0.001</duration>
          <className>com.cumulocity.devicecontrol.service.impl.bootstrap.DeviceCredentialsGeneratorTest</className>
          <testName>shouldUpdateDeviceUserAndRemoveEntryOnReturnCredentials</testName>
          <skipped>false</skipped>
          <failedSince>0</failedSince>
        </case>
        <case>
          <duration>0.001</duration>
          <className>com.cumulocity.devicecontrol.service.impl.bootstrap.DeviceCredentialsGeneratorTest</className>
          <testName>mustAddUserAndGroupMemberWhenGenerateNewDeviceCredentials</testName>
          <skipped>false</skipped>
          <failedSince>0</failedSince>
        </case>
      </cases>
    </suite>
    <suite>
      <file>/var/jenkins_home/workspace/Cumulocity-Platform-Services-BUILD/devicecontrol/devicecontrol-service/target/surefire-reports/TEST-com.cumulocity.devicecontrol.service.impl.bootstrap.StrongPasswordGeneratorTest.xml</file>
      <name>com.cumulocity.devicecontrol.service.impl.bootstrap.StrongPasswordGeneratorTest</name>
      <duration>0.052</duration>
      <time>0.052</time>
      <enclosingBlocks/>
      <enclosingBlockNames/>
      <cases>
        <case>
          <duration>0.0</duration>
          <className>com.cumulocity.devicecontrol.service.impl.bootstrap.StrongPasswordGeneratorTest</className>
          <testName>shouldThrowErrorIfPasswordLengthTooShort</testName>
          <skipped>false</skipped>
          <failedSince>0</failedSince>
        </case>
        <case>
          <duration>0.009</duration>
          <className>com.cumulocity.devicecontrol.service.impl.bootstrap.StrongPasswordGeneratorTest</className>
          <testName>shouldIncludeAllRequiredChars</testName>
          <skipped>false</skipped>
          <failedSince>0</failedSince>
        </case>
        <case>
          <duration>0.042</duration>
          <className>com.cumulocity.devicecontrol.service.impl.bootstrap.StrongPasswordGeneratorTest</className>
          <testName>shouldNotIncludeSelectedChars</testName>
          <skipped>false</skipped>
          <failedSince>0</failedSince>
        </case>
      </cases>
    </suite>
    <suite>
      <file>/var/jenkins_home/workspace/Cumulocity-Platform-Services-BUILD/devicecontrol/devicecontrol-service/target/surefire-reports/TEST-com.cumulocity.devicecontrol.service.impl.bulk.BulkOperationFacadeImplTest.xml</file>
      <name>com.cumulocity.devicecontrol.service.impl.bulk.BulkOperationFacadeImplTest</name>
      <duration>0.271</duration>
      <time>0.271</time>
      <enclosingBlocks/>
      <enclosingBlockNames/>
      <cases>
        <case>
          <duration>0.102</duration>
          <className>com.cumulocity.devicecontrol.service.impl.bulk.BulkOperationFacadeImplTest</className>
          <testName>mustCreateBulkOperationScheduleProperNumberOfIds</testName>
          <skipped>false</skipped>
          <failedSince>0</failedSince>
        </case>
        <case>
          <duration>0.013</duration>
          <className>com.cumulocity.devicecontrol.service.impl.bulk.BulkOperationFacadeImplTest</className>
          <testName>mustDelegateUpdateOperationToRepository</testName>
          <skipped>false</skipped>
          <failedSince>0</failedSince>
        </case>
        <case>
          <duration>0.004</duration>
          <className>com.cumulocity.devicecontrol.service.impl.bulk.BulkOperationFacadeImplTest</className>
          <testName>mustNotUpdateGroupIdIfNull</testName>
          <skipped>false</skipped>
          <failedSince>0</failedSince>
        </case>
        <case>
          <duration>0.002</duration>
          <className>com.cumulocity.devicecontrol.service.impl.bulk.BulkOperationFacadeImplTest</className>
          <testName>mustUpdateStartDateIfNotNull</testName>
          <skipped>false</skipped>
          <failedSince>0</failedSince>
        </case>
        <case>
          <duration>0.002</duration>
          <className>com.cumulocity.devicecontrol.service.impl.bulk.BulkOperationFacadeImplTest</className>
          <testName>mustNotUpdateStartDateIfNull</testName>
          <skipped>false</skipped>
          <failedSince>0</failedSince>
        </case>
        <case>
          <duration>0.003</duration>
          <className>com.cumulocity.devicecontrol.service.impl.bulk.BulkOperationFacadeImplTest</className>
          <testName>mustUpdateCreationRampIfNotNull</testName>
          <skipped>false</skipped>
          <failedSince>0</failedSince>
        </case>
        <case>
          <duration>0.002</duration>
          <className>com.cumulocity.devicecontrol.service.impl.bulk.BulkOperationFacadeImplTest</className>
          <testName>mustNotUpdateCreationRampIfNull</testName>
          <skipped>false</skipped>
          <failedSince>0</failedSince>
        </case>
        <case>
          <duration>0.001</duration>
          <className>com.cumulocity.devicecontrol.service.impl.bulk.BulkOperationFacadeImplTest</className>
          <testName>mustNotUpdateCreationRampIfLowerThan0</testName>
          <skipped>false</skipped>
          <failedSince>0</failedSince>
        </case>
        <case>
          <duration>0.002</duration>
          <className>com.cumulocity.devicecontrol.service.impl.bulk.BulkOperationFacadeImplTest</className>
          <testName>mustUpdateFragmentIfNotNull</testName>
          <skipped>false</skipped>
          <failedSince>0</failedSince>
        </case>
        <case>
          <duration>0.002</duration>
          <className>com.cumulocity.devicecontrol.service.impl.bulk.BulkOperationFacadeImplTest</className>
          <testName>mustNotUpdateFragmentIfNull</testName>
          <skipped>false</skipped>
          <failedSince>0</failedSince>
        </case>
        <case>
          <duration>0.001</duration>
          <className>com.cumulocity.devicecontrol.service.impl.bulk.BulkOperationFacadeImplTest</className>
          <testName>mustDelegateFindByIdToRepository</testName>
          <skipped>false</skipped>
          <failedSince>0</failedSince>
        </case>
        <case>
          <duration>0.014</duration>
          <className>com.cumulocity.devicecontrol.service.impl.bulk.BulkOperationFacadeImplTest</className>
          <testName>mustDelegateFindByFilterToRepository</testName>
          <skipped>false</skipped>
          <failedSince>0</failedSince>
        </case>
        <case>
          <duration>0.001</duration>
          <className>com.cumulocity.devicecontrol.service.impl.bulk.BulkOperationFacadeImplTest</className>
          <testName>mustDelegateScheduleInCreateMethodOperationToScheduleService</testName>
          <skipped>false</skipped>
          <failedSince>0</failedSince>
        </case>
        <case>
          <duration>0.002</duration>
          <className>com.cumulocity.devicecontrol.service.impl.bulk.BulkOperationFacadeImplTest</className>
          <testName>mustMethodUpdateThrowDevicecontrolServiceExceptionWhenRepositoryThrowNotFoundException</testName>
          <skipped>false</skipped>
          <failedSince>0</failedSince>
        </case>
        <case>
          <duration>0.001</duration>
          <className>com.cumulocity.devicecontrol.service.impl.bulk.BulkOperationFacadeImplTest</className>
          <testName>mustMethodFindByIdThrowDevicecontrolServiceExceptionWhenRepositoryThrowNotFoundException</testName>
          <skipped>false</skipped>
          <failedSince>0</failedSince>
        </case>
        <case>
          <duration>0.005</duration>
          <className>com.cumulocity.devicecontrol.service.impl.bulk.BulkOperationFacadeImplTest</className>
          <testName>mustCreateThrowErrorIfNotExistsManagedObject</testName>
          <skipped>false</skipped>
          <failedSince>0</failedSince>
        </case>
        <case>
          <duration>0.002</duration>
          <className>com.cumulocity.devicecontrol.service.impl.bulk.BulkOperationFacadeImplTest</className>
          <testName>mustCreateThrowErrorIfManagedObjectHaveEmptyChildAssets</testName>
          <skipped>false</skipped>
          <failedSince>0</failedSince>
        </case>
        <case>
          <duration>0.029</duration>
          <className>com.cumulocity.devicecontrol.service.impl.bulk.BulkOperationFacadeImplTest</className>
          <testName>mustRescheduleFailedDevicesDelegateToCreateMethod</testName>
          <skipped>false</skipped>
          <failedSince>0</failedSince>
        </case>
        <case>
          <duration>0.003</duration>
          <className>com.cumulocity.devicecontrol.service.impl.bulk.BulkOperationFacadeImplTest</className>
          <testName>mustRescheduleFailedDevicesDelegateToRescheduleMethod</testName>
          <skipped>false</skipped>
          <failedSince>0</failedSince>
        </case>
        <case>
          <duration>0.002</duration>
          <className>com.cumulocity.devicecontrol.service.impl.bulk.BulkOperationFacadeImplTest</className>
          <testName>mustRescheduleEraseFailedProgress</testName>
          <skipped>false</skipped>
          <failedSince>0</failedSince>
        </case>
        <case>
          <duration>0.002</duration>
          <className>com.cumulocity.devicecontrol.service.impl.bulk.BulkOperationFacadeImplTest</className>
          <testName>mustDelegateCreateBulkOperationToRepository</testName>
          <skipped>false</skipped>
          <failedSince>0</failedSince>
        </case>
        <case>
          <duration>0.001</duration>
          <className>com.cumulocity.devicecontrol.service.impl.bulk.BulkOperationFacadeImplTest</className>
          <testName>mustUpdateGroupIdIfNotNull</testName>
          <skipped>false</skipped>
          <failedSince>0</failedSince>
        </case>
        <case>
          <duration>0.002</duration>
          <className>com.cumulocity.devicecontrol.service.impl.bulk.BulkOperationFacadeImplTest</className>
          <testName>mustCorrectMarkAsDeletedBulkOperation</testName>
          <skipped>false</skipped>
          <failedSince>0</failedSince>
        </case>
        <case>
          <duration>0.001</duration>
          <className>com.cumulocity.devicecontrol.service.impl.bulk.BulkOperationFacadeImplTest</className>
          <testName>mustCreateCorrectInitializeBulkOperationProgress</testName>
          <skipped>false</skipped>
          <failedSince>0</failedSince>
        </case>
        <case>
          <duration>0.002</duration>
          <className>com.cumulocity.devicecontrol.service.impl.bulk.BulkOperationFacadeImplTest</className>
          <testName>mustUpdateDeleteIfNotStartedBulkOperationCorrectProgress</testName>
          <skipped>false</skipped>
          <failedSince>0</failedSince>
        </case>
        <case>
          <duration>0.002</duration>
          <className>com.cumulocity.devicecontrol.service.impl.bulk.BulkOperationFacadeImplTest</className>
          <testName>mustUpdateMarkAsDeleteIfStartedBulkOperationCorrectProgress</testName>
          <skipped>false</skipped>
          <failedSince>0</failedSince>
        </case>
        <case>
          <duration>0.002</duration>
          <className>com.cumulocity.devicecontrol.service.impl.bulk.BulkOperationFacadeImplTest</className>
          <testName>mustFindByIdCorrectFillProgress</testName>
          <skipped>false</skipped>
          <failedSince>0</failedSince>
        </case>
        <case>
          <duration>0.002</duration>
          <className>com.cumulocity.devicecontrol.service.impl.bulk.BulkOperationFacadeImplTest</className>
          <testName>mustFindByFilterCorrectFillProgress</testName>
          <skipped>false</skipped>
          <failedSince>0</failedSince>
        </case>
        <case>
          <duration>0.004</duration>
          <className>com.cumulocity.devicecontrol.service.impl.bulk.BulkOperationFacadeImplTest</className>
          <testName>shouldLoadFutureNonStartedBulkOperations</testName>
          <skipped>false</skipped>
          <failedSince>0</failedSince>
        </case>
        <case>
          <duration>0.001</duration>
          <className>com.cumulocity.devicecontrol.service.impl.bulk.BulkOperationFacadeImplTest</className>
          <testName>mustCreateThrowResourceInvalidDataExceptionForCreationRampZero</testName>
          <skipped>false</skipped>
          <failedSince>0</failedSince>
        </case>
        <case>
          <duration>0.002</duration>
          <className>com.cumulocity.devicecontrol.service.impl.bulk.BulkOperationFacadeImplTest</className>
          <testName>mustThrowErrorRescheduleFailedDevicesWhenCurrentBulkOperationAllOperationAreSuccessful</testName>
          <skipped>false</skipped>
          <failedSince>0</failedSince>
        </case>
        <case>
          <duration>0.025</duration>
          <className>com.cumulocity.devicecontrol.service.impl.bulk.BulkOperationFacadeImplTest</className>
          <testName>mustDelegateCreateBulkOperationToRepositoryWhenGroupIdDynamic</testName>
          <skipped>false</skipped>
          <failedSince>0</failedSince>
        </case>
        <case>
          <duration>0.002</duration>
          <className>com.cumulocity.devicecontrol.service.impl.bulk.BulkOperationFacadeImplTest</className>
          <testName>mustDelegateUpdateOperationToRepositoryWhenGroupIdDynamic</testName>
          <skipped>false</skipped>
          <failedSince>0</failedSince>
        </case>
        <case>
          <duration>0.001</duration>
          <className>com.cumulocity.devicecontrol.service.impl.bulk.BulkOperationFacadeImplTest</className>
          <testName>mustCreateThrowErrorIfQueryByStringNotReturn</testName>
          <skipped>false</skipped>
          <failedSince>0</failedSince>
        </case>
        <case>
          <duration>0.002</duration>
          <className>com.cumulocity.devicecontrol.service.impl.bulk.BulkOperationFacadeImplTest</className>
          <testName>mustCreateBulkOperationScheduleProperNumberOfIdsWhenGroupIdDynamic</testName>
          <skipped>false</skipped>
          <failedSince>0</failedSince>
        </case>
        <case>
          <duration>0.001</duration>
          <className>com.cumulocity.devicecontrol.service.impl.bulk.BulkOperationFacadeImplTest</className>
          <testName>mustCreateCorrectInitializeBulkOperationProgressWhenGroupIdDynamic</testName>
          <skipped>false</skipped>
          <failedSince>0</failedSince>
        </case>
        <case>
          <duration>0.002</duration>
          <className>com.cumulocity.devicecontrol.service.impl.bulk.BulkOperationFacadeImplTest</className>
          <testName>mustRescheduleEraseFailedProgressWhenGroupIdDynamic</testName>
          <skipped>false</skipped>
          <failedSince>0</failedSince>
        </case>
        <case>
          <duration>0.002</duration>
          <className>com.cumulocity.devicecontrol.service.impl.bulk.BulkOperationFacadeImplTest</className>
          <testName>mustRescheduleFailedDevicesDelegateToRescheduleMethodWhenGroupIdDynamic</testName>
          <skipped>false</skipped>
          <failedSince>0</failedSince>
        </case>
        <case>
          <duration>0.002</duration>
          <className>com.cumulocity.devicecontrol.service.impl.bulk.BulkOperationFacadeImplTest</className>
          <testName>mustRescheduleFailedDevicesDelegateToCreateMethodWhenGroupIdDynamic</testName>
          <skipped>false</skipped>
          <failedSince>0</failedSince>
        </case>
      </cases>
    </suite>
    <suite>
      <file>/var/jenkins_home/workspace/Cumulocity-Platform-Services-BUILD/devicecontrol/devicecontrol-service/target/surefire-reports/TEST-com.cumulocity.devicecontrol.service.impl.bulk.task.BulkOperationSchedulerTest.xml</file>
      <name>com.cumulocity.devicecontrol.service.impl.bulk.task.BulkOperationSchedulerTest</name>
      <duration>1.83</duration>
      <time>1.83</time>
      <enclosingBlocks/>
      <enclosingBlockNames/>
      <cases>
        <case>
          <duration>1.762</duration>
          <className>com.cumulocity.devicecontrol.service.impl.bulk.task.BulkOperationSchedulerTest</className>
          <testName>mustCallRealMethodIsExistsOnlyTwiceTimesRestOfAllMustBeFromCache</testName>
          <skipped>false</skipped>
          <failedSince>0</failedSince>
        </case>
      </cases>
    </suite>
    <suite>
      <file>/var/jenkins_home/workspace/Cumulocity-Platform-Services-BUILD/devicecontrol/devicecontrol-service/target/surefire-reports/TEST-com.cumulocity.devicecontrol.service.impl.bulk.task.BulkOperationTaskTest.xml</file>
      <name>com.cumulocity.devicecontrol.service.impl.bulk.task.BulkOperationTaskTest</name>
      <duration>2.962</duration>
      <time>2.962</time>
      <enclosingBlocks/>
      <enclosingBlockNames/>
      <cases>
        <case>
          <duration>0.645</duration>
          <className>com.cumulocity.devicecontrol.service.impl.bulk.task.BulkOperationTaskTest</className>
          <testName>mustRunOneTaskAndExecuteForEachDevices</testName>
          <skipped>false</skipped>
          <failedSince>0</failedSince>
        </case>
        <case>
          <duration>0.305</duration>
          <className>com.cumulocity.devicecontrol.service.impl.bulk.task.BulkOperationTaskTest</className>
          <testName>mustRunOneTaskAndExecuteUntilToCancel</testName>
          <skipped>false</skipped>
          <failedSince>0</failedSince>
        </case>
        <case>
          <duration>0.508</duration>
          <className>com.cumulocity.devicecontrol.service.impl.bulk.task.BulkOperationTaskTest</className>
          <testName>mustRunEachTasksEvenPreviousThrowExceptionForEachDevices</testName>
          <skipped>false</skipped>
          <failedSince>0</failedSince>
        </case>
        <case>
          <duration>1.502</duration>
          <className>com.cumulocity.devicecontrol.service.impl.bulk.task.BulkOperationTaskTest</className>
          <testName>mustSkipCreateOperationForTaskInProgress</testName>
          <skipped>false</skipped>
          <failedSince>0</failedSince>
        </case>
      </cases>
    </suite>
    <suite>
      <file>/var/jenkins_home/workspace/Cumulocity-Platform-Services-BUILD/devicecontrol/devicecontrol-service/target/surefire-reports/TEST-com.cumulocity.devicecontrol.service.push.impl.ConnectionRegistryImplTest.xml</file>
      <name>com.cumulocity.devicecontrol.service.push.impl.ConnectionRegistryImplTest</name>
      <duration>22.549</duration>
      <time>22.549</time>
      <enclosingBlocks/>
      <enclosingBlockNames/>
      <cases>
        <case>
          <duration>2.608</duration>
          <className>com.cumulocity.devicecontrol.service.push.impl.ConnectionRegistryImplTest</className>
          <testName>shouldResolveNotResolveWhenNoConnectionRegistered</testName>
          <skipped>false</skipped>
          <failedSince>0</failedSince>
        </case>
        <case>
          <duration>2.038</duration>
          <className>com.cumulocity.devicecontrol.service.push.impl.ConnectionRegistryImplTest</className>
          <testName>shouldCloseConnectionWhenUnregistered</testName>
          <skipped>false</skipped>
          <failedSince>0</failedSince>
        </case>
        <case>
          <duration>2.537</duration>
          <className>com.cumulocity.devicecontrol.service.push.impl.ConnectionRegistryImplTest</className>
          <testName>shouldResolveLocalConnectionWhenRegistered</testName>
          <skipped>false</skipped>
          <failedSince>0</failedSince>
        </case>
        <case>
          <duration>2.529</duration>
          <className>com.cumulocity.devicecontrol.service.push.impl.ConnectionRegistryImplTest</className>
          <testName>shouldResolveLocalConnectionForAgent</testName>
          <skipped>false</skipped>
          <failedSince>0</failedSince>
        </case>
        <case>
          <duration>2.528</duration>
          <className>com.cumulocity.devicecontrol.service.push.impl.ConnectionRegistryImplTest</className>
          <testName>shouldResolveConnectionForRemote</testName>
          <skipped>false</skipped>
          <failedSince>0</failedSince>
        </case>
        <case>
          <duration>2.328</duration>
          <className>com.cumulocity.devicecontrol.service.push.impl.ConnectionRegistryImplTest</className>
          <testName>shouldRemoteConnectionNotBeMarkAsLocal</testName>
          <skipped>false</skipped>
          <failedSince>0</failedSince>
        </case>
        <case>
          <duration>2.863</duration>
          <className>com.cumulocity.devicecontrol.service.push.impl.ConnectionRegistryImplTest</className>
          <testName>shouldSendBroadcastDeliveryWhenSendToRemoteConnection</testName>
          <skipped>false</skipped>
          <failedSince>0</failedSince>
        </case>
        <case>
          <duration>2.525</duration>
          <className>com.cumulocity.devicecontrol.service.push.impl.ConnectionRegistryImplTest</className>
          <testName>shouldReplaceRemoteWhenConnectionRegisteredLocal</testName>
          <skipped>false</skipped>
          <failedSince>0</failedSince>
        </case>
        <case>
          <duration>2.591</duration>
          <className>com.cumulocity.devicecontrol.service.push.impl.ConnectionRegistryImplTest</className>
          <testName>shouldRemoveOnlyLocalConnectionOnClose</testName>
          <skipped>false</skipped>
          <failedSince>0</failedSince>
        </case>
      </cases>
    </suite>
    <suite>
      <file>/var/jenkins_home/workspace/Cumulocity-Platform-Services-BUILD/devicecontrol/devicecontrol-service/target/surefire-reports/TEST-com.cumulocity.devicecontrol.service.push.impl.DevicePushTest.xml</file>
      <name>com.cumulocity.devicecontrol.service.push.impl.DevicePushTest</name>
      <duration>9.571</duration>
      <time>9.571</time>
      <enclosingBlocks/>
      <enclosingBlockNames/>
      <cases>
        <case>
          <duration>4.468</duration>
          <className>com.cumulocity.devicecontrol.service.push.impl.DevicePushTest</className>
          <testName>shouldRegisterConnectionOnConnect</testName>
          <skipped>false</skipped>
          <failedSince>0</failedSince>
        </case>
        <case>
          <duration>2.55</duration>
          <className>com.cumulocity.devicecontrol.service.push.impl.DevicePushTest</className>
          <testName>shouldNotSendDeliveredOperationsOnConnect</testName>
          <skipped>false</skipped>
          <failedSince>0</failedSince>
        </case>
        <case>
          <duration>2.548</duration>
          <className>com.cumulocity.devicecontrol.service.push.impl.DevicePushTest</className>
          <testName>shouldSendOperationsOnConnect</testName>
          <skipped>false</skipped>
          <failedSince>0</failedSince>
        </case>
      </cases>
    </suite>
    <suite>
      <file>/var/jenkins_home/workspace/Cumulocity-Platform-Services-BUILD/email-management/email-management-service/target/surefire-reports/TEST-com.cumulocity.email.service.PasswordResetEmailBuilderTest.xml</file>
      <name>com.cumulocity.email.service.PasswordResetEmailBuilderTest</name>
      <duration>0.093</duration>
      <time>0.093</time>
      <enclosingBlocks/>
      <enclosingBlockNames/>
      <cases>
        <case>
          <duration>0.089</duration>
          <className>com.cumulocity.email.service.PasswordResetEmailBuilderTest</className>
          <testName>shouldReplaceTenantDomainPlaceholder</testName>
          <skipped>false</skipped>
          <failedSince>0</failedSince>
        </case>
        <case>
          <duration>0.002</duration>
          <className>com.cumulocity.email.service.PasswordResetEmailBuilderTest</className>
          <testName>inviteEmailTextShouldBeCorrect</testName>
          <skipped>false</skipped>
          <failedSince>0</failedSince>
        </case>
      </cases>
    </suite>
    <suite>
      <file>/var/jenkins_home/workspace/Cumulocity-Platform-Services-BUILD/email-management/email-management-service/target/surefire-reports/TEST-com.cumulocity.email.service.impl.EmailServiceImplTest.xml</file>
      <name>com.cumulocity.email.service.impl.EmailServiceImplTest</name>
      <duration>1.206</duration>
      <time>1.206</time>
      <enclosingBlocks/>
      <enclosingBlockNames/>
      <cases>
        <case>
          <duration>0.984</duration>
          <className>com.cumulocity.email.service.impl.EmailServiceImplTest</className>
          <testName>shouldValidateEmailAddressTo</testName>
          <skipped>false</skipped>
          <failedSince>0</failedSince>
        </case>
        <case>
          <duration>0.004</duration>
          <className>com.cumulocity.email.service.impl.EmailServiceImplTest</className>
          <testName>shouldValidateEmailAddressToNotNull</testName>
          <skipped>false</skipped>
          <failedSince>0</failedSince>
        </case>
        <case>
          <duration>0.004</duration>
          <className>com.cumulocity.email.service.impl.EmailServiceImplTest</className>
          <testName>shouldValidateEmailAddressToNotBlank</testName>
          <skipped>false</skipped>
          <failedSince>0</failedSince>
        </case>
        <case>
          <duration>0.004</duration>
          <className>com.cumulocity.email.service.impl.EmailServiceImplTest</className>
          <testName>shouldValidateEmailAddressToNotBlankAny</testName>
          <skipped>false</skipped>
          <failedSince>0</failedSince>
        </case>
        <case>
          <duration>0.004</duration>
          <className>com.cumulocity.email.service.impl.EmailServiceImplTest</className>
          <testName>shouldValidateSubjectNotBlank</testName>
          <skipped>false</skipped>
          <failedSince>0</failedSince>
        </case>
        <case>
          <duration>0.004</duration>
          <className>com.cumulocity.email.service.impl.EmailServiceImplTest</className>
          <testName>shouldValidateSubjectNotNull</testName>
          <skipped>false</skipped>
          <failedSince>0</failedSince>
        </case>
        <case>
          <duration>0.004</duration>
          <className>com.cumulocity.email.service.impl.EmailServiceImplTest</className>
          <testName>shouldValidateReplyTo</testName>
          <skipped>false</skipped>
          <failedSince>0</failedSince>
        </case>
        <case>
          <duration>0.061</duration>
          <className>com.cumulocity.email.service.impl.EmailServiceImplTest</className>
          <testName>shouldPassEmailValidation</testName>
          <skipped>false</skipped>
          <failedSince>0</failedSince>
        </case>
        <case>
          <duration>0.015</duration>
          <className>com.cumulocity.email.service.impl.EmailServiceImplTest</className>
          <testName>shouldUseDefaultFrom</testName>
          <skipped>false</skipped>
          <failedSince>0</failedSince>
        </case>
      </cases>
    </suite>
    <suite>
      <file>/var/jenkins_home/workspace/Cumulocity-Platform-Services-BUILD/email-management/email-management-service/target/surefire-reports/TEST-com.cumulocity.email.service.impl.SuspendTenantEmailBuilderTest.xml</file>
      <name>com.cumulocity.email.service.impl.SuspendTenantEmailBuilderTest</name>
      <duration>0.346</duration>
      <time>0.346</time>
      <enclosingBlocks/>
      <enclosingBlockNames/>
      <cases>
        <case>
          <duration>0.287</duration>
          <className>com.cumulocity.email.service.impl.SuspendTenantEmailBuilderTest</className>
          <testName>shouldCreateEmail</testName>
          <skipped>false</skipped>
          <failedSince>0</failedSince>
        </case>
      </cases>
    </suite>
    <suite>
      <file>/var/jenkins_home/workspace/Cumulocity-Platform-Services-BUILD/event-management/event-management-rest/target/surefire-reports/TEST-com.cumulocity.event.rest.resources.EventCollectionResourceCreateTest.xml</file>
      <name>com.cumulocity.event.rest.resources.EventCollectionResourceCreateTest</name>
      <duration>0.004</duration>
      <time>0.004</time>
      <enclosingBlocks/>
      <enclosingBlockNames/>
      <cases>
        <case>
          <duration>0.001</duration>
          <className>com.cumulocity.event.rest.resources.EventCollectionResourceCreateTest</className>
          <testName>shouldNotMapEventToEventRepresentationForNullAcceptHeader</testName>
          <skipped>false</skipped>
          <failedSince>0</failedSince>
        </case>
        <case>
          <duration>0.001</duration>
          <className>com.cumulocity.event.rest.resources.EventCollectionResourceCreateTest</className>
          <testName>shouldNotMapEventToEventRepresentationForEmptyAcceptHeader</testName>
          <skipped>false</skipped>
          <failedSince>0</failedSince>
        </case>
        <case>
          <duration>0.001</duration>
          <className>com.cumulocity.event.rest.resources.EventCollectionResourceCreateTest</className>
          <testName>shouldNotMapEventToEventRepresentationForWildcardAcceptHeader</testName>
          <skipped>false</skipped>
          <failedSince>0</failedSince>
        </case>
        <case>
          <duration>0.001</duration>
          <className>com.cumulocity.event.rest.resources.EventCollectionResourceCreateTest</className>
          <testName>shouldMapEventToEventRepresentationWithAcceptHeader</testName>
          <skipped>false</skipped>
          <failedSince>0</failedSince>
        </case>
      </cases>
    </suite>
    <suite>
      <file>/var/jenkins_home/workspace/Cumulocity-Platform-Services-BUILD/event-management/event-management-rest/target/surefire-reports/TEST-com.cumulocity.event.rest.resources.EventCollectionResourceModuleTest.xml</file>
      <name>com.cumulocity.event.rest.resources.EventCollectionResourceModuleTest</name>
      <duration>0.836</duration>
      <time>0.836</time>
      <enclosingBlocks/>
      <enclosingBlockNames/>
      <cases>
        <case>
          <duration>0.491</duration>
          <className>com.cumulocity.event.rest.resources.EventCollectionResourceModuleTest</className>
          <testName>getOnCollectionShouldReturnNextAndPrevLinks</testName>
          <skipped>false</skipped>
          <failedSince>0</failedSince>
        </case>
        <case>
          <duration>0.068</duration>
          <className>com.cumulocity.event.rest.resources.EventCollectionResourceModuleTest</className>
          <testName>deleteByQueryShouldCallServiceProperly</testName>
          <skipped>false</skipped>
          <failedSince>0</failedSince>
        </case>
        <case>
          <duration>0.116</duration>
          <className>com.cumulocity.event.rest.resources.EventCollectionResourceModuleTest</className>
          <testName>postShouldNotCreateNewEventWithoutExistingManagedObject</testName>
          <skipped>false</skipped>
          <failedSince>0</failedSince>
        </case>
        <case>
          <duration>0.053</duration>
          <className>com.cumulocity.event.rest.resources.EventCollectionResourceModuleTest</className>
          <testName>postShouldNotCreateNewEventWithoutTime</testName>
          <skipped>false</skipped>
          <failedSince>0</failedSince>
        </case>
        <case>
          <duration>0.04</duration>
          <className>com.cumulocity.event.rest.resources.EventCollectionResourceModuleTest</className>
          <testName>collectionItemsActuallyContainData</testName>
          <skipped>false</skipped>
          <failedSince>0</failedSince>
        </case>
        <case>
          <duration>0.06</duration>
          <className>com.cumulocity.event.rest.resources.EventCollectionResourceModuleTest</className>
          <testName>getOnCollectionShouldFilterOnTypeAndSource</testName>
          <skipped>false</skipped>
          <failedSince>0</failedSince>
        </case>
      </cases>
    </suite>
    <suite>
      <file>/var/jenkins_home/workspace/Cumulocity-Platform-Services-BUILD/event-management/event-management-rest/target/surefire-reports/TEST-com.cumulocity.event.rest.resources.EventCollectionResourceSecurityTest.xml</file>
      <name>com.cumulocity.event.rest.resources.EventCollectionResourceSecurityTest</name>
      <duration>1.224</duration>
      <time>1.224</time>
      <enclosingBlocks/>
      <enclosingBlockNames/>
      <cases>
        <case>
          <duration>1.156</duration>
          <className>com.cumulocity.event.rest.resources.EventCollectionResourceSecurityTest</className>
          <testName>postShouldFailWithAccessDeniedException</testName>
          <skipped>false</skipped>
          <failedSince>0</failedSince>
        </case>
        <case>
          <duration>0.03</duration>
          <className>com.cumulocity.event.rest.resources.EventCollectionResourceSecurityTest</className>
          <testName>postShouldSuccess</testName>
          <skipped>false</skipped>
          <failedSince>0</failedSince>
        </case>
        <case>
          <duration>0.013</duration>
          <className>com.cumulocity.event.rest.resources.EventCollectionResourceSecurityTest</className>
          <testName>shouldCreateEventWhenHasDevicePermission</testName>
          <skipped>false</skipped>
          <failedSince>0</failedSince>
        </case>
        <case>
          <duration>0.011</duration>
          <className>com.cumulocity.event.rest.resources.EventCollectionResourceSecurityTest</className>
          <testName>shouldFailCreateEventWhenHasNoDevicePermission</testName>
          <skipped>false</skipped>
          <failedSince>0</failedSince>
        </case>
      </cases>
    </suite>
    <suite>
      <file>/var/jenkins_home/workspace/Cumulocity-Platform-Services-BUILD/event-management/event-management-rest/target/surefire-reports/TEST-com.cumulocity.event.rest.resources.EventMqttJsonRequestHandlerTest.xml</file>
      <name>com.cumulocity.event.rest.resources.EventMqttJsonRequestHandlerTest</name>
      <duration>0.06</duration>
      <time>0.06</time>
      <enclosingBlocks/>
      <enclosingBlockNames/>
      <cases>
        <case>
          <duration>0.0</duration>
          <className>com.cumulocity.event.rest.resources.EventMqttJsonRequestHandlerTest</className>
          <testName>shouldUpdateEvent</testName>
          <skipped>false</skipped>
          <failedSince>0</failedSince>
        </case>
        <case>
          <duration>0.053</duration>
          <className>com.cumulocity.event.rest.resources.EventMqttJsonRequestHandlerTest</className>
          <testName>shouldCreateNewEventWithExternalSource</testName>
          <skipped>false</skipped>
          <failedSince>0</failedSince>
        </case>
        <case>
          <duration>0.003</duration>
          <className>com.cumulocity.event.rest.resources.EventMqttJsonRequestHandlerTest</className>
          <testName>shouldCreateMultipleEvents</testName>
          <skipped>false</skipped>
          <failedSince>0</failedSince>
        </case>
        <case>
          <duration>0.003</duration>
          <className>com.cumulocity.event.rest.resources.EventMqttJsonRequestHandlerTest</className>
          <testName>shouldCreateMultipleEventsWithExternalSource</testName>
          <skipped>false</skipped>
          <failedSince>0</failedSince>
        </case>
        <case>
          <duration>0.001</duration>
          <className>com.cumulocity.event.rest.resources.EventMqttJsonRequestHandlerTest</className>
          <testName>shouldCreateNewEvent</testName>
          <skipped>false</skipped>
          <failedSince>0</failedSince>
        </case>
      </cases>
    </suite>
    <suite>
      <file>/var/jenkins_home/workspace/Cumulocity-Platform-Services-BUILD/event-management/event-management-rest/target/surefire-reports/TEST-com.cumulocity.event.rest.resources.EventResourcePutTest.xml</file>
      <name>com.cumulocity.event.rest.resources.EventResourcePutTest</name>
      <duration>0.015</duration>
      <time>0.015</time>
      <enclosingBlocks/>
      <enclosingBlockNames/>
      <cases>
        <case>
          <duration>0.003</duration>
          <className>com.cumulocity.event.rest.resources.EventResourcePutTest</className>
          <testName>shouldNotMapEventToEventRepresentationForNullAcceptHeader</testName>
          <skipped>false</skipped>
          <failedSince>0</failedSince>
        </case>
        <case>
          <duration>0.001</duration>
          <className>com.cumulocity.event.rest.resources.EventResourcePutTest</className>
          <testName>shouldNotMapEventToEventRepresentationForEmptyAcceptHeader</testName>
          <skipped>false</skipped>
          <failedSince>0</failedSince>
        </case>
        <case>
          <duration>0.001</duration>
          <className>com.cumulocity.event.rest.resources.EventResourcePutTest</className>
          <testName>shouldNotMapEventToEventRepresentationForWildcardAcceptHeader</testName>
          <skipped>false</skipped>
          <failedSince>0</failedSince>
        </case>
        <case>
          <duration>0.003</duration>
          <className>com.cumulocity.event.rest.resources.EventResourcePutTest</className>
          <testName>shouldMapEventToEventRepresentationWithAcceptHeader</testName>
          <skipped>false</skipped>
          <failedSince>0</failedSince>
        </case>
        <case>
          <duration>0.001</duration>
          <className>com.cumulocity.event.rest.resources.EventResourcePutTest</className>
          <testName>shouldPassCorrectIdValidationForNullIdInRepresentation</testName>
          <skipped>false</skipped>
          <failedSince>0</failedSince>
        </case>
        <case>
          <duration>0.005</duration>
          <className>com.cumulocity.event.rest.resources.EventResourcePutTest</className>
          <testName>shouldNotPassValidationForNotEqualsIdsInRepresentationAndUrl</testName>
          <skipped>false</skipped>
          <failedSince>0</failedSince>
        </case>
        <case>
          <duration>0.001</duration>
          <className>com.cumulocity.event.rest.resources.EventResourcePutTest</className>
          <testName>shouldPassValidationForEqualsIdsInRepresentationAndUrl</testName>
          <skipped>false</skipped>
          <failedSince>0</failedSince>
        </case>
      </cases>
    </suite>
    <suite>
      <file>/var/jenkins_home/workspace/Cumulocity-Platform-Services-BUILD/event-management/event-management-rest/target/surefire-reports/TEST-com.cumulocity.event.rest.resources.EventResourceSecurityTest.xml</file>
      <name>com.cumulocity.event.rest.resources.EventResourceSecurityTest</name>
      <duration>0.107</duration>
      <time>0.107</time>
      <enclosingBlocks/>
      <enclosingBlockNames/>
      <cases>
        <case>
          <duration>0.014</duration>
          <className>com.cumulocity.event.rest.resources.EventResourceSecurityTest</className>
          <testName>shouldFailWithAccessDeniedException</testName>
          <skipped>false</skipped>
          <failedSince>0</failedSince>
        </case>
        <case>
          <duration>0.011</duration>
          <className>com.cumulocity.event.rest.resources.EventResourceSecurityTest</className>
          <testName>shouldReadEventWhenHasDevicePermission</testName>
          <skipped>false</skipped>
          <failedSince>0</failedSince>
        </case>
        <case>
          <duration>0.011</duration>
          <className>com.cumulocity.event.rest.resources.EventResourceSecurityTest</className>
          <testName>shouldFailReadEventWhenHasNoDevicePermission</testName>
          <skipped>false</skipped>
          <failedSince>0</failedSince>
        </case>
        <case>
          <duration>0.011</duration>
          <className>com.cumulocity.event.rest.resources.EventResourceSecurityTest</className>
          <testName>shouldDeleteEventWhenHasDevicePermission</testName>
          <skipped>false</skipped>
          <failedSince>0</failedSince>
        </case>
        <case>
          <duration>0.01</duration>
          <className>com.cumulocity.event.rest.resources.EventResourceSecurityTest</className>
          <testName>shouldFailDeleteEventWhenHasNoDevicePermission</testName>
          <skipped>false</skipped>
          <failedSince>0</failedSince>
        </case>
        <case>
          <duration>0.01</duration>
          <className>com.cumulocity.event.rest.resources.EventResourceSecurityTest</className>
          <testName>shouldDelete</testName>
          <skipped>false</skipped>
          <failedSince>0</failedSince>
        </case>
        <case>
          <duration>0.01</duration>
          <className>com.cumulocity.event.rest.resources.EventResourceSecurityTest</className>
          <testName>shouldUpdateFailWithAccessDeniedException</testName>
          <skipped>false</skipped>
          <failedSince>0</failedSince>
        </case>
        <case>
          <duration>0.011</duration>
          <className>com.cumulocity.event.rest.resources.EventResourceSecurityTest</className>
          <testName>shouldUpdateWithAdminDeviceAccess</testName>
          <skipped>false</skipped>
          <failedSince>0</failedSince>
        </case>
        <case>
          <duration>0.011</duration>
          <className>com.cumulocity.event.rest.resources.EventResourceSecurityTest</className>
          <testName>shouldFailUpdateEventWhenHasNoDevicePermission</testName>
          <skipped>false</skipped>
          <failedSince>0</failedSince>
        </case>
      </cases>
    </suite>
    <suite>
      <file>/var/jenkins_home/workspace/Cumulocity-Platform-Services-BUILD/event-management/event-management-rest/target/surefire-reports/TEST-com.cumulocity.event.rest.resources.EventsResourceModuleTest.xml</file>
      <name>com.cumulocity.event.rest.resources.EventsResourceModuleTest</name>
      <duration>5.256</duration>
      <time>5.256</time>
      <enclosingBlocks/>
      <enclosingBlockNames/>
      <cases>
        <case>
          <duration>4.409</duration>
          <className>com.cumulocity.event.rest.resources.EventsResourceModuleTest</className>
          <testName>shouldReturnEventObject</testName>
          <skipped>false</skipped>
          <failedSince>0</failedSince>
        </case>
        <case>
          <duration>0.071</duration>
          <className>com.cumulocity.event.rest.resources.EventsResourceModuleTest</className>
          <testName>deleteShouldCallDeleteInDatabase</testName>
          <skipped>false</skipped>
          <failedSince>0</failedSince>
        </case>
        <case>
          <duration>0.109</duration>
          <className>com.cumulocity.event.rest.resources.EventsResourceModuleTest</className>
          <testName>getShouldReturn404WhenObjectNotFound</testName>
          <skipped>false</skipped>
          <failedSince>0</failedSince>
        </case>
        <case>
          <duration>0.1</duration>
          <className>com.cumulocity.event.rest.resources.EventsResourceModuleTest</className>
          <testName>deleteShouldReturn404WhenObjectNotFound</testName>
          <skipped>false</skipped>
          <failedSince>0</failedSince>
        </case>
        <case>
          <duration>0.093</duration>
          <className>com.cumulocity.event.rest.resources.EventsResourceModuleTest</className>
          <testName>putShouldReturn404WhenEventNotExistOnPutMethod</testName>
          <skipped>false</skipped>
          <failedSince>0</failedSince>
        </case>
        <case>
          <duration>0.074</duration>
          <className>com.cumulocity.event.rest.resources.EventsResourceModuleTest</className>
          <testName>putShouldReturnUpdatedEventWhenTextChanged</testName>
          <skipped>false</skipped>
          <failedSince>0</failedSince>
        </case>
      </cases>
    </suite>
    <suite>
      <file>/var/jenkins_home/workspace/Cumulocity-Platform-Services-BUILD/event-management/event-management-rest/target/surefire-reports/TEST-com.cumulocity.event.rest.resources.api.EventsApiResourceTest.xml</file>
      <name>com.cumulocity.event.rest.resources.api.EventsApiResourceTest</name>
      <duration>0.0</duration>
      <time>0</time>
      <enclosingBlocks/>
      <enclosingBlockNames/>
      <cases>
        <case>
          <duration>0.0</duration>
          <className>com.cumulocity.event.rest.resources.api.EventsApiResourceTest</className>
          <testName>getReturnsPredefinedEventsApiRepresentation</testName>
          <skipped>false</skipped>
          <failedSince>0</failedSince>
        </case>
      </cases>
    </suite>
    <suite>
      <file>/var/jenkins_home/workspace/Cumulocity-Platform-Services-BUILD/event-management/event-management-service/target/surefire-reports/TEST-com.cumulocity.event.service.EventManagementServiceImplTest.xml</file>
      <name>com.cumulocity.event.service.EventManagementServiceImplTest</name>
      <duration>1.018</duration>
      <time>1.018</time>
      <enclosingBlocks/>
      <enclosingBlockNames/>
      <cases>
        <case>
          <duration>0.685</duration>
          <className>com.cumulocity.event.service.EventManagementServiceImplTest</className>
          <testName>createShouldOnlySendEventToEventProcessorForCEPMode</testName>
          <skipped>false</skipped>
          <failedSince>0</failedSince>
        </case>
        <case>
          <duration>0.017</duration>
          <className>com.cumulocity.event.service.EventManagementServiceImplTest</className>
          <testName>findByFilterShouldCallFindByFilterOnEventDatabaseExactlyOnceAndReturnNotNull</testName>
          <skipped>false</skipped>
          <failedSince>0</failedSince>
        </case>
        <case>
          <duration>0.032</duration>
          <className>com.cumulocity.event.service.EventManagementServiceImplTest</className>
          <testName>shouldFindChildDevicesEventsByParent</testName>
          <skipped>false</skipped>
          <failedSince>0</failedSince>
        </case>
        <case>
          <duration>0.002</duration>
          <className>com.cumulocity.event.service.EventManagementServiceImplTest</className>
          <testName>shouldFindChildAssetsEventsByParent</testName>
          <skipped>false</skipped>
          <failedSince>0</failedSince>
        </case>
        <case>
          <duration>0.033</duration>
          <className>com.cumulocity.event.service.EventManagementServiceImplTest</className>
          <testName>deleteWithDefaultProcessingModeShouldBroadcast</testName>
          <skipped>false</skipped>
          <failedSince>0</failedSince>
        </case>
        <case>
          <duration>0.002</duration>
          <className>com.cumulocity.event.service.EventManagementServiceImplTest</className>
          <testName>deleteWithTransientProcessingModeShouldBroadcast</testName>
          <skipped>false</skipped>
          <failedSince>0</failedSince>
        </case>
        <case>
          <duration>0.002</duration>
          <className>com.cumulocity.event.service.EventManagementServiceImplTest</className>
          <testName>deleteWithQuiescentProcessingModeShouldNotBroadcast</testName>
          <skipped>false</skipped>
          <failedSince>0</failedSince>
        </case>
        <case>
          <duration>0.001</duration>
          <className>com.cumulocity.event.service.EventManagementServiceImplTest</className>
          <testName>deleteShouldOnlySendEventToEventProcessorForCEPMode</testName>
          <skipped>false</skipped>
          <failedSince>0</failedSince>
        </case>
        <case>
          <duration>0.032</duration>
          <className>com.cumulocity.event.service.EventManagementServiceImplTest</className>
          <testName>createShouldReturnEventWithSourceAndTime</testName>
          <skipped>false</skipped>
          <failedSince>0</failedSince>
        </case>
        <case>
          <duration>0.004</duration>
          <className>com.cumulocity.event.service.EventManagementServiceImplTest</className>
          <testName>createShouldFailOnNonExistingSource</testName>
          <skipped>false</skipped>
          <failedSince>0</failedSince>
        </case>
        <case>
          <duration>0.001</duration>
          <className>com.cumulocity.event.service.EventManagementServiceImplTest</className>
          <testName>createShouldFailOnNonExistingSource2</testName>
          <skipped>false</skipped>
          <failedSince>0</failedSince>
        </case>
        <case>
          <duration>0.001</duration>
          <className>com.cumulocity.event.service.EventManagementServiceImplTest</className>
          <testName>createShouldFailIfEventDoesNotHaveTime</testName>
          <skipped>false</skipped>
          <failedSince>0</failedSince>
        </case>
        <case>
          <duration>0.009</duration>
          <className>com.cumulocity.event.service.EventManagementServiceImplTest</className>
          <testName>createShouldThrowExceptionOnDatabaseException</testName>
          <skipped>false</skipped>
          <failedSince>0</failedSince>
        </case>
        <case>
          <duration>0.002</duration>
          <className>com.cumulocity.event.service.EventManagementServiceImplTest</className>
          <testName>findAllShouldReturnEvents</testName>
          <skipped>false</skipped>
          <failedSince>0</failedSince>
        </case>
        <case>
          <duration>0.001</duration>
          <className>com.cumulocity.event.service.EventManagementServiceImplTest</className>
          <testName>findAllShouldThrowExceptionOnDatabaseException</testName>
          <skipped>false</skipped>
          <failedSince>0</failedSince>
        </case>
        <case>
          <duration>0.002</duration>
          <className>com.cumulocity.event.service.EventManagementServiceImplTest</className>
          <testName>findByIdShouldReturnEvent</testName>
          <skipped>false</skipped>
          <failedSince>0</failedSince>
        </case>
        <case>
          <duration>0.001</duration>
          <className>com.cumulocity.event.service.EventManagementServiceImplTest</className>
          <testName>findByIdShouldThrowExceptionOnDatabaseException</testName>
          <skipped>false</skipped>
          <failedSince>0</failedSince>
        </case>
        <case>
          <duration>0.002</duration>
          <className>com.cumulocity.event.service.EventManagementServiceImplTest</className>
          <testName>findByIdForNonExistingEventShouldThrow</testName>
          <skipped>false</skipped>
          <failedSince>0</failedSince>
        </case>
        <case>
          <duration>0.003</duration>
          <className>com.cumulocity.event.service.EventManagementServiceImplTest</className>
          <testName>findByFilterShouldReturnEvents</testName>
          <skipped>false</skipped>
          <failedSince>0</failedSince>
        </case>
        <case>
          <duration>0.001</duration>
          <className>com.cumulocity.event.service.EventManagementServiceImplTest</className>
          <testName>findByFilterShouldThrowExceptionOnDatabaseException</testName>
          <skipped>false</skipped>
          <failedSince>0</failedSince>
        </case>
        <case>
          <duration>0.002</duration>
          <className>com.cumulocity.event.service.EventManagementServiceImplTest</className>
          <testName>deleteDoesDelete</testName>
          <skipped>false</skipped>
          <failedSince>0</failedSince>
        </case>
        <case>
          <duration>0.001</duration>
          <className>com.cumulocity.event.service.EventManagementServiceImplTest</className>
          <testName>deleteThrowExceptionWhenDeletingNotExistingItem</testName>
          <skipped>false</skipped>
          <failedSince>0</failedSince>
        </case>
        <case>
          <duration>0.004</duration>
          <className>com.cumulocity.event.service.EventManagementServiceImplTest</className>
          <testName>createShouldPersistAndSendEventToEsperForPersistenMode</testName>
          <skipped>false</skipped>
          <failedSince>0</failedSince>
        </case>
        <case>
          <duration>0.001</duration>
          <className>com.cumulocity.event.service.EventManagementServiceImplTest</className>
          <testName>createShouldNotPersistNutSendEventToEsperForTransientMode</testName>
          <skipped>false</skipped>
          <failedSince>0</failedSince>
        </case>
        <case>
          <duration>0.001</duration>
          <className>com.cumulocity.event.service.EventManagementServiceImplTest</className>
          <testName>deleteShouldPersistAndSendEventToEsperForPersistenMode</testName>
          <skipped>false</skipped>
          <failedSince>0</failedSince>
        </case>
        <case>
          <duration>0.002</duration>
          <className>com.cumulocity.event.service.EventManagementServiceImplTest</className>
          <testName>deleteShouldNotPersistButSendEventToEsperForPersistenMode</testName>
          <skipped>false</skipped>
          <failedSince>0</failedSince>
        </case>
        <case>
          <duration>0.001</duration>
          <className>com.cumulocity.event.service.EventManagementServiceImplTest</className>
          <testName>shouldDeleteByFilter</testName>
          <skipped>false</skipped>
          <failedSince>0</failedSince>
        </case>
        <case>
          <duration>0.027</duration>
          <className>com.cumulocity.event.service.EventManagementServiceImplTest</className>
          <testName>updateShouldFailOnNonExistingSource</testName>
          <skipped>false</skipped>
          <failedSince>0</failedSince>
        </case>
        <case>
          <duration>0.001</duration>
          <className>com.cumulocity.event.service.EventManagementServiceImplTest</className>
          <testName>updateShouldFailOnEventWithNullId</testName>
          <skipped>false</skipped>
          <failedSince>0</failedSince>
        </case>
        <case>
          <duration>0.001</duration>
          <className>com.cumulocity.event.service.EventManagementServiceImplTest</className>
          <testName>updateShouldFailOnEventWithNonNullSource</testName>
          <skipped>false</skipped>
          <failedSince>0</failedSince>
        </case>
        <case>
          <duration>0.001</duration>
          <className>com.cumulocity.event.service.EventManagementServiceImplTest</className>
          <testName>updateShouldFailOnEventWithNonNullType</testName>
          <skipped>false</skipped>
          <failedSince>0</failedSince>
        </case>
        <case>
          <duration>0.001</duration>
          <className>com.cumulocity.event.service.EventManagementServiceImplTest</className>
          <testName>updateShouldFailOnEventWithNonNullTime</testName>
          <skipped>false</skipped>
          <failedSince>0</failedSince>
        </case>
        <case>
          <duration>0.002</duration>
          <className>com.cumulocity.event.service.EventManagementServiceImplTest</className>
          <testName>updateShouldFailOnEventWithNonNullCreationTime</testName>
          <skipped>false</skipped>
          <failedSince>0</failedSince>
        </case>
        <case>
          <duration>0.003</duration>
          <className>com.cumulocity.event.service.EventManagementServiceImplTest</className>
          <testName>updateShouldBeExecuted</testName>
          <skipped>false</skipped>
          <failedSince>0</failedSince>
        </case>
        <case>
          <duration>0.002</duration>
          <className>com.cumulocity.event.service.EventManagementServiceImplTest</className>
          <testName>updateShouldPersistAndSendEventToEsperForPersistenMode</testName>
          <skipped>false</skipped>
          <failedSince>0</failedSince>
        </case>
        <case>
          <duration>0.001</duration>
          <className>com.cumulocity.event.service.EventManagementServiceImplTest</className>
          <testName>updateShouldOnlySendEventToEventProcessorForCEPMode</testName>
          <skipped>false</skipped>
          <failedSince>0</failedSince>
        </case>
        <case>
          <duration>0.002</duration>
          <className>com.cumulocity.event.service.EventManagementServiceImplTest</className>
          <testName>createWithDefaultProcessingModeShouldBroadcast</testName>
          <skipped>false</skipped>
          <failedSince>0</failedSince>
        </case>
        <case>
          <duration>0.002</duration>
          <className>com.cumulocity.event.service.EventManagementServiceImplTest</className>
          <testName>createWithTransientProcessingModeShouldBroadcast</testName>
          <skipped>false</skipped>
          <failedSince>0</failedSince>
        </case>
        <case>
          <duration>0.002</duration>
          <className>com.cumulocity.event.service.EventManagementServiceImplTest</className>
          <testName>createWithQuiescentProcessingModeShouldNotBroadcast</testName>
          <skipped>false</skipped>
          <failedSince>0</failedSince>
        </case>
      </cases>
    </suite>
    <suite>
      <file>/var/jenkins_home/workspace/Cumulocity-Platform-Services-BUILD/event-management/event-management-service/target/surefire-reports/TEST-com.cumulocity.event.service.utils.ValidationUtilsTest.xml</file>
      <name>com.cumulocity.event.service.utils.ValidationUtilsTest</name>
      <duration>0.092</duration>
      <time>0.092</time>
      <enclosingBlocks/>
      <enclosingBlockNames/>
      <cases>
        <case>
          <duration>0.092</duration>
          <className>com.cumulocity.event.service.utils.ValidationUtilsTest</className>
          <testName>validateLengthShouldNotInitializeInputStreamIfNotNecessary</testName>
          <skipped>false</skipped>
          <failedSince>0</failedSince>
        </case>
      </cases>
    </suite>
    <suite>
      <file>/var/jenkins_home/workspace/Cumulocity-Platform-Services-BUILD/export-management/export-management-rest/target/surefire-reports/TEST-com.cumulocity.export.rest.resources.ExportCollectionResourceSecurityTest.xml</file>
      <name>com.cumulocity.export.rest.resources.ExportCollectionResourceSecurityTest</name>
      <duration>3.446</duration>
      <time>3.446</time>
      <enclosingBlocks/>
      <enclosingBlockNames/>
      <cases>
        <case>
          <duration>2.832</duration>
          <className>com.cumulocity.export.rest.resources.ExportCollectionResourceSecurityTest</className>
          <testName>mustNotHaveAccessViaAsynchronousToMeasurementsApi</testName>
          <skipped>false</skipped>
          <failedSince>0</failedSince>
        </case>
        <case>
          <duration>0.117</duration>
          <className>com.cumulocity.export.rest.resources.ExportCollectionResourceSecurityTest</className>
          <testName>mustHaveAccessViaSynchronousToManagedObjectsApi</testName>
          <skipped>false</skipped>
          <failedSince>0</failedSince>
        </case>
        <case>
          <duration>0.017</duration>
          <className>com.cumulocity.export.rest.resources.ExportCollectionResourceSecurityTest</className>
          <testName>mustNotHaveAccessViaAsynchronousToAlarmsApi</testName>
          <skipped>false</skipped>
          <failedSince>0</failedSince>
        </case>
        <case>
          <duration>0.018</duration>
          <className>com.cumulocity.export.rest.resources.ExportCollectionResourceSecurityTest</className>
          <testName>mustHaveAccessViaAsynchronousToEventsApi</testName>
          <skipped>false</skipped>
          <failedSince>0</failedSince>
        </case>
      </cases>
    </suite>
    <suite>
      <file>/var/jenkins_home/workspace/Cumulocity-Platform-Services-BUILD/export-management/export-management-service/target/surefire-reports/TEST-com.cumulocity.export.BlacklistQueryStringBuilderTest.xml</file>
      <name>com.cumulocity.export.BlacklistQueryStringBuilderTest</name>
      <duration>0.0</duration>
      <time>0</time>
      <enclosingBlocks/>
      <enclosingBlockNames/>
      <cases>
        <case>
          <duration>0.0</duration>
          <className>com.cumulocity.export.BlacklistQueryStringBuilderTest</className>
          <testName>shouldGenerateByTypeCorrectly</testName>
          <skipped>false</skipped>
          <failedSince>0</failedSince>
        </case>
        <case>
          <duration>0.0</duration>
          <className>com.cumulocity.export.BlacklistQueryStringBuilderTest</className>
          <testName>shouldGenerateAllCorrectly</testName>
          <skipped>false</skipped>
          <failedSince>0</failedSince>
        </case>
        <case>
          <duration>0.0</duration>
          <className>com.cumulocity.export.BlacklistQueryStringBuilderTest</className>
          <testName>shouldGenerateByFragmentCorrectly</testName>
          <skipped>false</skipped>
          <failedSince>0</failedSince>
        </case>
        <case>
          <duration>0.0</duration>
          <className>com.cumulocity.export.BlacklistQueryStringBuilderTest</className>
          <testName>shouldGenerateAllWithoutByType</testName>
          <skipped>false</skipped>
          <failedSince>0</failedSince>
        </case>
        <case>
          <duration>0.0</duration>
          <className>com.cumulocity.export.BlacklistQueryStringBuilderTest</className>
          <testName>shouldGenerateAllWithoutByFragment</testName>
          <skipped>false</skipped>
          <failedSince>0</failedSince>
        </case>
      </cases>
    </suite>
    <suite>
      <file>/var/jenkins_home/workspace/Cumulocity-Platform-Services-BUILD/export-management/export-management-service/target/surefire-reports/TEST-com.cumulocity.export.ExportConfigurationTest.xml</file>
      <name>com.cumulocity.export.ExportConfigurationTest</name>
      <duration>0.633</duration>
      <time>0.633</time>
      <enclosingBlocks/>
      <enclosingBlockNames/>
      <cases>
        <case>
          <duration>0.536</duration>
          <className>com.cumulocity.export.ExportConfigurationTest</className>
          <testName>mustGetSingleFilerForSingleSource</testName>
          <skipped>false</skipped>
          <failedSince>0</failedSince>
        </case>
        <case>
          <duration>0.009</duration>
          <className>com.cumulocity.export.ExportConfigurationTest</className>
          <testName>mustGetCorrectValuesInAlarmFiler</testName>
          <skipped>false</skipped>
          <failedSince>0</failedSince>
        </case>
        <case>
          <duration>0.005</duration>
          <className>com.cumulocity.export.ExportConfigurationTest</className>
          <testName>mustGetCorrectValuesInEventFiler</testName>
          <skipped>false</skipped>
          <failedSince>0</failedSince>
        </case>
        <case>
          <duration>0.008</duration>
          <className>com.cumulocity.export.ExportConfigurationTest</className>
          <testName>mustGetCorrectValuesInManagedObjectFilter</testName>
          <skipped>false</skipped>
          <failedSince>0</failedSince>
        </case>
        <case>
          <duration>0.0</duration>
          <className>com.cumulocity.export.ExportConfigurationTest</className>
          <testName>mustGetMultiFilterForMultiSource</testName>
          <skipped>false</skipped>
          <failedSince>0</failedSince>
        </case>
        <case>
          <duration>0.0</duration>
          <className>com.cumulocity.export.ExportConfigurationTest</className>
          <testName>mustGetCorrectValuesInMeasurementFiler</testName>
          <skipped>false</skipped>
          <failedSince>0</failedSince>
        </case>
      </cases>
    </suite>
    <suite>
      <file>/var/jenkins_home/workspace/Cumulocity-Platform-Services-BUILD/export-management/export-management-service/target/surefire-reports/TEST-com.cumulocity.export.impl.ExportEmailBuilderTest.xml</file>
      <name>com.cumulocity.export.impl.ExportEmailBuilderTest</name>
      <duration>1.806</duration>
      <time>1.806</time>
      <enclosingBlocks/>
      <enclosingBlockNames/>
      <cases>
        <case>
          <duration>1.721</duration>
          <className>com.cumulocity.export.impl.ExportEmailBuilderTest</className>
          <testName>mustCreateCorrectContentForMail</testName>
          <skipped>false</skipped>
          <failedSince>0</failedSince>
        </case>
        <case>
          <duration>0.009</duration>
          <className>com.cumulocity.export.impl.ExportEmailBuilderTest</className>
          <testName>mustCreateCorrectContentForUserUnauthorizedMail</testName>
          <skipped>false</skipped>
          <failedSince>0</failedSince>
        </case>
        <case>
          <duration>0.006</duration>
          <className>com.cumulocity.export.impl.ExportEmailBuilderTest</className>
          <testName>shouldUseHttpsSchemeInLinkToExportedBinaries</testName>
          <skipped>false</skipped>
          <failedSince>0</failedSince>
        </case>
      </cases>
    </suite>
    <suite>
      <file>/var/jenkins_home/workspace/Cumulocity-Platform-Services-BUILD/export-management/export-management-service/target/surefire-reports/TEST-com.cumulocity.export.impl.export.DocumentExporterTest.xml</file>
      <name>com.cumulocity.export.impl.export.DocumentExporterTest</name>
      <duration>0.043</duration>
      <time>0.043</time>
      <enclosingBlocks/>
      <enclosingBlockNames/>
      <cases>
        <case>
          <duration>0.008</duration>
          <className>com.cumulocity.export.impl.export.DocumentExporterTest</className>
          <testName>shouldCreateCsvForMeasurementNestedPath</testName>
          <skipped>false</skipped>
          <failedSince>0</failedSince>
        </case>
        <case>
          <duration>0.002</duration>
          <className>com.cumulocity.export.impl.export.DocumentExporterTest</className>
          <testName>shouldNotAppendIfNoStandardValueIsPresent</testName>
          <skipped>false</skipped>
          <failedSince>0</failedSince>
        </case>
        <case>
          <duration>0.003</duration>
          <className>com.cumulocity.export.impl.export.DocumentExporterTest</className>
          <testName>shouldAppendIfOneValueIsPresent</testName>
          <skipped>false</skipped>
          <failedSince>0</failedSince>
        </case>
        <case>
          <duration>0.002</duration>
          <className>com.cumulocity.export.impl.export.DocumentExporterTest</className>
          <testName>shouldNotAppendIfOnlyDeviceNameIsPresent</testName>
          <skipped>false</skipped>
          <failedSince>0</failedSince>
        </case>
        <case>
          <duration>0.021</duration>
          <className>com.cumulocity.export.impl.export.DocumentExporterTest</className>
          <testName>shouldExportOnlyMaxNumberOfDocs</testName>
          <skipped>false</skipped>
          <failedSince>0</failedSince>
        </case>
        <case>
          <duration>0.001</duration>
          <className>com.cumulocity.export.impl.export.DocumentExporterTest</className>
          <testName>shouldCreateEmptyCsvWithHeader</testName>
          <skipped>false</skipped>
          <failedSince>0</failedSince>
        </case>
        <case>
          <duration>0.003</duration>
          <className>com.cumulocity.export.impl.export.DocumentExporterTest</className>
          <testName>shouldCreateCsvForMeasurementWithMultiplyMeasurements</testName>
          <skipped>false</skipped>
          <failedSince>0</failedSince>
        </case>
      </cases>
    </suite>
    <suite>
      <file>/var/jenkins_home/workspace/Cumulocity-Platform-Services-BUILD/export-management/export-management-service/target/surefire-reports/TEST-com.cumulocity.export.impl.export.FieldValueReaderTest.xml</file>
      <name>com.cumulocity.export.impl.export.FieldValueReaderTest</name>
      <duration>0.294</duration>
      <time>0.294</time>
      <enclosingBlocks/>
      <enclosingBlockNames/>
      <cases>
        <case>
          <duration>0.262</duration>
          <className>com.cumulocity.export.impl.export.FieldValueReaderTest</className>
          <testName>defaultTypeStrategyShouldBeDefined</testName>
          <skipped>false</skipped>
          <failedSince>0</failedSince>
        </case>
        <case>
          <duration>0.001</duration>
          <className>com.cumulocity.export.impl.export.FieldValueReaderTest</className>
          <testName>allTypeStrategiesShouldBeDefined</testName>
          <skipped>false</skipped>
          <failedSince>0</failedSince>
        </case>
        <case>
          <duration>0.001</duration>
          <className>com.cumulocity.export.impl.export.FieldValueReaderTest</className>
          <testName>jsonTypeStrategyShouldBeDefined</testName>
          <skipped>false</skipped>
          <failedSince>0</failedSince>
        </case>
        <case>
          <duration>0.0</duration>
          <className>com.cumulocity.export.impl.export.FieldValueReaderTest</className>
          <testName>shouldReadDateAsObjectForExcel</testName>
          <skipped>false</skipped>
          <failedSince>0</failedSince>
        </case>
        <case>
          <duration>0.001</duration>
          <className>com.cumulocity.export.impl.export.FieldValueReaderTest</className>
          <testName>shouldReadDateAsStringForCSV</testName>
          <skipped>false</skipped>
          <failedSince>0</failedSince>
        </case>
        <case>
          <duration>0.027</duration>
          <className>com.cumulocity.export.impl.export.FieldValueReaderTest</className>
          <testName>shouldReadSpecialCharactersProperly</testName>
          <skipped>false</skipped>
          <failedSince>0</failedSince>
        </case>
      </cases>
    </suite>
    <suite>
      <file>/var/jenkins_home/workspace/Cumulocity-Platform-Services-BUILD/export-management/export-management-service/target/surefire-reports/TEST-com.cumulocity.export.impl.export.MeasurementSeriesExporterTest.xml</file>
      <name>com.cumulocity.export.impl.export.MeasurementSeriesExporterTest</name>
      <duration>0.092</duration>
      <time>0.092</time>
      <enclosingBlocks/>
      <enclosingBlockNames/>
      <cases>
        <case>
          <duration>0.051</duration>
          <className>com.cumulocity.export.impl.export.MeasurementSeriesExporterTest</className>
          <testName>shouldCreateEmptyCsvWithHeader</testName>
          <skipped>false</skipped>
          <failedSince>0</failedSince>
        </case>
        <case>
          <duration>0.031</duration>
          <className>com.cumulocity.export.impl.export.MeasurementSeriesExporterTest</className>
          <testName>shouldCreateCsvForMeasurementWithMultiplySeries</testName>
          <skipped>false</skipped>
          <failedSince>0</failedSince>
        </case>
        <case>
          <duration>0.002</duration>
          <className>com.cumulocity.export.impl.export.MeasurementSeriesExporterTest</className>
          <testName>shouldCreateCsvForMeasurementWithMultiplyFragments</testName>
          <skipped>false</skipped>
          <failedSince>0</failedSince>
        </case>
        <case>
          <duration>0.002</duration>
          <className>com.cumulocity.export.impl.export.MeasurementSeriesExporterTest</className>
          <testName>shouldCreateCsvForMeasurementWithMultiplyFragmentsAndFilter</testName>
          <skipped>false</skipped>
          <failedSince>0</failedSince>
        </case>
        <case>
          <duration>0.001</duration>
          <className>com.cumulocity.export.impl.export.MeasurementSeriesExporterTest</className>
          <testName>shouldCreateCsvForMeasurementWithMultiplyMeasurements</testName>
          <skipped>false</skipped>
          <failedSince>0</failedSince>
        </case>
        <case>
          <duration>0.003</duration>
          <className>com.cumulocity.export.impl.export.MeasurementSeriesExporterTest</className>
          <testName>shouldSurviveDaoThrowingException</testName>
          <skipped>false</skipped>
          <failedSince>0</failedSince>
        </case>
      </cases>
    </suite>
    <suite>
      <file>/var/jenkins_home/workspace/Cumulocity-Platform-Services-BUILD/export-management/export-management-service/target/surefire-reports/TEST-com.cumulocity.export.rest.AsynchronousResponsePolicyTest.xml</file>
      <name>com.cumulocity.export.rest.AsynchronousResponsePolicyTest</name>
      <duration>0.015</duration>
      <time>0.015</time>
      <enclosingBlocks/>
      <enclosingBlockNames/>
      <cases>
        <case>
          <duration>0.006</duration>
          <className>com.cumulocity.export.rest.AsynchronousResponsePolicyTest</className>
          <testName>mustSaveStreamWithExportedData</testName>
          <skipped>false</skipped>
          <failedSince>0</failedSince>
        </case>
        <case>
          <duration>0.003</duration>
          <className>com.cumulocity.export.rest.AsynchronousResponsePolicyTest</className>
          <testName>mustReturnStatusAcceptedWhenSuccessful</testName>
          <skipped>false</skipped>
          <failedSince>0</failedSince>
        </case>
        <case>
          <duration>0.002</duration>
          <className>com.cumulocity.export.rest.AsynchronousResponsePolicyTest</className>
          <testName>mustSendEmailAfterStreamCreation</testName>
          <skipped>false</skipped>
          <failedSince>0</failedSince>
        </case>
        <case>
          <duration>0.001</duration>
          <className>com.cumulocity.export.rest.AsynchronousResponsePolicyTest</className>
          <testName>mustSendEmailAfterUnauthorizedAccess</testName>
          <skipped>false</skipped>
          <failedSince>0</failedSince>
        </case>
        <case>
          <duration>0.001</duration>
          <className>com.cumulocity.export.rest.AsynchronousResponsePolicyTest</className>
          <testName>fileNameShouldNotContainInvalidCharacers</testName>
          <skipped>false</skipped>
          <failedSince>0</failedSince>
        </case>
        <case>
          <duration>0.002</duration>
          <className>com.cumulocity.export.rest.AsynchronousResponsePolicyTest</className>
          <testName>mustPersistManagedObject</testName>
          <skipped>false</skipped>
          <failedSince>0</failedSince>
        </case>
      </cases>
    </suite>
    <suite>
      <file>/var/jenkins_home/workspace/Cumulocity-Platform-Services-BUILD/export-management/export-management-service/target/surefire-reports/TEST-com.cumulocity.export.rest.ExportResponsePolicyFactoryTest.xml</file>
      <name>com.cumulocity.export.rest.ExportResponsePolicyFactoryTest</name>
      <duration>0.001</duration>
      <time>0.001</time>
      <enclosingBlocks/>
      <enclosingBlockNames/>
      <cases>
        <case>
          <duration>0.0</duration>
          <className>com.cumulocity.export.rest.ExportResponsePolicyFactoryTest</className>
          <testName>mustReturnAsynchronousPolicyForIsNotSynchronousInConfiguration</testName>
          <skipped>false</skipped>
          <failedSince>0</failedSince>
        </case>
        <case>
          <duration>0.001</duration>
          <className>com.cumulocity.export.rest.ExportResponsePolicyFactoryTest</className>
          <testName>mustReturnSynchronousPolicyForIsSynchronousInConfiguration</testName>
          <skipped>false</skipped>
          <failedSince>0</failedSince>
        </case>
      </cases>
    </suite>
    <suite>
      <file>/var/jenkins_home/workspace/Cumulocity-Platform-Services-BUILD/export-management/export-management-service/target/surefire-reports/TEST-com.cumulocity.export.rest.SynchronousResponsePolicyTest.xml</file>
      <name>com.cumulocity.export.rest.SynchronousResponsePolicyTest</name>
      <duration>0.003</duration>
      <time>0.003</time>
      <enclosingBlocks/>
      <enclosingBlockNames/>
      <cases>
        <case>
          <duration>0.0</duration>
          <className>com.cumulocity.export.rest.SynchronousResponsePolicyTest</className>
          <testName>mustReturnUnauthorizedCodeForUserWithNoAccessToApi</testName>
          <skipped>false</skipped>
          <failedSince>0</failedSince>
        </case>
        <case>
          <duration>0.003</duration>
          <className>com.cumulocity.export.rest.SynchronousResponsePolicyTest</className>
          <testName>mustReturnOkCodeForUserWithAccessToApi</testName>
          <skipped>false</skipped>
          <failedSince>0</failedSince>
        </case>
      </cases>
    </suite>
    <suite>
      <file>/var/jenkins_home/workspace/Cumulocity-Platform-Services-BUILD/export-management/export-management-service/target/surefire-reports/TEST-com.cumulocity.export.util.ExportConfigurationBuilderTest.xml</file>
      <name>com.cumulocity.export.util.ExportConfigurationBuilderTest</name>
      <duration>0.182</duration>
      <time>0.182</time>
      <enclosingBlocks/>
      <enclosingBlockNames/>
      <cases>
        <case>
          <duration>0.093</duration>
          <className>com.cumulocity.export.util.ExportConfigurationBuilderTest</className>
          <testName>mustIsSynchronousBeFalseForNotDefinedInConfiguration</testName>
          <skipped>false</skipped>
          <failedSince>0</failedSince>
        </case>
        <case>
          <duration>0.001</duration>
          <className>com.cumulocity.export.util.ExportConfigurationBuilderTest</className>
          <testName>mustIsSynchronousBeFalseForDefinedAsyncInConfiguration</testName>
          <skipped>false</skipped>
          <failedSince>0</failedSince>
        </case>
        <case>
          <duration>0.002</duration>
          <className>com.cumulocity.export.util.ExportConfigurationBuilderTest</className>
          <testName>mustIsSynchronousBeFalseForNotDefinedSyncInConfiguration</testName>
          <skipped>false</skipped>
          <failedSince>0</failedSince>
        </case>
        <case>
          <duration>0.001</duration>
          <className>com.cumulocity.export.util.ExportConfigurationBuilderTest</className>
          <testName>mustSetConversionFromUserPreference</testName>
          <skipped>false</skipped>
          <failedSince>0</failedSince>
        </case>
        <case>
          <duration>0.001</duration>
          <className>com.cumulocity.export.util.ExportConfigurationBuilderTest</className>
          <testName>mustSetNullConversionWhenNoUserPreference</testName>
          <skipped>false</skipped>
          <failedSince>0</failedSince>
        </case>
        <case>
          <duration>0.001</duration>
          <className>com.cumulocity.export.util.ExportConfigurationBuilderTest</className>
          <testName>mustSetConversionFromConfigurationOwnerPreferenceWhenNoUser</testName>
          <skipped>false</skipped>
          <failedSince>0</failedSince>
        </case>
        <case>
          <duration>0.001</duration>
          <className>com.cumulocity.export.util.ExportConfigurationBuilderTest</className>
          <testName>mustSetNullConversionWhenNoOwnerPreferenceAndNoUser</testName>
          <skipped>false</skipped>
          <failedSince>0</failedSince>
        </case>
        <case>
          <duration>0.002</duration>
          <className>com.cumulocity.export.util.ExportConfigurationBuilderTest</className>
          <testName>mustForMeasurementFilterFilterByFragmentTypeFromConfiguration</testName>
          <skipped>false</skipped>
          <failedSince>0</failedSince>
        </case>
        <case>
          <duration>0.002</duration>
          <className>com.cumulocity.export.util.ExportConfigurationBuilderTest</className>
          <testName>mustForMeasurementFilterFilterByFromDateBeFromConfiguration</testName>
          <skipped>false</skipped>
          <failedSince>0</failedSince>
        </case>
        <case>
          <duration>0.001</duration>
          <className>com.cumulocity.export.util.ExportConfigurationBuilderTest</className>
          <testName>mustForMeasurementFilterFilterByToDateFromConfiguration</testName>
          <skipped>false</skipped>
          <failedSince>0</failedSince>
        </case>
        <case>
          <duration>0.003</duration>
          <className>com.cumulocity.export.util.ExportConfigurationBuilderTest</className>
          <testName>mustForMeasurementFilterFilterByFromDateBeFromConfigurationAndCustomValueLastWeek</testName>
          <skipped>false</skipped>
          <failedSince>0</failedSince>
        </case>
        <case>
          <duration>0.002</duration>
          <className>com.cumulocity.export.util.ExportConfigurationBuilderTest</className>
          <testName>mustForMeasurementFilterFilterByToDateFromConfigurationAndCustomValueLastWeek</testName>
          <skipped>false</skipped>
          <failedSince>0</failedSince>
        </case>
        <case>
          <duration>0.002</duration>
          <className>com.cumulocity.export.util.ExportConfigurationBuilderTest</className>
          <testName>mustForMeasurementFilterFilterByFromDateBeFromConfigurationAndCustomValueLastMonth</testName>
          <skipped>false</skipped>
          <failedSince>0</failedSince>
        </case>
        <case>
          <duration>0.001</duration>
          <className>com.cumulocity.export.util.ExportConfigurationBuilderTest</className>
          <testName>mustForMeasurementFilterFilterByToDateFromConfigurationAndCustomValueLastMonth</testName>
          <skipped>false</skipped>
          <failedSince>0</failedSince>
        </case>
        <case>
          <duration>0.001</duration>
          <className>com.cumulocity.export.util.ExportConfigurationBuilderTest</className>
          <testName>mustForMeasurementFilterFilterByFromDateBeFromConfigurationAndCustomValueLastYear</testName>
          <skipped>false</skipped>
          <failedSince>0</failedSince>
        </case>
        <case>
          <duration>0.003</duration>
          <className>com.cumulocity.export.util.ExportConfigurationBuilderTest</className>
          <testName>mustForMeasurementFilterFilterByToDateFromConfigurationAndCustomValueLastYear</testName>
          <skipped>false</skipped>
          <failedSince>0</failedSince>
        </case>
        <case>
          <duration>0.001</duration>
          <className>com.cumulocity.export.util.ExportConfigurationBuilderTest</className>
          <testName>mustForMeasurementFilterFilterBySourceFromConfiguration</testName>
          <skipped>false</skipped>
          <failedSince>0</failedSince>
        </case>
        <case>
          <duration>0.001</duration>
          <className>com.cumulocity.export.util.ExportConfigurationBuilderTest</className>
          <testName>mustForMeasurementFilterFilterByTypeFromConfiguration</testName>
          <skipped>false</skipped>
          <failedSince>0</failedSince>
        </case>
        <case>
          <duration>0.002</duration>
          <className>com.cumulocity.export.util.ExportConfigurationBuilderTest</className>
          <testName>mustForAlarmFilterFilterBySourceFromConfiguration</testName>
          <skipped>false</skipped>
          <failedSince>0</failedSince>
        </case>
        <case>
          <duration>0.001</duration>
          <className>com.cumulocity.export.util.ExportConfigurationBuilderTest</className>
          <testName>mustForAlarmFilterFilterByFromDateFromConfiguration</testName>
          <skipped>false</skipped>
          <failedSince>0</failedSince>
        </case>
        <case>
          <duration>0.001</duration>
          <className>com.cumulocity.export.util.ExportConfigurationBuilderTest</className>
          <testName>mustForAlarmFilterFilterByToDateFromConfiguration</testName>
          <skipped>false</skipped>
          <failedSince>0</failedSince>
        </case>
        <case>
          <duration>0.002</duration>
          <className>com.cumulocity.export.util.ExportConfigurationBuilderTest</className>
          <testName>mustForAlarmFilterFilterByToDateFromConfigurationAndCustomValueLastWeek</testName>
          <skipped>false</skipped>
          <failedSince>0</failedSince>
        </case>
        <case>
          <duration>0.001</duration>
          <className>com.cumulocity.export.util.ExportConfigurationBuilderTest</className>
          <testName>mustForAlarmFilterFilterByFromDateBeFromConfigurationAndCustomValueLastMonth</testName>
          <skipped>false</skipped>
          <failedSince>0</failedSince>
        </case>
        <case>
          <duration>0.002</duration>
          <className>com.cumulocity.export.util.ExportConfigurationBuilderTest</className>
          <testName>mustForAlarmFilterFilterByToDateFromConfigurationAndCustomValueLastMonth</testName>
          <skipped>false</skipped>
          <failedSince>0</failedSince>
        </case>
        <case>
          <duration>0.001</duration>
          <className>com.cumulocity.export.util.ExportConfigurationBuilderTest</className>
          <testName>mustForAlarmFilterFilterByFromDateBeFromConfigurationAndCustomValueLastYear</testName>
          <skipped>false</skipped>
          <failedSince>0</failedSince>
        </case>
        <case>
          <duration>0.001</duration>
          <className>com.cumulocity.export.util.ExportConfigurationBuilderTest</className>
          <testName>mustGetExportApiFromConfiguration</testName>
          <skipped>false</skipped>
          <failedSince>0</failedSince>
        </case>
        <case>
          <duration>0.001</duration>
          <className>com.cumulocity.export.util.ExportConfigurationBuilderTest</className>
          <testName>mustGetExportFieldsFromConfiguration</testName>
          <skipped>false</skipped>
          <failedSince>0</failedSince>
        </case>
        <case>
          <duration>0.001</duration>
          <className>com.cumulocity.export.util.ExportConfigurationBuilderTest</className>
          <testName>mustGetExportVariantFromConfiguration</testName>
          <skipped>false</skipped>
          <failedSince>0</failedSince>
        </case>
        <case>
          <duration>0.002</duration>
          <className>com.cumulocity.export.util.ExportConfigurationBuilderTest</className>
          <testName>mustForAlarmFilterFilterByToDateFromConfigurationAndCustomValueLastYear</testName>
          <skipped>false</skipped>
          <failedSince>0</failedSince>
        </case>
        <case>
          <duration>0.001</duration>
          <className>com.cumulocity.export.util.ExportConfigurationBuilderTest</className>
          <testName>mustForAlarmFilterFilterByTypeFromConfiguration</testName>
          <skipped>false</skipped>
          <failedSince>0</failedSince>
        </case>
        <case>
          <duration>0.001</duration>
          <className>com.cumulocity.export.util.ExportConfigurationBuilderTest</className>
          <testName>mustForEventFilterFilterByTypeFromConfiguration</testName>
          <skipped>false</skipped>
          <failedSince>0</failedSince>
        </case>
        <case>
          <duration>0.001</duration>
          <className>com.cumulocity.export.util.ExportConfigurationBuilderTest</className>
          <testName>mustForEventFilterFilterByFragmentTypeFromConfiguration</testName>
          <skipped>false</skipped>
          <failedSince>0</failedSince>
        </case>
        <case>
          <duration>0.001</duration>
          <className>com.cumulocity.export.util.ExportConfigurationBuilderTest</className>
          <testName>mustForEventFilterFilterBySourceFromConfiguration</testName>
          <skipped>false</skipped>
          <failedSince>0</failedSince>
        </case>
        <case>
          <duration>0.001</duration>
          <className>com.cumulocity.export.util.ExportConfigurationBuilderTest</className>
          <testName>mustForEventFilterFilterByFromDateFromConfiguration</testName>
          <skipped>false</skipped>
          <failedSince>0</failedSince>
        </case>
        <case>
          <duration>0.001</duration>
          <className>com.cumulocity.export.util.ExportConfigurationBuilderTest</className>
          <testName>mustForEventFilterFilterByToDateFromConfiguration</testName>
          <skipped>false</skipped>
          <failedSince>0</failedSince>
        </case>
        <case>
          <duration>0.001</duration>
          <className>com.cumulocity.export.util.ExportConfigurationBuilderTest</className>
          <testName>mustForEventFilterFilterByToDateFromConfigurationAndCustomValueLastWeek</testName>
          <skipped>false</skipped>
          <failedSince>0</failedSince>
        </case>
        <case>
          <duration>0.002</duration>
          <className>com.cumulocity.export.util.ExportConfigurationBuilderTest</className>
          <testName>mustForEventtFilterFilterByFromDateBeFromConfigurationAndCustomValueLastMonth</testName>
          <skipped>false</skipped>
          <failedSince>0</failedSince>
        </case>
        <case>
          <duration>0.001</duration>
          <className>com.cumulocity.export.util.ExportConfigurationBuilderTest</className>
          <testName>mustForEventFilterFilterByToDateFromConfigurationAndCustomValueLastMonth</testName>
          <skipped>false</skipped>
          <failedSince>0</failedSince>
        </case>
        <case>
          <duration>0.002</duration>
          <className>com.cumulocity.export.util.ExportConfigurationBuilderTest</className>
          <testName>mustForEventFilterFilterByFromDateBeFromConfigurationAndCustomValueLastYear</testName>
          <skipped>false</skipped>
          <failedSince>0</failedSince>
        </case>
        <case>
          <duration>0.001</duration>
          <className>com.cumulocity.export.util.ExportConfigurationBuilderTest</className>
          <testName>mustForEventFilterFilterByToDateFromConfigurationAndCustomValueLastYear</testName>
          <skipped>false</skipped>
          <failedSince>0</failedSince>
        </case>
        <case>
          <duration>0.002</duration>
          <className>com.cumulocity.export.util.ExportConfigurationBuilderTest</className>
          <testName>mustForManagedObjectFilterFilterByIdFromConfiguration</testName>
          <skipped>false</skipped>
          <failedSince>0</failedSince>
        </case>
        <case>
          <duration>0.001</duration>
          <className>com.cumulocity.export.util.ExportConfigurationBuilderTest</className>
          <testName>mustForManagedObjectFilterFilterByTypeFromConfiguration</testName>
          <skipped>false</skipped>
          <failedSince>0</failedSince>
        </case>
        <case>
          <duration>0.001</duration>
          <className>com.cumulocity.export.util.ExportConfigurationBuilderTest</className>
          <testName>mustForManagedObjectFilterFilterByFragmentTypeFromConfiguration</testName>
          <skipped>false</skipped>
          <failedSince>0</failedSince>
        </case>
        <case>
          <duration>0.001</duration>
          <className>com.cumulocity.export.util.ExportConfigurationBuilderTest</className>
          <testName>mustGetExportFieldsFromConfigurationWithEscapedSpecialChars</testName>
          <skipped>false</skipped>
          <failedSince>0</failedSince>
        </case>
      </cases>
    </suite>
    <suite>
      <file>/var/jenkins_home/workspace/Cumulocity-Platform-Services-BUILD/export-management/export-management-service/target/surefire-reports/TEST-com.cumulocity.export.util.MeasurementsSeriesExportConfigurationBuilderTest.xml</file>
      <name>com.cumulocity.export.util.MeasurementsSeriesExportConfigurationBuilderTest</name>
      <duration>0.031</duration>
      <time>0.031</time>
      <enclosingBlocks/>
      <enclosingBlockNames/>
      <cases>
        <case>
          <duration>0.015</duration>
          <className>com.cumulocity.export.util.MeasurementsSeriesExportConfigurationBuilderTest</className>
          <testName>mustSetConversionFromUserPreference</testName>
          <skipped>false</skipped>
          <failedSince>0</failedSince>
        </case>
        <case>
          <duration>0.001</duration>
          <className>com.cumulocity.export.util.MeasurementsSeriesExportConfigurationBuilderTest</className>
          <testName>mustSetNullConversionWhenNoUserPreference</testName>
          <skipped>false</skipped>
          <failedSince>0</failedSince>
        </case>
        <case>
          <duration>0.0</duration>
          <className>com.cumulocity.export.util.MeasurementsSeriesExportConfigurationBuilderTest</className>
          <testName>mustCreateConfigurationForNewBuilder</testName>
          <skipped>false</skipped>
          <failedSince>0</failedSince>
        </case>
        <case>
          <duration>0.001</duration>
          <className>com.cumulocity.export.util.MeasurementsSeriesExportConfigurationBuilderTest</className>
          <testName>mustGetExportFieldsEmptyArrayWhenNotFromConfiguration</testName>
          <skipped>false</skipped>
          <failedSince>0</failedSince>
        </case>
        <case>
          <duration>0.001</duration>
          <className>com.cumulocity.export.util.MeasurementsSeriesExportConfigurationBuilderTest</className>
          <testName>mustGetExportVariantFromParameter</testName>
          <skipped>false</skipped>
          <failedSince>0</failedSince>
        </case>
        <case>
          <duration>0.0</duration>
          <className>com.cumulocity.export.util.MeasurementsSeriesExportConfigurationBuilderTest</className>
          <testName>mustIsSynchronousBeFalseBecauseIsNotSendByEmail</testName>
          <skipped>false</skipped>
          <failedSince>0</failedSince>
        </case>
        <case>
          <duration>0.001</duration>
          <className>com.cumulocity.export.util.MeasurementsSeriesExportConfigurationBuilderTest</className>
          <testName>mustIsSynchronousBeTrueBecauseIsSendByEmail</testName>
          <skipped>false</skipped>
          <failedSince>0</failedSince>
        </case>
        <case>
          <duration>0.001</duration>
          <className>com.cumulocity.export.util.MeasurementsSeriesExportConfigurationBuilderTest</className>
          <testName>mustForMeasurementFilterIsSynchronousBeTrueBecauseIsManyFilters</testName>
          <skipped>false</skipped>
          <failedSince>0</failedSince>
        </case>
        <case>
          <duration>0.001</duration>
          <className>com.cumulocity.export.util.MeasurementsSeriesExportConfigurationBuilderTest</className>
          <testName>mustIsSynchronousBeFalseBecauseIsOverSynchronousLimit</testName>
          <skipped>false</skipped>
          <failedSince>0</failedSince>
        </case>
        <case>
          <duration>0.001</duration>
          <className>com.cumulocity.export.util.MeasurementsSeriesExportConfigurationBuilderTest</className>
          <testName>mustIsSynchronousBeTrueBecauseIsNotOverSynchronousLimit</testName>
          <skipped>false</skipped>
          <failedSince>0</failedSince>
        </case>
        <case>
          <duration>0.001</duration>
          <className>com.cumulocity.export.util.MeasurementsSeriesExportConfigurationBuilderTest</className>
          <testName>mustForMeasurementFilterFilterByFragmentTypeHasCorrectValue</testName>
          <skipped>false</skipped>
          <failedSince>0</failedSince>
        </case>
        <case>
          <duration>0.001</duration>
          <className>com.cumulocity.export.util.MeasurementsSeriesExportConfigurationBuilderTest</className>
          <testName>mustForMeasurementFilterFilterByFromDateHasCorrectValue</testName>
          <skipped>false</skipped>
          <failedSince>0</failedSince>
        </case>
        <case>
          <duration>0.001</duration>
          <className>com.cumulocity.export.util.MeasurementsSeriesExportConfigurationBuilderTest</className>
          <testName>mustForMeasurementFilterFilterByToDateHasCorrectValue</testName>
          <skipped>false</skipped>
          <failedSince>0</failedSince>
        </case>
        <case>
          <duration>0.0</duration>
          <className>com.cumulocity.export.util.MeasurementsSeriesExportConfigurationBuilderTest</className>
          <testName>mustForMeasurementFilterFilterBySourceHasCorrectValue</testName>
          <skipped>false</skipped>
          <failedSince>0</failedSince>
        </case>
        <case>
          <duration>0.001</duration>
          <className>com.cumulocity.export.util.MeasurementsSeriesExportConfigurationBuilderTest</className>
          <testName>mustForMeasurementFilterFilterByTypeHasCorrectValue</testName>
          <skipped>false</skipped>
          <failedSince>0</failedSince>
        </case>
      </cases>
    </suite>
    <suite>
      <file>/var/jenkins_home/workspace/Cumulocity-Platform-Services-BUILD/export-management/export-management-service/target/surefire-reports/TEST-com.cumulocity.export.util.SourceListBuilderTest.xml</file>
      <name>com.cumulocity.export.util.SourceListBuilderTest</name>
      <duration>0.269</duration>
      <time>0.269</time>
      <enclosingBlocks/>
      <enclosingBlockNames/>
      <cases>
        <case>
          <duration>0.268</duration>
          <className>com.cumulocity.export.util.SourceListBuilderTest</className>
          <testName>mustCreateCorrectSourceList</testName>
          <skipped>false</skipped>
          <failedSince>0</failedSince>
        </case>
        <case>
          <duration>0.0</duration>
          <className>com.cumulocity.export.util.SourceListBuilderTest</className>
          <testName>mustCreateCorrectSourceListWithNullSource</testName>
          <skipped>false</skipped>
          <failedSince>0</failedSince>
        </case>
      </cases>
    </suite>
    <suite>
      <file>/var/jenkins_home/workspace/Cumulocity-Platform-Services-BUILD/identity-management/identity-management-rest/target/surefire-reports/TEST-com.cumulocity.identity.rest.representation.ExternalIDRepresentationTest.xml</file>
      <name>com.cumulocity.identity.rest.representation.ExternalIDRepresentationTest</name>
      <duration>0.466</duration>
      <time>0.466</time>
      <enclosingBlocks/>
      <enclosingBlockNames/>
      <cases>
        <case>
          <duration>0.466</duration>
          <className>com.cumulocity.identity.rest.representation.ExternalIDRepresentationTest</className>
          <testName>testConversion</testName>
          <skipped>false</skipped>
          <failedSince>0</failedSince>
        </case>
      </cases>
    </suite>
    <suite>
      <file>/var/jenkins_home/workspace/Cumulocity-Platform-Services-BUILD/identity-management/identity-management-rest/target/surefire-reports/TEST-com.cumulocity.identity.rest.resource.ExternalIDCollectionResourceModuleTest.xml</file>
      <name>com.cumulocity.identity.rest.resource.ExternalIDCollectionResourceModuleTest</name>
      <duration>4.972</duration>
      <time>4.972</time>
      <enclosingBlocks/>
      <enclosingBlockNames/>
      <cases>
        <case>
          <duration>3.875</duration>
          <className>com.cumulocity.identity.rest.resource.ExternalIDCollectionResourceModuleTest</className>
          <testName>postShouldReturnErrorOnTooLongExternalId</testName>
          <skipped>false</skipped>
          <failedSince>0</failedSince>
        </case>
        <case>
          <duration>0.08</duration>
          <className>com.cumulocity.identity.rest.resource.ExternalIDCollectionResourceModuleTest</className>
          <testName>postShouldReturnErrorWhenGidNotANumber</testName>
          <skipped>false</skipped>
          <failedSince>0</failedSince>
        </case>
        <case>
          <duration>0.064</duration>
          <className>com.cumulocity.identity.rest.resource.ExternalIDCollectionResourceModuleTest</className>
          <testName>postShouldReturnErrorWhenExtTypeIsNull</testName>
          <skipped>false</skipped>
          <failedSince>0</failedSince>
        </case>
        <case>
          <duration>0.059</duration>
          <className>com.cumulocity.identity.rest.resource.ExternalIDCollectionResourceModuleTest</className>
          <testName>postShouldReturnErrorWhenExtValueIsNull</testName>
          <skipped>false</skipped>
          <failedSince>0</failedSince>
        </case>
        <case>
          <duration>0.483</duration>
          <className>com.cumulocity.identity.rest.resource.ExternalIDCollectionResourceModuleTest</className>
          <testName>getShouldReturnAllTheBindings</testName>
          <skipped>false</skipped>
          <failedSince>0</failedSince>
        </case>
        <case>
          <duration>0.063</duration>
          <className>com.cumulocity.identity.rest.resource.ExternalIDCollectionResourceModuleTest</className>
          <testName>postShouldCreateANewBindingAndReturnCollectionsURI</testName>
          <skipped>false</skipped>
          <failedSince>0</failedSince>
        </case>
      </cases>
    </suite>
    <suite>
      <file>/var/jenkins_home/workspace/Cumulocity-Platform-Services-BUILD/identity-management/identity-management-rest/target/surefire-reports/TEST-com.cumulocity.identity.rest.resource.ExternalIDResourceModuleTest.xml</file>
      <name>com.cumulocity.identity.rest.resource.ExternalIDResourceModuleTest</name>
      <duration>0.229</duration>
      <time>0.229</time>
      <enclosingBlocks/>
      <enclosingBlockNames/>
      <cases>
        <case>
          <duration>0.065</duration>
          <className>com.cumulocity.identity.rest.resource.ExternalIDResourceModuleTest</className>
          <testName>getShouldReturnExternalIdRepresentation</testName>
          <skipped>false</skipped>
          <failedSince>0</failedSince>
        </case>
        <case>
          <duration>0.068</duration>
          <className>com.cumulocity.identity.rest.resource.ExternalIDResourceModuleTest</className>
          <testName>getShouldReturnNotFound</testName>
          <skipped>false</skipped>
          <failedSince>0</failedSince>
        </case>
        <case>
          <duration>0.032</duration>
          <className>com.cumulocity.identity.rest.resource.ExternalIDResourceModuleTest</className>
          <testName>deleteShouldReturnSuccess</testName>
          <skipped>false</skipped>
          <failedSince>0</failedSince>
        </case>
        <case>
          <duration>0.057</duration>
          <className>com.cumulocity.identity.rest.resource.ExternalIDResourceModuleTest</className>
          <testName>deleteShouldReturnNotFound</testName>
          <skipped>false</skipped>
          <failedSince>0</failedSince>
        </case>
      </cases>
    </suite>
    <suite>
      <file>/var/jenkins_home/workspace/Cumulocity-Platform-Services-BUILD/identity-management/identity-management-rest/target/surefire-reports/TEST-com.cumulocity.identity.rest.resource.api.IdentityResourceModuleTest.xml</file>
      <name>com.cumulocity.identity.rest.resource.api.IdentityResourceModuleTest</name>
      <duration>0.045</duration>
      <time>0.045</time>
      <enclosingBlocks/>
      <enclosingBlockNames/>
      <cases>
        <case>
          <duration>0.045</duration>
          <className>com.cumulocity.identity.rest.resource.api.IdentityResourceModuleTest</className>
          <testName>get_ReturnsPredefinedIdentityRepresentation</testName>
          <skipped>false</skipped>
          <failedSince>0</failedSince>
        </case>
      </cases>
    </suite>
    <suite>
      <file>/var/jenkins_home/workspace/Cumulocity-Platform-Services-BUILD/identity-management/identity-management-service/target/surefire-reports/TEST-com.cumulocity.service.identity.impl.ExternalIdPropertyValidatorImplTest.xml</file>
      <name>com.cumulocity.service.identity.impl.ExternalIdPropertyValidatorImplTest</name>
      <duration>0.0</duration>
      <time>0</time>
      <enclosingBlocks/>
      <enclosingBlockNames/>
      <cases>
        <case>
          <duration>0.0</duration>
          <className>com.cumulocity.service.identity.impl.ExternalIdPropertyValidatorImplTest</className>
          <testName>shouldNotPrintWholeLongStringInException</testName>
          <skipped>false</skipped>
          <failedSince>0</failedSince>
        </case>
        <case>
          <duration>0.0</duration>
          <className>com.cumulocity.service.identity.impl.ExternalIdPropertyValidatorImplTest</className>
          <testName>shouldReturnIfValid</testName>
          <skipped>false</skipped>
          <failedSince>0</failedSince>
        </case>
        <case>
          <duration>0.0</duration>
          <className>com.cumulocity.service.identity.impl.ExternalIdPropertyValidatorImplTest</className>
          <testName>shouldThrowExcetionForTooLongString</testName>
          <skipped>false</skipped>
          <failedSince>0</failedSince>
        </case>
      </cases>
    </suite>
    <suite>
      <file>/var/jenkins_home/workspace/Cumulocity-Platform-Services-BUILD/identity-management/identity-management-service/target/surefire-reports/TEST-com.cumulocity.service.identity.impl.IDFactoryTest.xml</file>
      <name>com.cumulocity.service.identity.impl.IDFactoryTest</name>
      <duration>0.213</duration>
      <time>0.213</time>
      <enclosingBlocks/>
      <enclosingBlockNames/>
      <cases>
        <case>
          <duration>0.209</duration>
          <className>com.cumulocity.service.identity.impl.IDFactoryTest</className>
          <testName>createTypedId</testName>
          <skipped>false</skipped>
          <failedSince>0</failedSince>
        </case>
        <case>
          <duration>0.0</duration>
          <className>com.cumulocity.service.identity.impl.IDFactoryTest</className>
          <testName>createDefaultGenericId</testName>
          <skipped>false</skipped>
          <failedSince>0</failedSince>
        </case>
      </cases>
    </suite>
    <suite>
      <file>/var/jenkins_home/workspace/Cumulocity-Platform-Services-BUILD/identity-management/identity-management-service/target/surefire-reports/TEST-com.cumulocity.service.identity.impl.IdentityManagementModuleTest.xml</file>
      <name>com.cumulocity.service.identity.impl.IdentityManagementModuleTest</name>
      <duration>0.808</duration>
      <time>0.808</time>
      <enclosingBlocks/>
      <enclosingBlockNames/>
      <cases>
        <case>
          <duration>0.746</duration>
          <className>com.cumulocity.service.identity.impl.IdentityManagementModuleTest</className>
          <testName>shouldBringUpAllTogether</testName>
          <skipped>false</skipped>
          <failedSince>0</failedSince>
        </case>
      </cases>
    </suite>
    <suite>
      <file>/var/jenkins_home/workspace/Cumulocity-Platform-Services-BUILD/identity-management/identity-management-service/target/surefire-reports/TEST-com.cumulocity.service.identity.impl.IdentityServiceImplTest.xml</file>
      <name>com.cumulocity.service.identity.impl.IdentityServiceImplTest</name>
      <duration>0.058</duration>
      <time>0.058</time>
      <enclosingBlocks/>
      <enclosingBlockNames/>
      <cases>
        <case>
          <duration>0.031</duration>
          <className>com.cumulocity.service.identity.impl.IdentityServiceImplTest</className>
          <testName>bind</testName>
          <skipped>false</skipped>
          <failedSince>0</failedSince>
        </case>
        <case>
          <duration>0.002</duration>
          <className>com.cumulocity.service.identity.impl.IdentityServiceImplTest</className>
          <testName>getExternalIds</testName>
          <skipped>false</skipped>
          <failedSince>0</failedSince>
        </case>
        <case>
          <duration>0.002</duration>
          <className>com.cumulocity.service.identity.impl.IdentityServiceImplTest</className>
          <testName>getEmptyListOfExternalIds</testName>
          <skipped>false</skipped>
          <failedSince>0</failedSince>
        </case>
        <case>
          <duration>0.002</duration>
          <className>com.cumulocity.service.identity.impl.IdentityServiceImplTest</className>
          <testName>getExternalIdsForListOfGlobalIds</testName>
          <skipped>false</skipped>
          <failedSince>0</failedSince>
        </case>
        <case>
          <duration>0.002</duration>
          <className>com.cumulocity.service.identity.impl.IdentityServiceImplTest</className>
          <testName>ignoreBindExternalIdAlreadyBoundToTheSameGId</testName>
          <skipped>false</skipped>
          <failedSince>0</failedSince>
        </case>
        <case>
          <duration>0.003</duration>
          <className>com.cumulocity.service.identity.impl.IdentityServiceImplTest</className>
          <testName>denyBindExternalIdAlreadyBoundToTheAnotherGId</testName>
          <skipped>false</skipped>
          <failedSince>0</failedSince>
        </case>
        <case>
          <duration>0.002</duration>
          <className>com.cumulocity.service.identity.impl.IdentityServiceImplTest</className>
          <testName>denyBindNull</testName>
          <skipped>false</skipped>
          <failedSince>0</failedSince>
        </case>
        <case>
          <duration>0.002</duration>
          <className>com.cumulocity.service.identity.impl.IdentityServiceImplTest</className>
          <testName>denyBindToNull</testName>
          <skipped>false</skipped>
          <failedSince>0</failedSince>
        </case>
        <case>
          <duration>0.002</duration>
          <className>com.cumulocity.service.identity.impl.IdentityServiceImplTest</className>
          <testName>bindMultiplyGlobalIds</testName>
          <skipped>false</skipped>
          <failedSince>0</failedSince>
        </case>
        <case>
          <duration>0.002</duration>
          <className>com.cumulocity.service.identity.impl.IdentityServiceImplTest</className>
          <testName>bindMultiplyExternalIds</testName>
          <skipped>false</skipped>
          <failedSince>0</failedSince>
        </case>
        <case>
          <duration>0.003</duration>
          <className>com.cumulocity.service.identity.impl.IdentityServiceImplTest</className>
          <testName>unbindMultiplyGlobalIds</testName>
          <skipped>false</skipped>
          <failedSince>0</failedSince>
        </case>
        <case>
          <duration>0.002</duration>
          <className>com.cumulocity.service.identity.impl.IdentityServiceImplTest</className>
          <testName>unbindMultimplyExternalIds</testName>
          <skipped>false</skipped>
          <failedSince>0</failedSince>
        </case>
        <case>
          <duration>0.002</duration>
          <className>com.cumulocity.service.identity.impl.IdentityServiceImplTest</className>
          <testName>unbind</testName>
          <skipped>false</skipped>
          <failedSince>0</failedSince>
        </case>
      </cases>
    </suite>
    <suite>
      <file>/var/jenkins_home/workspace/Cumulocity-Platform-Services-BUILD/identity-management/identity-management-service/target/surefire-reports/TEST-com.cumulocity.service.identity.impl.PooledIdGeneratorTest.xml</file>
      <name>com.cumulocity.service.identity.impl.PooledIdGeneratorTest</name>
      <duration>0.49</duration>
      <time>0.49</time>
      <enclosingBlocks/>
      <enclosingBlockNames/>
      <cases>
        <case>
          <duration>0.303</duration>
          <className>com.cumulocity.service.identity.impl.PooledIdGeneratorTest</className>
          <testName>shouldCallIdentityRepositoryOnFirstCall</testName>
          <skipped>false</skipped>
          <failedSince>0</failedSince>
        </case>
        <case>
          <duration>0.005</duration>
          <className>com.cumulocity.service.identity.impl.PooledIdGeneratorTest</className>
          <testName>shouldGenerateGlobalIDsUsingPersistenceLayer</testName>
          <skipped>false</skipped>
          <failedSince>0</failedSince>
        </case>
        <case>
          <duration>0.003</duration>
          <className>com.cumulocity.service.identity.impl.PooledIdGeneratorTest</className>
          <testName>shouldValidateBatchSizeConfigurationParameter</testName>
          <skipped>false</skipped>
          <failedSince>0</failedSince>
        </case>
        <case>
          <duration>0.002</duration>
          <className>com.cumulocity.service.identity.impl.PooledIdGeneratorTest</className>
          <testName>shouldGenerateGlobalIDsUsingConfiguredBatchSize</testName>
          <skipped>false</skipped>
          <failedSince>0</failedSince>
        </case>
        <case>
          <duration>0.058</duration>
          <className>com.cumulocity.service.identity.impl.PooledIdGeneratorTest</className>
          <testName>shouldNotReturnDuplicatesIfAccessedByMultipleThreads</testName>
          <skipped>false</skipped>
          <failedSince>0</failedSince>
        </case>
      </cases>
    </suite>
    <suite>
      <file>/var/jenkins_home/workspace/Cumulocity-Platform-Services-BUILD/inventory-management/inventory-management-rest-osgi/target/surefire-reports/TEST-com.cumulocity.inventory.rest.mediatypes.ManagedObjectRepresentationTest.xml</file>
      <name>com.cumulocity.inventory.rest.mediatypes.ManagedObjectRepresentationTest</name>
      <duration>0.0</duration>
      <time>0</time>
      <enclosingBlocks/>
      <enclosingBlockNames/>
      <cases>
        <case>
          <duration>0.0</duration>
          <className>com.cumulocity.inventory.rest.mediatypes.ManagedObjectRepresentationTest</className>
          <testName>canDeserializeFromJsonFormatUsingSvensonLibrary</testName>
          <skipped>false</skipped>
          <failedSince>0</failedSince>
        </case>
      </cases>
    </suite>
    <suite>
      <file>/var/jenkins_home/workspace/Cumulocity-Platform-Services-BUILD/inventory-management/inventory-management-rest-osgi/target/surefire-reports/TEST-com.cumulocity.inventory.rest.resources.BinariesCollectionResourceModuleTest.xml</file>
      <name>com.cumulocity.inventory.rest.resources.BinariesCollectionResourceModuleTest</name>
      <duration>5.124</duration>
      <time>5.124</time>
      <enclosingBlocks/>
      <enclosingBlockNames/>
      <cases>
        <case>
          <duration>4.455</duration>
          <className>com.cumulocity.inventory.rest.resources.BinariesCollectionResourceModuleTest</className>
          <testName>shouldUploadFileAndReturnMO</testName>
          <skipped>false</skipped>
          <failedSince>0</failedSince>
        </case>
        <case>
          <duration>0.105</duration>
          <className>com.cumulocity.inventory.rest.resources.BinariesCollectionResourceModuleTest</className>
          <testName>shouldReturnEmptyPage</testName>
          <skipped>false</skipped>
          <failedSince>0</failedSince>
        </case>
        <case>
          <duration>0.15</duration>
          <className>com.cumulocity.inventory.rest.resources.BinariesCollectionResourceModuleTest</className>
          <testName>shouldReturnListOfMOsWithAttachments</testName>
          <skipped>false</skipped>
          <failedSince>0</failedSince>
        </case>
      </cases>
    </suite>
    <suite>
      <file>/var/jenkins_home/workspace/Cumulocity-Platform-Services-BUILD/inventory-management/inventory-management-rest-osgi/target/surefire-reports/TEST-com.cumulocity.inventory.rest.resources.BinariesResourceModuleTest.xml</file>
      <name>com.cumulocity.inventory.rest.resources.BinariesResourceModuleTest</name>
      <duration>0.315</duration>
      <time>0.315</time>
      <enclosingBlocks/>
      <enclosingBlockNames/>
      <cases>
        <case>
          <duration>0.047</duration>
          <className>com.cumulocity.inventory.rest.resources.BinariesResourceModuleTest</className>
          <testName>shouldUploadFileAndReturnMO</testName>
          <skipped>false</skipped>
          <failedSince>0</failedSince>
        </case>
        <case>
          <duration>0.049</duration>
          <className>com.cumulocity.inventory.rest.resources.BinariesResourceModuleTest</className>
          <testName>shouldTakeContentTypeFromHeaderIfAppArchive</testName>
          <skipped>false</skipped>
          <failedSince>0</failedSince>
        </case>
        <case>
          <duration>0.049</duration>
          <className>com.cumulocity.inventory.rest.resources.BinariesResourceModuleTest</className>
          <testName>shouldDownloadAttachment</testName>
          <skipped>false</skipped>
          <failedSince>0</failedSince>
        </case>
        <case>
          <duration>0.059</duration>
          <className>com.cumulocity.inventory.rest.resources.BinariesResourceModuleTest</className>
          <testName>shouldUseDefaultContentTypeWhenError</testName>
          <skipped>false</skipped>
          <failedSince>0</failedSince>
        </case>
        <case>
          <duration>0.054</duration>
          <className>com.cumulocity.inventory.rest.resources.BinariesResourceModuleTest</className>
          <testName>shouldUseDefaultContentTypeWhenNull</testName>
          <skipped>false</skipped>
          <failedSince>0</failedSince>
        </case>
        <case>
          <duration>0.05</duration>
          <className>com.cumulocity.inventory.rest.resources.BinariesResourceModuleTest</className>
          <testName>shouldDeleteAttachment</testName>
          <skipped>false</skipped>
          <failedSince>0</failedSince>
        </case>
      </cases>
    </suite>
    <suite>
      <file>/var/jenkins_home/workspace/Cumulocity-Platform-Services-BUILD/inventory-management/inventory-management-rest-osgi/target/surefire-reports/TEST-com.cumulocity.inventory.rest.resources.BinariesResourceSecurityTest.xml</file>
      <name>com.cumulocity.inventory.rest.resources.BinariesResourceSecurityTest</name>
      <duration>0.031</duration>
      <time>0.031</time>
      <enclosingBlocks/>
      <enclosingBlockNames/>
      <cases>
        <case>
          <duration>0.015</duration>
          <className>com.cumulocity.inventory.rest.resources.BinariesResourceSecurityTest</className>
          <testName>shouldUpdateFailWithAccessDeniedException</testName>
          <skipped>false</skipped>
          <failedSince>0</failedSince>
        </case>
        <case>
          <duration>0.012</duration>
          <className>com.cumulocity.inventory.rest.resources.BinariesResourceSecurityTest</className>
          <testName>shouldDeleteFailWithAccessDeniedException</testName>
          <skipped>false</skipped>
          <failedSince>0</failedSince>
        </case>
      </cases>
    </suite>
    <suite>
      <file>/var/jenkins_home/workspace/Cumulocity-Platform-Services-BUILD/inventory-management/inventory-management-rest-osgi/target/surefire-reports/TEST-com.cumulocity.inventory.rest.resources.ManagedObjectCollectionResourceModuleTest.xml</file>
      <name>com.cumulocity.inventory.rest.resources.ManagedObjectCollectionResourceModuleTest</name>
      <duration>0.875</duration>
      <time>0.875</time>
      <enclosingBlocks/>
      <enclosingBlockNames/>
      <cases>
        <case>
          <duration>0.099</duration>
          <className>com.cumulocity.inventory.rest.resources.ManagedObjectCollectionResourceModuleTest</className>
          <testName>getShouldReturnManagedObjectList</testName>
          <skipped>false</skipped>
          <failedSince>0</failedSince>
        </case>
        <case>
          <duration>0.035</duration>
          <className>com.cumulocity.inventory.rest.resources.ManagedObjectCollectionResourceModuleTest</className>
          <testName>shoudAskForManagedObjectListWithGroups</testName>
          <skipped>false</skipped>
          <failedSince>0</failedSince>
        </case>
        <case>
          <duration>0.035</duration>
          <className>com.cumulocity.inventory.rest.resources.ManagedObjectCollectionResourceModuleTest</className>
          <testName>shoudAskForManagedObjectListWithParents</testName>
          <skipped>false</skipped>
          <failedSince>0</failedSince>
        </case>
        <case>
          <duration>0.122</duration>
          <className>com.cumulocity.inventory.rest.resources.ManagedObjectCollectionResourceModuleTest</className>
          <testName>findByTypeShouldReturnFilteredManagedObjectList</testName>
          <skipped>false</skipped>
          <failedSince>0</failedSince>
        </case>
        <case>
          <duration>0.067</duration>
          <className>com.cumulocity.inventory.rest.resources.ManagedObjectCollectionResourceModuleTest</className>
          <testName>findByChildAssetShouldReturnFilteredManagedObjectList</testName>
          <skipped>false</skipped>
          <failedSince>0</failedSince>
        </case>
        <case>
          <duration>0.066</duration>
          <className>com.cumulocity.inventory.rest.resources.ManagedObjectCollectionResourceModuleTest</className>
          <testName>findByChildDeviceShouldReturnFilteredManagedObjectList</testName>
          <skipped>false</skipped>
          <failedSince>0</failedSince>
        </case>
        <case>
          <duration>0.067</duration>
          <className>com.cumulocity.inventory.rest.resources.ManagedObjectCollectionResourceModuleTest</className>
          <testName>findByChildAdditionShouldReturnFilteredManagedObjectList</testName>
          <skipped>false</skipped>
          <failedSince>0</failedSince>
        </case>
        <case>
          <duration>0.034</duration>
          <className>com.cumulocity.inventory.rest.resources.ManagedObjectCollectionResourceModuleTest</className>
          <testName>getShouldReturnErrorOnInventoryFailure</testName>
          <skipped>false</skipped>
          <failedSince>0</failedSince>
        </case>
        <case>
          <duration>0.056</duration>
          <className>com.cumulocity.inventory.rest.resources.ManagedObjectCollectionResourceModuleTest</className>
          <testName>postShouldReturnUriOfNewObject</testName>
          <skipped>false</skipped>
          <failedSince>0</failedSince>
        </case>
        <case>
          <duration>0.039</duration>
          <className>com.cumulocity.inventory.rest.resources.ManagedObjectCollectionResourceModuleTest</className>
          <testName>postShouldReturnErrorOnRequestWithId</testName>
          <skipped>false</skipped>
          <failedSince>0</failedSince>
        </case>
        <case>
          <duration>0.073</duration>
          <className>com.cumulocity.inventory.rest.resources.ManagedObjectCollectionResourceModuleTest</className>
          <testName>getShouldReturnManagedObjectListForRequestWithParametrizedType</testName>
          <skipped>false</skipped>
          <failedSince>0</failedSince>
        </case>
        <case>
          <duration>0.069</duration>
          <className>com.cumulocity.inventory.rest.resources.ManagedObjectCollectionResourceModuleTest</className>
          <testName>shouldGetByListOfIds</testName>
          <skipped>false</skipped>
          <failedSince>0</failedSince>
        </case>
        <case>
          <duration>0.051</duration>
          <className>com.cumulocity.inventory.rest.resources.ManagedObjectCollectionResourceModuleTest</className>
          <testName>shouldReturn422WhenListOfIdsDoesNotMatchRetunredMOs_differentSize</testName>
          <skipped>false</skipped>
          <failedSince>0</failedSince>
        </case>
        <case>
          <duration>0.047</duration>
          <className>com.cumulocity.inventory.rest.resources.ManagedObjectCollectionResourceModuleTest</className>
          <testName>shouldReturnDevicesCount</testName>
          <skipped>false</skipped>
          <failedSince>0</failedSince>
        </case>
      </cases>
    </suite>
    <suite>
      <file>/var/jenkins_home/workspace/Cumulocity-Platform-Services-BUILD/inventory-management/inventory-management-rest-osgi/target/surefire-reports/TEST-com.cumulocity.inventory.rest.resources.ManagedObjectCollectionResourceSecurityTest.xml</file>
      <name>com.cumulocity.inventory.rest.resources.ManagedObjectCollectionResourceSecurityTest</name>
      <duration>0.067</duration>
      <time>0.067</time>
      <enclosingBlocks/>
      <enclosingBlockNames/>
      <cases>
        <case>
          <duration>0.015</duration>
          <className>com.cumulocity.inventory.rest.resources.ManagedObjectCollectionResourceSecurityTest</className>
          <testName>shouldCreateWithCreateRole</testName>
          <skipped>false</skipped>
          <failedSince>0</failedSince>
        </case>
        <case>
          <duration>0.011</duration>
          <className>com.cumulocity.inventory.rest.resources.ManagedObjectCollectionResourceSecurityTest</className>
          <testName>shouldFailWithAccessDeniedWhenCountWithoutReadOrAdminRole</testName>
          <skipped>false</skipped>
          <failedSince>0</failedSince>
        </case>
        <case>
          <duration>0.011</duration>
          <className>com.cumulocity.inventory.rest.resources.ManagedObjectCollectionResourceSecurityTest</className>
          <testName>shouldCountWithAdminRole</testName>
          <skipped>false</skipped>
          <failedSince>0</failedSince>
        </case>
        <case>
          <duration>0.011</duration>
          <className>com.cumulocity.inventory.rest.resources.ManagedObjectCollectionResourceSecurityTest</className>
          <testName>shouldCountWithReadRole</testName>
          <skipped>false</skipped>
          <failedSince>0</failedSince>
        </case>
        <case>
          <duration>0.011</duration>
          <className>com.cumulocity.inventory.rest.resources.ManagedObjectCollectionResourceSecurityTest</className>
          <testName>shouldFailWithAccessDeniedException</testName>
          <skipped>false</skipped>
          <failedSince>0</failedSince>
        </case>
      </cases>
    </suite>
    <suite>
      <file>/var/jenkins_home/workspace/Cumulocity-Platform-Services-BUILD/inventory-management/inventory-management-rest-osgi/target/surefire-reports/TEST-com.cumulocity.inventory.rest.resources.ManagedObjectMqttJsonRequestHandlerTest.xml</file>
      <name>com.cumulocity.inventory.rest.resources.ManagedObjectMqttJsonRequestHandlerTest</name>
      <duration>0.002</duration>
      <time>0.002</time>
      <enclosingBlocks/>
      <enclosingBlockNames/>
      <cases>
        <case>
          <duration>0.0</duration>
          <className>com.cumulocity.inventory.rest.resources.ManagedObjectMqttJsonRequestHandlerTest</className>
          <testName>shouldUpdateManagedObject</testName>
          <skipped>false</skipped>
          <failedSince>0</failedSince>
        </case>
        <case>
          <duration>0.001</duration>
          <className>com.cumulocity.inventory.rest.resources.ManagedObjectMqttJsonRequestHandlerTest</className>
          <testName>shouldUpdateManagedObjectWithExternalId</testName>
          <skipped>false</skipped>
          <failedSince>0</failedSince>
        </case>
        <case>
          <duration>0.0</duration>
          <className>com.cumulocity.inventory.rest.resources.ManagedObjectMqttJsonRequestHandlerTest</className>
          <testName>shouldCreateNewManagedObject</testName>
          <skipped>false</skipped>
          <failedSince>0</failedSince>
        </case>
      </cases>
    </suite>
    <suite>
      <file>/var/jenkins_home/workspace/Cumulocity-Platform-Services-BUILD/inventory-management/inventory-management-rest-osgi/target/surefire-reports/TEST-com.cumulocity.inventory.rest.resources.ManagedObjectResourceModuleTest.xml</file>
      <name>com.cumulocity.inventory.rest.resources.ManagedObjectResourceModuleTest</name>
      <duration>0.771</duration>
      <time>0.771</time>
      <enclosingBlocks/>
      <enclosingBlockNames/>
      <cases>
        <case>
          <duration>0.043</duration>
          <className>com.cumulocity.inventory.rest.resources.ManagedObjectResourceModuleTest</className>
          <testName>shoudAskForManagedObjectWithParents</testName>
          <skipped>false</skipped>
          <failedSince>0</failedSince>
        </case>
        <case>
          <duration>0.055</duration>
          <className>com.cumulocity.inventory.rest.resources.ManagedObjectResourceModuleTest</className>
          <testName>getShouldReturn404WhenManagedObjectNotExist</testName>
          <skipped>false</skipped>
          <failedSince>0</failedSince>
        </case>
        <case>
          <duration>0.055</duration>
          <className>com.cumulocity.inventory.rest.resources.ManagedObjectResourceModuleTest</className>
          <testName>deleteShouldRemoveManagedObjectAndReturnNoContentStatus</testName>
          <skipped>false</skipped>
          <failedSince>0</failedSince>
        </case>
        <case>
          <duration>0.079</duration>
          <className>com.cumulocity.inventory.rest.resources.ManagedObjectResourceModuleTest</className>
          <testName>deleteShouldReturnErrorWhenManagedObjectNotExist</testName>
          <skipped>false</skipped>
          <failedSince>0</failedSince>
        </case>
        <case>
          <duration>0.064</duration>
          <className>com.cumulocity.inventory.rest.resources.ManagedObjectResourceModuleTest</className>
          <testName>putShouldReturnErrorWhenManagedObjectNotExist</testName>
          <skipped>false</skipped>
          <failedSince>0</failedSince>
        </case>
        <case>
          <duration>0.111</duration>
          <className>com.cumulocity.inventory.rest.resources.ManagedObjectResourceModuleTest</className>
          <testName>putShouldReturnUpdatedMOWhenNameChanged</testName>
          <skipped>false</skipped>
          <failedSince>0</failedSince>
        </case>
        <case>
          <duration>0.031</duration>
          <className>com.cumulocity.inventory.rest.resources.ManagedObjectResourceModuleTest</className>
          <testName>shouldReturnErrorWhenBodyIsMalformed</testName>
          <skipped>false</skipped>
          <failedSince>0</failedSince>
        </case>
        <case>
          <duration>0.075</duration>
          <className>com.cumulocity.inventory.rest.resources.ManagedObjectResourceModuleTest</className>
          <testName>mustReturnManagedObjectDeviceListFromDeviceQuery</testName>
          <skipped>false</skipped>
          <failedSince>0</failedSince>
        </case>
        <case>
          <duration>0.075</duration>
          <className>com.cumulocity.inventory.rest.resources.ManagedObjectResourceModuleTest</className>
          <testName>mustReturnManagedObjectListFromQuery</testName>
          <skipped>false</skipped>
          <failedSince>0</failedSince>
        </case>
        <case>
          <duration>0.088</duration>
          <className>com.cumulocity.inventory.rest.resources.ManagedObjectResourceModuleTest</className>
          <testName>mustReturnManagedObjectsSupportingKpisOfDevice</testName>
          <skipped>false</skipped>
          <failedSince>0</failedSince>
        </case>
        <case>
          <duration>0.082</duration>
          <className>com.cumulocity.inventory.rest.resources.ManagedObjectResourceModuleTest</className>
          <testName>getShouldReturnExistingResourceFromItsURI</testName>
          <skipped>false</skipped>
          <failedSince>0</failedSince>
        </case>
      </cases>
    </suite>
    <suite>
      <file>/var/jenkins_home/workspace/Cumulocity-Platform-Services-BUILD/inventory-management/inventory-management-rest-osgi/target/surefire-reports/TEST-com.cumulocity.inventory.rest.resources.ManagedObjectResourceSecurityTest.xml</file>
      <name>com.cumulocity.inventory.rest.resources.ManagedObjectResourceSecurityTest</name>
      <duration>1.515</duration>
      <time>1.515</time>
      <enclosingBlocks/>
      <enclosingBlockNames/>
      <cases>
        <case>
          <duration>1.355</duration>
          <className>com.cumulocity.inventory.rest.resources.ManagedObjectResourceSecurityTest</className>
          <testName>shouldReadManagedObjectWhenHasGlobalPermission</testName>
          <skipped>false</skipped>
          <failedSince>0</failedSince>
        </case>
        <case>
          <duration>0.015</duration>
          <className>com.cumulocity.inventory.rest.resources.ManagedObjectResourceSecurityTest</className>
          <testName>shouldFailReadManagedObjectWhenHasNoDevicePermission</testName>
          <skipped>false</skipped>
          <failedSince>0</failedSince>
        </case>
        <case>
          <duration>0.012</duration>
          <className>com.cumulocity.inventory.rest.resources.ManagedObjectResourceSecurityTest</className>
          <testName>shouldUpdateManagedObjectWhenHasDevicePermission</testName>
          <skipped>false</skipped>
          <failedSince>0</failedSince>
        </case>
        <case>
          <duration>0.011</duration>
          <className>com.cumulocity.inventory.rest.resources.ManagedObjectResourceSecurityTest</className>
          <testName>shouldFailUpdateManagedObjectWhenHasNoDevicePermission</testName>
          <skipped>false</skipped>
          <failedSince>0</failedSince>
        </case>
        <case>
          <duration>0.011</duration>
          <className>com.cumulocity.inventory.rest.resources.ManagedObjectResourceSecurityTest</className>
          <testName>shouldDeleteMeasurementWhenHasDevicePermission</testName>
          <skipped>false</skipped>
          <failedSince>0</failedSince>
        </case>
        <case>
          <duration>0.011</duration>
          <className>com.cumulocity.inventory.rest.resources.ManagedObjectResourceSecurityTest</className>
          <testName>shouldFailDeleteMeasurementWhenHasNoDevicePermission</testName>
          <skipped>false</skipped>
          <failedSince>0</failedSince>
        </case>
        <case>
          <duration>0.011</duration>
          <className>com.cumulocity.inventory.rest.resources.ManagedObjectResourceSecurityTest</className>
          <testName>shouldUpdateFailWithAccessDeniedException</testName>
          <skipped>false</skipped>
          <failedSince>0</failedSince>
        </case>
        <case>
          <duration>0.011</duration>
          <className>com.cumulocity.inventory.rest.resources.ManagedObjectResourceSecurityTest</className>
          <testName>shouldUpdateAsOwner</testName>
          <skipped>false</skipped>
          <failedSince>0</failedSince>
        </case>
        <case>
          <duration>0.011</duration>
          <className>com.cumulocity.inventory.rest.resources.ManagedObjectResourceSecurityTest</className>
          <testName>shouldGetSupportedMeasurementsAsOwner</testName>
          <skipped>false</skipped>
          <failedSince>0</failedSince>
        </case>
        <case>
          <duration>0.011</duration>
          <className>com.cumulocity.inventory.rest.resources.ManagedObjectResourceSecurityTest</className>
          <testName>shouldGetSupportedSeriesAsOwner</testName>
          <skipped>false</skipped>
          <failedSince>0</failedSince>
        </case>
        <case>
          <duration>0.011</duration>
          <className>com.cumulocity.inventory.rest.resources.ManagedObjectResourceSecurityTest</className>
          <testName>shouldGetAsOwner</testName>
          <skipped>false</skipped>
          <failedSince>0</failedSince>
        </case>
        <case>
          <duration>0.011</duration>
          <className>com.cumulocity.inventory.rest.resources.ManagedObjectResourceSecurityTest</className>
          <testName>shouldDeleteFailWithAccessDeniedException</testName>
          <skipped>false</skipped>
          <failedSince>0</failedSince>
        </case>
        <case>
          <duration>0.011</duration>
          <className>com.cumulocity.inventory.rest.resources.ManagedObjectResourceSecurityTest</className>
          <testName>shouldDeleteAsOwner</testName>
          <skipped>false</skipped>
          <failedSince>0</failedSince>
        </case>
        <case>
          <duration>0.011</duration>
          <className>com.cumulocity.inventory.rest.resources.ManagedObjectResourceSecurityTest</className>
          <testName>shouldReadManagedObjectWhenHasDevicePermission</testName>
          <skipped>false</skipped>
          <failedSince>0</failedSince>
        </case>
      </cases>
    </suite>
    <suite>
      <file>/var/jenkins_home/workspace/Cumulocity-Platform-Services-BUILD/inventory-management/inventory-management-rest-osgi/target/surefire-reports/TEST-com.cumulocity.inventory.rest.resources.SmartRestTemplateResourceTest.xml</file>
      <name>com.cumulocity.inventory.rest.resources.SmartRestTemplateResourceTest</name>
      <duration>0.094</duration>
      <time>0.094</time>
      <enclosingBlocks/>
      <enclosingBlockNames/>
      <cases>
        <case>
          <duration>0.041</duration>
          <className>com.cumulocity.inventory.rest.resources.SmartRestTemplateResourceTest</className>
          <testName>mustReturnSmartRestTemplate</testName>
          <skipped>false</skipped>
          <failedSince>0</failedSince>
        </case>
        <case>
          <duration>0.047</duration>
          <className>com.cumulocity.inventory.rest.resources.SmartRestTemplateResourceTest</className>
          <testName>mustReturn404ForNonExistentTemplate</testName>
          <skipped>false</skipped>
          <failedSince>0</failedSince>
        </case>
      </cases>
    </suite>
    <suite>
      <file>/var/jenkins_home/workspace/Cumulocity-Platform-Services-BUILD/inventory-management/inventory-management-rest-osgi/target/surefire-reports/TEST-com.cumulocity.inventory.rest.resources.api.InventoryApiResourceTest.xml</file>
      <name>com.cumulocity.inventory.rest.resources.api.InventoryApiResourceTest</name>
      <duration>0.0</duration>
      <time>0</time>
      <enclosingBlocks/>
      <enclosingBlockNames/>
      <cases>
        <case>
          <duration>0.0</duration>
          <className>com.cumulocity.inventory.rest.resources.api.InventoryApiResourceTest</className>
          <testName>testGet</testName>
          <skipped>false</skipped>
          <failedSince>0</failedSince>
        </case>
      </cases>
    </suite>
    <suite>
      <file>/var/jenkins_home/workspace/Cumulocity-Platform-Services-BUILD/inventory-management/inventory-management-rest-osgi/target/surefire-reports/TEST-com.cumulocity.inventory.rest.resources.childapis.ManagedObjectChildAdditionResourceSecurityTest.xml</file>
      <name>com.cumulocity.inventory.rest.resources.childapis.ManagedObjectChildAdditionResourceSecurityTest</name>
      <duration>0.086</duration>
      <time>0.086</time>
      <enclosingBlocks/>
      <enclosingBlockNames/>
      <cases>
        <case>
          <duration>0.015</duration>
          <className>com.cumulocity.inventory.rest.resources.childapis.ManagedObjectChildAdditionResourceSecurityTest</className>
          <testName>shouldDeleteFailWithAccessDeniedException</testName>
          <skipped>false</skipped>
          <failedSince>0</failedSince>
        </case>
        <case>
          <duration>0.012</duration>
          <className>com.cumulocity.inventory.rest.resources.childapis.ManagedObjectChildAdditionResourceSecurityTest</className>
          <testName>shouldDeleteAsOwner</testName>
          <skipped>false</skipped>
          <failedSince>0</failedSince>
        </case>
        <case>
          <duration>0.017</duration>
          <className>com.cumulocity.inventory.rest.resources.childapis.ManagedObjectChildAdditionResourceSecurityTest</className>
          <testName>shouldDeleteAdditionWhenHasDevicePermission</testName>
          <skipped>false</skipped>
          <failedSince>0</failedSince>
        </case>
        <case>
          <duration>0.012</duration>
          <className>com.cumulocity.inventory.rest.resources.childapis.ManagedObjectChildAdditionResourceSecurityTest</className>
          <testName>shouldFailDeleteAdditionWhenHasNoDevicePermission</testName>
          <skipped>false</skipped>
          <failedSince>0</failedSince>
        </case>
        <case>
          <duration>0.011</duration>
          <className>com.cumulocity.inventory.rest.resources.childapis.ManagedObjectChildAdditionResourceSecurityTest</className>
          <testName>shouldReadAdditionWhenHasDevicePermission</testName>
          <skipped>false</skipped>
          <failedSince>0</failedSince>
        </case>
        <case>
          <duration>0.011</duration>
          <className>com.cumulocity.inventory.rest.resources.childapis.ManagedObjectChildAdditionResourceSecurityTest</className>
          <testName>shouldFailReadAdditionWhenHasNoDevicePermission</testName>
          <skipped>false</skipped>
          <failedSince>0</failedSince>
        </case>
      </cases>
    </suite>
    <suite>
      <file>/var/jenkins_home/workspace/Cumulocity-Platform-Services-BUILD/inventory-management/inventory-management-rest-osgi/target/surefire-reports/TEST-com.cumulocity.inventory.rest.resources.childapis.ManagedObjectChildAdditionsResourceSecurityTest.xml</file>
      <name>com.cumulocity.inventory.rest.resources.childapis.ManagedObjectChildAdditionsResourceSecurityTest</name>
      <duration>0.106</duration>
      <time>0.106</time>
      <enclosingBlocks/>
      <enclosingBlockNames/>
      <cases>
        <case>
          <duration>0.015</duration>
          <className>com.cumulocity.inventory.rest.resources.childapis.ManagedObjectChildAdditionsResourceSecurityTest</className>
          <testName>shouldFailWithAccessDeniedException</testName>
          <skipped>false</skipped>
          <failedSince>0</failedSince>
        </case>
        <case>
          <duration>0.012</duration>
          <className>com.cumulocity.inventory.rest.resources.childapis.ManagedObjectChildAdditionsResourceSecurityTest</className>
          <testName>shouldCreateAsOwnerOfParentAndChild</testName>
          <skipped>false</skipped>
          <failedSince>0</failedSince>
        </case>
        <case>
          <duration>0.012</duration>
          <className>com.cumulocity.inventory.rest.resources.childapis.ManagedObjectChildAdditionsResourceSecurityTest</className>
          <testName>shouldCreateAsOwnerOfParentAndChildWhenIdInSelf</testName>
          <skipped>false</skipped>
          <failedSince>0</failedSince>
        </case>
        <case>
          <duration>0.011</duration>
          <className>com.cumulocity.inventory.rest.resources.childapis.ManagedObjectChildAdditionsResourceSecurityTest</className>
          <testName>shouldFailWhenNoChildId</testName>
          <skipped>false</skipped>
          <failedSince>0</failedSince>
        </case>
        <case>
          <duration>0.012</duration>
          <className>com.cumulocity.inventory.rest.resources.childapis.ManagedObjectChildAdditionsResourceSecurityTest</className>
          <testName>shouldFailCreateAsOwnerOfParentOnly</testName>
          <skipped>false</skipped>
          <failedSince>0</failedSince>
        </case>
        <case>
          <duration>0.012</duration>
          <className>com.cumulocity.inventory.rest.resources.childapis.ManagedObjectChildAdditionsResourceSecurityTest</className>
          <testName>shouldFailCreateAsOwnerOfChildOnly</testName>
          <skipped>false</skipped>
          <failedSince>0</failedSince>
        </case>
        <case>
          <duration>0.012</duration>
          <className>com.cumulocity.inventory.rest.resources.childapis.ManagedObjectChildAdditionsResourceSecurityTest</className>
          <testName>shouldCreateAdditionWhenHasDevicePermissionForParentAndChild</testName>
          <skipped>false</skipped>
          <failedSince>0</failedSince>
        </case>
        <case>
          <duration>0.012</duration>
          <className>com.cumulocity.inventory.rest.resources.childapis.ManagedObjectChildAdditionsResourceSecurityTest</className>
          <testName>shouldFailCreateAdditionWhenHasDevicePermissionForParentOnly</testName>
          <skipped>false</skipped>
          <failedSince>0</failedSince>
        </case>
      </cases>
    </suite>
    <suite>
      <file>/var/jenkins_home/workspace/Cumulocity-Platform-Services-BUILD/inventory-management/inventory-management-rest-osgi/target/surefire-reports/TEST-com.cumulocity.inventory.rest.resources.childapis.ManagedObjectChildAssetResourceSecurityTest.xml</file>
      <name>com.cumulocity.inventory.rest.resources.childapis.ManagedObjectChildAssetResourceSecurityTest</name>
      <duration>0.079</duration>
      <time>0.079</time>
      <enclosingBlocks/>
      <enclosingBlockNames/>
      <cases>
        <case>
          <duration>0.015</duration>
          <className>com.cumulocity.inventory.rest.resources.childapis.ManagedObjectChildAssetResourceSecurityTest</className>
          <testName>shouldDeleteFailWithAccessDeniedException</testName>
          <skipped>false</skipped>
          <failedSince>0</failedSince>
        </case>
        <case>
          <duration>0.012</duration>
          <className>com.cumulocity.inventory.rest.resources.childapis.ManagedObjectChildAssetResourceSecurityTest</className>
          <testName>shouldDeleteAsOwner</testName>
          <skipped>false</skipped>
          <failedSince>0</failedSince>
        </case>
        <case>
          <duration>0.012</duration>
          <className>com.cumulocity.inventory.rest.resources.childapis.ManagedObjectChildAssetResourceSecurityTest</className>
          <testName>shouldDeleteAssetWhenHasDevicePermission</testName>
          <skipped>false</skipped>
          <failedSince>0</failedSince>
        </case>
        <case>
          <duration>0.011</duration>
          <className>com.cumulocity.inventory.rest.resources.childapis.ManagedObjectChildAssetResourceSecurityTest</className>
          <testName>shouldFailDeleteAssetWhenHasNoDevicePermission</testName>
          <skipped>false</skipped>
          <failedSince>0</failedSince>
        </case>
        <case>
          <duration>0.011</duration>
          <className>com.cumulocity.inventory.rest.resources.childapis.ManagedObjectChildAssetResourceSecurityTest</className>
          <testName>shouldReadAssetWhenHasDevicePermission</testName>
          <skipped>false</skipped>
          <failedSince>0</failedSince>
        </case>
        <case>
          <duration>0.011</duration>
          <className>com.cumulocity.inventory.rest.resources.childapis.ManagedObjectChildAssetResourceSecurityTest</className>
          <testName>shouldFailReadAssetWhenHasNoDevicePermission</testName>
          <skipped>false</skipped>
          <failedSince>0</failedSince>
        </case>
      </cases>
    </suite>
    <suite>
      <file>/var/jenkins_home/workspace/Cumulocity-Platform-Services-BUILD/inventory-management/inventory-management-rest-osgi/target/surefire-reports/TEST-com.cumulocity.inventory.rest.resources.childapis.ManagedObjectChildAssetsResourceSecurityTest.xml</file>
      <name>com.cumulocity.inventory.rest.resources.childapis.ManagedObjectChildAssetsResourceSecurityTest</name>
      <duration>0.104</duration>
      <time>0.104</time>
      <enclosingBlocks/>
      <enclosingBlockNames/>
      <cases>
        <case>
          <duration>0.016</duration>
          <className>com.cumulocity.inventory.rest.resources.childapis.ManagedObjectChildAssetsResourceSecurityTest</className>
          <testName>shouldFailWithAccessDeniedException</testName>
          <skipped>false</skipped>
          <failedSince>0</failedSince>
        </case>
        <case>
          <duration>0.012</duration>
          <className>com.cumulocity.inventory.rest.resources.childapis.ManagedObjectChildAssetsResourceSecurityTest</className>
          <testName>shouldCreateAsOwnerOfParentAndChild</testName>
          <skipped>false</skipped>
          <failedSince>0</failedSince>
        </case>
        <case>
          <duration>0.012</duration>
          <className>com.cumulocity.inventory.rest.resources.childapis.ManagedObjectChildAssetsResourceSecurityTest</className>
          <testName>shouldCreateAsOwnerOfParentAndChildWhenIdInSelf</testName>
          <skipped>false</skipped>
          <failedSince>0</failedSince>
        </case>
        <case>
          <duration>0.011</duration>
          <className>com.cumulocity.inventory.rest.resources.childapis.ManagedObjectChildAssetsResourceSecurityTest</className>
          <testName>shouldFailWhenNoChildId</testName>
          <skipped>false</skipped>
          <failedSince>0</failedSince>
        </case>
        <case>
          <duration>0.011</duration>
          <className>com.cumulocity.inventory.rest.resources.childapis.ManagedObjectChildAssetsResourceSecurityTest</className>
          <testName>shouldFailCreateAsOwnerOfParentOnly</testName>
          <skipped>false</skipped>
          <failedSince>0</failedSince>
        </case>
        <case>
          <duration>0.011</duration>
          <className>com.cumulocity.inventory.rest.resources.childapis.ManagedObjectChildAssetsResourceSecurityTest</className>
          <testName>shouldFailCreateAsOwnerOfChildOnly</testName>
          <skipped>false</skipped>
          <failedSince>0</failedSince>
        </case>
        <case>
          <duration>0.012</duration>
          <className>com.cumulocity.inventory.rest.resources.childapis.ManagedObjectChildAssetsResourceSecurityTest</className>
          <testName>shouldCreateAssetWhenHasDevicePermissionForParentAndChild</testName>
          <skipped>false</skipped>
          <failedSince>0</failedSince>
        </case>
        <case>
          <duration>0.011</duration>
          <className>com.cumulocity.inventory.rest.resources.childapis.ManagedObjectChildAssetsResourceSecurityTest</className>
          <testName>shouldFailCreateAssetWhenHasDevicePermissionForParentOnly</testName>
          <skipped>false</skipped>
          <failedSince>0</failedSince>
        </case>
      </cases>
    </suite>
    <suite>
      <file>/var/jenkins_home/workspace/Cumulocity-Platform-Services-BUILD/inventory-management/inventory-management-rest-osgi/target/surefire-reports/TEST-com.cumulocity.inventory.rest.resources.childapis.ManagedObjectChildDeviceResourceSecurityTest.xml</file>
      <name>com.cumulocity.inventory.rest.resources.childapis.ManagedObjectChildDeviceResourceSecurityTest</name>
      <duration>0.08</duration>
      <time>0.08</time>
      <enclosingBlocks/>
      <enclosingBlockNames/>
      <cases>
        <case>
          <duration>0.015</duration>
          <className>com.cumulocity.inventory.rest.resources.childapis.ManagedObjectChildDeviceResourceSecurityTest</className>
          <testName>shouldDeleteFailWithAccessDeniedException</testName>
          <skipped>false</skipped>
          <failedSince>0</failedSince>
        </case>
        <case>
          <duration>0.012</duration>
          <className>com.cumulocity.inventory.rest.resources.childapis.ManagedObjectChildDeviceResourceSecurityTest</className>
          <testName>shouldDeleteChildWhenHasDevicePermission</testName>
          <skipped>false</skipped>
          <failedSince>0</failedSince>
        </case>
        <case>
          <duration>0.011</duration>
          <className>com.cumulocity.inventory.rest.resources.childapis.ManagedObjectChildDeviceResourceSecurityTest</className>
          <testName>shouldFailDeleteChildWhenHasNoDevicePermission</testName>
          <skipped>false</skipped>
          <failedSince>0</failedSince>
        </case>
        <case>
          <duration>0.011</duration>
          <className>com.cumulocity.inventory.rest.resources.childapis.ManagedObjectChildDeviceResourceSecurityTest</className>
          <testName>shouldReadChildWhenHasDevicePermission</testName>
          <skipped>false</skipped>
          <failedSince>0</failedSince>
        </case>
        <case>
          <duration>0.011</duration>
          <className>com.cumulocity.inventory.rest.resources.childapis.ManagedObjectChildDeviceResourceSecurityTest</className>
          <testName>shouldFailReadChildWhenHasNoDevicePermission</testName>
          <skipped>false</skipped>
          <failedSince>0</failedSince>
        </case>
        <case>
          <duration>0.011</duration>
          <className>com.cumulocity.inventory.rest.resources.childapis.ManagedObjectChildDeviceResourceSecurityTest</className>
          <testName>shouldDeleteWithOwnerPermission</testName>
          <skipped>false</skipped>
          <failedSince>0</failedSince>
        </case>
      </cases>
    </suite>
    <suite>
      <file>/var/jenkins_home/workspace/Cumulocity-Platform-Services-BUILD/inventory-management/inventory-management-rest-osgi/target/surefire-reports/TEST-com.cumulocity.inventory.rest.resources.childapis.ManagedObjectChildDevicesMqttJsonRequestHandlerTest.xml</file>
      <name>com.cumulocity.inventory.rest.resources.childapis.ManagedObjectChildDevicesMqttJsonRequestHandlerTest</name>
      <duration>0.001</duration>
      <time>0.001</time>
      <enclosingBlocks/>
      <enclosingBlockNames/>
      <cases>
        <case>
          <duration>0.001</duration>
          <className>com.cumulocity.inventory.rest.resources.childapis.ManagedObjectChildDevicesMqttJsonRequestHandlerTest</className>
          <testName>shouldAttachChildDevice</testName>
          <skipped>false</skipped>
          <failedSince>0</failedSince>
        </case>
      </cases>
    </suite>
    <suite>
      <file>/var/jenkins_home/workspace/Cumulocity-Platform-Services-BUILD/inventory-management/inventory-management-rest-osgi/target/surefire-reports/TEST-com.cumulocity.inventory.rest.resources.childapis.ManagedObjectChildDevicesResourceSecurityTest.xml</file>
      <name>com.cumulocity.inventory.rest.resources.childapis.ManagedObjectChildDevicesResourceSecurityTest</name>
      <duration>0.116</duration>
      <time>0.116</time>
      <enclosingBlocks/>
      <enclosingBlockNames/>
      <cases>
        <case>
          <duration>0.015</duration>
          <className>com.cumulocity.inventory.rest.resources.childapis.ManagedObjectChildDevicesResourceSecurityTest</className>
          <testName>shouldCreateAsOwnerOfParentAndChild</testName>
          <skipped>false</skipped>
          <failedSince>0</failedSince>
        </case>
        <case>
          <duration>0.012</duration>
          <className>com.cumulocity.inventory.rest.resources.childapis.ManagedObjectChildDevicesResourceSecurityTest</className>
          <testName>shouldCreateAsOwnerOfParentAndChildWhenIdInSelf</testName>
          <skipped>false</skipped>
          <failedSince>0</failedSince>
        </case>
        <case>
          <duration>0.012</duration>
          <className>com.cumulocity.inventory.rest.resources.childapis.ManagedObjectChildDevicesResourceSecurityTest</className>
          <testName>shouldFailWhenNoChildId</testName>
          <skipped>false</skipped>
          <failedSince>0</failedSince>
        </case>
        <case>
          <duration>0.012</duration>
          <className>com.cumulocity.inventory.rest.resources.childapis.ManagedObjectChildDevicesResourceSecurityTest</className>
          <testName>shouldFailCreateAsOwnerOfParentOnly</testName>
          <skipped>false</skipped>
          <failedSince>0</failedSince>
        </case>
        <case>
          <duration>0.011</duration>
          <className>com.cumulocity.inventory.rest.resources.childapis.ManagedObjectChildDevicesResourceSecurityTest</className>
          <testName>shouldFailCreateAsOwnerOfChildOnly</testName>
          <skipped>false</skipped>
          <failedSince>0</failedSince>
        </case>
        <case>
          <duration>0.011</duration>
          <className>com.cumulocity.inventory.rest.resources.childapis.ManagedObjectChildDevicesResourceSecurityTest</className>
          <testName>shouldCreateFailWithAccessDeniedException</testName>
          <skipped>false</skipped>
          <failedSince>0</failedSince>
        </case>
        <case>
          <duration>0.012</duration>
          <className>com.cumulocity.inventory.rest.resources.childapis.ManagedObjectChildDevicesResourceSecurityTest</className>
          <testName>shouldCreateChildWhenHasDevicePermissionForChildAndParent</testName>
          <skipped>false</skipped>
          <failedSince>0</failedSince>
        </case>
        <case>
          <duration>0.011</duration>
          <className>com.cumulocity.inventory.rest.resources.childapis.ManagedObjectChildDevicesResourceSecurityTest</className>
          <testName>shouldCreateChildWhenHasDevicePermissionForChild</testName>
          <skipped>false</skipped>
          <failedSince>0</failedSince>
        </case>
        <case>
          <duration>0.011</duration>
          <className>com.cumulocity.inventory.rest.resources.childapis.ManagedObjectChildDevicesResourceSecurityTest</className>
          <testName>shouldCreateChildWhenHasDevicePermissionForParent</testName>
          <skipped>false</skipped>
          <failedSince>0</failedSince>
        </case>
      </cases>
    </suite>
    <suite>
      <file>/var/jenkins_home/workspace/Cumulocity-Platform-Services-BUILD/inventory-management/inventory-management-rest-osgi/target/surefire-reports/TEST-com.cumulocity.inventory.rest.resources.childapis.ManagedObjectReferenceCollectionResourceModuleTest.xml</file>
      <name>com.cumulocity.inventory.rest.resources.childapis.ManagedObjectReferenceCollectionResourceModuleTest</name>
      <duration>0.697</duration>
      <time>0.697</time>
      <enclosingBlocks/>
      <enclosingBlockNames/>
      <cases>
        <case>
          <duration>0.114</duration>
          <className>com.cumulocity.inventory.rest.resources.childapis.ManagedObjectReferenceCollectionResourceModuleTest</className>
          <testName>shouldGetCollectionOfChildDevices</testName>
          <skipped>false</skipped>
          <failedSince>0</failedSince>
        </case>
        <case>
          <duration>0.103</duration>
          <className>com.cumulocity.inventory.rest.resources.childapis.ManagedObjectReferenceCollectionResourceModuleTest</className>
          <testName>shouldGetCollectionOfChildAssets</testName>
          <skipped>false</skipped>
          <failedSince>0</failedSince>
        </case>
        <case>
          <duration>0.079</duration>
          <className>com.cumulocity.inventory.rest.resources.childapis.ManagedObjectReferenceCollectionResourceModuleTest</className>
          <testName>postChildDevicesShouldhaveCorrectResponse</testName>
          <skipped>false</skipped>
          <failedSince>0</failedSince>
        </case>
        <case>
          <duration>0.078</duration>
          <className>com.cumulocity.inventory.rest.resources.childapis.ManagedObjectReferenceCollectionResourceModuleTest</className>
          <testName>postChildAssetsShouldhaveCorrectResponse</testName>
          <skipped>false</skipped>
          <failedSince>0</failedSince>
        </case>
        <case>
          <duration>0.042</duration>
          <className>com.cumulocity.inventory.rest.resources.childapis.ManagedObjectReferenceCollectionResourceModuleTest</className>
          <testName>shouldReturnErrorWhenPostingWithoutChildIdOrSelfUrl</testName>
          <skipped>false</skipped>
          <failedSince>0</failedSince>
        </case>
        <case>
          <duration>0.042</duration>
          <className>com.cumulocity.inventory.rest.resources.childapis.ManagedObjectReferenceCollectionResourceModuleTest</className>
          <testName>shouldReturnErrorWhenPostingWithoutAssetIdOrSelfUrl</testName>
          <skipped>false</skipped>
          <failedSince>0</failedSince>
        </case>
        <case>
          <duration>0.08</duration>
          <className>com.cumulocity.inventory.rest.resources.childapis.ManagedObjectReferenceCollectionResourceModuleTest</className>
          <testName>postChildAdditionsShouldhaveCorrectResponse</testName>
          <skipped>false</skipped>
          <failedSince>0</failedSince>
        </case>
        <case>
          <duration>0.105</duration>
          <className>com.cumulocity.inventory.rest.resources.childapis.ManagedObjectReferenceCollectionResourceModuleTest</className>
          <testName>shouldGetCollectionOfChildAdditions</testName>
          <skipped>false</skipped>
          <failedSince>0</failedSince>
        </case>
        <case>
          <duration>0.043</duration>
          <className>com.cumulocity.inventory.rest.resources.childapis.ManagedObjectReferenceCollectionResourceModuleTest</className>
          <testName>shouldReturnErrorWhenPostingWithoutAdditionIdOrSelfUrl</testName>
          <skipped>false</skipped>
          <failedSince>0</failedSince>
        </case>
      </cases>
    </suite>
    <suite>
      <file>/var/jenkins_home/workspace/Cumulocity-Platform-Services-BUILD/inventory-management/inventory-management-rest-osgi/target/surefire-reports/TEST-com.cumulocity.inventory.rest.resources.childapis.ManagedObjectsReferenceResourceModuleTest.xml</file>
      <name>com.cumulocity.inventory.rest.resources.childapis.ManagedObjectsReferenceResourceModuleTest</name>
      <duration>0.399</duration>
      <time>0.399</time>
      <enclosingBlocks/>
      <enclosingBlockNames/>
      <cases>
        <case>
          <duration>0.077</duration>
          <className>com.cumulocity.inventory.rest.resources.childapis.ManagedObjectsReferenceResourceModuleTest</className>
          <testName>shouldReturnCorrectChildDeviceReference</testName>
          <skipped>false</skipped>
          <failedSince>0</failedSince>
        </case>
        <case>
          <duration>0.075</duration>
          <className>com.cumulocity.inventory.rest.resources.childapis.ManagedObjectsReferenceResourceModuleTest</className>
          <testName>shouldReturnCorrectChildAssetReference</testName>
          <skipped>false</skipped>
          <failedSince>0</failedSince>
        </case>
        <case>
          <duration>0.05</duration>
          <className>com.cumulocity.inventory.rest.resources.childapis.ManagedObjectsReferenceResourceModuleTest</className>
          <testName>shouldReturn404WhenParentNotFound</testName>
          <skipped>false</skipped>
          <failedSince>0</failedSince>
        </case>
        <case>
          <duration>0.039</duration>
          <className>com.cumulocity.inventory.rest.resources.childapis.ManagedObjectsReferenceResourceModuleTest</className>
          <testName>shouldReturn404WhenChildIsNotAChild</testName>
          <skipped>false</skipped>
          <failedSince>0</failedSince>
        </case>
        <case>
          <duration>0.025</duration>
          <className>com.cumulocity.inventory.rest.resources.childapis.ManagedObjectsReferenceResourceModuleTest</className>
          <testName>shouldDeleteChildDeviceReference</testName>
          <skipped>false</skipped>
          <failedSince>0</failedSince>
        </case>
        <case>
          <duration>0.025</duration>
          <className>com.cumulocity.inventory.rest.resources.childapis.ManagedObjectsReferenceResourceModuleTest</className>
          <testName>shouldDeleteChildAssetReference</testName>
          <skipped>false</skipped>
          <failedSince>0</failedSince>
        </case>
        <case>
          <duration>0.075</duration>
          <className>com.cumulocity.inventory.rest.resources.childapis.ManagedObjectsReferenceResourceModuleTest</className>
          <testName>shouldReturnCorrectChildAdditionReference</testName>
          <skipped>false</skipped>
          <failedSince>0</failedSince>
        </case>
        <case>
          <duration>0.024</duration>
          <className>com.cumulocity.inventory.rest.resources.childapis.ManagedObjectsReferenceResourceModuleTest</className>
          <testName>shouldDeleteChildAdditionReference</testName>
          <skipped>false</skipped>
          <failedSince>0</failedSince>
        </case>
      </cases>
    </suite>
    <suite>
      <file>/var/jenkins_home/workspace/Cumulocity-Platform-Services-BUILD/inventory-management/inventory-management-service/target/surefire-reports/TEST-com.cumulocity.inventorysvc.AvailabilityFragmentHelperTest.xml</file>
      <name>com.cumulocity.inventorysvc.AvailabilityFragmentHelperTest</name>
      <duration>0.0</duration>
      <time>0</time>
      <enclosingBlocks/>
      <enclosingBlockNames/>
      <cases>
        <case>
          <duration>0.0</duration>
          <className>com.cumulocity.inventorysvc.AvailabilityFragmentHelperTest</className>
          <testName>shouldParseAvailabilityFragment</testName>
          <skipped>false</skipped>
          <failedSince>0</failedSince>
        </case>
        <case>
          <duration>0.0</duration>
          <className>com.cumulocity.inventorysvc.AvailabilityFragmentHelperTest</className>
          <testName>shouldParseRequiredAvailabilityFragment</testName>
          <skipped>false</skipped>
          <failedSince>0</failedSince>
        </case>
        <case>
          <duration>0.0</duration>
          <className>com.cumulocity.inventorysvc.AvailabilityFragmentHelperTest</className>
          <testName>shouldSetValues</testName>
          <skipped>false</skipped>
          <failedSince>0</failedSince>
        </case>
      </cases>
    </suite>
    <suite>
      <file>/var/jenkins_home/workspace/Cumulocity-Platform-Services-BUILD/inventory-management/inventory-management-service/target/surefire-reports/TEST-com.cumulocity.inventorysvc.availability.AvailabilityIntegrationTest.xml</file>
      <name>com.cumulocity.inventorysvc.availability.AvailabilityIntegrationTest</name>
      <duration>3.932</duration>
      <time>3.932</time>
      <enclosingBlocks/>
      <enclosingBlockNames/>
      <cases>
        <case>
          <duration>0.131</duration>
          <className>com.cumulocity.inventorysvc.availability.AvailabilityIntegrationTest</className>
          <testName>shouldDetectUnavailableDevicesAndSendAlarms</testName>
          <skipped>false</skipped>
          <failedSince>0</failedSince>
        </case>
        <case>
          <duration>0.186</duration>
          <className>com.cumulocity.inventorysvc.availability.AvailabilityIntegrationTest</className>
          <testName>shouldPersistManagedObjectsByMonitorButThatGivingActivityInLastMinuteOnly</testName>
          <skipped>false</skipped>
          <failedSince>0</failedSince>
        </case>
        <case>
          <duration>0.149</duration>
          <className>com.cumulocity.inventorysvc.availability.AvailabilityIntegrationTest</className>
          <testName>onHeartBeatShouldNotUpdateStatus</testName>
          <skipped>false</skipped>
          <failedSince>0</failedSince>
        </case>
        <case>
          <duration>0.238</duration>
          <className>com.cumulocity.inventorysvc.availability.AvailabilityIntegrationTest</className>
          <testName>shouldNotTreatDeviceAsActiveIfHasLongPullConnectionAssociated</testName>
          <skipped>false</skipped>
          <failedSince>0</failedSince>
        </case>
        <case>
          <duration>0.296</duration>
          <className>com.cumulocity.inventorysvc.availability.AvailabilityIntegrationTest</className>
          <testName>shouldMonitorJustCreatedMonitorableDevice</testName>
          <skipped>false</skipped>
          <failedSince>0</failedSince>
        </case>
        <case>
          <duration>0.155</duration>
          <className>com.cumulocity.inventorysvc.availability.AvailabilityIntegrationTest</className>
          <testName>shouldWorkFineEvenIfDeleteDeviceWhileSchedulerIsWorking</testName>
          <skipped>false</skipped>
          <failedSince>0</failedSince>
        </case>
        <case>
          <duration>0.0</duration>
          <className>com.cumulocity.inventorysvc.availability.AvailabilityIntegrationTest</className>
          <testName>shouldFrozeAndUnfrozeTheSameState</testName>
          <skipped>true</skipped>
          <failedSince>0</failedSince>
        </case>
        <case>
          <duration>0.28</duration>
          <className>com.cumulocity.inventorysvc.availability.AvailabilityIntegrationTest</className>
          <testName>shouldNotUpdateMOIfLastMessageInDbIsLater</testName>
          <skipped>false</skipped>
          <failedSince>0</failedSince>
        </case>
        <case>
          <duration>0.208</duration>
          <className>com.cumulocity.inventorysvc.availability.AvailabilityIntegrationTest</className>
          <testName>shouldNotUpdateMOIfIntervalChangedInDB</testName>
          <skipped>false</skipped>
          <failedSince>0</failedSince>
        </case>
        <case>
          <duration>0.228</duration>
          <className>com.cumulocity.inventorysvc.availability.AvailabilityIntegrationTest</className>
          <testName>shouldReactOnPing</testName>
          <skipped>false</skipped>
          <failedSince>0</failedSince>
        </case>
        <case>
          <duration>0.2</duration>
          <className>com.cumulocity.inventorysvc.availability.AvailabilityIntegrationTest</className>
          <testName>shouldUpdateAvailabilityToConnectWhenDeviceUnavailableAndHasActiveConnection</testName>
          <skipped>false</skipped>
          <failedSince>0</failedSince>
        </case>
        <case>
          <duration>0.202</duration>
          <className>com.cumulocity.inventorysvc.availability.AvailabilityIntegrationTest</className>
          <testName>shouldDoNotTransitFromConnectedToAvailable</testName>
          <skipped>false</skipped>
          <failedSince>0</failedSince>
        </case>
        <case>
          <duration>0.197</duration>
          <className>com.cumulocity.inventorysvc.availability.AvailabilityIntegrationTest</className>
          <testName>shouldSwitchToMainTenanceModeWhenResponseIntervalSetToNegative</testName>
          <skipped>false</skipped>
          <failedSince>0</failedSince>
        </case>
        <case>
          <duration>0.176</duration>
          <className>com.cumulocity.inventorysvc.availability.AvailabilityIntegrationTest</className>
          <testName>shouldDisableAvailabilityWhenResponseIntervalSetToZero</testName>
          <skipped>false</skipped>
          <failedSince>0</failedSince>
        </case>
        <case>
          <duration>0.171</duration>
          <className>com.cumulocity.inventorysvc.availability.AvailabilityIntegrationTest</className>
          <testName>shouldRemoveAvailabilityFragmentWhenNoResponseInterval</testName>
          <skipped>false</skipped>
          <failedSince>0</failedSince>
        </case>
        <case>
          <duration>0.266</duration>
          <className>com.cumulocity.inventorysvc.availability.AvailabilityIntegrationTest</className>
          <testName>shouldTransitFromMaintenanceModeToAvailable</testName>
          <skipped>false</skipped>
          <failedSince>0</failedSince>
        </case>
        <case>
          <duration>0.175</duration>
          <className>com.cumulocity.inventorysvc.availability.AvailabilityIntegrationTest</className>
          <testName>shouldNotChangeAvailabilityWhenInMaintenanceMode</testName>
          <skipped>false</skipped>
          <failedSince>0</failedSince>
        </case>
        <case>
          <duration>0.193</duration>
          <className>com.cumulocity.inventorysvc.availability.AvailabilityIntegrationTest</className>
          <testName>shouldNotChangeAvailabilityWhenInMaintenanceModeWithActiveConnection</testName>
          <skipped>false</skipped>
          <failedSince>0</failedSince>
        </case>
        <case>
          <duration>0.166</duration>
          <className>com.cumulocity.inventorysvc.availability.AvailabilityIntegrationTest</className>
          <testName>shouldNotTransitFromMaintenanceModeOnHeartBeat</testName>
          <skipped>false</skipped>
          <failedSince>0</failedSince>
        </case>
        <case>
          <duration>0.149</duration>
          <className>com.cumulocity.inventorysvc.availability.AvailabilityIntegrationTest</className>
          <testName>shouldUpdateOnlyIntervalWhenRequestFromApplication</testName>
          <skipped>false</skipped>
          <failedSince>0</failedSince>
        </case>
        <case>
          <duration>0.153</duration>
          <className>com.cumulocity.inventorysvc.availability.AvailabilityIntegrationTest</className>
          <testName>shouldFetchDeviceFromDbIfNotCachedForAvailability</testName>
          <skipped>false</skipped>
          <failedSince>0</failedSince>
        </case>
      </cases>
    </suite>
    <suite>
      <file>/var/jenkins_home/workspace/Cumulocity-Platform-Services-BUILD/inventory-management/inventory-management-service/target/surefire-reports/TEST-com.cumulocity.inventorysvc.availability.HeartBeatAspectTest.xml</file>
      <name>com.cumulocity.inventorysvc.availability.HeartBeatAspectTest</name>
      <duration>0.145</duration>
      <time>0.145</time>
      <enclosingBlocks/>
      <enclosingBlockNames/>
      <cases>
        <case>
          <duration>0.136</duration>
          <className>com.cumulocity.inventorysvc.availability.HeartBeatAspectTest</className>
          <testName>shouldTouchAvailabilityOnCreateAlarm</testName>
          <skipped>false</skipped>
          <failedSince>0</failedSince>
        </case>
        <case>
          <duration>0.003</duration>
          <className>com.cumulocity.inventorysvc.availability.HeartBeatAspectTest</className>
          <testName>shouldNotTouchAvailabilityOnNotCreateAlarm</testName>
          <skipped>false</skipped>
          <failedSince>0</failedSince>
        </case>
      </cases>
    </suite>
    <suite>
      <file>/var/jenkins_home/workspace/Cumulocity-Platform-Services-BUILD/inventory-management/inventory-management-service/target/surefire-reports/TEST-com.cumulocity.inventorysvc.availability.ManagedObjectAvailabilitiesTest.xml</file>
      <name>com.cumulocity.inventorysvc.availability.ManagedObjectAvailabilitiesTest</name>
      <duration>0.0</duration>
      <time>0</time>
      <enclosingBlocks/>
      <enclosingBlockNames/>
      <cases>
        <case>
          <duration>0.0</duration>
          <className>com.cumulocity.inventorysvc.availability.ManagedObjectAvailabilitiesTest</className>
          <testName>shouldReturnTrueWhenExceededLastMessageInterval</testName>
          <skipped>false</skipped>
          <failedSince>0</failedSince>
        </case>
        <case>
          <duration>0.0</duration>
          <className>com.cumulocity.inventorysvc.availability.ManagedObjectAvailabilitiesTest</className>
          <testName>shouldReturnFalseWhenDeviceIsStillActive</testName>
          <skipped>false</skipped>
          <failedSince>0</failedSince>
        </case>
      </cases>
    </suite>
    <suite>
      <file>/var/jenkins_home/workspace/Cumulocity-Platform-Services-BUILD/inventory-management/inventory-management-service/target/surefire-reports/TEST-com.cumulocity.inventorysvc.availability.ManagedObjectAvailabilityTest.xml</file>
      <name>com.cumulocity.inventorysvc.availability.ManagedObjectAvailabilityTest</name>
      <duration>0.0</duration>
      <time>0</time>
      <enclosingBlocks/>
      <enclosingBlockNames/>
      <cases>
        <case>
          <duration>0.0</duration>
          <className>com.cumulocity.inventorysvc.availability.ManagedObjectAvailabilityTest</className>
          <testName>shouldNotRequireUpdateIfLastMessageFromDbIsLater</testName>
          <skipped>false</skipped>
          <failedSince>0</failedSince>
        </case>
        <case>
          <duration>0.0</duration>
          <className>com.cumulocity.inventorysvc.availability.ManagedObjectAvailabilityTest</className>
          <testName>shouldNotRequireUpdateIfStatusIsTheSame</testName>
          <skipped>false</skipped>
          <failedSince>0</failedSince>
        </case>
        <case>
          <duration>0.0</duration>
          <className>com.cumulocity.inventorysvc.availability.ManagedObjectAvailabilityTest</className>
          <testName>shouldUpdateConnectionStatusIfChanged</testName>
          <skipped>false</skipped>
          <failedSince>0</failedSince>
        </case>
        <case>
          <duration>0.0</duration>
          <className>com.cumulocity.inventorysvc.availability.ManagedObjectAvailabilityTest</className>
          <testName>shouldUpdateIfIntervalIsSame</testName>
          <skipped>false</skipped>
          <failedSince>0</failedSince>
        </case>
      </cases>
    </suite>
    <suite>
      <file>/var/jenkins_home/workspace/Cumulocity-Platform-Services-BUILD/inventory-management/inventory-management-service/target/surefire-reports/TEST-com.cumulocity.inventorysvc.impl.AssetGroupFinderTest.xml</file>
      <name>com.cumulocity.inventorysvc.impl.AssetGroupFinderTest</name>
      <duration>0.0</duration>
      <time>0</time>
      <enclosingBlocks/>
      <enclosingBlockNames/>
      <cases>
        <case>
          <duration>0.0</duration>
          <className>com.cumulocity.inventorysvc.impl.AssetGroupFinderTest</className>
          <testName>shouldSetAssetParents</testName>
          <skipped>false</skipped>
          <failedSince>0</failedSince>
        </case>
      </cases>
    </suite>
    <suite>
      <file>/var/jenkins_home/workspace/Cumulocity-Platform-Services-BUILD/inventory-management/inventory-management-service/target/surefire-reports/TEST-com.cumulocity.inventorysvc.impl.AttachmentManagementServiceImplTest.xml</file>
      <name>com.cumulocity.inventorysvc.impl.AttachmentManagementServiceImplTest</name>
      <duration>0.0</duration>
      <time>0</time>
      <enclosingBlocks/>
      <enclosingBlockNames/>
      <cases>
        <case>
          <duration>0.0</duration>
          <className>com.cumulocity.inventorysvc.impl.AttachmentManagementServiceImplTest</className>
          <testName>shouldSuccessfullyGetAttachment</testName>
          <skipped>false</skipped>
          <failedSince>0</failedSince>
        </case>
        <case>
          <duration>0.0</duration>
          <className>com.cumulocity.inventorysvc.impl.AttachmentManagementServiceImplTest</className>
          <testName>shouldCorrectCreateAttachment</testName>
          <skipped>false</skipped>
          <failedSince>0</failedSince>
        </case>
        <case>
          <duration>0.0</duration>
          <className>com.cumulocity.inventorysvc.impl.AttachmentManagementServiceImplTest</className>
          <testName>shouldCreateAttachmentWithFragments</testName>
          <skipped>false</skipped>
          <failedSince>0</failedSince>
        </case>
        <case>
          <duration>0.0</duration>
          <className>com.cumulocity.inventorysvc.impl.AttachmentManagementServiceImplTest</className>
          <testName>shouldFindByIdCorrectMO</testName>
          <skipped>false</skipped>
          <failedSince>0</failedSince>
        </case>
        <case>
          <duration>0.0</duration>
          <className>com.cumulocity.inventorysvc.impl.AttachmentManagementServiceImplTest</className>
          <testName>shouldDelete</testName>
          <skipped>false</skipped>
          <failedSince>0</failedSince>
        </case>
        <case>
          <duration>0.0</duration>
          <className>com.cumulocity.inventorysvc.impl.AttachmentManagementServiceImplTest</className>
          <testName>shouldCorrectlyAttachAttachment</testName>
          <skipped>false</skipped>
          <failedSince>0</failedSince>
        </case>
        <case>
          <duration>0.0</duration>
          <className>com.cumulocity.inventorysvc.impl.AttachmentManagementServiceImplTest</className>
          <testName>shouldNotAttachAttachmentWhenAlreadyPresent</testName>
          <skipped>false</skipped>
          <failedSince>0</failedSince>
        </case>
      </cases>
    </suite>
    <suite>
      <file>/var/jenkins_home/workspace/Cumulocity-Platform-Services-BUILD/inventory-management/inventory-management-service/target/surefire-reports/TEST-com.cumulocity.inventorysvc.impl.ChildrenRemoverTest.xml</file>
      <name>com.cumulocity.inventorysvc.impl.ChildrenRemoverTest</name>
      <duration>0.002</duration>
      <time>0.002</time>
      <enclosingBlocks/>
      <enclosingBlockNames/>
      <cases>
        <case>
          <duration>0.001</duration>
          <className>com.cumulocity.inventorysvc.impl.ChildrenRemoverTest</className>
          <testName>shouldDeleteAllChildrenOfDevice</testName>
          <skipped>false</skipped>
          <failedSince>0</failedSince>
        </case>
        <case>
          <duration>0.0</duration>
          <className>com.cumulocity.inventorysvc.impl.ChildrenRemoverTest</className>
          <testName>shouldDeleteAllChildrenOfGroupWhenCascade</testName>
          <skipped>false</skipped>
          <failedSince>0</failedSince>
        </case>
        <case>
          <duration>0.001</duration>
          <className>com.cumulocity.inventorysvc.impl.ChildrenRemoverTest</className>
          <testName>shouldDeleteSubgroupOfGroupWhenNotCascade</testName>
          <skipped>false</skipped>
          <failedSince>0</failedSince>
        </case>
        <case>
          <duration>0.0</duration>
          <className>com.cumulocity.inventorysvc.impl.ChildrenRemoverTest</className>
          <testName>shouldNotHangOnTheDevicesLoop</testName>
          <skipped>false</skipped>
          <failedSince>0</failedSince>
        </case>
        <case>
          <duration>0.0</duration>
          <className>com.cumulocity.inventorysvc.impl.ChildrenRemoverTest</className>
          <testName>shouldNotHangOnTheGroupsLoop</testName>
          <skipped>false</skipped>
          <failedSince>0</failedSince>
        </case>
      </cases>
    </suite>
    <suite>
      <file>/var/jenkins_home/workspace/Cumulocity-Platform-Services-BUILD/inventory-management/inventory-management-service/target/surefire-reports/TEST-com.cumulocity.inventorysvc.impl.InventoryManagementServiceAuditLogsIntegrationTest.xml</file>
      <name>com.cumulocity.inventorysvc.impl.InventoryManagementServiceAuditLogsIntegrationTest</name>
      <duration>0.71</duration>
      <time>0.71</time>
      <enclosingBlocks/>
      <enclosingBlockNames/>
      <cases>
        <case>
          <duration>0.471</duration>
          <className>com.cumulocity.inventorysvc.impl.InventoryManagementServiceAuditLogsIntegrationTest</className>
          <testName>shouldNotCreateAuditLogWheManagedObjectIsCreated</testName>
          <skipped>false</skipped>
          <failedSince>0</failedSince>
        </case>
        <case>
          <duration>0.005</duration>
          <className>com.cumulocity.inventorysvc.impl.InventoryManagementServiceAuditLogsIntegrationTest</className>
          <testName>shouldCreateAuditLogWhenSmartRuleIsCreatedDisabled</testName>
          <skipped>false</skipped>
          <failedSince>0</failedSince>
        </case>
        <case>
          <duration>0.006</duration>
          <className>com.cumulocity.inventorysvc.impl.InventoryManagementServiceAuditLogsIntegrationTest</className>
          <testName>shouldCreateAuditLogWhenPrivateSmartRuleIsCreatedDisabled</testName>
          <skipped>false</skipped>
          <failedSince>0</failedSince>
        </case>
        <case>
          <duration>0.006</duration>
          <className>com.cumulocity.inventorysvc.impl.InventoryManagementServiceAuditLogsIntegrationTest</className>
          <testName>shouldCreateAuditLogWhenSmartRuleIsCreatedEnabled</testName>
          <skipped>false</skipped>
          <failedSince>0</failedSince>
        </case>
        <case>
          <duration>0.006</duration>
          <className>com.cumulocity.inventorysvc.impl.InventoryManagementServiceAuditLogsIntegrationTest</className>
          <testName>shouldCreateAuditLogWhenPrivateSmartRuleIsCreatedEnabled</testName>
          <skipped>false</skipped>
          <failedSince>0</failedSince>
        </case>
        <case>
          <duration>0.057</duration>
          <className>com.cumulocity.inventorysvc.impl.InventoryManagementServiceAuditLogsIntegrationTest</className>
          <testName>shouldCreateAuditLogWhenSmartRuleIsEnabled</testName>
          <skipped>false</skipped>
          <failedSince>0</failedSince>
        </case>
        <case>
          <duration>0.064</duration>
          <className>com.cumulocity.inventorysvc.impl.InventoryManagementServiceAuditLogsIntegrationTest</className>
          <testName>shouldCreateAuditLogWhenSmartRuleIsUpdated</testName>
          <skipped>false</skipped>
          <failedSince>0</failedSince>
        </case>
        <case>
          <duration>0.053</duration>
          <className>com.cumulocity.inventorysvc.impl.InventoryManagementServiceAuditLogsIntegrationTest</className>
          <testName>shouldCreateAuditLogWhenSmartRuleIsDeleted</testName>
          <skipped>false</skipped>
          <failedSince>0</failedSince>
        </case>
        <case>
          <duration>0.033</duration>
          <className>com.cumulocity.inventorysvc.impl.InventoryManagementServiceAuditLogsIntegrationTest</className>
          <testName>shouldCreateAuditLogWhenDeviceIsDeleted</testName>
          <skipped>false</skipped>
          <failedSince>0</failedSince>
        </case>
      </cases>
    </suite>
    <suite>
      <file>/var/jenkins_home/workspace/Cumulocity-Platform-Services-BUILD/inventory-management/inventory-management-service/target/surefire-reports/TEST-com.cumulocity.inventorysvc.impl.InventoryServiceImplOwnerHandlingTest.xml</file>
      <name>com.cumulocity.inventorysvc.impl.InventoryServiceImplOwnerHandlingTest</name>
      <duration>0.353</duration>
      <time>0.353</time>
      <enclosingBlocks/>
      <enclosingBlockNames/>
      <cases>
        <case>
          <duration>0.288</duration>
          <className>com.cumulocity.inventorysvc.impl.InventoryServiceImplOwnerHandlingTest</className>
          <testName>shouldSetOwnerFromRequest</testName>
          <skipped>false</skipped>
          <failedSince>0</failedSince>
        </case>
        <case>
          <duration>0.003</duration>
          <className>com.cumulocity.inventorysvc.impl.InventoryServiceImplOwnerHandlingTest</className>
          <testName>shouldSetOwnerFromContext</testName>
          <skipped>false</skipped>
          <failedSince>0</failedSince>
        </case>
        <case>
          <duration>0.048</duration>
          <className>com.cumulocity.inventorysvc.impl.InventoryServiceImplOwnerHandlingTest</className>
          <testName>shouldOverrideOWner</testName>
          <skipped>false</skipped>
          <failedSince>0</failedSince>
        </case>
      </cases>
    </suite>
    <suite>
      <file>/var/jenkins_home/workspace/Cumulocity-Platform-Services-BUILD/inventory-management/inventory-management-service/target/surefire-reports/TEST-com.cumulocity.inventorysvc.impl.InventoryServiceImplTest.xml</file>
      <name>com.cumulocity.inventorysvc.impl.InventoryServiceImplTest</name>
      <duration>0.5</duration>
      <time>0.5</time>
      <enclosingBlocks/>
      <enclosingBlockNames/>
      <cases>
        <case>
          <duration>0.077</duration>
          <className>com.cumulocity.inventorysvc.impl.InventoryServiceImplTest</className>
          <testName>shouldFindAgentSelf</testName>
          <skipped>false</skipped>
          <failedSince>0</failedSince>
        </case>
        <case>
          <duration>0.008</duration>
          <className>com.cumulocity.inventorysvc.impl.InventoryServiceImplTest</className>
          <testName>shouldReturnNullOnNoAgent</testName>
          <skipped>false</skipped>
          <failedSince>0</failedSince>
        </case>
        <case>
          <duration>0.005</duration>
          <className>com.cumulocity.inventorysvc.impl.InventoryServiceImplTest</className>
          <testName>shouldReturnNullOnLoop</testName>
          <skipped>false</skipped>
          <failedSince>0</failedSince>
        </case>
        <case>
          <duration>0.011</duration>
          <className>com.cumulocity.inventorysvc.impl.InventoryServiceImplTest</className>
          <testName>shouldFillDeviceParents</testName>
          <skipped>false</skipped>
          <failedSince>0</failedSince>
        </case>
        <case>
          <duration>0.006</duration>
          <className>com.cumulocity.inventorysvc.impl.InventoryServiceImplTest</className>
          <testName>shouldFillAssetParents</testName>
          <skipped>false</skipped>
          <failedSince>0</failedSince>
        </case>
        <case>
          <duration>0.016</duration>
          <className>com.cumulocity.inventorysvc.impl.InventoryServiceImplTest</className>
          <testName>shouldNotProcessUpdateWhenObjectWithNoChanges</testName>
          <skipped>false</skipped>
          <failedSince>0</failedSince>
        </case>
        <case>
          <duration>0.016</duration>
          <className>com.cumulocity.inventorysvc.impl.InventoryServiceImplTest</className>
          <testName>shouldUpdateDeviceAvailabilityIfManagedObjectCreatedInDB</testName>
          <skipped>false</skipped>
          <failedSince>0</failedSince>
        </case>
        <case>
          <duration>0.005</duration>
          <className>com.cumulocity.inventorysvc.impl.InventoryServiceImplTest</className>
          <testName>shouldNotUpdateDeviceAvailabilityIfManagedObjectNotCreatedInDB</testName>
          <skipped>false</skipped>
          <failedSince>0</failedSince>
        </case>
        <case>
          <duration>0.006</duration>
          <className>com.cumulocity.inventorysvc.impl.InventoryServiceImplTest</className>
          <testName>shouldUpdateDeviceAvailabilityIfManagedObjectUpdatedInDB</testName>
          <skipped>false</skipped>
          <failedSince>0</failedSince>
        </case>
        <case>
          <duration>0.006</duration>
          <className>com.cumulocity.inventorysvc.impl.InventoryServiceImplTest</className>
          <testName>shouldNotUpdateDeviceAvailabilityIfManagedObjectNotUpdatedInDB</testName>
          <skipped>false</skipped>
          <failedSince>0</failedSince>
        </case>
        <case>
          <duration>0.008</duration>
          <className>com.cumulocity.inventorysvc.impl.InventoryServiceImplTest</className>
          <testName>shouldUpdateDeviceAvailabilityIfManagedObjectDeletedInDB</testName>
          <skipped>false</skipped>
          <failedSince>0</failedSince>
        </case>
        <case>
          <duration>0.005</duration>
          <className>com.cumulocity.inventorysvc.impl.InventoryServiceImplTest</className>
          <testName>shouldDeleteChildrenIfDeviceIsDeletedWithCascadeFlag</testName>
          <skipped>false</skipped>
          <failedSince>0</failedSince>
        </case>
        <case>
          <duration>0.005</duration>
          <className>com.cumulocity.inventorysvc.impl.InventoryServiceImplTest</className>
          <testName>shouldNotDeleteChildrenIfDeviceIsDeletedWithNoCascadeFlag</testName>
          <skipped>false</skipped>
          <failedSince>0</failedSince>
        </case>
        <case>
          <duration>0.005</duration>
          <className>com.cumulocity.inventorysvc.impl.InventoryServiceImplTest</className>
          <testName>shouldDeleteChildrenIfGroupIsDeletedWithCascadeFlag</testName>
          <skipped>false</skipped>
          <failedSince>0</failedSince>
        </case>
        <case>
          <duration>0.005</duration>
          <className>com.cumulocity.inventorysvc.impl.InventoryServiceImplTest</className>
          <testName>shouldDeleteChildrenIfGroupIsDeletedWithNoCascadeFlag</testName>
          <skipped>false</skipped>
          <failedSince>0</failedSince>
        </case>
        <case>
          <duration>0.006</duration>
          <className>com.cumulocity.inventorysvc.impl.InventoryServiceImplTest</className>
          <testName>shouldDeleteDeviceUserIfRootDeviceIsDeletedWithDeviceUserFlag</testName>
          <skipped>false</skipped>
          <failedSince>0</failedSince>
        </case>
        <case>
          <duration>0.005</duration>
          <className>com.cumulocity.inventorysvc.impl.InventoryServiceImplTest</className>
          <testName>shouldNotDeleteDeviceUserIfNotRootDeviceIsDeletedWithDeviceUserFlag</testName>
          <skipped>false</skipped>
          <failedSince>0</failedSince>
        </case>
        <case>
          <duration>0.005</duration>
          <className>com.cumulocity.inventorysvc.impl.InventoryServiceImplTest</className>
          <testName>shouldNotDeleteDeviceUserIfRootDeviceIsDeletedWithNoDeviceUserFlag</testName>
          <skipped>false</skipped>
          <failedSince>0</failedSince>
        </case>
        <case>
          <duration>0.005</duration>
          <className>com.cumulocity.inventorysvc.impl.InventoryServiceImplTest</className>
          <testName>shouldNotDeleteDeviceUserWhenProcessingModeIsNotPersistent</testName>
          <skipped>false</skipped>
          <failedSince>0</failedSince>
        </case>
        <case>
          <duration>0.004</duration>
          <className>com.cumulocity.inventorysvc.impl.InventoryServiceImplTest</className>
          <testName>shouldNotUpdateDeviceAvailabilityIfManagedObjectNotDeletedInDB</testName>
          <skipped>false</skipped>
          <failedSince>0</failedSince>
        </case>
        <case>
          <duration>0.137</duration>
          <className>com.cumulocity.inventorysvc.impl.InventoryServiceImplTest</className>
          <testName>shouldNotUpdateAvailabilityFragment</testName>
          <skipped>false</skipped>
          <failedSince>0</failedSince>
        </case>
        <case>
          <duration>0.006</duration>
          <className>com.cumulocity.inventorysvc.impl.InventoryServiceImplTest</className>
          <testName>shouldNotUpdateAlarmStatusFragment</testName>
          <skipped>false</skipped>
          <failedSince>0</failedSince>
        </case>
        <case>
          <duration>0.011</duration>
          <className>com.cumulocity.inventorysvc.impl.InventoryServiceImplTest</className>
          <testName>shouldRetryUpdateOfManagedObjectIfConflictOccur</testName>
          <skipped>false</skipped>
          <failedSince>0</failedSince>
        </case>
        <case>
          <duration>0.01</duration>
          <className>com.cumulocity.inventorysvc.impl.InventoryServiceImplTest</className>
          <testName>shouldNotUpdateDeviceWhenBinary</testName>
          <skipped>false</skipped>
          <failedSince>0</failedSince>
        </case>
        <case>
          <duration>0.004</duration>
          <className>com.cumulocity.inventorysvc.impl.InventoryServiceImplTest</className>
          <testName>shouldNotDeleteDeviceWhenBinary</testName>
          <skipped>false</skipped>
          <failedSince>0</failedSince>
        </case>
        <case>
          <duration>0.004</duration>
          <className>com.cumulocity.inventorysvc.impl.InventoryServiceImplTest</className>
          <testName>shouldNotUpdateTenantMo</testName>
          <skipped>false</skipped>
          <failedSince>0</failedSince>
        </case>
        <case>
          <duration>0.005</duration>
          <className>com.cumulocity.inventorysvc.impl.InventoryServiceImplTest</className>
          <testName>shouldNotDeleteTenantMo</testName>
          <skipped>false</skipped>
          <failedSince>0</failedSince>
        </case>
        <case>
          <duration>0.004</duration>
          <className>com.cumulocity.inventorysvc.impl.InventoryServiceImplTest</className>
          <testName>shouldValidateLengthOfTypeWhenUpdateManagedObject</testName>
          <skipped>false</skipped>
          <failedSince>0</failedSince>
        </case>
        <case>
          <duration>0.005</duration>
          <className>com.cumulocity.inventorysvc.impl.InventoryServiceImplTest</className>
          <testName>shouldValidateLenghtOfTypeWhenCreateManagedObject</testName>
          <skipped>false</skipped>
          <failedSince>0</failedSince>
        </case>
        <case>
          <duration>0.005</duration>
          <className>com.cumulocity.inventorysvc.impl.InventoryServiceImplTest</className>
          <testName>shouldValidateLengthOfNameWhenUpdateManagedObject</testName>
          <skipped>false</skipped>
          <failedSince>0</failedSince>
        </case>
        <case>
          <duration>0.004</duration>
          <className>com.cumulocity.inventorysvc.impl.InventoryServiceImplTest</className>
          <testName>shouldValidateLengthOfNameWhenCreateManagedObject</testName>
          <skipped>false</skipped>
          <failedSince>0</failedSince>
        </case>
        <case>
          <duration>0.005</duration>
          <className>com.cumulocity.inventorysvc.impl.InventoryServiceImplTest</className>
          <testName>shouldFillAdditionParents</testName>
          <skipped>false</skipped>
          <failedSince>0</failedSince>
        </case>
        <case>
          <duration>0.031</duration>
          <className>com.cumulocity.inventorysvc.impl.InventoryServiceImplTest</className>
          <testName>shouldSearchForManagedObjectsByDeviceSupportedMeasurements</testName>
          <skipped>false</skipped>
          <failedSince>0</failedSince>
        </case>
        <case>
          <duration>0.005</duration>
          <className>com.cumulocity.inventorysvc.impl.InventoryServiceImplTest</className>
          <testName>shouldThrowInventoryServiceException</testName>
          <skipped>false</skipped>
          <failedSince>0</failedSince>
        </case>
        <case>
          <duration>0.014</duration>
          <className>com.cumulocity.inventorysvc.impl.InventoryServiceImplTest</className>
          <testName>shouldThrowInvalidDataExceptionWhenQueryMalformed</testName>
          <skipped>false</skipped>
          <failedSince>0</failedSince>
        </case>
        <case>
          <duration>0.001</duration>
          <className>com.cumulocity.inventorysvc.impl.InventoryServiceImplTest</className>
          <testName>shouldCreateManagedObject</testName>
          <skipped>false</skipped>
          <failedSince>0</failedSince>
        </case>
        <case>
          <duration>0.009</duration>
          <className>com.cumulocity.inventorysvc.impl.InventoryServiceImplTest</className>
          <testName>shouldCreateManagedObjectAndAssignToParent</testName>
          <skipped>false</skipped>
          <failedSince>0</failedSince>
        </case>
        <case>
          <duration>0.005</duration>
          <className>com.cumulocity.inventorysvc.impl.InventoryServiceImplTest</className>
          <testName>shouldNotAssignManagedObjectToParentWhenNotDevice</testName>
          <skipped>false</skipped>
          <failedSince>0</failedSince>
        </case>
        <case>
          <duration>0.005</duration>
          <className>com.cumulocity.inventorysvc.impl.InventoryServiceImplTest</className>
          <testName>shouldUpdateManagedObject</testName>
          <skipped>false</skipped>
          <failedSince>0</failedSince>
        </case>
        <case>
          <duration>0.004</duration>
          <className>com.cumulocity.inventorysvc.impl.InventoryServiceImplTest</className>
          <testName>shouldFindAgentParent</testName>
          <skipped>false</skipped>
          <failedSince>0</failedSince>
        </case>
      </cases>
    </suite>
    <suite>
      <file>/var/jenkins_home/workspace/Cumulocity-Platform-Services-BUILD/inventory-management/inventory-management-service/target/surefire-reports/TEST-com.cumulocity.inventorysvc.impl.InventoryServiceImplTransientProcessingTest.xml</file>
      <name>com.cumulocity.inventorysvc.impl.InventoryServiceImplTransientProcessingTest</name>
      <duration>0.001</duration>
      <time>0.001</time>
      <enclosingBlocks/>
      <enclosingBlockNames/>
      <cases>
        <case>
          <duration>0.0</duration>
          <className>com.cumulocity.inventorysvc.impl.InventoryServiceImplTransientProcessingTest</className>
          <testName>shouldCreateTransiently</testName>
          <skipped>false</skipped>
          <failedSince>0</failedSince>
        </case>
        <case>
          <duration>0.0</duration>
          <className>com.cumulocity.inventorysvc.impl.InventoryServiceImplTransientProcessingTest</className>
          <testName>shouldUpdateTransiently</testName>
          <skipped>false</skipped>
          <failedSince>0</failedSince>
        </case>
        <case>
          <duration>0.0</duration>
          <className>com.cumulocity.inventorysvc.impl.InventoryServiceImplTransientProcessingTest</className>
          <testName>shouldDeleteTransiently</testName>
          <skipped>false</skipped>
          <failedSince>0</failedSince>
        </case>
        <case>
          <duration>0.0</duration>
          <className>com.cumulocity.inventorysvc.impl.InventoryServiceImplTransientProcessingTest</className>
          <testName>shouldDeleteCascadeTransiently</testName>
          <skipped>false</skipped>
          <failedSince>0</failedSince>
        </case>
      </cases>
    </suite>
    <suite>
      <file>/var/jenkins_home/workspace/Cumulocity-Platform-Services-BUILD/inventory-management/inventory-management-service/target/surefire-reports/TEST-com.cumulocity.inventorysvc.impl.InventoryStructuralChangeScannerTest.xml</file>
      <name>com.cumulocity.inventorysvc.impl.InventoryStructuralChangeScannerTest</name>
      <duration>0.0</duration>
      <time>0</time>
      <enclosingBlocks/>
      <enclosingBlockNames/>
      <cases>
        <case>
          <duration>0.0</duration>
          <className>com.cumulocity.inventorysvc.impl.InventoryStructuralChangeScannerTest</className>
          <testName>detectDeleteAsset</testName>
          <skipped>false</skipped>
          <failedSince>0</failedSince>
        </case>
        <case>
          <duration>0.0</duration>
          <className>com.cumulocity.inventorysvc.impl.InventoryStructuralChangeScannerTest</className>
          <testName>detectDeleteDevice</testName>
          <skipped>false</skipped>
          <failedSince>0</failedSince>
        </case>
        <case>
          <duration>0.0</duration>
          <className>com.cumulocity.inventorysvc.impl.InventoryStructuralChangeScannerTest</className>
          <testName>detectAddAsset</testName>
          <skipped>false</skipped>
          <failedSince>0</failedSince>
        </case>
        <case>
          <duration>0.0</duration>
          <className>com.cumulocity.inventorysvc.impl.InventoryStructuralChangeScannerTest</className>
          <testName>detectAddDevice</testName>
          <skipped>false</skipped>
          <failedSince>0</failedSince>
        </case>
      </cases>
    </suite>
    <suite>
      <file>/var/jenkins_home/workspace/Cumulocity-Platform-Services-BUILD/inventory-management/inventory-management-service/target/surefire-reports/TEST-com.cumulocity.inventorysvc.impl.SecuredInventoryFilteringTest.xml</file>
      <name>com.cumulocity.inventorysvc.impl.SecuredInventoryFilteringTest</name>
      <duration>0.0</duration>
      <time>0</time>
      <enclosingBlocks/>
      <enclosingBlockNames/>
      <cases>
        <case>
          <duration>0.0</duration>
          <className>com.cumulocity.inventorysvc.impl.SecuredInventoryFilteringTest</className>
          <testName>shouldReturnOwnedObjectsWithoutAnyRoleNeeded</testName>
          <skipped>false</skipped>
          <failedSince>0</failedSince>
        </case>
        <case>
          <duration>0.0</duration>
          <className>com.cumulocity.inventorysvc.impl.SecuredInventoryFilteringTest</className>
          <testName>shouldReturnOwnedAndGlobalObjectsWithoutAnyRoleNeeded</testName>
          <skipped>false</skipped>
          <failedSince>0</failedSince>
        </case>
      </cases>
    </suite>
    <suite>
      <file>/var/jenkins_home/workspace/Cumulocity-Platform-Services-BUILD/inventory-management/inventory-management-service/target/surefire-reports/TEST-com.cumulocity.inventorysvc.impl.SmartRestTemplateServiceImplTest.xml</file>
      <name>com.cumulocity.inventorysvc.impl.SmartRestTemplateServiceImplTest</name>
      <duration>0.526</duration>
      <time>0.526</time>
      <enclosingBlocks/>
      <enclosingBlockNames/>
      <cases>
        <case>
          <duration>0.416</duration>
          <className>com.cumulocity.inventorysvc.impl.SmartRestTemplateServiceImplTest</className>
          <testName>shouldGetSmartRestTemplateForValidManagedObject</testName>
          <skipped>false</skipped>
          <failedSince>0</failedSince>
        </case>
        <case>
          <duration>0.003</duration>
          <className>com.cumulocity.inventorysvc.impl.SmartRestTemplateServiceImplTest</className>
          <testName>shouldGetSmartRestTemplateForInvalidManagedObject</testName>
          <skipped>false</skipped>
          <failedSince>0</failedSince>
        </case>
        <case>
          <duration>0.001</duration>
          <className>com.cumulocity.inventorysvc.impl.SmartRestTemplateServiceImplTest</className>
          <testName>shouldGetSmartRestTemplateForValidExternalId</testName>
          <skipped>false</skipped>
          <failedSince>0</failedSince>
        </case>
        <case>
          <duration>0.002</duration>
          <className>com.cumulocity.inventorysvc.impl.SmartRestTemplateServiceImplTest</className>
          <testName>shouldGetSmartRestTemplateForInvalidExternalId</testName>
          <skipped>false</skipped>
          <failedSince>0</failedSince>
        </case>
      </cases>
    </suite>
    <suite>
      <file>/var/jenkins_home/workspace/Cumulocity-Platform-Services-BUILD/inventory-management/inventory-management-service/target/surefire-reports/TEST-com.cumulocity.inventorysvc.impl.SupportedMeasurementServiceImplTest.xml</file>
      <name>com.cumulocity.inventorysvc.impl.SupportedMeasurementServiceImplTest</name>
      <duration>0.41</duration>
      <time>0.41</time>
      <enclosingBlocks/>
      <enclosingBlockNames/>
      <cases>
        <case>
          <duration>0.048</duration>
          <className>com.cumulocity.inventorysvc.impl.SupportedMeasurementServiceImplTest</className>
          <testName>mustRerunSupportedSeriesForNullSupportedMeasurementInManagedObject</testName>
          <skipped>false</skipped>
          <failedSince>0</failedSince>
        </case>
        <case>
          <duration>0.064</duration>
          <className>com.cumulocity.inventorysvc.impl.SupportedMeasurementServiceImplTest</className>
          <testName>mustCallManagedObjectRepositoryForSupportedMeasurementOnlyOnce</testName>
          <skipped>false</skipped>
          <failedSince>0</failedSince>
        </case>
        <case>
          <duration>0.06</duration>
          <className>com.cumulocity.inventorysvc.impl.SupportedMeasurementServiceImplTest</className>
          <testName>mustManagedObjectSupportedMeasurementBeFilledByMeasurements</testName>
          <skipped>false</skipped>
          <failedSince>0</failedSince>
        </case>
        <case>
          <duration>0.068</duration>
          <className>com.cumulocity.inventorysvc.impl.SupportedMeasurementServiceImplTest</className>
          <testName>mustNotUpdateSupportedMeasurementForAlreadyUpdatedInCurrentBoot</testName>
          <skipped>false</skipped>
          <failedSince>0</failedSince>
        </case>
        <case>
          <duration>0.06</duration>
          <className>com.cumulocity.inventorysvc.impl.SupportedMeasurementServiceImplTest</className>
          <testName>mustNotSavedMeasurementPreventUpdateSupportedMeasurementForFreshBoot</testName>
          <skipped>false</skipped>
          <failedSince>0</failedSince>
        </case>
        <case>
          <duration>0.023</duration>
          <className>com.cumulocity.inventorysvc.impl.SupportedMeasurementServiceImplTest</className>
          <testName>shouldNotChangeGivenMeasurementWhenUpdatingSupportedMeasurementsInManagedObject</testName>
          <skipped>false</skipped>
          <failedSince>0</failedSince>
        </case>
        <case>
          <duration>0.045</duration>
          <className>com.cumulocity.inventorysvc.impl.SupportedMeasurementServiceImplTest</className>
          <testName>mustRerunSupportedMeasurementForNullSupportedMeasurementInManagedObject</testName>
          <skipped>false</skipped>
          <failedSince>0</failedSince>
        </case>
        <case>
          <duration>0.032</duration>
          <className>com.cumulocity.inventorysvc.impl.SupportedMeasurementServiceImplTest</className>
          <testName>shouldAddSupportedMeasurementsWhileBulkCreate</testName>
          <skipped>false</skipped>
          <failedSince>0</failedSince>
        </case>
      </cases>
    </suite>
    <suite>
      <file>/var/jenkins_home/workspace/Cumulocity-Platform-Services-BUILD/inventory-management/inventory-management-service/target/surefire-reports/TEST-com.cumulocity.inventorysvc.impl.availability.AvailabilityServiceImplTest.xml</file>
      <name>com.cumulocity.inventorysvc.impl.availability.AvailabilityServiceImplTest</name>
      <duration>0.074</duration>
      <time>0.074</time>
      <enclosingBlocks/>
      <enclosingBlockNames/>
      <cases>
        <case>
          <duration>0.043</duration>
          <className>com.cumulocity.inventorysvc.impl.availability.AvailabilityServiceImplTest</className>
          <testName>shouldCreateAvailabilityForDeviceInMaintenanceMode</testName>
          <skipped>false</skipped>
          <failedSince>0</failedSince>
        </case>
        <case>
          <duration>0.005</duration>
          <className>com.cumulocity.inventorysvc.impl.availability.AvailabilityServiceImplTest</className>
          <testName>shouldCreateNewAvailabilityForNewDeviceAndPropagateOnTheDevice</testName>
          <skipped>false</skipped>
          <failedSince>0</failedSince>
        </case>
        <case>
          <duration>0.002</duration>
          <className>com.cumulocity.inventorysvc.impl.availability.AvailabilityServiceImplTest</className>
          <testName>shouldNotCreateAvailabilityForNotMonitoredDevice</testName>
          <skipped>false</skipped>
          <failedSince>0</failedSince>
        </case>
        <case>
          <duration>0.003</duration>
          <className>com.cumulocity.inventorysvc.impl.availability.AvailabilityServiceImplTest</className>
          <testName>shouldNotUpdateAvailabilityStatusWhenUpdatingAvailability</testName>
          <skipped>false</skipped>
          <failedSince>0</failedSince>
        </case>
        <case>
          <duration>0.002</duration>
          <className>com.cumulocity.inventorysvc.impl.availability.AvailabilityServiceImplTest</className>
          <testName>shouldUpdateIntervalWhenUpdatingAvailability</testName>
          <skipped>false</skipped>
          <failedSince>0</failedSince>
        </case>
        <case>
          <duration>0.002</duration>
          <className>com.cumulocity.inventorysvc.impl.availability.AvailabilityServiceImplTest</className>
          <testName>shouldNotUpdateLastMessageWhenUpdatingAvailability</testName>
          <skipped>false</skipped>
          <failedSince>0</failedSince>
        </case>
        <case>
          <duration>0.006</duration>
          <className>com.cumulocity.inventorysvc.impl.availability.AvailabilityServiceImplTest</className>
          <testName>shouldNotUpdateAvailabilityOnHeartBeatWhenRequestFromApplication</testName>
          <skipped>false</skipped>
          <failedSince>0</failedSince>
        </case>
        <case>
          <duration>0.002</duration>
          <className>com.cumulocity.inventorysvc.impl.availability.AvailabilityServiceImplTest</className>
          <testName>shouldMoveToAvailableFromMaintenance</testName>
          <skipped>false</skipped>
          <failedSince>0</failedSince>
        </case>
        <case>
          <duration>0.002</duration>
          <className>com.cumulocity.inventorysvc.impl.availability.AvailabilityServiceImplTest</className>
          <testName>shouldMoveToUnAvailableFromMaintenance</testName>
          <skipped>false</skipped>
          <failedSince>0</failedSince>
        </case>
        <case>
          <duration>0.002</duration>
          <className>com.cumulocity.inventorysvc.impl.availability.AvailabilityServiceImplTest</className>
          <testName>shouldRemoveAvailabilityFragments</testName>
          <skipped>false</skipped>
          <failedSince>0</failedSince>
        </case>
      </cases>
    </suite>
    <suite>
      <file>/var/jenkins_home/workspace/Cumulocity-Platform-Services-BUILD/inventory-management/inventory-management-service/target/surefire-reports/TEST-com.cumulocity.inventorysvc.impl.availability.InMemoryAvailabilityRepositoryTest.xml</file>
      <name>com.cumulocity.inventorysvc.impl.availability.InMemoryAvailabilityRepositoryTest</name>
      <duration>5.806</duration>
      <time>5.806</time>
      <enclosingBlocks/>
      <enclosingBlockNames/>
      <cases>
        <case>
          <duration>0.015</duration>
          <className>com.cumulocity.inventorysvc.impl.availability.InMemoryAvailabilityRepositoryTest</className>
          <testName>shouldStoreAvailabilityData</testName>
          <skipped>false</skipped>
          <failedSince>0</failedSince>
        </case>
        <case>
          <duration>0.007</duration>
          <className>com.cumulocity.inventorysvc.impl.availability.InMemoryAvailabilityRepositoryTest</className>
          <testName>shouldReturnAllStoredAvailabilityDate</testName>
          <skipped>false</skipped>
          <failedSince>0</failedSince>
        </case>
        <case>
          <duration>0.002</duration>
          <className>com.cumulocity.inventorysvc.impl.availability.InMemoryAvailabilityRepositoryTest</className>
          <testName>shouldRemoveDataStoredForDevice</testName>
          <skipped>false</skipped>
          <failedSince>0</failedSince>
        </case>
        <case>
          <duration>0.017</duration>
          <className>com.cumulocity.inventorysvc.impl.availability.InMemoryAvailabilityRepositoryTest</className>
          <testName>shouldFindFilterAvailabilityByStatus</testName>
          <skipped>false</skipped>
          <failedSince>0</failedSince>
        </case>
        <case>
          <duration>0.002</duration>
          <className>com.cumulocity.inventorysvc.impl.availability.InMemoryAvailabilityRepositoryTest</className>
          <testName>shouldFindFilterAvailabilityByLastMessage</testName>
          <skipped>false</skipped>
          <failedSince>0</failedSince>
        </case>
        <case>
          <duration>5.762</duration>
          <className>com.cumulocity.inventorysvc.impl.availability.InMemoryAvailabilityRepositoryTest</className>
          <testName>shouldNotFailWithConcurrentModification</testName>
          <skipped>false</skipped>
          <failedSince>0</failedSince>
        </case>
        <case>
          <duration>0.0</duration>
          <className>com.cumulocity.inventorysvc.impl.availability.InMemoryAvailabilityRepositoryTest</className>
          <testName>shouldStoreBigEnoughInterval</testName>
          <skipped>false</skipped>
          <failedSince>0</failedSince>
        </case>
      </cases>
    </suite>
    <suite>
      <file>/var/jenkins_home/workspace/Cumulocity-Platform-Services-BUILD/inventory-management/inventory-management-service/target/surefire-reports/TEST-com.cumulocity.inventorysvc.impl.device.InventoryServiceImplTestCountWithinChildrenTest.xml</file>
      <name>com.cumulocity.inventorysvc.impl.device.InventoryServiceImplTestCountWithinChildrenTest</name>
      <duration>2.682</duration>
      <time>2.682</time>
      <enclosingBlocks/>
      <enclosingBlockNames/>
      <cases>
        <case>
          <duration>1.118</duration>
          <className>com.cumulocity.inventorysvc.impl.device.InventoryServiceImplTestCountWithinChildrenTest</className>
          <testName>countWithinChildrenForCorrectTree[0]</testName>
          <skipped>false</skipped>
          <failedSince>0</failedSince>
        </case>
        <case>
          <duration>0.455</duration>
          <className>com.cumulocity.inventorysvc.impl.device.InventoryServiceImplTestCountWithinChildrenTest</className>
          <testName>countWithinChildrenForTreeWithInternalLoopsNotGoIntoInfiniteLoop[0]</testName>
          <skipped>false</skipped>
          <failedSince>0</failedSince>
        </case>
        <case>
          <duration>0.059</duration>
          <className>com.cumulocity.inventorysvc.impl.device.InventoryServiceImplTestCountWithinChildrenTest</className>
          <testName>countWithinChildrenForTreeWithLoopsBetweenManagedObjectsNotGoIntoInfiniteLoop[0]</testName>
          <skipped>false</skipped>
          <failedSince>0</failedSince>
        </case>
        <case>
          <duration>0.017</duration>
          <className>com.cumulocity.inventorysvc.impl.device.InventoryServiceImplTestCountWithinChildrenTest</className>
          <testName>countWithinChildrenForTreeWithBrokenDeviceNotGoIntoInfiniteLoop[0]</testName>
          <skipped>false</skipped>
          <failedSince>0</failedSince>
        </case>
        <case>
          <duration>0.301</duration>
          <className>com.cumulocity.inventorysvc.impl.device.InventoryServiceImplTestCountWithinChildrenTest</className>
          <testName>countWithinChildrenForCorrectTree[1]</testName>
          <skipped>false</skipped>
          <failedSince>0</failedSince>
        </case>
        <case>
          <duration>0.312</duration>
          <className>com.cumulocity.inventorysvc.impl.device.InventoryServiceImplTestCountWithinChildrenTest</className>
          <testName>countWithinChildrenForTreeWithInternalLoopsNotGoIntoInfiniteLoop[1]</testName>
          <skipped>false</skipped>
          <failedSince>0</failedSince>
        </case>
        <case>
          <duration>0.038</duration>
          <className>com.cumulocity.inventorysvc.impl.device.InventoryServiceImplTestCountWithinChildrenTest</className>
          <testName>countWithinChildrenForTreeWithLoopsBetweenManagedObjectsNotGoIntoInfiniteLoop[1]</testName>
          <skipped>false</skipped>
          <failedSince>0</failedSince>
        </case>
        <case>
          <duration>0.017</duration>
          <className>com.cumulocity.inventorysvc.impl.device.InventoryServiceImplTestCountWithinChildrenTest</className>
          <testName>countWithinChildrenForTreeWithBrokenDeviceNotGoIntoInfiniteLoop[1]</testName>
          <skipped>false</skipped>
          <failedSince>0</failedSince>
        </case>
        <case>
          <duration>0.145</duration>
          <className>com.cumulocity.inventorysvc.impl.device.InventoryServiceImplTestCountWithinChildrenTest</className>
          <testName>countWithinChildrenForCorrectTree[2]</testName>
          <skipped>false</skipped>
          <failedSince>0</failedSince>
        </case>
        <case>
          <duration>0.15</duration>
          <className>com.cumulocity.inventorysvc.impl.device.InventoryServiceImplTestCountWithinChildrenTest</className>
          <testName>countWithinChildrenForTreeWithInternalLoopsNotGoIntoInfiniteLoop[2]</testName>
          <skipped>false</skipped>
          <failedSince>0</failedSince>
        </case>
        <case>
          <duration>0.034</duration>
          <className>com.cumulocity.inventorysvc.impl.device.InventoryServiceImplTestCountWithinChildrenTest</className>
          <testName>countWithinChildrenForTreeWithLoopsBetweenManagedObjectsNotGoIntoInfiniteLoop[2]</testName>
          <skipped>false</skipped>
          <failedSince>0</failedSince>
        </case>
        <case>
          <duration>0.019</duration>
          <className>com.cumulocity.inventorysvc.impl.device.InventoryServiceImplTestCountWithinChildrenTest</className>
          <testName>countWithinChildrenForTreeWithBrokenDeviceNotGoIntoInfiniteLoop[2]</testName>
          <skipped>false</skipped>
          <failedSince>0</failedSince>
        </case>
      </cases>
    </suite>
    <suite>
      <file>/var/jenkins_home/workspace/Cumulocity-Platform-Services-BUILD/inventory-management/inventory-management-service/target/surefire-reports/TEST-com.cumulocity.inventorysvc.impl.device.NewDeviceAssignmentServiceImplTest.xml</file>
      <name>com.cumulocity.inventorysvc.impl.device.NewDeviceAssignmentServiceImplTest</name>
      <duration>0.0</duration>
      <time>0</time>
      <enclosingBlocks/>
      <enclosingBlockNames/>
      <cases>
        <case>
          <duration>0.0</duration>
          <className>com.cumulocity.inventorysvc.impl.device.NewDeviceAssignmentServiceImplTest</className>
          <testName>should_create_new_assignment</testName>
          <skipped>false</skipped>
          <failedSince>0</failedSince>
        </case>
        <case>
          <duration>0.0</duration>
          <className>com.cumulocity.inventorysvc.impl.device.NewDeviceAssignmentServiceImplTest</className>
          <testName>should_not_create_new_assignment_when_no_groupId</testName>
          <skipped>false</skipped>
          <failedSince>0</failedSince>
        </case>
        <case>
          <duration>0.0</duration>
          <className>com.cumulocity.inventorysvc.impl.device.NewDeviceAssignmentServiceImplTest</className>
          <testName>should_return_groupId_and_delete_assignment</testName>
          <skipped>false</skipped>
          <failedSince>0</failedSince>
        </case>
        <case>
          <duration>0.0</duration>
          <className>com.cumulocity.inventorysvc.impl.device.NewDeviceAssignmentServiceImplTest</className>
          <testName>should_return_null_when_no_assignment</testName>
          <skipped>false</skipped>
          <failedSince>0</failedSince>
        </case>
      </cases>
    </suite>
    <suite>
      <file>/var/jenkins_home/workspace/Cumulocity-Platform-Services-BUILD/inventory-management/inventory-management-service/target/surefire-reports/TEST-com.cumulocity.inventorysvc.impl.erase.CleanUpBulkOperationsTest.xml</file>
      <name>com.cumulocity.inventorysvc.impl.erase.CleanUpBulkOperationsTest</name>
      <duration>0.822</duration>
      <time>0.822</time>
      <enclosingBlocks/>
      <enclosingBlockNames/>
      <cases>
        <case>
          <duration>0.479</duration>
          <className>com.cumulocity.inventorysvc.impl.erase.CleanUpBulkOperationsTest</className>
          <testName>shouldNotFailWhenThereIsNoBulkOperations</testName>
          <skipped>false</skipped>
          <failedSince>0</failedSince>
        </case>
        <case>
          <duration>0.141</duration>
          <className>com.cumulocity.inventorysvc.impl.erase.CleanUpBulkOperationsTest</className>
          <testName>shouldRemoveBulkOperationsForDeletedDevice</testName>
          <skipped>false</skipped>
          <failedSince>0</failedSince>
        </case>
        <case>
          <duration>0.195</duration>
          <className>com.cumulocity.inventorysvc.impl.erase.CleanUpBulkOperationsTest</className>
          <testName>shouldRemoveOnlyBulkOperationsForDeletedDevice</testName>
          <skipped>false</skipped>
          <failedSince>0</failedSince>
        </case>
      </cases>
    </suite>
    <suite>
      <file>/var/jenkins_home/workspace/Cumulocity-Platform-Services-BUILD/inventory-management/inventory-management-service/target/surefire-reports/TEST-com.cumulocity.inventorysvc.impl.erase.ManagedObjectEraserTest.xml</file>
      <name>com.cumulocity.inventorysvc.impl.erase.ManagedObjectEraserTest</name>
      <duration>0.0</duration>
      <time>0</time>
      <enclosingBlocks/>
      <enclosingBlockNames/>
      <cases>
        <case>
          <duration>0.0</duration>
          <className>com.cumulocity.inventorysvc.impl.erase.ManagedObjectEraserTest</className>
          <testName>shouldDeleteManagedObject</testName>
          <skipped>false</skipped>
          <failedSince>0</failedSince>
        </case>
        <case>
          <duration>0.0</duration>
          <className>com.cumulocity.inventorysvc.impl.erase.ManagedObjectEraserTest</className>
          <testName>shouldCallActionStep</testName>
          <skipped>false</skipped>
          <failedSince>0</failedSince>
        </case>
      </cases>
    </suite>
    <suite>
      <file>/var/jenkins_home/workspace/Cumulocity-Platform-Services-BUILD/inventory-management/inventory-management-service/target/surefire-reports/TEST-com.cumulocity.inventorysvc.impl.supplier.DescendantsSupplierTest.xml</file>
      <name>com.cumulocity.inventorysvc.impl.supplier.DescendantsSupplierTest</name>
      <duration>0.0</duration>
      <time>0</time>
      <enclosingBlocks/>
      <enclosingBlockNames/>
      <cases>
        <case>
          <duration>0.0</duration>
          <className>com.cumulocity.inventorysvc.impl.supplier.DescendantsSupplierTest</className>
          <testName>resultShouldBePreorderTraversed</testName>
          <skipped>false</skipped>
          <failedSince>0</failedSince>
        </case>
        <case>
          <duration>0.0</duration>
          <className>com.cumulocity.inventorysvc.impl.supplier.DescendantsSupplierTest</className>
          <testName>shouldBeAwareOfCyclesPossibility</testName>
          <skipped>false</skipped>
          <failedSince>0</failedSince>
        </case>
        <case>
          <duration>0.0</duration>
          <className>com.cumulocity.inventorysvc.impl.supplier.DescendantsSupplierTest</className>
          <testName>resultShouldContainTargetManagedObject</testName>
          <skipped>false</skipped>
          <failedSince>0</failedSince>
        </case>
      </cases>
    </suite>
    <suite>
      <file>/var/jenkins_home/workspace/Cumulocity-Platform-Services-BUILD/inventory-management/inventory-management-service/target/surefire-reports/TEST-com.cumulocity.inventorysvc.impl.utils.OperationDeviceNameFillerTest.xml</file>
      <name>com.cumulocity.inventorysvc.impl.utils.OperationDeviceNameFillerTest</name>
      <duration>0.0</duration>
      <time>0</time>
      <enclosingBlocks/>
      <enclosingBlockNames/>
      <cases>
        <case>
          <duration>0.0</duration>
          <className>com.cumulocity.inventorysvc.impl.utils.OperationDeviceNameFillerTest</className>
          <testName>shouldFillSourcesNames</testName>
          <skipped>false</skipped>
          <failedSince>0</failedSince>
        </case>
      </cases>
    </suite>
    <suite>
      <file>/var/jenkins_home/workspace/Cumulocity-Platform-Services-BUILD/inventory-management/inventory-management-service/target/surefire-reports/TEST-com.cumulocity.inventorysvc.impl.utils.SourcesNameFillerTest.xml</file>
      <name>com.cumulocity.inventorysvc.impl.utils.SourcesNameFillerTest</name>
      <duration>0.0</duration>
      <time>0</time>
      <enclosingBlocks/>
      <enclosingBlockNames/>
      <cases>
        <case>
          <duration>0.0</duration>
          <className>com.cumulocity.inventorysvc.impl.utils.SourcesNameFillerTest</className>
          <testName>shouldFillSourcesNames</testName>
          <skipped>false</skipped>
          <failedSince>0</failedSince>
        </case>
      </cases>
    </suite>
    <suite>
      <file>/var/jenkins_home/workspace/Cumulocity-Platform-Services-BUILD/measurement-management/measurement-management-conversion/target/surefire-reports/TEST-com.cumulocity.measurement.conversion.service.ConversionServiceTest.xml</file>
      <name>com.cumulocity.measurement.conversion.service.ConversionServiceTest</name>
      <duration>0.966</duration>
      <time>0.966</time>
      <enclosingBlocks/>
      <enclosingBlockNames/>
      <cases>
        <case>
          <duration>0.699</duration>
          <className>com.cumulocity.measurement.conversion.service.ConversionServiceTest</className>
          <testName>shouldTransformKmToMi</testName>
          <skipped>false</skipped>
          <failedSince>0</failedSince>
        </case>
        <case>
          <duration>0.002</duration>
          <className>com.cumulocity.measurement.conversion.service.ConversionServiceTest</className>
          <testName>shouldTransformMiToKm</testName>
          <skipped>false</skipped>
          <failedSince>0</failedSince>
        </case>
        <case>
          <duration>0.002</duration>
          <className>com.cumulocity.measurement.conversion.service.ConversionServiceTest</className>
          <testName>shouldTransformCToF</testName>
          <skipped>false</skipped>
          <failedSince>0</failedSince>
        </case>
        <case>
          <duration>0.002</duration>
          <className>com.cumulocity.measurement.conversion.service.ConversionServiceTest</className>
          <testName>shouldTransformCToFWithDiffSign</testName>
          <skipped>false</skipped>
          <failedSince>0</failedSince>
        </case>
        <case>
          <duration>0.001</duration>
          <className>com.cumulocity.measurement.conversion.service.ConversionServiceTest</className>
          <testName>shouldTransformFToC</testName>
          <skipped>false</skipped>
          <failedSince>0</failedSince>
        </case>
        <case>
          <duration>0.038</duration>
          <className>com.cumulocity.measurement.conversion.service.ConversionServiceTest</className>
          <testName>shouldTransformKToR</testName>
          <skipped>false</skipped>
          <failedSince>0</failedSince>
        </case>
        <case>
          <duration>0.001</duration>
          <className>com.cumulocity.measurement.conversion.service.ConversionServiceTest</className>
          <testName>shouldTransformMtoIn</testName>
          <skipped>false</skipped>
          <failedSince>0</failedSince>
        </case>
        <case>
          <duration>0.001</duration>
          <className>com.cumulocity.measurement.conversion.service.ConversionServiceTest</className>
          <testName>shouldTransformInToM</testName>
          <skipped>false</skipped>
          <failedSince>0</failedSince>
        </case>
        <case>
          <duration>0.001</duration>
          <className>com.cumulocity.measurement.conversion.service.ConversionServiceTest</className>
          <testName>shouldTransformKgToLb</testName>
          <skipped>false</skipped>
          <failedSince>0</failedSince>
        </case>
        <case>
          <duration>0.001</duration>
          <className>com.cumulocity.measurement.conversion.service.ConversionServiceTest</className>
          <testName>shouldTransformLbToKg</testName>
          <skipped>false</skipped>
          <failedSince>0</failedSince>
        </case>
        <case>
          <duration>0.002</duration>
          <className>com.cumulocity.measurement.conversion.service.ConversionServiceTest</className>
          <testName>shouldTransformGToLb</testName>
          <skipped>false</skipped>
          <failedSince>0</failedSince>
        </case>
        <case>
          <duration>0.001</duration>
          <className>com.cumulocity.measurement.conversion.service.ConversionServiceTest</className>
          <testName>shouldTransformLbToOz</testName>
          <skipped>false</skipped>
          <failedSince>0</failedSince>
        </case>
        <case>
          <duration>0.001</duration>
          <className>com.cumulocity.measurement.conversion.service.ConversionServiceTest</className>
          <testName>shouldTransformFromLbToLb</testName>
          <skipped>false</skipped>
          <failedSince>0</failedSince>
        </case>
        <case>
          <duration>0.005</duration>
          <className>com.cumulocity.measurement.conversion.service.ConversionServiceTest</className>
          <testName>shouldNotConvertNotKnownUnit</testName>
          <skipped>false</skipped>
          <failedSince>0</failedSince>
        </case>
        <case>
          <duration>0.038</duration>
          <className>com.cumulocity.measurement.conversion.service.ConversionServiceTest</className>
          <testName>shouldMapValueMaxAndMin</testName>
          <skipped>false</skipped>
          <failedSince>0</failedSince>
        </case>
        <case>
          <duration>0.017</duration>
          <className>com.cumulocity.measurement.conversion.service.ConversionServiceTest</className>
          <testName>shouldNotDoSideEffects</testName>
          <skipped>false</skipped>
          <failedSince>0</failedSince>
        </case>
      </cases>
    </suite>
    <suite>
      <file>/var/jenkins_home/workspace/Cumulocity-Platform-Services-BUILD/measurement-management/measurement-management-rest/target/surefire-reports/TEST-com.cumulocity.measurement.rest.resources.MeasurementCollectionResourceCreateTest.xml</file>
      <name>com.cumulocity.measurement.rest.resources.MeasurementCollectionResourceCreateTest</name>
      <duration>0.08</duration>
      <time>0.08</time>
      <enclosingBlocks/>
      <enclosingBlockNames/>
      <cases>
        <case>
          <duration>0.054</duration>
          <className>com.cumulocity.measurement.rest.resources.MeasurementCollectionResourceCreateTest</className>
          <testName>shouldNotMapMeasurementToMeasurementRepresentationForNullAcceptHeader</testName>
          <skipped>false</skipped>
          <failedSince>0</failedSince>
        </case>
        <case>
          <duration>0.002</duration>
          <className>com.cumulocity.measurement.rest.resources.MeasurementCollectionResourceCreateTest</className>
          <testName>shouldNotMapMeasurementToMeasurementRepresentationForEmptyAcceptHeader</testName>
          <skipped>false</skipped>
          <failedSince>0</failedSince>
        </case>
        <case>
          <duration>0.003</duration>
          <className>com.cumulocity.measurement.rest.resources.MeasurementCollectionResourceCreateTest</className>
          <testName>shouldNotMapMeasurementToMeasurementRepresentationForWildcardAcceptHeader</testName>
          <skipped>false</skipped>
          <failedSince>0</failedSince>
        </case>
        <case>
          <duration>0.008</duration>
          <className>com.cumulocity.measurement.rest.resources.MeasurementCollectionResourceCreateTest</className>
          <testName>shouldMapMeasurementToMeasurementRepresentationWithAcceptHeader</testName>
          <skipped>false</skipped>
          <failedSince>0</failedSince>
        </case>
        <case>
          <duration>0.003</duration>
          <className>com.cumulocity.measurement.rest.resources.MeasurementCollectionResourceCreateTest</className>
          <testName>shouldRejectMeasurementsWithStringValues</testName>
          <skipped>false</skipped>
          <failedSince>0</failedSince>
        </case>
        <case>
          <duration>0.002</duration>
          <className>com.cumulocity.measurement.rest.resources.MeasurementCollectionResourceCreateTest</className>
          <testName>shouldNotMapMeasurementToMeasurementRepresentationForNullAcceptHeaderInBulkMethod</testName>
          <skipped>false</skipped>
          <failedSince>0</failedSince>
        </case>
        <case>
          <duration>0.002</duration>
          <className>com.cumulocity.measurement.rest.resources.MeasurementCollectionResourceCreateTest</className>
          <testName>shouldNotMapMeasurementToMeasurementRepresentationForEmptyAcceptHeaderInBulkMethod</testName>
          <skipped>false</skipped>
          <failedSince>0</failedSince>
        </case>
        <case>
          <duration>0.001</duration>
          <className>com.cumulocity.measurement.rest.resources.MeasurementCollectionResourceCreateTest</className>
          <testName>shouldNotMapMeasurementToMeasurementRepresentationForWildcardAcceptHeaderInBulkMethod</testName>
          <skipped>false</skipped>
          <failedSince>0</failedSince>
        </case>
        <case>
          <duration>0.003</duration>
          <className>com.cumulocity.measurement.rest.resources.MeasurementCollectionResourceCreateTest</className>
          <testName>shouldMapMeasurementToMeasurementRepresentationWithAcceptHeaderBulk</testName>
          <skipped>false</skipped>
          <failedSince>0</failedSince>
        </case>
      </cases>
    </suite>
    <suite>
      <file>/var/jenkins_home/workspace/Cumulocity-Platform-Services-BUILD/measurement-management/measurement-management-rest/target/surefire-reports/TEST-com.cumulocity.measurement.rest.resources.MeasurementCollectionResourceModuleTest.xml</file>
      <name>com.cumulocity.measurement.rest.resources.MeasurementCollectionResourceModuleTest</name>
      <duration>4.754</duration>
      <time>4.754</time>
      <enclosingBlocks/>
      <enclosingBlockNames/>
      <cases>
        <case>
          <duration>3.003</duration>
          <className>com.cumulocity.measurement.rest.resources.MeasurementCollectionResourceModuleTest</className>
          <testName>getByIdShouldReturnExistingMeasurement</testName>
          <skipped>false</skipped>
          <failedSince>0</failedSince>
        </case>
        <case>
          <duration>0.083</duration>
          <className>com.cumulocity.measurement.rest.resources.MeasurementCollectionResourceModuleTest</className>
          <testName>getOnCollectionShouldReturnMeasurementCollection</testName>
          <skipped>false</skipped>
          <failedSince>0</failedSince>
        </case>
        <case>
          <duration>0.071</duration>
          <className>com.cumulocity.measurement.rest.resources.MeasurementCollectionResourceModuleTest</className>
          <testName>getOnCollectionWithStreamJsonShouldReturnMeasurementCollection</testName>
          <skipped>false</skipped>
          <failedSince>0</failedSince>
        </case>
        <case>
          <duration>0.059</duration>
          <className>com.cumulocity.measurement.rest.resources.MeasurementCollectionResourceModuleTest</className>
          <testName>getOnCollectionShouldContainNavigationLinks</testName>
          <skipped>false</skipped>
          <failedSince>0</failedSince>
        </case>
        <case>
          <duration>0.056</duration>
          <className>com.cumulocity.measurement.rest.resources.MeasurementCollectionResourceModuleTest</className>
          <testName>getOnCollectionShouldContainNavigationLinksForParametrized</testName>
          <skipped>false</skipped>
          <failedSince>0</failedSince>
        </case>
        <case>
          <duration>0.972</duration>
          <className>com.cumulocity.measurement.rest.resources.MeasurementCollectionResourceModuleTest</className>
          <testName>postShouldCreateNewMeasurement</testName>
          <skipped>false</skipped>
          <failedSince>0</failedSince>
        </case>
        <case>
          <duration>0.084</duration>
          <className>com.cumulocity.measurement.rest.resources.MeasurementCollectionResourceModuleTest</className>
          <testName>postBulkShouldCreateManyNewMeasurement</testName>
          <skipped>false</skipped>
          <failedSince>0</failedSince>
        </case>
        <case>
          <duration>0.08</duration>
          <className>com.cumulocity.measurement.rest.resources.MeasurementCollectionResourceModuleTest</className>
          <testName>postBulkWillStoreSomeMeasurementsWhenOneHasError</testName>
          <skipped>false</skipped>
          <failedSince>0</failedSince>
        </case>
        <case>
          <duration>0.049</duration>
          <className>com.cumulocity.measurement.rest.resources.MeasurementCollectionResourceModuleTest</className>
          <testName>postShouldNotCreateNewMeasurementWhenIncompleteMeasurementData</testName>
          <skipped>false</skipped>
          <failedSince>0</failedSince>
        </case>
        <case>
          <duration>0.052</duration>
          <className>com.cumulocity.measurement.rest.resources.MeasurementCollectionResourceModuleTest</className>
          <testName>postShouldNotCreateNewMeasurementWhenNoSource</testName>
          <skipped>false</skipped>
          <failedSince>0</failedSince>
        </case>
        <case>
          <duration>0.026</duration>
          <className>com.cumulocity.measurement.rest.resources.MeasurementCollectionResourceModuleTest</className>
          <testName>deleteShouldRemoveExistingMeasurement</testName>
          <skipped>false</skipped>
          <failedSince>0</failedSince>
        </case>
        <case>
          <duration>0.037</duration>
          <className>com.cumulocity.measurement.rest.resources.MeasurementCollectionResourceModuleTest</className>
          <testName>mustReturn406CodeIfFilterBySourceAndGroupId</testName>
          <skipped>false</skipped>
          <failedSince>0</failedSince>
        </case>
        <case>
          <duration>0.052</duration>
          <className>com.cumulocity.measurement.rest.resources.MeasurementCollectionResourceModuleTest</className>
          <testName>deleteByQueryShouldCallServiceProperly</testName>
          <skipped>false</skipped>
          <failedSince>0</failedSince>
        </case>
        <case>
          <duration>0.05</duration>
          <className>com.cumulocity.measurement.rest.resources.MeasurementCollectionResourceModuleTest</className>
          <testName>deleteByRangeParametersShouldRemoveExistingMeasurements</testName>
          <skipped>false</skipped>
          <failedSince>0</failedSince>
        </case>
      </cases>
    </suite>
    <suite>
      <file>/var/jenkins_home/workspace/Cumulocity-Platform-Services-BUILD/measurement-management/measurement-management-rest/target/surefire-reports/TEST-com.cumulocity.measurement.rest.resources.MeasurementCollectionResourceSecurityTest.xml</file>
      <name>com.cumulocity.measurement.rest.resources.MeasurementCollectionResourceSecurityTest</name>
      <duration>1.217</duration>
      <time>1.217</time>
      <enclosingBlocks/>
      <enclosingBlockNames/>
      <cases>
        <case>
          <duration>1.136</duration>
          <className>com.cumulocity.measurement.rest.resources.MeasurementCollectionResourceSecurityTest</className>
          <testName>createMeasurmentCollectionShouldFaildWithAccessDeniedException</testName>
          <skipped>false</skipped>
          <failedSince>0</failedSince>
        </case>
        <case>
          <duration>0.031</duration>
          <className>com.cumulocity.measurement.rest.resources.MeasurementCollectionResourceSecurityTest</className>
          <testName>shouldExecutePostMeasurmentCollection</testName>
          <skipped>false</skipped>
          <failedSince>0</failedSince>
        </case>
        <case>
          <duration>0.011</duration>
          <className>com.cumulocity.measurement.rest.resources.MeasurementCollectionResourceSecurityTest</className>
          <testName>createMeasurmenthouldFaildWithAccessDeniedException</testName>
          <skipped>false</skipped>
          <failedSince>0</failedSince>
        </case>
        <case>
          <duration>0.011</duration>
          <className>com.cumulocity.measurement.rest.resources.MeasurementCollectionResourceSecurityTest</className>
          <testName>shouldExecutePostMeasurment</testName>
          <skipped>false</skipped>
          <failedSince>0</failedSince>
        </case>
        <case>
          <duration>0.011</duration>
          <className>com.cumulocity.measurement.rest.resources.MeasurementCollectionResourceSecurityTest</className>
          <testName>shouldCreateMeasurementWhenHasDevicePermission</testName>
          <skipped>false</skipped>
          <failedSince>0</failedSince>
        </case>
        <case>
          <duration>0.01</duration>
          <className>com.cumulocity.measurement.rest.resources.MeasurementCollectionResourceSecurityTest</className>
          <testName>shouldFailCreateMeasurementWhenHasNoDevicePermission</testName>
          <skipped>false</skipped>
          <failedSince>0</failedSince>
        </case>
      </cases>
    </suite>
    <suite>
      <file>/var/jenkins_home/workspace/Cumulocity-Platform-Services-BUILD/measurement-management/measurement-management-rest/target/surefire-reports/TEST-com.cumulocity.measurement.rest.resources.MeasurementCollectionResourceTest.xml</file>
      <name>com.cumulocity.measurement.rest.resources.MeasurementCollectionResourceTest</name>
      <duration>0.094</duration>
      <time>0.094</time>
      <enclosingBlocks/>
      <enclosingBlockNames/>
      <cases>
        <case>
          <duration>0.087</duration>
          <className>com.cumulocity.measurement.rest.resources.MeasurementCollectionResourceTest</className>
          <testName>getReturnsMeasurementCollection</testName>
          <skipped>false</skipped>
          <failedSince>0</failedSince>
        </case>
        <case>
          <duration>0.003</duration>
          <className>com.cumulocity.measurement.rest.resources.MeasurementCollectionResourceTest</className>
          <testName>getByDateReturnsMeasurementCollection</testName>
          <skipped>false</skipped>
          <failedSince>0</failedSince>
        </case>
      </cases>
    </suite>
    <suite>
      <file>/var/jenkins_home/workspace/Cumulocity-Platform-Services-BUILD/measurement-management/measurement-management-rest/target/surefire-reports/TEST-com.cumulocity.measurement.rest.resources.MeasurementMqttJsonRequestHandlerTest.xml</file>
      <name>com.cumulocity.measurement.rest.resources.MeasurementMqttJsonRequestHandlerTest</name>
      <duration>0.593</duration>
      <time>0.593</time>
      <enclosingBlocks/>
      <enclosingBlockNames/>
      <cases>
        <case>
          <duration>0.407</duration>
          <className>com.cumulocity.measurement.rest.resources.MeasurementMqttJsonRequestHandlerTest</className>
          <testName>shouldCreateNewMeasurement</testName>
          <skipped>false</skipped>
          <failedSince>0</failedSince>
        </case>
        <case>
          <duration>0.157</duration>
          <className>com.cumulocity.measurement.rest.resources.MeasurementMqttJsonRequestHandlerTest</className>
          <testName>shouldCreateNewMeasurementWithExternalSource</testName>
          <skipped>false</skipped>
          <failedSince>0</failedSince>
        </case>
        <case>
          <duration>0.015</duration>
          <className>com.cumulocity.measurement.rest.resources.MeasurementMqttJsonRequestHandlerTest</className>
          <testName>shouldCreateMultipleMeasurements</testName>
          <skipped>false</skipped>
          <failedSince>0</failedSince>
        </case>
        <case>
          <duration>0.005</duration>
          <className>com.cumulocity.measurement.rest.resources.MeasurementMqttJsonRequestHandlerTest</className>
          <testName>shouldCreateMultipleMeasurementsWithExternalSource</testName>
          <skipped>false</skipped>
          <failedSince>0</failedSince>
        </case>
      </cases>
    </suite>
    <suite>
      <file>/var/jenkins_home/workspace/Cumulocity-Platform-Services-BUILD/measurement-management/measurement-management-rest/target/surefire-reports/TEST-com.cumulocity.measurement.rest.resources.MeasurementResourceSecurityTest.xml</file>
      <name>com.cumulocity.measurement.rest.resources.MeasurementResourceSecurityTest</name>
      <duration>0.073</duration>
      <time>0.073</time>
      <enclosingBlocks/>
      <enclosingBlockNames/>
      <cases>
        <case>
          <duration>0.014</duration>
          <className>com.cumulocity.measurement.rest.resources.MeasurementResourceSecurityTest</className>
          <testName>shouldFaildWithAccessDeniedException</testName>
          <skipped>false</skipped>
          <failedSince>0</failedSince>
        </case>
        <case>
          <duration>0.01</duration>
          <className>com.cumulocity.measurement.rest.resources.MeasurementResourceSecurityTest</className>
          <testName>shouldReadMeasurementWhenHasDevicePermission</testName>
          <skipped>false</skipped>
          <failedSince>0</failedSince>
        </case>
        <case>
          <duration>0.01</duration>
          <className>com.cumulocity.measurement.rest.resources.MeasurementResourceSecurityTest</className>
          <testName>shouldExecute</testName>
          <skipped>false</skipped>
          <failedSince>0</failedSince>
        </case>
        <case>
          <duration>0.01</duration>
          <className>com.cumulocity.measurement.rest.resources.MeasurementResourceSecurityTest</className>
          <testName>shouldFailReadMeasurementWhenHasNoDevicePermission</testName>
          <skipped>false</skipped>
          <failedSince>0</failedSince>
        </case>
        <case>
          <duration>0.011</duration>
          <className>com.cumulocity.measurement.rest.resources.MeasurementResourceSecurityTest</className>
          <testName>shouldDeleteMeasurementWhenHasDevicePermission</testName>
          <skipped>false</skipped>
          <failedSince>0</failedSince>
        </case>
        <case>
          <duration>0.01</duration>
          <className>com.cumulocity.measurement.rest.resources.MeasurementResourceSecurityTest</className>
          <testName>shouldFailDeleteMeasurementWhenHasNoDevicePermission</testName>
          <skipped>false</skipped>
          <failedSince>0</failedSince>
        </case>
      </cases>
    </suite>
    <suite>
      <file>/var/jenkins_home/workspace/Cumulocity-Platform-Services-BUILD/measurement-management/measurement-management-rest/target/surefire-reports/TEST-com.cumulocity.measurement.rest.resources.MeasurementResourceTest.xml</file>
      <name>com.cumulocity.measurement.rest.resources.MeasurementResourceTest</name>
      <duration>0.202</duration>
      <time>0.202</time>
      <enclosingBlocks/>
      <enclosingBlockNames/>
      <cases>
        <case>
          <duration>0.193</duration>
          <className>com.cumulocity.measurement.rest.resources.MeasurementResourceTest</className>
          <testName>deleteRemovesExistingMeasurement</testName>
          <skipped>false</skipped>
          <failedSince>0</failedSince>
        </case>
        <case>
          <duration>0.003</duration>
          <className>com.cumulocity.measurement.rest.resources.MeasurementResourceTest</className>
          <testName>getReturnsExistingMeasurement</testName>
          <skipped>false</skipped>
          <failedSince>0</failedSince>
        </case>
        <case>
          <duration>0.004</duration>
          <className>com.cumulocity.measurement.rest.resources.MeasurementResourceTest</className>
          <testName>deleteReturns404onMissingEvent</testName>
          <skipped>false</skipped>
          <failedSince>0</failedSince>
        </case>
      </cases>
    </suite>
    <suite>
      <file>/var/jenkins_home/workspace/Cumulocity-Platform-Services-BUILD/measurement-management/measurement-management-rest/target/surefire-reports/TEST-com.cumulocity.measurement.rest.resources.MeasurementSeriesResourceTest.xml</file>
      <name>com.cumulocity.measurement.rest.resources.MeasurementSeriesResourceTest</name>
      <duration>0.051</duration>
      <time>0.051</time>
      <enclosingBlocks/>
      <enclosingBlockNames/>
      <cases>
        <case>
          <duration>0.039</duration>
          <className>com.cumulocity.measurement.rest.resources.MeasurementSeriesResourceTest</className>
          <testName>shouldPassFilterWithDailyAggregation</testName>
          <skipped>false</skipped>
          <failedSince>0</failedSince>
        </case>
        <case>
          <duration>0.001</duration>
          <className>com.cumulocity.measurement.rest.resources.MeasurementSeriesResourceTest</className>
          <testName>shouldPassFilterWithHourlyAggregation</testName>
          <skipped>false</skipped>
          <failedSince>0</failedSince>
        </case>
        <case>
          <duration>0.0</duration>
          <className>com.cumulocity.measurement.rest.resources.MeasurementSeriesResourceTest</className>
          <testName>shouldPassFilterWithHourlyAggregationAndRevertOrder</testName>
          <skipped>false</skipped>
          <failedSince>0</failedSince>
        </case>
        <case>
          <duration>0.0</duration>
          <className>com.cumulocity.measurement.rest.resources.MeasurementSeriesResourceTest</className>
          <testName>shouldPassFilterWithoutAggregation</testName>
          <skipped>false</skipped>
          <failedSince>0</failedSince>
        </case>
        <case>
          <duration>0.001</duration>
          <className>com.cumulocity.measurement.rest.resources.MeasurementSeriesResourceTest</className>
          <testName>shouldPassFilterWithoutAggregationAndWithRevertOrder</testName>
          <skipped>false</skipped>
          <failedSince>0</failedSince>
        </case>
        <case>
          <duration>0.0</duration>
          <className>com.cumulocity.measurement.rest.resources.MeasurementSeriesResourceTest</className>
          <testName>shouldFailToQueryWithoutAnyParameter</testName>
          <skipped>false</skipped>
          <failedSince>0</failedSince>
        </case>
        <case>
          <duration>0.0</duration>
          <className>com.cumulocity.measurement.rest.resources.MeasurementSeriesResourceTest</className>
          <testName>shouldFailToQueryWithoutSource</testName>
          <skipped>false</skipped>
          <failedSince>0</failedSince>
        </case>
        <case>
          <duration>0.0</duration>
          <className>com.cumulocity.measurement.rest.resources.MeasurementSeriesResourceTest</className>
          <testName>shouldWorkWithSourceGivenAndDateFromAndTo</testName>
          <skipped>false</skipped>
          <failedSince>0</failedSince>
        </case>
        <case>
          <duration>0.0</duration>
          <className>com.cumulocity.measurement.rest.resources.MeasurementSeriesResourceTest</className>
          <testName>shouldFailIfNotCorrectAggregationType</testName>
          <skipped>false</skipped>
          <failedSince>0</failedSince>
        </case>
      </cases>
    </suite>
    <suite>
      <file>/var/jenkins_home/workspace/Cumulocity-Platform-Services-BUILD/measurement-management/measurement-management-rest/target/surefire-reports/TEST-com.cumulocity.measurement.rest.resources.api.MeasurementsApiResourceTest.xml</file>
      <name>com.cumulocity.measurement.rest.resources.api.MeasurementsApiResourceTest</name>
      <duration>0.417</duration>
      <time>0.417</time>
      <enclosingBlocks/>
      <enclosingBlockNames/>
      <cases>
        <case>
          <duration>0.3</duration>
          <className>com.cumulocity.measurement.rest.resources.api.MeasurementsApiResourceTest</className>
          <testName>getReturnsPredefinedEventsApiRepresentation</testName>
          <skipped>false</skipped>
          <failedSince>0</failedSince>
        </case>
      </cases>
    </suite>
    <suite>
      <file>/var/jenkins_home/workspace/Cumulocity-Platform-Services-BUILD/measurement-management/measurement-management-service/target/surefire-reports/TEST-com.cumulocity.measurement.impl.MeasurementManagementServiceImplTest.xml</file>
      <name>com.cumulocity.measurement.impl.MeasurementManagementServiceImplTest</name>
      <duration>0.947</duration>
      <time>0.947</time>
      <enclosingBlocks/>
      <enclosingBlockNames/>
      <cases>
        <case>
          <duration>0.641</duration>
          <className>com.cumulocity.measurement.impl.MeasurementManagementServiceImplTest</className>
          <testName>createShouldFailOnNonExistingSource</testName>
          <skipped>false</skipped>
          <failedSince>0</failedSince>
        </case>
        <case>
          <duration>0.002</duration>
          <className>com.cumulocity.measurement.impl.MeasurementManagementServiceImplTest</className>
          <testName>createShouldFailOnNullTime</testName>
          <skipped>false</skipped>
          <failedSince>0</failedSince>
        </case>
        <case>
          <duration>0.001</duration>
          <className>com.cumulocity.measurement.impl.MeasurementManagementServiceImplTest</className>
          <testName>createShouldFailOnNullType</testName>
          <skipped>false</skipped>
          <failedSince>0</failedSince>
        </case>
        <case>
          <duration>0.003</duration>
          <className>com.cumulocity.measurement.impl.MeasurementManagementServiceImplTest</className>
          <testName>createShouldThrowExceptionOnDatabaseException</testName>
          <skipped>false</skipped>
          <failedSince>0</failedSince>
        </case>
        <case>
          <duration>0.002</duration>
          <className>com.cumulocity.measurement.impl.MeasurementManagementServiceImplTest</className>
          <testName>createShouldThrowExceptionOnNotExistingSource</testName>
          <skipped>false</skipped>
          <failedSince>0</failedSince>
        </case>
        <case>
          <duration>0.038</duration>
          <className>com.cumulocity.measurement.impl.MeasurementManagementServiceImplTest</className>
          <testName>createShouldReturMeasurement</testName>
          <skipped>false</skipped>
          <failedSince>0</failedSince>
        </case>
        <case>
          <duration>0.027</duration>
          <className>com.cumulocity.measurement.impl.MeasurementManagementServiceImplTest</className>
          <testName>batchCreateShouldReturnMeasurementList</testName>
          <skipped>false</skipped>
          <failedSince>0</failedSince>
        </case>
        <case>
          <duration>0.011</duration>
          <className>com.cumulocity.measurement.impl.MeasurementManagementServiceImplTest</className>
          <testName>createWithDefaultProcessingModeShouldBroadcast</testName>
          <skipped>false</skipped>
          <failedSince>0</failedSince>
        </case>
        <case>
          <duration>0.003</duration>
          <className>com.cumulocity.measurement.impl.MeasurementManagementServiceImplTest</className>
          <testName>createWithTransientProcessingModeShouldBroadcast</testName>
          <skipped>false</skipped>
          <failedSince>0</failedSince>
        </case>
        <case>
          <duration>0.002</duration>
          <className>com.cumulocity.measurement.impl.MeasurementManagementServiceImplTest</className>
          <testName>createWithQuiescentProcessingModeShouldNotBroadcast</testName>
          <skipped>false</skipped>
          <failedSince>0</failedSince>
        </case>
        <case>
          <duration>0.002</duration>
          <className>com.cumulocity.measurement.impl.MeasurementManagementServiceImplTest</className>
          <testName>createShouldOnlySendMeasurementToEventProcessorForCEPMode</testName>
          <skipped>false</skipped>
          <failedSince>0</failedSince>
        </case>
        <case>
          <duration>0.002</duration>
          <className>com.cumulocity.measurement.impl.MeasurementManagementServiceImplTest</className>
          <testName>batchCreateWithDefaultProcessingModeShouldBroadcast</testName>
          <skipped>false</skipped>
          <failedSince>0</failedSince>
        </case>
        <case>
          <duration>0.003</duration>
          <className>com.cumulocity.measurement.impl.MeasurementManagementServiceImplTest</className>
          <testName>batchCreateWithTransientProcessingModeShouldBroadcast</testName>
          <skipped>false</skipped>
          <failedSince>0</failedSince>
        </case>
        <case>
          <duration>0.002</duration>
          <className>com.cumulocity.measurement.impl.MeasurementManagementServiceImplTest</className>
          <testName>batchCreateWithQuiescentProcessingModeShouldNotBroadcast</testName>
          <skipped>false</skipped>
          <failedSince>0</failedSince>
        </case>
        <case>
          <duration>0.003</duration>
          <className>com.cumulocity.measurement.impl.MeasurementManagementServiceImplTest</className>
          <testName>batchCreateShouldOnlySendMeasurementsToEventProcessorForCEPMode</testName>
          <skipped>false</skipped>
          <failedSince>0</failedSince>
        </case>
        <case>
          <duration>0.005</duration>
          <className>com.cumulocity.measurement.impl.MeasurementManagementServiceImplTest</className>
          <testName>findCallsFindAll</testName>
          <skipped>false</skipped>
          <failedSince>0</failedSince>
        </case>
        <case>
          <duration>0.001</duration>
          <className>com.cumulocity.measurement.impl.MeasurementManagementServiceImplTest</className>
          <testName>findCallsFindBySource</testName>
          <skipped>false</skipped>
          <failedSince>0</failedSince>
        </case>
        <case>
          <duration>0.013</duration>
          <className>com.cumulocity.measurement.impl.MeasurementManagementServiceImplTest</className>
          <testName>findCallsFindByTime</testName>
          <skipped>false</skipped>
          <failedSince>0</failedSince>
        </case>
        <case>
          <duration>0.001</duration>
          <className>com.cumulocity.measurement.impl.MeasurementManagementServiceImplTest</className>
          <testName>findCallsFindByFragmentType</testName>
          <skipped>false</skipped>
          <failedSince>0</failedSince>
        </case>
        <case>
          <duration>0.002</duration>
          <className>com.cumulocity.measurement.impl.MeasurementManagementServiceImplTest</className>
          <testName>findCallsFindByType</testName>
          <skipped>false</skipped>
          <failedSince>0</failedSince>
        </case>
        <case>
          <duration>0.001</duration>
          <className>com.cumulocity.measurement.impl.MeasurementManagementServiceImplTest</className>
          <testName>findCallsFindBySourceAndTime</testName>
          <skipped>false</skipped>
          <failedSince>0</failedSince>
        </case>
        <case>
          <duration>0.002</duration>
          <className>com.cumulocity.measurement.impl.MeasurementManagementServiceImplTest</className>
          <testName>findCallsFindBySourceAndType</testName>
          <skipped>false</skipped>
          <failedSince>0</failedSince>
        </case>
        <case>
          <duration>0.001</duration>
          <className>com.cumulocity.measurement.impl.MeasurementManagementServiceImplTest</className>
          <testName>findCallsFindByTimeAndType</testName>
          <skipped>false</skipped>
          <failedSince>0</failedSince>
        </case>
        <case>
          <duration>0.002</duration>
          <className>com.cumulocity.measurement.impl.MeasurementManagementServiceImplTest</className>
          <testName>findCallsFindByFragmentTypeAndSource</testName>
          <skipped>false</skipped>
          <failedSince>0</failedSince>
        </case>
        <case>
          <duration>0.001</duration>
          <className>com.cumulocity.measurement.impl.MeasurementManagementServiceImplTest</className>
          <testName>findCallsFindByFragmentTypeAndType</testName>
          <skipped>false</skipped>
          <failedSince>0</failedSince>
        </case>
        <case>
          <duration>0.002</duration>
          <className>com.cumulocity.measurement.impl.MeasurementManagementServiceImplTest</className>
          <testName>findCallsFindByFragmentTypeAndTime</testName>
          <skipped>false</skipped>
          <failedSince>0</failedSince>
        </case>
        <case>
          <duration>0.001</duration>
          <className>com.cumulocity.measurement.impl.MeasurementManagementServiceImplTest</className>
          <testName>findCallsFindByFragmentTypeAndSourceAndTime</testName>
          <skipped>false</skipped>
          <failedSince>0</failedSince>
        </case>
        <case>
          <duration>0.002</duration>
          <className>com.cumulocity.measurement.impl.MeasurementManagementServiceImplTest</className>
          <testName>findCallsFindBySourceAndTimeAndType</testName>
          <skipped>false</skipped>
          <failedSince>0</failedSince>
        </case>
        <case>
          <duration>0.002</duration>
          <className>com.cumulocity.measurement.impl.MeasurementManagementServiceImplTest</className>
          <testName>findCallsFindByFragmentTypeAndTimeAndType</testName>
          <skipped>false</skipped>
          <failedSince>0</failedSince>
        </case>
        <case>
          <duration>0.001</duration>
          <className>com.cumulocity.measurement.impl.MeasurementManagementServiceImplTest</className>
          <testName>findCallsFindByFragmentTypeAndSourceAndType</testName>
          <skipped>false</skipped>
          <failedSince>0</failedSince>
        </case>
        <case>
          <duration>0.001</duration>
          <className>com.cumulocity.measurement.impl.MeasurementManagementServiceImplTest</className>
          <testName>findCallsFindByFragmentTypeAndSourceAndTimeAndType</testName>
          <skipped>false</skipped>
          <failedSince>0</failedSince>
        </case>
        <case>
          <duration>0.003</duration>
          <className>com.cumulocity.measurement.impl.MeasurementManagementServiceImplTest</className>
          <testName>deleteDoesDelete</testName>
          <skipped>false</skipped>
          <failedSince>0</failedSince>
        </case>
        <case>
          <duration>0.004</duration>
          <className>com.cumulocity.measurement.impl.MeasurementManagementServiceImplTest</className>
          <testName>deleteThrowsExceptionOnDatabaseExeptionWhileDeleting</testName>
          <skipped>false</skipped>
          <failedSince>0</failedSince>
        </case>
        <case>
          <duration>0.001</duration>
          <className>com.cumulocity.measurement.impl.MeasurementManagementServiceImplTest</className>
          <testName>deleteThrowsExceptionOnDatabaseExeption</testName>
          <skipped>false</skipped>
          <failedSince>0</failedSince>
        </case>
        <case>
          <duration>0.002</duration>
          <className>com.cumulocity.measurement.impl.MeasurementManagementServiceImplTest</className>
          <testName>deleteThrowExceptionWhenDeletingNotExistingItem</testName>
          <skipped>false</skipped>
          <failedSince>0</failedSince>
        </case>
        <case>
          <duration>0.001</duration>
          <className>com.cumulocity.measurement.impl.MeasurementManagementServiceImplTest</className>
          <testName>deleteWithDefaultProcessingModeShouldBroadcast</testName>
          <skipped>false</skipped>
          <failedSince>0</failedSince>
        </case>
        <case>
          <duration>0.002</duration>
          <className>com.cumulocity.measurement.impl.MeasurementManagementServiceImplTest</className>
          <testName>deleteWithTransientProcessingModeShouldBroadcast</testName>
          <skipped>false</skipped>
          <failedSince>0</failedSince>
        </case>
        <case>
          <duration>0.002</duration>
          <className>com.cumulocity.measurement.impl.MeasurementManagementServiceImplTest</className>
          <testName>deleteWithQuiescentProcessingModeShouldNotBroadcast</testName>
          <skipped>false</skipped>
          <failedSince>0</failedSince>
        </case>
        <case>
          <duration>0.001</duration>
          <className>com.cumulocity.measurement.impl.MeasurementManagementServiceImplTest</className>
          <testName>deleteShouldOnlySendMeasurementToEventProcessorForCEPMode</testName>
          <skipped>false</skipped>
          <failedSince>0</failedSince>
        </case>
        <case>
          <duration>0.002</duration>
          <className>com.cumulocity.measurement.impl.MeasurementManagementServiceImplTest</className>
          <testName>findAllQueriesDataBase</testName>
          <skipped>false</skipped>
          <failedSince>0</failedSince>
        </case>
        <case>
          <duration>0.001</duration>
          <className>com.cumulocity.measurement.impl.MeasurementManagementServiceImplTest</className>
          <testName>findAllWrapsDataBaseException</testName>
          <skipped>false</skipped>
          <failedSince>0</failedSince>
        </case>
        <case>
          <duration>0.002</duration>
          <className>com.cumulocity.measurement.impl.MeasurementManagementServiceImplTest</className>
          <testName>findByIdShouldReturnMeasurement</testName>
          <skipped>false</skipped>
          <failedSince>0</failedSince>
        </case>
        <case>
          <duration>0.001</duration>
          <className>com.cumulocity.measurement.impl.MeasurementManagementServiceImplTest</className>
          <testName>findByIdShouldThrowExceptionOnDatabaseException</testName>
          <skipped>false</skipped>
          <failedSince>0</failedSince>
        </case>
        <case>
          <duration>0.001</duration>
          <className>com.cumulocity.measurement.impl.MeasurementManagementServiceImplTest</className>
          <testName>findByIdForNonExistingMeasurementShouldThrowException</testName>
          <skipped>false</skipped>
          <failedSince>0</failedSince>
        </case>
        <case>
          <duration>0.001</duration>
          <className>com.cumulocity.measurement.impl.MeasurementManagementServiceImplTest</className>
          <testName>createShouldFailOnNullSource</testName>
          <skipped>false</skipped>
          <failedSince>0</failedSince>
        </case>
      </cases>
    </suite>
    <suite>
      <file>/var/jenkins_home/workspace/Cumulocity-Platform-Services-BUILD/notification/notification-service/target/surefire-reports/TEST-com.cumulocity.notification.rest.BayeuxConnectorsTest.xml</file>
      <name>com.cumulocity.notification.rest.BayeuxConnectorsTest</name>
      <duration>0.001</duration>
      <time>0.001</time>
      <enclosingBlocks/>
      <enclosingBlockNames/>
      <cases>
        <case>
          <duration>0.0</duration>
          <className>com.cumulocity.notification.rest.BayeuxConnectorsTest</className>
          <testName>allNodesShouldHaveClusteredConnections</testName>
          <skipped>true</skipped>
          <failedSince>0</failedSince>
        </case>
      </cases>
    </suite>
    <suite>
      <file>/var/jenkins_home/workspace/Cumulocity-Platform-Services-BUILD/notification/notification-service/target/surefire-reports/TEST-com.cumulocity.notification.rest.BayeuxServerIntegrationTest.xml</file>
      <name>com.cumulocity.notification.rest.BayeuxServerIntegrationTest</name>
      <duration>17.84</duration>
      <time>17.84</time>
      <enclosingBlocks/>
      <enclosingBlockNames/>
      <cases>
        <case>
          <duration>17.733</duration>
          <className>com.cumulocity.notification.rest.BayeuxServerIntegrationTest</className>
          <testName>shouldBeMarkedAsConnectedWhenLongPollIsProgress</testName>
          <skipped>false</skipped>
          <failedSince>0</failedSince>
        </case>
      </cases>
    </suite>
    <suite>
      <file>/var/jenkins_home/workspace/Cumulocity-Platform-Services-BUILD/notification/notification-service/target/surefire-reports/TEST-com.cumulocity.notification.rest.BayeuxServerRealtimeTest.xml</file>
      <name>com.cumulocity.notification.rest.BayeuxServerRealtimeTest</name>
      <duration>7.658</duration>
      <time>7.658</time>
      <enclosingBlocks/>
      <enclosingBlockNames/>
      <cases>
        <case>
          <duration>2.091</duration>
          <className>com.cumulocity.notification.rest.BayeuxServerRealtimeTest</className>
          <testName>realtimeAlarms</testName>
          <skipped>false</skipped>
          <failedSince>0</failedSince>
        </case>
        <case>
          <duration>1.398</duration>
          <className>com.cumulocity.notification.rest.BayeuxServerRealtimeTest</className>
          <testName>realtimeMeasurements</testName>
          <skipped>false</skipped>
          <failedSince>0</failedSince>
        </case>
        <case>
          <duration>1.355</duration>
          <className>com.cumulocity.notification.rest.BayeuxServerRealtimeTest</className>
          <testName>realtimeOperations</testName>
          <skipped>false</skipped>
          <failedSince>0</failedSince>
        </case>
        <case>
          <duration>1.371</duration>
          <className>com.cumulocity.notification.rest.BayeuxServerRealtimeTest</className>
          <testName>realtimeEvents</testName>
          <skipped>false</skipped>
          <failedSince>0</failedSince>
        </case>
        <case>
          <duration>1.442</duration>
          <className>com.cumulocity.notification.rest.BayeuxServerRealtimeTest</className>
          <testName>realtimeManagedObjects</testName>
          <skipped>false</skipped>
          <failedSince>0</failedSince>
        </case>
      </cases>
    </suite>
    <suite>
      <file>/var/jenkins_home/workspace/Cumulocity-Platform-Services-BUILD/notification/notification-service/target/surefire-reports/TEST-com.cumulocity.notification.service.impl.ACLFilterExtensionTest.xml</file>
      <name>com.cumulocity.notification.service.impl.ACLFilterExtensionTest</name>
      <duration>0.045</duration>
      <time>0.045</time>
      <enclosingBlocks/>
      <enclosingBlockNames/>
      <cases>
        <case>
          <duration>0.027</duration>
          <className>com.cumulocity.notification.service.impl.ACLFilterExtensionTest</className>
          <testName>shouldNotFilterAlarmIfUserHasMatchingACLs</testName>
          <skipped>false</skipped>
          <failedSince>0</failedSince>
        </case>
        <case>
          <duration>0.003</duration>
          <className>com.cumulocity.notification.service.impl.ACLFilterExtensionTest</className>
          <testName>shouldNotFilterIfUserHasRole</testName>
          <skipped>false</skipped>
          <failedSince>0</failedSince>
        </case>
        <case>
          <duration>0.002</duration>
          <className>com.cumulocity.notification.service.impl.ACLFilterExtensionTest</className>
          <testName>shouldNotFilterIfUserIsOwner</testName>
          <skipped>false</skipped>
          <failedSince>0</failedSince>
        </case>
        <case>
          <duration>0.001</duration>
          <className>com.cumulocity.notification.service.impl.ACLFilterExtensionTest</className>
          <testName>shouldNotFilterMeasurementIfUserHasMatchingACLs</testName>
          <skipped>false</skipped>
          <failedSince>0</failedSince>
        </case>
        <case>
          <duration>0.002</duration>
          <className>com.cumulocity.notification.service.impl.ACLFilterExtensionTest</className>
          <testName>shouldNotFilterEventIfUserHasMatchingACLs</testName>
          <skipped>false</skipped>
          <failedSince>0</failedSince>
        </case>
        <case>
          <duration>0.002</duration>
          <className>com.cumulocity.notification.service.impl.ACLFilterExtensionTest</className>
          <testName>shouldNotFilterOperationIfUserHasMatchingACLs</testName>
          <skipped>false</skipped>
          <failedSince>0</failedSince>
        </case>
        <case>
          <duration>0.002</duration>
          <className>com.cumulocity.notification.service.impl.ACLFilterExtensionTest</className>
          <testName>shouldNotFilterManagedObjectIfUserHasMatchingACLs</testName>
          <skipped>false</skipped>
          <failedSince>0</failedSince>
        </case>
        <case>
          <duration>0.004</duration>
          <className>com.cumulocity.notification.service.impl.ACLFilterExtensionTest</className>
          <testName>shouldFilterIfUserLackingACLs</testName>
          <skipped>false</skipped>
          <failedSince>0</failedSince>
        </case>
      </cases>
    </suite>
    <suite>
      <file>/var/jenkins_home/workspace/Cumulocity-Platform-Services-BUILD/notification/notification-service/target/surefire-reports/TEST-com.cumulocity.notification.service.impl.BayeuxNotificationJSONTransportTest.xml</file>
      <name>com.cumulocity.notification.service.impl.BayeuxNotificationJSONTransportTest</name>
      <duration>0.007</duration>
      <time>0.007</time>
      <enclosingBlocks/>
      <enclosingBlockNames/>
      <cases>
        <case>
          <duration>0.007</duration>
          <className>com.cumulocity.notification.service.impl.BayeuxNotificationJSONTransportTest</className>
          <testName>shouldAcceptRequestWithSupportedContentTypesOnly</testName>
          <skipped>false</skipped>
          <failedSince>0</failedSince>
        </case>
        <case>
          <duration>0.0</duration>
          <className>com.cumulocity.notification.service.impl.BayeuxNotificationJSONTransportTest</className>
          <testName>shouldNotAcceptRequestWithUnknownContentType</testName>
          <skipped>false</skipped>
          <failedSince>0</failedSince>
        </case>
      </cases>
    </suite>
    <suite>
      <file>/var/jenkins_home/workspace/Cumulocity-Platform-Services-BUILD/notification/notification-service/target/surefire-reports/TEST-com.cumulocity.notification.service.impl.BayeuxNotificationSecurityPolicyTest.xml</file>
      <name>com.cumulocity.notification.service.impl.BayeuxNotificationSecurityPolicyTest</name>
      <duration>0.092</duration>
      <time>0.092</time>
      <enclosingBlocks/>
      <enclosingBlockNames/>
      <cases>
        <case>
          <duration>0.037</duration>
          <className>com.cumulocity.notification.service.impl.BayeuxNotificationSecurityPolicyTest</className>
          <testName>shouldAllowCreateChannelFromLocalSession</testName>
          <skipped>false</skipped>
          <failedSince>0</failedSince>
        </case>
        <case>
          <duration>0.002</duration>
          <className>com.cumulocity.notification.service.impl.BayeuxNotificationSecurityPolicyTest</className>
          <testName>shouldAllowCreateMetaChannelFromLocalSession</testName>
          <skipped>false</skipped>
          <failedSince>0</failedSince>
        </case>
        <case>
          <duration>0.002</duration>
          <className>com.cumulocity.notification.service.impl.BayeuxNotificationSecurityPolicyTest</className>
          <testName>shouldAllowCreateChannelFromRemoteOperationsSessionWhenDeviceExists</testName>
          <skipped>false</skipped>
          <failedSince>0</failedSince>
        </case>
        <case>
          <duration>0.003</duration>
          <className>com.cumulocity.notification.service.impl.BayeuxNotificationSecurityPolicyTest</className>
          <testName>shouldAllowCreateChannelFromRemoteOperationsSessionWhenDeviceIdIsWildcard</testName>
          <skipped>false</skipped>
          <failedSince>0</failedSince>
        </case>
        <case>
          <duration>0.002</duration>
          <className>com.cumulocity.notification.service.impl.BayeuxNotificationSecurityPolicyTest</className>
          <testName>shouldNotAllowCreateChannelFromRemoteOperationsSessionWhenStatementNotDeployed</testName>
          <skipped>false</skipped>
          <failedSince>0</failedSince>
        </case>
        <case>
          <duration>0.003</duration>
          <className>com.cumulocity.notification.service.impl.BayeuxNotificationSecurityPolicyTest</className>
          <testName>shouldNotAllowCreateChannelFromRealtime</testName>
          <skipped>false</skipped>
          <failedSince>0</failedSince>
        </case>
        <case>
          <duration>0.003</duration>
          <className>com.cumulocity.notification.service.impl.BayeuxNotificationSecurityPolicyTest</className>
          <testName>shouldAllowCreateChannelFromRealtime</testName>
          <skipped>false</skipped>
          <failedSince>0</failedSince>
        </case>
        <case>
          <duration>0.004</duration>
          <className>com.cumulocity.notification.service.impl.BayeuxNotificationSecurityPolicyTest</className>
          <testName>shouldAllowCreateChannelFromRealtimeForDevice</testName>
          <skipped>false</skipped>
          <failedSince>0</failedSince>
        </case>
        <case>
          <duration>0.003</duration>
          <className>com.cumulocity.notification.service.impl.BayeuxNotificationSecurityPolicyTest</className>
          <testName>shouldNotAllowCreateChannelFromRealtimeForNotExistingDevice</testName>
          <skipped>false</skipped>
          <failedSince>0</failedSince>
        </case>
        <case>
          <duration>0.003</duration>
          <className>com.cumulocity.notification.service.impl.BayeuxNotificationSecurityPolicyTest</className>
          <testName>shouldNotAllowCreateMetaChannelFromRemoteSession</testName>
          <skipped>false</skipped>
          <failedSince>0</failedSince>
        </case>
        <case>
          <duration>0.003</duration>
          <className>com.cumulocity.notification.service.impl.BayeuxNotificationSecurityPolicyTest</className>
          <testName>shouldAllowForHandshakeFromRemoteSession</testName>
          <skipped>false</skipped>
          <failedSince>0</failedSince>
        </case>
        <case>
          <duration>0.002</duration>
          <className>com.cumulocity.notification.service.impl.BayeuxNotificationSecurityPolicyTest</className>
          <testName>shouldAllowHandshakeFromLocalSession</testName>
          <skipped>false</skipped>
          <failedSince>0</failedSince>
        </case>
        <case>
          <duration>0.002</duration>
          <className>com.cumulocity.notification.service.impl.BayeuxNotificationSecurityPolicyTest</className>
          <testName>shouldNotAllowPublishFromRemoteSession</testName>
          <skipped>false</skipped>
          <failedSince>0</failedSince>
        </case>
        <case>
          <duration>0.002</duration>
          <className>com.cumulocity.notification.service.impl.BayeuxNotificationSecurityPolicyTest</className>
          <testName>shouldAllowPublishFromLocalSession</testName>
          <skipped>false</skipped>
          <failedSince>0</failedSince>
        </case>
        <case>
          <duration>0.002</duration>
          <className>com.cumulocity.notification.service.impl.BayeuxNotificationSecurityPolicyTest</className>
          <testName>shouldAllowSubscribeFromLocalSession</testName>
          <skipped>false</skipped>
          <failedSince>0</failedSince>
        </case>
        <case>
          <duration>0.002</duration>
          <className>com.cumulocity.notification.service.impl.BayeuxNotificationSecurityPolicyTest</className>
          <testName>shouldAllowSubscribeToMetaChannelFromLocalSession</testName>
          <skipped>false</skipped>
          <failedSince>0</failedSince>
        </case>
        <case>
          <duration>0.003</duration>
          <className>com.cumulocity.notification.service.impl.BayeuxNotificationSecurityPolicyTest</className>
          <testName>shouldAllowOperationsSubscribeFromRemoteSessionIfDeviceControlReadRolePresent</testName>
          <skipped>false</skipped>
          <failedSince>0</failedSince>
        </case>
        <case>
          <duration>0.003</duration>
          <className>com.cumulocity.notification.service.impl.BayeuxNotificationSecurityPolicyTest</className>
          <testName>shouldNotAllowOperationsSubscribeFromRemoteSessionIfNotificationReadRoleNotPresent</testName>
          <skipped>false</skipped>
          <failedSince>0</failedSince>
        </case>
        <case>
          <duration>0.002</duration>
          <className>com.cumulocity.notification.service.impl.BayeuxNotificationSecurityPolicyTest</className>
          <testName>shouldNotAllowSubscribeFromRemoteSessionWhenUserNotAutenticated</testName>
          <skipped>false</skipped>
          <failedSince>0</failedSince>
        </case>
        <case>
          <duration>0.004</duration>
          <className>com.cumulocity.notification.service.impl.BayeuxNotificationSecurityPolicyTest</className>
          <testName>shouldNotAllowSubscribeFromRemoteSessionWhenUserHasNoAnyRole</testName>
          <skipped>false</skipped>
          <failedSince>0</failedSince>
        </case>
        <case>
          <duration>0.002</duration>
          <className>com.cumulocity.notification.service.impl.BayeuxNotificationSecurityPolicyTest</className>
          <testName>shouldNotAllowSubscribeToMetaChannelFromRemoteSession</testName>
          <skipped>false</skipped>
          <failedSince>0</failedSince>
        </case>
      </cases>
    </suite>
    <suite>
      <file>/var/jenkins_home/workspace/Cumulocity-Platform-Services-BUILD/notification/notification-service/target/surefire-reports/TEST-com.cumulocity.notification.service.impl.BayeuxNotificationSmartRestTransportTest.xml</file>
      <name>com.cumulocity.notification.service.impl.BayeuxNotificationSmartRestTransportTest</name>
      <duration>0.115</duration>
      <time>0.115</time>
      <enclosingBlocks/>
      <enclosingBlockNames/>
      <cases>
        <case>
          <duration>0.067</duration>
          <className>com.cumulocity.notification.service.impl.BayeuxNotificationSmartRestTransportTest</className>
          <testName>isCorrectlySetup</testName>
          <skipped>false</skipped>
          <failedSince>0</failedSince>
        </case>
        <case>
          <duration>0.008</duration>
          <className>com.cumulocity.notification.service.impl.BayeuxNotificationSmartRestTransportTest</className>
          <testName>incomingHandshake</testName>
          <skipped>false</skipped>
          <failedSince>0</failedSince>
        </case>
        <case>
          <duration>0.002</duration>
          <className>com.cumulocity.notification.service.impl.BayeuxNotificationSmartRestTransportTest</className>
          <testName>incomingHandshakeWithAck</testName>
          <skipped>false</skipped>
          <failedSince>0</failedSince>
        </case>
        <case>
          <duration>0.001</duration>
          <className>com.cumulocity.notification.service.impl.BayeuxNotificationSmartRestTransportTest</className>
          <testName>incomingSubscribe</testName>
          <skipped>false</skipped>
          <failedSince>0</failedSince>
        </case>
        <case>
          <duration>0.002</duration>
          <className>com.cumulocity.notification.service.impl.BayeuxNotificationSmartRestTransportTest</className>
          <testName>incomingUnsubscribe</testName>
          <skipped>false</skipped>
          <failedSince>0</failedSince>
        </case>
        <case>
          <duration>0.002</duration>
          <className>com.cumulocity.notification.service.impl.BayeuxNotificationSmartRestTransportTest</className>
          <testName>incomingConnect</testName>
          <skipped>false</skipped>
          <failedSince>0</failedSince>
        </case>
        <case>
          <duration>0.002</duration>
          <className>com.cumulocity.notification.service.impl.BayeuxNotificationSmartRestTransportTest</className>
          <testName>incomingConnectWithAck</testName>
          <skipped>false</skipped>
          <failedSince>0</failedSince>
        </case>
        <case>
          <duration>0.001</duration>
          <className>com.cumulocity.notification.service.impl.BayeuxNotificationSmartRestTransportTest</className>
          <testName>incomingDisconnect</testName>
          <skipped>false</skipped>
          <failedSince>0</failedSince>
        </case>
        <case>
          <duration>0.001</duration>
          <className>com.cumulocity.notification.service.impl.BayeuxNotificationSmartRestTransportTest</className>
          <testName>incomingMessageWithWrongMessageId</testName>
          <skipped>false</skipped>
          <failedSince>0</failedSince>
        </case>
        <case>
          <duration>0.009</duration>
          <className>com.cumulocity.notification.service.impl.BayeuxNotificationSmartRestTransportTest</className>
          <testName>outgoingHandshake</testName>
          <skipped>false</skipped>
          <failedSince>0</failedSince>
        </case>
        <case>
          <duration>0.001</duration>
          <className>com.cumulocity.notification.service.impl.BayeuxNotificationSmartRestTransportTest</className>
          <testName>outgoingData</testName>
          <skipped>false</skipped>
          <failedSince>0</failedSince>
        </case>
        <case>
          <duration>0.006</duration>
          <className>com.cumulocity.notification.service.impl.BayeuxNotificationSmartRestTransportTest</className>
          <testName>outgoingDataWithAck</testName>
          <skipped>false</skipped>
          <failedSince>0</failedSince>
        </case>
        <case>
          <duration>0.001</duration>
          <className>com.cumulocity.notification.service.impl.BayeuxNotificationSmartRestTransportTest</className>
          <testName>outgoingDataWithAdvice</testName>
          <skipped>false</skipped>
          <failedSince>0</failedSince>
        </case>
        <case>
          <duration>0.001</duration>
          <className>com.cumulocity.notification.service.impl.BayeuxNotificationSmartRestTransportTest</className>
          <testName>outgoingDataFromMultipleTemplates</testName>
          <skipped>false</skipped>
          <failedSince>0</failedSince>
        </case>
        <case>
          <duration>0.008</duration>
          <className>com.cumulocity.notification.service.impl.BayeuxNotificationSmartRestTransportTest</className>
          <testName>shouldAttachXIdsToSession</testName>
          <skipped>false</skipped>
          <failedSince>0</failedSince>
        </case>
        <case>
          <duration>0.002</duration>
          <className>com.cumulocity.notification.service.impl.BayeuxNotificationSmartRestTransportTest</className>
          <testName>shouldUpdateAttachedXIdsFromSession</testName>
          <skipped>false</skipped>
          <failedSince>0</failedSince>
        </case>
        <case>
          <duration>0.001</duration>
          <className>com.cumulocity.notification.service.impl.BayeuxNotificationSmartRestTransportTest</className>
          <testName>shouldThrowExceptionWhenRequestWithSurplusParams</testName>
          <skipped>false</skipped>
          <failedSince>0</failedSince>
        </case>
      </cases>
    </suite>
    <suite>
      <file>/var/jenkins_home/workspace/Cumulocity-Platform-Services-BUILD/notification/notification-service/target/surefire-reports/TEST-com.cumulocity.notification.service.impl.ClusteringTest.xml</file>
      <name>com.cumulocity.notification.service.impl.ClusteringTest</name>
      <duration>4.862</duration>
      <time>4.862</time>
      <enclosingBlocks/>
      <enclosingBlockNames/>
      <cases>
        <case>
          <duration>2.32</duration>
          <className>com.cumulocity.notification.service.impl.ClusteringTest</className>
          <testName>shouldBroadcastMessagesFromOneNodeToAnother</testName>
          <skipped>false</skipped>
          <failedSince>0</failedSince>
        </case>
        <case>
          <duration>2.542</duration>
          <className>com.cumulocity.notification.service.impl.ClusteringTest</className>
          <testName>shouldBroadcastMessagesFromBothNodes</testName>
          <skipped>false</skipped>
          <failedSince>0</failedSince>
        </case>
      </cases>
    </suite>
    <suite>
      <file>/var/jenkins_home/workspace/Cumulocity-Platform-Services-BUILD/notification/notification-service/target/surefire-reports/TEST-com.cumulocity.notification.service.impl.NotificationBayeuxServerImplIntegrationTest.xml</file>
      <name>com.cumulocity.notification.service.impl.NotificationBayeuxServerImplIntegrationTest</name>
      <duration>0.015</duration>
      <time>0.015</time>
      <enclosingBlocks/>
      <enclosingBlockNames/>
      <cases>
        <case>
          <duration>0.005</duration>
          <className>com.cumulocity.notification.service.impl.NotificationBayeuxServerImplIntegrationTest</className>
          <testName>shouldReturnTrueWhenConnectionAvailable</testName>
          <skipped>false</skipped>
          <failedSince>0</failedSince>
        </case>
        <case>
          <duration>0.005</duration>
          <className>com.cumulocity.notification.service.impl.NotificationBayeuxServerImplIntegrationTest</className>
          <testName>shouldReturnFalseWhenConnectionUnavailable</testName>
          <skipped>false</skipped>
          <failedSince>0</failedSince>
        </case>
        <case>
          <duration>0.005</duration>
          <className>com.cumulocity.notification.service.impl.NotificationBayeuxServerImplIntegrationTest</className>
          <testName>shouldReturnFalseWhenConnectionSubscribedOnOtherDevice</testName>
          <skipped>false</skipped>
          <failedSince>0</failedSince>
        </case>
      </cases>
    </suite>
    <suite>
      <file>/var/jenkins_home/workspace/Cumulocity-Platform-Services-BUILD/notification/notification-service/target/surefire-reports/TEST-com.cumulocity.notification.service.impl.NotificationBayeuxServerSecurityTest.xml</file>
      <name>com.cumulocity.notification.service.impl.NotificationBayeuxServerSecurityTest</name>
      <duration>0.308</duration>
      <time>0.308</time>
      <enclosingBlocks/>
      <enclosingBlockNames/>
      <cases>
        <case>
          <duration>0.269</duration>
          <className>com.cumulocity.notification.service.impl.NotificationBayeuxServerSecurityTest</className>
          <testName>shouldAuthenticateWebsocketWithCookie</testName>
          <skipped>false</skipped>
          <failedSince>0</failedSince>
        </case>
        <case>
          <duration>0.019</duration>
          <className>com.cumulocity.notification.service.impl.NotificationBayeuxServerSecurityTest</className>
          <testName>shouldAuthenticateHttpWithCookie</testName>
          <skipped>false</skipped>
          <failedSince>0</failedSince>
        </case>
        <case>
          <duration>0.017</duration>
          <className>com.cumulocity.notification.service.impl.NotificationBayeuxServerSecurityTest</className>
          <testName>shouldAuthenticateWebsocketWithBasic</testName>
          <skipped>false</skipped>
          <failedSince>0</failedSince>
        </case>
        <case>
          <duration>0.002</duration>
          <className>com.cumulocity.notification.service.impl.NotificationBayeuxServerSecurityTest</className>
          <testName>shouldAuthenticateHttpWithBasic</testName>
          <skipped>false</skipped>
          <failedSince>0</failedSince>
        </case>
        <case>
          <duration>0.001</duration>
          <className>com.cumulocity.notification.service.impl.NotificationBayeuxServerSecurityTest</className>
          <testName>shouldNotAuthenticateOtherwise</testName>
          <skipped>false</skipped>
          <failedSince>0</failedSince>
        </case>
      </cases>
    </suite>
    <suite>
      <file>/var/jenkins_home/workspace/Cumulocity-Platform-Services-BUILD/notification/notification-service/target/surefire-reports/TEST-com.cumulocity.notification.service.impl.NotificationChannelIdExtensionTest.xml</file>
      <name>com.cumulocity.notification.service.impl.NotificationChannelIdExtensionTest</name>
      <duration>0.008</duration>
      <time>0.008</time>
      <enclosingBlocks/>
      <enclosingBlockNames/>
      <cases>
        <case>
          <duration>0.005</duration>
          <className>com.cumulocity.notification.service.impl.NotificationChannelIdExtensionTest</className>
          <testName>shouldAddPrefixToSubscriptionFieldOnRecievMetaSubscribe</testName>
          <skipped>false</skipped>
          <failedSince>0</failedSince>
        </case>
        <case>
          <duration>0.001</duration>
          <className>com.cumulocity.notification.service.impl.NotificationChannelIdExtensionTest</className>
          <testName>shouldAddPrefixToSubscriptionFieldOnRecievMetaUnsubscribe</testName>
          <skipped>false</skipped>
          <failedSince>0</failedSince>
        </case>
        <case>
          <duration>0.0</duration>
          <className>com.cumulocity.notification.service.impl.NotificationChannelIdExtensionTest</className>
          <testName>shouldNotAddPrefixToChannelOnReciveMessage</testName>
          <skipped>false</skipped>
          <failedSince>0</failedSince>
        </case>
        <case>
          <duration>0.001</duration>
          <className>com.cumulocity.notification.service.impl.NotificationChannelIdExtensionTest</className>
          <testName>shouldRemovePrefixToChannelOnSendToClient</testName>
          <skipped>false</skipped>
          <failedSince>0</failedSince>
        </case>
        <case>
          <duration>0.001</duration>
          <className>com.cumulocity.notification.service.impl.NotificationChannelIdExtensionTest</className>
          <testName>shouldRemovePrefixOnSendMetaSubscribeResponse</testName>
          <skipped>false</skipped>
          <failedSince>0</failedSince>
        </case>
        <case>
          <duration>0.0</duration>
          <className>com.cumulocity.notification.service.impl.NotificationChannelIdExtensionTest</className>
          <testName>shouldRemovePrefixOnSendMetaUnsubscribeResponse</testName>
          <skipped>false</skipped>
          <failedSince>0</failedSince>
        </case>
      </cases>
    </suite>
    <suite>
      <file>/var/jenkins_home/workspace/Cumulocity-Platform-Services-BUILD/notification/notification-service/target/surefire-reports/TEST-com.cumulocity.notification.service.impl.NotificationChannelIdTest.xml</file>
      <name>com.cumulocity.notification.service.impl.NotificationChannelIdTest</name>
      <duration>0.0</duration>
      <time>0</time>
      <enclosingBlocks/>
      <enclosingBlockNames/>
      <cases>
        <case>
          <duration>0.0</duration>
          <className>com.cumulocity.notification.service.impl.NotificationChannelIdTest</className>
          <testName>shouldCreateChannelNameForStatementName</testName>
          <skipped>false</skipped>
          <failedSince>0</failedSince>
        </case>
        <case>
          <duration>0.0</duration>
          <className>com.cumulocity.notification.service.impl.NotificationChannelIdTest</className>
          <testName>shouldRetrieveStatementNameForChannelName</testName>
          <skipped>false</skipped>
          <failedSince>0</failedSince>
        </case>
        <case>
          <duration>0.0</duration>
          <className>com.cumulocity.notification.service.impl.NotificationChannelIdTest</className>
          <testName>shouldRetrieveModuleNameForChannelName</testName>
          <skipped>false</skipped>
          <failedSince>0</failedSince>
        </case>
        <case>
          <duration>0.0</duration>
          <className>com.cumulocity.notification.service.impl.NotificationChannelIdTest</className>
          <testName>shouldRetrieveDeviceIdForChannelName</testName>
          <skipped>false</skipped>
          <failedSince>0</failedSince>
        </case>
        <case>
          <duration>0.0</duration>
          <className>com.cumulocity.notification.service.impl.NotificationChannelIdTest</className>
          <testName>shouldAddPrefixChannelName</testName>
          <skipped>false</skipped>
          <failedSince>0</failedSince>
        </case>
        <case>
          <duration>0.0</duration>
          <className>com.cumulocity.notification.service.impl.NotificationChannelIdTest</className>
          <testName>shouldAddPrefixChannelNameIfNotStartsWithSlash</testName>
          <skipped>false</skipped>
          <failedSince>0</failedSince>
        </case>
        <case>
          <duration>0.0</duration>
          <className>com.cumulocity.notification.service.impl.NotificationChannelIdTest</className>
          <testName>shouldDropPrefixFromChannelName</testName>
          <skipped>false</skipped>
          <failedSince>0</failedSince>
        </case>
        <case>
          <duration>0.0</duration>
          <className>com.cumulocity.notification.service.impl.NotificationChannelIdTest</className>
          <testName>shouldNotDropPrefixFromChannelName</testName>
          <skipped>false</skipped>
          <failedSince>0</failedSince>
        </case>
        <case>
          <duration>0.0</duration>
          <className>com.cumulocity.notification.service.impl.NotificationChannelIdTest</className>
          <testName>shouldCorrectlyRecognizeWildChannel</testName>
          <skipped>false</skipped>
          <failedSince>0</failedSince>
        </case>
        <case>
          <duration>0.0</duration>
          <className>com.cumulocity.notification.service.impl.NotificationChannelIdTest</className>
          <testName>shouldRecognizeChannel</testName>
          <skipped>false</skipped>
          <failedSince>0</failedSince>
        </case>
        <case>
          <duration>0.0</duration>
          <className>com.cumulocity.notification.service.impl.NotificationChannelIdTest</className>
          <testName>shouldRetrieveModuleNameForChannelNameWithWildcard</testName>
          <skipped>false</skipped>
          <failedSince>0</failedSince>
        </case>
        <case>
          <duration>0.0</duration>
          <className>com.cumulocity.notification.service.impl.NotificationChannelIdTest</className>
          <testName>shouldCreateChannelFromStatementName</testName>
          <skipped>false</skipped>
          <failedSince>0</failedSince>
        </case>
        <case>
          <duration>0.0</duration>
          <className>com.cumulocity.notification.service.impl.NotificationChannelIdTest</className>
          <testName>shouldCreateChannelFromStatementNameObj</testName>
          <skipped>false</skipped>
          <failedSince>0</failedSince>
        </case>
        <case>
          <duration>0.0</duration>
          <className>com.cumulocity.notification.service.impl.NotificationChannelIdTest</className>
          <testName>shouldCreateChannelForCustomNotification</testName>
          <skipped>false</skipped>
          <failedSince>0</failedSince>
        </case>
        <case>
          <duration>0.0</duration>
          <className>com.cumulocity.notification.service.impl.NotificationChannelIdTest</className>
          <testName>shouldGetSuperchannels</testName>
          <skipped>false</skipped>
          <failedSince>0</failedSince>
        </case>
        <case>
          <duration>0.0</duration>
          <className>com.cumulocity.notification.service.impl.NotificationChannelIdTest</className>
          <testName>shouldResolvePrefixForUrlWithoutTailingSlash</testName>
          <skipped>false</skipped>
          <failedSince>0</failedSince>
        </case>
        <case>
          <duration>0.0</duration>
          <className>com.cumulocity.notification.service.impl.NotificationChannelIdTest</className>
          <testName>shouldResolvePrefixForUrlWithoutTailingSlashAndWithQueryParms</testName>
          <skipped>false</skipped>
          <failedSince>0</failedSince>
        </case>
        <case>
          <duration>0.0</duration>
          <className>com.cumulocity.notification.service.impl.NotificationChannelIdTest</className>
          <testName>shouldResolvePrefixForUrlWithoutQueryParms</testName>
          <skipped>false</skipped>
          <failedSince>0</failedSince>
        </case>
        <case>
          <duration>0.0</duration>
          <className>com.cumulocity.notification.service.impl.NotificationChannelIdTest</className>
          <testName>shouldResolvePrefixForUrlWithQueryParms</testName>
          <skipped>false</skipped>
          <failedSince>0</failedSince>
        </case>
      </cases>
    </suite>
    <suite>
      <file>/var/jenkins_home/workspace/Cumulocity-Platform-Services-BUILD/notification/notification-service/target/surefire-reports/TEST-com.cumulocity.notification.service.impl.SvensonJSONContextServerTest.xml</file>
      <name>com.cumulocity.notification.service.impl.SvensonJSONContextServerTest</name>
      <duration>0.008</duration>
      <time>0.008</time>
      <enclosingBlocks/>
      <enclosingBlockNames/>
      <cases>
        <case>
          <duration>0.002</duration>
          <className>com.cumulocity.notification.service.impl.SvensonJSONContextServerTest</className>
          <testName>shuldParseFromInputStream</testName>
          <skipped>false</skipped>
          <failedSince>0</failedSince>
        </case>
        <case>
          <duration>0.001</duration>
          <className>com.cumulocity.notification.service.impl.SvensonJSONContextServerTest</className>
          <testName>shuldParseFromReader</testName>
          <skipped>false</skipped>
          <failedSince>0</failedSince>
        </case>
        <case>
          <duration>0.002</duration>
          <className>com.cumulocity.notification.service.impl.SvensonJSONContextServerTest</className>
          <testName>shuldParseFromString</testName>
          <skipped>false</skipped>
          <failedSince>0</failedSince>
        </case>
        <case>
          <duration>0.003</duration>
          <className>com.cumulocity.notification.service.impl.SvensonJSONContextServerTest</className>
          <testName>shouldGenerateJSONFromMessageObject</testName>
          <skipped>false</skipped>
          <failedSince>0</failedSince>
        </case>
        <case>
          <duration>0.0</duration>
          <className>com.cumulocity.notification.service.impl.SvensonJSONContextServerTest</className>
          <testName>shouldGenerateJSONFromArrayOfMessageObjects</testName>
          <skipped>false</skipped>
          <failedSince>0</failedSince>
        </case>
      </cases>
    </suite>
    <suite>
      <file>/var/jenkins_home/workspace/Cumulocity-Platform-Services-BUILD/paypal/paypal-service/target/surefire-reports/TEST-com.cumulocity.paypal.service.impl.PaypalInitializerTest.xml</file>
      <name>com.cumulocity.paypal.service.impl.PaypalInitializerTest</name>
      <duration>0.144</duration>
      <time>0.144</time>
      <enclosingBlocks/>
      <enclosingBlockNames/>
      <cases>
        <case>
          <duration>0.137</duration>
          <className>com.cumulocity.paypal.service.impl.PaypalInitializerTest</className>
          <testName>shouldSendRevertEventAndFailExecutingOperationWithUnbalancedAmount</testName>
          <skipped>false</skipped>
          <failedSince>0</failedSince>
        </case>
        <case>
          <duration>0.001</duration>
          <className>com.cumulocity.paypal.service.impl.PaypalInitializerTest</className>
          <testName>shouldFailExecutingOperationWithBalancedAmount</testName>
          <skipped>false</skipped>
          <failedSince>0</failedSince>
        </case>
        <case>
          <duration>0.001</duration>
          <className>com.cumulocity.paypal.service.impl.PaypalInitializerTest</className>
          <testName>shouldFailPendingOperation</testName>
          <skipped>false</skipped>
          <failedSince>0</failedSince>
        </case>
        <case>
          <duration>0.001</duration>
          <className>com.cumulocity.paypal.service.impl.PaypalInitializerTest</className>
          <testName>shouldDontSendRevertEventAndFailExecutingOperationWithBalancedAmount</testName>
          <skipped>false</skipped>
          <failedSince>0</failedSince>
        </case>
        <case>
          <duration>0.001</duration>
          <className>com.cumulocity.paypal.service.impl.PaypalInitializerTest</className>
          <testName>shouldDoNothingIfOperationIsNotPurchase</testName>
          <skipped>false</skipped>
          <failedSince>0</failedSince>
        </case>
      </cases>
    </suite>
    <suite>
      <file>/var/jenkins_home/workspace/Cumulocity-Platform-Services-BUILD/paypal/paypal-service/target/surefire-reports/TEST-com.cumulocity.paypal.service.impl.PaypalServicePaymentCreationTest.xml</file>
      <name>com.cumulocity.paypal.service.impl.PaypalServicePaymentCreationTest</name>
      <duration>0.047</duration>
      <time>0.047</time>
      <enclosingBlocks/>
      <enclosingBlockNames/>
      <cases>
        <case>
          <duration>0.022</duration>
          <className>com.cumulocity.paypal.service.impl.PaypalServicePaymentCreationTest</className>
          <testName>shouldCreatePaymentWithInvoice</testName>
          <skipped>false</skipped>
          <failedSince>0</failedSince>
        </case>
        <case>
          <duration>0.004</duration>
          <className>com.cumulocity.paypal.service.impl.PaypalServicePaymentCreationTest</className>
          <testName>shouldCreatePaymentAndInvoiceShouldHaveSameItemsAsDefined</testName>
          <skipped>false</skipped>
          <failedSince>0</failedSince>
        </case>
        <case>
          <duration>0.004</duration>
          <className>com.cumulocity.paypal.service.impl.PaypalServicePaymentCreationTest</className>
          <testName>shouldCreatePaymentAndInvoiceShouldHaveCalculatedTotalAmount</testName>
          <skipped>false</skipped>
          <failedSince>0</failedSince>
        </case>
        <case>
          <duration>0.004</duration>
          <className>com.cumulocity.paypal.service.impl.PaypalServicePaymentCreationTest</className>
          <testName>shouldCreatePaymentAndInvoiceShouldHaveFilledBasicInfo</testName>
          <skipped>false</skipped>
          <failedSince>0</failedSince>
        </case>
        <case>
          <duration>0.004</duration>
          <className>com.cumulocity.paypal.service.impl.PaypalServicePaymentCreationTest</className>
          <testName>shouldCreatePaymentWithTabType</testName>
          <skipped>false</skipped>
          <failedSince>0</failedSince>
        </case>
      </cases>
    </suite>
    <suite>
      <file>/var/jenkins_home/workspace/Cumulocity-Platform-Services-BUILD/paypal/paypal-service/target/surefire-reports/TEST-com.cumulocity.paypal.service.impl.PaypalServiceTest.xml</file>
      <name>com.cumulocity.paypal.service.impl.PaypalServiceTest</name>
      <duration>1.697</duration>
      <time>1.697</time>
      <enclosingBlocks/>
      <enclosingBlockNames/>
      <cases>
        <case>
          <duration>1.354</duration>
          <className>com.cumulocity.paypal.service.impl.PaypalServiceTest</className>
          <testName>shouldCreateRefundWithCurrencyCodeFromInvoceAndAmountAsDefined</testName>
          <skipped>false</skipped>
          <failedSince>0</failedSince>
        </case>
      </cases>
    </suite>
    <suite>
      <file>/var/jenkins_home/workspace/Cumulocity-Platform-Services-BUILD/platform-api-rest/target/surefire-reports/TEST-com.cumulocity.platformapi.rest.resources.api.PlatformApiResourceTest.xml</file>
      <name>com.cumulocity.platformapi.rest.resources.api.PlatformApiResourceTest</name>
      <duration>1.392</duration>
      <time>1.392</time>
      <enclosingBlocks/>
      <enclosingBlockNames/>
      <cases>
        <case>
          <duration>1.049</duration>
          <className>com.cumulocity.platformapi.rest.resources.api.PlatformApiResourceTest</className>
          <testName>testGet</testName>
          <skipped>false</skipped>
          <failedSince>0</failedSince>
        </case>
      </cases>
    </suite>
    <suite>
      <file>/var/jenkins_home/workspace/Cumulocity-Platform-Services-BUILD/platform-management/platform-management-rest/target/surefire-reports/TEST-com.cumulocity.platformmgmt.rest.DbManagementResourceTest.xml</file>
      <name>com.cumulocity.platformmgmt.rest.DbManagementResourceTest</name>
      <duration>0.714</duration>
      <time>0.714</time>
      <enclosingBlocks/>
      <enclosingBlockNames/>
      <cases>
        <case>
          <duration>0.554</duration>
          <className>com.cumulocity.platformmgmt.rest.DbManagementResourceTest</className>
          <testName>testInitManagementDb</testName>
          <skipped>false</skipped>
          <failedSince>0</failedSince>
        </case>
        <case>
          <duration>0.006</duration>
          <className>com.cumulocity.platformmgmt.rest.DbManagementResourceTest</className>
          <testName>testInitTenant</testName>
          <skipped>false</skipped>
          <failedSince>0</failedSince>
        </case>
        <case>
          <duration>0.014</duration>
          <className>com.cumulocity.platformmgmt.rest.DbManagementResourceTest</className>
          <testName>testInitManagementDbError</testName>
          <skipped>false</skipped>
          <failedSince>0</failedSince>
        </case>
        <case>
          <duration>0.003</duration>
          <className>com.cumulocity.platformmgmt.rest.DbManagementResourceTest</className>
          <testName>testInitTenantDbError</testName>
          <skipped>false</skipped>
          <failedSince>0</failedSince>
        </case>
      </cases>
    </suite>
    <suite>
      <file>/var/jenkins_home/workspace/Cumulocity-Platform-Services-BUILD/smartrest/target/surefire-reports/TEST-com.cumulocity.smartrest.RequestHandlerTest.xml</file>
      <name>com.cumulocity.smartrest.RequestHandlerTest</name>
      <duration>0.068</duration>
      <time>0.068</time>
      <enclosingBlocks/>
      <enclosingBlockNames/>
      <cases>
        <case>
          <duration>0.052</duration>
          <className>com.cumulocity.smartrest.RequestHandlerTest</className>
          <testName>requestWithMultipleTemplates</testName>
          <skipped>false</skipped>
          <failedSince>0</failedSince>
        </case>
        <case>
          <duration>0.008</duration>
          <className>com.cumulocity.smartrest.RequestHandlerTest</className>
          <testName>requestWithMultipleTemplatesAndResponses</testName>
          <skipped>false</skipped>
          <failedSince>0</failedSince>
        </case>
        <case>
          <duration>0.002</duration>
          <className>com.cumulocity.smartrest.RequestHandlerTest</className>
          <testName>requestWithNotExistingTemplate</testName>
          <skipped>false</skipped>
          <failedSince>0</failedSince>
        </case>
        <case>
          <duration>0.001</duration>
          <className>com.cumulocity.smartrest.RequestHandlerTest</className>
          <testName>requestWithNotExistingMsgIdInTemplate</testName>
          <skipped>false</skipped>
          <failedSince>0</failedSince>
        </case>
      </cases>
    </suite>
    <suite>
      <file>/var/jenkins_home/workspace/Cumulocity-Platform-Services-BUILD/smartrest/target/surefire-reports/TEST-com.cumulocity.smartrest.SmartRESTModuleTest.xml</file>
      <name>com.cumulocity.smartrest.SmartRESTModuleTest</name>
      <duration>183.999</duration>
      <time>183.999</time>
      <enclosingBlocks/>
      <enclosingBlockNames/>
      <cases>
        <case>
          <duration>31.576</duration>
          <className>com.cumulocity.smartrest.SmartRESTModuleTest</className>
          <testName>shouldContainChunkedEncodingWhenSendRequest</testName>
          <skipped>false</skipped>
          <errorStackTrace>java.lang.Exception: test timed out after 30000 milliseconds
	at com.cumulocity.smartrest.SmartRESTModuleTest.shouldContainChunkedEncodingWhenSendRequest(SmartRESTModuleTest.java:124)
</errorStackTrace>
          <errorDetails>test timed out after 30000 milliseconds</errorDetails>
          <stdout>2018-08-06 06:27:48,204 [main] DEBUG org.eclipse.jetty.util.log  - Logging to org.slf4j.impl.Log4jLoggerAdapter(org.eclipse.jetty.util.log) via org.eclipse.jetty.util.log.Slf4jLog
2018-08-06 06:27:48,274 [main] DEBUG org.eclipse.jetty.servlet.ServletHandler  - filterNameMap={}
2018-08-06 06:27:48,274 [main] DEBUG org.eclipse.jetty.servlet.ServletHandler  - pathFilters=null
2018-08-06 06:27:48,274 [main] DEBUG org.eclipse.jetty.servlet.ServletHandler  - servletFilterMap=null
2018-08-06 06:27:48,274 [main] DEBUG org.eclipse.jetty.servlet.ServletHandler  - servletPathMap={/templates/*=managedObjects}
2018-08-06 06:27:48,274 [main] DEBUG org.eclipse.jetty.servlet.ServletHandler  - servletNameMap={managedObjects=managedObjects}
2018-08-06 06:27:48,275 [main] DEBUG org.eclipse.jetty.servlet.ServletHandler  - filterNameMap={}
2018-08-06 06:27:48,275 [main] DEBUG org.eclipse.jetty.servlet.ServletHandler  - pathFilters=null
2018-08-06 06:27:48,275 [main] DEBUG org.eclipse.jetty.servlet.ServletHandler  - servletFilterMap=null
2018-08-06 06:27:48,275 [main] DEBUG org.eclipse.jetty.servlet.ServletHandler  - servletPathMap={/measurements/*=measurements}
2018-08-06 06:27:48,275 [main] DEBUG org.eclipse.jetty.servlet.ServletHandler  - servletNameMap={measurements=measurements}
2018-08-06 06:27:48,308 [main] DEBUG org.eclipse.jetty.util.component.Container  - Container org.eclipse.jetty.server.Server@7d317302 + SelectChannelConnector@0.0.0.0:8586 as connector
2018-08-06 06:27:48,312 [main] DEBUG org.eclipse.jetty.util.component.Container  - Container o.e.j.w.WebAppContext{/s,file:/var/jenkins_home/workspace/Cumulocity-Platform-Services-BUILD/smartrest/src/test/webapp/} + org.eclipse.jetty.servlet.ErrorPageErrorHandler@5e7cf14d as error
2018-08-06 06:27:48,312 [main] DEBUG org.eclipse.jetty.util.component.Container  - Container org.eclipse.jetty.server.handler.HandlerList@5cc626b1 + o.e.j.w.WebAppContext{/s,file:/var/jenkins_home/workspace/Cumulocity-Platform-Services-BUILD/smartrest/src/test/webapp/} as handler
2018-08-06 06:27:48,313 [main] DEBUG org.eclipse.jetty.util.component.Container  - Container org.eclipse.jetty.server.handler.HandlerList@5cc626b1 + o.e.j.s.ServletContextHandler{/inventory,null} as handler
2018-08-06 06:27:48,313 [main] DEBUG org.eclipse.jetty.util.component.Container  - Container org.eclipse.jetty.server.handler.HandlerList@5cc626b1 + o.e.j.s.ServletContextHandler{/measurement,null} as handler
2018-08-06 06:27:48,313 [main] DEBUG org.eclipse.jetty.util.component.Container  - Container org.eclipse.jetty.server.Server@7d317302 + org.eclipse.jetty.server.handler.HandlerList@5cc626b1 as handler
2018-08-06 06:27:48,313 [main] DEBUG org.eclipse.jetty.util.component.AbstractLifeCycle  - starting org.eclipse.jetty.server.Server@7d317302
2018-08-06 06:27:48,316 [main] INFO  org.eclipse.jetty.server.Server  - jetty-8.1.19.v20160209
2018-08-06 06:27:48,339 [main] DEBUG org.eclipse.jetty.util.component.Container  - Container org.eclipse.jetty.server.Server@7d317302 + qtp2018468789{8&lt;=0&lt;=0/254,-1} as threadpool
2018-08-06 06:27:48,339 [main] DEBUG org.eclipse.jetty.util.component.AbstractLifeCycle  - starting org.eclipse.jetty.server.handler.HandlerList@5cc626b1
2018-08-06 06:27:48,339 [main] DEBUG org.eclipse.jetty.util.component.AbstractLifeCycle  - starting o.e.j.w.WebAppContext{/s,file:/var/jenkins_home/workspace/Cumulocity-Platform-Services-BUILD/smartrest/src/test/webapp/}
2018-08-06 06:27:48,354 [main] DEBUG org.eclipse.jetty.webapp.WebAppContext  - Thread Context classloader sun.misc.Launcher$AppClassLoader@741378ec
2018-08-06 06:27:48,354 [main] DEBUG org.eclipse.jetty.webapp.WebAppContext  - Parent class loader: sun.misc.Launcher$ExtClassLoader@2a68097d 
2018-08-06 06:27:48,354 [main] DEBUG org.eclipse.jetty.webapp.WebAppContext  - preConfigure o.e.j.w.WebAppContext{/s,file:/var/jenkins_home/workspace/Cumulocity-Platform-Services-BUILD/smartrest/src/test/webapp/} with org.eclipse.jetty.webapp.WebInfConfiguration@c229885
2018-08-06 06:27:48,357 [main] DEBUG org.eclipse.jetty.webapp.WebInfConfiguration  - Set temp dir /tmp/jetty-0.0.0.0-8586-webapp-_s-any-
2018-08-06 06:27:48,358 [main] DEBUG org.eclipse.jetty.webapp.WebAppContext  - preConfigure o.e.j.w.WebAppContext{/s,file:/var/jenkins_home/workspace/Cumulocity-Platform-Services-BUILD/smartrest/src/test/webapp/} with org.eclipse.jetty.webapp.WebXmlConfiguration@377c016e
2018-08-06 06:27:48,399 [main] DEBUG org.eclipse.jetty.webapp.WebDescriptor  - jar:file:/var/jenkins_home/m2/repository/org/eclipse/jetty/jetty-webapp/8.1.19.v20160209/jetty-webapp-8.1.19.v20160209.jar!/org/eclipse/jetty/webapp/webdefault.xml: Calculated metadatacomplete = True with version=2.5
2018-08-06 06:27:48,401 [main] DEBUG org.eclipse.jetty.webapp.WebDescriptor  - file:/var/jenkins_home/workspace/Cumulocity-Platform-Services-BUILD/smartrest/src/test/webapp/WEB-INF/web.xml: Calculated metadatacomplete = NotSet with version=2.4
2018-08-06 06:27:48,401 [main] DEBUG org.eclipse.jetty.webapp.WebAppContext  - preConfigure o.e.j.w.WebAppContext{/s,file:/var/jenkins_home/workspace/Cumulocity-Platform-Services-BUILD/smartrest/src/test/webapp/} with org.eclipse.jetty.webapp.MetaInfConfiguration@680bb9fb
2018-08-06 06:27:48,401 [main] DEBUG org.eclipse.jetty.webapp.WebAppContext  - preConfigure o.e.j.w.WebAppContext{/s,file:/var/jenkins_home/workspace/Cumulocity-Platform-Services-BUILD/smartrest/src/test/webapp/} with org.eclipse.jetty.webapp.FragmentConfiguration@59df431a
2018-08-06 06:27:48,401 [main] DEBUG org.eclipse.jetty.webapp.WebAppContext  - preConfigure o.e.j.w.WebAppContext{/s,file:/var/jenkins_home/workspace/Cumulocity-Platform-Services-BUILD/smartrest/src/test/webapp/} with org.eclipse.jetty.webapp.JettyWebXmlConfiguration@50ae8e0e
2018-08-06 06:27:48,411 [main] DEBUG org.eclipse.jetty.webapp.WebAppContext  - configure o.e.j.w.WebAppContext{/s,file:/var/jenkins_home/workspace/Cumulocity-Platform-Services-BUILD/smartrest/src/test/webapp/} with org.eclipse.jetty.webapp.WebInfConfiguration@c229885
2018-08-06 06:27:48,411 [main] DEBUG org.eclipse.jetty.webapp.WebAppContext  - configure o.e.j.w.WebAppContext{/s,file:/var/jenkins_home/workspace/Cumulocity-Platform-Services-BUILD/smartrest/src/test/webapp/} with org.eclipse.jetty.webapp.WebXmlConfiguration@377c016e
2018-08-06 06:27:48,434 [main] DEBUG org.eclipse.jetty.webapp.WebAppContext  - configure o.e.j.w.WebAppContext{/s,file:/var/jenkins_home/workspace/Cumulocity-Platform-Services-BUILD/smartrest/src/test/webapp/} with org.eclipse.jetty.webapp.MetaInfConfiguration@680bb9fb
2018-08-06 06:27:48,434 [main] DEBUG org.eclipse.jetty.webapp.WebAppContext  - configure o.e.j.w.WebAppContext{/s,file:/var/jenkins_home/workspace/Cumulocity-Platform-Services-BUILD/smartrest/src/test/webapp/} with org.eclipse.jetty.webapp.FragmentConfiguration@59df431a
2018-08-06 06:27:48,434 [main] DEBUG org.eclipse.jetty.webapp.WebAppContext  - configure o.e.j.w.WebAppContext{/s,file:/var/jenkins_home/workspace/Cumulocity-Platform-Services-BUILD/smartrest/src/test/webapp/} with org.eclipse.jetty.webapp.JettyWebXmlConfiguration@50ae8e0e
2018-08-06 06:27:48,434 [main] DEBUG org.eclipse.jetty.webapp.JettyWebXmlConfiguration  - Configuring web-jetty.xml
2018-08-06 06:27:48,434 [main] DEBUG org.eclipse.jetty.webapp.MetaData  - metadata resolve o.e.j.w.WebAppContext{/s,file:/var/jenkins_home/workspace/Cumulocity-Platform-Services-BUILD/smartrest/src/test/webapp/}
2018-08-06 06:27:48,441 [main] DEBUG org.eclipse.jetty.servlet.ServletHandler  - filterNameMap={}
2018-08-06 06:27:48,441 [main] DEBUG org.eclipse.jetty.servlet.ServletHandler  - pathFilters=null
2018-08-06 06:27:48,441 [main] DEBUG org.eclipse.jetty.servlet.ServletHandler  - servletFilterMap=null
2018-08-06 06:27:48,441 [main] DEBUG org.eclipse.jetty.servlet.ServletHandler  - servletPathMap={/=default}
2018-08-06 06:27:48,441 [main] DEBUG org.eclipse.jetty.servlet.ServletHandler  - servletNameMap={default=default}
2018-08-06 06:27:48,442 [main] INFO  org.eclipse.jetty.webapp.StandardDescriptorProcessor  - NO JSP Support for /s, did not find org.apache.jasper.servlet.JspServlet
2018-08-06 06:27:48,442 [main] DEBUG org.eclipse.jetty.servlet.ServletHandler  - filterNameMap={}
2018-08-06 06:27:48,442 [main] DEBUG org.eclipse.jetty.servlet.ServletHandler  - pathFilters=null
2018-08-06 06:27:48,442 [main] DEBUG org.eclipse.jetty.servlet.ServletHandler  - servletFilterMap=null
2018-08-06 06:27:48,442 [main] DEBUG org.eclipse.jetty.servlet.ServletHandler  - servletPathMap={*.XSP=jsp, *.JSPX=jsp, *.jspf=jsp, *.jsp=jsp, *.JSPF=jsp, *.jspx=jsp, *.xsp=jsp, /=default, *.JSP=jsp}
2018-08-06 06:27:48,442 [main] DEBUG org.eclipse.jetty.servlet.ServletHandler  - servletNameMap={jsp=jsp, default=default}
2018-08-06 06:27:48,465 [main] DEBUG org.eclipse.jetty.webapp.StandardDescriptorProcessor  - ContextParam: contextClass=org.springframework.web.context.support.XmlWebApplicationContext
2018-08-06 06:27:48,465 [main] DEBUG org.eclipse.jetty.webapp.StandardDescriptorProcessor  - ContextParam: contextConfigLocation=classpath*:META-INF/spring/smartrest-rest-context.xml
2018-08-06 06:27:48,483 [main] DEBUG org.eclipse.jetty.servlet.ServletHandler  - filterNameMap={hiddenHttpMethodFilter=hiddenHttpMethodFilter}
2018-08-06 06:27:48,486 [main] DEBUG org.eclipse.jetty.servlet.ServletHandler  - pathFilters=[[/*]/[]==0=&gt;hiddenHttpMethodFilter]
2018-08-06 06:27:48,486 [main] DEBUG org.eclipse.jetty.servlet.ServletHandler  - servletFilterMap={}
2018-08-06 06:27:48,486 [main] DEBUG org.eclipse.jetty.servlet.ServletHandler  - servletPathMap={*.XSP=jsp, *.JSPX=jsp, *.jspf=jsp, *.jsp=jsp, *.JSPF=jsp, *.jspx=jsp, *.xsp=jsp, /=default, *.JSP=jsp}
2018-08-06 06:27:48,486 [main] DEBUG org.eclipse.jetty.servlet.ServletHandler  - servletNameMap={jsp=jsp, default=default}
2018-08-06 06:27:48,486 [main] DEBUG org.eclipse.jetty.servlet.ServletHandler  - filterNameMap={hiddenHttpMethodFilter=hiddenHttpMethodFilter}
2018-08-06 06:27:48,486 [main] DEBUG org.eclipse.jetty.servlet.ServletHandler  - pathFilters=[[/*]/[]==0=&gt;hiddenHttpMethodFilter]
2018-08-06 06:27:48,486 [main] DEBUG org.eclipse.jetty.servlet.ServletHandler  - servletFilterMap={}
2018-08-06 06:27:48,486 [main] DEBUG org.eclipse.jetty.servlet.ServletHandler  - servletPathMap={*.XSP=jsp, *.JSPX=jsp, *.jspf=jsp, *.jsp=jsp, *.JSPF=jsp, *.jspx=jsp, /*=proxyRequestHandler, *.xsp=jsp, /=default, *.JSP=jsp}
2018-08-06 06:27:48,486 [main] DEBUG org.eclipse.jetty.servlet.ServletHandler  - servletNameMap={jsp=jsp, default=default, proxyRequestHandler=proxyRequestHandler}
2018-08-06 06:27:48,486 [main] DEBUG org.eclipse.jetty.util.component.Container  - Container org.eclipse.jetty.servlet.ServletHandler@1538c1e3 + hiddenHttpMethodFilter as filter
2018-08-06 06:27:48,486 [main] DEBUG org.eclipse.jetty.util.component.Container  - Container org.eclipse.jetty.servlet.ServletHandler@1538c1e3 + [/*]/[]==0=&gt;hiddenHttpMethodFilter as filterMapping
2018-08-06 06:27:48,486 [main] DEBUG org.eclipse.jetty.util.component.Container  - Container org.eclipse.jetty.servlet.ServletHandler@1538c1e3 + default as servlet
2018-08-06 06:27:48,487 [main] DEBUG org.eclipse.jetty.util.component.Container  - Container org.eclipse.jetty.servlet.ServletHandler@1538c1e3 + jsp as servlet
2018-08-06 06:27:48,487 [main] DEBUG org.eclipse.jetty.util.component.Container  - Container org.eclipse.jetty.servlet.ServletHandler@1538c1e3 + proxyRequestHandler as servlet
2018-08-06 06:27:48,487 [main] DEBUG org.eclipse.jetty.util.component.Container  - Container org.eclipse.jetty.servlet.ServletHandler@1538c1e3 + [/]=&gt;default as servletMapping
2018-08-06 06:27:48,487 [main] DEBUG org.eclipse.jetty.util.component.Container  - Container org.eclipse.jetty.servlet.ServletHandler@1538c1e3 + [*.jsp, *.jspf, *.jspx, *.xsp, *.JSP, *.JSPF, *.JSPX, *.XSP]=&gt;jsp as servletMapping
2018-08-06 06:27:48,487 [main] DEBUG org.eclipse.jetty.util.component.Container  - Container org.eclipse.jetty.servlet.ServletHandler@1538c1e3 + [/*]=&gt;proxyRequestHandler as servletMapping
2018-08-06 06:27:48,487 [main] DEBUG org.eclipse.jetty.util.component.Container  - Container org.eclipse.jetty.security.ConstraintSecurityHandler@414128f7 + org.eclipse.jetty.servlet.ServletHandler@1538c1e3 as handler
2018-08-06 06:27:48,487 [main] DEBUG org.eclipse.jetty.util.component.Container  - Container org.eclipse.jetty.server.session.SessionHandler@1ce89199 + org.eclipse.jetty.security.ConstraintSecurityHandler@414128f7 as handler
2018-08-06 06:27:48,487 [main] DEBUG org.eclipse.jetty.util.component.Container  - Container org.eclipse.jetty.server.session.SessionHandler@1ce89199 + org.eclipse.jetty.server.session.HashSessionManager@68aee2a2 as sessionManager
2018-08-06 06:27:48,487 [main] DEBUG org.eclipse.jetty.util.component.Container  - Container o.e.j.w.WebAppContext{/s,file:/var/jenkins_home/workspace/Cumulocity-Platform-Services-BUILD/smartrest/src/test/webapp/} + org.eclipse.jetty.server.session.SessionHandler@1ce89199 as handler
2018-08-06 06:27:48,487 [main] DEBUG org.eclipse.jetty.util.component.AbstractLifeCycle  - starting org.eclipse.jetty.server.session.SessionHandler@1ce89199
2018-08-06 06:27:48,487 [main] DEBUG org.eclipse.jetty.util.component.AbstractLifeCycle  - starting org.eclipse.jetty.server.session.HashSessionManager@68aee2a2
2018-08-06 06:27:48,489 [main] DEBUG org.eclipse.jetty.util.component.Container  - Container org.eclipse.jetty.server.Server@7d317302 + org.eclipse.jetty.server.session.HashSessionIdManager@11fbe23d as sessionIdManager
2018-08-06 06:27:48,489 [main] DEBUG org.eclipse.jetty.util.component.AbstractLifeCycle  - starting org.eclipse.jetty.server.session.HashSessionIdManager@11fbe23d
2018-08-06 06:27:48,489 [main] DEBUG org.eclipse.jetty.util.component.AbstractLifeCycle  - STARTED org.eclipse.jetty.server.session.HashSessionIdManager@11fbe23d
2018-08-06 06:27:48,490 [main] DEBUG org.eclipse.jetty.util.component.AbstractLifeCycle  - STARTED org.eclipse.jetty.server.session.HashSessionManager@68aee2a2
2018-08-06 06:27:48,490 [main] DEBUG org.eclipse.jetty.util.component.AbstractLifeCycle  - starting org.eclipse.jetty.security.ConstraintSecurityHandler@414128f7
2018-08-06 06:27:48,492 [main] DEBUG org.eclipse.jetty.util.component.AbstractLifeCycle  - starting org.eclipse.jetty.servlet.ServletHandler@1538c1e3
2018-08-06 06:27:48,492 [main] DEBUG org.eclipse.jetty.servlet.ServletHandler  - filterNameMap={hiddenHttpMethodFilter=hiddenHttpMethodFilter}
2018-08-06 06:27:48,492 [main] DEBUG org.eclipse.jetty.servlet.ServletHandler  - pathFilters=[[/*]/[]==0=&gt;hiddenHttpMethodFilter]
2018-08-06 06:27:48,492 [main] DEBUG org.eclipse.jetty.servlet.ServletHandler  - servletFilterMap={}
2018-08-06 06:27:48,492 [main] DEBUG org.eclipse.jetty.servlet.ServletHandler  - servletPathMap={*.XSP=jsp, *.JSPX=jsp, *.jspf=jsp, *.jsp=jsp, *.JSPF=jsp, *.jspx=jsp, /*=proxyRequestHandler, *.xsp=jsp, /=default, *.JSP=jsp}
2018-08-06 06:27:48,492 [main] DEBUG org.eclipse.jetty.servlet.ServletHandler  - servletNameMap={jsp=jsp, default=default, proxyRequestHandler=proxyRequestHandler}
2018-08-06 06:27:48,492 [main] DEBUG org.eclipse.jetty.server.handler.AbstractHandler  - starting org.eclipse.jetty.servlet.ServletHandler@1538c1e3
2018-08-06 06:27:48,493 [main] DEBUG org.eclipse.jetty.util.component.AbstractLifeCycle  - STARTED org.eclipse.jetty.servlet.ServletHandler@1538c1e3
2018-08-06 06:27:48,493 [main] DEBUG org.eclipse.jetty.server.handler.AbstractHandler  - starting org.eclipse.jetty.security.ConstraintSecurityHandler@414128f7
2018-08-06 06:27:48,493 [main] DEBUG org.eclipse.jetty.util.component.AbstractLifeCycle  - STARTED org.eclipse.jetty.security.ConstraintSecurityHandler@414128f7
2018-08-06 06:27:48,493 [main] DEBUG org.eclipse.jetty.server.handler.AbstractHandler  - starting org.eclipse.jetty.server.session.SessionHandler@1ce89199
2018-08-06 06:27:48,493 [main] DEBUG org.eclipse.jetty.util.component.AbstractLifeCycle  - STARTED org.eclipse.jetty.server.session.SessionHandler@1ce89199
2018-08-06 06:27:48,493 [main] DEBUG org.eclipse.jetty.server.handler.AbstractHandler  - starting o.e.j.w.WebAppContext{/s,file:/var/jenkins_home/workspace/Cumulocity-Platform-Services-BUILD/smartrest/src/test/webapp/}
2018-08-06 06:27:48,493 [main] DEBUG org.eclipse.jetty.util.component.AbstractLifeCycle  - starting org.eclipse.jetty.servlet.ErrorPageErrorHandler@5e7cf14d
2018-08-06 06:27:48,493 [main] DEBUG org.eclipse.jetty.server.handler.AbstractHandler  - starting org.eclipse.jetty.servlet.ErrorPageErrorHandler@5e7cf14d
2018-08-06 06:27:48,493 [main] DEBUG org.eclipse.jetty.util.component.AbstractLifeCycle  - STARTED org.eclipse.jetty.servlet.ErrorPageErrorHandler@5e7cf14d
2018-08-06 06:27:48,493 [main] INFO  /s  - Initializing Spring root WebApplicationContext
2018-08-06 06:27:48,494 [main] INFO  org.springframework.web.context.ContextLoader  - Root WebApplicationContext: initialization started
2018-08-06 06:27:48,571 [main] DEBUG org.springframework.web.context.support.StandardServletEnvironment  - Adding [servletConfigInitParams] PropertySource with lowest search precedence
2018-08-06 06:27:48,571 [main] DEBUG org.springframework.web.context.support.StandardServletEnvironment  - Adding [servletContextInitParams] PropertySource with lowest search precedence
2018-08-06 06:27:48,575 [main] DEBUG org.springframework.web.context.support.StandardServletEnvironment  - Adding [jndiProperties] PropertySource with lowest search precedence
2018-08-06 06:27:48,576 [main] DEBUG org.springframework.web.context.support.StandardServletEnvironment  - Adding [systemProperties] PropertySource with lowest search precedence
2018-08-06 06:27:48,577 [main] DEBUG org.springframework.web.context.support.StandardServletEnvironment  - Adding [systemEnvironment] PropertySource with lowest search precedence
2018-08-06 06:27:48,578 [main] DEBUG org.springframework.web.context.support.StandardServletEnvironment  - Initialized StandardServletEnvironment with PropertySources [servletConfigInitParams,servletContextInitParams,jndiProperties,systemProperties,systemEnvironment]
2018-08-06 06:27:48,583 [main] DEBUG org.springframework.web.context.support.StandardServletEnvironment  - Replacing [servletContextInitParams] PropertySource with [servletContextInitParams]
2018-08-06 06:27:48,585 [main] INFO  org.springframework.web.context.support.XmlWebApplicationContext  - Refreshing Root WebApplicationContext: startup date [Mon Aug 06 06:27:48 UTC 2018]; root of context hierarchy
2018-08-06 06:27:48,634 [main] DEBUG org.springframework.core.env.StandardEnvironment  - Adding [systemProperties] PropertySource with lowest search precedence
2018-08-06 06:27:48,634 [main] DEBUG org.springframework.core.env.StandardEnvironment  - Adding [systemEnvironment] PropertySource with lowest search precedence
2018-08-06 06:27:48,634 [main] DEBUG org.springframework.core.env.StandardEnvironment  - Initialized StandardEnvironment with PropertySources [systemProperties,systemEnvironment]
2018-08-06 06:27:48,646 [main] INFO  org.springframework.beans.factory.xml.XmlBeanDefinitionReader  - Loading XML bean definitions from URL [file:/var/jenkins_home/workspace/Cumulocity-Platform-Services-BUILD/smartrest/target/classes/META-INF/spring/smartrest-rest-context.xml]
2018-08-06 06:27:48,650 [main] DEBUG org.springframework.beans.factory.xml.DefaultDocumentLoader  - Using JAXP provider [com.sun.org.apache.xerces.internal.jaxp.DocumentBuilderFactoryImpl]
2018-08-06 06:27:48,667 [main] DEBUG org.springframework.beans.factory.xml.PluggableSchemaResolver  - Loading schema mappings from [META-INF/spring.schemas]
2018-08-06 06:27:48,670 [main] DEBUG org.springframework.beans.factory.xml.PluggableSchemaResolver  - Loaded schema mappings: {http://www.springframework.org/schema/context/spring-context-3.1.xsd=org/springframework/context/config/spring-context-3.1.xsd, http://www.springframework.org/schema/util/spring-util-3.0.xsd=org/springframework/beans/factory/xml/spring-util-3.0.xsd, http://cxf.apache.org/schemas/configuration/http-conf.xsd=schemas/configuration/http-conf.xsd, http://cxf.apache.org/configuration/parameterized-types=schemas/configuration/parameterized-types.xsd, http://www.springframework.org/schema/security/spring-security-3.0.3.xsd=org/springframework/security/config/spring-security-3.0.3.xsd, http://www.springframework.org/schema/tool/spring-tool.xsd=org/springframework/beans/factory/xml/spring-tool-3.2.xsd, http://www.springframework.org/schema/aop/spring-aop-3.2.xsd=org/springframework/aop/config/spring-aop-3.2.xsd, http://www.springframework.org/schema/security/spring-security-2.0.1.xsd=org/springframework/security/config/spring-security-2.0.1.xsd, http://cxf.apache.org/schemas/jaxrs.xsd=schemas/jaxrs.xsd, http://www.springframework.org/schema/lang/spring-lang-3.2.xsd=org/springframework/scripting/config/spring-lang-3.2.xsd, http://www.springframework.org/schema/osgi-compendium/spring-osgi-compendium-1.2.xsd=org/springframework/osgi/compendium/config/spring-osgi-compendium-1.2.xsd, http://www.springframework.org/schema/cache/spring-cache-3.2.xsd=org/springframework/cache/config/spring-cache-3.2.xsd, http://www.springframework.org/schema/util/spring-util-2.0.xsd=org/springframework/beans/factory/xml/spring-util-2.0.xsd, http://www.springframework.org/schema/osgi/spring-osgi-1.2.xsd=org/springframework/osgi/config/spring-osgi-1.2.xsd, http://www.springframework.org/schema/tool/spring-tool-3.2.xsd=org/springframework/beans/factory/xml/spring-tool-3.2.xsd, http://www.springframework.org/schema/context/spring-context.xsd=org/springframework/context/config/spring-context-3.2.xsd, http://schemas.xmlsoap.org/ws/2004/08/addressing=schemas/wsdl/addressing.xsd, http://www.springframework.org/schema/security/spring-security-2.0.xsd=org/springframework/security/config/spring-security-2.0.xsd, http://www.springframework.org/schema/jee/spring-jee-3.2.xsd=org/springframework/ejb/config/spring-jee-3.2.xsd, http://www.springframework.org/schema/context/spring-context-3.0.xsd=org/springframework/context/config/spring-context-3.0.xsd, http://www.springframework.org/schema/util/spring-util-2.5.xsd=org/springframework/beans/factory/xml/spring-util-2.5.xsd, http://www.springframework.org/schema/beans/spring-beans-3.2.xsd=org/springframework/beans/factory/xml/spring-beans-3.2.xsd, http://www.springframework.org/schema/aop/spring-aop-3.1.xsd=org/springframework/aop/config/spring-aop-3.1.xsd, http://schemas.xmlsoap.org/wsdl/=schemas/wsdl/wsdl.xsd, http://www.springframework.org/schema/lang/spring-lang-3.1.xsd=org/springframework/scripting/config/spring-lang-3.1.xsd, http://www.springframework.org/schema/osgi-compendium/spring-osgi-compendium-1.1.xsd=org/springframework/osgi/compendium/config/spring-osgi-compendium-1.1.xsd, http://www.springframework.org/schema/cache/spring-cache-3.1.xsd=org/springframework/cache/config/spring-cache-3.1.xsd, http://www.springframework.org/schema/osgi/spring-osgi-1.1.xsd=org/springframework/osgi/config/spring-osgi-1.1.xsd, http://cxf.apache.org/schemas/configuration/http-jetty.xsd=schemas/configuration/http-jetty.xsd, http://www.springframework.org/schema/tool/spring-tool-3.1.xsd=org/springframework/beans/factory/xml/spring-tool-3.1.xsd, http://schemas.xmlsoap.org/wsdl/http/=schemas/wsdl/http.xsd, http://www.springframework.org/schema/jee/spring-jee-3.1.xsd=org/springframework/ejb/config/spring-jee-3.1.xsd, http://cxf.apache.org/schemas/configuration/parameterized-types.xsd=schemas/configuration/parameterized-types.xsd, http://www.springframework.org/schema/task/spring-task-3.2.xsd=org/springframework/scheduling/config/spring-task-3.2.xsd, http://www.springframework.org/schema/beans/spring-beans-3.1.xsd=org/springframework/beans/factory/xml/spring-beans-3.1.xsd, http://www.springframework.org/schema/util/spring-util.xsd=org/springframework/beans/factory/xml/spring-util-3.2.xsd, http://www.springframework.org/schema/aop/spring-aop-3.0.xsd=org/springframework/aop/config/spring-aop-3.0.xsd, http://www.springframework.org/schema/beans/spring-beans.xsd=org/springframework/beans/factory/xml/spring-beans-3.2.xsd, http://www.springframework.org/schema/security/spring-security-2.0.4.xsd=org/springframework/security/config/spring-security-2.0.4.xsd, http://www.springframework.org/schema/lang/spring-lang-3.0.xsd=org/springframework/scripting/config/spring-lang-3.0.xsd, http://schemas.xmlsoap.org/wsdl/2003-02-11.xsd=schemas/wsdl/wsdl.xsd, http://www.springframework.org/schema/osgi-compendium/spring-osgi-compendium-1.0.xsd=org/springframework/osgi/compendium/config/spring-osgi-compendium-1.0.xsd, http://www.springframework.org/schema/context/spring-context-2.5.xsd=org/springframework/context/config/spring-context-2.5.xsd, http://www.springframework.org/schema/tool/spring-tool-3.0.xsd=org/springframework/beans/factory/xml/spring-tool-3.0.xsd, http://www.springframework.org/schema/osgi/spring-osgi-1.0.xsd=org/springframework/osgi/config/spring-osgi-1.0.xsd, http://www.springframework.org/schema/osgi/spring-osgi.xsd=org/springframework/osgi/config/spring-osgi-1.2.xsd, http://www.springframework.org/schema/aop/spring-aop-2.0.xsd=org/springframework/aop/config/spring-aop-2.0.xsd, http://www.springframework.org/schema/security/spring-security-3.2.xsd=org/springframework/security/config/spring-security-3.2.xsd, http://www.springframework.org/schema/jee/spring-jee-3.0.xsd=org/springframework/ejb/config/spring-jee-3.0.xsd, http://www.springframework.org/schema/task/spring-task-3.1.xsd=org/springframework/scheduling/config/spring-task-3.1.xsd, http://www.springframework.org/schema/beans/spring-beans-3.0.xsd=org/springframework/beans/factory/xml/spring-beans-3.0.xsd, http://cxf.apache.org/schemas/wsdl/http-conf.xsd=schemas/wsdl/http-conf.xsd, http://www.springframework.org/schema/jee/spring-jee.xsd=org/springframework/ejb/config/spring-jee-3.2.xsd, http://www.springframework.org/schema/aop/spring-aop-2.5.xsd=org/springframework/aop/config/spring-aop-2.5.xsd, http://www.springframework.org/schema/lang/spring-lang-2.0.xsd=org/springframework/scripting/config/spring-lang-2.0.xsd, http://www.springframework.org/schema/util/spring-util-3.2.xsd=org/springframework/beans/factory/xml/spring-util-3.2.xsd, http://www.springframework.org/schema/task/spring-task.xsd=org/springframework/scheduling/config/spring-task-3.2.xsd, http://www.springframework.org/schema/tool/spring-tool-2.0.xsd=org/springframework/beans/factory/xml/spring-tool-2.0.xsd, http://www.springframework.org/schema/lang/spring-lang-2.5.xsd=org/springframework/scripting/config/spring-lang-2.5.xsd, http://www.springframework.org/schema/jee/spring-jee-2.0.xsd=org/springframework/ejb/config/spring-jee-2.0.xsd, http://www.springframework.org/schema/tool/spring-tool-2.5.xsd=org/springframework/beans/factory/xml/spring-tool-2.5.xsd, http://www.springframework.org/schema/jee/spring-jee-2.5.xsd=org/springframework/ejb/config/spring-jee-2.5.xsd, http://www.springframework.org/schema/security/spring-security-3.1.xsd=org/springframework/security/config/spring-security-3.1.xsd, http://cxf.apache.org/schemas/configuration/cxf-beans.xsd=schemas/configuration/cxf-beans.xsd, http://www.springframework.org/schema/task/spring-task-3.0.xsd=org/springframework/scheduling/config/spring-task-3.0.xsd, http://cxf.apache.org/schemas/core.xsd=schemas/core.xsd, http://www.springframework.org/schema/lang/spring-lang.xsd=org/springframework/scripting/config/spring-lang-3.2.xsd, http://www.springframework.org/schema/context/spring-context-3.2.xsd=org/springframework/context/config/spring-context-3.2.xsd, http://www.springframework.org/schema/util/spring-util-3.1.xsd=org/springframework/beans/factory/xml/spring-util-3.1.xsd, http://www.springframework.org/schema/beans/spring-beans-2.0.xsd=org/springframework/beans/factory/xml/spring-beans-2.0.xsd, http://cxf.apache.org/schemas/configuration/security.xsd=schemas/configuration/security.xsd, http://www.springframework.org/schema/cache/spring-cache.xsd=org/springframework/cache/config/spring-cache-3.2.xsd, http://www.springframework.org/schema/security/spring-security-2.0.2.xsd=org/springframework/security/config/spring-security-2.0.2.xsd, http://www.springframework.org/schema/beans/spring-beans-2.5.xsd=org/springframework/beans/factory/xml/spring-beans-2.5.xsd, http://www.springframework.org/schema/security/spring-security.xsd=org/springframework/security/config/spring-security-3.2.xsd, http://www.springframework.org/schema/security/spring-security-3.0.xsd=org/springframework/security/config/spring-security-3.0.xsd, http://www.springframework.org/schema/aop/spring-aop.xsd=org/springframework/aop/config/spring-aop-3.2.xsd, http://www.springframework.org/schema/osgi-compendium/spring-osgi-compendium.xsd=org/springframework/osgi/compendium/config/spring-osgi-compendium-1.2.xsd}
2018-08-06 06:27:48,670 [main] DEBUG org.springframework.beans.factory.xml.PluggableSchemaResolver  - Found XML schema [http://www.springframework.org/schema/beans/spring-beans.xsd] in classpath: org/springframework/beans/factory/xml/spring-beans-3.2.xsd
2018-08-06 06:27:48,696 [main] DEBUG org.springframework.beans.factory.xml.PluggableSchemaResolver  - Found XML schema [http://www.springframework.org/schema/context/spring-context.xsd] in classpath: org/springframework/context/config/spring-context-3.2.xsd
2018-08-06 06:27:48,701 [main] DEBUG org.springframework.beans.factory.xml.PluggableSchemaResolver  - Found XML schema [http://www.springframework.org/schema/tool/spring-tool-3.2.xsd] in classpath: org/springframework/beans/factory/xml/spring-tool-3.2.xsd
2018-08-06 06:27:48,710 [main] DEBUG org.springframework.beans.factory.xml.DefaultBeanDefinitionDocumentReader  - Loading bean definitions
2018-08-06 06:27:48,722 [main] INFO  org.springframework.beans.factory.xml.XmlBeanDefinitionReader  - Loading XML bean definitions from class path resource [META-INF/cumulocity/configuration/cumulocity-configuration.xml]
2018-08-06 06:27:48,724 [main] DEBUG org.springframework.beans.factory.xml.DefaultDocumentLoader  - Using JAXP provider [com.sun.org.apache.xerces.internal.jaxp.DocumentBuilderFactoryImpl]
2018-08-06 06:27:48,725 [main] DEBUG org.springframework.beans.factory.xml.PluggableSchemaResolver  - Found XML schema [http://www.springframework.org/schema/beans/spring-beans.xsd] in classpath: org/springframework/beans/factory/xml/spring-beans-3.2.xsd
2018-08-06 06:27:48,740 [main] DEBUG org.springframework.beans.factory.xml.PluggableSchemaResolver  - Found XML schema [http://www.springframework.org/schema/util/spring-util.xsd] in classpath: org/springframework/beans/factory/xml/spring-util-3.2.xsd
2018-08-06 06:27:48,743 [main] DEBUG org.springframework.beans.factory.xml.PluggableSchemaResolver  - Found XML schema [http://www.springframework.org/schema/tool/spring-tool-3.2.xsd] in classpath: org/springframework/beans/factory/xml/spring-tool-3.2.xsd
2018-08-06 06:27:48,746 [main] DEBUG org.springframework.beans.factory.xml.DefaultBeanDefinitionDocumentReader  - Loading bean definitions
2018-08-06 06:27:48,754 [main] DEBUG org.springframework.beans.factory.xml.BeanDefinitionParserDelegate  - Neither XML &apos;id&apos; nor &apos;name&apos; specified - using generated bean name [com.cumulocity.common.config.PlatformEnvironment#0]
2018-08-06 06:27:48,756 [main] DEBUG org.springframework.beans.factory.xml.DefaultNamespaceHandlerResolver  - Loaded NamespaceHandler mappings: {http://www.springframework.org/schema/p=org.springframework.beans.factory.xml.SimplePropertyNamespaceHandler, http://cxf.apache.org/transports/http-jetty/configuration=org.apache.cxf.transport.http_jetty.spring.NamespaceHandler, http://www.springframework.org/schema/util=org.springframework.beans.factory.xml.UtilNamespaceHandler, http://www.springframework.org/schema/jee=org.springframework.ejb.config.JeeNamespaceHandler, http://www.springframework.org/schema/osgi=org.springframework.osgi.config.OsgiNamespaceHandler, http://www.springframework.org/schema/aop=org.springframework.aop.config.AopNamespaceHandler, http://cxf.apache.org/transports/http/configuration=org.apache.cxf.transport.http.spring.NamespaceHandler, http://www.springframework.org/schema/cache=org.springframework.cache.config.CacheNamespaceHandler, http://www.springframework.org/schema/c=org.springframework.beans.factory.xml.SimpleConstructorNamespaceHandler, http://www.springframework.org/schema/security=org.springframework.security.config.SecurityNamespaceHandler, http://cxf.apache.org/jaxrs=org.apache.cxf.jaxrs.spring.NamespaceHandler, http://cxf.apache.org/core=org.apache.cxf.bus.spring.NamespaceHandler, http://www.springframework.org/schema/task=org.springframework.scheduling.config.TaskNamespaceHandler, http://www.springframework.org/schema/lang=org.springframework.scripting.config.LangNamespaceHandler, http://www.springframework.org/schema/osgi-compendium=org.springframework.osgi.compendium.config.CompendiumNamespaceHandler, http://www.springframework.org/schema/context=org.springframework.context.config.ContextNamespaceHandler}
2018-08-06 06:27:48,762 [main] DEBUG org.springframework.beans.factory.xml.BeanDefinitionParserDelegate  - Neither XML &apos;id&apos; nor &apos;name&apos; specified - using generated bean name [org.springframework.context.support.PropertySourcesPlaceholderConfigurer#0]
2018-08-06 06:27:48,774 [main] DEBUG org.springframework.beans.factory.xml.XmlBeanDefinitionReader  - Loaded 3 bean definitions from location pattern [classpath:META-INF/cumulocity/configuration/cumulocity-configuration.xml]
2018-08-06 06:27:48,775 [main] DEBUG org.springframework.beans.factory.xml.DefaultBeanDefinitionDocumentReader  - Imported 3 bean definitions from URL location [classpath:META-INF/cumulocity/configuration/cumulocity-configuration.xml]
2018-08-06 06:27:48,794 [main] DEBUG org.springframework.beans.factory.xml.XmlBeanDefinitionReader  - Loaded 13 bean definitions from location pattern [classpath*:META-INF/spring/smartrest-rest-context.xml]
2018-08-06 06:27:48,794 [main] DEBUG org.springframework.web.context.support.XmlWebApplicationContext  - Bean factory for Root WebApplicationContext: org.springframework.beans.factory.support.DefaultListableBeanFactory@3b1f1f5: defining beans [com.cumulocity.common.config.PlatformEnvironment#0,org.springframework.context.support.PropertySourcesPlaceholderConfigurer#0,configLocations,org.springframework.context.annotation.internalConfigurationAnnotationProcessor,org.springframework.context.annotation.internalAutowiredAnnotationProcessor,org.springframework.context.annotation.internalRequiredAnnotationProcessor,org.springframework.context.annotation.internalCommonAnnotationProcessor,proxyRequestHandler,requestHandler,templateProvider,requestDispatcher,restDispatcherHttpClient,concurrentExecutor]; root of factory hierarchy
2018-08-06 06:27:48,816 [main] DEBUG org.springframework.beans.factory.support.DefaultListableBeanFactory  - Creating shared instance of singleton bean &apos;com.cumulocity.common.config.PlatformEnvironment#0&apos;
2018-08-06 06:27:48,817 [main] DEBUG org.springframework.beans.factory.support.DefaultListableBeanFactory  - Creating instance of bean &apos;com.cumulocity.common.config.PlatformEnvironment#0&apos;
2018-08-06 06:27:48,850 [main] DEBUG org.springframework.beans.factory.support.DefaultListableBeanFactory  - Creating shared instance of singleton bean &apos;configLocations&apos;
2018-08-06 06:27:48,850 [main] DEBUG org.springframework.beans.factory.support.DefaultListableBeanFactory  - Creating instance of bean &apos;configLocations&apos;
2018-08-06 06:27:48,850 [main] DEBUG org.springframework.beans.factory.support.DefaultListableBeanFactory  - Eagerly caching bean &apos;configLocations&apos; to allow for resolving potential circular references
2018-08-06 06:27:48,876 [main] DEBUG org.springframework.beans.factory.support.DefaultListableBeanFactory  - Invoking afterPropertiesSet() on bean with name &apos;configLocations&apos;
2018-08-06 06:27:48,878 [main] DEBUG org.springframework.beans.factory.support.DefaultListableBeanFactory  - Finished creating instance of bean &apos;configLocations&apos;
2018-08-06 06:27:48,902 [main] DEBUG org.springframework.beans.factory.support.DefaultListableBeanFactory  - Eagerly caching bean &apos;com.cumulocity.common.config.PlatformEnvironment#0&apos; to allow for resolving potential circular references
2018-08-06 06:27:48,902 [main] DEBUG com.cumulocity.common.config.PlatformEnvironment  - Root WebApplicationContext: startup date [Mon Aug 06 06:27:48 UTC 2018]; root of context hierarchy
2018-08-06 06:27:48,921 [main] DEBUG com.cumulocity.common.config.PlatformEnvironment  - registering class path resource [META-INF/spring/cumulocity-core.properties]
2018-08-06 06:27:48,921 [main] DEBUG org.springframework.web.context.support.StandardServletEnvironment  - Adding [class path resource [META-INF/spring/cumulocity-core.properties]] PropertySource with lowest search precedence
2018-08-06 06:27:48,921 [main] DEBUG org.springframework.core.env.PropertySourcesPropertyResolver  - Searching for key &apos;user.home&apos; in [servletConfigInitParams]
2018-08-06 06:27:48,921 [main] DEBUG org.springframework.core.env.PropertySourcesPropertyResolver  - Searching for key &apos;user.home&apos; in [servletContextInitParams]
2018-08-06 06:27:48,921 [main] DEBUG org.springframework.core.env.PropertySourcesPropertyResolver  - Searching for key &apos;user.home&apos; in [jndiProperties]
2018-08-06 06:27:48,921 [main] DEBUG org.springframework.jndi.JndiTemplate  - Looking up JNDI object with name [java:comp/env/user.home]
2018-08-06 06:27:48,922 [main] DEBUG org.springframework.jndi.JndiLocatorDelegate  - Converted JNDI name [java:comp/env/user.home] not found - trying original name [user.home]. javax.naming.NoInitialContextException: Need to specify class name in environment or system property, or as an applet parameter, or in an application resource file:  java.naming.factory.initial
2018-08-06 06:27:48,922 [main] DEBUG org.springframework.jndi.JndiTemplate  - Looking up JNDI object with name [user.home]
2018-08-06 06:27:48,922 [main] DEBUG org.springframework.jndi.JndiPropertySource  - JNDI lookup for name [user.home] threw NamingException with message: Need to specify class name in environment or system property, or as an applet parameter, or in an application resource file:  java.naming.factory.initial. Returning null.
2018-08-06 06:27:48,923 [main] DEBUG org.springframework.core.env.PropertySourcesPropertyResolver  - Searching for key &apos;user.home&apos; in [systemProperties]
2018-08-06 06:27:48,923 [main] DEBUG org.springframework.core.env.PropertySourcesPropertyResolver  - Found key &apos;user.home&apos; in [systemProperties] with type [String] and value &apos;/root&apos;
2018-08-06 06:27:48,924 [main] DEBUG com.cumulocity.common.config.PlatformEnvironment$RefreshableResourcePropertySource  - failed to load config URL [file:/root/.cumulocity/cumulocity-core.properties] - /root/.cumulocity/cumulocity-core.properties (No such file or directory)
2018-08-06 06:27:48,926 [main] DEBUG com.cumulocity.common.config.PlatformEnvironment  - registering URL [file:/root/.cumulocity/cumulocity-core.properties]
2018-08-06 06:27:48,927 [main] DEBUG org.springframework.web.context.support.StandardServletEnvironment  - Adding [URL [file:/root/.cumulocity/cumulocity-core.properties]] PropertySource with lowest search precedence
2018-08-06 06:27:48,927 [main] DEBUG org.springframework.core.env.PropertySourcesPropertyResolver  - Searching for key &apos;CUMULOCITY_CONFIG_DIR:/etc/cumulocity&apos; in [servletConfigInitParams]
2018-08-06 06:27:48,927 [main] DEBUG org.springframework.core.env.PropertySourcesPropertyResolver  - Searching for key &apos;CUMULOCITY_CONFIG_DIR:/etc/cumulocity&apos; in [servletContextInitParams]
2018-08-06 06:27:48,927 [main] DEBUG org.springframework.core.env.PropertySourcesPropertyResolver  - Searching for key &apos;CUMULOCITY_CONFIG_DIR:/etc/cumulocity&apos; in [jndiProperties]
2018-08-06 06:27:48,927 [main] DEBUG org.springframework.jndi.JndiTemplate  - Looking up JNDI object with name [CUMULOCITY_CONFIG_DIR:/etc/cumulocity]
2018-08-06 06:27:48,927 [main] DEBUG org.springframework.jndi.JndiPropertySource  - JNDI lookup for name [CUMULOCITY_CONFIG_DIR:/etc/cumulocity] threw NamingException with message: Need to specify class name in environment or system property, or as an applet parameter, or in an application resource file:  java.naming.factory.initial. Returning null.
2018-08-06 06:27:48,927 [main] DEBUG org.springframework.core.env.PropertySourcesPropertyResolver  - Searching for key &apos;CUMULOCITY_CONFIG_DIR:/etc/cumulocity&apos; in [systemProperties]
2018-08-06 06:27:48,927 [main] DEBUG org.springframework.core.env.PropertySourcesPropertyResolver  - Searching for key &apos;CUMULOCITY_CONFIG_DIR:/etc/cumulocity&apos; in [systemEnvironment]
2018-08-06 06:27:48,928 [main] DEBUG org.springframework.core.env.PropertySourcesPropertyResolver  - Searching for key &apos;CUMULOCITY_CONFIG_DIR:/etc/cumulocity&apos; in [class path resource [META-INF/spring/cumulocity-core.properties]]
2018-08-06 06:27:48,928 [main] DEBUG org.springframework.core.env.PropertySourcesPropertyResolver  - Searching for key &apos;CUMULOCITY_CONFIG_DIR:/etc/cumulocity&apos; in [URL [file:/root/.cumulocity/cumulocity-core.properties]]
2018-08-06 06:27:48,928 [main] DEBUG com.cumulocity.common.config.PlatformEnvironment$RefreshableResourcePropertySource  - failed to load config URL [file:/root/.cumulocity/cumulocity-core.properties] - /root/.cumulocity/cumulocity-core.properties (No such file or directory)
2018-08-06 06:27:48,928 [main] DEBUG org.springframework.core.env.PropertySourcesPropertyResolver  - Could not find key &apos;CUMULOCITY_CONFIG_DIR:/etc/cumulocity&apos; in any property source. Returning [null]
2018-08-06 06:27:48,928 [main] DEBUG org.springframework.core.env.PropertySourcesPropertyResolver  - Searching for key &apos;CUMULOCITY_CONFIG_DIR&apos; in [servletConfigInitParams]
2018-08-06 06:27:48,928 [main] DEBUG org.springframework.core.env.PropertySourcesPropertyResolver  - Searching for key &apos;CUMULOCITY_CONFIG_DIR&apos; in [servletContextInitParams]
2018-08-06 06:27:48,928 [main] DEBUG org.springframework.core.env.PropertySourcesPropertyResolver  - Searching for key &apos;CUMULOCITY_CONFIG_DIR&apos; in [jndiProperties]
2018-08-06 06:27:48,928 [main] DEBUG org.springframework.jndi.JndiTemplate  - Looking up JNDI object with name [java:comp/env/CUMULOCITY_CONFIG_DIR]
2018-08-06 06:27:48,928 [main] DEBUG org.springframework.jndi.JndiLocatorDelegate  - Converted JNDI name [java:comp/env/CUMULOCITY_CONFIG_DIR] not found - trying original name [CUMULOCITY_CONFIG_DIR]. javax.naming.NoInitialContextException: Need to specify class name in environment or system property, or as an applet parameter, or in an application resource file:  java.naming.factory.initial
2018-08-06 06:27:48,928 [main] DEBUG org.springframework.jndi.JndiTemplate  - Looking up JNDI object with name [CUMULOCITY_CONFIG_DIR]
2018-08-06 06:27:48,929 [main] DEBUG org.springframework.jndi.JndiPropertySource  - JNDI lookup for name [CUMULOCITY_CONFIG_DIR] threw NamingException with message: Need to specify class name in environment or system property, or as an applet parameter, or in an application resource file:  java.naming.factory.initial. Returning null.
2018-08-06 06:27:48,929 [main] DEBUG org.springframework.core.env.PropertySourcesPropertyResolver  - Searching for key &apos;CUMULOCITY_CONFIG_DIR&apos; in [systemProperties]
2018-08-06 06:27:48,929 [main] DEBUG org.springframework.core.env.PropertySourcesPropertyResolver  - Searching for key &apos;CUMULOCITY_CONFIG_DIR&apos; in [systemEnvironment]
2018-08-06 06:27:48,929 [main] DEBUG org.springframework.core.env.PropertySourcesPropertyResolver  - Searching for key &apos;CUMULOCITY_CONFIG_DIR&apos; in [class path resource [META-INF/spring/cumulocity-core.properties]]
2018-08-06 06:27:48,929 [main] DEBUG org.springframework.core.env.PropertySourcesPropertyResolver  - Searching for key &apos;CUMULOCITY_CONFIG_DIR&apos; in [URL [file:/root/.cumulocity/cumulocity-core.properties]]
2018-08-06 06:27:48,929 [main] DEBUG org.springframework.core.env.PropertySourcesPropertyResolver  - Could not find key &apos;CUMULOCITY_CONFIG_DIR&apos; in any property source. Returning [null]
2018-08-06 06:27:48,929 [main] DEBUG com.cumulocity.common.config.PlatformEnvironment$RefreshableResourcePropertySource  - failed to load config URL [file:/etc/cumulocity/cumulocity-core.properties] - /etc/cumulocity/cumulocity-core.properties (No such file or directory)
2018-08-06 06:27:48,929 [main] DEBUG com.cumulocity.common.config.PlatformEnvironment  - registering URL [file:/etc/cumulocity/cumulocity-core.properties]
2018-08-06 06:27:48,929 [main] DEBUG org.springframework.web.context.support.StandardServletEnvironment  - Adding [URL [file:/etc/cumulocity/cumulocity-core.properties]] PropertySource with lowest search precedence
2018-08-06 06:27:48,929 [main] DEBUG org.springframework.core.env.PropertySourcesPropertyResolver  - Searching for key &apos;CUMULOCITY_CONFIG_DIR:/etc/cumulocity&apos; in [servletConfigInitParams]
2018-08-06 06:27:48,929 [main] DEBUG org.springframework.core.env.PropertySourcesPropertyResolver  - Searching for key &apos;CUMULOCITY_CONFIG_DIR:/etc/cumulocity&apos; in [servletContextInitParams]
2018-08-06 06:27:48,929 [main] DEBUG org.springframework.core.env.PropertySourcesPropertyResolver  - Searching for key &apos;CUMULOCITY_CONFIG_DIR:/etc/cumulocity&apos; in [jndiProperties]
2018-08-06 06:27:48,929 [main] DEBUG org.springframework.jndi.JndiTemplate  - Looking up JNDI object with name [CUMULOCITY_CONFIG_DIR:/etc/cumulocity]
2018-08-06 06:27:48,930 [main] DEBUG org.springframework.jndi.JndiPropertySource  - JNDI lookup for name [CUMULOCITY_CONFIG_DIR:/etc/cumulocity] threw NamingException with message: Need to specify class name in environment or system property, or as an applet parameter, or in an application resource file:  java.naming.factory.initial. Returning null.
2018-08-06 06:27:48,930 [main] DEBUG org.springframework.core.env.PropertySourcesPropertyResolver  - Searching for key &apos;CUMULOCITY_CONFIG_DIR:/etc/cumulocity&apos; in [systemProperties]
2018-08-06 06:27:48,930 [main] DEBUG org.springframework.core.env.PropertySourcesPropertyResolver  - Searching for key &apos;CUMULOCITY_CONFIG_DIR:/etc/cumulocity&apos; in [systemEnvironment]
2018-08-06 06:27:48,930 [main] DEBUG org.springframework.core.env.PropertySourcesPropertyResolver  - Searching for key &apos;CUMULOCITY_CONFIG_DIR:/etc/cumulocity&apos; in [class path resource [META-INF/spring/cumulocity-core.properties]]
2018-08-06 06:27:48,930 [main] DEBUG org.springframework.core.env.PropertySourcesPropertyResolver  - Searching for key &apos;CUMULOCITY_CONFIG_DIR:/etc/cumulocity&apos; in [URL [file:/root/.cumulocity/cumulocity-core.properties]]
2018-08-06 06:27:48,930 [main] DEBUG org.springframework.core.env.PropertySourcesPropertyResolver  - Searching for key &apos;CUMULOCITY_CONFIG_DIR:/etc/cumulocity&apos; in [URL [file:/etc/cumulocity/cumulocity-core.properties]]
2018-08-06 06:27:48,930 [main] DEBUG com.cumulocity.common.config.PlatformEnvironment$RefreshableResourcePropertySource  - failed to load config URL [file:/etc/cumulocity/cumulocity-core.properties] - /etc/cumulocity/cumulocity-core.properties (No such file or directory)
2018-08-06 06:27:48,930 [main] DEBUG org.springframework.core.env.PropertySourcesPropertyResolver  - Could not find key &apos;CUMULOCITY_CONFIG_DIR:/etc/cumulocity&apos; in any property source. Returning [null]
2018-08-06 06:27:48,930 [main] DEBUG org.springframework.core.env.PropertySourcesPropertyResolver  - Searching for key &apos;CUMULOCITY_CONFIG_DIR&apos; in [servletConfigInitParams]
2018-08-06 06:27:48,930 [main] DEBUG org.springframework.core.env.PropertySourcesPropertyResolver  - Searching for key &apos;CUMULOCITY_CONFIG_DIR&apos; in [servletContextInitParams]
2018-08-06 06:27:48,930 [main] DEBUG org.springframework.core.env.PropertySourcesPropertyResolver  - Searching for key &apos;CUMULOCITY_CONFIG_DIR&apos; in [jndiProperties]
2018-08-06 06:27:48,930 [main] DEBUG org.springframework.jndi.JndiTemplate  - Looking up JNDI object with name [java:comp/env/CUMULOCITY_CONFIG_DIR]
2018-08-06 06:27:48,930 [main] DEBUG org.springframework.jndi.JndiLocatorDelegate  - Converted JNDI name [java:comp/env/CUMULOCITY_CONFIG_DIR] not found - trying original name [CUMULOCITY_CONFIG_DIR]. javax.naming.NoInitialContextException: Need to specify class name in environment or system property, or as an applet parameter, or in an application resource file:  java.naming.factory.initial
2018-08-06 06:27:48,930 [main] DEBUG org.springframework.jndi.JndiTemplate  - Looking up JNDI object with name [CUMULOCITY_CONFIG_DIR]
2018-08-06 06:27:48,930 [main] DEBUG org.springframework.jndi.JndiPropertySource  - JNDI lookup for name [CUMULOCITY_CONFIG_DIR] threw NamingException with message: Need to specify class name in environment or system property, or as an applet parameter, or in an application resource file:  java.naming.factory.initial. Returning null.
2018-08-06 06:27:48,931 [main] DEBUG org.springframework.core.env.PropertySourcesPropertyResolver  - Searching for key &apos;CUMULOCITY_CONFIG_DIR&apos; in [systemProperties]
2018-08-06 06:27:48,931 [main] DEBUG org.springframework.core.env.PropertySourcesPropertyResolver  - Searching for key &apos;CUMULOCITY_CONFIG_DIR&apos; in [systemEnvironment]
2018-08-06 06:27:48,931 [main] DEBUG org.springframework.core.env.PropertySourcesPropertyResolver  - Searching for key &apos;CUMULOCITY_CONFIG_DIR&apos; in [class path resource [META-INF/spring/cumulocity-core.properties]]
2018-08-06 06:27:48,931 [main] DEBUG org.springframework.core.env.PropertySourcesPropertyResolver  - Searching for key &apos;CUMULOCITY_CONFIG_DIR&apos; in [URL [file:/root/.cumulocity/cumulocity-core.properties]]
2018-08-06 06:27:48,931 [main] DEBUG org.springframework.core.env.PropertySourcesPropertyResolver  - Searching for key &apos;CUMULOCITY_CONFIG_DIR&apos; in [URL [file:/etc/cumulocity/cumulocity-core.properties]]
2018-08-06 06:27:48,931 [main] DEBUG org.springframework.core.env.PropertySourcesPropertyResolver  - Could not find key &apos;CUMULOCITY_CONFIG_DIR&apos; in any property source. Returning [null]
2018-08-06 0
...[truncated 145900 chars]...
er$SelectSet$1@58275eca to stopped ConnectorPool{1&lt;=0&lt;=10/10,100}
2018-08-06 06:28:08,407 [ConnectorPool-26 Selector4] DEBUG org.eclipse.jetty.util.thread.QueuedThreadPool  - Dispatched Idle-org.eclipse.jetty.io.nio.SelectorManager$SelectSet$1@13578a09 to stopped ConnectorPool{1&lt;=0&lt;=10/10,100}
2018-08-06 06:28:08,407 [ConnectorPool-28 Selector6] DEBUG org.eclipse.jetty.util.thread.QueuedThreadPool  - Dispatched Idle-org.eclipse.jetty.io.nio.SelectorManager$SelectSet$1@c04cfd to stopped ConnectorPool{1&lt;=0&lt;=10/10,100}
2018-08-06 06:28:08,808 [ConnectorPool-29 Selector7] DEBUG org.eclipse.jetty.util.thread.QueuedThreadPool  - Dispatched Idle-org.eclipse.jetty.io.nio.SelectorManager$SelectSet$1@50fe766d to stopped ConnectorPool{1&lt;=0&lt;=10/10,100}
2018-08-06 06:28:08,808 [ConnectorPool-28 Selector6] DEBUG org.eclipse.jetty.util.thread.QueuedThreadPool  - Dispatched Idle-org.eclipse.jetty.io.nio.SelectorManager$SelectSet$1@49836711 to stopped ConnectorPool{1&lt;=0&lt;=10/10,100}
2018-08-06 06:28:08,808 [ConnectorPool-23 Selector1] DEBUG org.eclipse.jetty.util.thread.QueuedThreadPool  - Dispatched Idle-org.eclipse.jetty.io.nio.SelectorManager$SelectSet$1@6461b063 to stopped ConnectorPool{1&lt;=0&lt;=10/10,100}
2018-08-06 06:28:08,808 [ConnectorPool-26 Selector4] DEBUG org.eclipse.jetty.util.thread.QueuedThreadPool  - Dispatched Idle-org.eclipse.jetty.io.nio.SelectorManager$SelectSet$1@40278c24 to stopped ConnectorPool{1&lt;=0&lt;=10/10,100}
2018-08-06 06:28:08,808 [ConnectorPool-25 Selector3] DEBUG org.eclipse.jetty.util.thread.QueuedThreadPool  - Dispatched Idle-org.eclipse.jetty.io.nio.SelectorManager$SelectSet$1@721117a5 to stopped ConnectorPool{1&lt;=0&lt;=10/10,100}
2018-08-06 06:28:08,808 [ConnectorPool-27 Selector5] DEBUG org.eclipse.jetty.util.thread.QueuedThreadPool  - Dispatched Idle-org.eclipse.jetty.io.nio.SelectorManager$SelectSet$1@3bef576d to stopped ConnectorPool{1&lt;=0&lt;=10/10,100}
2018-08-06 06:28:08,808 [ConnectorPool-24 Selector2] DEBUG org.eclipse.jetty.util.thread.QueuedThreadPool  - Dispatched Idle-org.eclipse.jetty.io.nio.SelectorManager$SelectSet$1@51e3b2cb to stopped ConnectorPool{1&lt;=0&lt;=10/10,100}
2018-08-06 06:28:08,838 [ConnectorPool-22 Selector0] DEBUG org.eclipse.jetty.util.thread.QueuedThreadPool  - Dispatched Idle-org.eclipse.jetty.io.nio.SelectorManager$SelectSet$1@5e54d3d8 to stopped ConnectorPool{1&lt;=0&lt;=10/10,100}
2018-08-06 06:28:09,208 [ConnectorPool-30 Selector8] DEBUG org.eclipse.jetty.util.thread.QueuedThreadPool  - Dispatched Idle-org.eclipse.jetty.io.nio.SelectorManager$SelectSet$1@13203a4a to stopped ConnectorPool{1&lt;=0&lt;=10/10,100}
2018-08-06 06:28:09,209 [ConnectorPool-27 Selector5] DEBUG org.eclipse.jetty.util.thread.QueuedThreadPool  - Dispatched Idle-org.eclipse.jetty.io.nio.SelectorManager$SelectSet$1@28d2da15 to stopped ConnectorPool{1&lt;=0&lt;=10/10,100}
2018-08-06 06:28:09,609 [ConnectorPool-30 Selector8] DEBUG org.eclipse.jetty.util.thread.QueuedThreadPool  - Dispatched Idle-org.eclipse.jetty.io.nio.SelectorManager$SelectSet$1@2aebada3 to stopped ConnectorPool{1&lt;=0&lt;=10/10,100}
2018-08-06 06:28:09,609 [ConnectorPool-24 Selector2] DEBUG org.eclipse.jetty.util.thread.QueuedThreadPool  - Dispatched Idle-org.eclipse.jetty.io.nio.SelectorManager$SelectSet$1@56d4be58 to stopped ConnectorPool{1&lt;=0&lt;=10/10,100}
2018-08-06 06:28:09,609 [ConnectorPool-25 Selector3] DEBUG org.eclipse.jetty.util.thread.QueuedThreadPool  - Dispatched Idle-org.eclipse.jetty.io.nio.SelectorManager$SelectSet$1@29344fbc to stopped ConnectorPool{1&lt;=0&lt;=10/10,100}
2018-08-06 06:28:09,609 [ConnectorPool-29 Selector7] DEBUG org.eclipse.jetty.util.thread.QueuedThreadPool  - Dispatched Idle-org.eclipse.jetty.io.nio.SelectorManager$SelectSet$1@291caff1 to stopped ConnectorPool{1&lt;=0&lt;=10/10,100}
2018-08-06 06:28:09,609 [ConnectorPool-26 Selector4] DEBUG org.eclipse.jetty.util.thread.QueuedThreadPool  - Dispatched Idle-org.eclipse.jetty.io.nio.SelectorManager$SelectSet$1@63de91c5 to stopped ConnectorPool{1&lt;=0&lt;=10/10,100}
2018-08-06 06:28:09,609 [ConnectorPool-28 Selector6] DEBUG org.eclipse.jetty.util.thread.QueuedThreadPool  - Dispatched Idle-org.eclipse.jetty.io.nio.SelectorManager$SelectSet$1@5cbca0c3 to stopped ConnectorPool{1&lt;=0&lt;=10/10,100}
2018-08-06 06:28:09,609 [ConnectorPool-23 Selector1] DEBUG org.eclipse.jetty.util.thread.QueuedThreadPool  - Dispatched Idle-org.eclipse.jetty.io.nio.SelectorManager$SelectSet$1@1a630c4d to stopped ConnectorPool{1&lt;=0&lt;=10/10,100}
2018-08-06 06:28:09,639 [ConnectorPool-22 Selector0] DEBUG org.eclipse.jetty.util.thread.QueuedThreadPool  - Dispatched Idle-org.eclipse.jetty.io.nio.SelectorManager$SelectSet$1@295ed4c6 to stopped ConnectorPool{1&lt;=0&lt;=10/10,100}
2018-08-06 06:28:10,009 [ConnectorPool-27 Selector5] DEBUG org.eclipse.jetty.util.thread.QueuedThreadPool  - Dispatched Idle-org.eclipse.jetty.io.nio.SelectorManager$SelectSet$1@10e32862 to stopped ConnectorPool{1&lt;=0&lt;=10/10,100}
2018-08-06 06:28:10,010 [ConnectorPool-25 Selector3] DEBUG org.eclipse.jetty.util.thread.QueuedThreadPool  - Dispatched Idle-org.eclipse.jetty.io.nio.SelectorManager$SelectSet$1@31704297 to stopped ConnectorPool{1&lt;=0&lt;=10/10,100}
2018-08-06 06:28:10,010 [ConnectorPool-29 Selector7] DEBUG org.eclipse.jetty.util.thread.QueuedThreadPool  - Dispatched Idle-org.eclipse.jetty.io.nio.SelectorManager$SelectSet$1@1a7faced to stopped ConnectorPool{1&lt;=0&lt;=10/10,100}
2018-08-06 06:28:10,010 [ConnectorPool-26 Selector4] DEBUG org.eclipse.jetty.util.thread.QueuedThreadPool  - Dispatched Idle-org.eclipse.jetty.io.nio.SelectorManager$SelectSet$1@4123e0dc to stopped ConnectorPool{1&lt;=0&lt;=10/10,100}
2018-08-06 06:28:10,010 [ConnectorPool-28 Selector6] DEBUG org.eclipse.jetty.util.thread.QueuedThreadPool  - Dispatched Idle-org.eclipse.jetty.io.nio.SelectorManager$SelectSet$1@34320932 to stopped ConnectorPool{1&lt;=0&lt;=10/10,100}
2018-08-06 06:28:10,010 [ConnectorPool-23 Selector1] DEBUG org.eclipse.jetty.util.thread.QueuedThreadPool  - Dispatched Idle-org.eclipse.jetty.io.nio.SelectorManager$SelectSet$1@40f9cc63 to stopped ConnectorPool{1&lt;=0&lt;=10/10,100}
2018-08-06 06:28:10,040 [ConnectorPool-22 Selector0] DEBUG org.eclipse.jetty.util.thread.QueuedThreadPool  - Dispatched Idle-org.eclipse.jetty.io.nio.SelectorManager$SelectSet$1@4fd998e8 to stopped ConnectorPool{1&lt;=0&lt;=10/10,100}
2018-08-06 06:28:10,410 [ConnectorPool-30 Selector8] DEBUG org.eclipse.jetty.util.thread.QueuedThreadPool  - Dispatched Idle-org.eclipse.jetty.io.nio.SelectorManager$SelectSet$1@56c5d04c to stopped ConnectorPool{1&lt;=0&lt;=10/10,100}
2018-08-06 06:28:10,410 [ConnectorPool-24 Selector2] DEBUG org.eclipse.jetty.util.thread.QueuedThreadPool  - Dispatched Idle-org.eclipse.jetty.io.nio.SelectorManager$SelectSet$1@54ee5a15 to stopped ConnectorPool{1&lt;=0&lt;=10/10,100}
2018-08-06 06:28:10,410 [ConnectorPool-27 Selector5] DEBUG org.eclipse.jetty.util.thread.QueuedThreadPool  - Dispatched Idle-org.eclipse.jetty.io.nio.SelectorManager$SelectSet$1@6c5c4442 to stopped ConnectorPool{1&lt;=0&lt;=10/10,100}
2018-08-06 06:28:10,811 [ConnectorPool-30 Selector8] DEBUG org.eclipse.jetty.util.thread.QueuedThreadPool  - Dispatched Idle-org.eclipse.jetty.io.nio.SelectorManager$SelectSet$1@1d8580a2 to stopped ConnectorPool{1&lt;=0&lt;=10/10,100}
2018-08-06 06:28:10,811 [ConnectorPool-23 Selector1] DEBUG org.eclipse.jetty.util.thread.QueuedThreadPool  - Dispatched Idle-org.eclipse.jetty.io.nio.SelectorManager$SelectSet$1@4e02f273 to stopped ConnectorPool{1&lt;=0&lt;=10/10,100}
2018-08-06 06:28:10,811 [ConnectorPool-25 Selector3] DEBUG org.eclipse.jetty.util.thread.QueuedThreadPool  - Dispatched Idle-org.eclipse.jetty.io.nio.SelectorManager$SelectSet$1@2b35e87 to stopped ConnectorPool{1&lt;=0&lt;=10/10,100}
2018-08-06 06:28:10,811 [ConnectorPool-27 Selector5] DEBUG org.eclipse.jetty.util.thread.QueuedThreadPool  - Dispatched Idle-org.eclipse.jetty.io.nio.SelectorManager$SelectSet$1@3520e561 to stopped ConnectorPool{1&lt;=0&lt;=10/10,100}
2018-08-06 06:28:10,811 [ConnectorPool-29 Selector7] DEBUG org.eclipse.jetty.util.thread.QueuedThreadPool  - Dispatched Idle-org.eclipse.jetty.io.nio.SelectorManager$SelectSet$1@27c01ad2 to stopped ConnectorPool{1&lt;=0&lt;=10/10,100}
2018-08-06 06:28:10,811 [ConnectorPool-28 Selector6] DEBUG org.eclipse.jetty.util.thread.QueuedThreadPool  - Dispatched Idle-org.eclipse.jetty.io.nio.SelectorManager$SelectSet$1@468beee0 to stopped ConnectorPool{1&lt;=0&lt;=10/10,100}
2018-08-06 06:28:10,811 [ConnectorPool-26 Selector4] DEBUG org.eclipse.jetty.util.thread.QueuedThreadPool  - Dispatched Idle-org.eclipse.jetty.io.nio.SelectorManager$SelectSet$1@2193b6b to stopped ConnectorPool{1&lt;=0&lt;=10/10,100}
2018-08-06 06:28:10,811 [ConnectorPool-24 Selector2] DEBUG org.eclipse.jetty.util.thread.QueuedThreadPool  - Dispatched Idle-org.eclipse.jetty.io.nio.SelectorManager$SelectSet$1@237b8408 to stopped ConnectorPool{1&lt;=0&lt;=10/10,100}
2018-08-06 06:28:10,841 [ConnectorPool-22 Selector0] DEBUG org.eclipse.jetty.util.thread.QueuedThreadPool  - Dispatched Idle-org.eclipse.jetty.io.nio.SelectorManager$SelectSet$1@cefd84f to stopped ConnectorPool{1&lt;=0&lt;=10/10,100}
2018-08-06 06:28:11,212 [ConnectorPool-27 Selector5] DEBUG org.eclipse.jetty.util.thread.QueuedThreadPool  - Dispatched Idle-org.eclipse.jetty.io.nio.SelectorManager$SelectSet$1@5662312b to stopped ConnectorPool{1&lt;=0&lt;=10/10,100}
2018-08-06 06:28:11,212 [ConnectorPool-28 Selector6] DEBUG org.eclipse.jetty.util.thread.QueuedThreadPool  - Dispatched Idle-org.eclipse.jetty.io.nio.SelectorManager$SelectSet$1@66e2e191 to stopped ConnectorPool{1&lt;=0&lt;=10/10,100}
2018-08-06 06:28:11,212 [ConnectorPool-29 Selector7] DEBUG org.eclipse.jetty.util.thread.QueuedThreadPool  - Dispatched Idle-org.eclipse.jetty.io.nio.SelectorManager$SelectSet$1@488a2a5b to stopped ConnectorPool{1&lt;=0&lt;=10/10,100}
2018-08-06 06:28:11,212 [ConnectorPool-24 Selector2] DEBUG org.eclipse.jetty.util.thread.QueuedThreadPool  - Dispatched Idle-org.eclipse.jetty.io.nio.SelectorManager$SelectSet$1@6f6fc264 to stopped ConnectorPool{1&lt;=0&lt;=10/10,100}
2018-08-06 06:28:11,212 [ConnectorPool-26 Selector4] DEBUG org.eclipse.jetty.util.thread.QueuedThreadPool  - Dispatched Idle-org.eclipse.jetty.io.nio.SelectorManager$SelectSet$1@39472b5c to stopped ConnectorPool{1&lt;=0&lt;=10/10,100}
2018-08-06 06:28:11,612 [ConnectorPool-30 Selector8] DEBUG org.eclipse.jetty.util.thread.QueuedThreadPool  - Dispatched Idle-org.eclipse.jetty.io.nio.SelectorManager$SelectSet$1@12436c64 to stopped ConnectorPool{1&lt;=0&lt;=10/10,100}
2018-08-06 06:28:11,612 [ConnectorPool-25 Selector3] DEBUG org.eclipse.jetty.util.thread.QueuedThreadPool  - Dispatched Idle-org.eclipse.jetty.io.nio.SelectorManager$SelectSet$1@5606b0d2 to stopped ConnectorPool{1&lt;=0&lt;=10/10,100}
2018-08-06 06:28:11,612 [ConnectorPool-23 Selector1] DEBUG org.eclipse.jetty.util.thread.QueuedThreadPool  - Dispatched Idle-org.eclipse.jetty.io.nio.SelectorManager$SelectSet$1@881229a to stopped ConnectorPool{1&lt;=0&lt;=10/10,100}
2018-08-06 06:28:11,642 [ConnectorPool-22 Selector0] DEBUG org.eclipse.jetty.util.thread.QueuedThreadPool  - Dispatched Idle-org.eclipse.jetty.io.nio.SelectorManager$SelectSet$1@5142d71d to stopped ConnectorPool{1&lt;=0&lt;=10/10,100}
2018-08-06 06:28:12,013 [ConnectorPool-24 Selector2] DEBUG org.eclipse.jetty.util.thread.QueuedThreadPool  - Dispatched Idle-org.eclipse.jetty.io.nio.SelectorManager$SelectSet$1@7b38da98 to stopped ConnectorPool{1&lt;=0&lt;=10/10,100}
2018-08-06 06:28:12,013 [ConnectorPool-25 Selector3] DEBUG org.eclipse.jetty.util.thread.QueuedThreadPool  - Dispatched Idle-org.eclipse.jetty.io.nio.SelectorManager$SelectSet$1@5197705b to stopped ConnectorPool{1&lt;=0&lt;=10/10,100}
2018-08-06 06:28:12,013 [ConnectorPool-23 Selector1] DEBUG org.eclipse.jetty.util.thread.QueuedThreadPool  - Dispatched Idle-org.eclipse.jetty.io.nio.SelectorManager$SelectSet$1@2d519036 to stopped ConnectorPool{1&lt;=0&lt;=10/10,100}
2018-08-06 06:28:12,013 [ConnectorPool-29 Selector7] DEBUG org.eclipse.jetty.util.thread.QueuedThreadPool  - Dispatched Idle-org.eclipse.jetty.io.nio.SelectorManager$SelectSet$1@178f0a18 to stopped ConnectorPool{1&lt;=0&lt;=10/10,100}
2018-08-06 06:28:12,013 [ConnectorPool-27 Selector5] DEBUG org.eclipse.jetty.util.thread.QueuedThreadPool  - Dispatched Idle-org.eclipse.jetty.io.nio.SelectorManager$SelectSet$1@45d2e078 to stopped ConnectorPool{1&lt;=0&lt;=10/10,100}
2018-08-06 06:28:12,013 [ConnectorPool-28 Selector6] DEBUG org.eclipse.jetty.util.thread.QueuedThreadPool  - Dispatched Idle-org.eclipse.jetty.io.nio.SelectorManager$SelectSet$1@91b3fd9 to stopped ConnectorPool{1&lt;=0&lt;=10/10,100}
2018-08-06 06:28:12,013 [ConnectorPool-26 Selector4] DEBUG org.eclipse.jetty.util.thread.QueuedThreadPool  - Dispatched Idle-org.eclipse.jetty.io.nio.SelectorManager$SelectSet$1@2fdfb9bd to stopped ConnectorPool{1&lt;=0&lt;=10/10,100}
2018-08-06 06:28:12,413 [ConnectorPool-24 Selector2] DEBUG org.eclipse.jetty.util.thread.QueuedThreadPool  - Dispatched Idle-org.eclipse.jetty.io.nio.SelectorManager$SelectSet$1@5bfcc43a to stopped ConnectorPool{1&lt;=0&lt;=10/10,100}
2018-08-06 06:28:12,413 [ConnectorPool-30 Selector8] DEBUG org.eclipse.jetty.util.thread.QueuedThreadPool  - Dispatched Idle-org.eclipse.jetty.io.nio.SelectorManager$SelectSet$1@2fb6eb04 to stopped ConnectorPool{1&lt;=0&lt;=10/10,100}
2018-08-06 06:28:12,414 [ConnectorPool-27 Selector5] DEBUG org.eclipse.jetty.util.thread.QueuedThreadPool  - Dispatched Idle-org.eclipse.jetty.io.nio.SelectorManager$SelectSet$1@11ff6c15 to stopped ConnectorPool{1&lt;=0&lt;=10/10,100}
2018-08-06 06:28:12,414 [ConnectorPool-28 Selector6] DEBUG org.eclipse.jetty.util.thread.QueuedThreadPool  - Dispatched Idle-org.eclipse.jetty.io.nio.SelectorManager$SelectSet$1@1810dfee to stopped ConnectorPool{1&lt;=0&lt;=10/10,100}
2018-08-06 06:28:12,414 [ConnectorPool-26 Selector4] DEBUG org.eclipse.jetty.util.thread.QueuedThreadPool  - Dispatched Idle-org.eclipse.jetty.io.nio.SelectorManager$SelectSet$1@7bdd8e99 to stopped ConnectorPool{1&lt;=0&lt;=10/10,100}
2018-08-06 06:28:12,443 [ConnectorPool-22 Selector0] DEBUG org.eclipse.jetty.util.thread.QueuedThreadPool  - Dispatched Idle-org.eclipse.jetty.io.nio.SelectorManager$SelectSet$1@ebd1e57 to stopped ConnectorPool{1&lt;=0&lt;=10/10,100}
2018-08-06 06:28:12,814 [ConnectorPool-30 Selector8] DEBUG org.eclipse.jetty.util.thread.QueuedThreadPool  - Dispatched Idle-org.eclipse.jetty.io.nio.SelectorManager$SelectSet$1@2212e950 to stopped ConnectorPool{1&lt;=0&lt;=10/10,100}
2018-08-06 06:28:12,814 [ConnectorPool-25 Selector3] DEBUG org.eclipse.jetty.util.thread.QueuedThreadPool  - Dispatched Idle-org.eclipse.jetty.io.nio.SelectorManager$SelectSet$1@79394aa to stopped ConnectorPool{1&lt;=0&lt;=10/10,100}
2018-08-06 06:28:12,814 [ConnectorPool-29 Selector7] DEBUG org.eclipse.jetty.util.thread.QueuedThreadPool  - Dispatched Idle-org.eclipse.jetty.io.nio.SelectorManager$SelectSet$1@78b898d8 to stopped ConnectorPool{1&lt;=0&lt;=10/10,100}
2018-08-06 06:28:12,814 [ConnectorPool-23 Selector1] DEBUG org.eclipse.jetty.util.thread.QueuedThreadPool  - Dispatched Idle-org.eclipse.jetty.io.nio.SelectorManager$SelectSet$1@6a0528c8 to stopped ConnectorPool{1&lt;=0&lt;=10/10,100}
2018-08-06 06:28:12,844 [ConnectorPool-22 Selector0] DEBUG org.eclipse.jetty.util.thread.QueuedThreadPool  - Dispatched Idle-org.eclipse.jetty.io.nio.SelectorManager$SelectSet$1@1f3acad3 to stopped ConnectorPool{1&lt;=0&lt;=10/10,100}
2018-08-06 06:28:13,214 [ConnectorPool-24 Selector2] DEBUG org.eclipse.jetty.util.thread.QueuedThreadPool  - Dispatched Idle-org.eclipse.jetty.io.nio.SelectorManager$SelectSet$1@4cd9f2a9 to stopped ConnectorPool{1&lt;=0&lt;=10/10,100}
2018-08-06 06:28:13,215 [ConnectorPool-23 Selector1] DEBUG org.eclipse.jetty.util.thread.QueuedThreadPool  - Dispatched Idle-org.eclipse.jetty.io.nio.SelectorManager$SelectSet$1@2d899933 to stopped ConnectorPool{1&lt;=0&lt;=10/10,100}
2018-08-06 06:28:13,215 [ConnectorPool-27 Selector5] DEBUG org.eclipse.jetty.util.thread.QueuedThreadPool  - Dispatched Idle-org.eclipse.jetty.io.nio.SelectorManager$SelectSet$1@24a8faa0 to stopped ConnectorPool{1&lt;=0&lt;=10/10,100}
2018-08-06 06:28:13,215 [ConnectorPool-29 Selector7] DEBUG org.eclipse.jetty.util.thread.QueuedThreadPool  - Dispatched Idle-org.eclipse.jetty.io.nio.SelectorManager$SelectSet$1@78ca5ca9 to stopped ConnectorPool{1&lt;=0&lt;=10/10,100}
2018-08-06 06:28:13,215 [ConnectorPool-26 Selector4] DEBUG org.eclipse.jetty.util.thread.QueuedThreadPool  - Dispatched Idle-org.eclipse.jetty.io.nio.SelectorManager$SelectSet$1@526eab58 to stopped ConnectorPool{1&lt;=0&lt;=10/10,100}
2018-08-06 06:28:13,215 [ConnectorPool-28 Selector6] DEBUG org.eclipse.jetty.util.thread.QueuedThreadPool  - Dispatched Idle-org.eclipse.jetty.io.nio.SelectorManager$SelectSet$1@51de312d to stopped ConnectorPool{1&lt;=0&lt;=10/10,100}
2018-08-06 06:28:13,615 [ConnectorPool-24 Selector2] DEBUG org.eclipse.jetty.util.thread.QueuedThreadPool  - Dispatched Idle-org.eclipse.jetty.io.nio.SelectorManager$SelectSet$1@5fb348af to stopped ConnectorPool{1&lt;=0&lt;=10/10,100}
2018-08-06 06:28:13,615 [ConnectorPool-30 Selector8] DEBUG org.eclipse.jetty.util.thread.QueuedThreadPool  - Dispatched Idle-org.eclipse.jetty.io.nio.SelectorManager$SelectSet$1@73690a3e to stopped ConnectorPool{1&lt;=0&lt;=10/10,100}
2018-08-06 06:28:13,615 [ConnectorPool-25 Selector3] DEBUG org.eclipse.jetty.util.thread.QueuedThreadPool  - Dispatched Idle-org.eclipse.jetty.io.nio.SelectorManager$SelectSet$1@751fa7a3 to stopped ConnectorPool{1&lt;=0&lt;=10/10,100}
2018-08-06 06:28:13,644 [ConnectorPool-22 Selector0] DEBUG org.eclipse.jetty.util.thread.QueuedThreadPool  - Dispatched Idle-org.eclipse.jetty.io.nio.SelectorManager$SelectSet$1@7136fa67 to stopped ConnectorPool{1&lt;=0&lt;=10/10,100}
2018-08-06 06:28:14,016 [ConnectorPool-29 Selector7] DEBUG org.eclipse.jetty.util.thread.QueuedThreadPool  - Dispatched Idle-org.eclipse.jetty.io.nio.SelectorManager$SelectSet$1@5071ba42 to stopped ConnectorPool{1&lt;=0&lt;=10/10,100}
2018-08-06 06:28:14,016 [ConnectorPool-25 Selector3] DEBUG org.eclipse.jetty.util.thread.QueuedThreadPool  - Dispatched Idle-org.eclipse.jetty.io.nio.SelectorManager$SelectSet$1@5a7b6c50 to stopped ConnectorPool{1&lt;=0&lt;=10/10,100}
2018-08-06 06:28:14,016 [ConnectorPool-26 Selector4] DEBUG org.eclipse.jetty.util.thread.QueuedThreadPool  - Dispatched Idle-org.eclipse.jetty.io.nio.SelectorManager$SelectSet$1@50f2f7b0 to stopped ConnectorPool{1&lt;=0&lt;=10/10,100}
2018-08-06 06:28:14,016 [ConnectorPool-27 Selector5] DEBUG org.eclipse.jetty.util.thread.QueuedThreadPool  - Dispatched Idle-org.eclipse.jetty.io.nio.SelectorManager$SelectSet$1@3b81f4dd to stopped ConnectorPool{1&lt;=0&lt;=10/10,100}
2018-08-06 06:28:14,016 [ConnectorPool-23 Selector1] DEBUG org.eclipse.jetty.util.thread.QueuedThreadPool  - Dispatched Idle-org.eclipse.jetty.io.nio.SelectorManager$SelectSet$1@5d042698 to stopped ConnectorPool{1&lt;=0&lt;=10/10,100}
2018-08-06 06:28:14,016 [ConnectorPool-28 Selector6] DEBUG org.eclipse.jetty.util.thread.QueuedThreadPool  - Dispatched Idle-org.eclipse.jetty.io.nio.SelectorManager$SelectSet$1@7f636d54 to stopped ConnectorPool{1&lt;=0&lt;=10/10,100}
2018-08-06 06:28:14,045 [ConnectorPool-22 Selector0] DEBUG org.eclipse.jetty.util.thread.QueuedThreadPool  - Dispatched Idle-org.eclipse.jetty.io.nio.SelectorManager$SelectSet$1@589ee722 to stopped ConnectorPool{1&lt;=0&lt;=10/10,100}
2018-08-06 06:28:14,416 [ConnectorPool-24 Selector2] DEBUG org.eclipse.jetty.util.thread.QueuedThreadPool  - Dispatched Idle-org.eclipse.jetty.io.nio.SelectorManager$SelectSet$1@285896a2 to stopped ConnectorPool{1&lt;=0&lt;=10/10,100}
2018-08-06 06:28:14,416 [ConnectorPool-30 Selector8] DEBUG org.eclipse.jetty.util.thread.QueuedThreadPool  - Dispatched Idle-org.eclipse.jetty.io.nio.SelectorManager$SelectSet$1@50097a5f to stopped ConnectorPool{1&lt;=0&lt;=10/10,100}
2018-08-06 06:28:14,416 [ConnectorPool-29 Selector7] DEBUG org.eclipse.jetty.util.thread.QueuedThreadPool  - Dispatched Idle-org.eclipse.jetty.io.nio.SelectorManager$SelectSet$1@1e411c06 to stopped ConnectorPool{1&lt;=0&lt;=10/10,100}
2018-08-06 06:28:14,417 [ConnectorPool-28 Selector6] DEBUG org.eclipse.jetty.util.thread.QueuedThreadPool  - Dispatched Idle-org.eclipse.jetty.io.nio.SelectorManager$SelectSet$1@4496dd6e to stopped ConnectorPool{1&lt;=0&lt;=10/10,100}
2018-08-06 06:28:14,817 [ConnectorPool-26 Selector4] DEBUG org.eclipse.jetty.util.thread.QueuedThreadPool  - Dispatched Idle-org.eclipse.jetty.io.nio.SelectorManager$SelectSet$1@ca383f0 to stopped ConnectorPool{1&lt;=0&lt;=10/10,100}
2018-08-06 06:28:14,817 [ConnectorPool-29 Selector7] DEBUG org.eclipse.jetty.util.thread.QueuedThreadPool  - Dispatched Idle-org.eclipse.jetty.io.nio.SelectorManager$SelectSet$1@432b080b to stopped ConnectorPool{1&lt;=0&lt;=10/10,100}
2018-08-06 06:28:14,817 [ConnectorPool-25 Selector3] DEBUG org.eclipse.jetty.util.thread.QueuedThreadPool  - Dispatched Idle-org.eclipse.jetty.io.nio.SelectorManager$SelectSet$1@3e1d2ca0 to stopped ConnectorPool{1&lt;=0&lt;=10/10,100}
2018-08-06 06:28:14,817 [ConnectorPool-27 Selector5] DEBUG org.eclipse.jetty.util.thread.QueuedThreadPool  - Dispatched Idle-org.eclipse.jetty.io.nio.SelectorManager$SelectSet$1@6d5cdc3b to stopped ConnectorPool{1&lt;=0&lt;=10/10,100}
2018-08-06 06:28:14,817 [ConnectorPool-23 Selector1] DEBUG org.eclipse.jetty.util.thread.QueuedThreadPool  - Dispatched Idle-org.eclipse.jetty.io.nio.SelectorManager$SelectSet$1@6b7edd94 to stopped ConnectorPool{1&lt;=0&lt;=10/10,100}
2018-08-06 06:28:14,846 [ConnectorPool-22 Selector0] DEBUG org.eclipse.jetty.util.thread.QueuedThreadPool  - Dispatched Idle-org.eclipse.jetty.io.nio.SelectorManager$SelectSet$1@560556ae to stopped ConnectorPool{1&lt;=0&lt;=10/10,100}
2018-08-06 06:28:15,217 [ConnectorPool-30 Selector8] DEBUG org.eclipse.jetty.util.thread.QueuedThreadPool  - Dispatched Idle-org.eclipse.jetty.io.nio.SelectorManager$SelectSet$1@116ea92d to stopped ConnectorPool{1&lt;=0&lt;=10/10,100}
2018-08-06 06:28:15,217 [ConnectorPool-24 Selector2] DEBUG org.eclipse.jetty.util.thread.QueuedThreadPool  - Dispatched Idle-org.eclipse.jetty.io.nio.SelectorManager$SelectSet$1@787de5a0 to stopped ConnectorPool{1&lt;=0&lt;=10/10,100}
2018-08-06 06:28:15,217 [ConnectorPool-28 Selector6] DEBUG org.eclipse.jetty.util.thread.QueuedThreadPool  - Dispatched Idle-org.eclipse.jetty.io.nio.SelectorManager$SelectSet$1@7824d24b to stopped ConnectorPool{1&lt;=0&lt;=10/10,100}
2018-08-06 06:28:15,218 [ConnectorPool-25 Selector3] DEBUG org.eclipse.jetty.util.thread.QueuedThreadPool  - Dispatched Idle-org.eclipse.jetty.io.nio.SelectorManager$SelectSet$1@396a778c to stopped ConnectorPool{1&lt;=0&lt;=10/10,100}
2018-08-06 06:28:15,218 [ConnectorPool-27 Selector5] DEBUG org.eclipse.jetty.util.thread.QueuedThreadPool  - Dispatched Idle-org.eclipse.jetty.io.nio.SelectorManager$SelectSet$1@7ccea5c6 to stopped ConnectorPool{1&lt;=0&lt;=10/10,100}
2018-08-06 06:28:15,218 [ConnectorPool-23 Selector1] DEBUG org.eclipse.jetty.util.thread.QueuedThreadPool  - Dispatched Idle-org.eclipse.jetty.io.nio.SelectorManager$SelectSet$1@62e5aa2d to stopped ConnectorPool{1&lt;=0&lt;=10/10,100}
2018-08-06 06:28:15,247 [ConnectorPool-22 Selector0] DEBUG org.eclipse.jetty.util.thread.QueuedThreadPool  - Dispatched Idle-org.eclipse.jetty.io.nio.SelectorManager$SelectSet$1@5407a314 to stopped ConnectorPool{1&lt;=0&lt;=10/10,100}
2018-08-06 06:28:15,618 [ConnectorPool-28 Selector6] DEBUG org.eclipse.jetty.util.thread.QueuedThreadPool  - Dispatched Idle-org.eclipse.jetty.io.nio.SelectorManager$SelectSet$1@4163a125 to stopped ConnectorPool{1&lt;=0&lt;=10/10,100}
2018-08-06 06:28:15,618 [ConnectorPool-29 Selector7] DEBUG org.eclipse.jetty.util.thread.QueuedThreadPool  - Dispatched Idle-org.eclipse.jetty.io.nio.SelectorManager$SelectSet$1@2ed4faa7 to stopped ConnectorPool{1&lt;=0&lt;=10/10,100}
2018-08-06 06:28:15,618 [ConnectorPool-26 Selector4] DEBUG org.eclipse.jetty.util.thread.QueuedThreadPool  - Dispatched Idle-org.eclipse.jetty.io.nio.SelectorManager$SelectSet$1@73e8a5ac to stopped ConnectorPool{1&lt;=0&lt;=10/10,100}
2018-08-06 06:28:16,018 [ConnectorPool-30 Selector8] DEBUG org.eclipse.jetty.util.thread.QueuedThreadPool  - Dispatched Idle-org.eclipse.jetty.io.nio.SelectorManager$SelectSet$1@209401f6 to stopped ConnectorPool{1&lt;=0&lt;=10/10,100}
2018-08-06 06:28:16,018 [ConnectorPool-24 Selector2] DEBUG org.eclipse.jetty.util.thread.QueuedThreadPool  - Dispatched Idle-org.eclipse.jetty.io.nio.SelectorManager$SelectSet$1@550cce2f to stopped ConnectorPool{1&lt;=0&lt;=10/10,100}
2018-08-06 06:28:16,019 [ConnectorPool-28 Selector6] DEBUG org.eclipse.jetty.util.thread.QueuedThreadPool  - Dispatched Idle-org.eclipse.jetty.io.nio.SelectorManager$SelectSet$1@3bb49b48 to stopped ConnectorPool{1&lt;=0&lt;=10/10,100}
2018-08-06 06:28:16,019 [ConnectorPool-25 Selector3] DEBUG org.eclipse.jetty.util.thread.QueuedThreadPool  - Dispatched Idle-org.eclipse.jetty.io.nio.SelectorManager$SelectSet$1@763effa2 to stopped ConnectorPool{1&lt;=0&lt;=10/10,100}
2018-08-06 06:28:16,019 [ConnectorPool-29 Selector7] DEBUG org.eclipse.jetty.util.thread.QueuedThreadPool  - Dispatched Idle-org.eclipse.jetty.io.nio.SelectorManager$SelectSet$1@4e3eb297 to stopped ConnectorPool{1&lt;=0&lt;=10/10,100}
2018-08-06 06:28:16,019 [ConnectorPool-23 Selector1] DEBUG org.eclipse.jetty.util.thread.QueuedThreadPool  - Dispatched Idle-org.eclipse.jetty.io.nio.SelectorManager$SelectSet$1@654e75ca to stopped ConnectorPool{1&lt;=0&lt;=10/10,100}
2018-08-06 06:28:16,019 [ConnectorPool-26 Selector4] DEBUG org.eclipse.jetty.util.thread.QueuedThreadPool  - Dispatched Idle-org.eclipse.jetty.io.nio.SelectorManager$SelectSet$1@7833233c to stopped ConnectorPool{1&lt;=0&lt;=10/10,100}
2018-08-06 06:28:16,019 [ConnectorPool-27 Selector5] DEBUG org.eclipse.jetty.util.thread.QueuedThreadPool  - Dispatched Idle-org.eclipse.jetty.io.nio.SelectorManager$SelectSet$1@22012154 to stopped ConnectorPool{1&lt;=0&lt;=10/10,100}
2018-08-06 06:28:16,048 [ConnectorPool-22 Selector0] DEBUG org.eclipse.jetty.util.thread.QueuedThreadPool  - Dispatched Idle-org.eclipse.jetty.io.nio.SelectorManager$SelectSet$1@21754bc to stopped ConnectorPool{1&lt;=0&lt;=10/10,100}
2018-08-06 06:28:16,419 [ConnectorPool-30 Selector8] DEBUG org.eclipse.jetty.util.thread.QueuedThreadPool  - Dispatched Idle-org.eclipse.jetty.io.nio.SelectorManager$SelectSet$1@49bc03b6 to stopped ConnectorPool{1&lt;=0&lt;=10/10,100}
2018-08-06 06:28:16,419 [ConnectorPool-24 Selector2] DEBUG org.eclipse.jetty.util.thread.QueuedThreadPool  - Dispatched Idle-org.eclipse.jetty.io.nio.SelectorManager$SelectSet$1@5697c78b to stopped ConnectorPool{1&lt;=0&lt;=10/10,100}
2018-08-06 06:28:16,420 [ConnectorPool-27 Selector5] DEBUG org.eclipse.jetty.util.thread.QueuedThreadPool  - Dispatched Idle-org.eclipse.jetty.io.nio.SelectorManager$SelectSet$1@6ada317 to stopped ConnectorPool{1&lt;=0&lt;=10/10,100}
2018-08-06 06:28:16,820 [ConnectorPool-28 Selector6] DEBUG org.eclipse.jetty.util.thread.QueuedThreadPool  - Dispatched Idle-org.eclipse.jetty.io.nio.SelectorManager$SelectSet$1@71ae3e6d to stopped ConnectorPool{1&lt;=0&lt;=10/10,100}
2018-08-06 06:28:16,820 [ConnectorPool-29 Selector7] DEBUG org.eclipse.jetty.util.thread.QueuedThreadPool  - Dispatched Idle-org.eclipse.jetty.io.nio.SelectorManager$SelectSet$1@d3f8214 to stopped ConnectorPool{1&lt;=0&lt;=10/10,100}
2018-08-06 06:28:16,820 [ConnectorPool-25 Selector3] DEBUG org.eclipse.jetty.util.thread.QueuedThreadPool  - Dispatched Idle-org.eclipse.jetty.io.nio.SelectorManager$SelectSet$1@6684a069 to stopped ConnectorPool{1&lt;=0&lt;=10/10,100}
2018-08-06 06:28:16,820 [ConnectorPool-26 Selector4] DEBUG org.eclipse.jetty.util.thread.QueuedThreadPool  - Dispatched Idle-org.eclipse.jetty.io.nio.SelectorManager$SelectSet$1@5ab8195d to stopped ConnectorPool{1&lt;=0&lt;=10/10,100}
2018-08-06 06:28:16,820 [ConnectorPool-23 Selector1] DEBUG org.eclipse.jetty.util.thread.QueuedThreadPool  - Dispatched Idle-org.eclipse.jetty.io.nio.SelectorManager$SelectSet$1@4474f5d7 to stopped ConnectorPool{1&lt;=0&lt;=10/10,100}
2018-08-06 06:28:16,849 [ConnectorPool-22 Selector0] DEBUG org.eclipse.jetty.util.thread.QueuedThreadPool  - Dispatched Idle-org.eclipse.jetty.io.nio.SelectorManager$SelectSet$1@6c895732 to stopped ConnectorPool{1&lt;=0&lt;=10/10,100}
2018-08-06 06:28:17,220 [ConnectorPool-24 Selector2] DEBUG org.eclipse.jetty.util.thread.QueuedThreadPool  - Dispatched Idle-org.eclipse.jetty.io.nio.SelectorManager$SelectSet$1@5d1f3c90 to stopped ConnectorPool{1&lt;=0&lt;=10/10,100}
2018-08-06 06:28:17,220 [ConnectorPool-30 Selector8] DEBUG org.eclipse.jetty.util.thread.QueuedThreadPool  - Dispatched Idle-org.eclipse.jetty.io.nio.SelectorManager$SelectSet$1@2cbbcb49 to stopped ConnectorPool{1&lt;=0&lt;=10/10,100}
2018-08-06 06:28:17,221 [ConnectorPool-25 Selector3] DEBUG org.eclipse.jetty.util.thread.QueuedThreadPool  - Dispatched Idle-org.eclipse.jetty.io.nio.SelectorManager$SelectSet$1@2dc141b3 to stopped ConnectorPool{1&lt;=0&lt;=10/10,100}
2018-08-06 06:28:17,221 [ConnectorPool-26 Selector4] DEBUG org.eclipse.jetty.util.thread.QueuedThreadPool  - Dispatched Idle-org.eclipse.jetty.io.nio.SelectorManager$SelectSet$1@6ac0663c to stopped ConnectorPool{1&lt;=0&lt;=10/10,100}
2018-08-06 06:28:17,221 [ConnectorPool-27 Selector5] DEBUG org.eclipse.jetty.util.thread.QueuedThreadPool  - Dispatched Idle-org.eclipse.jetty.io.nio.SelectorManager$SelectSet$1@5a7c8e16 to stopped ConnectorPool{1&lt;=0&lt;=10/10,100}
2018-08-06 06:28:17,221 [ConnectorPool-23 Selector1] DEBUG org.eclipse.jetty.util.thread.QueuedThreadPool  - Dispatched Idle-org.eclipse.jetty.io.nio.SelectorManager$SelectSet$1@7d7823e4 to stopped ConnectorPool{1&lt;=0&lt;=10/10,100}
2018-08-06 06:28:17,621 [ConnectorPool-28 Selector6] DEBUG org.eclipse.jetty.util.thread.QueuedThreadPool  - Dispatched Idle-org.eclipse.jetty.io.nio.SelectorManager$SelectSet$1@19bdc261 to stopped ConnectorPool{1&lt;=0&lt;=10/10,100}
2018-08-06 06:28:17,621 [ConnectorPool-29 Selector7] DEBUG org.eclipse.jetty.util.thread.QueuedThreadPool  - Dispatched Idle-org.eclipse.jetty.io.nio.SelectorManager$SelectSet$1@275474c3 to stopped ConnectorPool{1&lt;=0&lt;=10/10,100}
2018-08-06 06:28:17,650 [ConnectorPool-22 Selector0] DEBUG org.eclipse.jetty.util.thread.QueuedThreadPool  - Dispatched Idle-org.eclipse.jetty.io.nio.SelectorManager$SelectSet$1@79247b7a to stopped ConnectorPool{1&lt;=0&lt;=10/10,100}
2018-08-06 06:28:18,021 [ConnectorPool-30 Selector8] DEBUG org.eclipse.jetty.util.thread.QueuedThreadPool  - Dispatched Idle-org.eclipse.jetty.io.nio.SelectorManager$SelectSet$1@4a26c4b8 to stopped ConnectorPool{1&lt;=0&lt;=10/10,100}
2018-08-06 06:28:18,021 [ConnectorPool-24 Selector2] DEBUG org.eclipse.jetty.util.thread.QueuedThreadPool  - Dispatched Idle-org.eclipse.jetty.io.nio.SelectorManager$SelectSet$1@373d3210 to stopped ConnectorPool{1&lt;=0&lt;=10/10,100}
2018-08-06 06:28:18,022 [ConnectorPool-25 Selector3] DEBUG org.eclipse.jetty.util.thread.QueuedThreadPool  - Dispatched Idle-org.eclipse.jetty.io.nio.SelectorManager$SelectSet$1@12a1d4c5 to stopped ConnectorPool{1&lt;=0&lt;=10/10,100}
2018-08-06 06:28:18,022 [ConnectorPool-28 Selector6] DEBUG org.eclipse.jetty.util.thread.QueuedThreadPool  - Dispatched Idle-org.eclipse.jetty.io.nio.SelectorManager$SelectSet$1@3e97db11 to stopped ConnectorPool{1&lt;=0&lt;=10/10,100}
2018-08-06 06:28:18,022 [ConnectorPool-29 Selector7] DEBUG org.eclipse.jetty.util.thread.QueuedThreadPool  - Dispatched Idle-org.eclipse.jetty.io.nio.SelectorManager$SelectSet$1@63af5931 to stopped ConnectorPool{1&lt;=0&lt;=10/10,100}
2018-08-06 06:28:18,022 [ConnectorPool-26 Selector4] DEBUG org.eclipse.jetty.util.thread.QueuedThreadPool  - Dispatched Idle-org.eclipse.jetty.io.nio.SelectorManager$SelectSet$1@d08d318 to stopped ConnectorPool{1&lt;=0&lt;=10/10,100}
2018-08-06 06:28:18,022 [ConnectorPool-27 Selector5] DEBUG org.eclipse.jetty.util.thread.QueuedThreadPool  - Dispatched Idle-org.eclipse.jetty.io.nio.SelectorManager$SelectSet$1@3e5ad357 to stopped ConnectorPool{1&lt;=0&lt;=10/10,100}
2018-08-06 06:28:18,022 [ConnectorPool-23 Selector1] DEBUG org.eclipse.jetty.util.thread.QueuedThreadPool  - Dispatched Idle-org.eclipse.jetty.io.nio.SelectorManager$SelectSet$1@3ce914bc to stopped ConnectorPool{1&lt;=0&lt;=10/10,100}
2018-08-06 06:28:18,422 [ConnectorPool-30 Selector8] DEBUG org.eclipse.jetty.util.thread.QueuedThreadPool  - Dispatched Idle-org.eclipse.jetty.io.nio.SelectorManager$SelectSet$1@6a5061e1 to stopped ConnectorPool{1&lt;=0&lt;=10/10,100}
2018-08-06 06:28:18,423 [ConnectorPool-24 Selector2] DEBUG org.eclipse.jetty.util.thread.QueuedThreadPool  - Dispatched Idle-org.eclipse.jetty.io.nio.SelectorManager$SelectSet$1@434a314e to stopped ConnectorPool{1&lt;=0&lt;=10/10,100}
2018-08-06 06:28:18,451 [ConnectorPool-22 Selector0] DEBUG org.eclipse.jetty.util.thread.QueuedThreadPool  - Dispatched Idle-org.eclipse.jetty.io.nio.SelectorManager$SelectSet$1@3beb1a65 to stopped ConnectorPool{1&lt;=0&lt;=10/10,100}
2018-08-06 06:28:18,823 [ConnectorPool-25 Selector3] DEBUG org.eclipse.jetty.util.thread.QueuedThreadPool  - Dispatched Idle-org.eclipse.jetty.io.nio.SelectorManager$SelectSet$1@149e6709 to stopped ConnectorPool{1&lt;=0&lt;=10/10,100}
2018-08-06 06:28:18,823 [ConnectorPool-26 Selector4] DEBUG org.eclipse.jetty.util.thread.QueuedThreadPool  - Dispatched Idle-org.eclipse.jetty.io.nio.SelectorManager$SelectSet$1@b358ad to stopped ConnectorPool{1&lt;=0&lt;=10/10,100}
2018-08-06 06:28:18,823 [ConnectorPool-28 Selector6] DEBUG org.eclipse.jetty.util.thread.QueuedThreadPool  - Dispatched Idle-org.eclipse.jetty.io.nio.SelectorManager$SelectSet$1@2b7e8a72 to stopped ConnectorPool{1&lt;=0&lt;=10/10,100}
2018-08-06 06:28:18,823 [ConnectorPool-23 Selector1] DEBUG org.eclipse.jetty.util.thread.QueuedThreadPool  - Dispatched Idle-org.eclipse.jetty.io.nio.SelectorManager$SelectSet$1@5bccea81 to stopped ConnectorPool{1&lt;=0&lt;=10/10,100}
2018-08-06 06:28:18,823 [ConnectorPool-27 Selector5] DEBUG org.eclipse.jetty.util.thread.QueuedThreadPool  - Dispatched Idle-org.eclipse.jetty.io.nio.SelectorManager$SelectSet$1@3ba3441d to stopped ConnectorPool{1&lt;=0&lt;=10/10,100}
2018-08-06 06:28:18,823 [ConnectorPool-29 Selector7] DEBUG org.eclipse.jetty.util.thread.QueuedThreadPool  - Dispatched Idle-org.eclipse.jetty.io.nio.SelectorManager$SelectSet$1@7e82c636 to stopped ConnectorPool{1&lt;=0&lt;=10/10,100}
2018-08-06 06:28:19,223 [ConnectorPool-30 Selector8] DEBUG org.eclipse.jetty.util.thread.QueuedThreadPool  - Dispatched Idle-org.eclipse.jetty.io.nio.SelectorManager$SelectSet$1@6a37ea3c to stopped ConnectorPool{1&lt;=0&lt;=10/10,100}
2018-08-06 06:28:19,224 [ConnectorPool-23 Selector1] DEBUG org.eclipse.jetty.util.thread.QueuedThreadPool  - Dispatched Idle-org.eclipse.jetty.io.nio.SelectorManager$SelectSet$1@7cf33f9e to stopped ConnectorPool{1&lt;=0&lt;=10/10,100}
2018-08-06 06:28:19,224 [ConnectorPool-27 Selector5] DEBUG org.eclipse.jetty.util.thread.QueuedThreadPool  - Dispatched Idle-org.eclipse.jetty.io.nio.SelectorManager$SelectSet$1@45d5de28 to stopped ConnectorPool{1&lt;=0&lt;=10/10,100}
2018-08-06 06:28:19,224 [ConnectorPool-29 Selector7] DEBUG org.eclipse.jetty.util.thread.QueuedThreadPool  - Dispatched Idle-org.eclipse.jetty.io.nio.SelectorManager$SelectSet$1@5bec37e9 to stopped ConnectorPool{1&lt;=0&lt;=10/10,100}
2018-08-06 06:28:19,224 [ConnectorPool-24 Selector2] DEBUG org.eclipse.jetty.util.thread.QueuedThreadPool  - Dispatched Idle-org.eclipse.jetty.io.nio.SelectorManager$SelectSet$1@714ad124 to stopped ConnectorPool{1&lt;=0&lt;=10/10,100}
2018-08-06 06:28:19,252 [ConnectorPool-22 Selector0] DEBUG org.eclipse.jetty.util.thread.QueuedThreadPool  - Dispatched Idle-org.eclipse.jetty.io.nio.SelectorManager$SelectSet$1@66e8cc97 to stopped ConnectorPool{1&lt;=0&lt;=10/10,100}
2018-08-06 06:28:19,519 [main] DEBUG org.eclipse.jetty.util.component.AbstractLifeCycle  - stopping org.eclipse.jetty.server.Server@7d317302
2018-08-06 06:28:19,519 [main] DEBUG org.eclipse.jetty.util.component.AbstractLifeCycle  - stopping SelectChannelConnector@0.0.0.0:8586
2018-08-06 06:28:19,519 [main] DEBUG org.eclipse.jetty.util.component.AbstractLifeCycle  - stopping org.eclipse.jetty.server.nio.SelectChannelConnector$ConnectorSelectorManager@60a6a67f
2018-08-06 06:28:19,519 [ConnectorPool-22 Selector0] DEBUG org.eclipse.jetty.io.nio  - Stopped Thread[ConnectorPool-22 Selector0,5,main] on org.eclipse.jetty.io.nio.SelectorManager$1@546ca120
2018-08-06 06:28:19,521 [ConnectorPool-31] DEBUG org.eclipse.jetty.http.HttpParser  - filled 199/199
2018-08-06 06:28:19,527 [ConnectorPool-31] DEBUG org.eclipse.jetty.server.AsyncHttpConnection  - Disabled read interest while writing response SCEP@14de657f{l(/127.0.0.1:59684)&lt;-&gt;r(/127.0.0.1:8586),s=1,open=true,ishut=false,oshut=false,rb=false,wb=false,w=true,i=0r}-{AsyncHttpConnection@14d97f8d,g=HttpGenerator{s=0,h=-1,b=-1,c=-1},p=HttpParser{s=0,l=10,c=0},r=1}
2018-08-06 06:28:19,527 [ConnectorPool-31] DEBUG org.eclipse.jetty.server.AsyncHttpConnection  - Disabled read interest while writing response SCEP@14de657f{l(/127.0.0.1:59684)&lt;-&gt;r(/127.0.0.1:8586),s=1,open=true,ishut=false,oshut=false,rb=false,wb=false,w=true,i=0r}-{AsyncHttpConnection@14d97f8d,g=HttpGenerator{s=0,h=-1,b=-1,c=-1},p=HttpParser{s=0,l=10,c=0},r=1}
2018-08-06 06:28:19,530 [main] DEBUG org.eclipse.jetty.io.nio.ChannelEndPoint  - close SCEP@14de657f{l(/127.0.0.1:59684)&lt;-&gt;r(/127.0.0.1:8586),s=0,open=true,ishut=false,oshut=false,rb=false,wb=false,w=true,i=0r}-{AsyncHttpConnection@14d97f8d,g=HttpGenerator{s=0,h=-1,b=-1,c=-1},p=HttpParser{s=0,l=10,c=0},r=1}
2018-08-06 06:28:19,530 [ConnectorPool-23 Selector1] DEBUG org.eclipse.jetty.io.nio  - Stopped Thread[ConnectorPool-23 Selector1,5,main] on org.eclipse.jetty.io.nio.SelectorManager$1@7a00b247
2018-08-06 06:28:19,540 [ConnectorPool-24 Selector2] DEBUG org.eclipse.jetty.io.nio  - Stopped Thread[ConnectorPool-24 Selector2,5,main] on org.eclipse.jetty.io.nio.SelectorManager$1@66a07502
2018-08-06 06:28:19,550 [ConnectorPool-25 Selector3] DEBUG org.eclipse.jetty.io.nio  - Stopped Thread[ConnectorPool-25 Selector3,5,main] on org.eclipse.jetty.io.nio.SelectorManager$1@7e9a2270
2018-08-06 06:28:19,560 [ConnectorPool-26 Selector4] DEBUG org.eclipse.jetty.io.nio  - Stopped Thread[ConnectorPool-26 Selector4,5,main] on org.eclipse.jetty.io.nio.SelectorManager$1@13c69bae
2018-08-06 06:28:19,571 [ConnectorPool-27 Selector5] DEBUG org.eclipse.jetty.io.nio  - Stopped Thread[ConnectorPool-27 Selector5,5,main] on org.eclipse.jetty.io.nio.SelectorManager$1@5416c6a6
2018-08-06 06:28:19,581 [ConnectorPool-28 Selector6] DEBUG org.eclipse.jetty.io.nio  - Stopped Thread[ConnectorPool-28 Selector6,5,main] on org.eclipse.jetty.io.nio.SelectorManager$1@234be76b
2018-08-06 06:28:19,591 [ConnectorPool-29 Selector7] DEBUG org.eclipse.jetty.io.nio  - Stopped Thread[ConnectorPool-29 Selector7,5,main] on org.eclipse.jetty.io.nio.SelectorManager$1@4c4633e7
2018-08-06 06:28:19,601 [ConnectorPool-30 Selector8] DEBUG org.eclipse.jetty.io.nio  - Stopped Thread[ConnectorPool-30 Selector8,5,main] on org.eclipse.jetty.io.nio.SelectorManager$1@2997cee7
2018-08-06 06:28:19,611 [main] DEBUG org.eclipse.jetty.util.component.AbstractLifeCycle  - STOPPED org.eclipse.jetty.server.nio.SelectChannelConnector$ConnectorSelectorManager@60a6a67f
2018-08-06 06:28:19,611 [main] DEBUG org.eclipse.jetty.util.component.AbstractLifeCycle  - stopping ConnectorPool{1&lt;=9&lt;=9/10,0}
2018-08-06 06:28:19,663 [main] DEBUG org.eclipse.jetty.util.component.AbstractLifeCycle  - STOPPED ConnectorPool{1&lt;=0&lt;=0/10,0}
2018-08-06 06:28:19,663 [main] DEBUG org.eclipse.jetty.util.component.AbstractLifeCycle  - stopping PooledBuffers [1/1024@6144,0/1024@16384,0/1024@-]/PooledBuffers [0/1024@6144,0/1024@32768,0/1024@-]
2018-08-06 06:28:19,663 [main] DEBUG org.eclipse.jetty.util.component.AbstractLifeCycle  - STOPPED null/null
2018-08-06 06:28:19,663 [main] DEBUG org.eclipse.jetty.util.component.AbstractLifeCycle  - STOPPED SelectChannelConnector@0.0.0.0:8586
2018-08-06 06:28:19,663 [main] DEBUG org.eclipse.jetty.util.component.AbstractLifeCycle  - stopping org.eclipse.jetty.server.handler.HandlerList@5cc626b1
2018-08-06 06:28:19,663 [main] DEBUG org.eclipse.jetty.server.handler.AbstractHandler  - stopping org.eclipse.jetty.server.handler.HandlerList@5cc626b1
2018-08-06 06:28:19,663 [main] DEBUG org.eclipse.jetty.util.component.AbstractLifeCycle  - stopping o.e.j.s.ServletContextHandler{/measurement,null}
2018-08-06 06:28:19,663 [main] DEBUG org.eclipse.jetty.util.component.AbstractLifeCycle  - stopping org.eclipse.jetty.servlet.ServletHandler@560a9228
2018-08-06 06:28:19,663 [main] DEBUG org.eclipse.jetty.server.handler.AbstractHandler  - stopping org.eclipse.jetty.servlet.ServletHandler@560a9228
2018-08-06 06:28:19,664 [main] DEBUG org.eclipse.jetty.util.component.AbstractLifeCycle  - stopping measurements
2018-08-06 06:28:19,664 [main] DEBUG org.eclipse.jetty.util.component.AbstractLifeCycle  - STOPPED measurements
2018-08-06 06:28:19,664 [main] DEBUG org.eclipse.jetty.util.component.AbstractLifeCycle  - STOPPED org.eclipse.jetty.servlet.ServletHandler@560a9228
2018-08-06 06:28:19,664 [main] DEBUG org.eclipse.jetty.server.handler.AbstractHandler  - stopping o.e.j.s.ServletContextHandler{/measurement,null}
2018-08-06 06:28:19,664 [main] INFO  org.eclipse.jetty.server.handler.ContextHandler  - stopped o.e.j.s.ServletContextHandler{/measurement,null}
2018-08-06 06:28:19,664 [main] DEBUG org.eclipse.jetty.util.component.Container  - Container o.e.j.s.ServletContextHandler{/measurement,null} - org.eclipse.jetty.servlet.ServletHandler@560a9228 as handler
2018-08-06 06:28:19,664 [main] DEBUG org.eclipse.jetty.util.component.AbstractLifeCycle  - STOPPED o.e.j.s.ServletContextHandler{/measurement,null}
2018-08-06 06:28:19,664 [main] DEBUG org.eclipse.jetty.util.component.AbstractLifeCycle  - stopping o.e.j.s.ServletContextHandler{/inventory,null}
2018-08-06 06:28:19,664 [main] DEBUG org.eclipse.jetty.util.component.AbstractLifeCycle  - stopping org.eclipse.jetty.servlet.ServletHandler@566b3836
2018-08-06 06:28:19,664 [main] DEBUG org.eclipse.jetty.server.handler.AbstractHandler  - stopping org.eclipse.jetty.servlet.ServletHandler@566b3836
2018-08-06 06:28:19,664 [main] DEBUG org.eclipse.jetty.util.component.AbstractLifeCycle  - stopping managedObjects
2018-08-06 06:28:19,664 [main] DEBUG org.eclipse.jetty.util.component.AbstractLifeCycle  - STOPPED managedObjects
2018-08-06 06:28:19,664 [main] DEBUG org.eclipse.jetty.util.component.AbstractLifeCycle  - STOPPED org.eclipse.jetty.servlet.ServletHandler@566b3836
2018-08-06 06:28:19,664 [main] DEBUG org.eclipse.jetty.server.handler.AbstractHandler  - stopping o.e.j.s.ServletContextHandler{/inventory,null}
2018-08-06 06:28:19,664 [main] INFO  org.eclipse.jetty.server.handler.ContextHandler  - stopped o.e.j.s.ServletContextHandler{/inventory,null}
2018-08-06 06:28:19,664 [main] DEBUG org.eclipse.jetty.util.component.Container  - Container o.e.j.s.ServletContextHandler{/inventory,null} - org.eclipse.jetty.servlet.ServletHandler@566b3836 as handler
2018-08-06 06:28:19,664 [main] DEBUG org.eclipse.jetty.util.component.AbstractLifeCycle  - STOPPED o.e.j.s.ServletContextHandler{/inventory,null}
2018-08-06 06:28:19,664 [main] DEBUG org.eclipse.jetty.util.component.AbstractLifeCycle  - stopping o.e.j.w.WebAppContext{/s,file:/var/jenkins_home/workspace/Cumulocity-Platform-Services-BUILD/smartrest/src/test/webapp/}
2018-08-06 06:28:19,664 [main] DEBUG org.eclipse.jetty.util.component.AbstractLifeCycle  - stopping org.eclipse.jetty.server.session.SessionHandler@1ce89199
2018-08-06 06:28:19,665 [main] DEBUG org.eclipse.jetty.util.component.AbstractLifeCycle  - stopping org.eclipse.jetty.server.session.HashSessionManager@68aee2a2
2018-08-06 06:28:19,665 [main] DEBUG org.eclipse.jetty.util.component.AbstractLifeCycle  - STOPPED org.eclipse.jetty.server.session.HashSessionManager@68aee2a2
2018-08-06 06:28:19,665 [main] DEBUG org.eclipse.jetty.util.component.AbstractLifeCycle  - stopping org.eclipse.jetty.security.ConstraintSecurityHandler@414128f7
2018-08-06 06:28:19,665 [main] DEBUG org.eclipse.jetty.util.component.AbstractLifeCycle  - stopping org.eclipse.jetty.servlet.ServletHandler@1538c1e3
2018-08-06 06:28:19,665 [main] DEBUG org.eclipse.jetty.server.handler.AbstractHandler  - stopping org.eclipse.jetty.servlet.ServletHandler@1538c1e3
2018-08-06 06:28:19,665 [main] DEBUG org.eclipse.jetty.util.component.AbstractLifeCycle  - stopping hiddenHttpMethodFilter
2018-08-06 06:28:19,665 [main] DEBUG org.eclipse.jetty.util.component.AbstractLifeCycle  - STOPPED hiddenHttpMethodFilter
2018-08-06 06:28:19,665 [main] DEBUG org.eclipse.jetty.util.component.AbstractLifeCycle  - stopping proxyRequestHandler
2018-08-06 06:28:19,665 [main] DEBUG org.eclipse.jetty.util.component.AbstractLifeCycle  - STOPPED proxyRequestHandler
2018-08-06 06:28:19,665 [main] DEBUG org.eclipse.jetty.util.component.AbstractLifeCycle  - stopping jsp
2018-08-06 06:28:19,665 [main] DEBUG org.eclipse.jetty.util.component.AbstractLifeCycle  - STOPPED jsp
2018-08-06 06:28:19,665 [main] DEBUG org.eclipse.jetty.util.component.AbstractLifeCycle  - stopping default
2018-08-06 06:28:19,665 [main] DEBUG org.eclipse.jetty.util.component.AbstractLifeCycle  - STOPPED default
2018-08-06 06:28:19,665 [main] DEBUG org.eclipse.jetty.util.component.AbstractLifeCycle  - STOPPED org.eclipse.jetty.servlet.ServletHandler@1538c1e3
2018-08-06 06:28:19,665 [main] DEBUG org.eclipse.jetty.server.handler.AbstractHandler  - stopping org.eclipse.jetty.security.ConstraintSecurityHandler@414128f7
2018-08-06 06:28:19,665 [main] DEBUG org.eclipse.jetty.util.component.AbstractLifeCycle  - STOPPED org.eclipse.jetty.security.ConstraintSecurityHandler@414128f7
2018-08-06 06:28:19,665 [main] DEBUG org.eclipse.jetty.server.handler.AbstractHandler  - stopping org.eclipse.jetty.server.session.SessionHandler@1ce89199
2018-08-06 06:28:19,665 [main] DEBUG org.eclipse.jetty.util.component.AbstractLifeCycle  - STOPPED org.eclipse.jetty.server.session.SessionHandler@1ce89199
2018-08-06 06:28:19,665 [main] DEBUG org.eclipse.jetty.server.handler.AbstractHandler  - stopping o.e.j.w.WebAppContext{/s,file:/var/jenkins_home/workspace/Cumulocity-Platform-Services-BUILD/smartrest/src/test/webapp/}
2018-08-06 06:28:19,665 [main] INFO  /s  - Closing Spring root WebApplicationContext
2018-08-06 06:28:19,665 [main] INFO  org.springframework.web.context.support.XmlWebApplicationContext  - Closing Root WebApplicationContext: startup date [Mon Aug 06 06:27:48 UTC 2018]; root of context hierarchy
2018-08-06 06:28:19,666 [main] DEBUG org.springframework.beans.factory.support.DefaultListableBeanFactory  - Returning cached instance of singleton bean &apos;lifecycleProcessor&apos;
2018-08-06 06:28:19,666 [main] INFO  org.springframework.beans.factory.support.DefaultListableBeanFactory  - Destroying singletons in org.springframework.beans.factory.support.DefaultListableBeanFactory@3b1f1f5: defining beans [com.cumulocity.common.config.PlatformEnvironment#0,org.springframework.context.support.PropertySourcesPlaceholderConfigurer#0,configLocations,org.springframework.context.annotation.internalConfigurationAnnotationProcessor,org.springframework.context.annotation.internalAutowiredAnnotationProcessor,org.springframework.context.annotation.internalRequiredAnnotationProcessor,org.springframework.context.annotation.internalCommonAnnotationProcessor,proxyRequestHandler,requestHandler,templateProvider,requestDispatcher,restDispatcherHttpClient,concurrentExecutor,org.springframework.context.annotation.ConfigurationClassPostProcessor.importAwareProcessor]; root of factory hierarchy
2018-08-06 06:28:19,666 [main] DEBUG org.springframework.beans.factory.support.DisposableBeanAdapter  - Invoking destroy() on bean with name &apos;concurrentExecutor&apos;
2018-08-06 06:28:19,666 [main] DEBUG org.springframework.beans.factory.support.DisposableBeanAdapter  - Invoking destroy() on bean with name &apos;restDispatcherHttpClient&apos;
2018-08-06 06:28:19,666 [main] DEBUG org.apache.http.impl.conn.tsccm.ThreadSafeClientConnManager  - Shutting down
2018-08-06 06:28:19,667 [main] DEBUG org.springframework.beans.factory.support.DefaultListableBeanFactory  - Retrieved dependent beans for bean &apos;configLocations&apos;: [com.cumulocity.common.config.PlatformEnvironment#0]
2018-08-06 06:28:19,667 [main] DEBUG org.springframework.beans.factory.support.DisposableBeanAdapter  - Invoking destroy() on bean with name &apos;configLocations&apos;
2018-08-06 06:28:19,668 [main] DEBUG org.eclipse.jetty.util.component.AbstractLifeCycle  - stopping org.eclipse.jetty.servlet.ErrorPageErrorHandler@5e7cf14d
2018-08-06 06:28:19,668 [main] DEBUG org.eclipse.jetty.server.handler.AbstractHandler  - stopping org.eclipse.jetty.servlet.ErrorPageErrorHandler@5e7cf14d
2018-08-06 06:28:19,668 [main] DEBUG org.eclipse.jetty.util.component.AbstractLifeCycle  - STOPPED org.eclipse.jetty.servlet.ErrorPageErrorHandler@5e7cf14d
2018-08-06 06:28:19,668 [main] INFO  org.eclipse.jetty.server.handler.ContextHandler  - stopped o.e.j.w.WebAppContext{/s,file:/var/jenkins_home/workspace/Cumulocity-Platform-Services-BUILD/smartrest/src/test/webapp/}
2018-08-06 06:28:19,668 [main] DEBUG org.eclipse.jetty.util.component.Container  - Container o.e.j.w.WebAppContext{/s,file:/var/jenkins_home/workspace/Cumulocity-Platform-Services-BUILD/smartrest/src/test/webapp/} - org.eclipse.jetty.server.session.SessionHandler@1ce89199 as handler
2018-08-06 06:28:19,668 [main] DEBUG org.eclipse.jetty.util.component.AbstractLifeCycle  - STOPPED o.e.j.w.WebAppContext{/s,file:/var/jenkins_home/workspace/Cumulocity-Platform-Services-BUILD/smartrest/src/test/webapp/}
2018-08-06 06:28:19,668 [main] DEBUG org.eclipse.jetty.util.component.AbstractLifeCycle  - STOPPED org.eclipse.jetty.server.handler.HandlerList@5cc626b1
2018-08-06 06:28:19,669 [main] DEBUG org.eclipse.jetty.server.handler.AbstractHandler  - stopping org.eclipse.jetty.server.Server@7d317302
2018-08-06 06:28:19,669 [main] DEBUG org.eclipse.jetty.util.component.AbstractLifeCycle  - stopping org.eclipse.jetty.server.session.HashSessionIdManager@11fbe23d
2018-08-06 06:28:19,669 [main] DEBUG org.eclipse.jetty.util.component.AbstractLifeCycle  - STOPPED org.eclipse.jetty.server.session.HashSessionIdManager@11fbe23d
2018-08-06 06:28:19,669 [main] DEBUG org.eclipse.jetty.util.component.AbstractLifeCycle  - stopping qtp2018468789{8&lt;=8&lt;=8/254,0}
2018-08-06 06:28:19,720 [main] DEBUG org.eclipse.jetty.util.component.AbstractLifeCycle  - STOPPED qtp2018468789{8&lt;=0&lt;=0/254,6}
2018-08-06 06:28:19,720 [main] DEBUG org.eclipse.jetty.util.component.AbstractLifeCycle  - STOPPED org.eclipse.jetty.server.Server@7d317302
</stdout>
          <failedSince>3614</failedSince>
        </case>
        <case>
          <duration>30.47</duration>
          <className>com.cumulocity.smartrest.SmartRESTModuleTest</className>
          <testName>shouldNotCreateDeadlockWhenNumberOfRequestsIsGreaterThenNumberOfThreads</testName>
          <skipped>false</skipped>
          <errorStackTrace>java.lang.Exception: test timed out after 30000 milliseconds
	at com.cumulocity.smartrest.SmartRESTModuleTest.shouldNotCreateDeadlockWhenNumberOfRequestsIsGreaterThenNumberOfThreads(SmartRESTModuleTest.java:147)
</errorStackTrace>
          <errorDetails>test timed out after 30000 milliseconds</errorDetails>
          <stdout>2018-08-06 06:28:19,727 [main] DEBUG org.eclipse.jetty.servlet.ServletHandler  - filterNameMap={}
2018-08-06 06:28:19,727 [main] DEBUG org.eclipse.jetty.servlet.ServletHandler  - pathFilters=null
2018-08-06 06:28:19,727 [main] DEBUG org.eclipse.jetty.servlet.ServletHandler  - servletFilterMap=null
2018-08-06 06:28:19,727 [main] DEBUG org.eclipse.jetty.servlet.ServletHandler  - servletPathMap={/templates/*=managedObjects}
2018-08-06 06:28:19,727 [main] DEBUG org.eclipse.jetty.servlet.ServletHandler  - servletNameMap={managedObjects=managedObjects}
2018-08-06 06:28:19,727 [main] DEBUG org.eclipse.jetty.servlet.ServletHandler  - filterNameMap={}
2018-08-06 06:28:19,727 [main] DEBUG org.eclipse.jetty.servlet.ServletHandler  - pathFilters=null
2018-08-06 06:28:19,727 [main] DEBUG org.eclipse.jetty.servlet.ServletHandler  - servletFilterMap=null
2018-08-06 06:28:19,727 [main] DEBUG org.eclipse.jetty.servlet.ServletHandler  - servletPathMap={/measurements/*=measurements}
2018-08-06 06:28:19,727 [main] DEBUG org.eclipse.jetty.servlet.ServletHandler  - servletNameMap={measurements=measurements}
2018-08-06 06:28:19,727 [main] DEBUG org.eclipse.jetty.util.component.Container  - Container org.eclipse.jetty.server.Server@6eaabe96 + SelectChannelConnector@0.0.0.0:8586 as connector
2018-08-06 06:28:19,727 [main] DEBUG org.eclipse.jetty.util.component.Container  - Container o.e.j.w.WebAppContext{/s,file:/var/jenkins_home/workspace/Cumulocity-Platform-Services-BUILD/smartrest/src/test/webapp/} - org.eclipse.jetty.servlet.ErrorPageErrorHandler@5e7cf14d as error
2018-08-06 06:28:19,728 [main] DEBUG org.eclipse.jetty.util.component.Container  - Container o.e.j.w.WebAppContext{/s,file:/var/jenkins_home/workspace/Cumulocity-Platform-Services-BUILD/smartrest/src/test/webapp/} + org.eclipse.jetty.servlet.ErrorPageErrorHandler@5e7cf14d as error
2018-08-06 06:28:19,728 [main] DEBUG org.eclipse.jetty.util.component.Container  - Container o.e.j.w.WebAppContext{/s,file:/var/jenkins_home/workspace/Cumulocity-Platform-Services-BUILD/smartrest/src/test/webapp/} + org.eclipse.jetty.servlet.ErrorPageErrorHandler@bc6a29d as error
2018-08-06 06:28:19,728 [main] DEBUG org.eclipse.jetty.util.component.Container  - Container org.eclipse.jetty.server.handler.HandlerList@1dddf775 + o.e.j.w.WebAppContext{/s,file:/var/jenkins_home/workspace/Cumulocity-Platform-Services-BUILD/smartrest/src/test/webapp/} as handler
2018-08-06 06:28:19,728 [main] DEBUG org.eclipse.jetty.util.component.Container  - Container org.eclipse.jetty.server.handler.HandlerList@1dddf775 + o.e.j.s.ServletContextHandler{/inventory,null} as handler
2018-08-06 06:28:19,728 [main] DEBUG org.eclipse.jetty.util.component.Container  - Container org.eclipse.jetty.server.handler.HandlerList@1dddf775 + o.e.j.s.ServletContextHandler{/measurement,null} as handler
2018-08-06 06:28:19,728 [main] DEBUG org.eclipse.jetty.util.component.Container  - Container org.eclipse.jetty.server.handler.HandlerList@1dddf775 + o.e.j.w.WebAppContext{/s,file:/var/jenkins_home/workspace/Cumulocity-Platform-Services-BUILD/smartrest/src/test/webapp/} as handler
2018-08-06 06:28:19,728 [main] DEBUG org.eclipse.jetty.util.component.Container  - Container org.eclipse.jetty.server.handler.HandlerList@1dddf775 + o.e.j.s.ServletContextHandler{/inventory,null} as handler
2018-08-06 06:28:19,728 [main] DEBUG org.eclipse.jetty.util.component.Container  - Container org.eclipse.jetty.server.handler.HandlerList@1dddf775 + o.e.j.s.ServletContextHandler{/measurement,null} as handler
2018-08-06 06:28:19,728 [main] DEBUG org.eclipse.jetty.util.component.Container  - Container org.eclipse.jetty.server.Server@6eaabe96 + org.eclipse.jetty.server.handler.HandlerList@1dddf775 as handler
2018-08-06 06:28:19,728 [main] DEBUG org.eclipse.jetty.util.component.AbstractLifeCycle  - starting org.eclipse.jetty.server.Server@6eaabe96
2018-08-06 06:28:19,728 [main] INFO  org.eclipse.jetty.server.Server  - jetty-8.1.19.v20160209
2018-08-06 06:28:19,728 [main] DEBUG org.eclipse.jetty.util.component.Container  - Container org.eclipse.jetty.server.Server@6eaabe96 + qtp1470181796{8&lt;=0&lt;=0/254,-1} as threadpool
2018-08-06 06:28:19,728 [main] DEBUG org.eclipse.jetty.util.component.AbstractLifeCycle  - starting org.eclipse.jetty.server.handler.HandlerList@1dddf775
2018-08-06 06:28:19,728 [main] DEBUG org.eclipse.jetty.util.component.AbstractLifeCycle  - starting o.e.j.w.WebAppContext{/s,file:/var/jenkins_home/workspace/Cumulocity-Platform-Services-BUILD/smartrest/src/test/webapp/}
2018-08-06 06:28:19,728 [main] DEBUG org.eclipse.jetty.webapp.WebAppContext  - Thread Context classloader sun.misc.Launcher$AppClassLoader@741378ec
2018-08-06 06:28:19,728 [main] DEBUG org.eclipse.jetty.webapp.WebAppContext  - Parent class loader: sun.misc.Launcher$ExtClassLoader@2a68097d 
2018-08-06 06:28:19,728 [main] DEBUG org.eclipse.jetty.webapp.WebAppContext  - preConfigure o.e.j.w.WebAppContext{/s,file:/var/jenkins_home/workspace/Cumulocity-Platform-Services-BUILD/smartrest/src/test/webapp/} with org.eclipse.jetty.webapp.WebInfConfiguration@c229885
2018-08-06 06:28:19,729 [main] DEBUG org.eclipse.jetty.webapp.WebInfConfiguration  - Set temp dir /tmp/jetty-0.0.0.0-8586-webapp-_s-any-
2018-08-06 06:28:19,729 [main] DEBUG org.eclipse.jetty.webapp.WebAppContext  - preConfigure o.e.j.w.WebAppContext{/s,file:/var/jenkins_home/workspace/Cumulocity-Platform-Services-BUILD/smartrest/src/test/webapp/} with org.eclipse.jetty.webapp.WebXmlConfiguration@377c016e
2018-08-06 06:28:19,735 [main] DEBUG org.eclipse.jetty.webapp.WebDescriptor  - jar:file:/var/jenkins_home/m2/repository/org/eclipse/jetty/jetty-webapp/8.1.19.v20160209/jetty-webapp-8.1.19.v20160209.jar!/org/eclipse/jetty/webapp/webdefault.xml: Calculated metadatacomplete = True with version=2.5
2018-08-06 06:28:19,736 [main] DEBUG org.eclipse.jetty.webapp.WebDescriptor  - file:/var/jenkins_home/workspace/Cumulocity-Platform-Services-BUILD/smartrest/src/test/webapp/WEB-INF/web.xml: Calculated metadatacomplete = NotSet with version=2.4
2018-08-06 06:28:19,737 [main] DEBUG org.eclipse.jetty.webapp.WebAppContext  - preConfigure o.e.j.w.WebAppContext{/s,file:/var/jenkins_home/workspace/Cumulocity-Platform-Services-BUILD/smartrest/src/test/webapp/} with org.eclipse.jetty.webapp.MetaInfConfiguration@680bb9fb
2018-08-06 06:28:19,737 [main] DEBUG org.eclipse.jetty.webapp.WebAppContext  - preConfigure o.e.j.w.WebAppContext{/s,file:/var/jenkins_home/workspace/Cumulocity-Platform-Services-BUILD/smartrest/src/test/webapp/} with org.eclipse.jetty.webapp.FragmentConfiguration@59df431a
2018-08-06 06:28:19,737 [main] DEBUG org.eclipse.jetty.webapp.WebAppContext  - preConfigure o.e.j.w.WebAppContext{/s,file:/var/jenkins_home/workspace/Cumulocity-Platform-Services-BUILD/smartrest/src/test/webapp/} with org.eclipse.jetty.webapp.JettyWebXmlConfiguration@50ae8e0e
2018-08-06 06:28:19,737 [main] DEBUG org.eclipse.jetty.webapp.WebAppContext  - configure o.e.j.w.WebAppContext{/s,file:/var/jenkins_home/workspace/Cumulocity-Platform-Services-BUILD/smartrest/src/test/webapp/} with org.eclipse.jetty.webapp.WebInfConfiguration@c229885
2018-08-06 06:28:19,737 [main] DEBUG org.eclipse.jetty.webapp.WebAppContext  - configure o.e.j.w.WebAppContext{/s,file:/var/jenkins_home/workspace/Cumulocity-Platform-Services-BUILD/smartrest/src/test/webapp/} with org.eclipse.jetty.webapp.WebXmlConfiguration@377c016e
2018-08-06 06:28:19,737 [main] DEBUG org.eclipse.jetty.webapp.WebAppContext  - configure o.e.j.w.WebAppContext{/s,file:/var/jenkins_home/workspace/Cumulocity-Platform-Services-BUILD/smartrest/src/test/webapp/} with org.eclipse.jetty.webapp.MetaInfConfiguration@680bb9fb
2018-08-06 06:28:19,737 [main] DEBUG org.eclipse.jetty.webapp.WebAppContext  - configure o.e.j.w.WebAppContext{/s,file:/var/jenkins_home/workspace/Cumulocity-Platform-Services-BUILD/smartrest/src/test/webapp/} with org.eclipse.jetty.webapp.FragmentConfiguration@59df431a
2018-08-06 06:28:19,737 [main] DEBUG org.eclipse.jetty.webapp.WebAppContext  - configure o.e.j.w.WebAppContext{/s,file:/var/jenkins_home/workspace/Cumulocity-Platform-Services-BUILD/smartrest/src/test/webapp/} with org.eclipse.jetty.webapp.JettyWebXmlConfiguration@50ae8e0e
2018-08-06 06:28:19,737 [main] DEBUG org.eclipse.jetty.webapp.JettyWebXmlConfiguration  - Configuring web-jetty.xml
2018-08-06 06:28:19,737 [main] DEBUG org.eclipse.jetty.webapp.MetaData  - metadata resolve o.e.j.w.WebAppContext{/s,file:/var/jenkins_home/workspace/Cumulocity-Platform-Services-BUILD/smartrest/src/test/webapp/}
2018-08-06 06:28:19,738 [main] DEBUG org.eclipse.jetty.util.component.Container  - Container org.eclipse.jetty.servlet.ServletHandler@1538c1e3 + default as servlet
2018-08-06 06:28:19,738 [main] DEBUG org.eclipse.jetty.util.component.Container  - Container org.eclipse.jetty.servlet.ServletHandler@1538c1e3 + [/]=&gt;default as servletMapping
2018-08-06 06:28:19,738 [main] DEBUG org.eclipse.jetty.servlet.ServletHandler  - filterNameMap={}
2018-08-06 06:28:19,738 [main] DEBUG org.eclipse.jetty.servlet.ServletHandler  - pathFilters=[]
2018-08-06 06:28:19,738 [main] DEBUG org.eclipse.jetty.servlet.ServletHandler  - servletFilterMap={}
2018-08-06 06:28:19,738 [main] DEBUG org.eclipse.jetty.servlet.ServletHandler  - servletPathMap={/=default}
2018-08-06 06:28:19,738 [main] DEBUG org.eclipse.jetty.servlet.ServletHandler  - servletNameMap={default=default}
2018-08-06 06:28:19,738 [main] DEBUG org.eclipse.jetty.util.component.Container  - Container org.eclipse.jetty.servlet.ServletHandler@1538c1e3 + jsp as servlet
2018-08-06 06:28:19,738 [main] INFO  org.eclipse.jetty.webapp.StandardDescriptorProcessor  - NO JSP Support for /s, did not find org.apache.jasper.servlet.JspServlet
2018-08-06 06:28:19,739 [main] DEBUG org.eclipse.jetty.util.component.Container  - Container org.eclipse.jetty.servlet.ServletHandler@1538c1e3 + [*.jsp, *.jspf, *.jspx, *.xsp, *.JSP, *.JSPF, *.JSPX, *.XSP]=&gt;jsp as servletMapping
2018-08-06 06:28:19,739 [main] DEBUG org.eclipse.jetty.servlet.ServletHandler  - filterNameMap={}
2018-08-06 06:28:19,739 [main] DEBUG org.eclipse.jetty.servlet.ServletHandler  - pathFilters=[]
2018-08-06 06:28:19,739 [main] DEBUG org.eclipse.jetty.servlet.ServletHandler  - servletFilterMap={}
2018-08-06 06:28:19,739 [main] DEBUG org.eclipse.jetty.servlet.ServletHandler  - servletPathMap={*.XSP=jsp, *.JSPX=jsp, *.jspf=jsp, *.jsp=jsp, *.JSPF=jsp, *.jspx=jsp, *.xsp=jsp, /=default, *.JSP=jsp}
2018-08-06 06:28:19,739 [main] DEBUG org.eclipse.jetty.servlet.ServletHandler  - servletNameMap={jsp=jsp, default=default}
2018-08-06 06:28:19,739 [main] DEBUG org.eclipse.jetty.webapp.StandardDescriptorProcessor  - ContextParam: contextClass=org.springframework.web.context.support.XmlWebApplicationContext
2018-08-06 06:28:19,739 [main] DEBUG org.eclipse.jetty.webapp.StandardDescriptorProcessor  - ContextParam: contextConfigLocation=classpath*:META-INF/spring/smartrest-rest-context.xml
2018-08-06 06:28:19,739 [main] DEBUG org.eclipse.jetty.util.component.Container  - Container org.eclipse.jetty.servlet.ServletHandler@1538c1e3 + hiddenHttpMethodFilter as filter
2018-08-06 06:28:19,740 [main] DEBUG org.eclipse.jetty.util.component.Container  - Container org.eclipse.jetty.servlet.ServletHandler@1538c1e3 + [/*]/[]==0=&gt;hiddenHttpMethodFilter as filterMapping
2018-08-06 06:28:19,740 [main] DEBUG org.eclipse.jetty.servlet.ServletHandler  - filterNameMap={hiddenHttpMethodFilter=hiddenHttpMethodFilter}
2018-08-06 06:28:19,740 [main] DEBUG org.eclipse.jetty.servlet.ServletHandler  - pathFilters=[[/*]/[]==0=&gt;hiddenHttpMethodFilter]
2018-08-06 06:28:19,740 [main] DEBUG org.eclipse.jetty.servlet.ServletHandler  - servletFilterMap={}
2018-08-06 06:28:19,740 [main] DEBUG org.eclipse.jetty.servlet.ServletHandler  - servletPathMap={*.XSP=jsp, *.JSPX=jsp, *.jspf=jsp, *.jsp=jsp, *.JSPF=jsp, *.jspx=jsp, *.xsp=jsp, /=default, *.JSP=jsp}
2018-08-06 06:28:19,740 [main] DEBUG org.eclipse.jetty.servlet.ServletHandler  - servletNameMap={jsp=jsp, default=default}
2018-08-06 06:28:19,740 [main] DEBUG org.eclipse.jetty.util.component.Container  - Container org.eclipse.jetty.servlet.ServletHandler@1538c1e3 + proxyRequestHandler as servlet
2018-08-06 06:28:19,740 [main] DEBUG org.eclipse.jetty.util.component.Container  - Container org.eclipse.jetty.servlet.ServletHandler@1538c1e3 + [/*]=&gt;proxyRequestHandler as servletMapping
2018-08-06 06:28:19,740 [main] DEBUG org.eclipse.jetty.servlet.ServletHandler  - filterNameMap={hiddenHttpMethodFilter=hiddenHttpMethodFilter}
2018-08-06 06:28:19,740 [main] DEBUG org.eclipse.jetty.servlet.ServletHandler  - pathFilters=[[/*]/[]==0=&gt;hiddenHttpMethodFilter]
2018-08-06 06:28:19,740 [main] DEBUG org.eclipse.jetty.servlet.ServletHandler  - servletFilterMap={}
2018-08-06 06:28:19,740 [main] DEBUG org.eclipse.jetty.servlet.ServletHandler  - servletPathMap={*.XSP=jsp, *.JSPX=jsp, *.jspf=jsp, *.jsp=jsp, *.JSPF=jsp, *.jspx=jsp, /*=proxyRequestHandler, *.xsp=jsp, /=default, *.JSP=jsp}
2018-08-06 06:28:19,740 [main] DEBUG org.eclipse.jetty.servlet.ServletHandler  - servletNameMap={jsp=jsp, default=default, proxyRequestHandler=proxyRequestHandler}
2018-08-06 06:28:19,740 [main] DEBUG org.eclipse.jetty.util.component.Container  - Container org.eclipse.jetty.server.session.SessionHandler@1ce89199 - org.eclipse.jetty.server.session.HashSessionManager@68aee2a2 as sessionManager
2018-08-06 06:28:19,740 [main] DEBUG org.eclipse.jetty.util.component.Container  - Container org.eclipse.jetty.servlet.ServletHandler@1538c1e3 - hiddenHttpMethodFilter as filter
2018-08-06 06:28:19,740 [main] DEBUG org.eclipse.jetty.util.component.Container  - Container org.eclipse.jetty.servlet.ServletHandler@1538c1e3 - [/*]/[]==0=&gt;hiddenHttpMethodFilter as filterMapping
2018-08-06 06:28:19,740 [main] DEBUG org.eclipse.jetty.util.component.Container  - Container org.eclipse.jetty.servlet.ServletHandler@1538c1e3 - proxyRequestHandler as servlet
2018-08-06 06:28:19,740 [main] DEBUG org.eclipse.jetty.util.component.Container  - Container org.eclipse.jetty.servlet.ServletHandler@1538c1e3 - jsp as servlet
2018-08-06 06:28:19,740 [main] DEBUG org.eclipse.jetty.util.component.Container  - Container org.eclipse.jetty.servlet.ServletHandler@1538c1e3 - default as servlet
2018-08-06 06:28:19,741 [main] DEBUG org.eclipse.jetty.util.component.Container  - Container org.eclipse.jetty.servlet.ServletHandler@1538c1e3 - [/*]=&gt;proxyRequestHandler as servletMapping
2018-08-06 06:28:19,741 [main] DEBUG org.eclipse.jetty.util.component.Container  - Container org.eclipse.jetty.servlet.ServletHandler@1538c1e3 - [*.jsp, *.jspf, *.jspx, *.xsp, *.JSP, *.JSPF, *.JSPX, *.XSP]=&gt;jsp as servletMapping
2018-08-06 06:28:19,741 [main] DEBUG org.eclipse.jetty.util.component.Container  - Container org.eclipse.jetty.servlet.ServletHandler@1538c1e3 - [/]=&gt;default as servletMapping
2018-08-06 06:28:19,741 [main] DEBUG org.eclipse.jetty.util.component.Container  - Container org.eclipse.jetty.servlet.ServletHandler@1538c1e3 + hiddenHttpMethodFilter as filter
2018-08-06 06:28:19,741 [main] DEBUG org.eclipse.jetty.util.component.Container  - Container org.eclipse.jetty.servlet.ServletHandler@1538c1e3 + [/*]/[]==0=&gt;hiddenHttpMethodFilter as filterMapping
2018-08-06 06:28:19,741 [main] DEBUG org.eclipse.jetty.util.component.Container  - Container org.eclipse.jetty.servlet.ServletHandler@1538c1e3 + default as servlet
2018-08-06 06:28:19,741 [main] DEBUG org.eclipse.jetty.util.component.Container  - Container org.eclipse.jetty.servlet.ServletHandler@1538c1e3 + jsp as servlet
2018-08-06 06:28:19,741 [main] DEBUG org.eclipse.jetty.util.component.Container  - Container org.eclipse.jetty.servlet.ServletHandler@1538c1e3 + proxyRequestHandler as servlet
2018-08-06 06:28:19,741 [main] DEBUG org.eclipse.jetty.util.component.Container  - Container org.eclipse.jetty.servlet.ServletHandler@1538c1e3 + [/]=&gt;default as servletMapping
2018-08-06 06:28:19,741 [main] DEBUG org.eclipse.jetty.util.component.Container  - Container org.eclipse.jetty.servlet.ServletHandler@1538c1e3 + [*.jsp, *.jspf, *.jspx, *.xsp, *.JSP, *.JSPF, *.JSPX, *.XSP]=&gt;jsp as servletMapping
2018-08-06 06:28:19,741 [main] DEBUG org.eclipse.jetty.util.component.Container  - Container org.eclipse.jetty.servlet.ServletHandler@1538c1e3 + [/*]=&gt;proxyRequestHandler as servletMapping
2018-08-06 06:28:19,741 [main] DEBUG org.eclipse.jetty.util.component.Container  - Container org.eclipse.jetty.security.ConstraintSecurityHandler@414128f7 + org.eclipse.jetty.servlet.ServletHandler@1538c1e3 as handler
2018-08-06 06:28:19,741 [main] DEBUG org.eclipse.jetty.util.component.Container  - Container org.eclipse.jetty.server.session.SessionHandler@1ce89199 + org.eclipse.jetty.security.ConstraintSecurityHandler@414128f7 as handler
2018-08-06 06:28:19,741 [main] DEBUG org.eclipse.jetty.util.component.Container  - Container org.eclipse.jetty.server.session.SessionHandler@1ce89199 + org.eclipse.jetty.server.session.HashSessionManager@68aee2a2 as sessionManager
2018-08-06 06:28:19,741 [main] DEBUG org.eclipse.jetty.util.component.Container  - Container o.e.j.w.WebAppContext{/s,file:/var/jenkins_home/workspace/Cumulocity-Platform-Services-BUILD/smartrest/src/test/webapp/} + org.eclipse.jetty.server.session.SessionHandler@1ce89199 as handler
2018-08-06 06:28:19,741 [main] DEBUG org.eclipse.jetty.util.component.AbstractLifeCycle  - starting org.eclipse.jetty.server.session.SessionHandler@1ce89199
2018-08-06 06:28:19,741 [main] DEBUG org.eclipse.jetty.util.component.AbstractLifeCycle  - starting org.eclipse.jetty.server.session.HashSessionManager@68aee2a2
2018-08-06 06:28:19,741 [main] DEBUG org.eclipse.jetty.util.component.AbstractLifeCycle  - starting org.eclipse.jetty.server.session.HashSessionIdManager@11fbe23d
2018-08-06 06:28:19,741 [main] DEBUG org.eclipse.jetty.util.component.AbstractLifeCycle  - STARTED org.eclipse.jetty.server.session.HashSessionIdManager@11fbe23d
2018-08-06 06:28:19,742 [main] DEBUG org.eclipse.jetty.util.component.AbstractLifeCycle  - STARTED org.eclipse.jetty.server.session.HashSessionManager@68aee2a2
2018-08-06 06:28:19,742 [main] DEBUG org.eclipse.jetty.util.component.AbstractLifeCycle  - starting org.eclipse.jetty.security.ConstraintSecurityHandler@414128f7
2018-08-06 06:28:19,742 [main] DEBUG org.eclipse.jetty.util.component.AbstractLifeCycle  - starting org.eclipse.jetty.servlet.ServletHandler@1538c1e3
2018-08-06 06:28:19,742 [main] DEBUG org.eclipse.jetty.servlet.ServletHandler  - filterNameMap={hiddenHttpMethodFilter=hiddenHttpMethodFilter}
2018-08-06 06:28:19,742 [main] DEBUG org.eclipse.jetty.servlet.ServletHandler  - pathFilters=[[/*]/[]==0=&gt;hiddenHttpMethodFilter]
2018-08-06 06:28:19,742 [main] DEBUG org.eclipse.jetty.servlet.ServletHandler  - servletFilterMap={}
2018-08-06 06:28:19,742 [main] DEBUG org.eclipse.jetty.servlet.ServletHandler  - servletPathMap={*.XSP=jsp, *.JSPX=jsp, *.jspf=jsp, *.jsp=jsp, *.JSPF=jsp, *.jspx=jsp, /*=proxyRequestHandler, *.xsp=jsp, /=default, *.JSP=jsp}
2018-08-06 06:28:19,742 [main] DEBUG org.eclipse.jetty.servlet.ServletHandler  - servletNameMap={jsp=jsp, default=default, proxyRequestHandler=proxyRequestHandler}
2018-08-06 06:28:19,742 [main] DEBUG org.eclipse.jetty.server.handler.AbstractHandler  - starting org.eclipse.jetty.servlet.ServletHandler@1538c1e3
2018-08-06 06:28:19,742 [main] DEBUG org.eclipse.jetty.util.component.AbstractLifeCycle  - STARTED org.eclipse.jetty.servlet.ServletHandler@1538c1e3
2018-08-06 06:28:19,742 [main] DEBUG org.eclipse.jetty.server.handler.AbstractHandler  - starting org.eclipse.jetty.security.ConstraintSecurityHandler@414128f7
2018-08-06 06:28:19,742 [main] DEBUG org.eclipse.jetty.util.component.AbstractLifeCycle  - STARTED org.eclipse.jetty.security.ConstraintSecurityHandler@414128f7
2018-08-06 06:28:19,742 [main] DEBUG org.eclipse.jetty.server.handler.AbstractHandler  - starting org.eclipse.jetty.server.session.SessionHandler@1ce89199
2018-08-06 06:28:19,742 [main] DEBUG org.eclipse.jetty.util.component.AbstractLifeCycle  - STARTED org.eclipse.jetty.server.session.SessionHandler@1ce89199
2018-08-06 06:28:19,743 [main] DEBUG org.eclipse.jetty.server.handler.AbstractHandler  - starting o.e.j.w.WebAppContext{/s,file:/var/jenkins_home/workspace/Cumulocity-Platform-Services-BUILD/smartrest/src/test/webapp/}
2018-08-06 06:28:19,743 [main] DEBUG org.eclipse.jetty.util.component.AbstractLifeCycle  - starting org.eclipse.jetty.servlet.ErrorPageErrorHandler@5e7cf14d
2018-08-06 06:28:19,743 [main] DEBUG org.eclipse.jetty.server.handler.AbstractHandler  - starting org.eclipse.jetty.servlet.ErrorPageErrorHandler@5e7cf14d
2018-08-06 06:28:19,743 [main] DEBUG org.eclipse.jetty.util.component.AbstractLifeCycle  - STARTED org.eclipse.jetty.servlet.ErrorPageErrorHandler@5e7cf14d
2018-08-06 06:28:19,743 [main] INFO  SmartREST Proxy  - Initializing Spring root WebApplicationContext
2018-08-06 06:28:19,743 [main] INFO  org.springframework.web.context.ContextLoader  - Root WebApplicationContext: initialization started
2018-08-06 06:28:19,743 [main] DEBUG org.springframework.web.context.support.StandardServletEnvironment  - Adding [servletConfigInitParams] PropertySource with lowest search precedence
2018-08-06 06:28:19,743 [main] DEBUG org.springframework.web.context.support.StandardServletEnvironment  - Adding [servletContextInitParams] PropertySource with lowest search precedence
2018-08-06 06:28:19,743 [main] DEBUG org.springframework.web.context.support.StandardServletEnvironment  - Adding [jndiProperties] PropertySource with lowest search precedence
2018-08-06 06:28:19,743 [main] DEBUG org.springframework.web.context.support.StandardServletEnvironment  - Adding [systemProperties] PropertySource with lowest search precedence
2018-08-06 06:28:19,743 [main] DEBUG org.springframework.web.context.support.StandardServletEnvironment  - Adding [systemEnvironment] PropertySource with lowest search precedence
2018-08-06 06:28:19,744 [main] DEBUG org.springframework.web.context.support.StandardServletEnvironment  - Initialized StandardServletEnvironment with PropertySources [servletConfigInitParams,servletContextInitParams,jndiProperties,systemProperties,systemEnvironment]
2018-08-06 06:28:19,744 [main] DEBUG org.springframework.web.context.support.StandardServletEnvironment  - Replacing [servletContextInitParams] PropertySource with [servletContextInitParams]
2018-08-06 06:28:19,744 [main] INFO  org.springframework.web.context.support.XmlWebApplicationContext  - Refreshing Root WebApplicationContext: startup date [Mon Aug 06 06:28:19 UTC 2018]; root of context hierarchy
2018-08-06 06:28:19,745 [main] DEBUG org.springframework.core.env.StandardEnvironment  - Adding [systemProperties] PropertySource with lowest search precedence
2018-08-06 06:28:19,745 [main] DEBUG org.springframework.core.env.StandardEnvironment  - Adding [systemEnvironment] PropertySource with lowest search precedence
2018-08-06 06:28:19,745 [main] DEBUG org.springframework.core.env.StandardEnvironment  - Initialized StandardEnvironment with PropertySources [systemProperties,systemEnvironment]
2018-08-06 06:28:19,745 [main] INFO  org.springframework.beans.factory.xml.XmlBeanDefinitionReader  - Loading XML bean definitions from URL [file:/var/jenkins_home/workspace/Cumulocity-Platform-Services-BUILD/smartrest/target/classes/META-INF/spring/smartrest-rest-context.xml]
2018-08-06 06:28:19,746 [main] DEBUG org.springframework.beans.factory.xml.DefaultDocumentLoader  - Using JAXP provider [com.sun.org.apache.xerces.internal.jaxp.DocumentBuilderFactoryImpl]
2018-08-06 06:28:19,747 [main] DEBUG org.springframework.beans.factory.xml.PluggableSchemaResolver  - Loading schema mappings from [META-INF/spring.schemas]
2018-08-06 06:28:19,749 [main] DEBUG org.springframework.beans.factory.xml.PluggableSchemaResolver  - Loaded schema mappings: {http://www.springframework.org/schema/context/spring-context-3.1.xsd=org/springframework/context/config/spring-context-3.1.xsd, http://www.springframework.org/schema/util/spring-util-3.0.xsd=org/springframework/beans/factory/xml/spring-util-3.0.xsd, http://cxf.apache.org/schemas/configuration/http-conf.xsd=schemas/configuration/http-conf.xsd, http://cxf.apache.org/configuration/parameterized-types=schemas/configuration/parameterized-types.xsd, http://www.springframework.org/schema/security/spring-security-3.0.3.xsd=org/springframework/security/config/spring-security-3.0.3.xsd, http://www.springframework.org/schema/tool/spring-tool.xsd=org/springframework/beans/factory/xml/spring-tool-3.2.xsd, http://www.springframework.org/schema/aop/spring-aop-3.2.xsd=org/springframework/aop/config/spring-aop-3.2.xsd, http://www.springframework.org/schema/security/spring-security-2.0.1.xsd=org/springframework/security/config/spring-security-2.0.1.xsd, http://cxf.apache.org/schemas/jaxrs.xsd=schemas/jaxrs.xsd, http://www.springframework.org/schema/lang/spring-lang-3.2.xsd=org/springframework/scripting/config/spring-lang-3.2.xsd, http://www.springframework.org/schema/osgi-compendium/spring-osgi-compendium-1.2.xsd=org/springframework/osgi/compendium/config/spring-osgi-compendium-1.2.xsd, http://www.springframework.org/schema/cache/spring-cache-3.2.xsd=org/springframework/cache/config/spring-cache-3.2.xsd, http://www.springframework.org/schema/util/spring-util-2.0.xsd=org/springframework/beans/factory/xml/spring-util-2.0.xsd, http://www.springframework.org/schema/osgi/spring-osgi-1.2.xsd=org/springframework/osgi/config/spring-osgi-1.2.xsd, http://www.springframework.org/schema/tool/spring-tool-3.2.xsd=org/springframework/beans/factory/xml/spring-tool-3.2.xsd, http://www.springframework.org/schema/context/spring-context.xsd=org/springframework/context/config/spring-context-3.2.xsd, http://schemas.xmlsoap.org/ws/2004/08/addressing=schemas/wsdl/addressing.xsd, http://www.springframework.org/schema/security/spring-security-2.0.xsd=org/springframework/security/config/spring-security-2.0.xsd, http://www.springframework.org/schema/jee/spring-jee-3.2.xsd=org/springframework/ejb/config/spring-jee-3.2.xsd, http://www.springframework.org/schema/context/spring-context-3.0.xsd=org/springframework/context/config/spring-context-3.0.xsd, http://www.springframework.org/schema/util/spring-util-2.5.xsd=org/springframework/beans/factory/xml/spring-util-2.5.xsd, http://www.springframework.org/schema/beans/spring-beans-3.2.xsd=org/springframework/beans/factory/xml/spring-beans-3.2.xsd, http://www.springframework.org/schema/aop/spring-aop-3.1.xsd=org/springframework/aop/config/spring-aop-3.1.xsd, http://schemas.xmlsoap.org/wsdl/=schemas/wsdl/wsdl.xsd, http://www.springframework.org/schema/lang/spring-lang-3.1.xsd=org/springframework/scripting/config/spring-lang-3.1.xsd, http://www.springframework.org/schema/osgi-compendium/spring-osgi-compendium-1.1.xsd=org/springframework/osgi/compendium/config/spring-osgi-compendium-1.1.xsd, http://www.springframework.org/schema/cache/spring-cache-3.1.xsd=org/springframework/cache/config/spring-cache-3.1.xsd, http://www.springframework.org/schema/osgi/spring-osgi-1.1.xsd=org/springframework/osgi/config/spring-osgi-1.1.xsd, http://cxf.apache.org/schemas/configuration/http-jetty.xsd=schemas/configuration/http-jetty.xsd, http://www.springframework.org/schema/tool/spring-tool-3.1.xsd=org/springframework/beans/factory/xml/spring-tool-3.1.xsd, http://schemas.xmlsoap.org/wsdl/http/=schemas/wsdl/http.xsd, http://www.springframework.org/schema/jee/spring-jee-3.1.xsd=org/springframework/ejb/config/spring-jee-3.1.xsd, http://cxf.apache.org/schemas/configuration/parameterized-types.xsd=schemas/configuration/parameterized-types.xsd, http://www.springframework.org/schema/task/spring-task-3.2.xsd=org/springframework/scheduling/config/spring-task-3.2.xsd, http://www.springframework.org/schema/beans/spring-beans-3.1.xsd=org/springframework/beans/factory/xml/spring-beans-3.1.xsd, http://www.springframework.org/schema/util/spring-util.xsd=org/springframework/beans/factory/xml/spring-util-3.2.xsd, http://www.springframework.org/schema/aop/spring-aop-3.0.xsd=org/springframework/aop/config/spring-aop-3.0.xsd, http://www.springframework.org/schema/beans/spring-beans.xsd=org/springframework/beans/factory/xml/spring-beans-3.2.xsd, http://www.springframework.org/schema/security/spring-security-2.0.4.xsd=org/springframework/security/config/spring-security-2.0.4.xsd, http://www.springframework.org/schema/lang/spring-lang-3.0.xsd=org/springframework/scripting/config/spring-lang-3.0.xsd, http://schemas.xmlsoap.org/wsdl/2003-02-11.xsd=schemas/wsdl/wsdl.xsd, http://www.springframework.org/schema/osgi-compendium/spring-osgi-compendium-1.0.xsd=org/springframework/osgi/compendium/config/spring-osgi-compendium-1.0.xsd, http://www.springframework.org/schema/context/spring-context-2.5.xsd=org/springframework/context/config/spring-context-2.5.xsd, http://www.springframework.org/schema/tool/spring-tool-3.0.xsd=org/springframework/beans/factory/xml/spring-tool-3.0.xsd, http://www.springframework.org/schema/osgi/spring-osgi-1.0.xsd=org/springframework/osgi/config/spring-osgi-1.0.xsd, http://www.springframework.org/schema/osgi/spring-osgi.xsd=org/springframework/osgi/config/spring-osgi-1.2.xsd, http://www.springframework.org/schema/aop/spring-aop-2.0.xsd=org/springframework/aop/config/spring-aop-2.0.xsd, http://www.springframework.org/schema/security/spring-security-3.2.xsd=org/springframework/security/config/spring-security-3.2.xsd, http://www.springframework.org/schema/jee/spring-jee-3.0.xsd=org/springframework/ejb/config/spring-jee-3.0.xsd, http://www.springframework.org/schema/task/spring-task-3.1.xsd=org/springframework/scheduling/config/spring-task-3.1.xsd, http://www.springframework.org/schema/beans/spring-beans-3.0.xsd=org/springframework/beans/factory/xml/spring-beans-3.0.xsd, http://cxf.apache.org/schemas/wsdl/http-conf.xsd=schemas/wsdl/http-conf.xsd, http://www.springframework.org/schema/jee/spring-jee.xsd=org/springframework/ejb/config/spring-jee-3.2.xsd, http://www.springframework.org/schema/aop/spring-aop-2.5.xsd=org/springframework/aop/config/spring-aop-2.5.xsd, http://www.springframework.org/schema/lang/spring-lang-2.0.xsd=org/springframework/scripting/config/spring-lang-2.0.xsd, http://www.springframework.org/schema/util/spring-util-3.2.xsd=org/springframework/beans/factory/xml/spring-util-3.2.xsd, http://www.springframework.org/schema/task/spring-task.xsd=org/springframework/scheduling/config/spring-task-3.2.xsd, http://www.springframework.org/schema/tool/spring-tool-2.0.xsd=org/springframework/beans/factory/xml/spring-tool-2.0.xsd, http://www.springframework.org/schema/lang/spring-lang-2.5.xsd=org/springframework/scripting/config/spring-lang-2.5.xsd, http://www.springframework.org/schema/jee/spring-jee-2.0.xsd=org/springframework/ejb/config/spring-jee-2.0.xsd, http://www.springframework.org/schema/tool/spring-tool-2.5.xsd=org/springframework/beans/factory/xml/spring-tool-2.5.xsd, http://www.springframework.org/schema/jee/spring-jee-2.5.xsd=org/springframework/ejb/config/spring-jee-2.5.xsd, http://www.springframework.org/schema/security/spring-security-3.1.xsd=org/springframework/security/config/spring-security-3.1.xsd, http://cxf.apache.org/schemas/configuration/cxf-beans.xsd=schemas/configuration/cxf-beans.xsd, http://www.springframework.org/schema/task/spring-task-3.0.xsd=org/springframework/scheduling/config/spring-task-3.0.xsd, http://cxf.apache.org/schemas/core.xsd=schemas/core.xsd, http://www.springframework.org/schema/lang/spring-lang.xsd=org/springframework/scripting/config/spring-lang-3.2.xsd, http://www.springframework.org/schema/context/spring-context-3.2.xsd=org/springframework/context/config/spring-context-3.2.xsd, http://www.springframework.org/schema/util/spring-util-3.1.xsd=org/springframework/beans/factory/xml/spring-util-3.1.xsd, http://www.springframework.org/schema/beans/spring-beans-2.0.xsd=org/springframework/beans/factory/xml/spring-beans-2.0.xsd, http://cxf.apache.org/schemas/configuration/security.xsd=schemas/configuration/security.xsd, http://www.springframework.org/schema/cache/spring-cache.xsd=org/springframework/cache/config/spring-cache-3.2.xsd, http://www.springframework.org/schema/security/spring-security-2.0.2.xsd=org/springframework/security/config/spring-security-2.0.2.xsd, http://www.springframework.org/schema/beans/spring-beans-2.5.xsd=org/springframework/beans/factory/xml/spring-beans-2.5.xsd, http://www.springframework.org/schema/security/spring-security.xsd=org/springframework/security/config/spring-security-3.2.xsd, http://www.springframework.org/schema/security/spring-security-3.0.xsd=org/springframework/security/config/spring-security-3.0.xsd, http://www.springframework.org/schema/aop/spring-aop.xsd=org/springframework/aop/config/spring-aop-3.2.xsd, http://www.springframework.org/schema/osgi-compendium/spring-osgi-compendium.xsd=org/springframework/osgi/compendium/config/spring-osgi-compendium-1.2.xsd}
2018-08-06 06:28:19,750 [main] DEBUG org.springframework.beans.factory.xml.PluggableSchemaResolver  - Found XML schema [http://www.springframework.org/schema/beans/spring-beans.xsd] in classpath: org/springframework/beans/factory/xml/spring-beans-3.2.xsd
2018-08-06 06:28:19,761 [main] DEBUG org.springframework.beans.factory.xml.PluggableSchemaResolver  - Found XML schema [http://www.springframework.org/schema/context/spring-context.xsd] in classpath: org/springframework/context/config/spring-context-3.2.xsd
2018-08-06 06:28:19,765 [main] DEBUG org.springframework.beans.factory.xml.PluggableSchemaResolver  - Found XML schema [http://www.springframework.org/schema/tool/spring-tool-3.2.xsd] in classpath: org/springframework/beans/factory/xml/spring-tool-3.2.xsd
2018-08-06 06:28:19,769 [main] DEBUG org.springframework.beans.factory.xml.DefaultBeanDefinitionDocumentReader  - Loading bean definitions
2018-08-06 06:28:19,769 [main] INFO  org.springframework.beans.factory.xml.XmlBeanDefinitionReader  - Loading XML bean definitions from class path resource [META-INF/cumulocity/configuration/cumulocity-configuration.xml]
2018-08-06 06:28:19,770 [main] DEBUG org.springframework.beans.factory.xml.DefaultDocumentLoader  - Using JAXP provider [com.sun.org.apache.xerces.internal.jaxp.DocumentBuilderFactoryImpl]
2018-08-06 06:28:19,771 [main] DEBUG org.springframework.beans.factory.xml.PluggableSchemaResolver  - Found XML schema [http://www.springframework.org/schema/beans/spring-beans.xsd] in classpath: org/springframework/beans/factory/xml/spring-beans-3.2.xsd
2018-08-06 06:28:19,783 [main] DEBUG org.springframework.beans.factory.xml.PluggableSchemaResolver  - Found XML schema [http://www.springframework.org/schema/util/spring-util.xsd] in classpath: org/springframework/beans/factory/xml/spring-util-3.2.xsd
2018-08-06 06:28:19,785 [main] DEBUG org.springframework.beans.factory.xml.PluggableSchemaResolver  - Found XML schema [http://www.springframework.org/schema/tool/spring-tool-3.2.xsd] in classpath: org/springframework/beans/factory/xml/spring-tool-3.2.xsd
2018-08-06 06:28:19,788 [main] DEBUG org.springframework.beans.factory.xml.DefaultBeanDefinitionDocumentReader  - Loading bean definitions
2018-08-06 06:28:19,788 [main] DEBUG org.springframework.beans.factory.xml.BeanDefinitionParserDelegate  - Neither XML &apos;id&apos; nor &apos;name&apos; specified - using generated bean name [com.cumulocity.common.config.PlatformEnvironment#0]
2018-08-06 06:28:19,789 [main] DEBUG org.springframework.beans.factory.xml.DefaultNamespaceHandlerResolver  - Loaded NamespaceHandler mappings: {http://www.springframework.org/schema/p=org.springframework.beans.factory.xml.SimplePropertyNamespaceHandler, http://cxf.apache.org/transports/http-jetty/configuration=org.apache.cxf.transport.http_jetty.spring.NamespaceHandler, http://www.springframework.org/schema/util=org.springframework.beans.factory.xml.UtilNamespaceHandler, http://www.springframework.org/schema/jee=org.springframework.ejb.config.JeeNamespaceHandler, http://www.springframework.org/schema/osgi=org.springframework.osgi.config.OsgiNamespaceHandler, http://www.springframework.org/schema/aop=org.springframework.aop.config.AopNamespaceHandler, http://cxf.apache.org/transports/http/configuration=org.apache.cxf.transport.http.spring.NamespaceHandler, http://www.springframework.org/schema/cache=org.springframework.cache.config.CacheNamespaceHandler, http://www.springframework.org/schema/c=org.springframework.beans.factory.xml.SimpleConstructorNamespaceHandler, http://www.springframework.org/schema/security=org.springframework.security.config.SecurityNamespaceHandler, http://cxf.apache.org/jaxrs=org.apache.cxf.jaxrs.spring.NamespaceHandler, http://cxf.apache.org/core=org.apache.cxf.bus.spring.NamespaceHandler, http://www.springframework.org/schema/task=org.springframework.scheduling.config.TaskNamespaceHandler, http://www.springframework.org/schema/lang=org.springframework.scripting.config.LangNamespaceHandler, http://www.springframework.org/schema/osgi-compendium=org.springframework.osgi.compendium.config.CompendiumNamespaceHandler, http://www.springframework.org/schema/context=org.springframework.context.config.ContextNamespaceHandler}
2018-08-06 06:28:19,790 [main] DEBUG org.springframework.beans.factory.xml.BeanDefinitionParserDelegate  - Neither XML &apos;id&apos; nor &apos;name&apos; specified - using generated bean name [org.springframework.context.support.PropertySourcesPlaceholderConfigurer#0]
2018-08-06 06:28:19,790 [main] DEBUG org.springframework.beans.factory.xml.XmlBeanDefinitionReader  - Loaded 3 bean definitions from location pattern [classpath:META-INF/cumulocity/configuration/cumulocity-configuration.xml]
2018-08-06 06:28:19,790 [main] DEBUG org.springframework.beans.factory.xml.DefaultBeanDefinitionDocumentReader  - Imported 3 bean definitions from URL location [classpath:META-INF/cumulocity/configuration/cumulocity-configuration.xml]
2018-08-06 06:28:19,791 [main] DEBUG org.springframework.beans.factory.xml.XmlBeanDefinitionReader  - Loaded 13 bean definitions from location pattern [classpath*:META-INF/spring/smartrest-rest-context.xml]
2018-08-06 06:28:19,791 [main] DEBUG org.springframework.web.context.support.XmlWebApplicationContext  - Bean factory for Root WebApplicationContext: org.springframework.beans.factory.support.DefaultListableBeanFactory@568b8a74: defining beans [com.cumulocity.common.config.PlatformEnvironment#0,org.springframework.context.support.PropertySourcesPlaceholderConfigurer#0,configLocations,org.springframework.context.annotation.internalConfigurationAnnotationProcessor,org.springframework.context.annotation.internalAutowiredAnnotationProcessor,org.springframework.context.annotation.internalRequiredAnnotationProcessor,org.springframework.context.annotation.internalCommonAnnotationProcessor,proxyRequestHandler,requestHandler,templateProvider,requestDispatcher,restDispatcherHttpClient,concurrentExecutor]; root of factory hierarchy
2018-08-06 06:28:19,792 [main] DEBUG org.springframework.beans.factory.support.DefaultListableBeanFactory  - Creating shared instance of singleton bean &apos;com.cumulocity.common.config.PlatformEnvironment#0&apos;
2018-08-06 06:28:19,792 [main] DEBUG org.springframework.beans.factory.support.DefaultListableBeanFactory  - Creating instance of bean &apos;com.cumulocity.common.config.PlatformEnvironment#0&apos;
2018-08-06 06:28:19,792 [main] DEBUG org.springframework.beans.factory.support.DefaultListableBeanFactory  - Creating shared instance of singleton bean &apos;configLocations&apos;
2018-08-06 06:28:19,792 [main] DEBUG org.springframework.beans.factory.support.DefaultListableBeanFactory  - Creating instance of bean &apos;configLocations&apos;
2018-08-06 06:28:19,793 [main] DEBUG org.springframework.beans.factory.support.DefaultListableBeanFactory  - Eagerly caching bean &apos;configLocations&apos; to allow for resolving potential circular references
2018-08-06 06:28:19,793 [main] DEBUG org.springframework.beans.factory.support.DefaultListableBeanFactory  - Invoking afterPropertiesSet() on bean with name &apos;configLocations&apos;
2018-08-06 06:28:19,793 [main] DEBUG org.springframework.beans.factory.support.DefaultListableBeanFactory  - Finished creating instance of bean &apos;configLocations&apos;
2018-08-06 06:28:19,794 [main] DEBUG org.springframework.beans.factory.support.DefaultListableBeanFactory  - Eagerly caching bean &apos;com.cumulocity.common.config.PlatformEnvironment#0&apos; to allow for resolving potential circular references
2018-08-06 06:28:19,794 [main] DEBUG com.cumulocity.common.config.PlatformEnvironment  - Root WebApplicationContext: startup date [Mon Aug 06 06:28:19 UTC 2018]; root of context hierarchy
2018-08-06 06:28:19,794 [main] DEBUG com.cumulocity.common.config.PlatformEnvironment  - registering class path resource [META-INF/spring/cumulocity-core.properties]
2018-08-06 06:28:19,794 [main] DEBUG org.springframework.web.context.support.StandardServletEnvironment  - Adding [class path resource [META-INF/spring/cumulocity-core.properties]] PropertySource with lowest search precedence
2018-08-06 06:28:19,794 [main] DEBUG org.springframework.core.env.PropertySourcesPropertyResolver  - Searching for key &apos;user.home&apos; in [servletConfigInitParams]
2018-08-06 06:28:19,794 [main] DEBUG org.springframework.core.env.PropertySourcesPropertyResolver  - Searching for key &apos;user.home&apos; in [servletContextInitParams]
2018-08-06 06:28:19,795 [main] DEBUG org.springframework.core.env.PropertySourcesPropertyResolver  - Searching for key &apos;user.home&apos; in [jndiProperties]
2018-08-06 06:28:19,795 [main] DEBUG org.springframework.jndi.JndiTemplate  - Looking up JNDI object with name [java:comp/env/user.home]
2018-08-06 06:28:19,795 [main] DEBUG org.springframework.jndi.JndiLocatorDelegate  - Converted JNDI name [java:comp/env/user.home] not found - trying original name [user.home]. javax.naming.NoInitialContextException: Need to specify class name in environment or system property, or as an applet parameter, or in an application resource file:  java.naming.factory.initial
2018-08-06 06:28:19,795 [main] DEBUG org.springframework.jndi.JndiTemplate  - Looking up JNDI object with name [user.home]
2018-08-06 06:28:19,795 [main] DEBUG org.springframework.jndi.JndiPropertySource  - JNDI lookup for name [user.home] threw NamingException with message: Need to specify class name in environment or system property, or as an applet parameter, or in an application resource file:  java.naming.factory.initial. Returning null.
2018-08-06 06:28:19,795 [main] DEBUG org.springframework.core.env.PropertySourcesPropertyResolver  - Searching for key &apos;user.home&apos; in [systemProperties]
2018-08-06 06:28:19,795 [main] DEBUG org.springframework.core.env.PropertySourcesPropertyResolver  - Found key &apos;user.home&apos; in [systemProperties] with type [String] and value &apos;/root&apos;
2018-08-06 06:28:19,795 [main] DEBUG com.cumulocity.common.config.PlatformEnvironment$RefreshableResourcePropertySource  - failed to load config URL [file:/root/.cumulocity/cumulocity-core.properties] - /root/.cumulocity/cumulocity-core.properties (No such file or directory)
2018-08-06 06:28:19,795 [main] DEBUG com.cumulocity.common.config.PlatformEnvironment  - registering URL [file:/root/.cumulocity/cumulocity-core.properties]
2018-08-06 06:28:19,795 [main] DEBUG org.springframework.web.context.support.StandardServletEnvironment  - Adding [URL [file:/root/.cumulocity/cumulocity-core.properties]] PropertySource with lowest search precedence
2018-08-06 06:28:19,795 [main] DEBUG org.springframework.core.env.PropertySourcesPropertyResolver  - Searching for key &apos;CUMULOCITY_CONFIG_DIR:/etc/cumulocity&apos; in [servletConfigInitParams]
2018-08-06 06:28:19,795 [main] DEBUG org.springframework.core.env.PropertySourcesPropertyResolver  - Searching for key &apos;CUMULOCITY_CONFIG_DIR:/etc/cumulocity&apos; in [servletContextInitParams]
2018-08-06 06:28:19,795 [main] DEBUG org.springframework.core.env.PropertySourcesPropertyResolver  - Searching for key &apos;CUMULOCITY_CONFIG_DIR:/etc/cumulocity&apos; in [jndiProperties]
2018-08-06 06:28:19,795 [main] DEBUG org.springframework.jndi.JndiTemplate  - Looking up JNDI object with name [CUMULOCITY_CONFIG_DIR:/etc/cumulocity]
2018-08-06 06:28:19,796 [main] DEBUG org.springframework.jndi.JndiPropertySource  - JNDI lookup for name [CUMULOCITY_CONFIG_DIR:/etc/cumulocity] threw NamingException with message: Need to specify class name in environment or system property, or as an applet parameter, or in an application resource file:  java.naming.factory.initial. Returning null.
2018-08-06 06:28:19,796 [main] DEBUG org.springframework.core.env.PropertySourcesPropertyResolver  - Searching for key &apos;CUMULOCITY_CONFIG_DIR:/etc/cumulocity&apos; in [systemProperties]
2018-08-06 06:28:19,796 [main] DEBUG org.springframework.core.env.PropertySourcesPropertyResolver  - Searching for key &apos;CUMULOCITY_CONFIG_DIR:/etc/cumulocity&apos; in [systemEnvironment]
2018-08-06 06:28:19,796 [main] DEBUG org.springframework.core.env.PropertySourcesPropertyResolver  - Searching for key &apos;CUMULOCITY_CONFIG_DIR:/etc/cumulocity&apos; in [class path resource [META-INF/spring/cumulocity-core.properties]]
2018-08-06 06:28:19,796 [main] DEBUG org.springframework.core.env.PropertySourcesPropertyResolver  - Searching for key &apos;CUMULOCITY_CONFIG_DIR:/etc/cumulocity&apos; in [URL [file:/root/.cumulocity/cumulocity-core.properties]]
2018-08-06 06:28:19,796 [main] DEBUG com.cumulocity.common.config.PlatformEnvironment$RefreshableResourcePropertySource  - failed to load config URL [file:/root/.cumulocity/cumulocity-core.properties] - /root/.cumulocity/cumulocity-core.properties (No such file or directory)
2018-08-06 06:28:19,796 [main] DEBUG org.springframework.core.env.PropertySourcesPropertyResolver  - Could not find key &apos;CUMULOCITY_CONFIG_DIR:/etc/cumulocity&apos; in any property source. Returning [null]
2018-08-06 06:28:19,796 [main] DEBUG org.springframework.core.env.PropertySourcesPropertyResolver  - Searching for key &apos;CUMULOCITY_CONFIG_DIR&apos; in [servletConfigInitParams]
2018-08-06 06:28:19,796 [main] DEBUG org.springframework.core.env.PropertySourcesPropertyResolver  - Searching for key &apos;CUMULOCITY_CONFIG_DIR&apos; in [servletContextInitParams]
2018-08-06 06:28:19,796 [main] DEBUG org.springframework.core.env.PropertySourcesPropertyResolver  - Searching for key &apos;CUMULOCITY_CONFIG_DIR&apos; in [jndiProperties]
2018-08-06 06:28:19,796 [main] DEBUG org.springframework.jndi.JndiTemplate  - Looking up JNDI object with name [java:comp/env/CUMULOCITY_CONFIG_DIR]
2018-08-06 06:28:19,796 [main] DEBUG org.springframework.jndi.JndiLocatorDelegate  - Converted JNDI name [java:comp/env/CUMULOCITY_CONFIG_DIR] not found - trying original name [CUMULOCITY_CONFIG_DIR]. javax.naming.NoInitialContextException: Need to specify class name in environment or system property, or as an applet parameter, or in an application resource file:  java.naming.factory.initial
2018-08-06 06:28:19,796 [main] DEBUG org.springframework.jndi.JndiTemplate  - Looking up JNDI object with name [CUMULOCITY_CONFIG_DIR]
2018-08-06 06:28:19,796 [main] DEBUG org.springframework.jndi.JndiPropertySource  - JNDI lookup for name [CUMULOCITY_CONFIG_DIR] threw NamingException with message: Need to specify class name in environment or system property, or as an applet parameter, or in an application resource file:  java.naming.factory.initial. Returning null.
2018-08-06 06:28:19,796 [main] DEBUG org.springframework.core.env.PropertySourcesPropertyResolver  - Searching for key &apos;CUMULOCITY_CONFIG_DIR&apos; in [systemProperties]
2018-08-06 06:28:19,797 [main] DEBUG org.springframework.core.env.PropertySourcesPropertyResolver  - Searching for key &apos;CUMULOCITY_CONFIG_DIR&apos; in [systemEnvironment]
2018-08-06 06:28:19,797 [main] DEBUG org.springframework.core.env.PropertySourcesPropertyResolver  - Searching for key &apos;CUMULOCITY_CONFIG_DIR&apos; in [class path resource [META-INF/spring/cumulocity-core.properties]]
2018-08-06 06:28:19,797 [main] DEBUG org.springframework.core.env.PropertySourcesPropertyResolver  - Searching for key &apos;CUMULOCITY_CONFIG_DIR&apos; in [URL [file:/root/.cumulocity/cumulocity-core.properties]]
2018-08-06 06:28:19,797 [main] DEBUG org.springframework.core.env.PropertySourcesPropertyResolver  - Could not find key &apos;CUMULOCITY_CONFIG_DIR&apos; in any property source. Returning [null]
2018-08-06 06:28:19,797 [main] DEBUG com.cumulocity.common.config.PlatformEnvironment$RefreshableResourcePropertySource  - failed to load config URL [file:/etc/cumulocity/cumulocity-core.properties] - /etc/cumulocity/cumulocity-core.properties (No such file or directory)
2018-08-06 06:28:19,797 [main] DEBUG com.cumulocity.common.config.PlatformEnvironment  - registering URL [file:/etc/cumulocity/cumulocity-core.properties]
2018-08-06 06:28:19,797 [main] DEBUG org.springframework.web.context.support.StandardServletEnvironment  - Adding [URL [file:/etc/cumulocity/cumulocity-core.properties]] PropertySource with lowest search precedence
2018-08-06 06:28:19,797 [main] DEBUG org.springframework.core.env.PropertySourcesPropertyResolver  - Searching for key &apos;CUMULOCITY_CONFIG_DIR:/etc/cumulocity&apos; in [servletConfigInitParams]
2018-08-06 06:28:19,797 [main] DEBUG org.springframework.core.env.PropertySourcesPropertyResolver  - Searching for key &apos;CUMULOCITY_CONFIG_DIR:/etc/cumulocity&apos; in [servletContextInitParams]
2018-08-06 06:28:19,797 [main] DEBUG org.springframework.core.env.PropertySourcesPropertyResolver  - Searching for key &apos;CUMULOCITY_CONFIG_DIR:/etc/cumulocity&apos; in [jndiProperties]
2018-08-06 06:28:19,797 [main] DEBUG org.springframework.jndi.JndiTemplate  - Looking up JNDI object with name [CUMULOCITY_CONFIG_DIR:/etc/cumulocity]
2018-08-06 06:28:19,797 [main] DEBUG org.springframework.jndi.JndiPropertySource  - JNDI lookup for name [CUMULOCITY_CONFIG_DIR:/etc/cumulocity] threw NamingException with message: Need to specify class name in environment or system property, or as an applet parameter, or in an application resource file:  java.naming.factory.initial. Returning null.
2018-08-06 06:28:19,797 [main] DEBUG org.springframework.core.env.PropertySourcesPropertyResolver  - Searching for key &apos;CUMULOCITY_CONFIG
...[truncated 354890 chars]...
onnection@17249e,g=HttpGenerator{s=0,h=-1,b=-1,c=-1},p=HttpParser{s=0,l=2,c=25},r=1}
2018-08-06 06:28:50,013 [ConnectorPool-54] DEBUG org.eclipse.jetty.http.HttpParser  - filled 281/281
2018-08-06 06:28:50,013 [ConnectorPool-45] DEBUG org.eclipse.jetty.http.HttpParser  - filled 281/281
2018-08-06 06:28:50,014 [ConnectorPool-54] DEBUG org.eclipse.jetty.server.AsyncHttpConnection  - Disabled read interest while writing response SCEP@6df68f29{l(/127.0.0.1:59942)&lt;-&gt;r(/127.0.0.1:8586),s=1,open=true,ishut=false,oshut=false,rb=false,wb=false,w=true,i=0r}-{AsyncHttpConnection@6d9199,g=HttpGenerator{s=0,h=-1,b=-1,c=-1},p=HttpParser{s=0,l=2,c=25},r=1}
2018-08-06 06:28:50,014 [ConnectorPool-45] DEBUG org.eclipse.jetty.server.AsyncHttpConnection  - Disabled read interest while writing response SCEP@4d9294db{l(/127.0.0.1:59950)&lt;-&gt;r(/127.0.0.1:8586),s=1,open=true,ishut=false,oshut=false,rb=false,wb=false,w=true,i=0r}-{AsyncHttpConnection@6f65011d,g=HttpGenerator{s=0,h=-1,b=-1,c=-1},p=HttpParser{s=0,l=2,c=25},r=1}
2018-08-06 06:28:50,014 [ConnectorPool-54] DEBUG org.eclipse.jetty.server.AsyncHttpConnection  - Disabled read interest while writing response SCEP@6df68f29{l(/127.0.0.1:59942)&lt;-&gt;r(/127.0.0.1:8586),s=1,open=true,ishut=false,oshut=false,rb=false,wb=false,w=true,i=0r}-{AsyncHttpConnection@6d9199,g=HttpGenerator{s=0,h=-1,b=-1,c=-1},p=HttpParser{s=0,l=2,c=25},r=1}
2018-08-06 06:28:50,014 [ConnectorPool-45] DEBUG org.eclipse.jetty.server.AsyncHttpConnection  - Disabled read interest while writing response SCEP@4d9294db{l(/127.0.0.1:59950)&lt;-&gt;r(/127.0.0.1:8586),s=1,open=true,ishut=false,oshut=false,rb=false,wb=false,w=true,i=0r}-{AsyncHttpConnection@6f65011d,g=HttpGenerator{s=0,h=-1,b=-1,c=-1},p=HttpParser{s=0,l=2,c=25},r=1}
2018-08-06 06:28:50,014 [ConnectorPool-54] DEBUG org.eclipse.jetty.http.HttpParser  - filled 281/281
2018-08-06 06:28:50,014 [ConnectorPool-45] DEBUG org.eclipse.jetty.http.HttpParser  - filled 281/281
2018-08-06 06:28:50,015 [main] DEBUG org.eclipse.jetty.io.nio.ChannelEndPoint  - close SCEP@7ac41a30{l(/127.0.0.1:59967)&lt;-&gt;r(/127.0.0.1:8586),s=1,open=true,ishut=false,oshut=false,rb=false,wb=false,w=true,i=0r}-{AsyncHttpConnection@36895c35,g=HttpGenerator{s=0,h=-1,b=-1,c=-1},p=HttpParser{s=-14,l=0,c=0},r=0}
2018-08-06 06:28:50,015 [ConnectorPool-54] DEBUG org.eclipse.jetty.server.AsyncHttpConnection  - Disabled read interest while writing response SCEP@65fde78f{l(/127.0.0.1:59948)&lt;-&gt;r(/127.0.0.1:8586),s=1,open=true,ishut=false,oshut=false,rb=false,wb=false,w=true,i=0r}-{AsyncHttpConnection@6afc38af,g=HttpGenerator{s=0,h=-1,b=-1,c=-1},p=HttpParser{s=0,l=2,c=25},r=1}
2018-08-06 06:28:50,015 [ConnectorPool-45] DEBUG org.eclipse.jetty.server.AsyncHttpConnection  - Disabled read interest while writing response SCEP@67949c1e{l(/127.0.0.1:59943)&lt;-&gt;r(/127.0.0.1:8586),s=1,open=true,ishut=false,oshut=false,rb=false,wb=false,w=true,i=0r}-{AsyncHttpConnection@d3bae9a,g=HttpGenerator{s=0,h=-1,b=-1,c=-1},p=HttpParser{s=0,l=2,c=25},r=1}
2018-08-06 06:28:50,016 [main] DEBUG org.eclipse.jetty.io.nio.ChannelEndPoint  - close SCEP@63636a40{l(/127.0.0.1:59955)&lt;-&gt;r(/127.0.0.1:8586),s=1,open=true,ishut=false,oshut=false,rb=false,wb=false,w=true,i=0r}-{AsyncHttpConnection@616893c7,g=HttpGenerator{s=0,h=-1,b=-1,c=-1},p=HttpParser{s=-14,l=0,c=0},r=0}
2018-08-06 06:28:50,016 [ConnectorPool-54] DEBUG org.eclipse.jetty.server.AsyncHttpConnection  - Disabled read interest while writing response SCEP@65fde78f{l(/127.0.0.1:59948)&lt;-&gt;r(/127.0.0.1:8586),s=1,open=true,ishut=false,oshut=false,rb=false,wb=false,w=true,i=0r}-{AsyncHttpConnection@6afc38af,g=HttpGenerator{s=0,h=-1,b=-1,c=-1},p=HttpParser{s=0,l=2,c=25},r=1}
2018-08-06 06:28:50,016 [ConnectorPool-45] DEBUG org.eclipse.jetty.server.AsyncHttpConnection  - Disabled read interest while writing response SCEP@67949c1e{l(/127.0.0.1:59943)&lt;-&gt;r(/127.0.0.1:8586),s=1,open=true,ishut=false,oshut=false,rb=false,wb=false,w=true,i=0r}-{AsyncHttpConnection@d3bae9a,g=HttpGenerator{s=0,h=-1,b=-1,c=-1},p=HttpParser{s=0,l=2,c=25},r=1}
2018-08-06 06:28:50,016 [ConnectorPool-54] DEBUG org.eclipse.jetty.http.HttpParser  - filled 281/281
2018-08-06 06:28:50,016 [ConnectorPool-45] DEBUG org.eclipse.jetty.http.HttpParser  - filled 281/281
2018-08-06 06:28:50,016 [main] DEBUG org.eclipse.jetty.io.nio.ChannelEndPoint  - close SCEP@212e0cf3{l(/127.0.0.1:59924)&lt;-&gt;r(/127.0.0.1:8586),s=0,open=true,ishut=false,oshut=false,rb=false,wb=false,w=true,i=0r}-{AsyncHttpConnection@56c4bee,g=HttpGenerator{s=0,h=-1,b=-1,c=-1},p=HttpParser{s=0,l=2,c=25},r=1}
2018-08-06 06:28:50,017 [main] DEBUG org.eclipse.jetty.io.nio.ChannelEndPoint  - close SCEP@6df68f29{l(/127.0.0.1:59942)&lt;-&gt;r(/127.0.0.1:8586),s=0,open=true,ishut=false,oshut=false,rb=false,wb=false,w=true,i=0r}-{AsyncHttpConnection@6d9199,g=HttpGenerator{s=0,h=-1,b=-1,c=-1},p=HttpParser{s=0,l=2,c=25},r=1}
2018-08-06 06:28:50,017 [ConnectorPool-46 Selector1] DEBUG org.eclipse.jetty.io.nio  - Stopped Thread[ConnectorPool-46 Selector1,5,main] on org.eclipse.jetty.io.nio.SelectorManager$1@60a1d0bb
2018-08-06 06:28:50,017 [ConnectorPool-54] DEBUG org.eclipse.jetty.server.AsyncHttpConnection  - Disabled read interest while writing response SCEP@502c500d{l(/127.0.0.1:59952)&lt;-&gt;r(/127.0.0.1:8586),s=1,open=true,ishut=false,oshut=false,rb=false,wb=false,w=true,i=0r}-{AsyncHttpConnection@54eda008,g=HttpGenerator{s=0,h=-1,b=-1,c=-1},p=HttpParser{s=0,l=2,c=25},r=1}
2018-08-06 06:28:50,017 [ConnectorPool-45] DEBUG org.eclipse.jetty.server.AsyncHttpConnection  - Disabled read interest while writing response SCEP@6041e6ef{l(/127.0.0.1:59956)&lt;-&gt;r(/127.0.0.1:8586),s=1,open=true,ishut=false,oshut=false,rb=false,wb=false,w=true,i=0r}-{AsyncHttpConnection@7116a9c6,g=HttpGenerator{s=0,h=-1,b=-1,c=-1},p=HttpParser{s=0,l=2,c=25},r=1}
2018-08-06 06:28:50,017 [ConnectorPool-46] DEBUG org.eclipse.jetty.http.HttpParser  - filled 281/281
2018-08-06 06:28:50,017 [ConnectorPool-54] DEBUG org.eclipse.jetty.server.AsyncHttpConnection  - Disabled read interest while writing response SCEP@502c500d{l(/127.0.0.1:59952)&lt;-&gt;r(/127.0.0.1:8586),s=1,open=true,ishut=false,oshut=false,rb=false,wb=false,w=true,i=0r}-{AsyncHttpConnection@54eda008,g=HttpGenerator{s=0,h=-1,b=-1,c=-1},p=HttpParser{s=0,l=2,c=25},r=1}
2018-08-06 06:28:50,018 [ConnectorPool-45] DEBUG org.eclipse.jetty.server.AsyncHttpConnection  - Disabled read interest while writing response SCEP@6041e6ef{l(/127.0.0.1:59956)&lt;-&gt;r(/127.0.0.1:8586),s=1,open=true,ishut=false,oshut=false,rb=false,wb=false,w=true,i=0r}-{AsyncHttpConnection@7116a9c6,g=HttpGenerator{s=0,h=-1,b=-1,c=-1},p=HttpParser{s=0,l=2,c=25},r=1}
2018-08-06 06:28:50,018 [ConnectorPool-54] DEBUG org.eclipse.jetty.http.HttpParser  - filled 281/281
2018-08-06 06:28:50,018 [ConnectorPool-45] DEBUG org.eclipse.jetty.http.HttpParser  - filled 281/281
2018-08-06 06:28:50,018 [ConnectorPool-46] DEBUG org.eclipse.jetty.server.AsyncHttpConnection  - Disabled read interest while writing response SCEP@74d182d9{l(/127.0.0.1:59957)&lt;-&gt;r(/127.0.0.1:8586),s=1,open=true,ishut=false,oshut=false,rb=false,wb=false,w=true,i=0r}-{AsyncHttpConnection@8443748,g=HttpGenerator{s=0,h=-1,b=-1,c=-1},p=HttpParser{s=0,l=2,c=25},r=1}
2018-08-06 06:28:50,018 [ConnectorPool-46] DEBUG org.eclipse.jetty.server.AsyncHttpConnection  - Disabled read interest while writing response SCEP@74d182d9{l(/127.0.0.1:59957)&lt;-&gt;r(/127.0.0.1:8586),s=1,open=true,ishut=false,oshut=false,rb=false,wb=false,w=true,i=0r}-{AsyncHttpConnection@8443748,g=HttpGenerator{s=0,h=-1,b=-1,c=-1},p=HttpParser{s=0,l=2,c=25},r=1}
2018-08-06 06:28:50,019 [ConnectorPool-46] DEBUG org.eclipse.jetty.http.HttpParser  - filled 281/281
2018-08-06 06:28:50,019 [ConnectorPool-54] DEBUG org.eclipse.jetty.server.AsyncHttpConnection  - Disabled read interest while writing response SCEP@ae5795d{l(/127.0.0.1:59976)&lt;-&gt;r(/127.0.0.1:8586),s=1,open=true,ishut=false,oshut=false,rb=false,wb=false,w=true,i=0r}-{AsyncHttpConnection@61ae422e,g=HttpGenerator{s=0,h=-1,b=-1,c=-1},p=HttpParser{s=0,l=2,c=25},r=1}
2018-08-06 06:28:50,019 [ConnectorPool-45] DEBUG org.eclipse.jetty.server.AsyncHttpConnection  - Disabled read interest while writing response SCEP@13c519a5{l(/127.0.0.1:59962)&lt;-&gt;r(/127.0.0.1:8586),s=1,open=true,ishut=false,oshut=false,rb=false,wb=false,w=true,i=0r}-{AsyncHttpConnection@2f57fde5,g=HttpGenerator{s=0,h=-1,b=-1,c=-1},p=HttpParser{s=0,l=2,c=25},r=1}
2018-08-06 06:28:50,020 [ConnectorPool-46] DEBUG org.eclipse.jetty.server.AsyncHttpConnection  - Disabled read interest while writing response SCEP@5f82ce41{l(/127.0.0.1:59968)&lt;-&gt;r(/127.0.0.1:8586),s=1,open=true,ishut=false,oshut=false,rb=false,wb=false,w=true,i=0r}-{AsyncHttpConnection@777b0c1b,g=HttpGenerator{s=0,h=-1,b=-1,c=-1},p=HttpParser{s=0,l=2,c=25},r=1}
2018-08-06 06:28:50,020 [ConnectorPool-54] DEBUG org.eclipse.jetty.server.AsyncHttpConnection  - Disabled read interest while writing response SCEP@ae5795d{l(/127.0.0.1:59976)&lt;-&gt;r(/127.0.0.1:8586),s=1,open=true,ishut=false,oshut=false,rb=false,wb=false,w=true,i=0r}-{AsyncHttpConnection@61ae422e,g=HttpGenerator{s=0,h=-1,b=-1,c=-1},p=HttpParser{s=0,l=2,c=25},r=1}
2018-08-06 06:28:50,020 [ConnectorPool-45] DEBUG org.eclipse.jetty.server.AsyncHttpConnection  - Disabled read interest while writing response SCEP@13c519a5{l(/127.0.0.1:59962)&lt;-&gt;r(/127.0.0.1:8586),s=1,open=true,ishut=false,oshut=false,rb=false,wb=false,w=true,i=0r}-{AsyncHttpConnection@2f57fde5,g=HttpGenerator{s=0,h=-1,b=-1,c=-1},p=HttpParser{s=0,l=2,c=25},r=1}
2018-08-06 06:28:50,020 [ConnectorPool-46] DEBUG org.eclipse.jetty.server.AsyncHttpConnection  - Disabled read interest while writing response SCEP@5f82ce41{l(/127.0.0.1:59968)&lt;-&gt;r(/127.0.0.1:8586),s=1,open=true,ishut=false,oshut=false,rb=false,wb=false,w=true,i=0r}-{AsyncHttpConnection@777b0c1b,g=HttpGenerator{s=0,h=-1,b=-1,c=-1},p=HttpParser{s=0,l=2,c=25},r=1}
2018-08-06 06:28:50,020 [ConnectorPool-54] DEBUG org.eclipse.jetty.http.HttpParser  - filled 281/281
2018-08-06 06:28:50,021 [ConnectorPool-46] DEBUG org.eclipse.jetty.http.HttpParser  - filled 281/281
2018-08-06 06:28:50,022 [ConnectorPool-54] DEBUG org.eclipse.jetty.server.AsyncHttpConnection  - Disabled read interest while writing response SCEP@51f28599{l(/127.0.0.1:59959)&lt;-&gt;r(/127.0.0.1:8586),s=1,open=true,ishut=false,oshut=false,rb=false,wb=false,w=true,i=0r}-{AsyncHttpConnection@7330ca95,g=HttpGenerator{s=0,h=-1,b=-1,c=-1},p=HttpParser{s=0,l=2,c=25},r=1}
2018-08-06 06:28:50,022 [ConnectorPool-46] DEBUG org.eclipse.jetty.server.AsyncHttpConnection  - Disabled read interest while writing response SCEP@66e5b079{l(/127.0.0.1:59966)&lt;-&gt;r(/127.0.0.1:8586),s=1,open=true,ishut=false,oshut=false,rb=false,wb=false,w=true,i=0r}-{AsyncHttpConnection@7404b78b,g=HttpGenerator{s=0,h=-1,b=-1,c=-1},p=HttpParser{s=0,l=2,c=25},r=1}
2018-08-06 06:28:50,022 [ConnectorPool-45] DEBUG org.eclipse.jetty.io.nio.ChannelEndPoint  - Exception while filling
java.nio.channels.ClosedChannelException
	at sun.nio.ch.SocketChannelImpl.ensureReadOpen(SocketChannelImpl.java:257)
	at sun.nio.ch.SocketChannelImpl.read(SocketChannelImpl.java:300)
	at org.eclipse.jetty.io.nio.ChannelEndPoint.fill(ChannelEndPoint.java:235)
	at org.eclipse.jetty.io.nio.SelectChannelEndPoint.fill(SelectChannelEndPoint.java:368)
	at org.eclipse.jetty.http.HttpParser.fill(HttpParser.java:1040)
	at org.eclipse.jetty.http.HttpParser.parseNext(HttpParser.java:276)
	at org.eclipse.jetty.http.HttpParser.parseAvailable(HttpParser.java:231)
	at org.eclipse.jetty.server.AsyncHttpConnection.handle(AsyncHttpConnection.java:82)
	at org.eclipse.jetty.io.nio.SelectChannelEndPoint.handle(SelectChannelEndPoint.java:696)
	at org.eclipse.jetty.io.nio.SelectChannelEndPoint$1.run(SelectChannelEndPoint.java:53)
	at org.eclipse.jetty.util.thread.QueuedThreadPool.runJob(QueuedThreadPool.java:608)
	at org.eclipse.jetty.util.thread.QueuedThreadPool$3.run(QueuedThreadPool.java:543)
	at java.lang.Thread.run(Thread.java:745)
2018-08-06 06:28:50,023 [ConnectorPool-45] DEBUG org.eclipse.jetty.http.HttpParser  - filled -1/0
2018-08-06 06:28:50,022 [ConnectorPool-46] DEBUG org.eclipse.jetty.server.AsyncHttpConnection  - Disabled read interest while writing response SCEP@66e5b079{l(/127.0.0.1:59966)&lt;-&gt;r(/127.0.0.1:8586),s=1,open=true,ishut=false,oshut=false,rb=false,wb=false,w=true,i=0r}-{AsyncHttpConnection@7404b78b,g=HttpGenerator{s=0,h=-1,b=-1,c=-1},p=HttpParser{s=0,l=2,c=25},r=1}
2018-08-06 06:28:50,022 [ConnectorPool-54] DEBUG org.eclipse.jetty.server.AsyncHttpConnection  - Disabled read interest while writing response SCEP@51f28599{l(/127.0.0.1:59959)&lt;-&gt;r(/127.0.0.1:8586),s=1,open=true,ishut=false,oshut=false,rb=false,wb=false,w=true,i=0r}-{AsyncHttpConnection@7330ca95,g=HttpGenerator{s=0,h=-1,b=-1,c=-1},p=HttpParser{s=0,l=2,c=25},r=1}
2018-08-06 06:28:50,023 [ConnectorPool-46] DEBUG org.eclipse.jetty.http.HttpParser  - filled 281/281
2018-08-06 06:28:50,023 [ConnectorPool-54] DEBUG org.eclipse.jetty.http.HttpParser  - filled 281/281
2018-08-06 06:28:50,023 [ConnectorPool-45] DEBUG org.eclipse.jetty.server.AsyncHttpConnection  - Disabled read interest while writing response SCEP@7ac41a30{l(null)&lt;-&gt;r(0.0.0.0/0.0.0.0:8586),s=1,open=false,ishut=true,oshut=true,rb=false,wb=false,w=true,i=0!}-{AsyncHttpConnection@36895c35,g=HttpGenerator{s=0,h=-1,b=-1,c=-1},p=HttpParser{s=0,l=0,c=0},r=0}
2018-08-06 06:28:50,024 [ConnectorPool-45] DEBUG org.eclipse.jetty.http.HttpParser  - filled 281/281
2018-08-06 06:28:50,024 [ConnectorPool-46] DEBUG org.eclipse.jetty.server.AsyncHttpConnection  - Disabled read interest while writing response SCEP@14cfe45e{l(/127.0.0.1:59958)&lt;-&gt;r(/127.0.0.1:8586),s=1,open=true,ishut=false,oshut=false,rb=false,wb=false,w=true,i=0r}-{AsyncHttpConnection@6e4402b,g=HttpGenerator{s=0,h=-1,b=-1,c=-1},p=HttpParser{s=0,l=2,c=25},r=1}
2018-08-06 06:28:50,024 [ConnectorPool-54] DEBUG org.eclipse.jetty.server.AsyncHttpConnection  - Disabled read interest while writing response SCEP@1504233b{l(/127.0.0.1:59977)&lt;-&gt;r(/127.0.0.1:8586),s=1,open=true,ishut=false,oshut=false,rb=false,wb=false,w=true,i=0r}-{AsyncHttpConnection@773bc3ba,g=HttpGenerator{s=0,h=-1,b=-1,c=-1},p=HttpParser{s=0,l=2,c=25},r=1}
2018-08-06 06:28:50,024 [ConnectorPool-45] DEBUG org.eclipse.jetty.server.AsyncHttpConnection  - Disabled read interest while writing response SCEP@5ef6398a{l(/127.0.0.1:59965)&lt;-&gt;r(/127.0.0.1:8586),s=1,open=true,ishut=false,oshut=false,rb=false,wb=false,w=true,i=0r}-{AsyncHttpConnection@74af257d,g=HttpGenerator{s=0,h=-1,b=-1,c=-1},p=HttpParser{s=0,l=2,c=25},r=1}
2018-08-06 06:28:50,024 [ConnectorPool-46] DEBUG org.eclipse.jetty.server.AsyncHttpConnection  - Disabled read interest while writing response SCEP@14cfe45e{l(/127.0.0.1:59958)&lt;-&gt;r(/127.0.0.1:8586),s=1,open=true,ishut=false,oshut=false,rb=false,wb=false,w=true,i=0r}-{AsyncHttpConnection@6e4402b,g=HttpGenerator{s=0,h=-1,b=-1,c=-1},p=HttpParser{s=0,l=2,c=25},r=1}
2018-08-06 06:28:50,024 [ConnectorPool-54] DEBUG org.eclipse.jetty.server.AsyncHttpConnection  - Disabled read interest while writing response SCEP@1504233b{l(/127.0.0.1:59977)&lt;-&gt;r(/127.0.0.1:8586),s=1,open=true,ishut=false,oshut=false,rb=false,wb=false,w=true,i=0r}-{AsyncHttpConnection@773bc3ba,g=HttpGenerator{s=0,h=-1,b=-1,c=-1},p=HttpParser{s=0,l=2,c=25},r=1}
2018-08-06 06:28:50,024 [ConnectorPool-46] DEBUG org.eclipse.jetty.http.HttpParser  - filled 281/281
2018-08-06 06:28:50,025 [ConnectorPool-54] DEBUG org.eclipse.jetty.io.nio.ChannelEndPoint  - Exception while filling
java.nio.channels.ClosedChannelException
	at sun.nio.ch.SocketChannelImpl.ensureReadOpen(SocketChannelImpl.java:257)
	at sun.nio.ch.SocketChannelImpl.read(SocketChannelImpl.java:300)
	at org.eclipse.jetty.io.nio.ChannelEndPoint.fill(ChannelEndPoint.java:235)
	at org.eclipse.jetty.io.nio.SelectChannelEndPoint.fill(SelectChannelEndPoint.java:368)
	at org.eclipse.jetty.http.HttpParser.fill(HttpParser.java:1040)
	at org.eclipse.jetty.http.HttpParser.parseNext(HttpParser.java:276)
	at org.eclipse.jetty.http.HttpParser.parseAvailable(HttpParser.java:231)
	at org.eclipse.jetty.server.AsyncHttpConnection.handle(AsyncHttpConnection.java:82)
	at org.eclipse.jetty.io.nio.SelectChannelEndPoint.handle(SelectChannelEndPoint.java:696)
	at org.eclipse.jetty.io.nio.SelectChannelEndPoint$1.run(SelectChannelEndPoint.java:53)
	at org.eclipse.jetty.util.thread.QueuedThreadPool.runJob(QueuedThreadPool.java:608)
	at org.eclipse.jetty.util.thread.QueuedThreadPool$3.run(QueuedThreadPool.java:543)
	at java.lang.Thread.run(Thread.java:745)
2018-08-06 06:28:50,025 [ConnectorPool-45] DEBUG org.eclipse.jetty.server.AsyncHttpConnection  - Disabled read interest while writing response SCEP@5ef6398a{l(/127.0.0.1:59965)&lt;-&gt;r(/127.0.0.1:8586),s=1,open=true,ishut=false,oshut=false,rb=false,wb=false,w=true,i=0r}-{AsyncHttpConnection@74af257d,g=HttpGenerator{s=0,h=-1,b=-1,c=-1},p=HttpParser{s=0,l=2,c=25},r=1}
2018-08-06 06:28:50,025 [ConnectorPool-54] DEBUG org.eclipse.jetty.http.HttpParser  - filled -1/0
2018-08-06 06:28:50,025 [ConnectorPool-45] DEBUG org.eclipse.jetty.http.HttpParser  - filled 281/281
2018-08-06 06:28:50,025 [ConnectorPool-46] DEBUG org.eclipse.jetty.server.AsyncHttpConnection  - Disabled read interest while writing response SCEP@3d37cbea{l(/127.0.0.1:59954)&lt;-&gt;r(/127.0.0.1:8586),s=1,open=true,ishut=false,oshut=false,rb=false,wb=false,w=true,i=0r}-{AsyncHttpConnection@14a31f7e,g=HttpGenerator{s=0,h=-1,b=-1,c=-1},p=HttpParser{s=0,l=2,c=25},r=1}
2018-08-06 06:28:50,025 [ConnectorPool-54] DEBUG org.eclipse.jetty.server.AsyncHttpConnection  - Disabled read interest while writing response SCEP@63636a40{l(null)&lt;-&gt;r(0.0.0.0/0.0.0.0:8586),s=1,open=false,ishut=true,oshut=true,rb=false,wb=false,w=true,i=0!}-{AsyncHttpConnection@616893c7,g=HttpGenerator{s=0,h=-1,b=-1,c=-1},p=HttpParser{s=0,l=0,c=0},r=0}
2018-08-06 06:28:50,025 [ConnectorPool-54] DEBUG org.eclipse.jetty.http.HttpParser  - filled 281/281
2018-08-06 06:28:50,025 [ConnectorPool-46] DEBUG org.eclipse.jetty.server.AsyncHttpConnection  - Disabled read interest while writing response SCEP@3d37cbea{l(/127.0.0.1:59954)&lt;-&gt;r(/127.0.0.1:8586),s=1,open=true,ishut=false,oshut=false,rb=false,wb=false,w=true,i=0r}-{AsyncHttpConnection@14a31f7e,g=HttpGenerator{s=0,h=-1,b=-1,c=-1},p=HttpParser{s=0,l=2,c=25},r=1}
2018-08-06 06:28:50,025 [ConnectorPool-45] DEBUG org.eclipse.jetty.server.AsyncHttpConnection  - Disabled read interest while writing response SCEP@753c4b81{l(/127.0.0.1:59963)&lt;-&gt;r(/127.0.0.1:8586),s=1,open=true,ishut=false,oshut=false,rb=false,wb=false,w=true,i=0r}-{AsyncHttpConnection@18be1fc7,g=HttpGenerator{s=0,h=-1,b=-1,c=-1},p=HttpParser{s=0,l=2,c=25},r=1}
2018-08-06 06:28:50,026 [ConnectorPool-45] DEBUG org.eclipse.jetty.server.AsyncHttpConnection  - Disabled read interest while writing response SCEP@753c4b81{l(/127.0.0.1:59963)&lt;-&gt;r(/127.0.0.1:8586),s=1,open=true,ishut=false,oshut=false,rb=false,wb=false,w=true,i=0r}-{AsyncHttpConnection@18be1fc7,g=HttpGenerator{s=0,h=-1,b=-1,c=-1},p=HttpParser{s=0,l=2,c=25},r=1}
2018-08-06 06:28:50,026 [ConnectorPool-54] DEBUG org.eclipse.jetty.server.AsyncHttpConnection  - Disabled read interest while writing response SCEP@44200eab{l(/127.0.0.1:59964)&lt;-&gt;r(/127.0.0.1:8586),s=1,open=true,ishut=false,oshut=false,rb=false,wb=false,w=true,i=0r}-{AsyncHttpConnection@6a184e81,g=HttpGenerator{s=0,h=-1,b=-1,c=-1},p=HttpParser{s=0,l=2,c=25},r=1}
2018-08-06 06:28:50,026 [ConnectorPool-54] DEBUG org.eclipse.jetty.server.AsyncHttpConnection  - Disabled read interest while writing response SCEP@44200eab{l(/127.0.0.1:59964)&lt;-&gt;r(/127.0.0.1:8586),s=1,open=true,ishut=false,oshut=false,rb=false,wb=false,w=true,i=0r}-{AsyncHttpConnection@6a184e81,g=HttpGenerator{s=0,h=-1,b=-1,c=-1},p=HttpParser{s=0,l=2,c=25},r=1}
2018-08-06 06:28:50,027 [main] DEBUG org.eclipse.jetty.io.nio.ChannelEndPoint  - close SCEP@74d182d9{l(/127.0.0.1:59957)&lt;-&gt;r(/127.0.0.1:8586),s=0,open=true,ishut=false,oshut=false,rb=false,wb=false,w=true,i=0r}-{AsyncHttpConnection@8443748,g=HttpGenerator{s=0,h=-1,b=-1,c=-1},p=HttpParser{s=0,l=2,c=25},r=1}
2018-08-06 06:28:50,028 [main] DEBUG org.eclipse.jetty.io.nio.ChannelEndPoint  - close SCEP@64bcb578{l(/127.0.0.1:59926)&lt;-&gt;r(/127.0.0.1:8586),s=0,open=true,ishut=false,oshut=false,rb=false,wb=false,w=true,i=0r}-{AsyncHttpConnection@6eb7546d,g=HttpGenerator{s=0,h=-1,b=-1,c=-1},p=HttpParser{s=0,l=2,c=25},r=1}
2018-08-06 06:28:50,028 [main] DEBUG org.eclipse.jetty.io.nio.ChannelEndPoint  - close SCEP@5ef6398a{l(/127.0.0.1:59965)&lt;-&gt;r(/127.0.0.1:8586),s=0,open=true,ishut=false,oshut=false,rb=false,wb=false,w=true,i=0r}-{AsyncHttpConnection@74af257d,g=HttpGenerator{s=0,h=-1,b=-1,c=-1},p=HttpParser{s=0,l=2,c=25},r=1}
2018-08-06 06:28:50,028 [main] DEBUG org.eclipse.jetty.io.nio.ChannelEndPoint  - close SCEP@67949c1e{l(/127.0.0.1:59943)&lt;-&gt;r(/127.0.0.1:8586),s=0,open=true,ishut=false,oshut=false,rb=false,wb=false,w=true,i=0r}-{AsyncHttpConnection@d3bae9a,g=HttpGenerator{s=0,h=-1,b=-1,c=-1},p=HttpParser{s=0,l=2,c=25},r=1}
2018-08-06 06:28:50,029 [ConnectorPool-47 Selector2] DEBUG org.eclipse.jetty.io.nio  - Stopped Thread[ConnectorPool-47 Selector2,5,main] on org.eclipse.jetty.io.nio.SelectorManager$1@5aa7d32a
2018-08-06 06:28:50,039 [main] DEBUG org.eclipse.jetty.io.nio.ChannelEndPoint  - close SCEP@1cf9b3e9{l(/127.0.0.1:59946)&lt;-&gt;r(/127.0.0.1:8586),s=0,open=true,ishut=false,oshut=false,rb=false,wb=false,w=true,i=0r}-{AsyncHttpConnection@17249e,g=HttpGenerator{s=0,h=-1,b=-1,c=-1},p=HttpParser{s=0,l=2,c=25},r=1}
2018-08-06 06:28:50,040 [main] DEBUG org.eclipse.jetty.io.nio.ChannelEndPoint  - close SCEP@66e5b079{l(/127.0.0.1:59966)&lt;-&gt;r(/127.0.0.1:8586),s=0,open=true,ishut=false,oshut=false,rb=false,wb=false,w=true,i=0r}-{AsyncHttpConnection@7404b78b,g=HttpGenerator{s=0,h=-1,b=-1,c=-1},p=HttpParser{s=0,l=2,c=25},r=1}
2018-08-06 06:28:50,040 [main] DEBUG org.eclipse.jetty.io.nio.ChannelEndPoint  - close SCEP@753c4b81{l(/127.0.0.1:59963)&lt;-&gt;r(/127.0.0.1:8586),s=0,open=true,ishut=false,oshut=false,rb=false,wb=false,w=true,i=0r}-{AsyncHttpConnection@18be1fc7,g=HttpGenerator{s=0,h=-1,b=-1,c=-1},p=HttpParser{s=0,l=2,c=25},r=1}
2018-08-06 06:28:50,040 [main] DEBUG org.eclipse.jetty.io.nio.ChannelEndPoint  - close SCEP@583d2891{l(/127.0.0.1:59932)&lt;-&gt;r(/127.0.0.1:8586),s=0,open=true,ishut=false,oshut=false,rb=false,wb=false,w=true,i=0r}-{AsyncHttpConnection@5f1750d9,g=HttpGenerator{s=0,h=-1,b=-1,c=-1},p=HttpParser{s=0,l=2,c=25},r=1}
2018-08-06 06:28:50,041 [ConnectorPool-48 Selector3] DEBUG org.eclipse.jetty.io.nio  - Stopped Thread[ConnectorPool-48 Selector3,5,main] on org.eclipse.jetty.io.nio.SelectorManager$1@37b4e281
2018-08-06 06:28:50,051 [main] DEBUG org.eclipse.jetty.io.nio.ChannelEndPoint  - close SCEP@65fde78f{l(/127.0.0.1:59948)&lt;-&gt;r(/127.0.0.1:8586),s=0,open=true,ishut=false,oshut=false,rb=false,wb=false,w=true,i=0r}-{AsyncHttpConnection@6afc38af,g=HttpGenerator{s=0,h=-1,b=-1,c=-1},p=HttpParser{s=0,l=2,c=25},r=1}
2018-08-06 06:28:50,051 [main] DEBUG org.eclipse.jetty.io.nio.ChannelEndPoint  - close SCEP@ae5795d{l(/127.0.0.1:59976)&lt;-&gt;r(/127.0.0.1:8586),s=0,open=true,ishut=false,oshut=false,rb=false,wb=false,w=true,i=0r}-{AsyncHttpConnection@61ae422e,g=HttpGenerator{s=0,h=-1,b=-1,c=-1},p=HttpParser{s=0,l=2,c=25},r=1}
2018-08-06 06:28:50,052 [main] DEBUG org.eclipse.jetty.io.nio.ChannelEndPoint  - close SCEP@37909416{l(/127.0.0.1:59934)&lt;-&gt;r(/127.0.0.1:8586),s=0,open=true,ishut=false,oshut=false,rb=false,wb=false,w=true,i=0r}-{AsyncHttpConnection@380e4452,g=HttpGenerator{s=0,h=-1,b=-1,c=-1},p=HttpParser{s=0,l=2,c=25},r=1}
2018-08-06 06:28:50,052 [ConnectorPool-49 Selector4] DEBUG org.eclipse.jetty.io.nio  - Stopped Thread[ConnectorPool-49 Selector4,5,main] on org.eclipse.jetty.io.nio.SelectorManager$1@4b6690b1
2018-08-06 06:28:50,062 [main] DEBUG org.eclipse.jetty.io.nio.ChannelEndPoint  - close SCEP@5f82ce41{l(/127.0.0.1:59968)&lt;-&gt;r(/127.0.0.1:8586),s=0,open=true,ishut=false,oshut=false,rb=false,wb=false,w=true,i=0r}-{AsyncHttpConnection@777b0c1b,g=HttpGenerator{s=0,h=-1,b=-1,c=-1},p=HttpParser{s=0,l=2,c=25},r=1}
2018-08-06 06:28:50,063 [main] DEBUG org.eclipse.jetty.io.nio.ChannelEndPoint  - close SCEP@1beacf75{l(/127.0.0.1:59938)&lt;-&gt;r(/127.0.0.1:8586),s=0,open=true,ishut=false,oshut=false,rb=false,wb=false,w=true,i=0r}-{AsyncHttpConnection@7f2c5728,g=HttpGenerator{s=0,h=-1,b=-1,c=-1},p=HttpParser{s=0,l=2,c=25},r=1}
2018-08-06 06:28:50,063 [main] DEBUG org.eclipse.jetty.io.nio.ChannelEndPoint  - close SCEP@4d9294db{l(/127.0.0.1:59950)&lt;-&gt;r(/127.0.0.1:8586),s=0,open=true,ishut=false,oshut=false,rb=false,wb=false,w=true,i=0r}-{AsyncHttpConnection@6f65011d,g=HttpGenerator{s=0,h=-1,b=-1,c=-1},p=HttpParser{s=0,l=2,c=25},r=1}
2018-08-06 06:28:50,063 [ConnectorPool-50 Selector5] DEBUG org.eclipse.jetty.io.nio  - Stopped Thread[ConnectorPool-50 Selector5,5,main] on org.eclipse.jetty.io.nio.SelectorManager$1@463754e9
2018-08-06 06:28:50,073 [main] DEBUG org.eclipse.jetty.io.nio.ChannelEndPoint  - close SCEP@502c500d{l(/127.0.0.1:59952)&lt;-&gt;r(/127.0.0.1:8586),s=0,open=true,ishut=false,oshut=false,rb=false,wb=false,w=true,i=0r}-{AsyncHttpConnection@54eda008,g=HttpGenerator{s=0,h=-1,b=-1,c=-1},p=HttpParser{s=0,l=2,c=25},r=1}
2018-08-06 06:28:50,074 [main] DEBUG org.eclipse.jetty.io.nio.ChannelEndPoint  - close SCEP@13c519a5{l(/127.0.0.1:59962)&lt;-&gt;r(/127.0.0.1:8586),s=0,open=true,ishut=false,oshut=false,rb=false,wb=false,w=true,i=0r}-{AsyncHttpConnection@2f57fde5,g=HttpGenerator{s=0,h=-1,b=-1,c=-1},p=HttpParser{s=0,l=2,c=25},r=1}
2018-08-06 06:28:50,074 [main] DEBUG org.eclipse.jetty.io.nio.ChannelEndPoint  - close SCEP@2c27973{l(/127.0.0.1:59928)&lt;-&gt;r(/127.0.0.1:8586),s=0,open=true,ishut=false,oshut=false,rb=false,wb=false,w=true,i=0r}-{AsyncHttpConnection@30a7803e,g=HttpGenerator{s=0,h=-1,b=-1,c=-1},p=HttpParser{s=0,l=2,c=25},r=1}
2018-08-06 06:28:50,074 [ConnectorPool-51 Selector6] DEBUG org.eclipse.jetty.io.nio  - Stopped Thread[ConnectorPool-51 Selector6,5,main] on org.eclipse.jetty.io.nio.SelectorManager$1@3aa57b23
2018-08-06 06:28:50,078 [ConnectorPool-52 Selector7] DEBUG org.eclipse.jetty.io.nio  - Stopped Thread[ConnectorPool-52 Selector7,5,main] on org.eclipse.jetty.io.nio.SelectorManager$1@5aa7b102
2018-08-06 06:28:50,078 [ConnectorPool-53 Selector8] DEBUG org.eclipse.jetty.io.nio  - Stopped Thread[ConnectorPool-53 Selector8,5,main] on org.eclipse.jetty.io.nio.SelectorManager$1@25e9d37
2018-08-06 06:28:50,084 [main] DEBUG org.eclipse.jetty.io.nio.ChannelEndPoint  - close SCEP@51f28599{l(/127.0.0.1:59959)&lt;-&gt;r(/127.0.0.1:8586),s=0,open=true,ishut=false,oshut=false,rb=false,wb=false,w=true,i=0r}-{AsyncHttpConnection@7330ca95,g=HttpGenerator{s=0,h=-1,b=-1,c=-1},p=HttpParser{s=0,l=2,c=25},r=1}
2018-08-06 06:28:50,085 [main] DEBUG org.eclipse.jetty.io.nio.ChannelEndPoint  - close SCEP@3d37cbea{l(/127.0.0.1:59954)&lt;-&gt;r(/127.0.0.1:8586),s=0,open=true,ishut=false,oshut=false,rb=false,wb=false,w=true,i=0r}-{AsyncHttpConnection@14a31f7e,g=HttpGenerator{s=0,h=-1,b=-1,c=-1},p=HttpParser{s=0,l=2,c=25},r=1}
2018-08-06 06:28:50,085 [main] DEBUG org.eclipse.jetty.io.nio.ChannelEndPoint  - close SCEP@73bd0754{l(/127.0.0.1:59929)&lt;-&gt;r(/127.0.0.1:8586),s=0,open=true,ishut=false,oshut=false,rb=false,wb=false,w=true,i=0r}-{AsyncHttpConnection@23a4a9c3,g=HttpGenerator{s=0,h=-1,b=-1,c=-1},p=HttpParser{s=0,l=2,c=25},r=1}
2018-08-06 06:28:50,085 [main] DEBUG org.eclipse.jetty.io.nio.ChannelEndPoint  - close SCEP@2db36e6f{l(/127.0.0.1:59935)&lt;-&gt;r(/127.0.0.1:8586),s=0,open=true,ishut=false,oshut=false,rb=false,wb=false,w=true,i=0r}-{AsyncHttpConnection@44d47f66,g=HttpGenerator{s=0,h=-1,b=-1,c=-1},p=HttpParser{s=0,l=2,c=25},r=1}
2018-08-06 06:28:50,085 [main] DEBUG org.eclipse.jetty.io.nio.ChannelEndPoint  - close SCEP@1504233b{l(/127.0.0.1:59977)&lt;-&gt;r(/127.0.0.1:8586),s=0,open=true,ishut=false,oshut=false,rb=false,wb=false,w=true,i=0r}-{AsyncHttpConnection@773bc3ba,g=HttpGenerator{s=0,h=-1,b=-1,c=-1},p=HttpParser{s=0,l=2,c=25},r=1}
2018-08-06 06:28:50,086 [main] DEBUG org.eclipse.jetty.io.nio.ChannelEndPoint  - close SCEP@6041e6ef{l(/127.0.0.1:59956)&lt;-&gt;r(/127.0.0.1:8586),s=0,open=true,ishut=false,oshut=false,rb=false,wb=false,w=true,i=0r}-{AsyncHttpConnection@7116a9c6,g=HttpGenerator{s=0,h=-1,b=-1,c=-1},p=HttpParser{s=0,l=2,c=25},r=1}
2018-08-06 06:28:50,086 [main] DEBUG org.eclipse.jetty.io.nio.ChannelEndPoint  - close SCEP@14cfe45e{l(/127.0.0.1:59958)&lt;-&gt;r(/127.0.0.1:8586),s=0,open=true,ishut=false,oshut=false,rb=false,wb=false,w=true,i=0r}-{AsyncHttpConnection@6e4402b,g=HttpGenerator{s=0,h=-1,b=-1,c=-1},p=HttpParser{s=0,l=2,c=25},r=1}
2018-08-06 06:28:50,086 [main] DEBUG org.eclipse.jetty.io.nio.ChannelEndPoint  - close SCEP@44200eab{l(/127.0.0.1:59964)&lt;-&gt;r(/127.0.0.1:8586),s=0,open=true,ishut=false,oshut=false,rb=false,wb=false,w=true,i=0r}-{AsyncHttpConnection@6a184e81,g=HttpGenerator{s=0,h=-1,b=-1,c=-1},p=HttpParser{s=0,l=2,c=25},r=1}
2018-08-06 06:28:50,086 [main] DEBUG org.eclipse.jetty.io.nio.ChannelEndPoint  - close SCEP@425b7686{l(/127.0.0.1:59940)&lt;-&gt;r(/127.0.0.1:8586),s=0,open=true,ishut=false,oshut=false,rb=false,wb=false,w=true,i=0r}-{AsyncHttpConnection@5af824d7,g=HttpGenerator{s=0,h=-1,b=-1,c=-1},p=HttpParser{s=0,l=2,c=25},r=1}
2018-08-06 06:28:50,087 [main] DEBUG org.eclipse.jetty.util.component.AbstractLifeCycle  - STOPPED org.eclipse.jetty.server.nio.SelectChannelConnector$ConnectorSelectorManager@73a1deca
2018-08-06 06:28:50,087 [main] DEBUG org.eclipse.jetty.util.component.AbstractLifeCycle  - stopping ConnectorPool{1&lt;=9&lt;=9/10,0}
2018-08-06 06:28:50,138 [main] DEBUG org.eclipse.jetty.util.component.AbstractLifeCycle  - STOPPED ConnectorPool{1&lt;=0&lt;=0/10,0}
2018-08-06 06:28:50,139 [main] DEBUG org.eclipse.jetty.util.component.AbstractLifeCycle  - stopping PooledBuffers [3/1024@6144,0/1024@16384,0/1024@-]/PooledBuffers [0/1024@6144,0/1024@32768,0/1024@-]
2018-08-06 06:28:50,139 [main] DEBUG org.eclipse.jetty.util.component.AbstractLifeCycle  - STOPPED null/null
2018-08-06 06:28:50,139 [main] DEBUG org.eclipse.jetty.util.component.AbstractLifeCycle  - STOPPED SelectChannelConnector@0.0.0.0:8586
2018-08-06 06:28:50,139 [main] DEBUG org.eclipse.jetty.util.component.AbstractLifeCycle  - stopping org.eclipse.jetty.server.handler.HandlerList@1dddf775
2018-08-06 06:28:50,139 [main] DEBUG org.eclipse.jetty.server.handler.AbstractHandler  - stopping org.eclipse.jetty.server.handler.HandlerList@1dddf775
2018-08-06 06:28:50,139 [main] DEBUG org.eclipse.jetty.util.component.AbstractLifeCycle  - stopping o.e.j.s.ServletContextHandler{/measurement,null}
2018-08-06 06:28:50,139 [main] DEBUG org.eclipse.jetty.util.component.AbstractLifeCycle  - stopping org.eclipse.jetty.servlet.ServletHandler@64c71e34
2018-08-06 06:28:50,139 [main] DEBUG org.eclipse.jetty.server.handler.AbstractHandler  - stopping org.eclipse.jetty.servlet.ServletHandler@64c71e34
2018-08-06 06:28:50,139 [main] DEBUG org.eclipse.jetty.util.component.AbstractLifeCycle  - stopping measurements
2018-08-06 06:28:50,139 [main] DEBUG org.eclipse.jetty.util.component.AbstractLifeCycle  - STOPPED measurements
2018-08-06 06:28:50,139 [main] DEBUG org.eclipse.jetty.util.component.AbstractLifeCycle  - STOPPED org.eclipse.jetty.servlet.ServletHandler@64c71e34
2018-08-06 06:28:50,139 [main] DEBUG org.eclipse.jetty.server.handler.AbstractHandler  - stopping o.e.j.s.ServletContextHandler{/measurement,null}
2018-08-06 06:28:50,139 [main] INFO  org.eclipse.jetty.server.handler.ContextHandler  - stopped o.e.j.s.ServletContextHandler{/measurement,null}
2018-08-06 06:28:50,139 [main] DEBUG org.eclipse.jetty.util.component.Container  - Container o.e.j.s.ServletContextHandler{/measurement,null} - org.eclipse.jetty.servlet.ServletHandler@64c71e34 as handler
2018-08-06 06:28:50,139 [main] DEBUG org.eclipse.jetty.util.component.AbstractLifeCycle  - STOPPED o.e.j.s.ServletContextHandler{/measurement,null}
2018-08-06 06:28:50,139 [main] DEBUG org.eclipse.jetty.util.component.AbstractLifeCycle  - stopping o.e.j.s.ServletContextHandler{/inventory,null}
2018-08-06 06:28:50,139 [main] DEBUG org.eclipse.jetty.util.component.AbstractLifeCycle  - stopping org.eclipse.jetty.servlet.ServletHandler@3df0efd5
2018-08-06 06:28:50,139 [main] DEBUG org.eclipse.jetty.server.handler.AbstractHandler  - stopping org.eclipse.jetty.servlet.ServletHandler@3df0efd5
2018-08-06 06:28:50,139 [main] DEBUG org.eclipse.jetty.util.component.AbstractLifeCycle  - stopping managedObjects
2018-08-06 06:28:50,139 [main] DEBUG org.eclipse.jetty.util.component.AbstractLifeCycle  - STOPPED managedObjects
2018-08-06 06:28:50,139 [main] DEBUG org.eclipse.jetty.util.component.AbstractLifeCycle  - STOPPED org.eclipse.jetty.servlet.ServletHandler@3df0efd5
2018-08-06 06:28:50,139 [main] DEBUG org.eclipse.jetty.server.handler.AbstractHandler  - stopping o.e.j.s.ServletContextHandler{/inventory,null}
2018-08-06 06:28:50,139 [main] INFO  org.eclipse.jetty.server.handler.ContextHandler  - stopped o.e.j.s.ServletContextHandler{/inventory,null}
2018-08-06 06:28:50,139 [main] DEBUG org.eclipse.jetty.util.component.Container  - Container o.e.j.s.ServletContextHandler{/inventory,null} - org.eclipse.jetty.servlet.ServletHandler@3df0efd5 as handler
2018-08-06 06:28:50,139 [main] DEBUG org.eclipse.jetty.util.component.AbstractLifeCycle  - STOPPED o.e.j.s.ServletContextHandler{/inventory,null}
2018-08-06 06:28:50,139 [main] DEBUG org.eclipse.jetty.util.component.AbstractLifeCycle  - stopping o.e.j.w.WebAppContext{/s,file:/var/jenkins_home/workspace/Cumulocity-Platform-Services-BUILD/smartrest/src/test/webapp/}
2018-08-06 06:28:50,139 [main] DEBUG org.eclipse.jetty.util.component.AbstractLifeCycle  - stopping org.eclipse.jetty.server.session.SessionHandler@20363a3f
2018-08-06 06:28:50,140 [main] DEBUG org.eclipse.jetty.util.component.AbstractLifeCycle  - stopping org.eclipse.jetty.server.session.HashSessionManager@482a0e9e
2018-08-06 06:28:50,140 [main] DEBUG org.eclipse.jetty.util.component.AbstractLifeCycle  - STOPPED org.eclipse.jetty.server.session.HashSessionManager@482a0e9e
2018-08-06 06:28:50,140 [main] DEBUG org.eclipse.jetty.util.component.AbstractLifeCycle  - stopping org.eclipse.jetty.security.ConstraintSecurityHandler@4626d81c
2018-08-06 06:28:50,140 [main] DEBUG org.eclipse.jetty.util.component.AbstractLifeCycle  - stopping org.eclipse.jetty.servlet.ServletHandler@4a6948be
2018-08-06 06:28:50,140 [main] DEBUG org.eclipse.jetty.server.handler.AbstractHandler  - stopping org.eclipse.jetty.servlet.ServletHandler@4a6948be
2018-08-06 06:28:50,140 [main] DEBUG org.eclipse.jetty.util.component.AbstractLifeCycle  - stopping hiddenHttpMethodFilter
2018-08-06 06:28:50,140 [main] DEBUG org.eclipse.jetty.util.component.AbstractLifeCycle  - STOPPED hiddenHttpMethodFilter
2018-08-06 06:28:50,140 [main] DEBUG org.eclipse.jetty.util.component.AbstractLifeCycle  - stopping proxyRequestHandler
2018-08-06 06:28:50,140 [main] DEBUG org.eclipse.jetty.util.component.AbstractLifeCycle  - STOPPED proxyRequestHandler
2018-08-06 06:28:50,140 [main] DEBUG org.eclipse.jetty.util.component.AbstractLifeCycle  - stopping jsp
2018-08-06 06:28:50,140 [main] DEBUG org.eclipse.jetty.util.component.AbstractLifeCycle  - STOPPED jsp
2018-08-06 06:28:50,140 [main] DEBUG org.eclipse.jetty.util.component.AbstractLifeCycle  - stopping default
2018-08-06 06:28:50,140 [main] DEBUG org.eclipse.jetty.util.component.AbstractLifeCycle  - STOPPED default
2018-08-06 06:28:50,140 [main] DEBUG org.eclipse.jetty.util.component.AbstractLifeCycle  - STOPPED org.eclipse.jetty.servlet.ServletHandler@4a6948be
2018-08-06 06:28:50,140 [main] DEBUG org.eclipse.jetty.server.handler.AbstractHandler  - stopping org.eclipse.jetty.security.ConstraintSecurityHandler@4626d81c
2018-08-06 06:28:50,140 [main] DEBUG org.eclipse.jetty.util.component.AbstractLifeCycle  - STOPPED org.eclipse.jetty.security.ConstraintSecurityHandler@4626d81c
2018-08-06 06:28:50,140 [main] DEBUG org.eclipse.jetty.server.handler.AbstractHandler  - stopping org.eclipse.jetty.server.session.SessionHandler@20363a3f
2018-08-06 06:28:50,140 [main] DEBUG org.eclipse.jetty.util.component.AbstractLifeCycle  - STOPPED org.eclipse.jetty.server.session.SessionHandler@20363a3f
2018-08-06 06:28:50,140 [main] DEBUG org.eclipse.jetty.server.handler.AbstractHandler  - stopping o.e.j.w.WebAppContext{/s,file:/var/jenkins_home/workspace/Cumulocity-Platform-Services-BUILD/smartrest/src/test/webapp/}
2018-08-06 06:28:50,140 [main] INFO  /s  - Closing Spring root WebApplicationContext
2018-08-06 06:28:50,140 [main] INFO  org.springframework.web.context.support.XmlWebApplicationContext  - Closing Root WebApplicationContext: startup date [Mon Aug 06 06:28:19 UTC 2018]; root of context hierarchy
2018-08-06 06:28:50,141 [main] DEBUG org.springframework.beans.factory.support.DefaultListableBeanFactory  - Returning cached instance of singleton bean &apos;lifecycleProcessor&apos;
2018-08-06 06:28:50,141 [main] INFO  org.springframework.beans.factory.support.DefaultListableBeanFactory  - Destroying singletons in org.springframework.beans.factory.support.DefaultListableBeanFactory@420b6d72: defining beans [com.cumulocity.common.config.PlatformEnvironment#0,org.springframework.context.support.PropertySourcesPlaceholderConfigurer#0,configLocations,org.springframework.context.annotation.internalConfigurationAnnotationProcessor,org.springframework.context.annotation.internalAutowiredAnnotationProcessor,org.springframework.context.annotation.internalRequiredAnnotationProcessor,org.springframework.context.annotation.internalCommonAnnotationProcessor,proxyRequestHandler,requestHandler,templateProvider,requestDispatcher,restDispatcherHttpClient,concurrentExecutor,org.springframework.context.annotation.ConfigurationClassPostProcessor.importAwareProcessor]; root of factory hierarchy
2018-08-06 06:28:50,141 [main] DEBUG org.springframework.beans.factory.support.DisposableBeanAdapter  - Invoking destroy() on bean with name &apos;concurrentExecutor&apos;
2018-08-06 06:28:50,141 [main] DEBUG org.springframework.beans.factory.support.DisposableBeanAdapter  - Invoking destroy() on bean with name &apos;restDispatcherHttpClient&apos;
2018-08-06 06:28:50,141 [main] DEBUG org.apache.http.impl.conn.tsccm.ThreadSafeClientConnManager  - Shutting down
2018-08-06 06:28:50,141 [main] DEBUG org.springframework.beans.factory.support.DefaultListableBeanFactory  - Retrieved dependent beans for bean &apos;configLocations&apos;: [com.cumulocity.common.config.PlatformEnvironment#0]
2018-08-06 06:28:50,141 [main] DEBUG org.springframework.beans.factory.support.DisposableBeanAdapter  - Invoking destroy() on bean with name &apos;configLocations&apos;
2018-08-06 06:28:50,142 [main] DEBUG org.eclipse.jetty.util.component.AbstractLifeCycle  - stopping org.eclipse.jetty.servlet.ErrorPageErrorHandler@bc6a29d
2018-08-06 06:28:50,142 [main] DEBUG org.eclipse.jetty.server.handler.AbstractHandler  - stopping org.eclipse.jetty.servlet.ErrorPageErrorHandler@bc6a29d
2018-08-06 06:28:50,142 [main] DEBUG org.eclipse.jetty.util.component.AbstractLifeCycle  - STOPPED org.eclipse.jetty.servlet.ErrorPageErrorHandler@bc6a29d
2018-08-06 06:28:50,142 [main] INFO  org.eclipse.jetty.server.handler.ContextHandler  - stopped o.e.j.w.WebAppContext{/s,file:/var/jenkins_home/workspace/Cumulocity-Platform-Services-BUILD/smartrest/src/test/webapp/}
2018-08-06 06:28:50,142 [main] DEBUG org.eclipse.jetty.util.component.Container  - Container o.e.j.w.WebAppContext{/s,file:/var/jenkins_home/workspace/Cumulocity-Platform-Services-BUILD/smartrest/src/test/webapp/} - org.eclipse.jetty.server.session.SessionHandler@20363a3f as handler
2018-08-06 06:28:50,142 [main] DEBUG org.eclipse.jetty.util.component.AbstractLifeCycle  - STOPPED o.e.j.w.WebAppContext{/s,file:/var/jenkins_home/workspace/Cumulocity-Platform-Services-BUILD/smartrest/src/test/webapp/}
2018-08-06 06:28:50,142 [main] DEBUG org.eclipse.jetty.util.component.AbstractLifeCycle  - stopping o.e.j.s.ServletContextHandler{/measurement,null}
2018-08-06 06:28:50,142 [main] DEBUG org.eclipse.jetty.util.component.AbstractLifeCycle  - stopping org.eclipse.jetty.servlet.ServletHandler@560a9228
2018-08-06 06:28:50,142 [main] DEBUG org.eclipse.jetty.server.handler.AbstractHandler  - stopping org.eclipse.jetty.servlet.ServletHandler@560a9228
2018-08-06 06:28:50,142 [main] DEBUG org.eclipse.jetty.util.component.AbstractLifeCycle  - stopping measurements
2018-08-06 06:28:50,142 [main] DEBUG org.eclipse.jetty.util.component.AbstractLifeCycle  - STOPPED measurements
2018-08-06 06:28:50,142 [main] DEBUG org.eclipse.jetty.util.component.AbstractLifeCycle  - STOPPED org.eclipse.jetty.servlet.ServletHandler@560a9228
2018-08-06 06:28:50,142 [main] DEBUG org.eclipse.jetty.server.handler.AbstractHandler  - stopping o.e.j.s.ServletContextHandler{/measurement,null}
2018-08-06 06:28:50,142 [main] INFO  org.eclipse.jetty.server.handler.ContextHandler  - stopped o.e.j.s.ServletContextHandler{/measurement,null}
2018-08-06 06:28:50,142 [main] DEBUG org.eclipse.jetty.util.component.Container  - Container o.e.j.s.ServletContextHandler{/measurement,null} - org.eclipse.jetty.servlet.ServletHandler@560a9228 as handler
2018-08-06 06:28:50,142 [main] DEBUG org.eclipse.jetty.util.component.AbstractLifeCycle  - STOPPED o.e.j.s.ServletContextHandler{/measurement,null}
2018-08-06 06:28:50,142 [main] DEBUG org.eclipse.jetty.util.component.AbstractLifeCycle  - stopping o.e.j.s.ServletContextHandler{/inventory,null}
2018-08-06 06:28:50,142 [main] DEBUG org.eclipse.jetty.util.component.AbstractLifeCycle  - stopping org.eclipse.jetty.servlet.ServletHandler@566b3836
2018-08-06 06:28:50,142 [main] DEBUG org.eclipse.jetty.server.handler.AbstractHandler  - stopping org.eclipse.jetty.servlet.ServletHandler@566b3836
2018-08-06 06:28:50,142 [main] DEBUG org.eclipse.jetty.util.component.AbstractLifeCycle  - stopping managedObjects
2018-08-06 06:28:50,142 [main] DEBUG org.eclipse.jetty.util.component.AbstractLifeCycle  - STOPPED managedObjects
2018-08-06 06:28:50,142 [main] DEBUG org.eclipse.jetty.util.component.AbstractLifeCycle  - STOPPED org.eclipse.jetty.servlet.ServletHandler@566b3836
2018-08-06 06:28:50,143 [main] DEBUG org.eclipse.jetty.server.handler.AbstractHandler  - stopping o.e.j.s.ServletContextHandler{/inventory,null}
2018-08-06 06:28:50,143 [main] INFO  org.eclipse.jetty.server.handler.ContextHandler  - stopped o.e.j.s.ServletContextHandler{/inventory,null}
2018-08-06 06:28:50,143 [main] DEBUG org.eclipse.jetty.util.component.Container  - Container o.e.j.s.ServletContextHandler{/inventory,null} - org.eclipse.jetty.servlet.ServletHandler@566b3836 as handler
2018-08-06 06:28:50,143 [main] DEBUG org.eclipse.jetty.util.component.AbstractLifeCycle  - STOPPED o.e.j.s.ServletContextHandler{/inventory,null}
2018-08-06 06:28:50,143 [main] DEBUG org.eclipse.jetty.util.component.AbstractLifeCycle  - stopping o.e.j.w.WebAppContext{/s,file:/var/jenkins_home/workspace/Cumulocity-Platform-Services-BUILD/smartrest/src/test/webapp/}
2018-08-06 06:28:50,143 [main] DEBUG org.eclipse.jetty.util.component.AbstractLifeCycle  - stopping org.eclipse.jetty.server.session.SessionHandler@1ce89199
2018-08-06 06:28:50,143 [main] DEBUG org.eclipse.jetty.util.component.AbstractLifeCycle  - stopping org.eclipse.jetty.server.session.HashSessionManager@68aee2a2
2018-08-06 06:28:50,143 [main] DEBUG org.eclipse.jetty.util.component.AbstractLifeCycle  - STOPPED org.eclipse.jetty.server.session.HashSessionManager@68aee2a2
2018-08-06 06:28:50,143 [main] DEBUG org.eclipse.jetty.util.component.AbstractLifeCycle  - stopping org.eclipse.jetty.security.ConstraintSecurityHandler@414128f7
2018-08-06 06:28:50,143 [main] DEBUG org.eclipse.jetty.util.component.AbstractLifeCycle  - stopping org.eclipse.jetty.servlet.ServletHandler@1538c1e3
2018-08-06 06:28:50,143 [main] DEBUG org.eclipse.jetty.server.handler.AbstractHandler  - stopping org.eclipse.jetty.servlet.ServletHandler@1538c1e3
2018-08-06 06:28:50,143 [main] DEBUG org.eclipse.jetty.util.component.AbstractLifeCycle  - stopping hiddenHttpMethodFilter
2018-08-06 06:28:50,143 [main] DEBUG org.eclipse.jetty.util.component.AbstractLifeCycle  - STOPPED hiddenHttpMethodFilter
2018-08-06 06:28:50,143 [main] DEBUG org.eclipse.jetty.util.component.AbstractLifeCycle  - stopping proxyRequestHandler
2018-08-06 06:28:50,143 [main] DEBUG org.eclipse.jetty.util.component.AbstractLifeCycle  - STOPPED proxyRequestHandler
2018-08-06 06:28:50,143 [main] DEBUG org.eclipse.jetty.util.component.AbstractLifeCycle  - stopping jsp
2018-08-06 06:28:50,143 [main] DEBUG org.eclipse.jetty.util.component.AbstractLifeCycle  - STOPPED jsp
2018-08-06 06:28:50,143 [main] DEBUG org.eclipse.jetty.util.component.AbstractLifeCycle  - stopping default
2018-08-06 06:28:50,143 [main] DEBUG org.eclipse.jetty.util.component.AbstractLifeCycle  - STOPPED default
2018-08-06 06:28:50,143 [main] DEBUG org.eclipse.jetty.util.component.AbstractLifeCycle  - STOPPED org.eclipse.jetty.servlet.ServletHandler@1538c1e3
2018-08-06 06:28:50,143 [main] DEBUG org.eclipse.jetty.server.handler.AbstractHandler  - stopping org.eclipse.jetty.security.ConstraintSecurityHandler@414128f7
2018-08-06 06:28:50,143 [main] DEBUG org.eclipse.jetty.util.component.AbstractLifeCycle  - STOPPED org.eclipse.jetty.security.ConstraintSecurityHandler@414128f7
2018-08-06 06:28:50,143 [main] DEBUG org.eclipse.jetty.server.handler.AbstractHandler  - stopping org.eclipse.jetty.server.session.SessionHandler@1ce89199
2018-08-06 06:28:50,143 [main] DEBUG org.eclipse.jetty.util.component.AbstractLifeCycle  - STOPPED org.eclipse.jetty.server.session.SessionHandler@1ce89199
2018-08-06 06:28:50,143 [main] DEBUG org.eclipse.jetty.server.handler.AbstractHandler  - stopping o.e.j.w.WebAppContext{/s,file:/var/jenkins_home/workspace/Cumulocity-Platform-Services-BUILD/smartrest/src/test/webapp/}
2018-08-06 06:28:50,143 [main] INFO  SmartREST Proxy  - Closing Spring root WebApplicationContext
2018-08-06 06:28:50,144 [main] INFO  org.springframework.web.context.support.XmlWebApplicationContext  - Closing Root WebApplicationContext: startup date [Mon Aug 06 06:28:19 UTC 2018]; root of context hierarchy
2018-08-06 06:28:50,144 [main] DEBUG org.springframework.beans.factory.support.DefaultListableBeanFactory  - Returning cached instance of singleton bean &apos;lifecycleProcessor&apos;
2018-08-06 06:28:50,144 [main] INFO  org.springframework.beans.factory.support.DefaultListableBeanFactory  - Destroying singletons in org.springframework.beans.factory.support.DefaultListableBeanFactory@568b8a74: defining beans [com.cumulocity.common.config.PlatformEnvironment#0,org.springframework.context.support.PropertySourcesPlaceholderConfigurer#0,configLocations,org.springframework.context.annotation.internalConfigurationAnnotationProcessor,org.springframework.context.annotation.internalAutowiredAnnotationProcessor,org.springframework.context.annotation.internalRequiredAnnotationProcessor,org.springframework.context.annotation.internalCommonAnnotationProcessor,proxyRequestHandler,requestHandler,templateProvider,requestDispatcher,restDispatcherHttpClient,concurrentExecutor,org.springframework.context.annotation.ConfigurationClassPostProcessor.importAwareProcessor]; root of factory hierarchy
2018-08-06 06:28:50,144 [main] DEBUG org.springframework.beans.factory.support.DisposableBeanAdapter  - Invoking destroy() on bean with name &apos;concurrentExecutor&apos;
2018-08-06 06:28:50,144 [main] DEBUG org.springframework.beans.factory.support.DisposableBeanAdapter  - Invoking destroy() on bean with name &apos;restDispatcherHttpClient&apos;
2018-08-06 06:28:50,144 [main] DEBUG org.apache.http.impl.conn.tsccm.ThreadSafeClientConnManager  - Shutting down
2018-08-06 06:28:50,144 [main] DEBUG org.springframework.beans.factory.support.DefaultListableBeanFactory  - Retrieved dependent beans for bean &apos;configLocations&apos;: [com.cumulocity.common.config.PlatformEnvironment#0]
2018-08-06 06:28:50,144 [main] DEBUG org.springframework.beans.factory.support.DisposableBeanAdapter  - Invoking destroy() on bean with name &apos;configLocations&apos;
2018-08-06 06:28:50,145 [main] DEBUG org.eclipse.jetty.util.component.AbstractLifeCycle  - stopping org.eclipse.jetty.servlet.ErrorPageErrorHandler@5e7cf14d
2018-08-06 06:28:50,145 [main] DEBUG org.eclipse.jetty.server.handler.AbstractHandler  - stopping org.eclipse.jetty.servlet.ErrorPageErrorHandler@5e7cf14d
2018-08-06 06:28:50,145 [main] DEBUG org.eclipse.jetty.util.component.AbstractLifeCycle  - STOPPED org.eclipse.jetty.servlet.ErrorPageErrorHandler@5e7cf14d
2018-08-06 06:28:50,145 [main] INFO  org.eclipse.jetty.server.handler.ContextHandler  - stopped o.e.j.w.WebAppContext{/s,file:/var/jenkins_home/workspace/Cumulocity-Platform-Services-BUILD/smartrest/src/test/webapp/}
2018-08-06 06:28:50,145 [main] DEBUG org.eclipse.jetty.util.component.Container  - Container o.e.j.w.WebAppContext{/s,file:/var/jenkins_home/workspace/Cumulocity-Platform-Services-BUILD/smartrest/src/test/webapp/} - org.eclipse.jetty.server.session.SessionHandler@1ce89199 as handler
2018-08-06 06:28:50,145 [main] DEBUG org.eclipse.jetty.util.component.AbstractLifeCycle  - STOPPED o.e.j.w.WebAppContext{/s,file:/var/jenkins_home/workspace/Cumulocity-Platform-Services-BUILD/smartrest/src/test/webapp/}
2018-08-06 06:28:50,145 [main] DEBUG org.eclipse.jetty.util.component.AbstractLifeCycle  - STOPPED org.eclipse.jetty.server.handler.HandlerList@1dddf775
2018-08-06 06:28:50,145 [main] DEBUG org.eclipse.jetty.server.handler.AbstractHandler  - stopping org.eclipse.jetty.server.Server@6eaabe96
2018-08-06 06:28:50,145 [main] DEBUG org.eclipse.jetty.util.component.AbstractLifeCycle  - stopping org.eclipse.jetty.server.session.HashSessionIdManager@4125cc15
2018-08-06 06:28:50,145 [main] DEBUG org.eclipse.jetty.util.component.AbstractLifeCycle  - STOPPED org.eclipse.jetty.server.session.HashSessionIdManager@4125cc15
2018-08-06 06:28:50,145 [main] DEBUG org.eclipse.jetty.util.component.AbstractLifeCycle  - stopping qtp1470181796{8&lt;=8&lt;=8/254,0}
2018-08-06 06:28:50,197 [main] DEBUG org.eclipse.jetty.util.component.AbstractLifeCycle  - STOPPED qtp1470181796{8&lt;=0&lt;=0/254,5}
2018-08-06 06:28:50,197 [main] DEBUG org.eclipse.jetty.util.component.AbstractLifeCycle  - STOPPED org.eclipse.jetty.server.Server@6eaabe96
</stdout>
          <failedSince>3614</failedSince>
        </case>
        <case>
          <duration>30.507</duration>
          <className>com.cumulocity.smartrest.SmartRESTModuleTest</className>
          <testName>shouldRespondWithNoTemplateWhenNoTemplateIsSent</testName>
          <skipped>false</skipped>
          <errorStackTrace>java.lang.Exception: test timed out after 30000 milliseconds
	at com.cumulocity.smartrest.SmartRESTModuleTest.shouldRespondWithNoTemplateWhenNoTemplateIsSent(SmartRESTModuleTest.java:96)
</errorStackTrace>
          <errorDetails>test timed out after 30000 milliseconds</errorDetails>
          <stdout>2018-08-06 06:28:50,198 [main] DEBUG org.eclipse.jetty.servlet.ServletHandler  - filterNameMap={}
2018-08-06 06:28:50,198 [main] DEBUG org.eclipse.jetty.servlet.ServletHandler  - pathFilters=null
2018-08-06 06:28:50,198 [main] DEBUG org.eclipse.jetty.servlet.ServletHandler  - servletFilterMap=null
2018-08-06 06:28:50,198 [main] DEBUG org.eclipse.jetty.servlet.ServletHandler  - servletPathMap={/templates/*=managedObjects}
2018-08-06 06:28:50,198 [main] DEBUG org.eclipse.jetty.servlet.ServletHandler  - servletNameMap={managedObjects=managedObjects}
2018-08-06 06:28:50,198 [main] DEBUG org.eclipse.jetty.servlet.ServletHandler  - filterNameMap={}
2018-08-06 06:28:50,198 [main] DEBUG org.eclipse.jetty.servlet.ServletHandler  - pathFilters=null
2018-08-06 06:28:50,198 [main] DEBUG org.eclipse.jetty.servlet.ServletHandler  - servletFilterMap=null
2018-08-06 06:28:50,198 [main] DEBUG org.eclipse.jetty.servlet.ServletHandler  - servletPathMap={/measurements/*=measurements}
2018-08-06 06:28:50,198 [main] DEBUG org.eclipse.jetty.servlet.ServletHandler  - servletNameMap={measurements=measurements}
2018-08-06 06:28:50,198 [main] DEBUG org.eclipse.jetty.util.component.Container  - Container org.eclipse.jetty.server.Server@4e189625 + SelectChannelConnector@0.0.0.0:8586 as connector
2018-08-06 06:28:50,198 [main] DEBUG org.eclipse.jetty.util.component.Container  - Container o.e.j.w.WebAppContext{/s,file:/var/jenkins_home/workspace/Cumulocity-Platform-Services-BUILD/smartrest/src/test/webapp/} - org.eclipse.jetty.servlet.ErrorPageErrorHandler@5e7cf14d as error
2018-08-06 06:28:50,198 [main] DEBUG org.eclipse.jetty.util.component.Container  - Container o.e.j.w.WebAppContext{/s,file:/var/jenkins_home/workspace/Cumulocity-Platform-Services-BUILD/smartrest/src/test/webapp/} - org.eclipse.jetty.servlet.ErrorPageErrorHandler@bc6a29d as error
2018-08-06 06:28:50,198 [main] DEBUG org.eclipse.jetty.util.component.Container  - Container o.e.j.w.WebAppContext{/s,file:/var/jenkins_home/workspace/Cumulocity-Platform-Services-BUILD/smartrest/src/test/webapp/} + org.eclipse.jetty.servlet.ErrorPageErrorHandler@5e7cf14d as error
2018-08-06 06:28:50,198 [main] DEBUG org.eclipse.jetty.util.component.Container  - Container o.e.j.w.WebAppContext{/s,file:/var/jenkins_home/workspace/Cumulocity-Platform-Services-BUILD/smartrest/src/test/webapp/} + org.eclipse.jetty.servlet.ErrorPageErrorHandler@bc6a29d as error
2018-08-06 06:28:50,198 [main] DEBUG org.eclipse.jetty.util.component.Container  - Container o.e.j.w.WebAppContext{/s,file:/var/jenkins_home/workspace/Cumulocity-Platform-Services-BUILD/smartrest/src/test/webapp/} + org.eclipse.jetty.servlet.ErrorPageErrorHandler@30297f31 as error
2018-08-06 06:28:50,198 [main] DEBUG org.eclipse.jetty.util.component.Container  - Container org.eclipse.jetty.server.handler.HandlerList@745d82aa + o.e.j.w.WebAppContext{/s,file:/var/jenkins_home/workspace/Cumulocity-Platform-Services-BUILD/smartrest/src/test/webapp/} as handler
2018-08-06 06:28:50,198 [main] DEBUG org.eclipse.jetty.util.component.Container  - Container org.eclipse.jetty.server.handler.HandlerList@745d82aa + o.e.j.s.ServletContextHandler{/inventory,null} as handler
2018-08-06 06:28:50,198 [main] DEBUG org.eclipse.jetty.util.component.Container  - Container org.eclipse.jetty.server.handler.HandlerList@745d82aa + o.e.j.s.ServletContextHandler{/measurement,null} as handler
2018-08-06 06:28:50,199 [main] DEBUG org.eclipse.jetty.util.component.Container  - Container org.eclipse.jetty.server.handler.HandlerList@745d82aa + o.e.j.w.WebAppContext{/s,file:/var/jenkins_home/workspace/Cumulocity-Platform-Services-BUILD/smartrest/src/test/webapp/} as handler
2018-08-06 06:28:50,199 [main] DEBUG org.eclipse.jetty.util.component.Container  - Container org.eclipse.jetty.server.handler.HandlerList@745d82aa + o.e.j.s.ServletContextHandler{/inventory,null} as handler
2018-08-06 06:28:50,199 [main] DEBUG org.eclipse.jetty.util.component.Container  - Container org.eclipse.jetty.server.handler.HandlerList@745d82aa + o.e.j.s.ServletContextHandler{/measurement,null} as handler
2018-08-06 06:28:50,199 [main] DEBUG org.eclipse.jetty.util.component.Container  - Container org.eclipse.jetty.server.handler.HandlerList@745d82aa + o.e.j.w.WebAppContext{/s,file:/var/jenkins_home/workspace/Cumulocity-Platform-Services-BUILD/smartrest/src/test/webapp/} as handler
2018-08-06 06:28:50,199 [main] DEBUG org.eclipse.jetty.util.component.Container  - Container org.eclipse.jetty.server.handler.HandlerList@745d82aa + o.e.j.s.ServletContextHandler{/inventory,null} as handler
2018-08-06 06:28:50,199 [main] DEBUG org.eclipse.jetty.util.component.Container  - Container org.eclipse.jetty.server.handler.HandlerList@745d82aa + o.e.j.s.ServletContextHandler{/measurement,null} as handler
2018-08-06 06:28:50,199 [main] DEBUG org.eclipse.jetty.util.component.Container  - Container org.eclipse.jetty.server.Server@4e189625 + org.eclipse.jetty.server.handler.HandlerList@745d82aa as handler
2018-08-06 06:28:50,199 [main] DEBUG org.eclipse.jetty.util.component.AbstractLifeCycle  - starting org.eclipse.jetty.server.Server@4e189625
2018-08-06 06:28:50,199 [main] INFO  org.eclipse.jetty.server.Server  - jetty-8.1.19.v20160209
2018-08-06 06:28:50,199 [main] DEBUG org.eclipse.jetty.util.component.Container  - Container org.eclipse.jetty.server.Server@4e189625 + qtp657302165{8&lt;=0&lt;=0/254,-1} as threadpool
2018-08-06 06:28:50,199 [main] DEBUG org.eclipse.jetty.util.component.AbstractLifeCycle  - starting org.eclipse.jetty.server.handler.HandlerList@745d82aa
2018-08-06 06:28:50,199 [main] DEBUG org.eclipse.jetty.util.component.AbstractLifeCycle  - starting o.e.j.w.WebAppContext{/s,file:/var/jenkins_home/workspace/Cumulocity-Platform-Services-BUILD/smartrest/src/test/webapp/}
2018-08-06 06:28:50,199 [main] DEBUG org.eclipse.jetty.webapp.WebAppContext  - Thread Context classloader sun.misc.Launcher$AppClassLoader@741378ec
2018-08-06 06:28:50,199 [main] DEBUG org.eclipse.jetty.webapp.WebAppContext  - Parent class loader: sun.misc.Launcher$ExtClassLoader@2a68097d 
2018-08-06 06:28:50,199 [main] DEBUG org.eclipse.jetty.webapp.WebAppContext  - preConfigure o.e.j.w.WebAppContext{/s,file:/var/jenkins_home/workspace/Cumulocity-Platform-Services-BUILD/smartrest/src/test/webapp/} with org.eclipse.jetty.webapp.WebInfConfiguration@c229885
2018-08-06 06:28:50,199 [main] DEBUG org.eclipse.jetty.webapp.WebInfConfiguration  - Set temp dir /tmp/jetty-0.0.0.0-8586-webapp-_s-any-
2018-08-06 06:28:50,200 [main] DEBUG org.eclipse.jetty.webapp.WebAppContext  - preConfigure o.e.j.w.WebAppContext{/s,file:/var/jenkins_home/workspace/Cumulocity-Platform-Services-BUILD/smartrest/src/test/webapp/} with org.eclipse.jetty.webapp.WebXmlConfiguration@377c016e
2018-08-06 06:28:50,203 [main] DEBUG org.eclipse.jetty.webapp.WebDescriptor  - jar:file:/var/jenkins_home/m2/repository/org/eclipse/jetty/jetty-webapp/8.1.19.v20160209/jetty-webapp-8.1.19.v20160209.jar!/org/eclipse/jetty/webapp/webdefault.xml: Calculated metadatacomplete = True with version=2.5
2018-08-06 06:28:50,204 [main] DEBUG org.eclipse.jetty.webapp.WebDescriptor  - file:/var/jenkins_home/workspace/Cumulocity-Platform-Services-BUILD/smartrest/src/test/webapp/WEB-INF/web.xml: Calculated metadatacomplete = NotSet with version=2.4
2018-08-06 06:28:50,204 [main] DEBUG org.eclipse.jetty.webapp.WebAppContext  - preConfigure o.e.j.w.WebAppContext{/s,file:/var/jenkins_home/workspace/Cumulocity-Platform-Services-BUILD/smartrest/src/test/webapp/} with org.eclipse.jetty.webapp.MetaInfConfiguration@680bb9fb
2018-08-06 06:28:50,204 [main] DEBUG org.eclipse.jetty.webapp.WebAppContext  - preConfigure o.e.j.w.WebAppContext{/s,file:/var/jenkins_home/workspace/Cumulocity-Platform-Services-BUILD/smartrest/src/test/webapp/} with org.eclipse.jetty.webapp.FragmentConfiguration@59df431a
2018-08-06 06:28:50,204 [main] DEBUG org.eclipse.jetty.webapp.WebAppContext  - preConfigure o.e.j.w.WebAppContext{/s,file:/var/jenkins_home/workspace/Cumulocity-Platform-Services-BUILD/smartrest/src/test/webapp/} with org.eclipse.jetty.webapp.JettyWebXmlConfiguration@50ae8e0e
2018-08-06 06:28:50,204 [main] DEBUG org.eclipse.jetty.webapp.WebAppContext  - configure o.e.j.w.WebAppContext{/s,file:/var/jenkins_home/workspace/Cumulocity-Platform-Services-BUILD/smartrest/src/test/webapp/} with org.eclipse.jetty.webapp.WebInfConfiguration@c229885
2018-08-06 06:28:50,204 [main] DEBUG org.eclipse.jetty.webapp.WebAppContext  - configure o.e.j.w.WebAppContext{/s,file:/var/jenkins_home/workspace/Cumulocity-Platform-Services-BUILD/smartrest/src/test/webapp/} with org.eclipse.jetty.webapp.WebXmlConfiguration@377c016e
2018-08-06 06:28:50,204 [main] DEBUG org.eclipse.jetty.webapp.WebAppContext  - configure o.e.j.w.WebAppContext{/s,file:/var/jenkins_home/workspace/Cumulocity-Platform-Services-BUILD/smartrest/src/test/webapp/} with org.eclipse.jetty.webapp.MetaInfConfiguration@680bb9fb
2018-08-06 06:28:50,204 [main] DEBUG org.eclipse.jetty.webapp.WebAppContext  - configure o.e.j.w.WebAppContext{/s,file:/var/jenkins_home/workspace/Cumulocity-Platform-Services-BUILD/smartrest/src/test/webapp/} with org.eclipse.jetty.webapp.FragmentConfiguration@59df431a
2018-08-06 06:28:50,204 [main] DEBUG org.eclipse.jetty.webapp.WebAppContext  - configure o.e.j.w.WebAppContext{/s,file:/var/jenkins_home/workspace/Cumulocity-Platform-Services-BUILD/smartrest/src/test/webapp/} with org.eclipse.jetty.webapp.JettyWebXmlConfiguration@50ae8e0e
2018-08-06 06:28:50,204 [main] DEBUG org.eclipse.jetty.webapp.JettyWebXmlConfiguration  - Configuring web-jetty.xml
2018-08-06 06:28:50,204 [main] DEBUG org.eclipse.jetty.webapp.MetaData  - metadata resolve o.e.j.w.WebAppContext{/s,file:/var/jenkins_home/workspace/Cumulocity-Platform-Services-BUILD/smartrest/src/test/webapp/}
2018-08-06 06:28:50,205 [main] DEBUG org.eclipse.jetty.util.component.Container  - Container org.eclipse.jetty.servlet.ServletHandler@1538c1e3 + default as servlet
2018-08-06 06:28:50,205 [main] DEBUG org.eclipse.jetty.util.component.Container  - Container org.eclipse.jetty.servlet.ServletHandler@1538c1e3 + [/]=&gt;default as servletMapping
2018-08-06 06:28:50,205 [main] DEBUG org.eclipse.jetty.servlet.ServletHandler  - filterNameMap={}
2018-08-06 06:28:50,205 [main] DEBUG org.eclipse.jetty.servlet.ServletHandler  - pathFilters=[]
2018-08-06 06:28:50,205 [main] DEBUG org.eclipse.jetty.servlet.ServletHandler  - servletFilterMap={}
2018-08-06 06:28:50,205 [main] DEBUG org.eclipse.jetty.servlet.ServletHandler  - servletPathMap={/=default}
2018-08-06 06:28:50,205 [main] DEBUG org.eclipse.jetty.servlet.ServletHandler  - servletNameMap={default=default}
2018-08-06 06:28:50,205 [main] DEBUG org.eclipse.jetty.util.component.Container  - Container org.eclipse.jetty.servlet.ServletHandler@1538c1e3 + jsp as servlet
2018-08-06 06:28:50,205 [main] INFO  org.eclipse.jetty.webapp.StandardDescriptorProcessor  - NO JSP Support for /s, did not find org.apache.jasper.servlet.JspServlet
2018-08-06 06:28:50,205 [main] DEBUG org.eclipse.jetty.util.component.Container  - Container org.eclipse.jetty.servlet.ServletHandler@1538c1e3 + [*.jsp, *.jspf, *.jspx, *.xsp, *.JSP, *.JSPF, *.JSPX, *.XSP]=&gt;jsp as servletMapping
2018-08-06 06:28:50,206 [main] DEBUG org.eclipse.jetty.servlet.ServletHandler  - filterNameMap={}
2018-08-06 06:28:50,206 [main] DEBUG org.eclipse.jetty.servlet.ServletHandler  - pathFilters=[]
2018-08-06 06:28:50,206 [main] DEBUG org.eclipse.jetty.servlet.ServletHandler  - servletFilterMap={}
2018-08-06 06:28:50,206 [main] DEBUG org.eclipse.jetty.servlet.ServletHandler  - servletPathMap={*.XSP=jsp, *.JSPX=jsp, *.jspf=jsp, *.jsp=jsp, *.JSPF=jsp, *.jspx=jsp, *.xsp=jsp, /=default, *.JSP=jsp}
2018-08-06 06:28:50,206 [main] DEBUG org.eclipse.jetty.servlet.ServletHandler  - servletNameMap={jsp=jsp, default=default}
2018-08-06 06:28:50,206 [main] DEBUG org.eclipse.jetty.webapp.StandardDescriptorProcessor  - ContextParam: contextClass=org.springframework.web.context.support.XmlWebApplicationContext
2018-08-06 06:28:50,206 [main] DEBUG org.eclipse.jetty.webapp.StandardDescriptorProcessor  - ContextParam: contextConfigLocation=classpath*:META-INF/spring/smartrest-rest-context.xml
2018-08-06 06:28:50,206 [main] DEBUG org.eclipse.jetty.util.component.Container  - Container org.eclipse.jetty.servlet.ServletHandler@1538c1e3 + hiddenHttpMethodFilter as filter
2018-08-06 06:28:50,207 [main] DEBUG org.eclipse.jetty.util.component.Container  - Container org.eclipse.jetty.servlet.ServletHandler@1538c1e3 + [/*]/[]==0=&gt;hiddenHttpMethodFilter as filterMapping
2018-08-06 06:28:50,207 [main] DEBUG org.eclipse.jetty.servlet.ServletHandler  - filterNameMap={hiddenHttpMethodFilter=hiddenHttpMethodFilter}
2018-08-06 06:28:50,207 [main] DEBUG org.eclipse.jetty.servlet.ServletHandler  - pathFilters=[[/*]/[]==0=&gt;hiddenHttpMethodFilter]
2018-08-06 06:28:50,207 [main] DEBUG org.eclipse.jetty.servlet.ServletHandler  - servletFilterMap={}
2018-08-06 06:28:50,207 [main] DEBUG org.eclipse.jetty.servlet.ServletHandler  - servletPathMap={*.XSP=jsp, *.JSPX=jsp, *.jspf=jsp, *.jsp=jsp, *.JSPF=jsp, *.jspx=jsp, *.xsp=jsp, /=default, *.JSP=jsp}
2018-08-06 06:28:50,207 [main] DEBUG org.eclipse.jetty.servlet.ServletHandler  - servletNameMap={jsp=jsp, default=default}
2018-08-06 06:28:50,207 [main] DEBUG org.eclipse.jetty.util.component.Container  - Container org.eclipse.jetty.servlet.ServletHandler@1538c1e3 + proxyRequestHandler as servlet
2018-08-06 06:28:50,207 [main] DEBUG org.eclipse.jetty.util.component.Container  - Container org.eclipse.jetty.servlet.ServletHandler@1538c1e3 + [/*]=&gt;proxyRequestHandler as servletMapping
2018-08-06 06:28:50,207 [main] DEBUG org.eclipse.jetty.servlet.ServletHandler  - filterNameMap={hiddenHttpMethodFilter=hiddenHttpMethodFilter}
2018-08-06 06:28:50,207 [main] DEBUG org.eclipse.jetty.servlet.ServletHandler  - pathFilters=[[/*]/[]==0=&gt;hiddenHttpMethodFilter]
2018-08-06 06:28:50,207 [main] DEBUG org.eclipse.jetty.servlet.ServletHandler  - servletFilterMap={}
2018-08-06 06:28:50,207 [main] DEBUG org.eclipse.jetty.servlet.ServletHandler  - servletPathMap={*.XSP=jsp, *.JSPX=jsp, *.jspf=jsp, *.jsp=jsp, *.JSPF=jsp, *.jspx=jsp, /*=proxyRequestHandler, *.xsp=jsp, /=default, *.JSP=jsp}
2018-08-06 06:28:50,207 [main] DEBUG org.eclipse.jetty.servlet.ServletHandler  - servletNameMap={jsp=jsp, default=default, proxyRequestHandler=proxyRequestHandler}
2018-08-06 06:28:50,207 [main] DEBUG org.eclipse.jetty.util.component.Container  - Container org.eclipse.jetty.server.session.SessionHandler@1ce89199 - org.eclipse.jetty.server.session.HashSessionManager@68aee2a2 as sessionManager
2018-08-06 06:28:50,207 [main] DEBUG org.eclipse.jetty.util.component.Container  - Container org.eclipse.jetty.servlet.ServletHandler@1538c1e3 - hiddenHttpMethodFilter as filter
2018-08-06 06:28:50,207 [main] DEBUG org.eclipse.jetty.util.component.Container  - Container org.eclipse.jetty.servlet.ServletHandler@1538c1e3 - [/*]/[]==0=&gt;hiddenHttpMethodFilter as filterMapping
2018-08-06 06:28:50,207 [main] DEBUG org.eclipse.jetty.util.component.Container  - Container org.eclipse.jetty.servlet.ServletHandler@1538c1e3 - proxyRequestHandler as servlet
2018-08-06 06:28:50,207 [main] DEBUG org.eclipse.jetty.util.component.Container  - Container org.eclipse.jetty.servlet.ServletHandler@1538c1e3 - jsp as servlet
2018-08-06 06:28:50,207 [main] DEBUG org.eclipse.jetty.util.component.Container  - Container org.eclipse.jetty.servlet.ServletHandler@1538c1e3 - default as servlet
2018-08-06 06:28:50,207 [main] DEBUG org.eclipse.jetty.util.component.Container  - Container org.eclipse.jetty.servlet.ServletHandler@1538c1e3 - [/*]=&gt;proxyRequestHandler as servletMapping
2018-08-06 06:28:50,207 [main] DEBUG org.eclipse.jetty.util.component.Container  - Container org.eclipse.jetty.servlet.ServletHandler@1538c1e3 - [*.jsp, *.jspf, *.jspx, *.xsp, *.JSP, *.JSPF, *.JSPX, *.XSP]=&gt;jsp as servletMapping
2018-08-06 06:28:50,207 [main] DEBUG org.eclipse.jetty.util.component.Container  - Container org.eclipse.jetty.servlet.ServletHandler@1538c1e3 - [/]=&gt;default as servletMapping
2018-08-06 06:28:50,207 [main] DEBUG org.eclipse.jetty.util.component.Container  - Container org.eclipse.jetty.servlet.ServletHandler@1538c1e3 + hiddenHttpMethodFilter as filter
2018-08-06 06:28:50,207 [main] DEBUG org.eclipse.jetty.util.component.Container  - Container org.eclipse.jetty.servlet.ServletHandler@1538c1e3 + [/*]/[]==0=&gt;hiddenHttpMethodFilter as filterMapping
2018-08-06 06:28:50,208 [main] DEBUG org.eclipse.jetty.util.component.Container  - Container org.eclipse.jetty.servlet.ServletHandler@1538c1e3 + default as servlet
2018-08-06 06:28:50,208 [main] DEBUG org.eclipse.jetty.util.component.Container  - Container org.eclipse.jetty.servlet.ServletHandler@1538c1e3 + jsp as servlet
2018-08-06 06:28:50,208 [main] DEBUG org.eclipse.jetty.util.component.Container  - Container org.eclipse.jetty.servlet.ServletHandler@1538c1e3 + proxyRequestHandler as servlet
2018-08-06 06:28:50,208 [main] DEBUG org.eclipse.jetty.util.component.Container  - Container org.eclipse.jetty.servlet.ServletHandler@1538c1e3 + [/]=&gt;default as servletMapping
2018-08-06 06:28:50,208 [main] DEBUG org.eclipse.jetty.util.component.Container  - Container org.eclipse.jetty.servlet.ServletHandler@1538c1e3 + [*.jsp, *.jspf, *.jspx, *.xsp, *.JSP, *.JSPF, *.JSPX, *.XSP]=&gt;jsp as servletMapping
2018-08-06 06:28:50,208 [main] DEBUG org.eclipse.jetty.util.component.Container  - Container org.eclipse.jetty.servlet.ServletHandler@1538c1e3 + [/*]=&gt;proxyRequestHandler as servletMapping
2018-08-06 06:28:50,208 [main] DEBUG org.eclipse.jetty.util.component.Container  - Container org.eclipse.jetty.security.ConstraintSecurityHandler@414128f7 + org.eclipse.jetty.servlet.ServletHandler@1538c1e3 as handler
2018-08-06 06:28:50,208 [main] DEBUG org.eclipse.jetty.util.component.Container  - Container org.eclipse.jetty.server.session.SessionHandler@1ce89199 + org.eclipse.jetty.security.ConstraintSecurityHandler@414128f7 as handler
2018-08-06 06:28:50,208 [main] DEBUG org.eclipse.jetty.util.component.Container  - Container org.eclipse.jetty.server.session.SessionHandler@1ce89199 + org.eclipse.jetty.server.session.HashSessionManager@68aee2a2 as sessionManager
2018-08-06 06:28:50,208 [main] DEBUG org.eclipse.jetty.util.component.Container  - Container o.e.j.w.WebAppContext{/s,file:/var/jenkins_home/workspace/Cumulocity-Platform-Services-BUILD/smartrest/src/test/webapp/} + org.eclipse.jetty.server.session.SessionHandler@1ce89199 as handler
2018-08-06 06:28:50,208 [main] DEBUG org.eclipse.jetty.util.component.AbstractLifeCycle  - starting org.eclipse.jetty.server.session.SessionHandler@1ce89199
2018-08-06 06:28:50,208 [main] DEBUG org.eclipse.jetty.util.component.AbstractLifeCycle  - starting org.eclipse.jetty.server.session.HashSessionManager@68aee2a2
2018-08-06 06:28:50,208 [main] DEBUG org.eclipse.jetty.util.component.AbstractLifeCycle  - STARTED org.eclipse.jetty.server.session.HashSessionManager@68aee2a2
2018-08-06 06:28:50,208 [main] DEBUG org.eclipse.jetty.util.component.AbstractLifeCycle  - starting org.eclipse.jetty.security.ConstraintSecurityHandler@414128f7
2018-08-06 06:28:50,208 [main] DEBUG org.eclipse.jetty.util.component.AbstractLifeCycle  - starting org.eclipse.jetty.servlet.ServletHandler@1538c1e3
2018-08-06 06:28:50,208 [main] DEBUG org.eclipse.jetty.servlet.ServletHandler  - filterNameMap={hiddenHttpMethodFilter=hiddenHttpMethodFilter}
2018-08-06 06:28:50,208 [main] DEBUG org.eclipse.jetty.servlet.ServletHandler  - pathFilters=[[/*]/[]==0=&gt;hiddenHttpMethodFilter]
2018-08-06 06:28:50,208 [main] DEBUG org.eclipse.jetty.servlet.ServletHandler  - servletFilterMap={}
2018-08-06 06:28:50,208 [main] DEBUG org.eclipse.jetty.servlet.ServletHandler  - servletPathMap={*.XSP=jsp, *.JSPX=jsp, *.jspf=jsp, *.jsp=jsp, *.JSPF=jsp, *.jspx=jsp, /*=proxyRequestHandler, *.xsp=jsp, /=default, *.JSP=jsp}
2018-08-06 06:28:50,208 [main] DEBUG org.eclipse.jetty.servlet.ServletHandler  - servletNameMap={jsp=jsp, default=default, proxyRequestHandler=proxyRequestHandler}
2018-08-06 06:28:50,208 [main] DEBUG org.eclipse.jetty.server.handler.AbstractHandler  - starting org.eclipse.jetty.servlet.ServletHandler@1538c1e3
2018-08-06 06:28:50,208 [main] DEBUG org.eclipse.jetty.util.component.AbstractLifeCycle  - STARTED org.eclipse.jetty.servlet.ServletHandler@1538c1e3
2018-08-06 06:28:50,208 [main] DEBUG org.eclipse.jetty.server.handler.AbstractHandler  - starting org.eclipse.jetty.security.ConstraintSecurityHandler@414128f7
2018-08-06 06:28:50,209 [main] DEBUG org.eclipse.jetty.util.component.AbstractLifeCycle  - STARTED org.eclipse.jetty.security.ConstraintSecurityHandler@414128f7
2018-08-06 06:28:50,209 [main] DEBUG org.eclipse.jetty.server.handler.AbstractHandler  - starting org.eclipse.jetty.server.session.SessionHandler@1ce89199
2018-08-06 06:28:50,209 [main] DEBUG org.eclipse.jetty.util.component.AbstractLifeCycle  - STARTED org.eclipse.jetty.server.session.SessionHandler@1ce89199
2018-08-06 06:28:50,209 [main] DEBUG org.eclipse.jetty.server.handler.AbstractHandler  - starting o.e.j.w.WebAppContext{/s,file:/var/jenkins_home/workspace/Cumulocity-Platform-Services-BUILD/smartrest/src/test/webapp/}
2018-08-06 06:28:50,209 [main] DEBUG org.eclipse.jetty.util.component.AbstractLifeCycle  - starting org.eclipse.jetty.servlet.ErrorPageErrorHandler@5e7cf14d
2018-08-06 06:28:50,209 [main] DEBUG org.eclipse.jetty.server.handler.AbstractHandler  - starting org.eclipse.jetty.servlet.ErrorPageErrorHandler@5e7cf14d
2018-08-06 06:28:50,209 [main] DEBUG org.eclipse.jetty.util.component.AbstractLifeCycle  - STARTED org.eclipse.jetty.servlet.ErrorPageErrorHandler@5e7cf14d
2018-08-06 06:28:50,209 [main] INFO  SmartREST Proxy  - Initializing Spring root WebApplicationContext
2018-08-06 06:28:50,209 [main] INFO  org.springframework.web.context.ContextLoader  - Root WebApplicationContext: initialization started
2018-08-06 06:28:50,209 [main] DEBUG org.springframework.web.context.support.StandardServletEnvironment  - Adding [servletConfigInitParams] PropertySource with lowest search precedence
2018-08-06 06:28:50,209 [main] DEBUG org.springframework.web.context.support.StandardServletEnvironment  - Adding [servletContextInitParams] PropertySource with lowest search precedence
2018-08-06 06:28:50,209 [main] DEBUG org.springframework.web.context.support.StandardServletEnvironment  - Adding [jndiProperties] PropertySource with lowest search precedence
2018-08-06 06:28:50,209 [main] DEBUG org.springframework.web.context.support.StandardServletEnvironment  - Adding [systemProperties] PropertySource with lowest search precedence
2018-08-06 06:28:50,209 [main] DEBUG org.springframework.web.context.support.StandardServletEnvironment  - Adding [systemEnvironment] PropertySource with lowest search precedence
2018-08-06 06:28:50,209 [main] DEBUG org.springframework.web.context.support.StandardServletEnvironment  - Initialized StandardServletEnvironment with PropertySources [servletConfigInitParams,servletContextInitParams,jndiProperties,systemProperties,systemEnvironment]
2018-08-06 06:28:50,209 [main] DEBUG org.springframework.web.context.support.StandardServletEnvironment  - Replacing [servletContextInitParams] PropertySource with [servletContextInitParams]
2018-08-06 06:28:50,210 [main] INFO  org.springframework.web.context.support.XmlWebApplicationContext  - Refreshing Root WebApplicationContext: startup date [Mon Aug 06 06:28:50 UTC 2018]; root of context hierarchy
2018-08-06 06:28:50,210 [main] DEBUG org.springframework.core.env.StandardEnvironment  - Adding [systemProperties] PropertySource with lowest search precedence
2018-08-06 06:28:50,210 [main] DEBUG org.springframework.core.env.StandardEnvironment  - Adding [systemEnvironment] PropertySource with lowest search precedence
2018-08-06 06:28:50,210 [main] DEBUG org.springframework.core.env.StandardEnvironment  - Initialized StandardEnvironment with PropertySources [systemProperties,systemEnvironment]
2018-08-06 06:28:50,211 [main] INFO  org.springframework.beans.factory.xml.XmlBeanDefinitionReader  - Loading XML bean definitions from URL [file:/var/jenkins_home/workspace/Cumulocity-Platform-Services-BUILD/smartrest/target/classes/META-INF/spring/smartrest-rest-context.xml]
2018-08-06 06:28:50,211 [main] DEBUG org.springframework.beans.factory.xml.DefaultDocumentLoader  - Using JAXP provider [com.sun.org.apache.xerces.internal.jaxp.DocumentBuilderFactoryImpl]
2018-08-06 06:28:50,212 [main] DEBUG org.springframework.beans.factory.xml.PluggableSchemaResolver  - Loading schema mappings from [META-INF/spring.schemas]
2018-08-06 06:28:50,214 [main] DEBUG org.springframework.beans.factory.xml.PluggableSchemaResolver  - Loaded schema mappings: {http://www.springframework.org/schema/context/spring-context-3.1.xsd=org/springframework/context/config/spring-context-3.1.xsd, http://www.springframework.org/schema/util/spring-util-3.0.xsd=org/springframework/beans/factory/xml/spring-util-3.0.xsd, http://cxf.apache.org/schemas/configuration/http-conf.xsd=schemas/configuration/http-conf.xsd, http://cxf.apache.org/configuration/parameterized-types=schemas/configuration/parameterized-types.xsd, http://www.springframework.org/schema/security/spring-security-3.0.3.xsd=org/springframework/security/config/spring-security-3.0.3.xsd, http://www.springframework.org/schema/tool/spring-tool.xsd=org/springframework/beans/factory/xml/spring-tool-3.2.xsd, http://www.springframework.org/schema/aop/spring-aop-3.2.xsd=org/springframework/aop/config/spring-aop-3.2.xsd, http://www.springframework.org/schema/security/spring-security-2.0.1.xsd=org/springframework/security/config/spring-security-2.0.1.xsd, http://cxf.apache.org/schemas/jaxrs.xsd=schemas/jaxrs.xsd, http://www.springframework.org/schema/lang/spring-lang-3.2.xsd=org/springframework/scripting/config/spring-lang-3.2.xsd, http://www.springframework.org/schema/osgi-compendium/spring-osgi-compendium-1.2.xsd=org/springframework/osgi/compendium/config/spring-osgi-compendium-1.2.xsd, http://www.springframework.org/schema/cache/spring-cache-3.2.xsd=org/springframework/cache/config/spring-cache-3.2.xsd, http://www.springframework.org/schema/util/spring-util-2.0.xsd=org/springframework/beans/factory/xml/spring-util-2.0.xsd, http://www.springframework.org/schema/osgi/spring-osgi-1.2.xsd=org/springframework/osgi/config/spring-osgi-1.2.xsd, http://www.springframework.org/schema/tool/spring-tool-3.2.xsd=org/springframework/beans/factory/xml/spring-tool-3.2.xsd, http://www.springframework.org/schema/context/spring-context.xsd=org/springframework/context/config/spring-context-3.2.xsd, http://schemas.xmlsoap.org/ws/2004/08/addressing=schemas/wsdl/addressing.xsd, http://www.springframework.org/schema/security/spring-security-2.0.xsd=org/springframework/security/config/spring-security-2.0.xsd, http://www.springframework.org/schema/jee/spring-jee-3.2.xsd=org/springframework/ejb/config/spring-jee-3.2.xsd, http://www.springframework.org/schema/context/spring-context-3.0.xsd=org/springframework/context/config/spring-context-3.0.xsd, http://www.springframework.org/schema/util/spring-util-2.5.xsd=org/springframework/beans/factory/xml/spring-util-2.5.xsd, http://www.springframework.org/schema/beans/spring-beans-3.2.xsd=org/springframework/beans/factory/xml/spring-beans-3.2.xsd, http://www.springframework.org/schema/aop/spring-aop-3.1.xsd=org/springframework/aop/config/spring-aop-3.1.xsd, http://schemas.xmlsoap.org/wsdl/=schemas/wsdl/wsdl.xsd, http://www.springframework.org/schema/lang/spring-lang-3.1.xsd=org/springframework/scripting/config/spring-lang-3.1.xsd, http://www.springframework.org/schema/osgi-compendium/spring-osgi-compendium-1.1.xsd=org/springframework/osgi/compendium/config/spring-osgi-compendium-1.1.xsd, http://www.springframework.org/schema/cache/spring-cache-3.1.xsd=org/springframework/cache/config/spring-cache-3.1.xsd, http://www.springframework.org/schema/osgi/spring-osgi-1.1.xsd=org/springframework/osgi/config/spring-osgi-1.1.xsd, http://cxf.apache.org/schemas/configuration/http-jetty.xsd=schemas/configuration/http-jetty.xsd, http://www.springframework.org/schema/tool/spring-tool-3.1.xsd=org/springframework/beans/factory/xml/spring-tool-3.1.xsd, http://schemas.xmlsoap.org/wsdl/http/=schemas/wsdl/http.xsd, http://www.springframework.org/schema/jee/spring-jee-3.1.xsd=org/springframework/ejb/config/spring-jee-3.1.xsd, http://cxf.apache.org/schemas/configuration/parameterized-types.xsd=schemas/configuration/parameterized-types.xsd, http://www.springframework.org/schema/task/spring-task-3.2.xsd=org/springframework/scheduling/config/spring-task-3.2.xsd, http://www.springframework.org/schema/beans/spring-beans-3.1.xsd=org/springframework/beans/factory/xml/spring-beans-3.1.xsd, http://www.springframework.org/schema/util/spring-util.xsd=org/springframework/beans/factory/xml/spring-util-3.2.xsd, http://www.springframework.org/schema/aop/spring-aop-3.0.xsd=org/springframework/aop/config/spring-aop-3.0.xsd, http://www.springframework.org/schema/beans/spring-beans.xsd=org/springframework/beans/factory/xml/spring-beans-3.2.xsd, http://www.springframework.org/schema/security/spring-security-2.0.4.xsd=org/springframework/security/config/spring-security-2.0.4.xsd, http://www.springframework.org/schema/lang/spring-lang-3.0.xsd=org/springframework/scripting/config/spring-lang-3.0.xsd, http://schemas.xmlsoap.org/wsdl/2003-02-11.xsd=schemas/wsdl/wsdl.xsd, http://www.springframework.org/schema/osgi-compendium/spring-osgi-compendium-1.0.xsd=org/springframework/osgi/compendium/config/spring-osgi-compendium-1.0.xsd, http://www.springframework.org/schema/context/spring-context-2.5.xsd=org/springframework/context/config/spring-context-2.5.xsd, http://www.springframework.org/schema/tool/spring-tool-3.0.xsd=org/springframework/beans/factory/xml/spring-tool-3.0.xsd, http://www.springframework.org/schema/osgi/spring-osgi-1.0.xsd=org/springframework/osgi/config/spring-osgi-1.0.xsd, http://www.springframework.org/schema/osgi/spring-osgi.xsd=org/springframework/osgi/config/spring-osgi-1.2.xsd, http://www.springframework.org/schema/aop/spring-aop-2.0.xsd=org/springframework/aop/config/spring-aop-2.0.xsd, http://www.springframework.org/schema/security/spring-security-3.2.xsd=org/springframework/security/config/spring-security-3.2.xsd, http://www.springframework.org/schema/jee/spring-jee-3.0.xsd=org/springframework/ejb/config/spring-jee-3.0.xsd, http://www.springframework.org/schema/task/spring-task-3.1.xsd=org/springframework/scheduling/config/spring-task-3.1.xsd, http://www.springframework.org/schema/beans/spring-beans-3.0.xsd=org/springframework/beans/factory/xml/spring-beans-3.0.xsd, http://cxf.apache.org/schemas/wsdl/http-conf.xsd=schemas/wsdl/http-conf.xsd, http://www.springframework.org/schema/jee/spring-jee.xsd=org/springframework/ejb/config/spring-jee-3.2.xsd, http://www.springframework.org/schema/aop/spring-aop-2.5.xsd=org/springframework/aop/config/spring-aop-2.5.xsd, http://www.springframework.org/schema/lang/spring-lang-2.0.xsd=org/springframework/scripting/config/spring-lang-2.0.xsd, http://www.springframework.org/schema/util/spring-util-3.2.xsd=org/springframework/beans/factory/xml/spring-util-3.2.xsd, http://www.springframework.org/schema/task/spring-task.xsd=org/springframework/scheduling/config/spring-task-3.2.xsd, http://www.springframework.org/schema/tool/spring-tool-2.0.xsd=org/springframework/beans/factory/xml/spring-tool-2.0.xsd, http://www.springframework.org/schema/lang/spring-lang-2.5.xsd=org/springframework/scripting/config/spring-lang-2.5.xsd, http://www.springframework.org/schema/jee/spring-jee-2.0.xsd=org/springframework/ejb/config/spring-jee-2.0.xsd, http://www.springframework.org/schema/tool/spring-tool-2.5.xsd=org/springframework/beans/factory/xml/spring-tool-2.5.xsd, http://www.springframework.org/schema/jee/spring-jee-2.5.xsd=org/springframework/ejb/config/spring-jee-2.5.xsd, http://www.springframework.org/schema/security/spring-security-3.1.xsd=org/springframework/security/config/spring-security-3.1.xsd, http://cxf.apache.org/schemas/configuration/cxf-beans.xsd=schemas/configuration/cxf-beans.xsd, http://www.springframework.org/schema/task/spring-task-3.0.xsd=org/springframework/scheduling/config/spring-task-3.0.xsd, http://cxf.apache.org/schemas/core.xsd=schemas/core.xsd, http://www.springframework.org/schema/lang/spring-lang.xsd=org/springframework/scripting/config/spring-lang-3.2.xsd, http://www.springframework.org/schema/context/spring-context-3.2.xsd=org/springframework/context/config/spring-context-3.2.xsd, http://www.springframework.org/schema/util/spring-util-3.1.xsd=org/springframework/beans/factory/xml/spring-util-3.1.xsd, http://www.springframework.org/schema/beans/spring-beans-2.0.xsd=org/springframework/beans/factory/xml/spring-beans-2.0.xsd, http://cxf.apache.org/schemas/configuration/security.xsd=schemas/configuration/security.xsd, http://www.springframework.org/schema/cache/spring-cache.xsd=org/springframework/cache/config/spring-cache-3.2.xsd, http://www.springframework.org/schema/security/spring-security-2.0.2.xsd=org/springframework/security/config/spring-security-2.0.2.xsd, http://www.springframework.org/schema/beans/spring-beans-2.5.xsd=org/springframework/beans/factory/xml/spring-beans-2.5.xsd, http://www.springframework.org/schema/security/spring-security.xsd=org/springframework/security/config/spring-security-3.2.xsd, http://www.springframework.org/schema/security/spring-security-3.0.xsd=org/springframework/security/config/spring-security-3.0.xsd, http://www.springframework.org/schema/aop/spring-aop.xsd=org/springframework/aop/config/spring-aop-3.2.xsd, http://www.springframework.org/schema/osgi-compendium/spring-osgi-compendium.xsd=org/springframework/osgi/compendium/config/spring-osgi-compendium-1.2.xsd}
2018-08-06 06:28:50,214 [main] DEBUG org.springframework.beans.factory.xml.PluggableSchemaResolver  - Found XML schema [http://www.springframework.org/schema/beans/spring-beans.xsd] in classpath: org/springframework/beans/factory/xml/spring-beans-3.2.xsd
2018-08-06 06:28:50,221 [main] DEBUG org.springframework.beans.factory.xml.PluggableSchemaResolver  - Found XML schema [http://www.springframework.org/schema/context/spring-context.xsd] in classpath: org/springframework/context/config/spring-context-3.2.xsd
2018-08-06 06:28:50,223 [main] DEBUG org.springframework.beans.factory.xml.PluggableSchemaResolver  - Found XML schema [http://www.springframework.org/schema/tool/spring-tool-3.2.xsd] in classpath: org/springframework/beans/factory/xml/spring-tool-3.2.xsd
2018-08-06 06:28:50,226 [main] DEBUG org.springframework.beans.factory.xml.DefaultBeanDefinitionDocumentReader  - Loading bean definitions
2018-08-06 06:28:50,226 [main] INFO  org.springframework.beans.factory.xml.XmlBeanDefinitionReader  - Loading XML bean definitions from class path resource [META-INF/cumulocity/configuration/cumulocity-configuration.xml]
2018-08-06 06:28:50,227 [main] DEBUG org.springframework.beans.factory.xml.DefaultDocumentLoader  - Using JAXP provider [com.sun.org.apache.xerces.internal.jaxp.DocumentBuilderFactoryImpl]
2018-08-06 06:28:50,228 [main] DEBUG org.springframework.beans.factory.xml.PluggableSchemaResolver  - Found XML schema [http://www.springframework.org/schema/beans/spring-beans.xsd] in classpath: org/springframework/beans/factory/xml/spring-beans-3.2.xsd
2018-08-06 06:28:50,235 [main] DEBUG org.springframework.beans.factory.xml.PluggableSchemaResolver  - Found XML schema [http://www.springframework.org/schema/util/spring-util.xsd] in classpath: org/springframework/beans/factory/xml/spring-util-3.2.xsd
2018-08-06 06:28:50,236 [main] DEBUG org.springframework.beans.factory.xml.PluggableSchemaResolver  - Found XML schema [http://www.springframework.org/schema/tool/spring-tool-3.2.xsd] in classpath: org/springframework/beans/factory/xml/spring-tool-3.2.xsd
2018-08-06 06:28:50,238 [main] DEBUG org.springframework.beans.factory.xml.DefaultBeanDefinitionDocumentReader  - Loading bean definitions
2018-08-06 06:28:50,238 [main] DEBUG org.springframework.beans.factory.xml.BeanDefinitionParserDelegate  - Neither XML &apos;id&apos; nor &apos;name&apos; specified - using generated bean name [com.cumulocity.common.config.PlatformEnvironment#0]
2018-08-06 06:28:50,239 [main] DEBUG org.springframework.beans.factory.xml.DefaultNamespaceHandlerResolver  - Loaded NamespaceHandler mappings: {http://www.springframework.org/schema/p=org.springframework.beans.factory.xml.SimplePropertyNamespaceHandler, http://cxf.apache.org/transports/http-jetty/configuration=org.apache.cxf.transport.http_jetty.spring.NamespaceHandler, http://www.springframework.org/schema/util=org.springframework.beans.factory.xml.UtilNamespaceHandler, http://www.springframework.org/schema/jee=org.springframework.ejb.config.JeeNamespaceHandler, http://www.springframework.org/schema/osgi=org.springframework.osgi.config.OsgiNamespaceHandler, http://www.springframework.org/schema/aop=org.springframework.aop.config.AopNamespaceHandler, http://cxf.apache.org/transports/http/configuration=org.apache.cxf.transport.http.spring.NamespaceHandler, http://www.springframework.org/schema/cache=org.springframework.cache.config.CacheNamespaceHandler, http://www.springframework.org/schema/c=org.springframework.beans.factory.xml.SimpleConstructorNamespaceHandler, http://www.springframework.org/schema/security=org.springframework.security.config.SecurityNamespaceHandler, http://cxf.apache.org/jaxrs=org.apache.cxf.jaxrs.spring.NamespaceHandler, http://cxf.apache.org/core=org.apache.cxf.bus.spring.NamespaceHandler, http://www.springframework.org/schema/task=org.springframework.scheduling.config.TaskNamespaceHandler, http://www.springframework.org/schema/lang=org.springframework.scripting.config.LangNamespaceHandler, http://www.springframework.org/schema/osgi-compendium=org.springframework.osgi.compendium.config.CompendiumNamespaceHandler, http://www.springframework.org/schema/context=org.springframework.context.config.ContextNamespaceHandler}
2018-08-06 06:28:50,240 [main] DEBUG org.springframework.beans.factory.xml.BeanDefinitionParserDelegate  - Neither XML &apos;id&apos; nor &apos;name&apos; specified - using generated bean name [org.springframework.context.support.PropertySourcesPlaceholderConfigurer#0]
2018-08-06 06:28:50,240 [main] DEBUG org.springframework.beans.factory.xml.XmlBeanDefinitionReader  - Loaded 3 bean definitions from location pattern [classpath:META-INF/cumulocity/configuration/cumulocity-configuration.xml]
2018-08-06 06:28:50,240 [main] DEBUG org.springframework.beans.factory.xml.DefaultBeanDefinitionDocumentReader  - Imported 3 bean definitions from URL location [classpath:META-INF/cumulocity/configuration/cumulocity-configuration.xml]
2018-08-06 06:28:50,241 [main] DEBUG org.springframework.beans.factory.xml.XmlBeanDefinitionReader  - Loaded 13 bean definitions from location pattern [classpath*:META-INF/spring/smartrest-rest-context.xml]
2018-08-06 06:28:50,241 [main] DEBUG org.springframework.web.context.support.XmlWebApplicationContext  - Bean factory for Root WebApplicationContext: org.springframework.beans.factory.support.DefaultListableBeanFactory@10d786d2: defining beans [com.cumulocity.common.config.PlatformEnvironment#0,org.springframework.context.support.PropertySourcesPlaceholderConfigurer#0,configLocations,org.springframework.context.annotation.internalConfigurationAnnotationProcessor,org.springframework.context.annotation.internalAutowiredAnnotationProcessor,org.springframework.context.annotation.internalRequiredAnnotationProcessor,org.springframework.context.annotation.internalCommonAnnotationProcessor,proxyRequestHandler,requestHandler,templateProvider,requestDispatcher,restDispatcherHttpClient,concurrentExecutor]; root of factory hierarchy
2018-08-06 06:28:50,242 [main] DEBUG org.springframework.beans.factory.support.DefaultListableBeanFactory  - Creating shared instance of singleton bean &apos;com.cumulocity.common.config.PlatformEnvironment#0&apos;
2018-08-06 06:28:50,242 [main] DEBUG org.springframework.beans.factory.support.DefaultListableBeanFactory  - Creating instance of bean &apos;com.cumulocity.common.config.PlatformEnvironment#0&apos;
2018-08-06 06:28:50,242 [main] DEBUG org.springframework.beans.factory.support.DefaultListableBeanFactory  - Creating shared instance of singleton bean &apos;configLocations&apos;
2018-08-06 06:28:50,242 [main] DEBUG org.springframework.beans.factory.support.DefaultListableBeanFactory  - Creating instance of bean &apos;configLocations&apos;
2018-08-06 06:28:50,242 [main] DEBUG org.springframework.beans.factory.support.DefaultListableBeanFactory  - Eagerly caching bean &apos;configLocations&apos; to allow for resolving potential circular references
2018-08-06 06:28:50,242 [main] DEBUG org.springframework.beans.factory.support.DefaultListableBeanFactory  - Invoking afterPropertiesSet() on bean with name &apos;configLocations&apos;
2018-08-06 06:28:50,242 [main] DEBUG org.springframework.beans.factory.support.DefaultListableBeanFactory  - Finished creating instance of bean &apos;configLocations&apos;
2018-08-06 06:28:50,243 [main] DEBUG org.springframework.beans.factory.support.DefaultListableBeanFactory  - Eagerly caching bean &apos;com.cumulocity.common.config.PlatformEnvironment#0&apos; to allow for resolving potential circular references
2018-08-06 06:28:50,243 [main] DEBUG com.cumulocity.common.config.PlatformEnvironment  - Root WebApplicationContext: startup date [Mon Aug 06 06:28:50 UTC 2018]; root of context hierarchy
2018-08-06 06:28:50,244 [main] DEBUG com.cumulocity.common.config.PlatformEnvironment  - registering class path resource [META-INF/spring/cumulocity-core.properties]
2018-08-06 06:28:50,244 [main] DEBUG org.springframework.web.context.support.StandardServletEnvironment  - Adding [class path resource [META-INF/spring/cumulocity-core.properties]] PropertySource with lowest search precedence
2018-08-06 06:28:50,244 [main] DEBUG org.springframework.core.env.PropertySourcesPropertyResolver  - Searching for key &apos;user.home&apos; in [servletConfigInitParams]
2018-08-06 06:28:50,244 [main] DEBUG org.springframework.core.env.PropertySourcesPropertyResolver  - Searching for key &apos;user.home&apos; in [servletContextInitParams]
2018-08-06 06:28:50,244 [main] DEBUG org.springframework.core.env.PropertySourcesPropertyResolver  - Searching for key &apos;user.home&apos; in [jndiProperties]
2018-08-06 06:28:50,244 [main] DEBUG org.springframework.jndi.JndiTemplate  - Looking up JNDI object with name [java:comp/env/user.home]
2018-08-06 06:28:50,244 [main] DEBUG org.springframework.jndi.JndiLocatorDelegate  - Converted JNDI name [java:comp/env/user.home] not found - trying original name [user.home]. javax.naming.NoInitialContextException: Need to specify class name in environment or system property, or as an applet parameter, or in an application resource file:  java.naming.factory.initial
2018-08-06 06:28:50,244 [main] DEBUG org.springframework.jndi.JndiTemplate  - Looking up JNDI object with name [user.home]
2018-08-06 06:28:50,244 [main] DEBUG org.springframework.jndi.JndiPropertySource  - JNDI lookup for name [user.home] threw NamingException with message: Need to specify class name in environment or system property, or as an applet parameter, or in an application resource file:  java.naming.factory.initial. Returning null.
2018-08-06 06:28:50,244 [main] DEBUG org.springframework.core.env.PropertySourcesPropertyResolver  - Searching for key &apos;user.home&apos; in [systemProperties]
2018-08-06 06:28:50,244 [main] DEBUG org.springframework.core.env.PropertySourcesPropertyResolver  - Found key &apos;user.home&apos; in [systemProperties] with type [String] and value &apos;/root&apos;
2018-08-06 06:28:50,244 [main] DEBUG com.cumulocity.common.config.PlatformEnvironment$RefreshableResourcePropertySource  - failed to load config URL [file:/root/.cumulocity/cumulocity-core.properties] - /root/.cumulocity/cumulocity-core.properties (No such file or directory)
2018-08-06 06:28:50,244 [main] DEBUG com.cumulocity.common.config.PlatformEnvironment  - registering URL [file:/root/.cumulocity/cumulocity-core.properties]
2018-08-06 06:28:50,244 [main] DEBUG org.springframework.web.context.support.StandardServletEnvironment  - Adding [URL [file:/root/.cumulocity/cumulocity-core.properties]] PropertySource with lowest search precedence
2018-08-06 06:28:50,245 [main] DEBUG org.springframework.core.env.PropertySourcesPropertyResolver  - Searching for key &apos;CUMULOCITY_CONFIG_DIR:/etc/cumulocity&apos; in [servletConfigInitParams]
2018-08-06 06:28:50,245 [main] DEBUG org.springframework.core.env.PropertySourcesPropertyResolver  - Searching for key &apos;CUMULOCITY_CONFIG_DIR:/etc/cumulocity&apos; in [servletContextInitParams]
2018-08-06 06:28:50,245 [main] DEBUG org.springframework.core.env.PropertySourcesPropertyResolver  - Searching for key &apos;CUMULOCITY_CONFIG_DIR:/etc/cumulocity&apos; in [jndiProperties]
2018-08-06 06:28:50,245 [main] DEBUG org.springframework.jndi.JndiTemplate  - Looking up JNDI object with name [CUMULOCITY_CONFIG_DIR:/etc/cumulocity]
2018-08-06 06:28:50,245 [main] DEBUG org.springframework.jndi.JndiPropertySource  - JNDI lookup for name [CUMULOCITY_CONFIG_DIR:/etc/cumulocity] threw NamingException with message: Need to specify class name in environment or system property, or as an applet parameter, or in an application resource file:  java.naming.factory.initial. Returning null.
2018-08-06 06:28:50,245 [main] DEBUG org.springframework.core.env.PropertySourcesPropertyResolver  - Searching for key &apos;CUMULOCITY_CONFIG_DIR:/etc/cumulocity&apos; in [systemProperties]
2018-08-06 06:28:50,245 [main] DEBUG org.springframework.core.env.PropertySourcesPropertyResolver  - Searching for key &apos;CUMULOCITY_CONFIG_DIR:/etc/cumulocity&apos; in [systemEnvironment]
2018-08-06 06:28:50,245 [main] DEBUG org.springframework.core.env.PropertySourcesPropertyResolver  - Searching for key &apos;CUMULOCITY_CONFIG_DIR:/etc/cumulocity&apos; in [class path resource [META-INF/spring/cumulocity-core.properties]]
2018-08-06 06:28:50,245 [main] DEBUG org.springframework.core.env.PropertySourcesPropertyResolver  - Searching for key &apos;CUMULOCITY_CONFIG_DIR:/etc/cumulocity&apos; in [URL [file:/root/.cumulocity/cumulocity-core.properties]]
2018-08-06 06:28:50,245 [main] DEBUG com.cumulocity.common.config.PlatformEnvironment$RefreshableResourcePropertySource  - failed to load config URL [file:/root/.cumulocity/cumulocity-core.properties] - /root/.cumulocity/cumulocity-core.properties (No such file or directory)
2018-08-06 06:28:50,245 [main] DEBUG org.springframework.core.env.PropertySourcesPropertyResolver  - Could not find key &apos;CUMULOCITY_CONFIG_DIR:/etc/cumulocity&apos; in any property source. Returning [null]
2018-08-06 06:28:50,245 [main] DEBUG org.springframework.core.env.PropertySourcesPropertyResolver  - Searching for key &apos;CUMULOCITY_CONFIG_DIR&apos; in [servletConfigInitParams]
2018-08-06 06:28:50,245 [main] DEBUG org.springframework.core.env.PropertySourcesPropertyResolver  - Searching for key &apos;CUMULOCITY_CONFIG_DIR&apos; in [servletContextInitParams]
2018-08-06 06:28:50,245 [main] DEBUG org.springframework.core.env.PropertySourcesPropertyResolver  - Searching for key &apos;CUMULOCITY_CONFIG_DIR&apos; in [jndiProperties]
2018-08-06 06:28:50,245 [main] DEBUG org.springframework.jndi.JndiTemplate  - Looking up JNDI object with name [java:comp/env/CUMULOCITY_CONFIG_DIR]
2018-08-06 06:28:50,245 [main] DEBUG org.springframework.jndi.JndiLocatorDelegate  - Converted JNDI name [java:comp/env/CUMULOCITY_CONFIG_DIR] not found - trying original name [CUMULOCITY_CONFIG_DIR]. javax.naming.NoInitialContextException: Need to specify class name in environment or system property, or as an applet parameter, or in an application resource file:  java.naming.factory.initial
2018-08-06 06:28:50,245 [main] DEBUG org.springframework.jndi.JndiTemplate  - Looking up JNDI object with name [CUMULOCITY_CONFIG_DIR]
2018-08-06 06:28:50,245 [main] DEBUG org.springframework.jndi.JndiPropertySource  - JNDI lookup for name [CUMULOCITY_CONFIG_DIR] threw NamingException with message: Need to specify class name in environment or system property, or as an applet parameter, or in an application resource file:  java.naming.factory.initial. Returning null.
2018-08-06 06:28:50,245 [main] DEBUG org.springframework.core.env.PropertySourcesPropertyResolver  - Searching for key &apos;CUMULOCITY_CONFIG_DIR&apos; in [systemProperties]
2018-08-06 06:28:50,245 [main] DEBUG org.springframework.core.env.PropertySourcesPropertyResolver  - Searching for key &apos;CUMULOCITY_CONFIG_DIR&apos; in [systemEnvironment]
2018-08-06 06:28:50,245 [main] DEBUG org.springframework.core.env.PropertySourcesPropertyResolver  - Searching for key &apos;CUMULOCITY_CONFIG_DIR&apos; in [class path resource [META-INF/spring/cumulocity-core.properties]]
2018-08-06 06:28:50,246 [main] DEBUG org.springframework.core.env.PropertySourcesPropertyResolver  - Searching for key &apos;CUMULOCITY_CONFIG_DIR&apos; in [URL [file:/root/.cumulocity/cumulocity-core.properties]]
2018-08-06 06:28:50,246 [main] DEBUG org.springframework.core.env.PropertySourcesPropertyResolver  - Could not find key &apos;CUMULOCITY_CONFIG_DIR&apos; in any property source. Returning [null]
2018-08-06 06:28:50,246 [main] DEBUG com.cumulocity.common.config.PlatformEnvironment$RefreshableResourcePropertySource  - failed to load config URL [file:/etc/cumulocity/cumulocity-core.properties] - /etc/cumulocity/cumulocity-core.properties (No such file or directory)
2018-08-06 06:28:50,246 [main] DEBUG com.cumulocity.common.config.PlatformEnvironment  - registering URL [file:/etc/cumulocity/cumulocity-core.properties]
2018-08-06 06:28:50,246 [main] DEBUG org.springframework.web.context.support.StandardServletEnvironment  - Adding [URL [file:/etc/cumulocity/cumulocity-core.properties]] PropertySource with lowest search precedence
2018-08-06 06:28:50,246 [main] DEBUG org.springframework.core.env.PropertySourcesPropertyResolver  - Searching for key &apos;CUMULOCITY_CONFIG_DIR:/etc/cumulocity&apos; in [servletConfigInitParams]
2018-08-06 06:28:50,246 [main] DEBUG org.springframework.core.env.Property
...[truncated 466846 chars]...
 06:29:15,290 [ConnectorPool-105 Selector7] DEBUG org.eclipse.jetty.util.thread.QueuedThreadPool  - Dispatched Idle-org.eclipse.jetty.io.nio.SelectorManager$SelectSet$1@625f61fd to stopped ConnectorPool{1&lt;=0&lt;=10/10,100}
2018-08-06 06:29:15,334 [ConnectorPool-98 Selector0] DEBUG org.eclipse.jetty.util.thread.QueuedThreadPool  - Dispatched Idle-org.eclipse.jetty.io.nio.SelectorManager$SelectSet$1@641a5b7f to stopped ConnectorPool{1&lt;=0&lt;=10/10,100}
2018-08-06 06:29:15,690 [ConnectorPool-106 Selector8] DEBUG org.eclipse.jetty.util.thread.QueuedThreadPool  - Dispatched Idle-org.eclipse.jetty.io.nio.SelectorManager$SelectSet$1@7e6d2230 to stopped ConnectorPool{1&lt;=0&lt;=10/10,100}
2018-08-06 06:29:15,690 [ConnectorPool-100 Selector2] DEBUG org.eclipse.jetty.util.thread.QueuedThreadPool  - Dispatched Idle-org.eclipse.jetty.io.nio.SelectorManager$SelectSet$1@4d517f14 to stopped ConnectorPool{1&lt;=0&lt;=10/10,100}
2018-08-06 06:29:15,690 [ConnectorPool-101 Selector3] DEBUG org.eclipse.jetty.util.thread.QueuedThreadPool  - Dispatched Idle-org.eclipse.jetty.io.nio.SelectorManager$SelectSet$1@633d4c22 to stopped ConnectorPool{1&lt;=0&lt;=10/10,100}
2018-08-06 06:29:15,690 [ConnectorPool-99 Selector1] DEBUG org.eclipse.jetty.util.thread.QueuedThreadPool  - Dispatched Idle-org.eclipse.jetty.io.nio.SelectorManager$SelectSet$1@633d4c22 to stopped ConnectorPool{1&lt;=0&lt;=10/10,100}
2018-08-06 06:29:15,690 [ConnectorPool-103 Selector5] DEBUG org.eclipse.jetty.util.thread.QueuedThreadPool  - Dispatched Idle-org.eclipse.jetty.io.nio.SelectorManager$SelectSet$1@2edfbe28 to stopped ConnectorPool{1&lt;=0&lt;=10/10,100}
2018-08-06 06:29:16,091 [ConnectorPool-106 Selector8] DEBUG org.eclipse.jetty.util.thread.QueuedThreadPool  - Dispatched Idle-org.eclipse.jetty.io.nio.SelectorManager$SelectSet$1@216e21b4 to stopped ConnectorPool{1&lt;=0&lt;=10/10,100}
2018-08-06 06:29:16,091 [ConnectorPool-102 Selector4] DEBUG org.eclipse.jetty.util.thread.QueuedThreadPool  - Dispatched Idle-org.eclipse.jetty.io.nio.SelectorManager$SelectSet$1@513f27b6 to stopped ConnectorPool{1&lt;=0&lt;=10/10,100}
2018-08-06 06:29:16,091 [ConnectorPool-101 Selector3] DEBUG org.eclipse.jetty.util.thread.QueuedThreadPool  - Dispatched Idle-org.eclipse.jetty.io.nio.SelectorManager$SelectSet$1@5d2e3a2f to stopped ConnectorPool{1&lt;=0&lt;=10/10,100}
2018-08-06 06:29:16,091 [ConnectorPool-100 Selector2] DEBUG org.eclipse.jetty.util.thread.QueuedThreadPool  - Dispatched Idle-org.eclipse.jetty.io.nio.SelectorManager$SelectSet$1@4566c191 to stopped ConnectorPool{1&lt;=0&lt;=10/10,100}
2018-08-06 06:29:16,091 [ConnectorPool-104 Selector6] DEBUG org.eclipse.jetty.util.thread.QueuedThreadPool  - Dispatched Idle-org.eclipse.jetty.io.nio.SelectorManager$SelectSet$1@5ee1374 to stopped ConnectorPool{1&lt;=0&lt;=10/10,100}
2018-08-06 06:29:16,091 [ConnectorPool-105 Selector7] DEBUG org.eclipse.jetty.util.thread.QueuedThreadPool  - Dispatched Idle-org.eclipse.jetty.io.nio.SelectorManager$SelectSet$1@68477e4c to stopped ConnectorPool{1&lt;=0&lt;=10/10,100}
2018-08-06 06:29:16,091 [ConnectorPool-103 Selector5] DEBUG org.eclipse.jetty.util.thread.QueuedThreadPool  - Dispatched Idle-org.eclipse.jetty.io.nio.SelectorManager$SelectSet$1@9484766 to stopped ConnectorPool{1&lt;=0&lt;=10/10,100}
2018-08-06 06:29:16,135 [ConnectorPool-98 Selector0] DEBUG org.eclipse.jetty.util.thread.QueuedThreadPool  - Dispatched Idle-org.eclipse.jetty.io.nio.SelectorManager$SelectSet$1@2db4e510 to stopped ConnectorPool{1&lt;=0&lt;=10/10,100}
2018-08-06 06:29:16,491 [ConnectorPool-99 Selector1] DEBUG org.eclipse.jetty.util.thread.QueuedThreadPool  - Dispatched Idle-org.eclipse.jetty.io.nio.SelectorManager$SelectSet$1@3f2a94e1 to stopped ConnectorPool{1&lt;=0&lt;=10/10,100}
2018-08-06 06:29:16,492 [ConnectorPool-105 Selector7] DEBUG org.eclipse.jetty.util.thread.QueuedThreadPool  - Dispatched Idle-org.eclipse.jetty.io.nio.SelectorManager$SelectSet$1@494602d to stopped ConnectorPool{1&lt;=0&lt;=10/10,100}
2018-08-06 06:29:16,492 [ConnectorPool-103 Selector5] DEBUG org.eclipse.jetty.util.thread.QueuedThreadPool  - Dispatched Idle-org.eclipse.jetty.io.nio.SelectorManager$SelectSet$1@29362cb4 to stopped ConnectorPool{1&lt;=0&lt;=10/10,100}
2018-08-06 06:29:16,892 [ConnectorPool-102 Selector4] DEBUG org.eclipse.jetty.util.thread.QueuedThreadPool  - Dispatched Idle-org.eclipse.jetty.io.nio.SelectorManager$SelectSet$1@23b0f28f to stopped ConnectorPool{1&lt;=0&lt;=10/10,100}
2018-08-06 06:29:16,892 [ConnectorPool-99 Selector1] DEBUG org.eclipse.jetty.util.thread.QueuedThreadPool  - Dispatched Idle-org.eclipse.jetty.io.nio.SelectorManager$SelectSet$1@36049c97 to stopped ConnectorPool{1&lt;=0&lt;=10/10,100}
2018-08-06 06:29:16,892 [ConnectorPool-106 Selector8] DEBUG org.eclipse.jetty.util.thread.QueuedThreadPool  - Dispatched Idle-org.eclipse.jetty.io.nio.SelectorManager$SelectSet$1@68c49935 to stopped ConnectorPool{1&lt;=0&lt;=10/10,100}
2018-08-06 06:29:16,892 [ConnectorPool-100 Selector2] DEBUG org.eclipse.jetty.util.thread.QueuedThreadPool  - Dispatched Idle-org.eclipse.jetty.io.nio.SelectorManager$SelectSet$1@43269c4f to stopped ConnectorPool{1&lt;=0&lt;=10/10,100}
2018-08-06 06:29:16,892 [ConnectorPool-101 Selector3] DEBUG org.eclipse.jetty.util.thread.QueuedThreadPool  - Dispatched Idle-org.eclipse.jetty.io.nio.SelectorManager$SelectSet$1@1be028fa to stopped ConnectorPool{1&lt;=0&lt;=10/10,100}
2018-08-06 06:29:16,892 [ConnectorPool-104 Selector6] DEBUG org.eclipse.jetty.util.thread.QueuedThreadPool  - Dispatched Idle-org.eclipse.jetty.io.nio.SelectorManager$SelectSet$1@19a24362 to stopped ConnectorPool{1&lt;=0&lt;=10/10,100}
2018-08-06 06:29:16,936 [ConnectorPool-98 Selector0] DEBUG org.eclipse.jetty.util.thread.QueuedThreadPool  - Dispatched Idle-org.eclipse.jetty.io.nio.SelectorManager$SelectSet$1@6bf5e413 to stopped ConnectorPool{1&lt;=0&lt;=10/10,100}
2018-08-06 06:29:17,292 [ConnectorPool-102 Selector4] DEBUG org.eclipse.jetty.util.thread.QueuedThreadPool  - Dispatched Idle-org.eclipse.jetty.io.nio.SelectorManager$SelectSet$1@5c50d2c4 to stopped ConnectorPool{1&lt;=0&lt;=10/10,100}
2018-08-06 06:29:17,292 [ConnectorPool-105 Selector7] DEBUG org.eclipse.jetty.util.thread.QueuedThreadPool  - Dispatched Idle-org.eclipse.jetty.io.nio.SelectorManager$SelectSet$1@3e3d7135 to stopped ConnectorPool{1&lt;=0&lt;=10/10,100}
2018-08-06 06:29:17,293 [ConnectorPool-104 Selector6] DEBUG org.eclipse.jetty.util.thread.QueuedThreadPool  - Dispatched Idle-org.eclipse.jetty.io.nio.SelectorManager$SelectSet$1@33d36e7f to stopped ConnectorPool{1&lt;=0&lt;=10/10,100}
2018-08-06 06:29:17,293 [ConnectorPool-103 Selector5] DEBUG org.eclipse.jetty.util.thread.QueuedThreadPool  - Dispatched Idle-org.eclipse.jetty.io.nio.SelectorManager$SelectSet$1@7dfb6e6d to stopped ConnectorPool{1&lt;=0&lt;=10/10,100}
2018-08-06 06:29:17,337 [ConnectorPool-98 Selector0] DEBUG org.eclipse.jetty.util.thread.QueuedThreadPool  - Dispatched Idle-org.eclipse.jetty.io.nio.SelectorManager$SelectSet$1@60ef6b9 to stopped ConnectorPool{1&lt;=0&lt;=10/10,100}
2018-08-06 06:29:17,693 [ConnectorPool-99 Selector1] DEBUG org.eclipse.jetty.util.thread.QueuedThreadPool  - Dispatched Idle-org.eclipse.jetty.io.nio.SelectorManager$SelectSet$1@4067eeca to stopped ConnectorPool{1&lt;=0&lt;=10/10,100}
2018-08-06 06:29:17,693 [ConnectorPool-105 Selector7] DEBUG org.eclipse.jetty.util.thread.QueuedThreadPool  - Dispatched Idle-org.eclipse.jetty.io.nio.SelectorManager$SelectSet$1@269ad66e to stopped ConnectorPool{1&lt;=0&lt;=10/10,100}
2018-08-06 06:29:17,693 [ConnectorPool-101 Selector3] DEBUG org.eclipse.jetty.util.thread.QueuedThreadPool  - Dispatched Idle-org.eclipse.jetty.io.nio.SelectorManager$SelectSet$1@7f73e38e to stopped ConnectorPool{1&lt;=0&lt;=10/10,100}
2018-08-06 06:29:17,693 [ConnectorPool-102 Selector4] DEBUG org.eclipse.jetty.util.thread.QueuedThreadPool  - Dispatched Idle-org.eclipse.jetty.io.nio.SelectorManager$SelectSet$1@f997fe2 to stopped ConnectorPool{1&lt;=0&lt;=10/10,100}
2018-08-06 06:29:17,693 [ConnectorPool-106 Selector8] DEBUG org.eclipse.jetty.util.thread.QueuedThreadPool  - Dispatched Idle-org.eclipse.jetty.io.nio.SelectorManager$SelectSet$1@7346596e to stopped ConnectorPool{1&lt;=0&lt;=10/10,100}
2018-08-06 06:29:17,693 [ConnectorPool-100 Selector2] DEBUG org.eclipse.jetty.util.thread.QueuedThreadPool  - Dispatched Idle-org.eclipse.jetty.io.nio.SelectorManager$SelectSet$1@676e30ce to stopped ConnectorPool{1&lt;=0&lt;=10/10,100}
2018-08-06 06:29:18,094 [ConnectorPool-104 Selector6] DEBUG org.eclipse.jetty.util.thread.QueuedThreadPool  - Dispatched Idle-org.eclipse.jetty.io.nio.SelectorManager$SelectSet$1@1160c101 to stopped ConnectorPool{1&lt;=0&lt;=10/10,100}
2018-08-06 06:29:18,094 [ConnectorPool-102 Selector4] DEBUG org.eclipse.jetty.util.thread.QueuedThreadPool  - Dispatched Idle-org.eclipse.jetty.io.nio.SelectorManager$SelectSet$1@2188c665 to stopped ConnectorPool{1&lt;=0&lt;=10/10,100}
2018-08-06 06:29:18,094 [ConnectorPool-106 Selector8] DEBUG org.eclipse.jetty.util.thread.QueuedThreadPool  - Dispatched Idle-org.eclipse.jetty.io.nio.SelectorManager$SelectSet$1@30ef19d4 to stopped ConnectorPool{1&lt;=0&lt;=10/10,100}
2018-08-06 06:29:18,094 [ConnectorPool-101 Selector3] DEBUG org.eclipse.jetty.util.thread.QueuedThreadPool  - Dispatched Idle-org.eclipse.jetty.io.nio.SelectorManager$SelectSet$1@671f3190 to stopped ConnectorPool{1&lt;=0&lt;=10/10,100}
2018-08-06 06:29:18,094 [ConnectorPool-103 Selector5] DEBUG org.eclipse.jetty.util.thread.QueuedThreadPool  - Dispatched Idle-org.eclipse.jetty.io.nio.SelectorManager$SelectSet$1@3b8cdffe to stopped ConnectorPool{1&lt;=0&lt;=10/10,100}
2018-08-06 06:29:18,094 [ConnectorPool-100 Selector2] DEBUG org.eclipse.jetty.util.thread.QueuedThreadPool  - Dispatched Idle-org.eclipse.jetty.io.nio.SelectorManager$SelectSet$1@1a992216 to stopped ConnectorPool{1&lt;=0&lt;=10/10,100}
2018-08-06 06:29:18,138 [ConnectorPool-98 Selector0] DEBUG org.eclipse.jetty.util.thread.QueuedThreadPool  - Dispatched Idle-org.eclipse.jetty.io.nio.SelectorManager$SelectSet$1@1dc5bb3d to stopped ConnectorPool{1&lt;=0&lt;=10/10,100}
2018-08-06 06:29:18,494 [ConnectorPool-105 Selector7] DEBUG org.eclipse.jetty.util.thread.QueuedThreadPool  - Dispatched Idle-org.eclipse.jetty.io.nio.SelectorManager$SelectSet$1@2087b110 to stopped ConnectorPool{1&lt;=0&lt;=10/10,100}
2018-08-06 06:29:18,494 [ConnectorPool-99 Selector1] DEBUG org.eclipse.jetty.util.thread.QueuedThreadPool  - Dispatched Idle-org.eclipse.jetty.io.nio.SelectorManager$SelectSet$1@2c79a21f to stopped ConnectorPool{1&lt;=0&lt;=10/10,100}
2018-08-06 06:29:18,895 [ConnectorPool-99 Selector1] DEBUG org.eclipse.jetty.util.thread.QueuedThreadPool  - Dispatched Idle-org.eclipse.jetty.io.nio.SelectorManager$SelectSet$1@6582b808 to stopped ConnectorPool{1&lt;=0&lt;=10/10,100}
2018-08-06 06:29:18,895 [ConnectorPool-104 Selector6] DEBUG org.eclipse.jetty.util.thread.QueuedThreadPool  - Dispatched Idle-org.eclipse.jetty.io.nio.SelectorManager$SelectSet$1@69004948 to stopped ConnectorPool{1&lt;=0&lt;=10/10,100}
2018-08-06 06:29:18,895 [ConnectorPool-102 Selector4] DEBUG org.eclipse.jetty.util.thread.QueuedThreadPool  - Dispatched Idle-org.eclipse.jetty.io.nio.SelectorManager$SelectSet$1@11cb4bd3 to stopped ConnectorPool{1&lt;=0&lt;=10/10,100}
2018-08-06 06:29:18,895 [ConnectorPool-103 Selector5] DEBUG org.eclipse.jetty.util.thread.QueuedThreadPool  - Dispatched Idle-org.eclipse.jetty.io.nio.SelectorManager$SelectSet$1@39df12c5 to stopped ConnectorPool{1&lt;=0&lt;=10/10,100}
2018-08-06 06:29:18,895 [ConnectorPool-106 Selector8] DEBUG org.eclipse.jetty.util.thread.QueuedThreadPool  - Dispatched Idle-org.eclipse.jetty.io.nio.SelectorManager$SelectSet$1@64496131 to stopped ConnectorPool{1&lt;=0&lt;=10/10,100}
2018-08-06 06:29:18,895 [ConnectorPool-101 Selector3] DEBUG org.eclipse.jetty.util.thread.QueuedThreadPool  - Dispatched Idle-org.eclipse.jetty.io.nio.SelectorManager$SelectSet$1@d8c0b67 to stopped ConnectorPool{1&lt;=0&lt;=10/10,100}
2018-08-06 06:29:18,895 [ConnectorPool-100 Selector2] DEBUG org.eclipse.jetty.util.thread.QueuedThreadPool  - Dispatched Idle-org.eclipse.jetty.io.nio.SelectorManager$SelectSet$1@65409e23 to stopped ConnectorPool{1&lt;=0&lt;=10/10,100}
2018-08-06 06:29:18,939 [ConnectorPool-98 Selector0] DEBUG org.eclipse.jetty.util.thread.QueuedThreadPool  - Dispatched Idle-org.eclipse.jetty.io.nio.SelectorManager$SelectSet$1@754e3fc3 to stopped ConnectorPool{1&lt;=0&lt;=10/10,100}
2018-08-06 06:29:19,295 [ConnectorPool-105 Selector7] DEBUG org.eclipse.jetty.util.thread.QueuedThreadPool  - Dispatched Idle-org.eclipse.jetty.io.nio.SelectorManager$SelectSet$1@643c575f to stopped ConnectorPool{1&lt;=0&lt;=10/10,100}
2018-08-06 06:29:19,296 [ConnectorPool-101 Selector3] DEBUG org.eclipse.jetty.util.thread.QueuedThreadPool  - Dispatched Idle-org.eclipse.jetty.io.nio.SelectorManager$SelectSet$1@358c5162 to stopped ConnectorPool{1&lt;=0&lt;=10/10,100}
2018-08-06 06:29:19,296 [ConnectorPool-100 Selector2] DEBUG org.eclipse.jetty.util.thread.QueuedThreadPool  - Dispatched Idle-org.eclipse.jetty.io.nio.SelectorManager$SelectSet$1@f331465 to stopped ConnectorPool{1&lt;=0&lt;=10/10,100}
2018-08-06 06:29:19,696 [ConnectorPool-99 Selector1] DEBUG org.eclipse.jetty.util.thread.QueuedThreadPool  - Dispatched Idle-org.eclipse.jetty.io.nio.SelectorManager$SelectSet$1@627ffaae to stopped ConnectorPool{1&lt;=0&lt;=10/10,100}
2018-08-06 06:29:19,696 [ConnectorPool-104 Selector6] DEBUG org.eclipse.jetty.util.thread.QueuedThreadPool  - Dispatched Idle-org.eclipse.jetty.io.nio.SelectorManager$SelectSet$1@4022e807 to stopped ConnectorPool{1&lt;=0&lt;=10/10,100}
2018-08-06 06:29:19,696 [ConnectorPool-106 Selector8] DEBUG org.eclipse.jetty.util.thread.QueuedThreadPool  - Dispatched Idle-org.eclipse.jetty.io.nio.SelectorManager$SelectSet$1@7ef29877 to stopped ConnectorPool{1&lt;=0&lt;=10/10,100}
2018-08-06 06:29:19,696 [ConnectorPool-103 Selector5] DEBUG org.eclipse.jetty.util.thread.QueuedThreadPool  - Dispatched Idle-org.eclipse.jetty.io.nio.SelectorManager$SelectSet$1@33af4476 to stopped ConnectorPool{1&lt;=0&lt;=10/10,100}
2018-08-06 06:29:19,696 [ConnectorPool-102 Selector4] DEBUG org.eclipse.jetty.util.thread.QueuedThreadPool  - Dispatched Idle-org.eclipse.jetty.io.nio.SelectorManager$SelectSet$1@37b7b97c to stopped ConnectorPool{1&lt;=0&lt;=10/10,100}
2018-08-06 06:29:19,740 [ConnectorPool-98 Selector0] DEBUG org.eclipse.jetty.util.thread.QueuedThreadPool  - Dispatched Idle-org.eclipse.jetty.io.nio.SelectorManager$SelectSet$1@68f7edbd to stopped ConnectorPool{1&lt;=0&lt;=10/10,100}
2018-08-06 06:29:20,096 [ConnectorPool-105 Selector7] DEBUG org.eclipse.jetty.util.thread.QueuedThreadPool  - Dispatched Idle-org.eclipse.jetty.io.nio.SelectorManager$SelectSet$1@6d194921 to stopped ConnectorPool{1&lt;=0&lt;=10/10,100}
2018-08-06 06:29:20,097 [ConnectorPool-102 Selector4] DEBUG org.eclipse.jetty.util.thread.QueuedThreadPool  - Dispatched Idle-org.eclipse.jetty.io.nio.SelectorManager$SelectSet$1@17104d7c to stopped ConnectorPool{1&lt;=0&lt;=10/10,100}
2018-08-06 06:29:20,097 [ConnectorPool-101 Selector3] DEBUG org.eclipse.jetty.util.thread.QueuedThreadPool  - Dispatched Idle-org.eclipse.jetty.io.nio.SelectorManager$SelectSet$1@2f4f13b8 to stopped ConnectorPool{1&lt;=0&lt;=10/10,100}
2018-08-06 06:29:20,097 [ConnectorPool-100 Selector2] DEBUG org.eclipse.jetty.util.thread.QueuedThreadPool  - Dispatched Idle-org.eclipse.jetty.io.nio.SelectorManager$SelectSet$1@7097ad4b to stopped ConnectorPool{1&lt;=0&lt;=10/10,100}
2018-08-06 06:29:20,497 [ConnectorPool-105 Selector7] DEBUG org.eclipse.jetty.util.thread.QueuedThreadPool  - Dispatched Idle-org.eclipse.jetty.io.nio.SelectorManager$SelectSet$1@75f250ac to stopped ConnectorPool{1&lt;=0&lt;=10/10,100}
2018-08-06 06:29:20,497 [ConnectorPool-103 Selector5] DEBUG org.eclipse.jetty.util.thread.QueuedThreadPool  - Dispatched Idle-org.eclipse.jetty.io.nio.SelectorManager$SelectSet$1@778e88b2 to stopped ConnectorPool{1&lt;=0&lt;=10/10,100}
2018-08-06 06:29:20,497 [ConnectorPool-99 Selector1] DEBUG org.eclipse.jetty.util.thread.QueuedThreadPool  - Dispatched Idle-org.eclipse.jetty.io.nio.SelectorManager$SelectSet$1@2eb09b70 to stopped ConnectorPool{1&lt;=0&lt;=10/10,100}
2018-08-06 06:29:20,497 [ConnectorPool-106 Selector8] DEBUG org.eclipse.jetty.util.thread.QueuedThreadPool  - Dispatched Idle-org.eclipse.jetty.io.nio.SelectorManager$SelectSet$1@4cacee02 to stopped ConnectorPool{1&lt;=0&lt;=10/10,100}
2018-08-06 06:29:20,497 [ConnectorPool-104 Selector6] DEBUG org.eclipse.jetty.util.thread.QueuedThreadPool  - Dispatched Idle-org.eclipse.jetty.io.nio.SelectorManager$SelectSet$1@6d3deca1 to stopped ConnectorPool{1&lt;=0&lt;=10/10,100}
2018-08-06 06:29:20,500 [main] DEBUG org.eclipse.jetty.util.component.AbstractLifeCycle  - stopping org.eclipse.jetty.server.Server@4e189625
2018-08-06 06:29:20,500 [main] DEBUG org.eclipse.jetty.util.component.AbstractLifeCycle  - stopping SelectChannelConnector@0.0.0.0:8586
2018-08-06 06:29:20,500 [main] DEBUG org.eclipse.jetty.util.component.AbstractLifeCycle  - stopping org.eclipse.jetty.server.nio.SelectChannelConnector$ConnectorSelectorManager@15f0d3d
2018-08-06 06:29:20,500 [ConnectorPool-98 Selector0] DEBUG org.eclipse.jetty.io.nio  - Stopped Thread[ConnectorPool-98 Selector0,5,main] on org.eclipse.jetty.io.nio.SelectorManager$1@34a775a0
2018-08-06 06:29:20,500 [ConnectorPool-98] DEBUG org.eclipse.jetty.http.HttpParser  - filled 199/199
2018-08-06 06:29:20,501 [ConnectorPool-98] DEBUG org.eclipse.jetty.server.AsyncHttpConnection  - Disabled read interest while writing response SCEP@327afea4{l(/127.0.0.1:60360)&lt;-&gt;r(/127.0.0.1:8586),s=1,open=true,ishut=false,oshut=false,rb=false,wb=false,w=true,i=0r}-{AsyncHttpConnection@28e3dae0,g=HttpGenerator{s=0,h=-1,b=-1,c=-1},p=HttpParser{s=0,l=10,c=0},r=1}
2018-08-06 06:29:20,501 [ConnectorPool-98] DEBUG org.eclipse.jetty.server.AsyncHttpConnection  - Disabled read interest while writing response SCEP@327afea4{l(/127.0.0.1:60360)&lt;-&gt;r(/127.0.0.1:8586),s=1,open=true,ishut=false,oshut=false,rb=false,wb=false,w=true,i=0r}-{AsyncHttpConnection@28e3dae0,g=HttpGenerator{s=0,h=-1,b=-1,c=-1},p=HttpParser{s=0,l=10,c=0},r=1}
2018-08-06 06:29:20,510 [main] DEBUG org.eclipse.jetty.io.nio.ChannelEndPoint  - close SCEP@327afea4{l(/127.0.0.1:60360)&lt;-&gt;r(/127.0.0.1:8586),s=0,open=true,ishut=false,oshut=false,rb=false,wb=false,w=true,i=0r}-{AsyncHttpConnection@28e3dae0,g=HttpGenerator{s=0,h=-1,b=-1,c=-1},p=HttpParser{s=0,l=10,c=0},r=1}
2018-08-06 06:29:20,511 [ConnectorPool-99 Selector1] DEBUG org.eclipse.jetty.io.nio  - Stopped Thread[ConnectorPool-99 Selector1,5,main] on org.eclipse.jetty.io.nio.SelectorManager$1@11cc8555
2018-08-06 06:29:20,521 [ConnectorPool-100 Selector2] DEBUG org.eclipse.jetty.io.nio  - Stopped Thread[ConnectorPool-100 Selector2,5,main] on org.eclipse.jetty.io.nio.SelectorManager$1@1110b542
2018-08-06 06:29:20,531 [ConnectorPool-101 Selector3] DEBUG org.eclipse.jetty.io.nio  - Stopped Thread[ConnectorPool-101 Selector3,5,main] on org.eclipse.jetty.io.nio.SelectorManager$1@1363d95
2018-08-06 06:29:20,542 [ConnectorPool-102 Selector4] DEBUG org.eclipse.jetty.io.nio  - Stopped Thread[ConnectorPool-102 Selector4,5,main] on org.eclipse.jetty.io.nio.SelectorManager$1@5ec7baab
2018-08-06 06:29:20,552 [ConnectorPool-103 Selector5] DEBUG org.eclipse.jetty.io.nio  - Stopped Thread[ConnectorPool-103 Selector5,5,main] on org.eclipse.jetty.io.nio.SelectorManager$1@4116f358
2018-08-06 06:29:20,562 [ConnectorPool-104 Selector6] DEBUG org.eclipse.jetty.io.nio  - Stopped Thread[ConnectorPool-104 Selector6,5,main] on org.eclipse.jetty.io.nio.SelectorManager$1@49c237ca
2018-08-06 06:29:20,573 [ConnectorPool-105 Selector7] DEBUG org.eclipse.jetty.io.nio  - Stopped Thread[ConnectorPool-105 Selector7,5,main] on org.eclipse.jetty.io.nio.SelectorManager$1@6ddcd49a
2018-08-06 06:29:20,583 [ConnectorPool-106 Selector8] DEBUG org.eclipse.jetty.io.nio  - Stopped Thread[ConnectorPool-106 Selector8,5,main] on org.eclipse.jetty.io.nio.SelectorManager$1@7a200930
2018-08-06 06:29:20,593 [main] DEBUG org.eclipse.jetty.util.component.AbstractLifeCycle  - STOPPED org.eclipse.jetty.server.nio.SelectChannelConnector$ConnectorSelectorManager@15f0d3d
2018-08-06 06:29:20,593 [main] DEBUG org.eclipse.jetty.util.component.AbstractLifeCycle  - stopping ConnectorPool{1&lt;=9&lt;=9/10,0}
2018-08-06 06:29:20,644 [main] DEBUG org.eclipse.jetty.util.component.AbstractLifeCycle  - STOPPED ConnectorPool{1&lt;=0&lt;=0/10,0}
2018-08-06 06:29:20,644 [main] DEBUG org.eclipse.jetty.util.component.AbstractLifeCycle  - stopping PooledBuffers [1/1024@6144,0/1024@16384,0/1024@-]/PooledBuffers [0/1024@6144,0/1024@32768,0/1024@-]
2018-08-06 06:29:20,644 [main] DEBUG org.eclipse.jetty.util.component.AbstractLifeCycle  - STOPPED null/null
2018-08-06 06:29:20,644 [main] DEBUG org.eclipse.jetty.util.component.AbstractLifeCycle  - STOPPED SelectChannelConnector@0.0.0.0:8586
2018-08-06 06:29:20,644 [main] DEBUG org.eclipse.jetty.util.component.AbstractLifeCycle  - stopping org.eclipse.jetty.server.handler.HandlerList@745d82aa
2018-08-06 06:29:20,644 [main] DEBUG org.eclipse.jetty.server.handler.AbstractHandler  - stopping org.eclipse.jetty.server.handler.HandlerList@745d82aa
2018-08-06 06:29:20,644 [main] DEBUG org.eclipse.jetty.util.component.AbstractLifeCycle  - stopping o.e.j.s.ServletContextHandler{/measurement,null}
2018-08-06 06:29:20,644 [main] DEBUG org.eclipse.jetty.util.component.AbstractLifeCycle  - stopping org.eclipse.jetty.servlet.ServletHandler@4f4fb284
2018-08-06 06:29:20,644 [main] DEBUG org.eclipse.jetty.server.handler.AbstractHandler  - stopping org.eclipse.jetty.servlet.ServletHandler@4f4fb284
2018-08-06 06:29:20,644 [main] DEBUG org.eclipse.jetty.util.component.AbstractLifeCycle  - stopping measurements
2018-08-06 06:29:20,645 [main] DEBUG org.eclipse.jetty.util.component.AbstractLifeCycle  - STOPPED measurements
2018-08-06 06:29:20,645 [main] DEBUG org.eclipse.jetty.util.component.AbstractLifeCycle  - STOPPED org.eclipse.jetty.servlet.ServletHandler@4f4fb284
2018-08-06 06:29:20,645 [main] DEBUG org.eclipse.jetty.server.handler.AbstractHandler  - stopping o.e.j.s.ServletContextHandler{/measurement,null}
2018-08-06 06:29:20,645 [main] INFO  org.eclipse.jetty.server.handler.ContextHandler  - stopped o.e.j.s.ServletContextHandler{/measurement,null}
2018-08-06 06:29:20,645 [main] DEBUG org.eclipse.jetty.util.component.Container  - Container o.e.j.s.ServletContextHandler{/measurement,null} - org.eclipse.jetty.servlet.ServletHandler@4f4fb284 as handler
2018-08-06 06:29:20,645 [main] DEBUG org.eclipse.jetty.util.component.AbstractLifeCycle  - STOPPED o.e.j.s.ServletContextHandler{/measurement,null}
2018-08-06 06:29:20,645 [main] DEBUG org.eclipse.jetty.util.component.AbstractLifeCycle  - stopping o.e.j.s.ServletContextHandler{/inventory,null}
2018-08-06 06:29:20,645 [main] DEBUG org.eclipse.jetty.util.component.AbstractLifeCycle  - stopping org.eclipse.jetty.servlet.ServletHandler@7187ac48
2018-08-06 06:29:20,645 [main] DEBUG org.eclipse.jetty.server.handler.AbstractHandler  - stopping org.eclipse.jetty.servlet.ServletHandler@7187ac48
2018-08-06 06:29:20,645 [main] DEBUG org.eclipse.jetty.util.component.AbstractLifeCycle  - stopping managedObjects
2018-08-06 06:29:20,645 [main] DEBUG org.eclipse.jetty.util.component.AbstractLifeCycle  - STOPPED managedObjects
2018-08-06 06:29:20,645 [main] DEBUG org.eclipse.jetty.util.component.AbstractLifeCycle  - STOPPED org.eclipse.jetty.servlet.ServletHandler@7187ac48
2018-08-06 06:29:20,645 [main] DEBUG org.eclipse.jetty.server.handler.AbstractHandler  - stopping o.e.j.s.ServletContextHandler{/inventory,null}
2018-08-06 06:29:20,645 [main] INFO  org.eclipse.jetty.server.handler.ContextHandler  - stopped o.e.j.s.ServletContextHandler{/inventory,null}
2018-08-06 06:29:20,645 [main] DEBUG org.eclipse.jetty.util.component.Container  - Container o.e.j.s.ServletContextHandler{/inventory,null} - org.eclipse.jetty.servlet.ServletHandler@7187ac48 as handler
2018-08-06 06:29:20,645 [main] DEBUG org.eclipse.jetty.util.component.AbstractLifeCycle  - STOPPED o.e.j.s.ServletContextHandler{/inventory,null}
2018-08-06 06:29:20,645 [main] DEBUG org.eclipse.jetty.util.component.AbstractLifeCycle  - stopping o.e.j.w.WebAppContext{/s,file:/var/jenkins_home/workspace/Cumulocity-Platform-Services-BUILD/smartrest/src/test/webapp/}
2018-08-06 06:29:20,645 [main] DEBUG org.eclipse.jetty.util.component.AbstractLifeCycle  - stopping org.eclipse.jetty.server.session.SessionHandler@69e9487d
2018-08-06 06:29:20,645 [main] DEBUG org.eclipse.jetty.util.component.AbstractLifeCycle  - stopping org.eclipse.jetty.server.session.HashSessionManager@52963cdd
2018-08-06 06:29:20,645 [main] DEBUG org.eclipse.jetty.util.component.AbstractLifeCycle  - STOPPED org.eclipse.jetty.server.session.HashSessionManager@52963cdd
2018-08-06 06:29:20,645 [main] DEBUG org.eclipse.jetty.util.component.AbstractLifeCycle  - stopping org.eclipse.jetty.security.ConstraintSecurityHandler@611bd3b9
2018-08-06 06:29:20,645 [main] DEBUG org.eclipse.jetty.util.component.AbstractLifeCycle  - stopping org.eclipse.jetty.servlet.ServletHandler@7ab2903d
2018-08-06 06:29:20,645 [main] DEBUG org.eclipse.jetty.server.handler.AbstractHandler  - stopping org.eclipse.jetty.servlet.ServletHandler@7ab2903d
2018-08-06 06:29:20,645 [main] DEBUG org.eclipse.jetty.util.component.AbstractLifeCycle  - stopping hiddenHttpMethodFilter
2018-08-06 06:29:20,645 [main] DEBUG org.eclipse.jetty.util.component.AbstractLifeCycle  - STOPPED hiddenHttpMethodFilter
2018-08-06 06:29:20,645 [main] DEBUG org.eclipse.jetty.util.component.AbstractLifeCycle  - stopping proxyRequestHandler
2018-08-06 06:29:20,646 [main] DEBUG org.eclipse.jetty.util.component.AbstractLifeCycle  - STOPPED proxyRequestHandler
2018-08-06 06:29:20,646 [main] DEBUG org.eclipse.jetty.util.component.AbstractLifeCycle  - stopping jsp
2018-08-06 06:29:20,646 [main] DEBUG org.eclipse.jetty.util.component.AbstractLifeCycle  - STOPPED jsp
2018-08-06 06:29:20,646 [main] DEBUG org.eclipse.jetty.util.component.AbstractLifeCycle  - stopping default
2018-08-06 06:29:20,646 [main] DEBUG org.eclipse.jetty.util.component.AbstractLifeCycle  - STOPPED default
2018-08-06 06:29:20,646 [main] DEBUG org.eclipse.jetty.util.component.AbstractLifeCycle  - STOPPED org.eclipse.jetty.servlet.ServletHandler@7ab2903d
2018-08-06 06:29:20,646 [main] DEBUG org.eclipse.jetty.server.handler.AbstractHandler  - stopping org.eclipse.jetty.security.ConstraintSecurityHandler@611bd3b9
2018-08-06 06:29:20,646 [main] DEBUG org.eclipse.jetty.util.component.AbstractLifeCycle  - STOPPED org.eclipse.jetty.security.ConstraintSecurityHandler@611bd3b9
2018-08-06 06:29:20,646 [main] DEBUG org.eclipse.jetty.server.handler.AbstractHandler  - stopping org.eclipse.jetty.server.session.SessionHandler@69e9487d
2018-08-06 06:29:20,646 [main] DEBUG org.eclipse.jetty.util.component.AbstractLifeCycle  - STOPPED org.eclipse.jetty.server.session.SessionHandler@69e9487d
2018-08-06 06:29:20,646 [main] DEBUG org.eclipse.jetty.server.handler.AbstractHandler  - stopping o.e.j.w.WebAppContext{/s,file:/var/jenkins_home/workspace/Cumulocity-Platform-Services-BUILD/smartrest/src/test/webapp/}
2018-08-06 06:29:20,646 [main] INFO  /s  - Closing Spring root WebApplicationContext
2018-08-06 06:29:20,646 [main] INFO  org.springframework.web.context.support.XmlWebApplicationContext  - Closing Root WebApplicationContext: startup date [Mon Aug 06 06:28:50 UTC 2018]; root of context hierarchy
2018-08-06 06:29:20,646 [main] DEBUG org.springframework.beans.factory.support.DefaultListableBeanFactory  - Returning cached instance of singleton bean &apos;lifecycleProcessor&apos;
2018-08-06 06:29:20,646 [main] INFO  org.springframework.beans.factory.support.DefaultListableBeanFactory  - Destroying singletons in org.springframework.beans.factory.support.DefaultListableBeanFactory@6e8e4b0b: defining beans [com.cumulocity.common.config.PlatformEnvironment#0,org.springframework.context.support.PropertySourcesPlaceholderConfigurer#0,configLocations,org.springframework.context.annotation.internalConfigurationAnnotationProcessor,org.springframework.context.annotation.internalAutowiredAnnotationProcessor,org.springframework.context.annotation.internalRequiredAnnotationProcessor,org.springframework.context.annotation.internalCommonAnnotationProcessor,proxyRequestHandler,requestHandler,templateProvider,requestDispatcher,restDispatcherHttpClient,concurrentExecutor,org.springframework.context.annotation.ConfigurationClassPostProcessor.importAwareProcessor]; root of factory hierarchy
2018-08-06 06:29:20,646 [main] DEBUG org.springframework.beans.factory.support.DisposableBeanAdapter  - Invoking destroy() on bean with name &apos;concurrentExecutor&apos;
2018-08-06 06:29:20,646 [main] DEBUG org.springframework.beans.factory.support.DisposableBeanAdapter  - Invoking destroy() on bean with name &apos;restDispatcherHttpClient&apos;
2018-08-06 06:29:20,646 [main] DEBUG org.apache.http.impl.conn.tsccm.ThreadSafeClientConnManager  - Shutting down
2018-08-06 06:29:20,646 [main] DEBUG org.springframework.beans.factory.support.DefaultListableBeanFactory  - Retrieved dependent beans for bean &apos;configLocations&apos;: [com.cumulocity.common.config.PlatformEnvironment#0]
2018-08-06 06:29:20,646 [main] DEBUG org.springframework.beans.factory.support.DisposableBeanAdapter  - Invoking destroy() on bean with name &apos;configLocations&apos;
2018-08-06 06:29:20,647 [main] DEBUG org.eclipse.jetty.util.component.AbstractLifeCycle  - stopping org.eclipse.jetty.servlet.ErrorPageErrorHandler@30297f31
2018-08-06 06:29:20,647 [main] DEBUG org.eclipse.jetty.server.handler.AbstractHandler  - stopping org.eclipse.jetty.servlet.ErrorPageErrorHandler@30297f31
2018-08-06 06:29:20,647 [main] DEBUG org.eclipse.jetty.util.component.AbstractLifeCycle  - STOPPED org.eclipse.jetty.servlet.ErrorPageErrorHandler@30297f31
2018-08-06 06:29:20,647 [main] INFO  org.eclipse.jetty.server.handler.ContextHandler  - stopped o.e.j.w.WebAppContext{/s,file:/var/jenkins_home/workspace/Cumulocity-Platform-Services-BUILD/smartrest/src/test/webapp/}
2018-08-06 06:29:20,647 [main] DEBUG org.eclipse.jetty.util.component.Container  - Container o.e.j.w.WebAppContext{/s,file:/var/jenkins_home/workspace/Cumulocity-Platform-Services-BUILD/smartrest/src/test/webapp/} - org.eclipse.jetty.server.session.SessionHandler@69e9487d as handler
2018-08-06 06:29:20,647 [main] DEBUG org.eclipse.jetty.util.component.AbstractLifeCycle  - STOPPED o.e.j.w.WebAppContext{/s,file:/var/jenkins_home/workspace/Cumulocity-Platform-Services-BUILD/smartrest/src/test/webapp/}
2018-08-06 06:29:20,647 [main] DEBUG org.eclipse.jetty.util.component.AbstractLifeCycle  - stopping o.e.j.s.ServletContextHandler{/measurement,null}
2018-08-06 06:29:20,647 [main] DEBUG org.eclipse.jetty.util.component.AbstractLifeCycle  - stopping org.eclipse.jetty.servlet.ServletHandler@64c71e34
2018-08-06 06:29:20,647 [main] DEBUG org.eclipse.jetty.server.handler.AbstractHandler  - stopping org.eclipse.jetty.servlet.ServletHandler@64c71e34
2018-08-06 06:29:20,647 [main] DEBUG org.eclipse.jetty.util.component.AbstractLifeCycle  - stopping measurements
2018-08-06 06:29:20,647 [main] DEBUG org.eclipse.jetty.util.component.AbstractLifeCycle  - STOPPED measurements
2018-08-06 06:29:20,647 [main] DEBUG org.eclipse.jetty.util.component.AbstractLifeCycle  - STOPPED org.eclipse.jetty.servlet.ServletHandler@64c71e34
2018-08-06 06:29:20,647 [main] DEBUG org.eclipse.jetty.server.handler.AbstractHandler  - stopping o.e.j.s.ServletContextHandler{/measurement,null}
2018-08-06 06:29:20,648 [main] INFO  org.eclipse.jetty.server.handler.ContextHandler  - stopped o.e.j.s.ServletContextHandler{/measurement,null}
2018-08-06 06:29:20,648 [main] DEBUG org.eclipse.jetty.util.component.Container  - Container o.e.j.s.ServletContextHandler{/measurement,null} - org.eclipse.jetty.servlet.ServletHandler@64c71e34 as handler
2018-08-06 06:29:20,648 [main] DEBUG org.eclipse.jetty.util.component.AbstractLifeCycle  - STOPPED o.e.j.s.ServletContextHandler{/measurement,null}
2018-08-06 06:29:20,648 [main] DEBUG org.eclipse.jetty.util.component.AbstractLifeCycle  - stopping o.e.j.s.ServletContextHandler{/inventory,null}
2018-08-06 06:29:20,648 [main] DEBUG org.eclipse.jetty.util.component.AbstractLifeCycle  - stopping org.eclipse.jetty.servlet.ServletHandler@3df0efd5
2018-08-06 06:29:20,648 [main] DEBUG org.eclipse.jetty.server.handler.AbstractHandler  - stopping org.eclipse.jetty.servlet.ServletHandler@3df0efd5
2018-08-06 06:29:20,648 [main] DEBUG org.eclipse.jetty.util.component.AbstractLifeCycle  - stopping managedObjects
2018-08-06 06:29:20,648 [main] DEBUG org.eclipse.jetty.util.component.AbstractLifeCycle  - STOPPED managedObjects
2018-08-06 06:29:20,648 [main] DEBUG org.eclipse.jetty.util.component.AbstractLifeCycle  - STOPPED org.eclipse.jetty.servlet.ServletHandler@3df0efd5
2018-08-06 06:29:20,648 [main] DEBUG org.eclipse.jetty.server.handler.AbstractHandler  - stopping o.e.j.s.ServletContextHandler{/inventory,null}
2018-08-06 06:29:20,648 [main] INFO  org.eclipse.jetty.server.handler.ContextHandler  - stopped o.e.j.s.ServletContextHandler{/inventory,null}
2018-08-06 06:29:20,648 [main] DEBUG org.eclipse.jetty.util.component.Container  - Container o.e.j.s.ServletContextHandler{/inventory,null} - org.eclipse.jetty.servlet.ServletHandler@3df0efd5 as handler
2018-08-06 06:29:20,648 [main] DEBUG org.eclipse.jetty.util.component.AbstractLifeCycle  - STOPPED o.e.j.s.ServletContextHandler{/inventory,null}
2018-08-06 06:29:20,648 [main] DEBUG org.eclipse.jetty.util.component.AbstractLifeCycle  - stopping o.e.j.w.WebAppContext{/s,file:/var/jenkins_home/workspace/Cumulocity-Platform-Services-BUILD/smartrest/src/test/webapp/}
2018-08-06 06:29:20,648 [main] DEBUG org.eclipse.jetty.util.component.AbstractLifeCycle  - stopping org.eclipse.jetty.server.session.SessionHandler@20363a3f
2018-08-06 06:29:20,648 [main] DEBUG org.eclipse.jetty.util.component.AbstractLifeCycle  - stopping org.eclipse.jetty.server.session.HashSessionManager@482a0e9e
2018-08-06 06:29:20,648 [main] DEBUG org.eclipse.jetty.util.component.AbstractLifeCycle  - STOPPED org.eclipse.jetty.server.session.HashSessionManager@482a0e9e
2018-08-06 06:29:20,648 [main] DEBUG org.eclipse.jetty.util.component.AbstractLifeCycle  - stopping org.eclipse.jetty.security.ConstraintSecurityHandler@4626d81c
2018-08-06 06:29:20,648 [main] DEBUG org.eclipse.jetty.util.component.AbstractLifeCycle  - stopping org.eclipse.jetty.servlet.ServletHandler@4a6948be
2018-08-06 06:29:20,648 [main] DEBUG org.eclipse.jetty.server.handler.AbstractHandler  - stopping org.eclipse.jetty.servlet.ServletHandler@4a6948be
2018-08-06 06:29:20,648 [main] DEBUG org.eclipse.jetty.util.component.AbstractLifeCycle  - stopping hiddenHttpMethodFilter
2018-08-06 06:29:20,648 [main] DEBUG org.eclipse.jetty.util.component.AbstractLifeCycle  - STOPPED hiddenHttpMethodFilter
2018-08-06 06:29:20,648 [main] DEBUG org.eclipse.jetty.util.component.AbstractLifeCycle  - stopping proxyRequestHandler
2018-08-06 06:29:20,648 [main] DEBUG org.eclipse.jetty.util.component.AbstractLifeCycle  - STOPPED proxyRequestHandler
2018-08-06 06:29:20,648 [main] DEBUG org.eclipse.jetty.util.component.AbstractLifeCycle  - stopping jsp
2018-08-06 06:29:20,648 [main] DEBUG org.eclipse.jetty.util.component.AbstractLifeCycle  - STOPPED jsp
2018-08-06 06:29:20,648 [main] DEBUG org.eclipse.jetty.util.component.AbstractLifeCycle  - stopping default
2018-08-06 06:29:20,648 [main] DEBUG org.eclipse.jetty.util.component.AbstractLifeCycle  - STOPPED default
2018-08-06 06:29:20,648 [main] DEBUG org.eclipse.jetty.util.component.AbstractLifeCycle  - STOPPED org.eclipse.jetty.servlet.ServletHandler@4a6948be
2018-08-06 06:29:20,648 [main] DEBUG org.eclipse.jetty.server.handler.AbstractHandler  - stopping org.eclipse.jetty.security.ConstraintSecurityHandler@4626d81c
2018-08-06 06:29:20,649 [main] DEBUG org.eclipse.jetty.util.component.AbstractLifeCycle  - STOPPED org.eclipse.jetty.security.ConstraintSecurityHandler@4626d81c
2018-08-06 06:29:20,649 [main] DEBUG org.eclipse.jetty.server.handler.AbstractHandler  - stopping org.eclipse.jetty.server.session.SessionHandler@20363a3f
2018-08-06 06:29:20,649 [main] DEBUG org.eclipse.jetty.util.component.AbstractLifeCycle  - STOPPED org.eclipse.jetty.server.session.SessionHandler@20363a3f
2018-08-06 06:29:20,649 [main] DEBUG org.eclipse.jetty.server.handler.AbstractHandler  - stopping o.e.j.w.WebAppContext{/s,file:/var/jenkins_home/workspace/Cumulocity-Platform-Services-BUILD/smartrest/src/test/webapp/}
2018-08-06 06:29:20,649 [main] INFO  SmartREST Proxy  - Closing Spring root WebApplicationContext
2018-08-06 06:29:20,649 [main] INFO  org.springframework.web.context.support.XmlWebApplicationContext  - Closing Root WebApplicationContext: startup date [Mon Aug 06 06:28:50 UTC 2018]; root of context hierarchy
2018-08-06 06:29:20,649 [main] DEBUG org.springframework.beans.factory.support.DefaultListableBeanFactory  - Returning cached instance of singleton bean &apos;lifecycleProcessor&apos;
2018-08-06 06:29:20,649 [main] INFO  org.springframework.beans.factory.support.DefaultListableBeanFactory  - Destroying singletons in org.springframework.beans.factory.support.DefaultListableBeanFactory@32442dd0: defining beans [com.cumulocity.common.config.PlatformEnvironment#0,org.springframework.context.support.PropertySourcesPlaceholderConfigurer#0,configLocations,org.springframework.context.annotation.internalConfigurationAnnotationProcessor,org.springframework.context.annotation.internalAutowiredAnnotationProcessor,org.springframework.context.annotation.internalRequiredAnnotationProcessor,org.springframework.context.annotation.internalCommonAnnotationProcessor,proxyRequestHandler,requestHandler,templateProvider,requestDispatcher,restDispatcherHttpClient,concurrentExecutor,org.springframework.context.annotation.ConfigurationClassPostProcessor.importAwareProcessor]; root of factory hierarchy
2018-08-06 06:29:20,649 [main] DEBUG org.springframework.beans.factory.support.DisposableBeanAdapter  - Invoking destroy() on bean with name &apos;concurrentExecutor&apos;
2018-08-06 06:29:20,649 [main] DEBUG org.springframework.beans.factory.support.DisposableBeanAdapter  - Invoking destroy() on bean with name &apos;restDispatcherHttpClient&apos;
2018-08-06 06:29:20,649 [main] DEBUG org.apache.http.impl.conn.tsccm.ThreadSafeClientConnManager  - Shutting down
2018-08-06 06:29:20,649 [main] DEBUG org.springframework.beans.factory.support.DefaultListableBeanFactory  - Retrieved dependent beans for bean &apos;configLocations&apos;: [com.cumulocity.common.config.PlatformEnvironment#0]
2018-08-06 06:29:20,649 [main] DEBUG org.springframework.beans.factory.support.DisposableBeanAdapter  - Invoking destroy() on bean with name &apos;configLocations&apos;
2018-08-06 06:29:20,650 [main] DEBUG org.eclipse.jetty.util.component.AbstractLifeCycle  - stopping org.eclipse.jetty.servlet.ErrorPageErrorHandler@bc6a29d
2018-08-06 06:29:20,650 [main] DEBUG org.eclipse.jetty.server.handler.AbstractHandler  - stopping org.eclipse.jetty.servlet.ErrorPageErrorHandler@bc6a29d
2018-08-06 06:29:20,650 [main] DEBUG org.eclipse.jetty.util.component.AbstractLifeCycle  - STOPPED org.eclipse.jetty.servlet.ErrorPageErrorHandler@bc6a29d
2018-08-06 06:29:20,650 [main] INFO  org.eclipse.jetty.server.handler.ContextHandler  - stopped o.e.j.w.WebAppContext{/s,file:/var/jenkins_home/workspace/Cumulocity-Platform-Services-BUILD/smartrest/src/test/webapp/}
2018-08-06 06:29:20,650 [main] DEBUG org.eclipse.jetty.util.component.Container  - Container o.e.j.w.WebAppContext{/s,file:/var/jenkins_home/workspace/Cumulocity-Platform-Services-BUILD/smartrest/src/test/webapp/} - org.eclipse.jetty.server.session.SessionHandler@20363a3f as handler
2018-08-06 06:29:20,650 [main] DEBUG org.eclipse.jetty.util.component.AbstractLifeCycle  - STOPPED o.e.j.w.WebAppContext{/s,file:/var/jenkins_home/workspace/Cumulocity-Platform-Services-BUILD/smartrest/src/test/webapp/}
2018-08-06 06:29:20,650 [main] DEBUG org.eclipse.jetty.util.component.AbstractLifeCycle  - stopping o.e.j.s.ServletContextHandler{/measurement,null}
2018-08-06 06:29:20,650 [main] DEBUG org.eclipse.jetty.util.component.AbstractLifeCycle  - stopping org.eclipse.jetty.servlet.ServletHandler@560a9228
2018-08-06 06:29:20,650 [main] DEBUG org.eclipse.jetty.server.handler.AbstractHandler  - stopping org.eclipse.jetty.servlet.ServletHandler@560a9228
2018-08-06 06:29:20,650 [main] DEBUG org.eclipse.jetty.util.component.AbstractLifeCycle  - stopping measurements
2018-08-06 06:29:20,650 [main] DEBUG org.eclipse.jetty.util.component.AbstractLifeCycle  - STOPPED measurements
2018-08-06 06:29:20,650 [main] DEBUG org.eclipse.jetty.util.component.AbstractLifeCycle  - STOPPED org.eclipse.jetty.servlet.ServletHandler@560a9228
2018-08-06 06:29:20,650 [main] DEBUG org.eclipse.jetty.server.handler.AbstractHandler  - stopping o.e.j.s.ServletContextHandler{/measurement,null}
2018-08-06 06:29:20,650 [main] INFO  org.eclipse.jetty.server.handler.ContextHandler  - stopped o.e.j.s.ServletContextHandler{/measurement,null}
2018-08-06 06:29:20,650 [main] DEBUG org.eclipse.jetty.util.component.Container  - Container o.e.j.s.ServletContextHandler{/measurement,null} - org.eclipse.jetty.servlet.ServletHandler@560a9228 as handler
2018-08-06 06:29:20,650 [main] DEBUG org.eclipse.jetty.util.component.AbstractLifeCycle  - STOPPED o.e.j.s.ServletContextHandler{/measurement,null}
2018-08-06 06:29:20,650 [main] DEBUG org.eclipse.jetty.util.component.AbstractLifeCycle  - stopping o.e.j.s.ServletContextHandler{/inventory,null}
2018-08-06 06:29:20,650 [main] DEBUG org.eclipse.jetty.util.component.AbstractLifeCycle  - stopping org.eclipse.jetty.servlet.ServletHandler@566b3836
2018-08-06 06:29:20,650 [main] DEBUG org.eclipse.jetty.server.handler.AbstractHandler  - stopping org.eclipse.jetty.servlet.ServletHandler@566b3836
2018-08-06 06:29:20,650 [main] DEBUG org.eclipse.jetty.util.component.AbstractLifeCycle  - stopping managedObjects
2018-08-06 06:29:20,650 [main] DEBUG org.eclipse.jetty.util.component.AbstractLifeCycle  - STOPPED managedObjects
2018-08-06 06:29:20,650 [main] DEBUG org.eclipse.jetty.util.component.AbstractLifeCycle  - STOPPED org.eclipse.jetty.servlet.ServletHandler@566b3836
2018-08-06 06:29:20,650 [main] DEBUG org.eclipse.jetty.server.handler.AbstractHandler  - stopping o.e.j.s.ServletContextHandler{/inventory,null}
2018-08-06 06:29:20,650 [main] INFO  org.eclipse.jetty.server.handler.ContextHandler  - stopped o.e.j.s.ServletContextHandler{/inventory,null}
2018-08-06 06:29:20,650 [main] DEBUG org.eclipse.jetty.util.component.Container  - Container o.e.j.s.ServletContextHandler{/inventory,null} - org.eclipse.jetty.servlet.ServletHandler@566b3836 as handler
2018-08-06 06:29:20,651 [main] DEBUG org.eclipse.jetty.util.component.AbstractLifeCycle  - STOPPED o.e.j.s.ServletContextHandler{/inventory,null}
2018-08-06 06:29:20,651 [main] DEBUG org.eclipse.jetty.util.component.AbstractLifeCycle  - stopping o.e.j.w.WebAppContext{/s,file:/var/jenkins_home/workspace/Cumulocity-Platform-Services-BUILD/smartrest/src/test/webapp/}
2018-08-06 06:29:20,651 [main] DEBUG org.eclipse.jetty.util.component.AbstractLifeCycle  - stopping org.eclipse.jetty.server.session.SessionHandler@1ce89199
2018-08-06 06:29:20,651 [main] DEBUG org.eclipse.jetty.util.component.AbstractLifeCycle  - stopping org.eclipse.jetty.server.session.HashSessionManager@68aee2a2
2018-08-06 06:29:20,651 [main] DEBUG org.eclipse.jetty.util.component.AbstractLifeCycle  - STOPPED org.eclipse.jetty.server.session.HashSessionManager@68aee2a2
2018-08-06 06:29:20,651 [main] DEBUG org.eclipse.jetty.util.component.AbstractLifeCycle  - stopping org.eclipse.jetty.security.ConstraintSecurityHandler@414128f7
2018-08-06 06:29:20,651 [main] DEBUG org.eclipse.jetty.util.component.AbstractLifeCycle  - stopping org.eclipse.jetty.servlet.ServletHandler@1538c1e3
2018-08-06 06:29:20,651 [main] DEBUG org.eclipse.jetty.server.handler.AbstractHandler  - stopping org.eclipse.jetty.servlet.ServletHandler@1538c1e3
2018-08-06 06:29:20,651 [main] DEBUG org.eclipse.jetty.util.component.AbstractLifeCycle  - stopping hiddenHttpMethodFilter
2018-08-06 06:29:20,651 [main] DEBUG org.eclipse.jetty.util.component.AbstractLifeCycle  - STOPPED hiddenHttpMethodFilter
2018-08-06 06:29:20,651 [main] DEBUG org.eclipse.jetty.util.component.AbstractLifeCycle  - stopping proxyRequestHandler
2018-08-06 06:29:20,651 [main] DEBUG org.eclipse.jetty.util.component.AbstractLifeCycle  - STOPPED proxyRequestHandler
2018-08-06 06:29:20,651 [main] DEBUG org.eclipse.jetty.util.component.AbstractLifeCycle  - stopping jsp
2018-08-06 06:29:20,651 [main] DEBUG org.eclipse.jetty.util.component.AbstractLifeCycle  - STOPPED jsp
2018-08-06 06:29:20,651 [main] DEBUG org.eclipse.jetty.util.component.AbstractLifeCycle  - stopping default
2018-08-06 06:29:20,651 [main] DEBUG org.eclipse.jetty.util.component.AbstractLifeCycle  - STOPPED default
2018-08-06 06:29:20,651 [main] DEBUG org.eclipse.jetty.util.component.AbstractLifeCycle  - STOPPED org.eclipse.jetty.servlet.ServletHandler@1538c1e3
2018-08-06 06:29:20,651 [main] DEBUG org.eclipse.jetty.server.handler.AbstractHandler  - stopping org.eclipse.jetty.security.ConstraintSecurityHandler@414128f7
2018-08-06 06:29:20,651 [main] DEBUG org.eclipse.jetty.util.component.AbstractLifeCycle  - STOPPED org.eclipse.jetty.security.ConstraintSecurityHandler@414128f7
2018-08-06 06:29:20,651 [main] DEBUG org.eclipse.jetty.server.handler.AbstractHandler  - stopping org.eclipse.jetty.server.session.SessionHandler@1ce89199
2018-08-06 06:29:20,651 [main] DEBUG org.eclipse.jetty.util.component.AbstractLifeCycle  - STOPPED org.eclipse.jetty.server.session.SessionHandler@1ce89199
2018-08-06 06:29:20,651 [main] DEBUG org.eclipse.jetty.server.handler.AbstractHandler  - stopping o.e.j.w.WebAppContext{/s,file:/var/jenkins_home/workspace/Cumulocity-Platform-Services-BUILD/smartrest/src/test/webapp/}
2018-08-06 06:29:20,651 [main] INFO  SmartREST Proxy  - Closing Spring root WebApplicationContext
2018-08-06 06:29:20,651 [main] INFO  org.springframework.web.context.support.XmlWebApplicationContext  - Closing Root WebApplicationContext: startup date [Mon Aug 06 06:28:50 UTC 2018]; root of context hierarchy
2018-08-06 06:29:20,651 [main] DEBUG org.springframework.beans.factory.support.DefaultListableBeanFactory  - Returning cached instance of singleton bean &apos;lifecycleProcessor&apos;
2018-08-06 06:29:20,651 [main] INFO  org.springframework.beans.factory.support.DefaultListableBeanFactory  - Destroying singletons in org.springframework.beans.factory.support.DefaultListableBeanFactory@10d786d2: defining beans [com.cumulocity.common.config.PlatformEnvironment#0,org.springframework.context.support.PropertySourcesPlaceholderConfigurer#0,configLocations,org.springframework.context.annotation.internalConfigurationAnnotationProcessor,org.springframework.context.annotation.internalAutowiredAnnotationProcessor,org.springframework.context.annotation.internalRequiredAnnotationProcessor,org.springframework.context.annotation.internalCommonAnnotationProcessor,proxyRequestHandler,requestHandler,templateProvider,requestDispatcher,restDispatcherHttpClient,concurrentExecutor,org.springframework.context.annotation.ConfigurationClassPostProcessor.importAwareProcessor]; root of factory hierarchy
2018-08-06 06:29:20,652 [main] DEBUG org.springframework.beans.factory.support.DisposableBeanAdapter  - Invoking destroy() on bean with name &apos;concurrentExecutor&apos;
2018-08-06 06:29:20,652 [main] DEBUG org.springframework.beans.factory.support.DisposableBeanAdapter  - Invoking destroy() on bean with name &apos;restDispatcherHttpClient&apos;
2018-08-06 06:29:20,652 [main] DEBUG org.apache.http.impl.conn.tsccm.ThreadSafeClientConnManager  - Shutting down
2018-08-06 06:29:20,652 [main] DEBUG org.springframework.beans.factory.support.DefaultListableBeanFactory  - Retrieved dependent beans for bean &apos;configLocations&apos;: [com.cumulocity.common.config.PlatformEnvironment#0]
2018-08-06 06:29:20,652 [main] DEBUG org.springframework.beans.factory.support.DisposableBeanAdapter  - Invoking destroy() on bean with name &apos;configLocations&apos;
2018-08-06 06:29:20,652 [main] DEBUG org.eclipse.jetty.util.component.AbstractLifeCycle  - stopping org.eclipse.jetty.servlet.ErrorPageErrorHandler@5e7cf14d
2018-08-06 06:29:20,652 [main] DEBUG org.eclipse.jetty.server.handler.AbstractHandler  - stopping org.eclipse.jetty.servlet.ErrorPageErrorHandler@5e7cf14d
2018-08-06 06:29:20,652 [main] DEBUG org.eclipse.jetty.util.component.AbstractLifeCycle  - STOPPED org.eclipse.jetty.servlet.ErrorPageErrorHandler@5e7cf14d
2018-08-06 06:29:20,652 [main] INFO  org.eclipse.jetty.server.handler.ContextHandler  - stopped o.e.j.w.WebAppContext{/s,file:/var/jenkins_home/workspace/Cumulocity-Platform-Services-BUILD/smartrest/src/test/webapp/}
2018-08-06 06:29:20,652 [main] DEBUG org.eclipse.jetty.util.component.Container  - Container o.e.j.w.WebAppContext{/s,file:/var/jenkins_home/workspace/Cumulocity-Platform-Services-BUILD/smartrest/src/test/webapp/} - org.eclipse.jetty.server.session.SessionHandler@1ce89199 as handler
2018-08-06 06:29:20,652 [main] DEBUG org.eclipse.jetty.util.component.AbstractLifeCycle  - STOPPED o.e.j.w.WebAppContext{/s,file:/var/jenkins_home/workspace/Cumulocity-Platform-Services-BUILD/smartrest/src/test/webapp/}
2018-08-06 06:29:20,652 [main] DEBUG org.eclipse.jetty.util.component.AbstractLifeCycle  - STOPPED org.eclipse.jetty.server.handler.HandlerList@745d82aa
2018-08-06 06:29:20,652 [main] DEBUG org.eclipse.jetty.server.handler.AbstractHandler  - stopping org.eclipse.jetty.server.Server@4e189625
2018-08-06 06:29:20,652 [main] DEBUG org.eclipse.jetty.util.component.AbstractLifeCycle  - stopping org.eclipse.jetty.server.session.HashSessionIdManager@575fb87
2018-08-06 06:29:20,652 [main] DEBUG org.eclipse.jetty.util.component.AbstractLifeCycle  - STOPPED org.eclipse.jetty.server.session.HashSessionIdManager@575fb87
2018-08-06 06:29:20,652 [main] DEBUG org.eclipse.jetty.util.component.AbstractLifeCycle  - stopping qtp657302165{8&lt;=8&lt;=8/254,0}
2018-08-06 06:29:20,703 [main] DEBUG org.eclipse.jetty.util.component.AbstractLifeCycle  - STOPPED qtp657302165{8&lt;=0&lt;=0/254,6}
2018-08-06 06:29:20,703 [main] DEBUG org.eclipse.jetty.util.component.AbstractLifeCycle  - STOPPED org.eclipse.jetty.server.Server@4e189625
</stdout>
          <failedSince>3614</failedSince>
        </case>
        <case>
          <duration>30.458</duration>
          <className>com.cumulocity.smartrest.SmartRESTModuleTest</className>
          <testName>shouldCreateMeasurementWithCorrectUTF8UsingTemplate</testName>
          <skipped>false</skipped>
          <errorStackTrace>java.lang.Exception: test timed out after 30000 milliseconds
	at com.cumulocity.smartrest.SmartRESTModuleTest.shouldCreateMeasurementWithCorrectUTF8UsingTemplate(SmartRESTModuleTest.java:108)
</errorStackTrace>
          <errorDetails>test timed out after 30000 milliseconds</errorDetails>
          <stdout>2018-08-06 06:29:20,704 [main] DEBUG org.eclipse.jetty.servlet.ServletHandler  - filterNameMap={}
2018-08-06 06:29:20,704 [main] DEBUG org.eclipse.jetty.servlet.ServletHandler  - pathFilters=null
2018-08-06 06:29:20,704 [main] DEBUG org.eclipse.jetty.servlet.ServletHandler  - servletFilterMap=null
2018-08-06 06:29:20,704 [main] DEBUG org.eclipse.jetty.servlet.ServletHandler  - servletPathMap={/templates/*=managedObjects}
2018-08-06 06:29:20,704 [main] DEBUG org.eclipse.jetty.servlet.ServletHandler  - servletNameMap={managedObjects=managedObjects}
2018-08-06 06:29:20,704 [main] DEBUG org.eclipse.jetty.servlet.ServletHandler  - filterNameMap={}
2018-08-06 06:29:20,704 [main] DEBUG org.eclipse.jetty.servlet.ServletHandler  - pathFilters=null
2018-08-06 06:29:20,704 [main] DEBUG org.eclipse.jetty.servlet.ServletHandler  - servletFilterMap=null
2018-08-06 06:29:20,704 [main] DEBUG org.eclipse.jetty.servlet.ServletHandler  - servletPathMap={/measurements/*=measurements}
2018-08-06 06:29:20,704 [main] DEBUG org.eclipse.jetty.servlet.ServletHandler  - servletNameMap={measurements=measurements}
2018-08-06 06:29:20,704 [main] DEBUG org.eclipse.jetty.util.component.Container  - Container org.eclipse.jetty.server.Server@107f774f + SelectChannelConnector@0.0.0.0:8586 as connector
2018-08-06 06:29:20,705 [main] DEBUG org.eclipse.jetty.util.component.Container  - Container o.e.j.w.WebAppContext{/s,file:/var/jenkins_home/workspace/Cumulocity-Platform-Services-BUILD/smartrest/src/test/webapp/} - org.eclipse.jetty.servlet.ErrorPageErrorHandler@5e7cf14d as error
2018-08-06 06:29:20,705 [main] DEBUG org.eclipse.jetty.util.component.Container  - Container o.e.j.w.WebAppContext{/s,file:/var/jenkins_home/workspace/Cumulocity-Platform-Services-BUILD/smartrest/src/test/webapp/} - org.eclipse.jetty.servlet.ErrorPageErrorHandler@bc6a29d as error
2018-08-06 06:29:20,705 [main] DEBUG org.eclipse.jetty.util.component.Container  - Container o.e.j.w.WebAppContext{/s,file:/var/jenkins_home/workspace/Cumulocity-Platform-Services-BUILD/smartrest/src/test/webapp/} - org.eclipse.jetty.servlet.ErrorPageErrorHandler@30297f31 as error
2018-08-06 06:29:20,705 [main] DEBUG org.eclipse.jetty.util.component.Container  - Container o.e.j.w.WebAppContext{/s,file:/var/jenkins_home/workspace/Cumulocity-Platform-Services-BUILD/smartrest/src/test/webapp/} + org.eclipse.jetty.servlet.ErrorPageErrorHandler@5e7cf14d as error
2018-08-06 06:29:20,705 [main] DEBUG org.eclipse.jetty.util.component.Container  - Container o.e.j.w.WebAppContext{/s,file:/var/jenkins_home/workspace/Cumulocity-Platform-Services-BUILD/smartrest/src/test/webapp/} + org.eclipse.jetty.servlet.ErrorPageErrorHandler@bc6a29d as error
2018-08-06 06:29:20,705 [main] DEBUG org.eclipse.jetty.util.component.Container  - Container o.e.j.w.WebAppContext{/s,file:/var/jenkins_home/workspace/Cumulocity-Platform-Services-BUILD/smartrest/src/test/webapp/} + org.eclipse.jetty.servlet.ErrorPageErrorHandler@30297f31 as error
2018-08-06 06:29:20,705 [main] DEBUG org.eclipse.jetty.util.component.Container  - Container o.e.j.w.WebAppContext{/s,file:/var/jenkins_home/workspace/Cumulocity-Platform-Services-BUILD/smartrest/src/test/webapp/} + org.eclipse.jetty.servlet.ErrorPageErrorHandler@2071ebff as error
2018-08-06 06:29:20,705 [main] DEBUG org.eclipse.jetty.util.component.Container  - Container org.eclipse.jetty.server.handler.HandlerList@173cc2fd + o.e.j.w.WebAppContext{/s,file:/var/jenkins_home/workspace/Cumulocity-Platform-Services-BUILD/smartrest/src/test/webapp/} as handler
2018-08-06 06:29:20,705 [main] DEBUG org.eclipse.jetty.util.component.Container  - Container org.eclipse.jetty.server.handler.HandlerList@173cc2fd + o.e.j.s.ServletContextHandler{/inventory,null} as handler
2018-08-06 06:29:20,705 [main] DEBUG org.eclipse.jetty.util.component.Container  - Container org.eclipse.jetty.server.handler.HandlerList@173cc2fd + o.e.j.s.ServletContextHandler{/measurement,null} as handler
2018-08-06 06:29:20,705 [main] DEBUG org.eclipse.jetty.util.component.Container  - Container org.eclipse.jetty.server.handler.HandlerList@173cc2fd + o.e.j.w.WebAppContext{/s,file:/var/jenkins_home/workspace/Cumulocity-Platform-Services-BUILD/smartrest/src/test/webapp/} as handler
2018-08-06 06:29:20,705 [main] DEBUG org.eclipse.jetty.util.component.Container  - Container org.eclipse.jetty.server.handler.HandlerList@173cc2fd + o.e.j.s.ServletContextHandler{/inventory,null} as handler
2018-08-06 06:29:20,705 [main] DEBUG org.eclipse.jetty.util.component.Container  - Container org.eclipse.jetty.server.handler.HandlerList@173cc2fd + o.e.j.s.ServletContextHandler{/measurement,null} as handler
2018-08-06 06:29:20,705 [main] DEBUG org.eclipse.jetty.util.component.Container  - Container org.eclipse.jetty.server.handler.HandlerList@173cc2fd + o.e.j.w.WebAppContext{/s,file:/var/jenkins_home/workspace/Cumulocity-Platform-Services-BUILD/smartrest/src/test/webapp/} as handler
2018-08-06 06:29:20,705 [main] DEBUG org.eclipse.jetty.util.component.Container  - Container org.eclipse.jetty.server.handler.HandlerList@173cc2fd + o.e.j.s.ServletContextHandler{/inventory,null} as handler
2018-08-06 06:29:20,705 [main] DEBUG org.eclipse.jetty.util.component.Container  - Container org.eclipse.jetty.server.handler.HandlerList@173cc2fd + o.e.j.s.ServletContextHandler{/measurement,null} as handler
2018-08-06 06:29:20,705 [main] DEBUG org.eclipse.jetty.util.component.Container  - Container org.eclipse.jetty.server.handler.HandlerList@173cc2fd + o.e.j.w.WebAppContext{/s,file:/var/jenkins_home/workspace/Cumulocity-Platform-Services-BUILD/smartrest/src/test/webapp/} as handler
2018-08-06 06:29:20,705 [main] DEBUG org.eclipse.jetty.util.component.Container  - Container org.eclipse.jetty.server.handler.HandlerList@173cc2fd + o.e.j.s.ServletContextHandler{/inventory,null} as handler
2018-08-06 06:29:20,705 [main] DEBUG org.eclipse.jetty.util.component.Container  - Container org.eclipse.jetty.server.handler.HandlerList@173cc2fd + o.e.j.s.ServletContextHandler{/measurement,null} as handler
2018-08-06 06:29:20,705 [main] DEBUG org.eclipse.jetty.util.component.Container  - Container org.eclipse.jetty.server.Server@107f774f + org.eclipse.jetty.server.handler.HandlerList@173cc2fd as handler
2018-08-06 06:29:20,705 [main] DEBUG org.eclipse.jetty.util.component.AbstractLifeCycle  - starting org.eclipse.jetty.server.Server@107f774f
2018-08-06 06:29:20,705 [main] INFO  org.eclipse.jetty.server.Server  - jetty-8.1.19.v20160209
2018-08-06 06:29:20,705 [main] DEBUG org.eclipse.jetty.util.component.Container  - Container org.eclipse.jetty.server.Server@107f774f + qtp371555318{8&lt;=0&lt;=0/254,-1} as threadpool
2018-08-06 06:29:20,705 [main] DEBUG org.eclipse.jetty.util.component.AbstractLifeCycle  - starting org.eclipse.jetty.server.handler.HandlerList@173cc2fd
2018-08-06 06:29:20,706 [main] DEBUG org.eclipse.jetty.util.component.AbstractLifeCycle  - starting o.e.j.w.WebAppContext{/s,file:/var/jenkins_home/workspace/Cumulocity-Platform-Services-BUILD/smartrest/src/test/webapp/}
2018-08-06 06:29:20,706 [main] DEBUG org.eclipse.jetty.webapp.WebAppContext  - Thread Context classloader sun.misc.Launcher$AppClassLoader@741378ec
2018-08-06 06:29:20,706 [main] DEBUG org.eclipse.jetty.webapp.WebAppContext  - Parent class loader: sun.misc.Launcher$ExtClassLoader@2a68097d 
2018-08-06 06:29:20,706 [main] DEBUG org.eclipse.jetty.webapp.WebAppContext  - preConfigure o.e.j.w.WebAppContext{/s,file:/var/jenkins_home/workspace/Cumulocity-Platform-Services-BUILD/smartrest/src/test/webapp/} with org.eclipse.jetty.webapp.WebInfConfiguration@c229885
2018-08-06 06:29:20,706 [main] DEBUG org.eclipse.jetty.webapp.WebInfConfiguration  - Set temp dir /tmp/jetty-0.0.0.0-8586-webapp-_s-any-
2018-08-06 06:29:20,706 [main] DEBUG org.eclipse.jetty.webapp.WebAppContext  - preConfigure o.e.j.w.WebAppContext{/s,file:/var/jenkins_home/workspace/Cumulocity-Platform-Services-BUILD/smartrest/src/test/webapp/} with org.eclipse.jetty.webapp.WebXmlConfiguration@377c016e
2018-08-06 06:29:20,709 [main] DEBUG org.eclipse.jetty.webapp.WebDescriptor  - jar:file:/var/jenkins_home/m2/repository/org/eclipse/jetty/jetty-webapp/8.1.19.v20160209/jetty-webapp-8.1.19.v20160209.jar!/org/eclipse/jetty/webapp/webdefault.xml: Calculated metadatacomplete = True with version=2.5
2018-08-06 06:29:20,709 [main] DEBUG org.eclipse.jetty.webapp.WebDescriptor  - file:/var/jenkins_home/workspace/Cumulocity-Platform-Services-BUILD/smartrest/src/test/webapp/WEB-INF/web.xml: Calculated metadatacomplete = NotSet with version=2.4
2018-08-06 06:29:20,709 [main] DEBUG org.eclipse.jetty.webapp.WebAppContext  - preConfigure o.e.j.w.WebAppContext{/s,file:/var/jenkins_home/workspace/Cumulocity-Platform-Services-BUILD/smartrest/src/test/webapp/} with org.eclipse.jetty.webapp.MetaInfConfiguration@680bb9fb
2018-08-06 06:29:20,709 [main] DEBUG org.eclipse.jetty.webapp.WebAppContext  - preConfigure o.e.j.w.WebAppContext{/s,file:/var/jenkins_home/workspace/Cumulocity-Platform-Services-BUILD/smartrest/src/test/webapp/} with org.eclipse.jetty.webapp.FragmentConfiguration@59df431a
2018-08-06 06:29:20,709 [main] DEBUG org.eclipse.jetty.webapp.WebAppContext  - preConfigure o.e.j.w.WebAppContext{/s,file:/var/jenkins_home/workspace/Cumulocity-Platform-Services-BUILD/smartrest/src/test/webapp/} with org.eclipse.jetty.webapp.JettyWebXmlConfiguration@50ae8e0e
2018-08-06 06:29:20,709 [main] DEBUG org.eclipse.jetty.webapp.WebAppContext  - configure o.e.j.w.WebAppContext{/s,file:/var/jenkins_home/workspace/Cumulocity-Platform-Services-BUILD/smartrest/src/test/webapp/} with org.eclipse.jetty.webapp.WebInfConfiguration@c229885
2018-08-06 06:29:20,710 [main] DEBUG org.eclipse.jetty.webapp.WebAppContext  - configure o.e.j.w.WebAppContext{/s,file:/var/jenkins_home/workspace/Cumulocity-Platform-Services-BUILD/smartrest/src/test/webapp/} with org.eclipse.jetty.webapp.WebXmlConfiguration@377c016e
2018-08-06 06:29:20,710 [main] DEBUG org.eclipse.jetty.webapp.WebAppContext  - configure o.e.j.w.WebAppContext{/s,file:/var/jenkins_home/workspace/Cumulocity-Platform-Services-BUILD/smartrest/src/test/webapp/} with org.eclipse.jetty.webapp.MetaInfConfiguration@680bb9fb
2018-08-06 06:29:20,710 [main] DEBUG org.eclipse.jetty.webapp.WebAppContext  - configure o.e.j.w.WebAppContext{/s,file:/var/jenkins_home/workspace/Cumulocity-Platform-Services-BUILD/smartrest/src/test/webapp/} with org.eclipse.jetty.webapp.FragmentConfiguration@59df431a
2018-08-06 06:29:20,710 [main] DEBUG org.eclipse.jetty.webapp.WebAppContext  - configure o.e.j.w.WebAppContext{/s,file:/var/jenkins_home/workspace/Cumulocity-Platform-Services-BUILD/smartrest/src/test/webapp/} with org.eclipse.jetty.webapp.JettyWebXmlConfiguration@50ae8e0e
2018-08-06 06:29:20,710 [main] DEBUG org.eclipse.jetty.webapp.JettyWebXmlConfiguration  - Configuring web-jetty.xml
2018-08-06 06:29:20,710 [main] DEBUG org.eclipse.jetty.webapp.MetaData  - metadata resolve o.e.j.w.WebAppContext{/s,file:/var/jenkins_home/workspace/Cumulocity-Platform-Services-BUILD/smartrest/src/test/webapp/}
2018-08-06 06:29:20,710 [main] DEBUG org.eclipse.jetty.util.component.Container  - Container org.eclipse.jetty.servlet.ServletHandler@1538c1e3 + default as servlet
2018-08-06 06:29:20,710 [main] DEBUG org.eclipse.jetty.util.component.Container  - Container org.eclipse.jetty.servlet.ServletHandler@1538c1e3 + [/]=&gt;default as servletMapping
2018-08-06 06:29:20,710 [main] DEBUG org.eclipse.jetty.servlet.ServletHandler  - filterNameMap={}
2018-08-06 06:29:20,710 [main] DEBUG org.eclipse.jetty.servlet.ServletHandler  - pathFilters=[]
2018-08-06 06:29:20,710 [main] DEBUG org.eclipse.jetty.servlet.ServletHandler  - servletFilterMap={}
2018-08-06 06:29:20,710 [main] DEBUG org.eclipse.jetty.servlet.ServletHandler  - servletPathMap={/=default}
2018-08-06 06:29:20,710 [main] DEBUG org.eclipse.jetty.servlet.ServletHandler  - servletNameMap={default=default}
2018-08-06 06:29:20,710 [main] DEBUG org.eclipse.jetty.util.component.Container  - Container org.eclipse.jetty.servlet.ServletHandler@1538c1e3 + jsp as servlet
2018-08-06 06:29:20,711 [main] INFO  org.eclipse.jetty.webapp.StandardDescriptorProcessor  - NO JSP Support for /s, did not find org.apache.jasper.servlet.JspServlet
2018-08-06 06:29:20,711 [main] DEBUG org.eclipse.jetty.util.component.Container  - Container org.eclipse.jetty.servlet.ServletHandler@1538c1e3 + [*.jsp, *.jspf, *.jspx, *.xsp, *.JSP, *.JSPF, *.JSPX, *.XSP]=&gt;jsp as servletMapping
2018-08-06 06:29:20,711 [main] DEBUG org.eclipse.jetty.servlet.ServletHandler  - filterNameMap={}
2018-08-06 06:29:20,711 [main] DEBUG org.eclipse.jetty.servlet.ServletHandler  - pathFilters=[]
2018-08-06 06:29:20,711 [main] DEBUG org.eclipse.jetty.servlet.ServletHandler  - servletFilterMap={}
2018-08-06 06:29:20,711 [main] DEBUG org.eclipse.jetty.servlet.ServletHandler  - servletPathMap={*.XSP=jsp, *.JSPX=jsp, *.jspf=jsp, *.jsp=jsp, *.JSPF=jsp, *.jspx=jsp, *.xsp=jsp, /=default, *.JSP=jsp}
2018-08-06 06:29:20,711 [main] DEBUG org.eclipse.jetty.servlet.ServletHandler  - servletNameMap={jsp=jsp, default=default}
2018-08-06 06:29:20,711 [main] DEBUG org.eclipse.jetty.webapp.StandardDescriptorProcessor  - ContextParam: contextClass=org.springframework.web.context.support.XmlWebApplicationContext
2018-08-06 06:29:20,711 [main] DEBUG org.eclipse.jetty.webapp.StandardDescriptorProcessor  - ContextParam: contextConfigLocation=classpath*:META-INF/spring/smartrest-rest-context.xml
2018-08-06 06:29:20,712 [main] DEBUG org.eclipse.jetty.util.component.Container  - Container org.eclipse.jetty.servlet.ServletHandler@1538c1e3 + hiddenHttpMethodFilter as filter
2018-08-06 06:29:20,712 [main] DEBUG org.eclipse.jetty.util.component.Container  - Container org.eclipse.jetty.servlet.ServletHandler@1538c1e3 + [/*]/[]==0=&gt;hiddenHttpMethodFilter as filterMapping
2018-08-06 06:29:20,712 [main] DEBUG org.eclipse.jetty.servlet.ServletHandler  - filterNameMap={hiddenHttpMethodFilter=hiddenHttpMethodFilter}
2018-08-06 06:29:20,712 [main] DEBUG org.eclipse.jetty.servlet.ServletHandler  - pathFilters=[[/*]/[]==0=&gt;hiddenHttpMethodFilter]
2018-08-06 06:29:20,712 [main] DEBUG org.eclipse.jetty.servlet.ServletHandler  - servletFilterMap={}
2018-08-06 06:29:20,712 [main] DEBUG org.eclipse.jetty.servlet.ServletHandler  - servletPathMap={*.XSP=jsp, *.JSPX=jsp, *.jspf=jsp, *.jsp=jsp, *.JSPF=jsp, *.jspx=jsp, *.xsp=jsp, /=default, *.JSP=jsp}
2018-08-06 06:29:20,712 [main] DEBUG org.eclipse.jetty.servlet.ServletHandler  - servletNameMap={jsp=jsp, default=default}
2018-08-06 06:29:20,712 [main] DEBUG org.eclipse.jetty.util.component.Container  - Container org.eclipse.jetty.servlet.ServletHandler@1538c1e3 + proxyRequestHandler as servlet
2018-08-06 06:29:20,712 [main] DEBUG org.eclipse.jetty.util.component.Container  - Container org.eclipse.jetty.servlet.ServletHandler@1538c1e3 + [/*]=&gt;proxyRequestHandler as servletMapping
2018-08-06 06:29:20,712 [main] DEBUG org.eclipse.jetty.servlet.ServletHandler  - filterNameMap={hiddenHttpMethodFilter=hiddenHttpMethodFilter}
2018-08-06 06:29:20,712 [main] DEBUG org.eclipse.jetty.servlet.ServletHandler  - pathFilters=[[/*]/[]==0=&gt;hiddenHttpMethodFilter]
2018-08-06 06:29:20,712 [main] DEBUG org.eclipse.jetty.servlet.ServletHandler  - servletFilterMap={}
2018-08-06 06:29:20,712 [main] DEBUG org.eclipse.jetty.servlet.ServletHandler  - servletPathMap={*.XSP=jsp, *.JSPX=jsp, *.jspf=jsp, *.jsp=jsp, *.JSPF=jsp, *.jspx=jsp, /*=proxyRequestHandler, *.xsp=jsp, /=default, *.JSP=jsp}
2018-08-06 06:29:20,712 [main] DEBUG org.eclipse.jetty.servlet.ServletHandler  - servletNameMap={jsp=jsp, default=default, proxyRequestHandler=proxyRequestHandler}
2018-08-06 06:29:20,712 [main] DEBUG org.eclipse.jetty.util.component.Container  - Container org.eclipse.jetty.server.session.SessionHandler@1ce89199 - org.eclipse.jetty.server.session.HashSessionManager@68aee2a2 as sessionManager
2018-08-06 06:29:20,712 [main] DEBUG org.eclipse.jetty.util.component.Container  - Container org.eclipse.jetty.servlet.ServletHandler@1538c1e3 - hiddenHttpMethodFilter as filter
2018-08-06 06:29:20,712 [main] DEBUG org.eclipse.jetty.util.component.Container  - Container org.eclipse.jetty.servlet.ServletHandler@1538c1e3 - [/*]/[]==0=&gt;hiddenHttpMethodFilter as filterMapping
2018-08-06 06:29:20,712 [main] DEBUG org.eclipse.jetty.util.component.Container  - Container org.eclipse.jetty.servlet.ServletHandler@1538c1e3 - proxyRequestHandler as servlet
2018-08-06 06:29:20,712 [main] DEBUG org.eclipse.jetty.util.component.Container  - Container org.eclipse.jetty.servlet.ServletHandler@1538c1e3 - jsp as servlet
2018-08-06 06:29:20,712 [main] DEBUG org.eclipse.jetty.util.component.Container  - Container org.eclipse.jetty.servlet.ServletHandler@1538c1e3 - default as servlet
2018-08-06 06:29:20,712 [main] DEBUG org.eclipse.jetty.util.component.Container  - Container org.eclipse.jetty.servlet.ServletHandler@1538c1e3 - [/*]=&gt;proxyRequestHandler as servletMapping
2018-08-06 06:29:20,712 [main] DEBUG org.eclipse.jetty.util.component.Container  - Container org.eclipse.jetty.servlet.ServletHandler@1538c1e3 - [*.jsp, *.jspf, *.jspx, *.xsp, *.JSP, *.JSPF, *.JSPX, *.XSP]=&gt;jsp as servletMapping
2018-08-06 06:29:20,712 [main] DEBUG org.eclipse.jetty.util.component.Container  - Container org.eclipse.jetty.servlet.ServletHandler@1538c1e3 - [/]=&gt;default as servletMapping
2018-08-06 06:29:20,712 [main] DEBUG org.eclipse.jetty.util.component.Container  - Container org.eclipse.jetty.servlet.ServletHandler@1538c1e3 + hiddenHttpMethodFilter as filter
2018-08-06 06:29:20,712 [main] DEBUG org.eclipse.jetty.util.component.Container  - Container org.eclipse.jetty.servlet.ServletHandler@1538c1e3 + [/*]/[]==0=&gt;hiddenHttpMethodFilter as filterMapping
2018-08-06 06:29:20,712 [main] DEBUG org.eclipse.jetty.util.component.Container  - Container org.eclipse.jetty.servlet.ServletHandler@1538c1e3 + default as servlet
2018-08-06 06:29:20,713 [main] DEBUG org.eclipse.jetty.util.component.Container  - Container org.eclipse.jetty.servlet.ServletHandler@1538c1e3 + jsp as servlet
2018-08-06 06:29:20,713 [main] DEBUG org.eclipse.jetty.util.component.Container  - Container org.eclipse.jetty.servlet.ServletHandler@1538c1e3 + proxyRequestHandler as servlet
2018-08-06 06:29:20,713 [main] DEBUG org.eclipse.jetty.util.component.Container  - Container org.eclipse.jetty.servlet.ServletHandler@1538c1e3 + [/]=&gt;default as servletMapping
2018-08-06 06:29:20,713 [main] DEBUG org.eclipse.jetty.util.component.Container  - Container org.eclipse.jetty.servlet.ServletHandler@1538c1e3 + [*.jsp, *.jspf, *.jspx, *.xsp, *.JSP, *.JSPF, *.JSPX, *.XSP]=&gt;jsp as servletMapping
2018-08-06 06:29:20,713 [main] DEBUG org.eclipse.jetty.util.component.Container  - Container org.eclipse.jetty.servlet.ServletHandler@1538c1e3 + [/*]=&gt;proxyRequestHandler as servletMapping
2018-08-06 06:29:20,713 [main] DEBUG org.eclipse.jetty.util.component.Container  - Container org.eclipse.jetty.security.ConstraintSecurityHandler@414128f7 + org.eclipse.jetty.servlet.ServletHandler@1538c1e3 as handler
2018-08-06 06:29:20,713 [main] DEBUG org.eclipse.jetty.util.component.Container  - Container org.eclipse.jetty.server.session.SessionHandler@1ce89199 + org.eclipse.jetty.security.ConstraintSecurityHandler@414128f7 as handler
2018-08-06 06:29:20,713 [main] DEBUG org.eclipse.jetty.util.component.Container  - Container org.eclipse.jetty.server.session.SessionHandler@1ce89199 + org.eclipse.jetty.server.session.HashSessionManager@68aee2a2 as sessionManager
2018-08-06 06:29:20,713 [main] DEBUG org.eclipse.jetty.util.component.Container  - Container o.e.j.w.WebAppContext{/s,file:/var/jenkins_home/workspace/Cumulocity-Platform-Services-BUILD/smartrest/src/test/webapp/} + org.eclipse.jetty.server.session.SessionHandler@1ce89199 as handler
2018-08-06 06:29:20,713 [main] DEBUG org.eclipse.jetty.util.component.AbstractLifeCycle  - starting org.eclipse.jetty.server.session.SessionHandler@1ce89199
2018-08-06 06:29:20,713 [main] DEBUG org.eclipse.jetty.util.component.AbstractLifeCycle  - starting org.eclipse.jetty.server.session.HashSessionManager@68aee2a2
2018-08-06 06:29:20,713 [main] DEBUG org.eclipse.jetty.util.component.AbstractLifeCycle  - STARTED org.eclipse.jetty.server.session.HashSessionManager@68aee2a2
2018-08-06 06:29:20,713 [main] DEBUG org.eclipse.jetty.util.component.AbstractLifeCycle  - starting org.eclipse.jetty.security.ConstraintSecurityHandler@414128f7
2018-08-06 06:29:20,713 [main] DEBUG org.eclipse.jetty.util.component.AbstractLifeCycle  - starting org.eclipse.jetty.servlet.ServletHandler@1538c1e3
2018-08-06 06:29:20,713 [main] DEBUG org.eclipse.jetty.servlet.ServletHandler  - filterNameMap={hiddenHttpMethodFilter=hiddenHttpMethodFilter}
2018-08-06 06:29:20,713 [main] DEBUG org.eclipse.jetty.servlet.ServletHandler  - pathFilters=[[/*]/[]==0=&gt;hiddenHttpMethodFilter]
2018-08-06 06:29:20,713 [main] DEBUG org.eclipse.jetty.servlet.ServletHandler  - servletFilterMap={}
2018-08-06 06:29:20,713 [main] DEBUG org.eclipse.jetty.servlet.ServletHandler  - servletPathMap={*.XSP=jsp, *.JSPX=jsp, *.jspf=jsp, *.jsp=jsp, *.JSPF=jsp, *.jspx=jsp, /*=proxyRequestHandler, *.xsp=jsp, /=default, *.JSP=jsp}
2018-08-06 06:29:20,713 [main] DEBUG org.eclipse.jetty.servlet.ServletHandler  - servletNameMap={jsp=jsp, default=default, proxyRequestHandler=proxyRequestHandler}
2018-08-06 06:29:20,713 [main] DEBUG org.eclipse.jetty.server.handler.AbstractHandler  - starting org.eclipse.jetty.servlet.ServletHandler@1538c1e3
2018-08-06 06:29:20,713 [main] DEBUG org.eclipse.jetty.util.component.AbstractLifeCycle  - STARTED org.eclipse.jetty.servlet.ServletHandler@1538c1e3
2018-08-06 06:29:20,713 [main] DEBUG org.eclipse.jetty.server.handler.AbstractHandler  - starting org.eclipse.jetty.security.ConstraintSecurityHandler@414128f7
2018-08-06 06:29:20,713 [main] DEBUG org.eclipse.jetty.util.component.AbstractLifeCycle  - STARTED org.eclipse.jetty.security.ConstraintSecurityHandler@414128f7
2018-08-06 06:29:20,713 [main] DEBUG org.eclipse.jetty.server.handler.AbstractHandler  - starting org.eclipse.jetty.server.session.SessionHandler@1ce89199
2018-08-06 06:29:20,713 [main] DEBUG org.eclipse.jetty.util.component.AbstractLifeCycle  - STARTED org.eclipse.jetty.server.session.SessionHandler@1ce89199
2018-08-06 06:29:20,713 [main] DEBUG org.eclipse.jetty.server.handler.AbstractHandler  - starting o.e.j.w.WebAppContext{/s,file:/var/jenkins_home/workspace/Cumulocity-Platform-Services-BUILD/smartrest/src/test/webapp/}
2018-08-06 06:29:20,713 [main] DEBUG org.eclipse.jetty.util.component.AbstractLifeCycle  - starting org.eclipse.jetty.servlet.ErrorPageErrorHandler@5e7cf14d
2018-08-06 06:29:20,714 [main] DEBUG org.eclipse.jetty.server.handler.AbstractHandler  - starting org.eclipse.jetty.servlet.ErrorPageErrorHandler@5e7cf14d
2018-08-06 06:29:20,714 [main] DEBUG org.eclipse.jetty.util.component.AbstractLifeCycle  - STARTED org.eclipse.jetty.servlet.ErrorPageErrorHandler@5e7cf14d
2018-08-06 06:29:20,714 [main] INFO  SmartREST Proxy  - Initializing Spring root WebApplicationContext
2018-08-06 06:29:20,714 [main] INFO  org.springframework.web.context.ContextLoader  - Root WebApplicationContext: initialization started
2018-08-06 06:29:20,714 [main] DEBUG org.springframework.web.context.support.StandardServletEnvironment  - Adding [servletConfigInitParams] PropertySource with lowest search precedence
2018-08-06 06:29:20,714 [main] DEBUG org.springframework.web.context.support.StandardServletEnvironment  - Adding [servletContextInitParams] PropertySource with lowest search precedence
2018-08-06 06:29:20,714 [main] DEBUG org.springframework.web.context.support.StandardServletEnvironment  - Adding [jndiProperties] PropertySource with lowest search precedence
2018-08-06 06:29:20,714 [main] DEBUG org.springframework.web.context.support.StandardServletEnvironment  - Adding [systemProperties] PropertySource with lowest search precedence
2018-08-06 06:29:20,714 [main] DEBUG org.springframework.web.context.support.StandardServletEnvironment  - Adding [systemEnvironment] PropertySource with lowest search precedence
2018-08-06 06:29:20,714 [main] DEBUG org.springframework.web.context.support.StandardServletEnvironment  - Initialized StandardServletEnvironment with PropertySources [servletConfigInitParams,servletContextInitParams,jndiProperties,systemProperties,systemEnvironment]
2018-08-06 06:29:20,714 [main] DEBUG org.springframework.web.context.support.StandardServletEnvironment  - Replacing [servletContextInitParams] PropertySource with [servletContextInitParams]
2018-08-06 06:29:20,714 [main] INFO  org.springframework.web.context.support.XmlWebApplicationContext  - Refreshing Root WebApplicationContext: startup date [Mon Aug 06 06:29:20 UTC 2018]; root of context hierarchy
2018-08-06 06:29:20,715 [main] DEBUG org.springframework.core.env.StandardEnvironment  - Adding [systemProperties] PropertySource with lowest search precedence
2018-08-06 06:29:20,715 [main] DEBUG org.springframework.core.env.StandardEnvironment  - Adding [systemEnvironment] PropertySource with lowest search precedence
2018-08-06 06:29:20,715 [main] DEBUG org.springframework.core.env.StandardEnvironment  - Initialized StandardEnvironment with PropertySources [systemProperties,systemEnvironment]
2018-08-06 06:29:20,715 [main] INFO  org.springframework.beans.factory.xml.XmlBeanDefinitionReader  - Loading XML bean definitions from URL [file:/var/jenkins_home/workspace/Cumulocity-Platform-Services-BUILD/smartrest/target/classes/META-INF/spring/smartrest-rest-context.xml]
2018-08-06 06:29:20,716 [main] DEBUG org.springframework.beans.factory.xml.DefaultDocumentLoader  - Using JAXP provider [com.sun.org.apache.xerces.internal.jaxp.DocumentBuilderFactoryImpl]
2018-08-06 06:29:20,717 [main] DEBUG org.springframework.beans.factory.xml.PluggableSchemaResolver  - Loading schema mappings from [META-INF/spring.schemas]
2018-08-06 06:29:20,718 [main] DEBUG org.springframework.beans.factory.xml.PluggableSchemaResolver  - Loaded schema mappings: {http://www.springframework.org/schema/context/spring-context-3.1.xsd=org/springframework/context/config/spring-context-3.1.xsd, http://www.springframework.org/schema/util/spring-util-3.0.xsd=org/springframework/beans/factory/xml/spring-util-3.0.xsd, http://cxf.apache.org/schemas/configuration/http-conf.xsd=schemas/configuration/http-conf.xsd, http://cxf.apache.org/configuration/parameterized-types=schemas/configuration/parameterized-types.xsd, http://www.springframework.org/schema/security/spring-security-3.0.3.xsd=org/springframework/security/config/spring-security-3.0.3.xsd, http://www.springframework.org/schema/tool/spring-tool.xsd=org/springframework/beans/factory/xml/spring-tool-3.2.xsd, http://www.springframework.org/schema/aop/spring-aop-3.2.xsd=org/springframework/aop/config/spring-aop-3.2.xsd, http://www.springframework.org/schema/security/spring-security-2.0.1.xsd=org/springframework/security/config/spring-security-2.0.1.xsd, http://cxf.apache.org/schemas/jaxrs.xsd=schemas/jaxrs.xsd, http://www.springframework.org/schema/lang/spring-lang-3.2.xsd=org/springframework/scripting/config/spring-lang-3.2.xsd, http://www.springframework.org/schema/osgi-compendium/spring-osgi-compendium-1.2.xsd=org/springframework/osgi/compendium/config/spring-osgi-compendium-1.2.xsd, http://www.springframework.org/schema/cache/spring-cache-3.2.xsd=org/springframework/cache/config/spring-cache-3.2.xsd, http://www.springframework.org/schema/util/spring-util-2.0.xsd=org/springframework/beans/factory/xml/spring-util-2.0.xsd, http://www.springframework.org/schema/osgi/spring-osgi-1.2.xsd=org/springframework/osgi/config/spring-osgi-1.2.xsd, http://www.springframework.org/schema/tool/spring-tool-3.2.xsd=org/springframework/beans/factory/xml/spring-tool-3.2.xsd, http://www.springframework.org/schema/context/spring-context.xsd=org/springframework/context/config/spring-context-3.2.xsd, http://schemas.xmlsoap.org/ws/2004/08/addressing=schemas/wsdl/addressing.xsd, http://www.springframework.org/schema/security/spring-security-2.0.xsd=org/springframework/security/config/spring-security-2.0.xsd, http://www.springframework.org/schema/jee/spring-jee-3.2.xsd=org/springframework/ejb/config/spring-jee-3.2.xsd, http://www.springframework.org/schema/context/spring-context-3.0.xsd=org/springframework/context/config/spring-context-3.0.xsd, http://www.springframework.org/schema/util/spring-util-2.5.xsd=org/springframework/beans/factory/xml/spring-util-2.5.xsd, http://www.springframework.org/schema/beans/spring-beans-3.2.xsd=org/springframework/beans/factory/xml/spring-beans-3.2.xsd, http://www.springframework.org/schema/aop/spring-aop-3.1.xsd=org/springframework/aop/config/spring-aop-3.1.xsd, http://schemas.xmlsoap.org/wsdl/=schemas/wsdl/wsdl.xsd, http://www.springframework.org/schema/lang/spring-lang-3.1.xsd=org/springframework/scripting/config/spring-lang-3.1.xsd, http://www.springframework.org/schema/osgi-compendium/spring-osgi-compendium-1.1.xsd=org/springframework/osgi/compendium/config/spring-osgi-compendium-1.1.xsd, http://www.springframework.org/schema/cache/spring-cache-3.1.xsd=org/springframework/cache/config/spring-cache-3.1.xsd, http://www.springframework.org/schema/osgi/spring-osgi-1.1.xsd=org/springframework/osgi/config/spring-osgi-1.1.xsd, http://cxf.apache.org/schemas/configuration/http-jetty.xsd=schemas/configuration/http-jetty.xsd, http://www.springframework.org/schema/tool/spring-tool-3.1.xsd=org/springframework/beans/factory/xml/spring-tool-3.1.xsd, http://schemas.xmlsoap.org/wsdl/http/=schemas/wsdl/http.xsd, http://www.springframework.org/schema/jee/spring-jee-3.1.xsd=org/springframework/ejb/config/spring-jee-3.1.xsd, http://cxf.apache.org/schemas/configuration/parameterized-types.xsd=schemas/configuration/parameterized-types.xsd, http://www.springframework.org/schema/task/spring-task-3.2.xsd=org/springframework/scheduling/config/spring-task-3.2.xsd, http://www.springframework.org/schema/beans/spring-beans-3.1.xsd=org/springframework/beans/factory/xml/spring-beans-3.1.xsd, http://www.springframework.org/schema/util/spring-util.xsd=org/springframework/beans/factory/xml/spring-util-3.2.xsd, http://www.springframework.org/schema/aop/spring-aop-3.0.xsd=org/springframework/aop/config/spring-aop-3.0.xsd, http://www.springframework.org/schema/beans/spring-beans.xsd=org/springframework/beans/factory/xml/spring-beans-3.2.xsd, http://www.springframework.org/schema/security/spring-security-2.0.4.xsd=org/springframework/security/config/spring-security-2.0.4.xsd, http://www.springframework.org/schema/lang/spring-lang-3.0.xsd=org/springframework/scripting/config/spring-lang-3.0.xsd, http://schemas.xmlsoap.org/wsdl/2003-02-11.xsd=schemas/wsdl/wsdl.xsd, http://www.springframework.org/schema/osgi-compendium/spring-osgi-compendium-1.0.xsd=org/springframework/osgi/compendium/config/spring-osgi-compendium-1.0.xsd, http://www.springframework.org/schema/context/spring-context-2.5.xsd=org/springframework/context/config/spring-context-2.5.xsd, http://www.springframework.org/schema/tool/spring-tool-3.0.xsd=org/springframework/beans/factory/xml/spring-tool-3.0.xsd, http://www.springframework.org/schema/osgi/spring-osgi-1.0.xsd=org/springframework/osgi/config/spring-osgi-1.0.xsd, http://www.springframework.org/schema/osgi/spring-osgi.xsd=org/springframework/osgi/config/spring-osgi-1.2.xsd, http://www.springframework.org/schema/aop/spring-aop-2.0.xsd=org/springframework/aop/config/spring-aop-2.0.xsd, http://www.springframework.org/schema/security/spring-security-3.2.xsd=org/springframework/security/config/spring-security-3.2.xsd, http://www.springframework.org/schema/jee/spring-jee-3.0.xsd=org/springframework/ejb/config/spring-jee-3.0.xsd, http://www.springframework.org/schema/task/spring-task-3.1.xsd=org/springframework/scheduling/config/spring-task-3.1.xsd, http://www.springframework.org/schema/beans/spring-beans-3.0.xsd=org/springframework/beans/factory/xml/spring-beans-3.0.xsd, http://cxf.apache.org/schemas/wsdl/http-conf.xsd=schemas/wsdl/http-conf.xsd, http://www.springframework.org/schema/jee/spring-jee.xsd=org/springframework/ejb/config/spring-jee-3.2.xsd, http://www.springframework.org/schema/aop/spring-aop-2.5.xsd=org/springframework/aop/config/spring-aop-2.5.xsd, http://www.springframework.org/schema/lang/spring-lang-2.0.xsd=org/springframework/scripting/config/spring-lang-2.0.xsd, http://www.springframework.org/schema/util/spring-util-3.2.xsd=org/springframework/beans/factory/xml/spring-util-3.2.xsd, http://www.springframework.org/schema/task/spring-task.xsd=org/springframework/scheduling/config/spring-task-3.2.xsd, http://www.springframework.org/schema/tool/spring-tool-2.0.xsd=org/springframework/beans/factory/xml/spring-tool-2.0.xsd, http://www.springframework.org/schema/lang/spring-lang-2.5.xsd=org/springframework/scripting/config/spring-lang-2.5.xsd, http://www.springframework.org/schema/jee/spring-jee-2.0.xsd=org/springframework/ejb/config/spring-jee-2.0.xsd, http://www.springframework.org/schema/tool/spring-tool-2.5.xsd=org/springframework/beans/factory/xml/spring-tool-2.5.xsd, http://www.springframework.org/schema/jee/spring-jee-2.5.xsd=org/springframework/ejb/config/spring-jee-2.5.xsd, http://www.springframework.org/schema/security/spring-security-3.1.xsd=org/springframework/security/config/spring-security-3.1.xsd, http://cxf.apache.org/schemas/configuration/cxf-beans.xsd=schemas/configuration/cxf-beans.xsd, http://www.springframework.org/schema/task/spring-task-3.0.xsd=org/springframework/scheduling/config/spring-task-3.0.xsd, http://cxf.apache.org/schemas/core.xsd=schemas/core.xsd, http://www.springframework.org/schema/lang/spring-lang.xsd=org/springframework/scripting/config/spring-lang-3.2.xsd, http://www.springframework.org/schema/context/spring-context-3.2.xsd=org/springframework/context/config/spring-context-3.2.xsd, http://www.springframework.org/schema/util/spring-util-3.1.xsd=org/springframework/beans/factory/xml/spring-util-3.1.xsd, http://www.springframework.org/schema/beans/spring-beans-2.0.xsd=org/springframework/beans/factory/xml/spring-beans-2.0.xsd, http://cxf.apache.org/schemas/configuration/security.xsd=schemas/configuration/security.xsd, http://www.springframework.org/schema/cache/spring-cache.xsd=org/springframework/cache/config/spring-cache-3.2.xsd, http://www.springframework.org/schema/security/spring-security-2.0.2.xsd=org/springframework/security/config/spring-security-2.0.2.xsd, http://www.springframework.org/schema/beans/spring-beans-2.5.xsd=org/springframework/beans/factory/xml/spring-beans-2.5.xsd, http://www.springframework.org/schema/security/spring-security.xsd=org/springframework/security/config/spring-security-3.2.xsd, http://www.springframework.org/schema/security/spring-security-3.0.xsd=org/springframework/security/config/spring-security-3.0.xsd, http://www.springframework.org/schema/aop/spring-aop.xsd=org/springframework/aop/config/spring-aop-3.2.xsd, http://www.springframework.org/schema/osgi-compendium/spring-osgi-compendium.xsd=org/springframework/osgi/compendium/config/spring-osgi-compendium-1.2.xsd}
2018-08-06 06:29:20,719 [main] DEBUG org.springframework.beans.factory.xml.PluggableSchemaResolver  - Found XML schema [http://www.springframework.org/schema/beans/spring-beans.xsd] in classpath: org/springframework/beans/factory/xml/spring-beans-3.2.xsd
2018-08-06 06:29:20,724 [main] DEBUG org.springframework.beans.factory.xml.PluggableSchemaResolver  - Found XML schema [http://www.springframework.org/schema/context/spring-context.xsd] in classpath: org/springframework/context/config/spring-context-3.2.xsd
2018-08-06 06:29:20,725 [main] DEBUG org.springframework.beans.factory.xml.PluggableSchemaResolver  - Found XML schema [http://www.springframework.org/schema/tool/spring-tool-3.2.xsd] in classpath: org/springframework/beans/factory/xml/spring-tool-3.2.xsd
2018-08-06 06:29:20,728 [main] DEBUG org.springframework.beans.factory.xml.DefaultBeanDefinitionDocumentReader  - Loading bean definitions
2018-08-06 06:29:20,728 [main] INFO  org.springframework.beans.factory.xml.XmlBeanDefinitionReader  - Loading XML bean definitions from class path resource [META-INF/cumulocity/configuration/cumulocity-configuration.xml]
2018-08-06 06:29:20,729 [main] DEBUG org.springframework.beans.factory.xml.DefaultDocumentLoader  - Using JAXP provider [com.sun.org.apache.xerces.internal.jaxp.DocumentBuilderFactoryImpl]
2018-08-06 06:29:20,730 [main] DEBUG org.springframework.beans.factory.xml.PluggableSchemaResolver  - Found XML schema [http://www.springframework.org/schema/beans/spring-beans.xsd] in classpath: org/springframework/beans/factory/xml/spring-beans-3.2.xsd
2018-08-06 06:29:20,735 [main] DEBUG org.springframework.beans.factory.xml.PluggableSchemaResolver  - Found XML schema [http://www.springframework.org/schema/util/spring-util.xsd] in classpath: org/springframework/beans/factory/xml/spring-util-3.2.xsd
2018-08-06 06:29:20,736 [main] DEBUG org.springframework.beans.factory.xml.PluggableSchemaResolver  - Found XML schema [http://www.springframework.org/schema/tool/spring-tool-3.2.xsd] in classpath: org/springframework/beans/factory/xml/spring-tool-3.2.xsd
2018-08-06 06:29:20,738 [main] DEBUG org.springframework.beans.factory.xml.DefaultBeanDefinitionDocumentReader  - Loading bean definitions
2018-08-06 06:29:20,738 [main] DEBUG org.springframework.beans.factory.xml.BeanDefinitionParserDelegate  - Neither XML &apos;id&apos; nor &apos;name&apos; specified - using generated bean name [com.cumulocity.common.config.PlatformEnvironment#0]
2018-08-06 06:29:20,739 [main] DEBUG org.springframework.beans.factory.xml.DefaultNamespaceHandlerResolver  - Loaded NamespaceHandler mappings: {http://www.springframework.org/schema/p=org.springframework.beans.factory.xml.SimplePropertyNamespaceHandler, http://cxf.apache.org/transports/http-jetty/configuration=org.apache.cxf.transport.http_jetty.spring.NamespaceHandler, http://www.springframework.org/schema/util=org.springframework.beans.factory.xml.UtilNamespaceHandler, http://www.springframework.org/schema/jee=org.springframework.ejb.config.JeeNamespaceHandler, http://www.springframework.org/schema/osgi=org.springframework.osgi.config.OsgiNamespaceHandler, http://www.springframework.org/schema/aop=org.springframework.aop.config.AopNamespaceHandler, http://cxf.apache.org/transports/http/configuration=org.apache.cxf.transport.http.spring.NamespaceHandler, http://www.springframework.org/schema/cache=org.springframework.cache.config.CacheNamespaceHandler, http://www.springframework.org/schema/c=org.springframework.beans.factory.xml.SimpleConstructorNamespaceHandler, http://www.springframework.org/schema/security=org.springframework.security.config.SecurityNamespaceHandler, http://cxf.apache.org/jaxrs=org.apache.cxf.jaxrs.spring.NamespaceHandler, http://cxf.apache.org/core=org.apache.cxf.bus.spring.NamespaceHandler, http://www.springframework.org/schema/task=org.springframework.scheduling.config.TaskNamespaceHandler, http://www.springframework.org/schema/lang=org.springframework.scripting.config.LangNamespaceHandler, http://www.springframework.org/schema/osgi-compendium=org.springframework.osgi.compendium.config.CompendiumNamespaceHandler, http://www.springframework.org/schema/context=org.springframework.context.config.ContextNamespaceHandler}
2018-08-06 06:29:20,739 [main] DEBUG org.springframework.beans.factory.xml.BeanDefinitionParserDelegate  - Neither XML &apos;id&apos; nor &apos;name&apos; specified - using generated bean name [org.springframework.context.support.PropertySourcesPlaceholderConfigurer#0]
2018-08-06 06:29:20,740 [main] DEBUG org.springframework.beans.factory.xml.XmlBeanDefinitionReader  - Loaded 3 bean definitions from location pattern [classpath:META-INF/cumulocity/configuration/cumulocity-configuration.xml]
2018-08-06 06:29:20,740 [main] DEBUG org.springframework.beans.factory.xml.DefaultBeanDefinitionDocumentReader  - Imported 3 bean definitions from URL location [classpath:META-INF/cumulocity/configuration/cumulocity-configuration.xml]
2018-08-06 06:29:20,740 [main] DEBUG org.springframework.beans.factory.xml.XmlBeanDefinitionReader  - Loaded 13 bean definitions from location pattern [classpath*:META-INF/spring/smartrest-rest-context.xml]
2018-08-06 06:29:20,740 [main] DEBUG org.springframework.web.context.support.XmlWebApplicationContext  - Bean factory for Root WebApplicationContext: org.springframework.beans.factory.support.DefaultListableBeanFactory@6ec9ffaa: defining beans [com.cumulocity.common.config.PlatformEnvironment#0,org.springframework.context.support.PropertySourcesPlaceholderConfigurer#0,configLocations,org.springframework.context.annotation.internalConfigurationAnnotationProcessor,org.springframework.context.annotation.internalAutowiredAnnotationProcessor,org.springframework.context.annotation.internalRequiredAnnotationProcessor,org.springframework.context.annotation.internalCommonAnnotationProcessor,proxyRequestHandler,requestHandler,templateProvider,requestDispatcher,restDispatcherHttpClient,concurrentExecutor]; root of factory hierarchy
2018-08-06 06:29:20,741 [main] DEBUG org.springframework.beans.factory.support.DefaultListableBeanFactory  - Creating shared instance of singleton bean &apos;com.cumulocity.common.config.PlatformEnvironment#0&apos;
2018-08-06 06:29:20,741 [main] DEBUG org.springframework.beans.factory.support.DefaultListableBeanFactory  - Creating instance of bean &apos;com.cumulocity.common.config.PlatformEnvironment#0&apos;
2018-08-06 06:29:20,742 [main] DEBUG org.springframework.beans.factory.support.DefaultListableBeanFactory  - Creating shared instance of singleton bean &apos;configLocations&apos;
2018-08-06 06:29:20,742 [main] DEBUG org.springframework.beans.factory.support.DefaultListableBeanFactory  - Creating instance of bean &apos;configLocations&apos;
2018-08-06 06:29:20,742 [main] DEBUG org.springframework.beans.factory.support.DefaultListableBeanFactory  - Eagerly caching bean &apos;configLocations&apos; to allow for resolving potential circular references
2018-08-06 06:29:20,742 [main] DEBUG org.springframework.beans.factory.support.DefaultListableBeanFactory  - Invoking afterPropertiesSet() on bean with name &apos;configLocations&apos;
2018-08-06 06:29:20,742 [main] DEBUG org.springframework.beans.factory.support.DefaultListableBeanFactory  - Finished creating instance of bean &apos;configLocations&apos;
2018-08-06 06:29:20,743 [main] DEBUG org.springframework.beans.factory.support.DefaultListableBeanFactory  - Eagerly caching bean &apos;com.cumulocity.common.config.PlatformEnvironment#0&apos; to allow for resolving potential circular references
2018-08-06 06:29:20,743 [main] DEBUG com.cumulocity.common.config.PlatformEnvironment  - Root WebApplicationContext: startup date [Mon Aug 06 06:29:20 UTC 2018]; root of context hierarchy
2018-08-06 06:29:20,743 [main] DEBUG com.cumulocity.common.config.PlatformEnvironment  - registering class path resource [META-INF/spring/cumulocity-core.properties]
2018-08-06 06:29:20,743 [main] DEBUG org.springframework.web.context.support.StandardServletEnvironment  - Adding [class path resource [META-INF/spring/cumulocity-core.properties]] PropertySource with lowest search precedence
2018-08-06 06:29:20,743 [main] DEBUG org.springframework.core.env.PropertySourcesPropertyResolver  - Searching for key &apos;user.home&apos; in [servletConfigInitParams]
2018-08-06 06:29:20,743 [main] DEBUG org.springframework.core.env.PropertySourcesPropertyResolver  - Searching for key &apos;user.home&apos; in [servletContextInitParams]
2018-08-06 06:29:20,743 [main] DEBUG org.springframework.core.env.PropertySourcesPropertyResolver  - Searching for key &apos;user.home&apos; in [jndiProperties]
2018-08-06 06:29:20,743 [main] DEBUG org.springframework.jndi.JndiTemplate  - Looking up JNDI object with name [java:comp/env/user.home]
2018-08-06 06:29:20,743 [main] DEBUG org.springframework.jndi.JndiLocatorDelegate  - Converted JNDI name [java:comp/env/user.home] not found - trying original name [user.home]. javax.naming.NoInitialContextException: Need to specify class name in environment or system property, or as an applet parameter, or in an application resource file:  java.naming.factory.initial
2018-08-06 06:29:20,743 [main] DEBUG org.springframework.jndi.JndiTemplate  - Looking up JNDI object with name [user.home]
2018-08-06 06:29:20,743 [main] DEBUG org.springframework.jndi.JndiPropertySource  - JNDI lookup for name [user.home] threw NamingException with message: Need to specify class name in environment or system property, or as an applet parameter, or in an application resource file:  java.naming.factory.initial. Returning null.
2018-08-06 06:29:20,743 [main] DEBUG org.springframework.core.env.PropertySourcesPropertyResolver  - Searching for key &apos;user.home&apos; in [systemProperties]
2018-08-06 06:29:20,743 [main] DEBUG org.springframework.core.env.PropertySourcesPropertyResolver  - Found key &apos;user.home&apos; in [systemProperties] with type [String] and value &apos;/root&apos;
2018-08-06 06:29:20,743 [main] DEBUG com.cumulocity.common.config.PlatformEnvironment$RefreshableResourcePropertySource  - failed to load config URL [file:/root/.cumulocity/cumulocity-core.properties] - /root/.cumulocity/cumulocity-core.properties (No such file or directory)
2018-08-06 06:29:20,744 [main] DEBUG com.cumulocity.common.config.PlatformEnvironment  - registering URL [file:/root/.cumulocity/cumulocity-core.properties]
2018-08-06 06:29:20,744 [main] DEBUG org.springframework.web.context.support.StandardServletEnvironment  - Adding [URL [file:/root/.cumulocity/cumulocity-core.properties]] PropertySource with lowest search precedence
2018-08-06 06:29:20,744 [main] DEBUG org.springframework.core.env.PropertySourcesPropertyResolver  - Searching for key &apos;CUMULOCITY_CONFIG_DIR:/etc/cumulocity&apos; in [servletConfigInitParams]
2018-08-06 06:29:20,744 [main] DEBUG org.springframework.core.env.PropertySourcesPropertyResolver  - Searching for key &apos;CUMULOCITY_CONFIG_DIR:/etc/cumulocity&apos; in [servletContextInitParams]
2018-08-06 06:29:20,744 [main] DEBUG org.springframework.core.env.PropertySourcesPropertyResolver  - Searching for key &apos;CUMULOCITY_CONFIG_DIR:/etc/cumulocity&apos; in [jndiProperties]
2018-08-06 06:29:20,744 [main] DEBUG org.springframework.jndi.JndiTemplate  - Looking up JNDI object with name [CUMULOCITY_CONFIG_DIR:/etc/cumulocity]
2018-08-06 06:29:20,744 [main] DEBUG org.springframework.jndi.JndiPropertySource  - JNDI lookup for name [CUMULOCITY_CONFIG_DIR:/etc/cumulocity] threw NamingException with message: Need to specify class name in environment or system property, or as an applet parameter, or in an application resource file:  java.naming.factory.initial. Returning null.
2018-08-06 06:29:20,744 [main] DEBUG org.springframework.core.env.PropertySourcesPropertyResolver  - Searching for key &apos;CUMULOCITY_CONFIG_DIR:/etc/cumulocity&apos; in [systemProperties]
2018-08-06 06:29:20,744 [main] DEBUG org.springframework.core.env.PropertySourcesPropertyResolver  - Searching for key &apos;CUMULOCITY_CONFIG_DIR:/etc/cumulocity&apos; in [systemEnvironment]
2018-08-06 06:29:20,744 [main] DEBUG org.springframework.core.env.PropertySourcesPropertyResolver  - Searching for key &apos;CUMULOCITY_CONFIG_DIR:/etc/cumulocity&apos; in [class path resource [META-INF/spring/cumulocity-core.properties]]
2018-08-06 06:29:20,744 [main] DEBUG org.springframework.core.env.PropertySourcesPropertyResolver  - Searching for key &apos;CUMULOCITY_CONFIG_DIR:/etc/cumulocity&apos; in [URL [file:/root/.cumulocity/cumulocity-core.properties]]
2018-08-06 06:29:20,744 [main] DEBUG com.cumulocity.common.config.PlatformEnvironment$RefreshableResourcePropertySource  - failed to load config URL [file:/root/.cumulocity/cumulocity-core.properties] - /root/.cumulocity/cumulocity-core.properties (No such file or directory)
2018-08-06 06:29:20,744 [main] DEBUG org.springframework.core.env.PropertySourcesPropertyResolver  - Could not find key &apos;CUMULOCITY_CONFIG_DIR:/etc/cumulocity&apos; in any property source. Returning [null]
2018-08-06 06:29:20,744 [main] DEBUG org.springframework.core.env.PropertySourcesPropertyResolver  - Searching for key &apos;CUMULOCITY_CONFIG_DIR&apos; in [servletConfigInitParams]
2018-08-06 06:29:20,744 [main] DEBUG org.springframework.core.env.PropertySourcesPropertyResolver  - Searching for key &apos;CUMULOCITY_CONFIG_DIR&apos; in [servletContextInitParams]
2018-08-06 06:29:20,744 [main] DEBUG org.springframework.core.env.PropertySourcesPropertyResolver  - Searching for key &apos;CUMULOCITY_CONFIG_DIR&apos; in [jndiProperties]
2018-08-06 06:29:20,744 [main] DEBUG org.springframework.jndi.JndiTemplate  - Looking up JNDI object with name [java:comp/env/CUMULOCITY_CONFIG_DIR]
2018-08-06 06:29:20,744 [main] DEBUG org.springframework.jndi.JndiLocatorDelegate  - Converted JNDI name [java:comp/env/CUMULOCITY_CONFIG_DIR] not found - trying original name [CUMULOCITY_CONFIG_DIR]. javax.naming.NoInitialContextException: Need to specify class name in environment or system property, or as an applet parameter, or in an application resource file:  java.naming.factory.initial
2018-08-06 06:29:20,744 [main] DEBUG org.springframework.jndi.JndiTemplate  - Looking up JNDI object with name [CUMULOCITY_CONFIG_DIR]
2018-08-06 06:29:20,744 [main] DEBUG org.springframework.jndi.JndiPropertySource  - JNDI lookup for name [CUMULOCITY_CONFIG_DIR] threw NamingException with message: Need to specify class name in environment or system property, or as an applet parameter, or in an application resource file:  java.naming.factory.initial. Returning null.
2018-08-06 06:29:20,744 [main] DEBUG org.springframework.core.env.PropertySourcesPropertyResolver  - Searching for key &apos;CUMULOCITY_CONFIG_DIR&apos; in [systemProperties]
2018-08-06 06:29:20,744 [main] DEBUG org.springframework.core.env.PropertySourcesPropertyResolver  - Searching for key &apos;CUMULOCITY_CONFIG_DIR&apos; in [systemEnvironment]
2018-08-06 06:29:20,744 [main] DEBUG org.springframework.core.env.PropertySourcesPropertyResolver  - Searching for key &apos;CUMULOCITY_CONFIG_DIR&apos; in [class path resource [META-INF/spring/cumulocity-core.properties]]
2018-08-06 06:29:20,744 [main] D
...[truncated 628561 chars]...
10/10,100}
2018-08-06 06:29:48,275 [ConnectorPool-122 Selector0] DEBUG org.eclipse.jetty.util.thread.QueuedThreadPool  - Dispatched Idle-org.eclipse.jetty.io.nio.SelectorManager$SelectSet$1@6fbaf797 to stopped ConnectorPool{1&lt;=0&lt;=10/10,100}
2018-08-06 06:29:48,635 [ConnectorPool-127 Selector5] DEBUG org.eclipse.jetty.util.thread.QueuedThreadPool  - Dispatched Idle-org.eclipse.jetty.io.nio.SelectorManager$SelectSet$1@5bd513cf to stopped ConnectorPool{1&lt;=0&lt;=10/10,100}
2018-08-06 06:29:48,636 [ConnectorPool-128 Selector6] DEBUG org.eclipse.jetty.util.thread.QueuedThreadPool  - Dispatched Idle-org.eclipse.jetty.io.nio.SelectorManager$SelectSet$1@207aa23 to stopped ConnectorPool{1&lt;=0&lt;=10/10,100}
2018-08-06 06:29:48,636 [ConnectorPool-124 Selector2] DEBUG org.eclipse.jetty.util.thread.QueuedThreadPool  - Dispatched Idle-org.eclipse.jetty.io.nio.SelectorManager$SelectSet$1@4532e0df to stopped ConnectorPool{1&lt;=0&lt;=10/10,100}
2018-08-06 06:29:48,636 [ConnectorPool-129 Selector7] DEBUG org.eclipse.jetty.util.thread.QueuedThreadPool  - Dispatched Idle-org.eclipse.jetty.io.nio.SelectorManager$SelectSet$1@f4973f7 to stopped ConnectorPool{1&lt;=0&lt;=10/10,100}
2018-08-06 06:29:48,636 [ConnectorPool-125 Selector3] DEBUG org.eclipse.jetty.util.thread.QueuedThreadPool  - Dispatched Idle-org.eclipse.jetty.io.nio.SelectorManager$SelectSet$1@1f5c64f8 to stopped ConnectorPool{1&lt;=0&lt;=10/10,100}
2018-08-06 06:29:49,036 [ConnectorPool-126 Selector4] DEBUG org.eclipse.jetty.util.thread.QueuedThreadPool  - Dispatched Idle-org.eclipse.jetty.io.nio.SelectorManager$SelectSet$1@6ae8e5dd to stopped ConnectorPool{1&lt;=0&lt;=10/10,100}
2018-08-06 06:29:49,036 [ConnectorPool-127 Selector5] DEBUG org.eclipse.jetty.util.thread.QueuedThreadPool  - Dispatched Idle-org.eclipse.jetty.io.nio.SelectorManager$SelectSet$1@6e228263 to stopped ConnectorPool{1&lt;=0&lt;=10/10,100}
2018-08-06 06:29:49,036 [ConnectorPool-123 Selector1] DEBUG org.eclipse.jetty.util.thread.QueuedThreadPool  - Dispatched Idle-org.eclipse.jetty.io.nio.SelectorManager$SelectSet$1@604b4700 to stopped ConnectorPool{1&lt;=0&lt;=10/10,100}
2018-08-06 06:29:49,036 [ConnectorPool-130 Selector8] DEBUG org.eclipse.jetty.util.thread.QueuedThreadPool  - Dispatched Idle-org.eclipse.jetty.io.nio.SelectorManager$SelectSet$1@1b9e6a12 to stopped ConnectorPool{1&lt;=0&lt;=10/10,100}
2018-08-06 06:29:49,076 [ConnectorPool-122 Selector0] DEBUG org.eclipse.jetty.util.thread.QueuedThreadPool  - Dispatched Idle-org.eclipse.jetty.io.nio.SelectorManager$SelectSet$1@3d45d1e8 to stopped ConnectorPool{1&lt;=0&lt;=10/10,100}
2018-08-06 06:29:49,437 [ConnectorPool-129 Selector7] DEBUG org.eclipse.jetty.util.thread.QueuedThreadPool  - Dispatched Idle-org.eclipse.jetty.io.nio.SelectorManager$SelectSet$1@32d7f5c5 to stopped ConnectorPool{1&lt;=0&lt;=10/10,100}
2018-08-06 06:29:49,437 [ConnectorPool-128 Selector6] DEBUG org.eclipse.jetty.util.thread.QueuedThreadPool  - Dispatched Idle-org.eclipse.jetty.io.nio.SelectorManager$SelectSet$1@145b17a6 to stopped ConnectorPool{1&lt;=0&lt;=10/10,100}
2018-08-06 06:29:49,437 [ConnectorPool-124 Selector2] DEBUG org.eclipse.jetty.util.thread.QueuedThreadPool  - Dispatched Idle-org.eclipse.jetty.io.nio.SelectorManager$SelectSet$1@487297 to stopped ConnectorPool{1&lt;=0&lt;=10/10,100}
2018-08-06 06:29:49,437 [ConnectorPool-125 Selector3] DEBUG org.eclipse.jetty.util.thread.QueuedThreadPool  - Dispatched Idle-org.eclipse.jetty.io.nio.SelectorManager$SelectSet$1@686d9dba to stopped ConnectorPool{1&lt;=0&lt;=10/10,100}
2018-08-06 06:29:49,477 [ConnectorPool-122 Selector0] DEBUG org.eclipse.jetty.util.thread.QueuedThreadPool  - Dispatched Idle-org.eclipse.jetty.io.nio.SelectorManager$SelectSet$1@748e53e5 to stopped ConnectorPool{1&lt;=0&lt;=10/10,100}
2018-08-06 06:29:49,837 [ConnectorPool-127 Selector5] DEBUG org.eclipse.jetty.util.thread.QueuedThreadPool  - Dispatched Idle-org.eclipse.jetty.io.nio.SelectorManager$SelectSet$1@79c1bab1 to stopped ConnectorPool{1&lt;=0&lt;=10/10,100}
2018-08-06 06:29:49,837 [ConnectorPool-123 Selector1] DEBUG org.eclipse.jetty.util.thread.QueuedThreadPool  - Dispatched Idle-org.eclipse.jetty.io.nio.SelectorManager$SelectSet$1@1dc7f8ea to stopped ConnectorPool{1&lt;=0&lt;=10/10,100}
2018-08-06 06:29:49,837 [ConnectorPool-126 Selector4] DEBUG org.eclipse.jetty.util.thread.QueuedThreadPool  - Dispatched Idle-org.eclipse.jetty.io.nio.SelectorManager$SelectSet$1@2c261b2b to stopped ConnectorPool{1&lt;=0&lt;=10/10,100}
2018-08-06 06:29:49,837 [ConnectorPool-130 Selector8] DEBUG org.eclipse.jetty.util.thread.QueuedThreadPool  - Dispatched Idle-org.eclipse.jetty.io.nio.SelectorManager$SelectSet$1@33a6d9ec to stopped ConnectorPool{1&lt;=0&lt;=10/10,100}
2018-08-06 06:29:50,238 [ConnectorPool-126 Selector4] DEBUG org.eclipse.jetty.util.thread.QueuedThreadPool  - Dispatched Idle-org.eclipse.jetty.io.nio.SelectorManager$SelectSet$1@60b489d2 to stopped ConnectorPool{1&lt;=0&lt;=10/10,100}
2018-08-06 06:29:50,238 [ConnectorPool-130 Selector8] DEBUG org.eclipse.jetty.util.thread.QueuedThreadPool  - Dispatched Idle-org.eclipse.jetty.io.nio.SelectorManager$SelectSet$1@4a083496 to stopped ConnectorPool{1&lt;=0&lt;=10/10,100}
2018-08-06 06:29:50,238 [ConnectorPool-129 Selector7] DEBUG org.eclipse.jetty.util.thread.QueuedThreadPool  - Dispatched Idle-org.eclipse.jetty.io.nio.SelectorManager$SelectSet$1@6cc46b97 to stopped ConnectorPool{1&lt;=0&lt;=10/10,100}
2018-08-06 06:29:50,238 [ConnectorPool-128 Selector6] DEBUG org.eclipse.jetty.util.thread.QueuedThreadPool  - Dispatched Idle-org.eclipse.jetty.io.nio.SelectorManager$SelectSet$1@5373be4a to stopped ConnectorPool{1&lt;=0&lt;=10/10,100}
2018-08-06 06:29:50,238 [ConnectorPool-124 Selector2] DEBUG org.eclipse.jetty.util.thread.QueuedThreadPool  - Dispatched Idle-org.eclipse.jetty.io.nio.SelectorManager$SelectSet$1@53d21713 to stopped ConnectorPool{1&lt;=0&lt;=10/10,100}
2018-08-06 06:29:50,238 [ConnectorPool-125 Selector3] DEBUG org.eclipse.jetty.util.thread.QueuedThreadPool  - Dispatched Idle-org.eclipse.jetty.io.nio.SelectorManager$SelectSet$1@5e90b63 to stopped ConnectorPool{1&lt;=0&lt;=10/10,100}
2018-08-06 06:29:50,278 [ConnectorPool-122 Selector0] DEBUG org.eclipse.jetty.util.thread.QueuedThreadPool  - Dispatched Idle-org.eclipse.jetty.io.nio.SelectorManager$SelectSet$1@6ea939d to stopped ConnectorPool{1&lt;=0&lt;=10/10,100}
2018-08-06 06:29:50,638 [ConnectorPool-123 Selector1] DEBUG org.eclipse.jetty.util.thread.QueuedThreadPool  - Dispatched Idle-org.eclipse.jetty.io.nio.SelectorManager$SelectSet$1@5e6d6e9e to stopped ConnectorPool{1&lt;=0&lt;=10/10,100}
2018-08-06 06:29:50,638 [ConnectorPool-127 Selector5] DEBUG org.eclipse.jetty.util.thread.QueuedThreadPool  - Dispatched Idle-org.eclipse.jetty.io.nio.SelectorManager$SelectSet$1@12812bf7 to stopped ConnectorPool{1&lt;=0&lt;=10/10,100}
2018-08-06 06:29:50,639 [ConnectorPool-125 Selector3] DEBUG org.eclipse.jetty.util.thread.QueuedThreadPool  - Dispatched Idle-org.eclipse.jetty.io.nio.SelectorManager$SelectSet$1@62797780 to stopped ConnectorPool{1&lt;=0&lt;=10/10,100}
2018-08-06 06:29:51,037 [main] DEBUG org.eclipse.jetty.util.component.AbstractLifeCycle  - stopping org.eclipse.jetty.server.Server@107f774f
2018-08-06 06:29:51,037 [main] DEBUG org.eclipse.jetty.util.component.AbstractLifeCycle  - stopping SelectChannelConnector@0.0.0.0:8586
2018-08-06 06:29:51,037 [main] DEBUG org.eclipse.jetty.util.component.AbstractLifeCycle  - stopping org.eclipse.jetty.server.nio.SelectChannelConnector$ConnectorSelectorManager@671b499
2018-08-06 06:29:51,037 [ConnectorPool-122 Selector0] DEBUG org.eclipse.jetty.io.nio  - Stopped Thread[ConnectorPool-122 Selector0,5,main] on org.eclipse.jetty.io.nio.SelectorManager$1@1307ac1d
2018-08-06 06:29:51,038 [ConnectorPool-122] DEBUG org.eclipse.jetty.http.HttpParser  - filled 296/296
2018-08-06 06:29:51,038 [ConnectorPool-122] DEBUG org.eclipse.jetty.server.AsyncHttpConnection  - Disabled read interest while writing response SCEP@3ced78ff{l(/127.0.0.1:60592)&lt;-&gt;r(/127.0.0.1:8586),s=1,open=true,ishut=false,oshut=false,rb=false,wb=false,w=true,i=0r}-{AsyncHttpConnection@aa2cc99,g=HttpGenerator{s=0,h=-1,b=-1,c=-1},p=HttpParser{s=0,l=2,c=40},r=1}
2018-08-06 06:29:51,038 [ConnectorPool-122] DEBUG org.eclipse.jetty.server.AsyncHttpConnection  - Disabled read interest while writing response SCEP@3ced78ff{l(/127.0.0.1:60592)&lt;-&gt;r(/127.0.0.1:8586),s=1,open=true,ishut=false,oshut=false,rb=false,wb=false,w=true,i=0r}-{AsyncHttpConnection@aa2cc99,g=HttpGenerator{s=0,h=-1,b=-1,c=-1},p=HttpParser{s=0,l=2,c=40},r=1}
2018-08-06 06:29:51,039 [ConnectorPool-123 Selector1] DEBUG org.eclipse.jetty.io.nio  - Stopped Thread[ConnectorPool-123 Selector1,5,main] on org.eclipse.jetty.io.nio.SelectorManager$1@1f67db31
2018-08-06 06:29:51,039 [ConnectorPool-127 Selector5] DEBUG org.eclipse.jetty.io.nio  - Stopped Thread[ConnectorPool-127 Selector5,5,main] on org.eclipse.jetty.io.nio.SelectorManager$1@22e74bb4
2018-08-06 06:29:51,039 [ConnectorPool-130 Selector8] DEBUG org.eclipse.jetty.io.nio  - Stopped Thread[ConnectorPool-130 Selector8,5,main] on org.eclipse.jetty.io.nio.SelectorManager$1@50092f6
2018-08-06 06:29:51,039 [ConnectorPool-126 Selector4] DEBUG org.eclipse.jetty.io.nio  - Stopped Thread[ConnectorPool-126 Selector4,5,main] on org.eclipse.jetty.io.nio.SelectorManager$1@6444ceda
2018-08-06 06:29:51,039 [ConnectorPool-129 Selector7] DEBUG org.eclipse.jetty.io.nio  - Stopped Thread[ConnectorPool-129 Selector7,5,main] on org.eclipse.jetty.io.nio.SelectorManager$1@3906e3af
2018-08-06 06:29:51,039 [ConnectorPool-124 Selector2] DEBUG org.eclipse.jetty.io.nio  - Stopped Thread[ConnectorPool-124 Selector2,5,main] on org.eclipse.jetty.io.nio.SelectorManager$1@3989b51c
2018-08-06 06:29:51,039 [ConnectorPool-128 Selector6] DEBUG org.eclipse.jetty.io.nio  - Stopped Thread[ConnectorPool-128 Selector6,5,main] on org.eclipse.jetty.io.nio.SelectorManager$1@7f1b2852
2018-08-06 06:29:51,039 [ConnectorPool-125 Selector3] DEBUG org.eclipse.jetty.io.nio  - Stopped Thread[ConnectorPool-125 Selector3,5,main] on org.eclipse.jetty.io.nio.SelectorManager$1@6de72d24
2018-08-06 06:29:51,048 [main] DEBUG org.eclipse.jetty.io.nio.ChannelEndPoint  - close SCEP@3ced78ff{l(/127.0.0.1:60592)&lt;-&gt;r(/127.0.0.1:8586),s=0,open=true,ishut=false,oshut=false,rb=false,wb=false,w=true,i=0r}-{AsyncHttpConnection@aa2cc99,g=HttpGenerator{s=0,h=-1,b=-1,c=-1},p=HttpParser{s=0,l=2,c=40},r=1}
2018-08-06 06:29:51,049 [main] DEBUG org.eclipse.jetty.util.component.AbstractLifeCycle  - STOPPED org.eclipse.jetty.server.nio.SelectChannelConnector$ConnectorSelectorManager@671b499
2018-08-06 06:29:51,049 [main] DEBUG org.eclipse.jetty.util.component.AbstractLifeCycle  - stopping ConnectorPool{1&lt;=9&lt;=9/10,0}
2018-08-06 06:29:51,100 [main] DEBUG org.eclipse.jetty.util.component.AbstractLifeCycle  - STOPPED ConnectorPool{1&lt;=0&lt;=0/10,0}
2018-08-06 06:29:51,100 [main] DEBUG org.eclipse.jetty.util.component.AbstractLifeCycle  - stopping PooledBuffers [1/1024@6144,0/1024@16384,0/1024@-]/PooledBuffers [0/1024@6144,0/1024@32768,0/1024@-]
2018-08-06 06:29:51,100 [main] DEBUG org.eclipse.jetty.util.component.AbstractLifeCycle  - STOPPED null/null
2018-08-06 06:29:51,100 [main] DEBUG org.eclipse.jetty.util.component.AbstractLifeCycle  - STOPPED SelectChannelConnector@0.0.0.0:8586
2018-08-06 06:29:51,100 [main] DEBUG org.eclipse.jetty.util.component.AbstractLifeCycle  - stopping org.eclipse.jetty.server.handler.HandlerList@173cc2fd
2018-08-06 06:29:51,100 [main] DEBUG org.eclipse.jetty.server.handler.AbstractHandler  - stopping org.eclipse.jetty.server.handler.HandlerList@173cc2fd
2018-08-06 06:29:51,100 [main] DEBUG org.eclipse.jetty.util.component.AbstractLifeCycle  - stopping o.e.j.s.ServletContextHandler{/measurement,null}
2018-08-06 06:29:51,100 [main] DEBUG org.eclipse.jetty.util.component.AbstractLifeCycle  - stopping org.eclipse.jetty.servlet.ServletHandler@5caf7668
2018-08-06 06:29:51,100 [main] DEBUG org.eclipse.jetty.server.handler.AbstractHandler  - stopping org.eclipse.jetty.servlet.ServletHandler@5caf7668
2018-08-06 06:29:51,100 [main] DEBUG org.eclipse.jetty.util.component.AbstractLifeCycle  - stopping measurements
2018-08-06 06:29:51,100 [main] DEBUG org.eclipse.jetty.util.component.AbstractLifeCycle  - STOPPED measurements
2018-08-06 06:29:51,100 [main] DEBUG org.eclipse.jetty.util.component.AbstractLifeCycle  - STOPPED org.eclipse.jetty.servlet.ServletHandler@5caf7668
2018-08-06 06:29:51,100 [main] DEBUG org.eclipse.jetty.server.handler.AbstractHandler  - stopping o.e.j.s.ServletContextHandler{/measurement,null}
2018-08-06 06:29:51,101 [main] INFO  org.eclipse.jetty.server.handler.ContextHandler  - stopped o.e.j.s.ServletContextHandler{/measurement,null}
2018-08-06 06:29:51,101 [main] DEBUG org.eclipse.jetty.util.component.Container  - Container o.e.j.s.ServletContextHandler{/measurement,null} - org.eclipse.jetty.servlet.ServletHandler@5caf7668 as handler
2018-08-06 06:29:51,101 [main] DEBUG org.eclipse.jetty.util.component.AbstractLifeCycle  - STOPPED o.e.j.s.ServletContextHandler{/measurement,null}
2018-08-06 06:29:51,101 [main] DEBUG org.eclipse.jetty.util.component.AbstractLifeCycle  - stopping o.e.j.s.ServletContextHandler{/inventory,null}
2018-08-06 06:29:51,101 [main] DEBUG org.eclipse.jetty.util.component.AbstractLifeCycle  - stopping org.eclipse.jetty.servlet.ServletHandler@c48d711
2018-08-06 06:29:51,101 [main] DEBUG org.eclipse.jetty.server.handler.AbstractHandler  - stopping org.eclipse.jetty.servlet.ServletHandler@c48d711
2018-08-06 06:29:51,101 [main] DEBUG org.eclipse.jetty.util.component.AbstractLifeCycle  - stopping managedObjects
2018-08-06 06:29:51,101 [main] DEBUG org.eclipse.jetty.util.component.AbstractLifeCycle  - STOPPED managedObjects
2018-08-06 06:29:51,101 [main] DEBUG org.eclipse.jetty.util.component.AbstractLifeCycle  - STOPPED org.eclipse.jetty.servlet.ServletHandler@c48d711
2018-08-06 06:29:51,101 [main] DEBUG org.eclipse.jetty.server.handler.AbstractHandler  - stopping o.e.j.s.ServletContextHandler{/inventory,null}
2018-08-06 06:29:51,101 [main] INFO  org.eclipse.jetty.server.handler.ContextHandler  - stopped o.e.j.s.ServletContextHandler{/inventory,null}
2018-08-06 06:29:51,101 [main] DEBUG org.eclipse.jetty.util.component.Container  - Container o.e.j.s.ServletContextHandler{/inventory,null} - org.eclipse.jetty.servlet.ServletHandler@c48d711 as handler
2018-08-06 06:29:51,101 [main] DEBUG org.eclipse.jetty.util.component.AbstractLifeCycle  - STOPPED o.e.j.s.ServletContextHandler{/inventory,null}
2018-08-06 06:29:51,101 [main] DEBUG org.eclipse.jetty.util.component.AbstractLifeCycle  - stopping o.e.j.w.WebAppContext{/s,file:/var/jenkins_home/workspace/Cumulocity-Platform-Services-BUILD/smartrest/src/test/webapp/}
2018-08-06 06:29:51,101 [main] DEBUG org.eclipse.jetty.util.component.AbstractLifeCycle  - stopping org.eclipse.jetty.server.session.SessionHandler@311fa52c
2018-08-06 06:29:51,101 [main] DEBUG org.eclipse.jetty.util.component.AbstractLifeCycle  - stopping org.eclipse.jetty.server.session.HashSessionManager@149504e6
2018-08-06 06:29:51,101 [main] DEBUG org.eclipse.jetty.util.component.AbstractLifeCycle  - STOPPED org.eclipse.jetty.server.session.HashSessionManager@149504e6
2018-08-06 06:29:51,101 [main] DEBUG org.eclipse.jetty.util.component.AbstractLifeCycle  - stopping org.eclipse.jetty.security.ConstraintSecurityHandler@575b6472
2018-08-06 06:29:51,101 [main] DEBUG org.eclipse.jetty.util.component.AbstractLifeCycle  - stopping org.eclipse.jetty.servlet.ServletHandler@16903c20
2018-08-06 06:29:51,101 [main] DEBUG org.eclipse.jetty.server.handler.AbstractHandler  - stopping org.eclipse.jetty.servlet.ServletHandler@16903c20
2018-08-06 06:29:51,101 [main] DEBUG org.eclipse.jetty.util.component.AbstractLifeCycle  - stopping hiddenHttpMethodFilter
2018-08-06 06:29:51,101 [main] DEBUG org.eclipse.jetty.util.component.AbstractLifeCycle  - STOPPED hiddenHttpMethodFilter
2018-08-06 06:29:51,101 [main] DEBUG org.eclipse.jetty.util.component.AbstractLifeCycle  - stopping proxyRequestHandler
2018-08-06 06:29:51,101 [main] DEBUG org.eclipse.jetty.util.component.AbstractLifeCycle  - STOPPED proxyRequestHandler
2018-08-06 06:29:51,101 [main] DEBUG org.eclipse.jetty.util.component.AbstractLifeCycle  - stopping jsp
2018-08-06 06:29:51,101 [main] DEBUG org.eclipse.jetty.util.component.AbstractLifeCycle  - STOPPED jsp
2018-08-06 06:29:51,101 [main] DEBUG org.eclipse.jetty.util.component.AbstractLifeCycle  - stopping default
2018-08-06 06:29:51,102 [main] DEBUG org.eclipse.jetty.util.component.AbstractLifeCycle  - STOPPED default
2018-08-06 06:29:51,102 [main] DEBUG org.eclipse.jetty.util.component.AbstractLifeCycle  - STOPPED org.eclipse.jetty.servlet.ServletHandler@16903c20
2018-08-06 06:29:51,102 [main] DEBUG org.eclipse.jetty.server.handler.AbstractHandler  - stopping org.eclipse.jetty.security.ConstraintSecurityHandler@575b6472
2018-08-06 06:29:51,102 [main] DEBUG org.eclipse.jetty.util.component.AbstractLifeCycle  - STOPPED org.eclipse.jetty.security.ConstraintSecurityHandler@575b6472
2018-08-06 06:29:51,102 [main] DEBUG org.eclipse.jetty.server.handler.AbstractHandler  - stopping org.eclipse.jetty.server.session.SessionHandler@311fa52c
2018-08-06 06:29:51,102 [main] DEBUG org.eclipse.jetty.util.component.AbstractLifeCycle  - STOPPED org.eclipse.jetty.server.session.SessionHandler@311fa52c
2018-08-06 06:29:51,102 [main] DEBUG org.eclipse.jetty.server.handler.AbstractHandler  - stopping o.e.j.w.WebAppContext{/s,file:/var/jenkins_home/workspace/Cumulocity-Platform-Services-BUILD/smartrest/src/test/webapp/}
2018-08-06 06:29:51,102 [main] INFO  /s  - Closing Spring root WebApplicationContext
2018-08-06 06:29:51,102 [main] INFO  org.springframework.web.context.support.XmlWebApplicationContext  - Closing Root WebApplicationContext: startup date [Mon Aug 06 06:29:20 UTC 2018]; root of context hierarchy
2018-08-06 06:29:51,102 [main] DEBUG org.springframework.beans.factory.support.DefaultListableBeanFactory  - Returning cached instance of singleton bean &apos;lifecycleProcessor&apos;
2018-08-06 06:29:51,102 [main] INFO  org.springframework.beans.factory.support.DefaultListableBeanFactory  - Destroying singletons in org.springframework.beans.factory.support.DefaultListableBeanFactory@eaf0a59: defining beans [com.cumulocity.common.config.PlatformEnvironment#0,org.springframework.context.support.PropertySourcesPlaceholderConfigurer#0,configLocations,org.springframework.context.annotation.internalConfigurationAnnotationProcessor,org.springframework.context.annotation.internalAutowiredAnnotationProcessor,org.springframework.context.annotation.internalRequiredAnnotationProcessor,org.springframework.context.annotation.internalCommonAnnotationProcessor,proxyRequestHandler,requestHandler,templateProvider,requestDispatcher,restDispatcherHttpClient,concurrentExecutor,org.springframework.context.annotation.ConfigurationClassPostProcessor.importAwareProcessor]; root of factory hierarchy
2018-08-06 06:29:51,102 [main] DEBUG org.springframework.beans.factory.support.DisposableBeanAdapter  - Invoking destroy() on bean with name &apos;concurrentExecutor&apos;
2018-08-06 06:29:51,102 [main] DEBUG org.springframework.beans.factory.support.DisposableBeanAdapter  - Invoking destroy() on bean with name &apos;restDispatcherHttpClient&apos;
2018-08-06 06:29:51,102 [main] DEBUG org.apache.http.impl.conn.tsccm.ThreadSafeClientConnManager  - Shutting down
2018-08-06 06:29:51,102 [main] DEBUG org.springframework.beans.factory.support.DefaultListableBeanFactory  - Retrieved dependent beans for bean &apos;configLocations&apos;: [com.cumulocity.common.config.PlatformEnvironment#0]
2018-08-06 06:29:51,102 [main] DEBUG org.springframework.beans.factory.support.DisposableBeanAdapter  - Invoking destroy() on bean with name &apos;configLocations&apos;
2018-08-06 06:29:51,103 [main] DEBUG org.eclipse.jetty.util.component.AbstractLifeCycle  - stopping org.eclipse.jetty.servlet.ErrorPageErrorHandler@2071ebff
2018-08-06 06:29:51,103 [main] DEBUG org.eclipse.jetty.server.handler.AbstractHandler  - stopping org.eclipse.jetty.servlet.ErrorPageErrorHandler@2071ebff
2018-08-06 06:29:51,103 [main] DEBUG org.eclipse.jetty.util.component.AbstractLifeCycle  - STOPPED org.eclipse.jetty.servlet.ErrorPageErrorHandler@2071ebff
2018-08-06 06:29:51,103 [main] INFO  org.eclipse.jetty.server.handler.ContextHandler  - stopped o.e.j.w.WebAppContext{/s,file:/var/jenkins_home/workspace/Cumulocity-Platform-Services-BUILD/smartrest/src/test/webapp/}
2018-08-06 06:29:51,103 [main] DEBUG org.eclipse.jetty.util.component.Container  - Container o.e.j.w.WebAppContext{/s,file:/var/jenkins_home/workspace/Cumulocity-Platform-Services-BUILD/smartrest/src/test/webapp/} - org.eclipse.jetty.server.session.SessionHandler@311fa52c as handler
2018-08-06 06:29:51,103 [main] DEBUG org.eclipse.jetty.util.component.AbstractLifeCycle  - STOPPED o.e.j.w.WebAppContext{/s,file:/var/jenkins_home/workspace/Cumulocity-Platform-Services-BUILD/smartrest/src/test/webapp/}
2018-08-06 06:29:51,103 [main] DEBUG org.eclipse.jetty.util.component.AbstractLifeCycle  - stopping o.e.j.s.ServletContextHandler{/measurement,null}
2018-08-06 06:29:51,103 [main] DEBUG org.eclipse.jetty.util.component.AbstractLifeCycle  - stopping org.eclipse.jetty.servlet.ServletHandler@4f4fb284
2018-08-06 06:29:51,103 [main] DEBUG org.eclipse.jetty.server.handler.AbstractHandler  - stopping org.eclipse.jetty.servlet.ServletHandler@4f4fb284
2018-08-06 06:29:51,103 [main] DEBUG org.eclipse.jetty.util.component.AbstractLifeCycle  - stopping measurements
2018-08-06 06:29:51,103 [main] DEBUG org.eclipse.jetty.util.component.AbstractLifeCycle  - STOPPED measurements
2018-08-06 06:29:51,103 [main] DEBUG org.eclipse.jetty.util.component.AbstractLifeCycle  - STOPPED org.eclipse.jetty.servlet.ServletHandler@4f4fb284
2018-08-06 06:29:51,103 [main] DEBUG org.eclipse.jetty.server.handler.AbstractHandler  - stopping o.e.j.s.ServletContextHandler{/measurement,null}
2018-08-06 06:29:51,103 [main] INFO  org.eclipse.jetty.server.handler.ContextHandler  - stopped o.e.j.s.ServletContextHandler{/measurement,null}
2018-08-06 06:29:51,103 [main] DEBUG org.eclipse.jetty.util.component.Container  - Container o.e.j.s.ServletContextHandler{/measurement,null} - org.eclipse.jetty.servlet.ServletHandler@4f4fb284 as handler
2018-08-06 06:29:51,103 [main] DEBUG org.eclipse.jetty.util.component.AbstractLifeCycle  - STOPPED o.e.j.s.ServletContextHandler{/measurement,null}
2018-08-06 06:29:51,104 [main] DEBUG org.eclipse.jetty.util.component.AbstractLifeCycle  - stopping o.e.j.s.ServletContextHandler{/inventory,null}
2018-08-06 06:29:51,104 [main] DEBUG org.eclipse.jetty.util.component.AbstractLifeCycle  - stopping org.eclipse.jetty.servlet.ServletHandler@7187ac48
2018-08-06 06:29:51,104 [main] DEBUG org.eclipse.jetty.server.handler.AbstractHandler  - stopping org.eclipse.jetty.servlet.ServletHandler@7187ac48
2018-08-06 06:29:51,104 [main] DEBUG org.eclipse.jetty.util.component.AbstractLifeCycle  - stopping managedObjects
2018-08-06 06:29:51,104 [main] DEBUG org.eclipse.jetty.util.component.AbstractLifeCycle  - STOPPED managedObjects
2018-08-06 06:29:51,104 [main] DEBUG org.eclipse.jetty.util.component.AbstractLifeCycle  - STOPPED org.eclipse.jetty.servlet.ServletHandler@7187ac48
2018-08-06 06:29:51,104 [main] DEBUG org.eclipse.jetty.server.handler.AbstractHandler  - stopping o.e.j.s.ServletContextHandler{/inventory,null}
2018-08-06 06:29:51,104 [main] INFO  org.eclipse.jetty.server.handler.ContextHandler  - stopped o.e.j.s.ServletContextHandler{/inventory,null}
2018-08-06 06:29:51,104 [main] DEBUG org.eclipse.jetty.util.component.Container  - Container o.e.j.s.ServletContextHandler{/inventory,null} - org.eclipse.jetty.servlet.ServletHandler@7187ac48 as handler
2018-08-06 06:29:51,104 [main] DEBUG org.eclipse.jetty.util.component.AbstractLifeCycle  - STOPPED o.e.j.s.ServletContextHandler{/inventory,null}
2018-08-06 06:29:51,104 [main] DEBUG org.eclipse.jetty.util.component.AbstractLifeCycle  - stopping o.e.j.w.WebAppContext{/s,file:/var/jenkins_home/workspace/Cumulocity-Platform-Services-BUILD/smartrest/src/test/webapp/}
2018-08-06 06:29:51,104 [main] DEBUG org.eclipse.jetty.util.component.AbstractLifeCycle  - stopping org.eclipse.jetty.server.session.SessionHandler@69e9487d
2018-08-06 06:29:51,104 [main] DEBUG org.eclipse.jetty.util.component.AbstractLifeCycle  - stopping org.eclipse.jetty.server.session.HashSessionManager@52963cdd
2018-08-06 06:29:51,104 [main] DEBUG org.eclipse.jetty.util.component.AbstractLifeCycle  - STOPPED org.eclipse.jetty.server.session.HashSessionManager@52963cdd
2018-08-06 06:29:51,104 [main] DEBUG org.eclipse.jetty.util.component.AbstractLifeCycle  - stopping org.eclipse.jetty.security.ConstraintSecurityHandler@611bd3b9
2018-08-06 06:29:51,104 [main] DEBUG org.eclipse.jetty.util.component.AbstractLifeCycle  - stopping org.eclipse.jetty.servlet.ServletHandler@7ab2903d
2018-08-06 06:29:51,104 [main] DEBUG org.eclipse.jetty.server.handler.AbstractHandler  - stopping org.eclipse.jetty.servlet.ServletHandler@7ab2903d
2018-08-06 06:29:51,104 [main] DEBUG org.eclipse.jetty.util.component.AbstractLifeCycle  - stopping hiddenHttpMethodFilter
2018-08-06 06:29:51,104 [main] DEBUG org.eclipse.jetty.util.component.AbstractLifeCycle  - STOPPED hiddenHttpMethodFilter
2018-08-06 06:29:51,104 [main] DEBUG org.eclipse.jetty.util.component.AbstractLifeCycle  - stopping proxyRequestHandler
2018-08-06 06:29:51,104 [main] DEBUG org.eclipse.jetty.util.component.AbstractLifeCycle  - STOPPED proxyRequestHandler
2018-08-06 06:29:51,104 [main] DEBUG org.eclipse.jetty.util.component.AbstractLifeCycle  - stopping jsp
2018-08-06 06:29:51,104 [main] DEBUG org.eclipse.jetty.util.component.AbstractLifeCycle  - STOPPED jsp
2018-08-06 06:29:51,104 [main] DEBUG org.eclipse.jetty.util.component.AbstractLifeCycle  - stopping default
2018-08-06 06:29:51,104 [main] DEBUG org.eclipse.jetty.util.component.AbstractLifeCycle  - STOPPED default
2018-08-06 06:29:51,104 [main] DEBUG org.eclipse.jetty.util.component.AbstractLifeCycle  - STOPPED org.eclipse.jetty.servlet.ServletHandler@7ab2903d
2018-08-06 06:29:51,104 [main] DEBUG org.eclipse.jetty.server.handler.AbstractHandler  - stopping org.eclipse.jetty.security.ConstraintSecurityHandler@611bd3b9
2018-08-06 06:29:51,104 [main] DEBUG org.eclipse.jetty.util.component.AbstractLifeCycle  - STOPPED org.eclipse.jetty.security.ConstraintSecurityHandler@611bd3b9
2018-08-06 06:29:51,104 [main] DEBUG org.eclipse.jetty.server.handler.AbstractHandler  - stopping org.eclipse.jetty.server.session.SessionHandler@69e9487d
2018-08-06 06:29:51,104 [main] DEBUG org.eclipse.jetty.util.component.AbstractLifeCycle  - STOPPED org.eclipse.jetty.server.session.SessionHandler@69e9487d
2018-08-06 06:29:51,105 [main] DEBUG org.eclipse.jetty.server.handler.AbstractHandler  - stopping o.e.j.w.WebAppContext{/s,file:/var/jenkins_home/workspace/Cumulocity-Platform-Services-BUILD/smartrest/src/test/webapp/}
2018-08-06 06:29:51,105 [main] INFO  SmartREST Proxy  - Closing Spring root WebApplicationContext
2018-08-06 06:29:51,105 [main] INFO  org.springframework.web.context.support.XmlWebApplicationContext  - Closing Root WebApplicationContext: startup date [Mon Aug 06 06:29:20 UTC 2018]; root of context hierarchy
2018-08-06 06:29:51,105 [main] DEBUG org.springframework.beans.factory.support.DefaultListableBeanFactory  - Returning cached instance of singleton bean &apos;lifecycleProcessor&apos;
2018-08-06 06:29:51,105 [main] INFO  org.springframework.beans.factory.support.DefaultListableBeanFactory  - Destroying singletons in org.springframework.beans.factory.support.DefaultListableBeanFactory@706b1172: defining beans [com.cumulocity.common.config.PlatformEnvironment#0,org.springframework.context.support.PropertySourcesPlaceholderConfigurer#0,configLocations,org.springframework.context.annotation.internalConfigurationAnnotationProcessor,org.springframework.context.annotation.internalAutowiredAnnotationProcessor,org.springframework.context.annotation.internalRequiredAnnotationProcessor,org.springframework.context.annotation.internalCommonAnnotationProcessor,proxyRequestHandler,requestHandler,templateProvider,requestDispatcher,restDispatcherHttpClient,concurrentExecutor,org.springframework.context.annotation.ConfigurationClassPostProcessor.importAwareProcessor]; root of factory hierarchy
2018-08-06 06:29:51,105 [main] DEBUG org.springframework.beans.factory.support.DisposableBeanAdapter  - Invoking destroy() on bean with name &apos;concurrentExecutor&apos;
2018-08-06 06:29:51,105 [main] DEBUG org.springframework.beans.factory.support.DisposableBeanAdapter  - Invoking destroy() on bean with name &apos;restDispatcherHttpClient&apos;
2018-08-06 06:29:51,105 [main] DEBUG org.apache.http.impl.conn.tsccm.ThreadSafeClientConnManager  - Shutting down
2018-08-06 06:29:51,105 [main] DEBUG org.springframework.beans.factory.support.DefaultListableBeanFactory  - Retrieved dependent beans for bean &apos;configLocations&apos;: [com.cumulocity.common.config.PlatformEnvironment#0]
2018-08-06 06:29:51,105 [main] DEBUG org.springframework.beans.factory.support.DisposableBeanAdapter  - Invoking destroy() on bean with name &apos;configLocations&apos;
2018-08-06 06:29:51,105 [main] DEBUG org.eclipse.jetty.util.component.AbstractLifeCycle  - stopping org.eclipse.jetty.servlet.ErrorPageErrorHandler@30297f31
2018-08-06 06:29:51,106 [main] DEBUG org.eclipse.jetty.server.handler.AbstractHandler  - stopping org.eclipse.jetty.servlet.ErrorPageErrorHandler@30297f31
2018-08-06 06:29:51,106 [main] DEBUG org.eclipse.jetty.util.component.AbstractLifeCycle  - STOPPED org.eclipse.jetty.servlet.ErrorPageErrorHandler@30297f31
2018-08-06 06:29:51,106 [main] INFO  org.eclipse.jetty.server.handler.ContextHandler  - stopped o.e.j.w.WebAppContext{/s,file:/var/jenkins_home/workspace/Cumulocity-Platform-Services-BUILD/smartrest/src/test/webapp/}
2018-08-06 06:29:51,106 [main] DEBUG org.eclipse.jetty.util.component.Container  - Container o.e.j.w.WebAppContext{/s,file:/var/jenkins_home/workspace/Cumulocity-Platform-Services-BUILD/smartrest/src/test/webapp/} - org.eclipse.jetty.server.session.SessionHandler@69e9487d as handler
2018-08-06 06:29:51,106 [main] DEBUG org.eclipse.jetty.util.component.AbstractLifeCycle  - STOPPED o.e.j.w.WebAppContext{/s,file:/var/jenkins_home/workspace/Cumulocity-Platform-Services-BUILD/smartrest/src/test/webapp/}
2018-08-06 06:29:51,106 [main] DEBUG org.eclipse.jetty.util.component.AbstractLifeCycle  - stopping o.e.j.s.ServletContextHandler{/measurement,null}
2018-08-06 06:29:51,106 [main] DEBUG org.eclipse.jetty.util.component.AbstractLifeCycle  - stopping org.eclipse.jetty.servlet.ServletHandler@64c71e34
2018-08-06 06:29:51,106 [main] DEBUG org.eclipse.jetty.server.handler.AbstractHandler  - stopping org.eclipse.jetty.servlet.ServletHandler@64c71e34
2018-08-06 06:29:51,106 [main] DEBUG org.eclipse.jetty.util.component.AbstractLifeCycle  - stopping measurements
2018-08-06 06:29:51,106 [main] DEBUG org.eclipse.jetty.util.component.AbstractLifeCycle  - STOPPED measurements
2018-08-06 06:29:51,106 [main] DEBUG org.eclipse.jetty.util.component.AbstractLifeCycle  - STOPPED org.eclipse.jetty.servlet.ServletHandler@64c71e34
2018-08-06 06:29:51,106 [main] DEBUG org.eclipse.jetty.server.handler.AbstractHandler  - stopping o.e.j.s.ServletContextHandler{/measurement,null}
2018-08-06 06:29:51,106 [main] INFO  org.eclipse.jetty.server.handler.ContextHandler  - stopped o.e.j.s.ServletContextHandler{/measurement,null}
2018-08-06 06:29:51,106 [main] DEBUG org.eclipse.jetty.util.component.Container  - Container o.e.j.s.ServletContextHandler{/measurement,null} - org.eclipse.jetty.servlet.ServletHandler@64c71e34 as handler
2018-08-06 06:29:51,106 [main] DEBUG org.eclipse.jetty.util.component.AbstractLifeCycle  - STOPPED o.e.j.s.ServletContextHandler{/measurement,null}
2018-08-06 06:29:51,106 [main] DEBUG org.eclipse.jetty.util.component.AbstractLifeCycle  - stopping o.e.j.s.ServletContextHandler{/inventory,null}
2018-08-06 06:29:51,106 [main] DEBUG org.eclipse.jetty.util.component.AbstractLifeCycle  - stopping org.eclipse.jetty.servlet.ServletHandler@3df0efd5
2018-08-06 06:29:51,106 [main] DEBUG org.eclipse.jetty.server.handler.AbstractHandler  - stopping org.eclipse.jetty.servlet.ServletHandler@3df0efd5
2018-08-06 06:29:51,106 [main] DEBUG org.eclipse.jetty.util.component.AbstractLifeCycle  - stopping managedObjects
2018-08-06 06:29:51,106 [main] DEBUG org.eclipse.jetty.util.component.AbstractLifeCycle  - STOPPED managedObjects
2018-08-06 06:29:51,106 [main] DEBUG org.eclipse.jetty.util.component.AbstractLifeCycle  - STOPPED org.eclipse.jetty.servlet.ServletHandler@3df0efd5
2018-08-06 06:29:51,106 [main] DEBUG org.eclipse.jetty.server.handler.AbstractHandler  - stopping o.e.j.s.ServletContextHandler{/inventory,null}
2018-08-06 06:29:51,106 [main] INFO  org.eclipse.jetty.server.handler.ContextHandler  - stopped o.e.j.s.ServletContextHandler{/inventory,null}
2018-08-06 06:29:51,106 [main] DEBUG org.eclipse.jetty.util.component.Container  - Container o.e.j.s.ServletContextHandler{/inventory,null} - org.eclipse.jetty.servlet.ServletHandler@3df0efd5 as handler
2018-08-06 06:29:51,106 [main] DEBUG org.eclipse.jetty.util.component.AbstractLifeCycle  - STOPPED o.e.j.s.ServletContextHandler{/inventory,null}
2018-08-06 06:29:51,106 [main] DEBUG org.eclipse.jetty.util.component.AbstractLifeCycle  - stopping o.e.j.w.WebAppContext{/s,file:/var/jenkins_home/workspace/Cumulocity-Platform-Services-BUILD/smartrest/src/test/webapp/}
2018-08-06 06:29:51,106 [main] DEBUG org.eclipse.jetty.util.component.AbstractLifeCycle  - stopping org.eclipse.jetty.server.session.SessionHandler@20363a3f
2018-08-06 06:29:51,106 [main] DEBUG org.eclipse.jetty.util.component.AbstractLifeCycle  - stopping org.eclipse.jetty.server.session.HashSessionManager@482a0e9e
2018-08-06 06:29:51,107 [main] DEBUG org.eclipse.jetty.util.component.AbstractLifeCycle  - STOPPED org.eclipse.jetty.server.session.HashSessionManager@482a0e9e
2018-08-06 06:29:51,107 [main] DEBUG org.eclipse.jetty.util.component.AbstractLifeCycle  - stopping org.eclipse.jetty.security.ConstraintSecurityHandler@4626d81c
2018-08-06 06:29:51,107 [main] DEBUG org.eclipse.jetty.util.component.AbstractLifeCycle  - stopping org.eclipse.jetty.servlet.ServletHandler@4a6948be
2018-08-06 06:29:51,107 [main] DEBUG org.eclipse.jetty.server.handler.AbstractHandler  - stopping org.eclipse.jetty.servlet.ServletHandler@4a6948be
2018-08-06 06:29:51,107 [main] DEBUG org.eclipse.jetty.util.component.AbstractLifeCycle  - stopping hiddenHttpMethodFilter
2018-08-06 06:29:51,107 [main] DEBUG org.eclipse.jetty.util.component.AbstractLifeCycle  - STOPPED hiddenHttpMethodFilter
2018-08-06 06:29:51,107 [main] DEBUG org.eclipse.jetty.util.component.AbstractLifeCycle  - stopping proxyRequestHandler
2018-08-06 06:29:51,107 [main] DEBUG org.eclipse.jetty.util.component.AbstractLifeCycle  - STOPPED proxyRequestHandler
2018-08-06 06:29:51,107 [main] DEBUG org.eclipse.jetty.util.component.AbstractLifeCycle  - stopping jsp
2018-08-06 06:29:51,107 [main] DEBUG org.eclipse.jetty.util.component.AbstractLifeCycle  - STOPPED jsp
2018-08-06 06:29:51,107 [main] DEBUG org.eclipse.jetty.util.component.AbstractLifeCycle  - stopping default
2018-08-06 06:29:51,107 [main] DEBUG org.eclipse.jetty.util.component.AbstractLifeCycle  - STOPPED default
2018-08-06 06:29:51,107 [main] DEBUG org.eclipse.jetty.util.component.AbstractLifeCycle  - STOPPED org.eclipse.jetty.servlet.ServletHandler@4a6948be
2018-08-06 06:29:51,107 [main] DEBUG org.eclipse.jetty.server.handler.AbstractHandler  - stopping org.eclipse.jetty.security.ConstraintSecurityHandler@4626d81c
2018-08-06 06:29:51,107 [main] DEBUG org.eclipse.jetty.util.component.AbstractLifeCycle  - STOPPED org.eclipse.jetty.security.ConstraintSecurityHandler@4626d81c
2018-08-06 06:29:51,107 [main] DEBUG org.eclipse.jetty.server.handler.AbstractHandler  - stopping org.eclipse.jetty.server.session.SessionHandler@20363a3f
2018-08-06 06:29:51,107 [main] DEBUG org.eclipse.jetty.util.component.AbstractLifeCycle  - STOPPED org.eclipse.jetty.server.session.SessionHandler@20363a3f
2018-08-06 06:29:51,107 [main] DEBUG org.eclipse.jetty.server.handler.AbstractHandler  - stopping o.e.j.w.WebAppContext{/s,file:/var/jenkins_home/workspace/Cumulocity-Platform-Services-BUILD/smartrest/src/test/webapp/}
2018-08-06 06:29:51,107 [main] INFO  SmartREST Proxy  - Closing Spring root WebApplicationContext
2018-08-06 06:29:51,107 [main] INFO  org.springframework.web.context.support.XmlWebApplicationContext  - Closing Root WebApplicationContext: startup date [Mon Aug 06 06:29:20 UTC 2018]; root of context hierarchy
2018-08-06 06:29:51,107 [main] DEBUG org.springframework.beans.factory.support.DefaultListableBeanFactory  - Returning cached instance of singleton bean &apos;lifecycleProcessor&apos;
2018-08-06 06:29:51,107 [main] INFO  org.springframework.beans.factory.support.DefaultListableBeanFactory  - Destroying singletons in org.springframework.beans.factory.support.DefaultListableBeanFactory@11361f82: defining beans [com.cumulocity.common.config.PlatformEnvironment#0,org.springframework.context.support.PropertySourcesPlaceholderConfigurer#0,configLocations,org.springframework.context.annotation.internalConfigurationAnnotationProcessor,org.springframework.context.annotation.internalAutowiredAnnotationProcessor,org.springframework.context.annotation.internalRequiredAnnotationProcessor,org.springframework.context.annotation.internalCommonAnnotationProcessor,proxyRequestHandler,requestHandler,templateProvider,requestDispatcher,restDispatcherHttpClient,concurrentExecutor,org.springframework.context.annotation.ConfigurationClassPostProcessor.importAwareProcessor]; root of factory hierarchy
2018-08-06 06:29:51,107 [main] DEBUG org.springframework.beans.factory.support.DisposableBeanAdapter  - Invoking destroy() on bean with name &apos;concurrentExecutor&apos;
2018-08-06 06:29:51,108 [main] DEBUG org.springframework.beans.factory.support.DisposableBeanAdapter  - Invoking destroy() on bean with name &apos;restDispatcherHttpClient&apos;
2018-08-06 06:29:51,108 [main] DEBUG org.apache.http.impl.conn.tsccm.ThreadSafeClientConnManager  - Shutting down
2018-08-06 06:29:51,108 [main] DEBUG org.springframework.beans.factory.support.DefaultListableBeanFactory  - Retrieved dependent beans for bean &apos;configLocations&apos;: [com.cumulocity.common.config.PlatformEnvironment#0]
2018-08-06 06:29:51,108 [main] DEBUG org.springframework.beans.factory.support.DisposableBeanAdapter  - Invoking destroy() on bean with name &apos;configLocations&apos;
2018-08-06 06:29:51,108 [main] DEBUG org.eclipse.jetty.util.component.AbstractLifeCycle  - stopping org.eclipse.jetty.servlet.ErrorPageErrorHandler@bc6a29d
2018-08-06 06:29:51,108 [main] DEBUG org.eclipse.jetty.server.handler.AbstractHandler  - stopping org.eclipse.jetty.servlet.ErrorPageErrorHandler@bc6a29d
2018-08-06 06:29:51,108 [main] DEBUG org.eclipse.jetty.util.component.AbstractLifeCycle  - STOPPED org.eclipse.jetty.servlet.ErrorPageErrorHandler@bc6a29d
2018-08-06 06:29:51,108 [main] INFO  org.eclipse.jetty.server.handler.ContextHandler  - stopped o.e.j.w.WebAppContext{/s,file:/var/jenkins_home/workspace/Cumulocity-Platform-Services-BUILD/smartrest/src/test/webapp/}
2018-08-06 06:29:51,108 [main] DEBUG org.eclipse.jetty.util.component.Container  - Container o.e.j.w.WebAppContext{/s,file:/var/jenkins_home/workspace/Cumulocity-Platform-Services-BUILD/smartrest/src/test/webapp/} - org.eclipse.jetty.server.session.SessionHandler@20363a3f as handler
2018-08-06 06:29:51,108 [main] DEBUG org.eclipse.jetty.util.component.AbstractLifeCycle  - STOPPED o.e.j.w.WebAppContext{/s,file:/var/jenkins_home/workspace/Cumulocity-Platform-Services-BUILD/smartrest/src/test/webapp/}
2018-08-06 06:29:51,108 [main] DEBUG org.eclipse.jetty.util.component.AbstractLifeCycle  - stopping o.e.j.s.ServletContextHandler{/measurement,null}
2018-08-06 06:29:51,108 [main] DEBUG org.eclipse.jetty.util.component.AbstractLifeCycle  - stopping org.eclipse.jetty.servlet.ServletHandler@560a9228
2018-08-06 06:29:51,108 [main] DEBUG org.eclipse.jetty.server.handler.AbstractHandler  - stopping org.eclipse.jetty.servlet.ServletHandler@560a9228
2018-08-06 06:29:51,108 [main] DEBUG org.eclipse.jetty.util.component.AbstractLifeCycle  - stopping measurements
2018-08-06 06:29:51,108 [main] DEBUG org.eclipse.jetty.util.component.AbstractLifeCycle  - STOPPED measurements
2018-08-06 06:29:51,108 [main] DEBUG org.eclipse.jetty.util.component.AbstractLifeCycle  - STOPPED org.eclipse.jetty.servlet.ServletHandler@560a9228
2018-08-06 06:29:51,108 [main] DEBUG org.eclipse.jetty.server.handler.AbstractHandler  - stopping o.e.j.s.ServletContextHandler{/measurement,null}
2018-08-06 06:29:51,108 [main] INFO  org.eclipse.jetty.server.handler.ContextHandler  - stopped o.e.j.s.ServletContextHandler{/measurement,null}
2018-08-06 06:29:51,108 [main] DEBUG org.eclipse.jetty.util.component.Container  - Container o.e.j.s.ServletContextHandler{/measurement,null} - org.eclipse.jetty.servlet.ServletHandler@560a9228 as handler
2018-08-06 06:29:51,108 [main] DEBUG org.eclipse.jetty.util.component.AbstractLifeCycle  - STOPPED o.e.j.s.ServletContextHandler{/measurement,null}
2018-08-06 06:29:51,109 [main] DEBUG org.eclipse.jetty.util.component.AbstractLifeCycle  - stopping o.e.j.s.ServletContextHandler{/inventory,null}
2018-08-06 06:29:51,109 [main] DEBUG org.eclipse.jetty.util.component.AbstractLifeCycle  - stopping org.eclipse.jetty.servlet.ServletHandler@566b3836
2018-08-06 06:29:51,109 [main] DEBUG org.eclipse.jetty.server.handler.AbstractHandler  - stopping org.eclipse.jetty.servlet.ServletHandler@566b3836
2018-08-06 06:29:51,109 [main] DEBUG org.eclipse.jetty.util.component.AbstractLifeCycle  - stopping managedObjects
2018-08-06 06:29:51,109 [main] DEBUG org.eclipse.jetty.util.component.AbstractLifeCycle  - STOPPED managedObjects
2018-08-06 06:29:51,109 [main] DEBUG org.eclipse.jetty.util.component.AbstractLifeCycle  - STOPPED org.eclipse.jetty.servlet.ServletHandler@566b3836
2018-08-06 06:29:51,109 [main] DEBUG org.eclipse.jetty.server.handler.AbstractHandler  - stopping o.e.j.s.ServletContextHandler{/inventory,null}
2018-08-06 06:29:51,109 [main] INFO  org.eclipse.jetty.server.handler.ContextHandler  - stopped o.e.j.s.ServletContextHandler{/inventory,null}
2018-08-06 06:29:51,109 [main] DEBUG org.eclipse.jetty.util.component.Container  - Container o.e.j.s.ServletContextHandler{/inventory,null} - org.eclipse.jetty.servlet.ServletHandler@566b3836 as handler
2018-08-06 06:29:51,109 [main] DEBUG org.eclipse.jetty.util.component.AbstractLifeCycle  - STOPPED o.e.j.s.ServletContextHandler{/inventory,null}
2018-08-06 06:29:51,109 [main] DEBUG org.eclipse.jetty.util.component.AbstractLifeCycle  - stopping o.e.j.w.WebAppContext{/s,file:/var/jenkins_home/workspace/Cumulocity-Platform-Services-BUILD/smartrest/src/test/webapp/}
2018-08-06 06:29:51,109 [main] DEBUG org.eclipse.jetty.util.component.AbstractLifeCycle  - stopping org.eclipse.jetty.server.session.SessionHandler@1ce89199
2018-08-06 06:29:51,109 [main] DEBUG org.eclipse.jetty.util.component.AbstractLifeCycle  - stopping org.eclipse.jetty.server.session.HashSessionManager@68aee2a2
2018-08-06 06:29:51,109 [main] DEBUG org.eclipse.jetty.util.component.AbstractLifeCycle  - STOPPED org.eclipse.jetty.server.session.HashSessionManager@68aee2a2
2018-08-06 06:29:51,109 [main] DEBUG org.eclipse.jetty.util.component.AbstractLifeCycle  - stopping org.eclipse.jetty.security.ConstraintSecurityHandler@414128f7
2018-08-06 06:29:51,109 [main] DEBUG org.eclipse.jetty.util.component.AbstractLifeCycle  - stopping org.eclipse.jetty.servlet.ServletHandler@1538c1e3
2018-08-06 06:29:51,109 [main] DEBUG org.eclipse.jetty.server.handler.AbstractHandler  - stopping org.eclipse.jetty.servlet.ServletHandler@1538c1e3
2018-08-06 06:29:51,109 [main] DEBUG org.eclipse.jetty.util.component.AbstractLifeCycle  - stopping hiddenHttpMethodFilter
2018-08-06 06:29:51,109 [main] DEBUG org.eclipse.jetty.util.component.AbstractLifeCycle  - STOPPED hiddenHttpMethodFilter
2018-08-06 06:29:51,109 [main] DEBUG org.eclipse.jetty.util.component.AbstractLifeCycle  - stopping proxyRequestHandler
2018-08-06 06:29:51,109 [main] DEBUG org.eclipse.jetty.util.component.AbstractLifeCycle  - STOPPED proxyRequestHandler
2018-08-06 06:29:51,109 [main] DEBUG org.eclipse.jetty.util.component.AbstractLifeCycle  - stopping jsp
2018-08-06 06:29:51,109 [main] DEBUG org.eclipse.jetty.util.component.AbstractLifeCycle  - STOPPED jsp
2018-08-06 06:29:51,109 [main] DEBUG org.eclipse.jetty.util.component.AbstractLifeCycle  - stopping default
2018-08-06 06:29:51,109 [main] DEBUG org.eclipse.jetty.util.component.AbstractLifeCycle  - STOPPED default
2018-08-06 06:29:51,109 [main] DEBUG org.eclipse.jetty.util.component.AbstractLifeCycle  - STOPPED org.eclipse.jetty.servlet.ServletHandler@1538c1e3
2018-08-06 06:29:51,109 [main] DEBUG org.eclipse.jetty.server.handler.AbstractHandler  - stopping org.eclipse.jetty.security.ConstraintSecurityHandler@414128f7
2018-08-06 06:29:51,109 [main] DEBUG org.eclipse.jetty.util.component.AbstractLifeCycle  - STOPPED org.eclipse.jetty.security.ConstraintSecurityHandler@414128f7
2018-08-06 06:29:51,109 [main] DEBUG org.eclipse.jetty.server.handler.AbstractHandler  - stopping org.eclipse.jetty.server.session.SessionHandler@1ce89199
2018-08-06 06:29:51,109 [main] DEBUG org.eclipse.jetty.util.component.AbstractLifeCycle  - STOPPED org.eclipse.jetty.server.session.SessionHandler@1ce89199
2018-08-06 06:29:51,109 [main] DEBUG org.eclipse.jetty.server.handler.AbstractHandler  - stopping o.e.j.w.WebAppContext{/s,file:/var/jenkins_home/workspace/Cumulocity-Platform-Services-BUILD/smartrest/src/test/webapp/}
2018-08-06 06:29:51,110 [main] INFO  SmartREST Proxy  - Closing Spring root WebApplicationContext
2018-08-06 06:29:51,110 [main] INFO  org.springframework.web.context.support.XmlWebApplicationContext  - Closing Root WebApplicationContext: startup date [Mon Aug 06 06:29:20 UTC 2018]; root of context hierarchy
2018-08-06 06:29:51,110 [main] DEBUG org.springframework.beans.factory.support.DefaultListableBeanFactory  - Returning cached instance of singleton bean &apos;lifecycleProcessor&apos;
2018-08-06 06:29:51,110 [main] INFO  org.springframework.beans.factory.support.DefaultListableBeanFactory  - Destroying singletons in org.springframework.beans.factory.support.DefaultListableBeanFactory@6ec9ffaa: defining beans [com.cumulocity.common.config.PlatformEnvironment#0,org.springframework.context.support.PropertySourcesPlaceholderConfigurer#0,configLocations,org.springframework.context.annotation.internalConfigurationAnnotationProcessor,org.springframework.context.annotation.internalAutowiredAnnotationProcessor,org.springframework.context.annotation.internalRequiredAnnotationProcessor,org.springframework.context.annotation.internalCommonAnnotationProcessor,proxyRequestHandler,requestHandler,templateProvider,requestDispatcher,restDispatcherHttpClient,concurrentExecutor,org.springframework.context.annotation.ConfigurationClassPostProcessor.importAwareProcessor]; root of factory hierarchy
2018-08-06 06:29:51,110 [main] DEBUG org.springframework.beans.factory.support.DisposableBeanAdapter  - Invoking destroy() on bean with name &apos;concurrentExecutor&apos;
2018-08-06 06:29:51,110 [main] DEBUG org.springframework.beans.factory.support.DisposableBeanAdapter  - Invoking destroy() on bean with name &apos;restDispatcherHttpClient&apos;
2018-08-06 06:29:51,110 [main] DEBUG org.apache.http.impl.conn.tsccm.ThreadSafeClientConnManager  - Shutting down
2018-08-06 06:29:51,110 [main] DEBUG org.springframework.beans.factory.support.DefaultListableBeanFactory  - Retrieved dependent beans for bean &apos;configLocations&apos;: [com.cumulocity.common.config.PlatformEnvironment#0]
2018-08-06 06:29:51,110 [main] DEBUG org.springframework.beans.factory.support.DisposableBeanAdapter  - Invoking destroy() on bean with name &apos;configLocations&apos;
2018-08-06 06:29:51,110 [main] DEBUG org.eclipse.jetty.util.component.AbstractLifeCycle  - stopping org.eclipse.jetty.servlet.ErrorPageErrorHandler@5e7cf14d
2018-08-06 06:29:51,110 [main] DEBUG org.eclipse.jetty.server.handler.AbstractHandler  - stopping org.eclipse.jetty.servlet.ErrorPageErrorHandler@5e7cf14d
2018-08-06 06:29:51,110 [main] DEBUG org.eclipse.jetty.util.component.AbstractLifeCycle  - STOPPED org.eclipse.jetty.servlet.ErrorPageErrorHandler@5e7cf14d
2018-08-06 06:29:51,111 [main] INFO  org.eclipse.jetty.server.handler.ContextHandler  - stopped o.e.j.w.WebAppContext{/s,file:/var/jenkins_home/workspace/Cumulocity-Platform-Services-BUILD/smartrest/src/test/webapp/}
2018-08-06 06:29:51,111 [main] DEBUG org.eclipse.jetty.util.component.Container  - Container o.e.j.w.WebAppContext{/s,file:/var/jenkins_home/workspace/Cumulocity-Platform-Services-BUILD/smartrest/src/test/webapp/} - org.eclipse.jetty.server.session.SessionHandler@1ce89199 as handler
2018-08-06 06:29:51,111 [main] DEBUG org.eclipse.jetty.util.component.AbstractLifeCycle  - STOPPED o.e.j.w.WebAppContext{/s,file:/var/jenkins_home/workspace/Cumulocity-Platform-Services-BUILD/smartrest/src/test/webapp/}
2018-08-06 06:29:51,111 [main] DEBUG org.eclipse.jetty.util.component.AbstractLifeCycle  - STOPPED org.eclipse.jetty.server.handler.HandlerList@173cc2fd
2018-08-06 06:29:51,111 [main] DEBUG org.eclipse.jetty.server.handler.AbstractHandler  - stopping org.eclipse.jetty.server.Server@107f774f
2018-08-06 06:29:51,111 [main] DEBUG org.eclipse.jetty.util.component.AbstractLifeCycle  - stopping org.eclipse.jetty.server.session.HashSessionIdManager@4374a298
2018-08-06 06:29:51,111 [main] DEBUG org.eclipse.jetty.util.component.AbstractLifeCycle  - STOPPED org.eclipse.jetty.server.session.HashSessionIdManager@4374a298
2018-08-06 06:29:51,111 [main] DEBUG org.eclipse.jetty.util.component.AbstractLifeCycle  - stopping qtp371555318{8&lt;=8&lt;=8/254,0}
2018-08-06 06:29:51,162 [main] DEBUG org.eclipse.jetty.util.component.AbstractLifeCycle  - STOPPED qtp371555318{8&lt;=0&lt;=0/254,5}
2018-08-06 06:29:51,162 [main] DEBUG org.eclipse.jetty.util.component.AbstractLifeCycle  - STOPPED org.eclipse.jetty.server.Server@107f774f
</stdout>
          <failedSince>3614</failedSince>
        </case>
        <case>
          <duration>30.499</duration>
          <className>com.cumulocity.smartrest.SmartRESTModuleTest</className>
          <testName>shouldContainChunkedEncodingWhenSendRequestAndResponseBodyIsEmpty</testName>
          <skipped>false</skipped>
          <errorStackTrace>java.lang.Exception: test timed out after 30000 milliseconds
	at com.cumulocity.smartrest.SmartRESTModuleTest.shouldContainChunkedEncodingWhenSendRequestAndResponseBodyIsEmpty(SmartRESTModuleTest.java:116)
</errorStackTrace>
          <errorDetails>test timed out after 30000 milliseconds</errorDetails>
          <stdout>2018-08-06 06:29:51,163 [main] DEBUG org.eclipse.jetty.servlet.ServletHandler  - filterNameMap={}
2018-08-06 06:29:51,163 [main] DEBUG org.eclipse.jetty.servlet.ServletHandler  - pathFilters=null
2018-08-06 06:29:51,163 [main] DEBUG org.eclipse.jetty.servlet.ServletHandler  - servletFilterMap=null
2018-08-06 06:29:51,163 [main] DEBUG org.eclipse.jetty.servlet.ServletHandler  - servletPathMap={/templates/*=managedObjects}
2018-08-06 06:29:51,163 [main] DEBUG org.eclipse.jetty.servlet.ServletHandler  - servletNameMap={managedObjects=managedObjects}
2018-08-06 06:29:51,163 [main] DEBUG org.eclipse.jetty.servlet.ServletHandler  - filterNameMap={}
2018-08-06 06:29:51,163 [main] DEBUG org.eclipse.jetty.servlet.ServletHandler  - pathFilters=null
2018-08-06 06:29:51,163 [main] DEBUG org.eclipse.jetty.servlet.ServletHandler  - servletFilterMap=null
2018-08-06 06:29:51,163 [main] DEBUG org.eclipse.jetty.servlet.ServletHandler  - servletPathMap={/measurements/*=measurements}
2018-08-06 06:29:51,163 [main] DEBUG org.eclipse.jetty.servlet.ServletHandler  - servletNameMap={measurements=measurements}
2018-08-06 06:29:51,163 [main] DEBUG org.eclipse.jetty.util.component.Container  - Container org.eclipse.jetty.server.Server@c49c04 + SelectChannelConnector@0.0.0.0:8586 as connector
2018-08-06 06:29:51,163 [main] DEBUG org.eclipse.jetty.util.component.Container  - Container o.e.j.w.WebAppContext{/s,file:/var/jenkins_home/workspace/Cumulocity-Platform-Services-BUILD/smartrest/src/test/webapp/} - org.eclipse.jetty.servlet.ErrorPageErrorHandler@5e7cf14d as error
2018-08-06 06:29:51,163 [main] DEBUG org.eclipse.jetty.util.component.Container  - Container o.e.j.w.WebAppContext{/s,file:/var/jenkins_home/workspace/Cumulocity-Platform-Services-BUILD/smartrest/src/test/webapp/} - org.eclipse.jetty.servlet.ErrorPageErrorHandler@bc6a29d as error
2018-08-06 06:29:51,163 [main] DEBUG org.eclipse.jetty.util.component.Container  - Container o.e.j.w.WebAppContext{/s,file:/var/jenkins_home/workspace/Cumulocity-Platform-Services-BUILD/smartrest/src/test/webapp/} - org.eclipse.jetty.servlet.ErrorPageErrorHandler@30297f31 as error
2018-08-06 06:29:51,163 [main] DEBUG org.eclipse.jetty.util.component.Container  - Container o.e.j.w.WebAppContext{/s,file:/var/jenkins_home/workspace/Cumulocity-Platform-Services-BUILD/smartrest/src/test/webapp/} - org.eclipse.jetty.servlet.ErrorPageErrorHandler@2071ebff as error
2018-08-06 06:29:51,163 [main] DEBUG org.eclipse.jetty.util.component.Container  - Container o.e.j.w.WebAppContext{/s,file:/var/jenkins_home/workspace/Cumulocity-Platform-Services-BUILD/smartrest/src/test/webapp/} + org.eclipse.jetty.servlet.ErrorPageErrorHandler@5e7cf14d as error
2018-08-06 06:29:51,163 [main] DEBUG org.eclipse.jetty.util.component.Container  - Container o.e.j.w.WebAppContext{/s,file:/var/jenkins_home/workspace/Cumulocity-Platform-Services-BUILD/smartrest/src/test/webapp/} + org.eclipse.jetty.servlet.ErrorPageErrorHandler@bc6a29d as error
2018-08-06 06:29:51,164 [main] DEBUG org.eclipse.jetty.util.component.Container  - Container o.e.j.w.WebAppContext{/s,file:/var/jenkins_home/workspace/Cumulocity-Platform-Services-BUILD/smartrest/src/test/webapp/} + org.eclipse.jetty.servlet.ErrorPageErrorHandler@30297f31 as error
2018-08-06 06:29:51,164 [main] DEBUG org.eclipse.jetty.util.component.Container  - Container o.e.j.w.WebAppContext{/s,file:/var/jenkins_home/workspace/Cumulocity-Platform-Services-BUILD/smartrest/src/test/webapp/} + org.eclipse.jetty.servlet.ErrorPageErrorHandler@2071ebff as error
2018-08-06 06:29:51,164 [main] DEBUG org.eclipse.jetty.util.component.Container  - Container o.e.j.w.WebAppContext{/s,file:/var/jenkins_home/workspace/Cumulocity-Platform-Services-BUILD/smartrest/src/test/webapp/} + org.eclipse.jetty.servlet.ErrorPageErrorHandler@6bdecb00 as error
2018-08-06 06:29:51,164 [main] DEBUG org.eclipse.jetty.util.component.Container  - Container org.eclipse.jetty.server.handler.HandlerList@6fe1a453 + o.e.j.w.WebAppContext{/s,file:/var/jenkins_home/workspace/Cumulocity-Platform-Services-BUILD/smartrest/src/test/webapp/} as handler
2018-08-06 06:29:51,164 [main] DEBUG org.eclipse.jetty.util.component.Container  - Container org.eclipse.jetty.server.handler.HandlerList@6fe1a453 + o.e.j.s.ServletContextHandler{/inventory,null} as handler
2018-08-06 06:29:51,164 [main] DEBUG org.eclipse.jetty.util.component.Container  - Container org.eclipse.jetty.server.handler.HandlerList@6fe1a453 + o.e.j.s.ServletContextHandler{/measurement,null} as handler
2018-08-06 06:29:51,164 [main] DEBUG org.eclipse.jetty.util.component.Container  - Container org.eclipse.jetty.server.handler.HandlerList@6fe1a453 + o.e.j.w.WebAppContext{/s,file:/var/jenkins_home/workspace/Cumulocity-Platform-Services-BUILD/smartrest/src/test/webapp/} as handler
2018-08-06 06:29:51,164 [main] DEBUG org.eclipse.jetty.util.component.Container  - Container org.eclipse.jetty.server.handler.HandlerList@6fe1a453 + o.e.j.s.ServletContextHandler{/inventory,null} as handler
2018-08-06 06:29:51,164 [main] DEBUG org.eclipse.jetty.util.component.Container  - Container org.eclipse.jetty.server.handler.HandlerList@6fe1a453 + o.e.j.s.ServletContextHandler{/measurement,null} as handler
2018-08-06 06:29:51,164 [main] DEBUG org.eclipse.jetty.util.component.Container  - Container org.eclipse.jetty.server.handler.HandlerList@6fe1a453 + o.e.j.w.WebAppContext{/s,file:/var/jenkins_home/workspace/Cumulocity-Platform-Services-BUILD/smartrest/src/test/webapp/} as handler
2018-08-06 06:29:51,164 [main] DEBUG org.eclipse.jetty.util.component.Container  - Container org.eclipse.jetty.server.handler.HandlerList@6fe1a453 + o.e.j.s.ServletContextHandler{/inventory,null} as handler
2018-08-06 06:29:51,164 [main] DEBUG org.eclipse.jetty.util.component.Container  - Container org.eclipse.jetty.server.handler.HandlerList@6fe1a453 + o.e.j.s.ServletContextHandler{/measurement,null} as handler
2018-08-06 06:29:51,164 [main] DEBUG org.eclipse.jetty.util.component.Container  - Container org.eclipse.jetty.server.handler.HandlerList@6fe1a453 + o.e.j.w.WebAppContext{/s,file:/var/jenkins_home/workspace/Cumulocity-Platform-Services-BUILD/smartrest/src/test/webapp/} as handler
2018-08-06 06:29:51,164 [main] DEBUG org.eclipse.jetty.util.component.Container  - Container org.eclipse.jetty.server.handler.HandlerList@6fe1a453 + o.e.j.s.ServletContextHandler{/inventory,null} as handler
2018-08-06 06:29:51,164 [main] DEBUG org.eclipse.jetty.util.component.Container  - Container org.eclipse.jetty.server.handler.HandlerList@6fe1a453 + o.e.j.s.ServletContextHandler{/measurement,null} as handler
2018-08-06 06:29:51,164 [main] DEBUG org.eclipse.jetty.util.component.Container  - Container org.eclipse.jetty.server.handler.HandlerList@6fe1a453 + o.e.j.w.WebAppContext{/s,file:/var/jenkins_home/workspace/Cumulocity-Platform-Services-BUILD/smartrest/src/test/webapp/} as handler
2018-08-06 06:29:51,164 [main] DEBUG org.eclipse.jetty.util.component.Container  - Container org.eclipse.jetty.server.handler.HandlerList@6fe1a453 + o.e.j.s.ServletContextHandler{/inventory,null} as handler
2018-08-06 06:29:51,164 [main] DEBUG org.eclipse.jetty.util.component.Container  - Container org.eclipse.jetty.server.handler.HandlerList@6fe1a453 + o.e.j.s.ServletContextHandler{/measurement,null} as handler
2018-08-06 06:29:51,164 [main] DEBUG org.eclipse.jetty.util.component.Container  - Container org.eclipse.jetty.server.Server@c49c04 + org.eclipse.jetty.server.handler.HandlerList@6fe1a453 as handler
2018-08-06 06:29:51,164 [main] DEBUG org.eclipse.jetty.util.component.AbstractLifeCycle  - starting org.eclipse.jetty.server.Server@c49c04
2018-08-06 06:29:51,164 [main] INFO  org.eclipse.jetty.server.Server  - jetty-8.1.19.v20160209
2018-08-06 06:29:51,164 [main] DEBUG org.eclipse.jetty.util.component.Container  - Container org.eclipse.jetty.server.Server@c49c04 + qtp1189838471{8&lt;=0&lt;=0/254,-1} as threadpool
2018-08-06 06:29:51,164 [main] DEBUG org.eclipse.jetty.util.component.AbstractLifeCycle  - starting org.eclipse.jetty.server.handler.HandlerList@6fe1a453
2018-08-06 06:29:51,164 [main] DEBUG org.eclipse.jetty.util.component.AbstractLifeCycle  - starting o.e.j.w.WebAppContext{/s,file:/var/jenkins_home/workspace/Cumulocity-Platform-Services-BUILD/smartrest/src/test/webapp/}
2018-08-06 06:29:51,164 [main] DEBUG org.eclipse.jetty.webapp.WebAppContext  - Thread Context classloader sun.misc.Launcher$AppClassLoader@741378ec
2018-08-06 06:29:51,164 [main] DEBUG org.eclipse.jetty.webapp.WebAppContext  - Parent class loader: sun.misc.Launcher$ExtClassLoader@2a68097d 
2018-08-06 06:29:51,164 [main] DEBUG org.eclipse.jetty.webapp.WebAppContext  - preConfigure o.e.j.w.WebAppContext{/s,file:/var/jenkins_home/workspace/Cumulocity-Platform-Services-BUILD/smartrest/src/test/webapp/} with org.eclipse.jetty.webapp.WebInfConfiguration@c229885
2018-08-06 06:29:51,165 [main] DEBUG org.eclipse.jetty.webapp.WebInfConfiguration  - Set temp dir /tmp/jetty-0.0.0.0-8586-webapp-_s-any-
2018-08-06 06:29:51,165 [main] DEBUG org.eclipse.jetty.webapp.WebAppContext  - preConfigure o.e.j.w.WebAppContext{/s,file:/var/jenkins_home/workspace/Cumulocity-Platform-Services-BUILD/smartrest/src/test/webapp/} with org.eclipse.jetty.webapp.WebXmlConfiguration@377c016e
2018-08-06 06:29:51,167 [main] DEBUG org.eclipse.jetty.webapp.WebDescriptor  - jar:file:/var/jenkins_home/m2/repository/org/eclipse/jetty/jetty-webapp/8.1.19.v20160209/jetty-webapp-8.1.19.v20160209.jar!/org/eclipse/jetty/webapp/webdefault.xml: Calculated metadatacomplete = True with version=2.5
2018-08-06 06:29:51,168 [main] DEBUG org.eclipse.jetty.webapp.WebDescriptor  - file:/var/jenkins_home/workspace/Cumulocity-Platform-Services-BUILD/smartrest/src/test/webapp/WEB-INF/web.xml: Calculated metadatacomplete = NotSet with version=2.4
2018-08-06 06:29:51,168 [main] DEBUG org.eclipse.jetty.webapp.WebAppContext  - preConfigure o.e.j.w.WebAppContext{/s,file:/var/jenkins_home/workspace/Cumulocity-Platform-Services-BUILD/smartrest/src/test/webapp/} with org.eclipse.jetty.webapp.MetaInfConfiguration@680bb9fb
2018-08-06 06:29:51,168 [main] DEBUG org.eclipse.jetty.webapp.WebAppContext  - preConfigure o.e.j.w.WebAppContext{/s,file:/var/jenkins_home/workspace/Cumulocity-Platform-Services-BUILD/smartrest/src/test/webapp/} with org.eclipse.jetty.webapp.FragmentConfiguration@59df431a
2018-08-06 06:29:51,168 [main] DEBUG org.eclipse.jetty.webapp.WebAppContext  - preConfigure o.e.j.w.WebAppContext{/s,file:/var/jenkins_home/workspace/Cumulocity-Platform-Services-BUILD/smartrest/src/test/webapp/} with org.eclipse.jetty.webapp.JettyWebXmlConfiguration@50ae8e0e
2018-08-06 06:29:51,168 [main] DEBUG org.eclipse.jetty.webapp.WebAppContext  - configure o.e.j.w.WebAppContext{/s,file:/var/jenkins_home/workspace/Cumulocity-Platform-Services-BUILD/smartrest/src/test/webapp/} with org.eclipse.jetty.webapp.WebInfConfiguration@c229885
2018-08-06 06:29:51,168 [main] DEBUG org.eclipse.jetty.webapp.WebAppContext  - configure o.e.j.w.WebAppContext{/s,file:/var/jenkins_home/workspace/Cumulocity-Platform-Services-BUILD/smartrest/src/test/webapp/} with org.eclipse.jetty.webapp.WebXmlConfiguration@377c016e
2018-08-06 06:29:51,168 [main] DEBUG org.eclipse.jetty.webapp.WebAppContext  - configure o.e.j.w.WebAppContext{/s,file:/var/jenkins_home/workspace/Cumulocity-Platform-Services-BUILD/smartrest/src/test/webapp/} with org.eclipse.jetty.webapp.MetaInfConfiguration@680bb9fb
2018-08-06 06:29:51,168 [main] DEBUG org.eclipse.jetty.webapp.WebAppContext  - configure o.e.j.w.WebAppContext{/s,file:/var/jenkins_home/workspace/Cumulocity-Platform-Services-BUILD/smartrest/src/test/webapp/} with org.eclipse.jetty.webapp.FragmentConfiguration@59df431a
2018-08-06 06:29:51,169 [main] DEBUG org.eclipse.jetty.webapp.WebAppContext  - configure o.e.j.w.WebAppContext{/s,file:/var/jenkins_home/workspace/Cumulocity-Platform-Services-BUILD/smartrest/src/test/webapp/} with org.eclipse.jetty.webapp.JettyWebXmlConfiguration@50ae8e0e
2018-08-06 06:29:51,169 [main] DEBUG org.eclipse.jetty.webapp.JettyWebXmlConfiguration  - Configuring web-jetty.xml
2018-08-06 06:29:51,169 [main] DEBUG org.eclipse.jetty.webapp.MetaData  - metadata resolve o.e.j.w.WebAppContext{/s,file:/var/jenkins_home/workspace/Cumulocity-Platform-Services-BUILD/smartrest/src/test/webapp/}
2018-08-06 06:29:51,169 [main] DEBUG org.eclipse.jetty.util.component.Container  - Container org.eclipse.jetty.servlet.ServletHandler@1538c1e3 + default as servlet
2018-08-06 06:29:51,169 [main] DEBUG org.eclipse.jetty.util.component.Container  - Container org.eclipse.jetty.servlet.ServletHandler@1538c1e3 + [/]=&gt;default as servletMapping
2018-08-06 06:29:51,169 [main] DEBUG org.eclipse.jetty.servlet.ServletHandler  - filterNameMap={}
2018-08-06 06:29:51,169 [main] DEBUG org.eclipse.jetty.servlet.ServletHandler  - pathFilters=[]
2018-08-06 06:29:51,169 [main] DEBUG org.eclipse.jetty.servlet.ServletHandler  - servletFilterMap={}
2018-08-06 06:29:51,169 [main] DEBUG org.eclipse.jetty.servlet.ServletHandler  - servletPathMap={/=default}
2018-08-06 06:29:51,169 [main] DEBUG org.eclipse.jetty.servlet.ServletHandler  - servletNameMap={default=default}
2018-08-06 06:29:51,169 [main] DEBUG org.eclipse.jetty.util.component.Container  - Container org.eclipse.jetty.servlet.ServletHandler@1538c1e3 + jsp as servlet
2018-08-06 06:29:51,170 [main] INFO  org.eclipse.jetty.webapp.StandardDescriptorProcessor  - NO JSP Support for /s, did not find org.apache.jasper.servlet.JspServlet
2018-08-06 06:29:51,170 [main] DEBUG org.eclipse.jetty.util.component.Container  - Container org.eclipse.jetty.servlet.ServletHandler@1538c1e3 + [*.jsp, *.jspf, *.jspx, *.xsp, *.JSP, *.JSPF, *.JSPX, *.XSP]=&gt;jsp as servletMapping
2018-08-06 06:29:51,170 [main] DEBUG org.eclipse.jetty.servlet.ServletHandler  - filterNameMap={}
2018-08-06 06:29:51,170 [main] DEBUG org.eclipse.jetty.servlet.ServletHandler  - pathFilters=[]
2018-08-06 06:29:51,170 [main] DEBUG org.eclipse.jetty.servlet.ServletHandler  - servletFilterMap={}
2018-08-06 06:29:51,170 [main] DEBUG org.eclipse.jetty.servlet.ServletHandler  - servletPathMap={*.XSP=jsp, *.JSPX=jsp, *.jspf=jsp, *.jsp=jsp, *.JSPF=jsp, *.jspx=jsp, *.xsp=jsp, /=default, *.JSP=jsp}
2018-08-06 06:29:51,170 [main] DEBUG org.eclipse.jetty.servlet.ServletHandler  - servletNameMap={jsp=jsp, default=default}
2018-08-06 06:29:51,170 [main] DEBUG org.eclipse.jetty.webapp.StandardDescriptorProcessor  - ContextParam: contextClass=org.springframework.web.context.support.XmlWebApplicationContext
2018-08-06 06:29:51,170 [main] DEBUG org.eclipse.jetty.webapp.StandardDescriptorProcessor  - ContextParam: contextConfigLocation=classpath*:META-INF/spring/smartrest-rest-context.xml
2018-08-06 06:29:51,170 [main] DEBUG org.eclipse.jetty.util.component.Container  - Container org.eclipse.jetty.servlet.ServletHandler@1538c1e3 + hiddenHttpMethodFilter as filter
2018-08-06 06:29:51,170 [main] DEBUG org.eclipse.jetty.util.component.Container  - Container org.eclipse.jetty.servlet.ServletHandler@1538c1e3 + [/*]/[]==0=&gt;hiddenHttpMethodFilter as filterMapping
2018-08-06 06:29:51,170 [main] DEBUG org.eclipse.jetty.servlet.ServletHandler  - filterNameMap={hiddenHttpMethodFilter=hiddenHttpMethodFilter}
2018-08-06 06:29:51,170 [main] DEBUG org.eclipse.jetty.servlet.ServletHandler  - pathFilters=[[/*]/[]==0=&gt;hiddenHttpMethodFilter]
2018-08-06 06:29:51,170 [main] DEBUG org.eclipse.jetty.servlet.ServletHandler  - servletFilterMap={}
2018-08-06 06:29:51,170 [main] DEBUG org.eclipse.jetty.servlet.ServletHandler  - servletPathMap={*.XSP=jsp, *.JSPX=jsp, *.jspf=jsp, *.jsp=jsp, *.JSPF=jsp, *.jspx=jsp, *.xsp=jsp, /=default, *.JSP=jsp}
2018-08-06 06:29:51,171 [main] DEBUG org.eclipse.jetty.servlet.ServletHandler  - servletNameMap={jsp=jsp, default=default}
2018-08-06 06:29:51,171 [main] DEBUG org.eclipse.jetty.util.component.Container  - Container org.eclipse.jetty.servlet.ServletHandler@1538c1e3 + proxyRequestHandler as servlet
2018-08-06 06:29:51,171 [main] DEBUG org.eclipse.jetty.util.component.Container  - Container org.eclipse.jetty.servlet.ServletHandler@1538c1e3 + [/*]=&gt;proxyRequestHandler as servletMapping
2018-08-06 06:29:51,171 [main] DEBUG org.eclipse.jetty.servlet.ServletHandler  - filterNameMap={hiddenHttpMethodFilter=hiddenHttpMethodFilter}
2018-08-06 06:29:51,171 [main] DEBUG org.eclipse.jetty.servlet.ServletHandler  - pathFilters=[[/*]/[]==0=&gt;hiddenHttpMethodFilter]
2018-08-06 06:29:51,171 [main] DEBUG org.eclipse.jetty.servlet.ServletHandler  - servletFilterMap={}
2018-08-06 06:29:51,171 [main] DEBUG org.eclipse.jetty.servlet.ServletHandler  - servletPathMap={*.XSP=jsp, *.JSPX=jsp, *.jspf=jsp, *.jsp=jsp, *.JSPF=jsp, *.jspx=jsp, /*=proxyRequestHandler, *.xsp=jsp, /=default, *.JSP=jsp}
2018-08-06 06:29:51,171 [main] DEBUG org.eclipse.jetty.servlet.ServletHandler  - servletNameMap={jsp=jsp, default=default, proxyRequestHandler=proxyRequestHandler}
2018-08-06 06:29:51,171 [main] DEBUG org.eclipse.jetty.util.component.Container  - Container org.eclipse.jetty.server.session.SessionHandler@1ce89199 - org.eclipse.jetty.server.session.HashSessionManager@68aee2a2 as sessionManager
2018-08-06 06:29:51,171 [main] DEBUG org.eclipse.jetty.util.component.Container  - Container org.eclipse.jetty.servlet.ServletHandler@1538c1e3 - hiddenHttpMethodFilter as filter
2018-08-06 06:29:51,171 [main] DEBUG org.eclipse.jetty.util.component.Container  - Container org.eclipse.jetty.servlet.ServletHandler@1538c1e3 - [/*]/[]==0=&gt;hiddenHttpMethodFilter as filterMapping
2018-08-06 06:29:51,171 [main] DEBUG org.eclipse.jetty.util.component.Container  - Container org.eclipse.jetty.servlet.ServletHandler@1538c1e3 - proxyRequestHandler as servlet
2018-08-06 06:29:51,171 [main] DEBUG org.eclipse.jetty.util.component.Container  - Container org.eclipse.jetty.servlet.ServletHandler@1538c1e3 - jsp as servlet
2018-08-06 06:29:51,171 [main] DEBUG org.eclipse.jetty.util.component.Container  - Container org.eclipse.jetty.servlet.ServletHandler@1538c1e3 - default as servlet
2018-08-06 06:29:51,171 [main] DEBUG org.eclipse.jetty.util.component.Container  - Container org.eclipse.jetty.servlet.ServletHandler@1538c1e3 - [/*]=&gt;proxyRequestHandler as servletMapping
2018-08-06 06:29:51,171 [main] DEBUG org.eclipse.jetty.util.component.Container  - Container org.eclipse.jetty.servlet.ServletHandler@1538c1e3 - [*.jsp, *.jspf, *.jspx, *.xsp, *.JSP, *.JSPF, *.JSPX, *.XSP]=&gt;jsp as servletMapping
2018-08-06 06:29:51,171 [main] DEBUG org.eclipse.jetty.util.component.Container  - Container org.eclipse.jetty.servlet.ServletHandler@1538c1e3 - [/]=&gt;default as servletMapping
2018-08-06 06:29:51,171 [main] DEBUG org.eclipse.jetty.util.component.Container  - Container org.eclipse.jetty.servlet.ServletHandler@1538c1e3 + hiddenHttpMethodFilter as filter
2018-08-06 06:29:51,171 [main] DEBUG org.eclipse.jetty.util.component.Container  - Container org.eclipse.jetty.servlet.ServletHandler@1538c1e3 + [/*]/[]==0=&gt;hiddenHttpMethodFilter as filterMapping
2018-08-06 06:29:51,171 [main] DEBUG org.eclipse.jetty.util.component.Container  - Container org.eclipse.jetty.servlet.ServletHandler@1538c1e3 + default as servlet
2018-08-06 06:29:51,171 [main] DEBUG org.eclipse.jetty.util.component.Container  - Container org.eclipse.jetty.servlet.ServletHandler@1538c1e3 + jsp as servlet
2018-08-06 06:29:51,171 [main] DEBUG org.eclipse.jetty.util.component.Container  - Container org.eclipse.jetty.servlet.ServletHandler@1538c1e3 + proxyRequestHandler as servlet
2018-08-06 06:29:51,171 [main] DEBUG org.eclipse.jetty.util.component.Container  - Container org.eclipse.jetty.servlet.ServletHandler@1538c1e3 + [/]=&gt;default as servletMapping
2018-08-06 06:29:51,171 [main] DEBUG org.eclipse.jetty.util.component.Container  - Container org.eclipse.jetty.servlet.ServletHandler@1538c1e3 + [*.jsp, *.jspf, *.jspx, *.xsp, *.JSP, *.JSPF, *.JSPX, *.XSP]=&gt;jsp as servletMapping
2018-08-06 06:29:51,171 [main] DEBUG org.eclipse.jetty.util.component.Container  - Container org.eclipse.jetty.servlet.ServletHandler@1538c1e3 + [/*]=&gt;proxyRequestHandler as servletMapping
2018-08-06 06:29:51,171 [main] DEBUG org.eclipse.jetty.util.component.Container  - Container org.eclipse.jetty.security.ConstraintSecurityHandler@414128f7 + org.eclipse.jetty.servlet.ServletHandler@1538c1e3 as handler
2018-08-06 06:29:51,171 [main] DEBUG org.eclipse.jetty.util.component.Container  - Container org.eclipse.jetty.server.session.SessionHandler@1ce89199 + org.eclipse.jetty.security.ConstraintSecurityHandler@414128f7 as handler
2018-08-06 06:29:51,171 [main] DEBUG org.eclipse.jetty.util.component.Container  - Container org.eclipse.jetty.server.session.SessionHandler@1ce89199 + org.eclipse.jetty.server.session.HashSessionManager@68aee2a2 as sessionManager
2018-08-06 06:29:51,171 [main] DEBUG org.eclipse.jetty.util.component.Container  - Container o.e.j.w.WebAppContext{/s,file:/var/jenkins_home/workspace/Cumulocity-Platform-Services-BUILD/smartrest/src/test/webapp/} + org.eclipse.jetty.server.session.SessionHandler@1ce89199 as handler
2018-08-06 06:29:51,171 [main] DEBUG org.eclipse.jetty.util.component.AbstractLifeCycle  - starting org.eclipse.jetty.server.session.SessionHandler@1ce89199
2018-08-06 06:29:51,171 [main] DEBUG org.eclipse.jetty.util.component.AbstractLifeCycle  - starting org.eclipse.jetty.server.session.HashSessionManager@68aee2a2
2018-08-06 06:29:51,172 [main] DEBUG org.eclipse.jetty.util.component.AbstractLifeCycle  - STARTED org.eclipse.jetty.server.session.HashSessionManager@68aee2a2
2018-08-06 06:29:51,172 [main] DEBUG org.eclipse.jetty.util.component.AbstractLifeCycle  - starting org.eclipse.jetty.security.ConstraintSecurityHandler@414128f7
2018-08-06 06:29:51,172 [main] DEBUG org.eclipse.jetty.util.component.AbstractLifeCycle  - starting org.eclipse.jetty.servlet.ServletHandler@1538c1e3
2018-08-06 06:29:51,172 [main] DEBUG org.eclipse.jetty.servlet.ServletHandler  - filterNameMap={hiddenHttpMethodFilter=hiddenHttpMethodFilter}
2018-08-06 06:29:51,172 [main] DEBUG org.eclipse.jetty.servlet.ServletHandler  - pathFilters=[[/*]/[]==0=&gt;hiddenHttpMethodFilter]
2018-08-06 06:29:51,172 [main] DEBUG org.eclipse.jetty.servlet.ServletHandler  - servletFilterMap={}
2018-08-06 06:29:51,172 [main] DEBUG org.eclipse.jetty.servlet.ServletHandler  - servletPathMap={*.XSP=jsp, *.JSPX=jsp, *.jspf=jsp, *.jsp=jsp, *.JSPF=jsp, *.jspx=jsp, /*=proxyRequestHandler, *.xsp=jsp, /=default, *.JSP=jsp}
2018-08-06 06:29:51,172 [main] DEBUG org.eclipse.jetty.servlet.ServletHandler  - servletNameMap={jsp=jsp, default=default, proxyRequestHandler=proxyRequestHandler}
2018-08-06 06:29:51,172 [main] DEBUG org.eclipse.jetty.server.handler.AbstractHandler  - starting org.eclipse.jetty.servlet.ServletHandler@1538c1e3
2018-08-06 06:29:51,172 [main] DEBUG org.eclipse.jetty.util.component.AbstractLifeCycle  - STARTED org.eclipse.jetty.servlet.ServletHandler@1538c1e3
2018-08-06 06:29:51,172 [main] DEBUG org.eclipse.jetty.server.handler.AbstractHandler  - starting org.eclipse.jetty.security.ConstraintSecurityHandler@414128f7
2018-08-06 06:29:51,172 [main] DEBUG org.eclipse.jetty.util.component.AbstractLifeCycle  - STARTED org.eclipse.jetty.security.ConstraintSecurityHandler@414128f7
2018-08-06 06:29:51,172 [main] DEBUG org.eclipse.jetty.server.handler.AbstractHandler  - starting org.eclipse.jetty.server.session.SessionHandler@1ce89199
2018-08-06 06:29:51,172 [main] DEBUG org.eclipse.jetty.util.component.AbstractLifeCycle  - STARTED org.eclipse.jetty.server.session.SessionHandler@1ce89199
2018-08-06 06:29:51,172 [main] DEBUG org.eclipse.jetty.server.handler.AbstractHandler  - starting o.e.j.w.WebAppContext{/s,file:/var/jenkins_home/workspace/Cumulocity-Platform-Services-BUILD/smartrest/src/test/webapp/}
2018-08-06 06:29:51,172 [main] DEBUG org.eclipse.jetty.util.component.AbstractLifeCycle  - starting org.eclipse.jetty.servlet.ErrorPageErrorHandler@5e7cf14d
2018-08-06 06:29:51,172 [main] DEBUG org.eclipse.jetty.server.handler.AbstractHandler  - starting org.eclipse.jetty.servlet.ErrorPageErrorHandler@5e7cf14d
2018-08-06 06:29:51,172 [main] DEBUG org.eclipse.jetty.util.component.AbstractLifeCycle  - STARTED org.eclipse.jetty.servlet.ErrorPageErrorHandler@5e7cf14d
2018-08-06 06:29:51,172 [main] INFO  SmartREST Proxy  - Initializing Spring root WebApplicationContext
2018-08-06 06:29:51,172 [main] INFO  org.springframework.web.context.ContextLoader  - Root WebApplicationContext: initialization started
2018-08-06 06:29:51,173 [main] DEBUG org.springframework.web.context.support.StandardServletEnvironment  - Adding [servletConfigInitParams] PropertySource with lowest search precedence
2018-08-06 06:29:51,173 [main] DEBUG org.springframework.web.context.support.StandardServletEnvironment  - Adding [servletContextInitParams] PropertySource with lowest search precedence
2018-08-06 06:29:51,173 [main] DEBUG org.springframework.web.context.support.StandardServletEnvironment  - Adding [jndiProperties] PropertySource with lowest search precedence
2018-08-06 06:29:51,173 [main] DEBUG org.springframework.web.context.support.StandardServletEnvironment  - Adding [systemProperties] PropertySource with lowest search precedence
2018-08-06 06:29:51,173 [main] DEBUG org.springframework.web.context.support.StandardServletEnvironment  - Adding [systemEnvironment] PropertySource with lowest search precedence
2018-08-06 06:29:51,173 [main] DEBUG org.springframework.web.context.support.StandardServletEnvironment  - Initialized StandardServletEnvironment with PropertySources [servletConfigInitParams,servletContextInitParams,jndiProperties,systemProperties,systemEnvironment]
2018-08-06 06:29:51,173 [main] DEBUG org.springframework.web.context.support.StandardServletEnvironment  - Replacing [servletContextInitParams] PropertySource with [servletContextInitParams]
2018-08-06 06:29:51,173 [main] INFO  org.springframework.web.context.support.XmlWebApplicationContext  - Refreshing Root WebApplicationContext: startup date [Mon Aug 06 06:29:51 UTC 2018]; root of context hierarchy
2018-08-06 06:29:51,174 [main] DEBUG org.springframework.core.env.StandardEnvironment  - Adding [systemProperties] PropertySource with lowest search precedence
2018-08-06 06:29:51,174 [main] DEBUG org.springframework.core.env.StandardEnvironment  - Adding [systemEnvironment] PropertySource with lowest search precedence
2018-08-06 06:29:51,174 [main] DEBUG org.springframework.core.env.StandardEnvironment  - Initialized StandardEnvironment with PropertySources [systemProperties,systemEnvironment]
2018-08-06 06:29:51,174 [main] INFO  org.springframework.beans.factory.xml.XmlBeanDefinitionReader  - Loading XML bean definitions from URL [file:/var/jenkins_home/workspace/Cumulocity-Platform-Services-BUILD/smartrest/target/classes/META-INF/spring/smartrest-rest-context.xml]
2018-08-06 06:29:51,175 [main] DEBUG org.springframework.beans.factory.xml.DefaultDocumentLoader  - Using JAXP provider [com.sun.org.apache.xerces.internal.jaxp.DocumentBuilderFactoryImpl]
2018-08-06 06:29:51,176 [main] DEBUG org.springframework.beans.factory.xml.PluggableSchemaResolver  - Loading schema mappings from [META-INF/spring.schemas]
2018-08-06 06:29:51,177 [main] DEBUG org.springframework.beans.factory.xml.PluggableSchemaResolver  - Loaded schema mappings: {http://www.springframework.org/schema/context/spring-context-3.1.xsd=org/springframework/context/config/spring-context-3.1.xsd, http://www.springframework.org/schema/util/spring-util-3.0.xsd=org/springframework/beans/factory/xml/spring-util-3.0.xsd, http://cxf.apache.org/schemas/configuration/http-conf.xsd=schemas/configuration/http-conf.xsd, http://cxf.apache.org/configuration/parameterized-types=schemas/configuration/parameterized-types.xsd, http://www.springframework.org/schema/security/spring-security-3.0.3.xsd=org/springframework/security/config/spring-security-3.0.3.xsd, http://www.springframework.org/schema/tool/spring-tool.xsd=org/springframework/beans/factory/xml/spring-tool-3.2.xsd, http://www.springframework.org/schema/aop/spring-aop-3.2.xsd=org/springframework/aop/config/spring-aop-3.2.xsd, http://www.springframework.org/schema/security/spring-security-2.0.1.xsd=org/springframework/security/config/spring-security-2.0.1.xsd, http://cxf.apache.org/schemas/jaxrs.xsd=schemas/jaxrs.xsd, http://www.springframework.org/schema/lang/spring-lang-3.2.xsd=org/springframework/scripting/config/spring-lang-3.2.xsd, http://www.springframework.org/schema/osgi-compendium/spring-osgi-compendium-1.2.xsd=org/springframework/osgi/compendium/config/spring-osgi-compendium-1.2.xsd, http://www.springframework.org/schema/cache/spring-cache-3.2.xsd=org/springframework/cache/config/spring-cache-3.2.xsd, http://www.springframework.org/schema/util/spring-util-2.0.xsd=org/springframework/beans/factory/xml/spring-util-2.0.xsd, http://www.springframework.org/schema/osgi/spring-osgi-1.2.xsd=org/springframework/osgi/config/spring-osgi-1.2.xsd, http://www.springframework.org/schema/tool/spring-tool-3.2.xsd=org/springframework/beans/factory/xml/spring-tool-3.2.xsd, http://www.springframework.org/schema/context/spring-context.xsd=org/springframework/context/config/spring-context-3.2.xsd, http://schemas.xmlsoap.org/ws/2004/08/addressing=schemas/wsdl/addressing.xsd, http://www.springframework.org/schema/security/spring-security-2.0.xsd=org/springframework/security/config/spring-security-2.0.xsd, http://www.springframework.org/schema/jee/spring-jee-3.2.xsd=org/springframework/ejb/config/spring-jee-3.2.xsd, http://www.springframework.org/schema/context/spring-context-3.0.xsd=org/springframework/context/config/spring-context-3.0.xsd, http://www.springframework.org/schema/util/spring-util-2.5.xsd=org/springframework/beans/factory/xml/spring-util-2.5.xsd, http://www.springframework.org/schema/beans/spring-beans-3.2.xsd=org/springframework/beans/factory/xml/spring-beans-3.2.xsd, http://www.springframework.org/schema/aop/spring-aop-3.1.xsd=org/springframework/aop/config/spring-aop-3.1.xsd, http://schemas.xmlsoap.org/wsdl/=schemas/wsdl/wsdl.xsd, http://www.springframework.org/schema/lang/spring-lang-3.1.xsd=org/springframework/scripting/config/spring-lang-3.1.xsd, http://www.springframework.org/schema/osgi-compendium/spring-osgi-compendium-1.1.xsd=org/springframework/osgi/compendium/config/spring-osgi-compendium-1.1.xsd, http://www.springframework.org/schema/cache/spring-cache-3.1.xsd=org/springframework/cache/config/spring-cache-3.1.xsd, http://www.springframework.org/schema/osgi/spring-osgi-1.1.xsd=org/springframework/osgi/config/spring-osgi-1.1.xsd, http://cxf.apache.org/schemas/configuration/http-jetty.xsd=schemas/configuration/http-jetty.xsd, http://www.springframework.org/schema/tool/spring-tool-3.1.xsd=org/springframework/beans/factory/xml/spring-tool-3.1.xsd, http://schemas.xmlsoap.org/wsdl/http/=schemas/wsdl/http.xsd, http://www.springframework.org/schema/jee/spring-jee-3.1.xsd=org/springframework/ejb/config/spring-jee-3.1.xsd, http://cxf.apache.org/schemas/configuration/parameterized-types.xsd=schemas/configuration/parameterized-types.xsd, http://www.springframework.org/schema/task/spring-task-3.2.xsd=org/springframework/scheduling/config/spring-task-3.2.xsd, http://www.springframework.org/schema/beans/spring-beans-3.1.xsd=org/springframework/beans/factory/xml/spring-beans-3.1.xsd, http://www.springframework.org/schema/util/spring-util.xsd=org/springframework/beans/factory/xml/spring-util-3.2.xsd, http://www.springframework.org/schema/aop/spring-aop-3.0.xsd=org/springframework/aop/config/spring-aop-3.0.xsd, http://www.springframework.org/schema/beans/spring-beans.xsd=org/springframework/beans/factory/xml/spring-beans-3.2.xsd, http://www.springframework.org/schema/security/spring-security-2.0.4.xsd=org/springframework/security/config/spring-security-2.0.4.xsd, http://www.springframework.org/schema/lang/spring-lang-3.0.xsd=org/springframework/scripting/config/spring-lang-3.0.xsd, http://schemas.xmlsoap.org/wsdl/2003-02-11.xsd=schemas/wsdl/wsdl.xsd, http://www.springframework.org/schema/osgi-compendium/spring-osgi-compendium-1.0.xsd=org/springframework/osgi/compendium/config/spring-osgi-compendium-1.0.xsd, http://www.springframework.org/schema/context/spring-context-2.5.xsd=org/springframework/context/config/spring-context-2.5.xsd, http://www.springframework.org/schema/tool/spring-tool-3.0.xsd=org/springframework/beans/factory/xml/spring-tool-3.0.xsd, http://www.springframework.org/schema/osgi/spring-osgi-1.0.xsd=org/springframework/osgi/config/spring-osgi-1.0.xsd, http://www.springframework.org/schema/osgi/spring-osgi.xsd=org/springframework/osgi/config/spring-osgi-1.2.xsd, http://www.springframework.org/schema/aop/spring-aop-2.0.xsd=org/springframework/aop/config/spring-aop-2.0.xsd, http://www.springframework.org/schema/security/spring-security-3.2.xsd=org/springframework/security/config/spring-security-3.2.xsd, http://www.springframework.org/schema/jee/spring-jee-3.0.xsd=org/springframework/ejb/config/spring-jee-3.0.xsd, http://www.springframework.org/schema/task/spring-task-3.1.xsd=org/springframework/scheduling/config/spring-task-3.1.xsd, http://www.springframework.org/schema/beans/spring-beans-3.0.xsd=org/springframework/beans/factory/xml/spring-beans-3.0.xsd, http://cxf.apache.org/schemas/wsdl/http-conf.xsd=schemas/wsdl/http-conf.xsd, http://www.springframework.org/schema/jee/spring-jee.xsd=org/springframework/ejb/config/spring-jee-3.2.xsd, http://www.springframework.org/schema/aop/spring-aop-2.5.xsd=org/springframework/aop/config/spring-aop-2.5.xsd, http://www.springframework.org/schema/lang/spring-lang-2.0.xsd=org/springframework/scripting/config/spring-lang-2.0.xsd, http://www.springframework.org/schema/util/spring-util-3.2.xsd=org/springframework/beans/factory/xml/spring-util-3.2.xsd, http://www.springframework.org/schema/task/spring-task.xsd=org/springframework/scheduling/config/spring-task-3.2.xsd, http://www.springframework.org/schema/tool/spring-tool-2.0.xsd=org/springframework/beans/factory/xml/spring-tool-2.0.xsd, http://www.springframework.org/schema/lang/spring-lang-2.5.xsd=org/springframework/scripting/config/spring-lang-2.5.xsd, http://www.springframework.org/schema/jee/spring-jee-2.0.xsd=org/springframework/ejb/config/spring-jee-2.0.xsd, http://www.springframework.org/schema/tool/spring-tool-2.5.xsd=org/springframework/beans/factory/xml/spring-tool-2.5.xsd, http://www.springframework.org/schema/jee/spring-jee-2.5.xsd=org/springframework/ejb/config/spring-jee-2.5.xsd, http://www.springframework.org/schema/security/spring-security-3.1.xsd=org/springframework/security/config/spring-security-3.1.xsd, http://cxf.apache.org/schemas/configuration/cxf-beans.xsd=schemas/configuration/cxf-beans.xsd, http://www.springframework.org/schema/task/spring-task-3.0.xsd=org/springframework/scheduling/config/spring-task-3.0.xsd, http://cxf.apache.org/schemas/core.xsd=schemas/core.xsd, http://www.springframework.org/schema/lang/spring-lang.xsd=org/springframework/scripting/config/spring-lang-3.2.xsd, http://www.springframework.org/schema/context/spring-context-3.2.xsd=org/springframework/context/config/spring-context-3.2.xsd, http://www.springframework.org/schema/util/spring-util-3.1.xsd=org/springframework/beans/factory/xml/spring-util-3.1.xsd, http://www.springframework.org/schema/beans/spring-beans-2.0.xsd=org/springframework/beans/factory/xml/spring-beans-2.0.xsd, http://cxf.apache.org/schemas/configuration/security.xsd=schemas/configuration/security.xsd, http://www.springframework.org/schema/cache/spring-cache.xsd=org/springframework/cache/config/spring-cache-3.2.xsd, http://www.springframework.org/schema/security/spring-security-2.0.2.xsd=org/springframework/security/config/spring-security-2.0.2.xsd, http://www.springframework.org/schema/beans/spring-beans-2.5.xsd=org/springframework/beans/factory/xml/spring-beans-2.5.xsd, http://www.springframework.org/schema/security/spring-security.xsd=org/springframework/security/config/spring-security-3.2.xsd, http://www.springframework.org/schema/security/spring-security-3.0.xsd=org/springframework/security/config/spring-security-3.0.xsd, http://www.springframework.org/schema/aop/spring-aop.xsd=org/springframework/aop/config/spring-aop-3.2.xsd, http://www.springframework.org/schema/osgi-compendium/spring-osgi-compendium.xsd=org/springframework/osgi/compendium/config/spring-osgi-compendium-1.2.xsd}
2018-08-06 06:29:51,177 [main] DEBUG org.springframework.beans.factory.xml.PluggableSchemaResolver  - Found XML schema [http://www.springframework.org/schema/beans/spring-beans.xsd] in classpath: org/springframework/beans/factory/xml/spring-beans-3.2.xsd
2018-08-06 06:29:51,182 [main] DEBUG org.springframework.beans.factory.xml.PluggableSchemaResolver  - Found XML schema [http://www.springframework.org/schema/context/spring-context.xsd] in classpath: org/springframework/context/config/spring-context-3.2.xsd
2018-08-06 06:29:51,183 [main] DEBUG org.springframework.beans.factory.xml.PluggableSchemaResolver  - Found XML schema [http://www.springframework.org/schema/tool/spring-tool-3.2.xsd] in classpath: org/springframework/beans/factory/xml/spring-tool-3.2.xsd
2018-08-06 06:29:51,185 [main] DEBUG org.springframework.beans.factory.xml.DefaultBeanDefinitionDocumentReader  - Loading bean definitions
2018-08-06 06:29:51,185 [main] INFO  org.springframework.beans.factory.xml.XmlBeanDefinitionReader  - Loading XML bean definitions from class path resource [META-INF/cumulocity/configuration/cumulocity-configuration.xml]
2018-08-06 06:29:51,186 [main] DEBUG org.springframework.beans.factory.xml.DefaultDocumentLoader  - Using JAXP provider [com.sun.org.apache.xerces.internal.jaxp.DocumentBuilderFactoryImpl]
2018-08-06 06:29:51,187 [main] DEBUG org.springframework.beans.factory.xml.PluggableSchemaResolver  - Found XML schema [http://www.springframework.org/schema/beans/spring-beans.xsd] in classpath: org/springframework/beans/factory/xml/spring-beans-3.2.xsd
2018-08-06 06:29:51,191 [main] DEBUG org.springframework.beans.factory.xml.PluggableSchemaResolver  - Found XML schema [http://www.springframework.org/schema/util/spring-util.xsd] in classpath: org/springframework/beans/factory/xml/spring-util-3.2.xsd
2018-08-06 06:29:51,192 [main] DEBUG org.springframework.beans.factory.xml.PluggableSchemaResolver  - Found XML schema [http://www.springframework.org/schema/tool/spring-tool-3.2.xsd] in classpath: org/springframework/beans/factory/xml/spring-tool-3.2.xsd
2018-08-06 06:29:51,193 [main] DEBUG org.springframework.beans.factory.xml.DefaultBeanDefinitionDocumentReader  - Loading bean definitions
2018-08-06 06:29:51,194 [main] DEBUG org.springframework.beans.factory.xml.BeanDefinitionParserDelegate  - Neither XML &apos;id&apos; nor &apos;name&apos; specified - using generated bean name [com.cumulocity.common.config.PlatformEnvironment#0]
2018-08-06 06:29:51,195 [main] DEBUG org.springframework.beans.factory.xml.DefaultNamespaceHandlerResolver  - Loaded NamespaceHandler mappings: {http://www.springframework.org/schema/p=org.springframework.beans.factory.xml.SimplePropertyNamespaceHandler, http://cxf.apache.org/transports/http-jetty/configuration=org.apache.cxf.transport.http_jetty.spring.NamespaceHandler, http://www.springframework.org/schema/util=org.springframework.beans.factory.xml.UtilNamespaceHandler, http://www.springframework.org/schema/jee=org.springframework.ejb.config.JeeNamespaceHandler, http://www.springframework.org/schema/osgi=org.springframework.osgi.config.OsgiNamespaceHandler, http://www.springframework.org/schema/aop=org.springframework.aop.config.AopNamespaceHandler, http://cxf.apache.org/transports/http/configuration=org.apache.cxf.transport.http.spring.NamespaceHandler, http://www.springframework.org/schema/cache=org.springframework.cache.config.CacheNamespaceHandler, http://www.springframework.org/schema/c=org.springframework.beans.factory.xml.SimpleConstructorNamespaceHandler, http://www.springframework.org/schema/security=org.springframework.security.config.SecurityNamespaceHandler, http://cxf.apache.org/jaxrs=org.apache.cxf.jaxrs.spring.NamespaceHandler, http://cxf.apache.org/core=org.apache.cxf.bus.spring.NamespaceHandler, http://www.springframework.org/schema/task=org.springframework.scheduling.config.TaskNamespaceHandler, http://www.springframework.org/schema/lang=org.springframework.scripting.config.LangNamespaceHandler, http://www.springframework.org/schema/osgi-compendium=org.springframework.osgi.compendium.config.CompendiumNamespaceHandler, http://www.springframework.org/schema/context=org.springframework.context.config.ContextNamespaceHandler}
2018-08-06 06:29:51,195 [main] DEBUG org.springframework.beans.factory.xml.BeanDefinitionParserDelegate  - Neither XML &apos;id&apos; nor &apos;name&apos; specified - using generated bean name [org.springframework.context.support.PropertySourcesPlaceholderConfigurer#0]
2018-08-06 06:29:51,195 [main] DEBUG org.springframework.beans.factory.xml.XmlBeanDefinitionReader  - Loaded 3 bean definitions from location pattern [classpath:META-INF/cumulocity/configuration/cumulocity-configuration.xml]
2018-08-06 06:29:51,195 [main] DEBUG org.springframework.beans.factory.xml.DefaultBeanDefinitionDocumentReader  - Imported 3 bean definitions from URL location [classpath:META-INF/cumulocity/configuration/cumulocity-configuration.xml]
2018-08-06 06:29:51,196 [main] DEBUG org.springframework.beans.factory.xml.XmlBeanDefinitionReader  - Loaded 13 bean definitions from location pattern [classpath*:META-INF/spring/smartrest-rest-context.xml]
2018-08-06 06:29:51,196 [main] DEBUG org.springframework.web.context.support.XmlWebApplicationContext  - Bean factory for Root WebApplicationContext: org.springframework.beans.factory.support.DefaultListableBeanFactory@1e95aeb7: defining beans [com.cumulocity.common.config.PlatformEnvironment#0,org.springframework.context.support.PropertySourcesPlaceholderConfigurer#0,configLocations,org.springframework.context.annotation.internalConfigurationAnnotationProcessor,org.springframework.context.annotation.internalAutowiredAnnotationProcessor,org.springframework.context.annotation.internalRequiredAnnotationProcessor,org.springframework.context.annotation.internalCommonAnnotationProcessor,proxyRequestHandler,requestHandler,templateProvider,requestDispatcher,restDispatcherHttpClient,concurrentExecutor]; root of factory hierarchy
2018-08-06 06:29:51,197 [main] DEBUG org.springframework.beans.factory.support.DefaultListableBeanFactory  - Creating shared instance of singleton bean &apos;com.cumulocity.common.config.PlatformEnvironment#0&apos;
2018-08-06 06:29:51,197 [main] DEBUG org.springframework.beans.factory.support.DefaultListableBeanFactory  - Creating instance of bean &apos;com.cumulocity.common.config.PlatformEnvironment#0&apos;
2018-08-06 06:29:51,197 [main] DEBUG org.springframework.beans.factory.support.DefaultListableBeanFactory  - Creating shared instance of singleton bean &apos;configLocations&apos;
2018-08-06 06:29:51,197 [main] DEBUG org.springframework.beans.factory.support.DefaultListableBeanFactory  - Creating instance of bean &apos;configLocations&apos;
2018-08-06 06:29:51,197 [main] DEBUG org.springframework.beans.factory.support.DefaultListableBeanFactory  - Eagerly caching bean &apos;configLocations&apos; to allow for resolving potential circular references
2018-08-06 06:29:51,197 [main] DEBUG org.springframework.beans.factory.support.DefaultListableBeanFactory  - Invoking afterPropertiesSet() on bean with name &apos;configLocations&apos;
2018-08-06 06:29:51,197 [main] DEBUG org.springframework.beans.factory.support.DefaultListableBeanFactory  - Finished creating instance of bean &apos;configLocations&apos;
2018-08-06 06:29:51,198 [main] DEBUG org.springframework.beans.factory.support.DefaultListableBeanFactory  - Eagerly caching bean &apos;com.cumulocity.common.config.PlatformEnvironment#0&apos; to allow for resolving potential circular references
2018-08-06 06:29:51,198 [main] DEBUG com.cumulocity.common.config.PlatformEnvironment  - Root WebApplicationContext: startup date [Mon Aug 06 06:29:51 UTC 2018]; root of context hierarchy
2018-08-06 06:29:51,198 [main] DEBUG com.cumulocity.common.config.PlatformEnvironment  - registering class path resource [META-INF/spring/cumulocity-core.properties]
2018-08-06 06:29:51,198 [main] DEBUG org.springframework.web.context.support.StandardServletEnvironment  - Adding [class path resource [META-INF/spring/cumulocity-core.properties]] PropertySource with lowest search precedence
2018-08-06 06:29:51,199 [main] DEBUG org.springframework.core.env.PropertySourcesPropertyResolver  - Searching for key &apos;user.home&apos; in [servletConfigInitParams]
2018-08-06 06:29:51,199 [main] DEBUG org.springframework.core.env.PropertySourcesPropertyResolver  - Searching for key &apos;user.home&apos; in [servletContextInitParams]
2018-08-06 06:29:51,199 [main] DEBUG org.springframework.core.env.PropertySourcesPropertyResolver  - Searching for key &apos;user.home&apos; in [jndiProperties]
2018-08-06 06:29:51,199 [main] DEBUG org.springframework.jndi.JndiTemplate  - Looking up JNDI object with name [java:comp/env/user.home]
2018-08-06 06:29:51,199 [main] DEBUG org.springframework.jndi.JndiLocatorDelegate  - Converted JNDI name [java:comp/env/user.home] not found - trying original name [user.home]. javax.naming.NoInitialContextException: Need to specify class name in environment or system property, or as an applet parameter, or in an application resource file:  java.naming.factory.initial
2018-08-06 06:29:51,199 [main] DEBUG org.springframework.jndi.JndiTemplate  - Looking up JNDI object with name [user.home]
2018-08-06 06:29:51,199 [main] DEBUG org.springframework.jndi.JndiPropertySource  - JNDI lookup for name [user.home] threw NamingException with message: Need to specify class name in environment or system property, or as an applet parameter, or in an application resource file:  java.naming.factory.initial. Returning null.
2018-08-06 06:29:51,199 [main] DEBUG org.springframework.core.env.PropertySourcesPropertyResolver  - Searching for key &apos;user.home&apos; in [systemProperties]
2018-08-06 06:29:51,199 [main] DEBUG org.springframework.core.env.PropertySourcesPropertyResolver  - Found key &apos;user.home&apos; in [systemProperties] with type [String] and value &apos;/root&apos;
2018-08-06 06:29:51,199 [main] DEBUG com.cumulocity.common.config.PlatformEnvironment$RefreshableResourcePropertySource  - failed to load config URL [file:/root/.cumulocity/cumulocity-core.properties] - /root/.cumulocity/cumulocity-core.properties (No such file or directory)
2018-08-06 06:29:51,199 [main] DEBUG com.cumulocity.common.config.PlatformEnvironment  - registering URL [file:/root/.cumulocity/cumulocity-core.properties]
2018-08-06 06:29:51,199 [main] DEBUG org.springframework.web.context.support.StandardServletEnvironment  - Adding [URL [file:/root/.cumulocity/cumulocity-core.properties]] PropertySource with lowest search precedence
2018-08-06 06:29:51,199 [main] DEBUG org.springframework.core.env.PropertySourcesPropertyResolver  - Searching for key &apos;CUMULOCITY_CONFIG_DIR:/etc/cumulocity&apos; in [servletConfigInitParams]
2018-08-06 06:29:51,199 [main] DEBUG org.springframework.core.env.PropertySourcesPropertyResolver  - Searching for key &apos;CUMULOCITY_CONFIG_DIR:/etc/cumulocity&apos; in [servletContextInitParams]
2018-08-06 06:29:51,199 [main] DEBUG org.springframework.core.env.PropertySourcesPropertyResolver  - Searching for key &apos;CUMULOCITY_CONFIG_DIR:/etc/cumulocity&apos; in [jndiProperties]
2018-08-06 06:29:51,199 [main] DEBUG org.springframework.jndi.JndiTemplate  - Looking up JNDI object with name [CUMULOCITY_CONFIG_DIR:/etc/cumulocity]
2018-08-06 06:29:51,199 [main] DEBUG org.springframework.jndi.JndiPropertySource  - JNDI lookup for name [CUMULOCITY_CONFIG_DIR:/etc/cumulocity] threw NamingException with message: Need to specify class name in environment or system property, or as an applet parameter, or in an application resource file:  java.naming.factory.initial. Returning null.
2018-08-06 06:29:51,199 [main] DEBUG org.springframework.core.env.PropertySourcesPropertyResolver  - Searching for key &apos;CUMULOCITY_CONFIG_DIR:/etc/cumulocity&apos; in [systemProperties]
2018-08-06 06:29:51,199 [main] DEBUG org.springframework.core.env.PropertySourcesPropertyResolver  - Searching for key &apos;CUMULOCITY_CONFIG_DIR:/etc/cumulocity&apos; in [systemEnvironment]
2018-08-06 06:29:51,199 [main] DEBUG org.springframework.core.env.PropertySourcesPropertyResolver  - Searching for key &apos;CUMULOCITY_CONFIG_DIR:/etc/cumulocity&apos; in [class path resource [META-INF/spring/cumulocity-core.properties]]
2018-08-06 06:29:51,200 [main] DEBUG org.springframework.core.env.PropertySourcesPropertyResolver  - Searching for key &apos;CUMULOCITY_CONFIG_DIR:/etc/cumulocity&apos; in [URL [file:/root/.cumulocity/cumulocity-core.properties]]
2018-08-06 06:29:51,200 [main] DEBUG com.cumulocity.common.config.PlatformEnvironment$RefreshableResourcePropertySource  - failed to load config URL [file:/root/.cumulocity/cumulocity-core.properties] - /root/.cumulocity/cumulocity-core.properties (No such file or directory)
2018-08-06 06:29:51,200 [main] DEBUG org.springframework.core.env.PropertySourcesPropertyResolver  - Could not find key &apos;CUMULOCITY_CONFIG_DIR:/etc/cumulocity&apos; in any property source. Returning [null]
2018-08-06 06:29:51,200 [main] DEBUG org.springframework.core.env.PropertySourcesPropertyResolver  - Searching for key &apos;CUMULOCITY_CONFIG_DIR&apos; in [servletConfigInitParams]
2018-08-06 06:29:51,200 [main] DEBUG org.springframework.core.env.PropertySourcesPropertyResolver  - Searching for key &apos;CUMULOCITY_CONFIG_DIR&apos; in [servletContextInitParams]
2018-08-06 06:29:51,200 [main] DEBUG org.springframework.core.env.PropertySourcesPropertyResolver  - Searching for key &apos;CUMULOCITY_CONFIG_DIR&apos; in [jndiProperties]
2018-08-06 06:29:51,200 [main] DEBUG org.springframework.jndi.JndiTemplate  - Looking up JNDI object with name [java:comp/env/CUMULOCITY_CONFIG_DIR]
2018-08-06 06:29:51,200 [main] DEBUG org.springframework.jndi.JndiLocatorDelegate  - Converted JNDI name [java:comp/env/CUMULOCITY_CONFIG_DIR] not found - trying original name [CUMULOCITY_
...[truncated 788031 chars]...
 DEBUG org.eclipse.jetty.io.nio.ChannelEndPoint  - close SCEP@4e55ec63{l(/127.0.0.1:60814)&lt;-&gt;r(/127.0.0.1:8586),s=0,open=true,ishut=false,oshut=false,rb=false,wb=false,w=true,i=0r}-{AsyncHttpConnection@6b127fc2,g=HttpGenerator{s=0,h=-1,b=-1,c=-1},p=HttpParser{s=0,l=2,c=25},r=1}
2018-08-06 06:30:21,519 [ConnectorPool-151 Selector4] DEBUG org.eclipse.jetty.io.nio  - Stopped Thread[ConnectorPool-151 Selector4,5,main] on org.eclipse.jetty.io.nio.SelectorManager$1@48a0aeca
2018-08-06 06:30:21,530 [ConnectorPool-152 Selector5] DEBUG org.eclipse.jetty.io.nio  - Stopped Thread[ConnectorPool-152 Selector5,5,main] on org.eclipse.jetty.io.nio.SelectorManager$1@d47f419
2018-08-06 06:30:21,540 [ConnectorPool-155 Selector8] DEBUG org.eclipse.jetty.io.nio  - Stopped Thread[ConnectorPool-155 Selector8,5,main] on org.eclipse.jetty.io.nio.SelectorManager$1@52660d0c
2018-08-06 06:30:21,550 [main] DEBUG org.eclipse.jetty.util.component.AbstractLifeCycle  - STOPPED org.eclipse.jetty.server.nio.SelectChannelConnector$ConnectorSelectorManager@62f5e4be
2018-08-06 06:30:21,550 [main] DEBUG org.eclipse.jetty.util.component.AbstractLifeCycle  - stopping ConnectorPool{1&lt;=9&lt;=9/10,0}
2018-08-06 06:30:21,601 [main] DEBUG org.eclipse.jetty.util.component.AbstractLifeCycle  - STOPPED ConnectorPool{1&lt;=0&lt;=0/10,0}
2018-08-06 06:30:21,601 [main] DEBUG org.eclipse.jetty.util.component.AbstractLifeCycle  - stopping PooledBuffers [1/1024@6144,0/1024@16384,0/1024@-]/PooledBuffers [0/1024@6144,0/1024@32768,0/1024@-]
2018-08-06 06:30:21,601 [main] DEBUG org.eclipse.jetty.util.component.AbstractLifeCycle  - STOPPED null/null
2018-08-06 06:30:21,601 [main] DEBUG org.eclipse.jetty.util.component.AbstractLifeCycle  - STOPPED SelectChannelConnector@0.0.0.0:8586
2018-08-06 06:30:21,601 [main] DEBUG org.eclipse.jetty.util.component.AbstractLifeCycle  - stopping org.eclipse.jetty.server.handler.HandlerList@6fe1a453
2018-08-06 06:30:21,601 [main] DEBUG org.eclipse.jetty.server.handler.AbstractHandler  - stopping org.eclipse.jetty.server.handler.HandlerList@6fe1a453
2018-08-06 06:30:21,601 [main] DEBUG org.eclipse.jetty.util.component.AbstractLifeCycle  - stopping o.e.j.s.ServletContextHandler{/measurement,null}
2018-08-06 06:30:21,601 [main] DEBUG org.eclipse.jetty.util.component.AbstractLifeCycle  - stopping org.eclipse.jetty.servlet.ServletHandler@22d6cc66
2018-08-06 06:30:21,601 [main] DEBUG org.eclipse.jetty.server.handler.AbstractHandler  - stopping org.eclipse.jetty.servlet.ServletHandler@22d6cc66
2018-08-06 06:30:21,601 [main] DEBUG org.eclipse.jetty.util.component.AbstractLifeCycle  - stopping measurements
2018-08-06 06:30:21,601 [main] DEBUG org.eclipse.jetty.util.component.AbstractLifeCycle  - STOPPED measurements
2018-08-06 06:30:21,601 [main] DEBUG org.eclipse.jetty.util.component.AbstractLifeCycle  - STOPPED org.eclipse.jetty.servlet.ServletHandler@22d6cc66
2018-08-06 06:30:21,601 [main] DEBUG org.eclipse.jetty.server.handler.AbstractHandler  - stopping o.e.j.s.ServletContextHandler{/measurement,null}
2018-08-06 06:30:21,601 [main] INFO  org.eclipse.jetty.server.handler.ContextHandler  - stopped o.e.j.s.ServletContextHandler{/measurement,null}
2018-08-06 06:30:21,601 [main] DEBUG org.eclipse.jetty.util.component.Container  - Container o.e.j.s.ServletContextHandler{/measurement,null} - org.eclipse.jetty.servlet.ServletHandler@22d6cc66 as handler
2018-08-06 06:30:21,601 [main] DEBUG org.eclipse.jetty.util.component.AbstractLifeCycle  - STOPPED o.e.j.s.ServletContextHandler{/measurement,null}
2018-08-06 06:30:21,601 [main] DEBUG org.eclipse.jetty.util.component.AbstractLifeCycle  - stopping o.e.j.s.ServletContextHandler{/inventory,null}
2018-08-06 06:30:21,601 [main] DEBUG org.eclipse.jetty.util.component.AbstractLifeCycle  - stopping org.eclipse.jetty.servlet.ServletHandler@1c4e421f
2018-08-06 06:30:21,601 [main] DEBUG org.eclipse.jetty.server.handler.AbstractHandler  - stopping org.eclipse.jetty.servlet.ServletHandler@1c4e421f
2018-08-06 06:30:21,601 [main] DEBUG org.eclipse.jetty.util.component.AbstractLifeCycle  - stopping managedObjects
2018-08-06 06:30:21,601 [main] DEBUG org.eclipse.jetty.util.component.AbstractLifeCycle  - STOPPED managedObjects
2018-08-06 06:30:21,601 [main] DEBUG org.eclipse.jetty.util.component.AbstractLifeCycle  - STOPPED org.eclipse.jetty.servlet.ServletHandler@1c4e421f
2018-08-06 06:30:21,601 [main] DEBUG org.eclipse.jetty.server.handler.AbstractHandler  - stopping o.e.j.s.ServletContextHandler{/inventory,null}
2018-08-06 06:30:21,601 [main] INFO  org.eclipse.jetty.server.handler.ContextHandler  - stopped o.e.j.s.ServletContextHandler{/inventory,null}
2018-08-06 06:30:21,601 [main] DEBUG org.eclipse.jetty.util.component.Container  - Container o.e.j.s.ServletContextHandler{/inventory,null} - org.eclipse.jetty.servlet.ServletHandler@1c4e421f as handler
2018-08-06 06:30:21,601 [main] DEBUG org.eclipse.jetty.util.component.AbstractLifeCycle  - STOPPED o.e.j.s.ServletContextHandler{/inventory,null}
2018-08-06 06:30:21,602 [main] DEBUG org.eclipse.jetty.util.component.AbstractLifeCycle  - stopping o.e.j.w.WebAppContext{/s,file:/var/jenkins_home/workspace/Cumulocity-Platform-Services-BUILD/smartrest/src/test/webapp/}
2018-08-06 06:30:21,602 [main] DEBUG org.eclipse.jetty.util.component.AbstractLifeCycle  - stopping org.eclipse.jetty.server.session.SessionHandler@17489f96
2018-08-06 06:30:21,602 [main] DEBUG org.eclipse.jetty.util.component.AbstractLifeCycle  - stopping org.eclipse.jetty.server.session.HashSessionManager@20e53ccb
2018-08-06 06:30:21,602 [main] DEBUG org.eclipse.jetty.util.component.AbstractLifeCycle  - STOPPED org.eclipse.jetty.server.session.HashSessionManager@20e53ccb
2018-08-06 06:30:21,602 [main] DEBUG org.eclipse.jetty.util.component.AbstractLifeCycle  - stopping org.eclipse.jetty.security.ConstraintSecurityHandler@151adf85
2018-08-06 06:30:21,602 [main] DEBUG org.eclipse.jetty.util.component.AbstractLifeCycle  - stopping org.eclipse.jetty.servlet.ServletHandler@44f0adaf
2018-08-06 06:30:21,602 [main] DEBUG org.eclipse.jetty.server.handler.AbstractHandler  - stopping org.eclipse.jetty.servlet.ServletHandler@44f0adaf
2018-08-06 06:30:21,602 [main] DEBUG org.eclipse.jetty.util.component.AbstractLifeCycle  - stopping hiddenHttpMethodFilter
2018-08-06 06:30:21,602 [main] DEBUG org.eclipse.jetty.util.component.AbstractLifeCycle  - STOPPED hiddenHttpMethodFilter
2018-08-06 06:30:21,602 [main] DEBUG org.eclipse.jetty.util.component.AbstractLifeCycle  - stopping proxyRequestHandler
2018-08-06 06:30:21,602 [main] DEBUG org.eclipse.jetty.util.component.AbstractLifeCycle  - STOPPED proxyRequestHandler
2018-08-06 06:30:21,602 [main] DEBUG org.eclipse.jetty.util.component.AbstractLifeCycle  - stopping jsp
2018-08-06 06:30:21,602 [main] DEBUG org.eclipse.jetty.util.component.AbstractLifeCycle  - STOPPED jsp
2018-08-06 06:30:21,602 [main] DEBUG org.eclipse.jetty.util.component.AbstractLifeCycle  - stopping default
2018-08-06 06:30:21,602 [main] DEBUG org.eclipse.jetty.util.component.AbstractLifeCycle  - STOPPED default
2018-08-06 06:30:21,602 [main] DEBUG org.eclipse.jetty.util.component.AbstractLifeCycle  - STOPPED org.eclipse.jetty.servlet.ServletHandler@44f0adaf
2018-08-06 06:30:21,602 [main] DEBUG org.eclipse.jetty.server.handler.AbstractHandler  - stopping org.eclipse.jetty.security.ConstraintSecurityHandler@151adf85
2018-08-06 06:30:21,602 [main] DEBUG org.eclipse.jetty.util.component.AbstractLifeCycle  - STOPPED org.eclipse.jetty.security.ConstraintSecurityHandler@151adf85
2018-08-06 06:30:21,602 [main] DEBUG org.eclipse.jetty.server.handler.AbstractHandler  - stopping org.eclipse.jetty.server.session.SessionHandler@17489f96
2018-08-06 06:30:21,602 [main] DEBUG org.eclipse.jetty.util.component.AbstractLifeCycle  - STOPPED org.eclipse.jetty.server.session.SessionHandler@17489f96
2018-08-06 06:30:21,602 [main] DEBUG org.eclipse.jetty.server.handler.AbstractHandler  - stopping o.e.j.w.WebAppContext{/s,file:/var/jenkins_home/workspace/Cumulocity-Platform-Services-BUILD/smartrest/src/test/webapp/}
2018-08-06 06:30:21,602 [main] INFO  /s  - Closing Spring root WebApplicationContext
2018-08-06 06:30:21,602 [main] INFO  org.springframework.web.context.support.XmlWebApplicationContext  - Closing Root WebApplicationContext: startup date [Mon Aug 06 06:29:51 UTC 2018]; root of context hierarchy
2018-08-06 06:30:21,602 [main] DEBUG org.springframework.beans.factory.support.DefaultListableBeanFactory  - Returning cached instance of singleton bean &apos;lifecycleProcessor&apos;
2018-08-06 06:30:21,602 [main] INFO  org.springframework.beans.factory.support.DefaultListableBeanFactory  - Destroying singletons in org.springframework.beans.factory.support.DefaultListableBeanFactory@2e9bfe43: defining beans [com.cumulocity.common.config.PlatformEnvironment#0,org.springframework.context.support.PropertySourcesPlaceholderConfigurer#0,configLocations,org.springframework.context.annotation.internalConfigurationAnnotationProcessor,org.springframework.context.annotation.internalAutowiredAnnotationProcessor,org.springframework.context.annotation.internalRequiredAnnotationProcessor,org.springframework.context.annotation.internalCommonAnnotationProcessor,proxyRequestHandler,requestHandler,templateProvider,requestDispatcher,restDispatcherHttpClient,concurrentExecutor,org.springframework.context.annotation.ConfigurationClassPostProcessor.importAwareProcessor]; root of factory hierarchy
2018-08-06 06:30:21,602 [main] DEBUG org.springframework.beans.factory.support.DisposableBeanAdapter  - Invoking destroy() on bean with name &apos;concurrentExecutor&apos;
2018-08-06 06:30:21,602 [main] DEBUG org.springframework.beans.factory.support.DisposableBeanAdapter  - Invoking destroy() on bean with name &apos;restDispatcherHttpClient&apos;
2018-08-06 06:30:21,602 [main] DEBUG org.apache.http.impl.conn.tsccm.ThreadSafeClientConnManager  - Shutting down
2018-08-06 06:30:21,602 [main] DEBUG org.springframework.beans.factory.support.DefaultListableBeanFactory  - Retrieved dependent beans for bean &apos;configLocations&apos;: [com.cumulocity.common.config.PlatformEnvironment#0]
2018-08-06 06:30:21,602 [main] DEBUG org.springframework.beans.factory.support.DisposableBeanAdapter  - Invoking destroy() on bean with name &apos;configLocations&apos;
2018-08-06 06:30:21,603 [main] DEBUG org.eclipse.jetty.util.component.AbstractLifeCycle  - stopping org.eclipse.jetty.servlet.ErrorPageErrorHandler@6bdecb00
2018-08-06 06:30:21,603 [main] DEBUG org.eclipse.jetty.server.handler.AbstractHandler  - stopping org.eclipse.jetty.servlet.ErrorPageErrorHandler@6bdecb00
2018-08-06 06:30:21,603 [main] DEBUG org.eclipse.jetty.util.component.AbstractLifeCycle  - STOPPED org.eclipse.jetty.servlet.ErrorPageErrorHandler@6bdecb00
2018-08-06 06:30:21,603 [main] INFO  org.eclipse.jetty.server.handler.ContextHandler  - stopped o.e.j.w.WebAppContext{/s,file:/var/jenkins_home/workspace/Cumulocity-Platform-Services-BUILD/smartrest/src/test/webapp/}
2018-08-06 06:30:21,603 [main] DEBUG org.eclipse.jetty.util.component.Container  - Container o.e.j.w.WebAppContext{/s,file:/var/jenkins_home/workspace/Cumulocity-Platform-Services-BUILD/smartrest/src/test/webapp/} - org.eclipse.jetty.server.session.SessionHandler@17489f96 as handler
2018-08-06 06:30:21,603 [main] DEBUG org.eclipse.jetty.util.component.AbstractLifeCycle  - STOPPED o.e.j.w.WebAppContext{/s,file:/var/jenkins_home/workspace/Cumulocity-Platform-Services-BUILD/smartrest/src/test/webapp/}
2018-08-06 06:30:21,603 [main] DEBUG org.eclipse.jetty.util.component.AbstractLifeCycle  - stopping o.e.j.s.ServletContextHandler{/measurement,null}
2018-08-06 06:30:21,603 [main] DEBUG org.eclipse.jetty.util.component.AbstractLifeCycle  - stopping org.eclipse.jetty.servlet.ServletHandler@5caf7668
2018-08-06 06:30:21,603 [main] DEBUG org.eclipse.jetty.server.handler.AbstractHandler  - stopping org.eclipse.jetty.servlet.ServletHandler@5caf7668
2018-08-06 06:30:21,603 [main] DEBUG org.eclipse.jetty.util.component.AbstractLifeCycle  - stopping measurements
2018-08-06 06:30:21,603 [main] DEBUG org.eclipse.jetty.util.component.AbstractLifeCycle  - STOPPED measurements
2018-08-06 06:30:21,603 [main] DEBUG org.eclipse.jetty.util.component.AbstractLifeCycle  - STOPPED org.eclipse.jetty.servlet.ServletHandler@5caf7668
2018-08-06 06:30:21,603 [main] DEBUG org.eclipse.jetty.server.handler.AbstractHandler  - stopping o.e.j.s.ServletContextHandler{/measurement,null}
2018-08-06 06:30:21,603 [main] INFO  org.eclipse.jetty.server.handler.ContextHandler  - stopped o.e.j.s.ServletContextHandler{/measurement,null}
2018-08-06 06:30:21,603 [main] DEBUG org.eclipse.jetty.util.component.Container  - Container o.e.j.s.ServletContextHandler{/measurement,null} - org.eclipse.jetty.servlet.ServletHandler@5caf7668 as handler
2018-08-06 06:30:21,603 [main] DEBUG org.eclipse.jetty.util.component.AbstractLifeCycle  - STOPPED o.e.j.s.ServletContextHandler{/measurement,null}
2018-08-06 06:30:21,603 [main] DEBUG org.eclipse.jetty.util.component.AbstractLifeCycle  - stopping o.e.j.s.ServletContextHandler{/inventory,null}
2018-08-06 06:30:21,603 [main] DEBUG org.eclipse.jetty.util.component.AbstractLifeCycle  - stopping org.eclipse.jetty.servlet.ServletHandler@c48d711
2018-08-06 06:30:21,603 [main] DEBUG org.eclipse.jetty.server.handler.AbstractHandler  - stopping org.eclipse.jetty.servlet.ServletHandler@c48d711
2018-08-06 06:30:21,603 [main] DEBUG org.eclipse.jetty.util.component.AbstractLifeCycle  - stopping managedObjects
2018-08-06 06:30:21,603 [main] DEBUG org.eclipse.jetty.util.component.AbstractLifeCycle  - STOPPED managedObjects
2018-08-06 06:30:21,603 [main] DEBUG org.eclipse.jetty.util.component.AbstractLifeCycle  - STOPPED org.eclipse.jetty.servlet.ServletHandler@c48d711
2018-08-06 06:30:21,603 [main] DEBUG org.eclipse.jetty.server.handler.AbstractHandler  - stopping o.e.j.s.ServletContextHandler{/inventory,null}
2018-08-06 06:30:21,603 [main] INFO  org.eclipse.jetty.server.handler.ContextHandler  - stopped o.e.j.s.ServletContextHandler{/inventory,null}
2018-08-06 06:30:21,603 [main] DEBUG org.eclipse.jetty.util.component.Container  - Container o.e.j.s.ServletContextHandler{/inventory,null} - org.eclipse.jetty.servlet.ServletHandler@c48d711 as handler
2018-08-06 06:30:21,603 [main] DEBUG org.eclipse.jetty.util.component.AbstractLifeCycle  - STOPPED o.e.j.s.ServletContextHandler{/inventory,null}
2018-08-06 06:30:21,603 [main] DEBUG org.eclipse.jetty.util.component.AbstractLifeCycle  - stopping o.e.j.w.WebAppContext{/s,file:/var/jenkins_home/workspace/Cumulocity-Platform-Services-BUILD/smartrest/src/test/webapp/}
2018-08-06 06:30:21,604 [main] DEBUG org.eclipse.jetty.util.component.AbstractLifeCycle  - stopping org.eclipse.jetty.server.session.SessionHandler@311fa52c
2018-08-06 06:30:21,604 [main] DEBUG org.eclipse.jetty.util.component.AbstractLifeCycle  - stopping org.eclipse.jetty.server.session.HashSessionManager@149504e6
2018-08-06 06:30:21,604 [main] DEBUG org.eclipse.jetty.util.component.AbstractLifeCycle  - STOPPED org.eclipse.jetty.server.session.HashSessionManager@149504e6
2018-08-06 06:30:21,604 [main] DEBUG org.eclipse.jetty.util.component.AbstractLifeCycle  - stopping org.eclipse.jetty.security.ConstraintSecurityHandler@575b6472
2018-08-06 06:30:21,604 [main] DEBUG org.eclipse.jetty.util.component.AbstractLifeCycle  - stopping org.eclipse.jetty.servlet.ServletHandler@16903c20
2018-08-06 06:30:21,604 [main] DEBUG org.eclipse.jetty.server.handler.AbstractHandler  - stopping org.eclipse.jetty.servlet.ServletHandler@16903c20
2018-08-06 06:30:21,604 [main] DEBUG org.eclipse.jetty.util.component.AbstractLifeCycle  - stopping hiddenHttpMethodFilter
2018-08-06 06:30:21,604 [main] DEBUG org.eclipse.jetty.util.component.AbstractLifeCycle  - STOPPED hiddenHttpMethodFilter
2018-08-06 06:30:21,604 [main] DEBUG org.eclipse.jetty.util.component.AbstractLifeCycle  - stopping proxyRequestHandler
2018-08-06 06:30:21,604 [main] DEBUG org.eclipse.jetty.util.component.AbstractLifeCycle  - STOPPED proxyRequestHandler
2018-08-06 06:30:21,604 [main] DEBUG org.eclipse.jetty.util.component.AbstractLifeCycle  - stopping jsp
2018-08-06 06:30:21,604 [main] DEBUG org.eclipse.jetty.util.component.AbstractLifeCycle  - STOPPED jsp
2018-08-06 06:30:21,604 [main] DEBUG org.eclipse.jetty.util.component.AbstractLifeCycle  - stopping default
2018-08-06 06:30:21,604 [main] DEBUG org.eclipse.jetty.util.component.AbstractLifeCycle  - STOPPED default
2018-08-06 06:30:21,604 [main] DEBUG org.eclipse.jetty.util.component.AbstractLifeCycle  - STOPPED org.eclipse.jetty.servlet.ServletHandler@16903c20
2018-08-06 06:30:21,604 [main] DEBUG org.eclipse.jetty.server.handler.AbstractHandler  - stopping org.eclipse.jetty.security.ConstraintSecurityHandler@575b6472
2018-08-06 06:30:21,604 [main] DEBUG org.eclipse.jetty.util.component.AbstractLifeCycle  - STOPPED org.eclipse.jetty.security.ConstraintSecurityHandler@575b6472
2018-08-06 06:30:21,604 [main] DEBUG org.eclipse.jetty.server.handler.AbstractHandler  - stopping org.eclipse.jetty.server.session.SessionHandler@311fa52c
2018-08-06 06:30:21,604 [main] DEBUG org.eclipse.jetty.util.component.AbstractLifeCycle  - STOPPED org.eclipse.jetty.server.session.SessionHandler@311fa52c
2018-08-06 06:30:21,604 [main] DEBUG org.eclipse.jetty.server.handler.AbstractHandler  - stopping o.e.j.w.WebAppContext{/s,file:/var/jenkins_home/workspace/Cumulocity-Platform-Services-BUILD/smartrest/src/test/webapp/}
2018-08-06 06:30:21,604 [main] INFO  SmartREST Proxy  - Closing Spring root WebApplicationContext
2018-08-06 06:30:21,604 [main] INFO  org.springframework.web.context.support.XmlWebApplicationContext  - Closing Root WebApplicationContext: startup date [Mon Aug 06 06:29:51 UTC 2018]; root of context hierarchy
2018-08-06 06:30:21,604 [main] DEBUG org.springframework.beans.factory.support.DefaultListableBeanFactory  - Returning cached instance of singleton bean &apos;lifecycleProcessor&apos;
2018-08-06 06:30:21,604 [main] INFO  org.springframework.beans.factory.support.DefaultListableBeanFactory  - Destroying singletons in org.springframework.beans.factory.support.DefaultListableBeanFactory@7a00dc2b: defining beans [com.cumulocity.common.config.PlatformEnvironment#0,org.springframework.context.support.PropertySourcesPlaceholderConfigurer#0,configLocations,org.springframework.context.annotation.internalConfigurationAnnotationProcessor,org.springframework.context.annotation.internalAutowiredAnnotationProcessor,org.springframework.context.annotation.internalRequiredAnnotationProcessor,org.springframework.context.annotation.internalCommonAnnotationProcessor,proxyRequestHandler,requestHandler,templateProvider,requestDispatcher,restDispatcherHttpClient,concurrentExecutor,org.springframework.context.annotation.ConfigurationClassPostProcessor.importAwareProcessor]; root of factory hierarchy
2018-08-06 06:30:21,604 [main] DEBUG org.springframework.beans.factory.support.DisposableBeanAdapter  - Invoking destroy() on bean with name &apos;concurrentExecutor&apos;
2018-08-06 06:30:21,604 [main] DEBUG org.springframework.beans.factory.support.DisposableBeanAdapter  - Invoking destroy() on bean with name &apos;restDispatcherHttpClient&apos;
2018-08-06 06:30:21,604 [main] DEBUG org.apache.http.impl.conn.tsccm.ThreadSafeClientConnManager  - Shutting down
2018-08-06 06:30:21,604 [main] DEBUG org.springframework.beans.factory.support.DefaultListableBeanFactory  - Retrieved dependent beans for bean &apos;configLocations&apos;: [com.cumulocity.common.config.PlatformEnvironment#0]
2018-08-06 06:30:21,604 [main] DEBUG org.springframework.beans.factory.support.DisposableBeanAdapter  - Invoking destroy() on bean with name &apos;configLocations&apos;
2018-08-06 06:30:21,605 [main] DEBUG org.eclipse.jetty.util.component.AbstractLifeCycle  - stopping org.eclipse.jetty.servlet.ErrorPageErrorHandler@2071ebff
2018-08-06 06:30:21,605 [main] DEBUG org.eclipse.jetty.server.handler.AbstractHandler  - stopping org.eclipse.jetty.servlet.ErrorPageErrorHandler@2071ebff
2018-08-06 06:30:21,605 [main] DEBUG org.eclipse.jetty.util.component.AbstractLifeCycle  - STOPPED org.eclipse.jetty.servlet.ErrorPageErrorHandler@2071ebff
2018-08-06 06:30:21,605 [main] INFO  org.eclipse.jetty.server.handler.ContextHandler  - stopped o.e.j.w.WebAppContext{/s,file:/var/jenkins_home/workspace/Cumulocity-Platform-Services-BUILD/smartrest/src/test/webapp/}
2018-08-06 06:30:21,605 [main] DEBUG org.eclipse.jetty.util.component.Container  - Container o.e.j.w.WebAppContext{/s,file:/var/jenkins_home/workspace/Cumulocity-Platform-Services-BUILD/smartrest/src/test/webapp/} - org.eclipse.jetty.server.session.SessionHandler@311fa52c as handler
2018-08-06 06:30:21,605 [main] DEBUG org.eclipse.jetty.util.component.AbstractLifeCycle  - STOPPED o.e.j.w.WebAppContext{/s,file:/var/jenkins_home/workspace/Cumulocity-Platform-Services-BUILD/smartrest/src/test/webapp/}
2018-08-06 06:30:21,605 [main] DEBUG org.eclipse.jetty.util.component.AbstractLifeCycle  - stopping o.e.j.s.ServletContextHandler{/measurement,null}
2018-08-06 06:30:21,605 [main] DEBUG org.eclipse.jetty.util.component.AbstractLifeCycle  - stopping org.eclipse.jetty.servlet.ServletHandler@4f4fb284
2018-08-06 06:30:21,605 [main] DEBUG org.eclipse.jetty.server.handler.AbstractHandler  - stopping org.eclipse.jetty.servlet.ServletHandler@4f4fb284
2018-08-06 06:30:21,605 [main] DEBUG org.eclipse.jetty.util.component.AbstractLifeCycle  - stopping measurements
2018-08-06 06:30:21,605 [main] DEBUG org.eclipse.jetty.util.component.AbstractLifeCycle  - STOPPED measurements
2018-08-06 06:30:21,605 [main] DEBUG org.eclipse.jetty.util.component.AbstractLifeCycle  - STOPPED org.eclipse.jetty.servlet.ServletHandler@4f4fb284
2018-08-06 06:30:21,605 [main] DEBUG org.eclipse.jetty.server.handler.AbstractHandler  - stopping o.e.j.s.ServletContextHandler{/measurement,null}
2018-08-06 06:30:21,605 [main] INFO  org.eclipse.jetty.server.handler.ContextHandler  - stopped o.e.j.s.ServletContextHandler{/measurement,null}
2018-08-06 06:30:21,605 [main] DEBUG org.eclipse.jetty.util.component.Container  - Container o.e.j.s.ServletContextHandler{/measurement,null} - org.eclipse.jetty.servlet.ServletHandler@4f4fb284 as handler
2018-08-06 06:30:21,605 [main] DEBUG org.eclipse.jetty.util.component.AbstractLifeCycle  - STOPPED o.e.j.s.ServletContextHandler{/measurement,null}
2018-08-06 06:30:21,605 [main] DEBUG org.eclipse.jetty.util.component.AbstractLifeCycle  - stopping o.e.j.s.ServletContextHandler{/inventory,null}
2018-08-06 06:30:21,605 [main] DEBUG org.eclipse.jetty.util.component.AbstractLifeCycle  - stopping org.eclipse.jetty.servlet.ServletHandler@7187ac48
2018-08-06 06:30:21,605 [main] DEBUG org.eclipse.jetty.server.handler.AbstractHandler  - stopping org.eclipse.jetty.servlet.ServletHandler@7187ac48
2018-08-06 06:30:21,605 [main] DEBUG org.eclipse.jetty.util.component.AbstractLifeCycle  - stopping managedObjects
2018-08-06 06:30:21,605 [main] DEBUG org.eclipse.jetty.util.component.AbstractLifeCycle  - STOPPED managedObjects
2018-08-06 06:30:21,605 [main] DEBUG org.eclipse.jetty.util.component.AbstractLifeCycle  - STOPPED org.eclipse.jetty.servlet.ServletHandler@7187ac48
2018-08-06 06:30:21,605 [main] DEBUG org.eclipse.jetty.server.handler.AbstractHandler  - stopping o.e.j.s.ServletContextHandler{/inventory,null}
2018-08-06 06:30:21,605 [main] INFO  org.eclipse.jetty.server.handler.ContextHandler  - stopped o.e.j.s.ServletContextHandler{/inventory,null}
2018-08-06 06:30:21,605 [main] DEBUG org.eclipse.jetty.util.component.Container  - Container o.e.j.s.ServletContextHandler{/inventory,null} - org.eclipse.jetty.servlet.ServletHandler@7187ac48 as handler
2018-08-06 06:30:21,605 [main] DEBUG org.eclipse.jetty.util.component.AbstractLifeCycle  - STOPPED o.e.j.s.ServletContextHandler{/inventory,null}
2018-08-06 06:30:21,605 [main] DEBUG org.eclipse.jetty.util.component.AbstractLifeCycle  - stopping o.e.j.w.WebAppContext{/s,file:/var/jenkins_home/workspace/Cumulocity-Platform-Services-BUILD/smartrest/src/test/webapp/}
2018-08-06 06:30:21,605 [main] DEBUG org.eclipse.jetty.util.component.AbstractLifeCycle  - stopping org.eclipse.jetty.server.session.SessionHandler@69e9487d
2018-08-06 06:30:21,605 [main] DEBUG org.eclipse.jetty.util.component.AbstractLifeCycle  - stopping org.eclipse.jetty.server.session.HashSessionManager@52963cdd
2018-08-06 06:30:21,605 [main] DEBUG org.eclipse.jetty.util.component.AbstractLifeCycle  - STOPPED org.eclipse.jetty.server.session.HashSessionManager@52963cdd
2018-08-06 06:30:21,605 [main] DEBUG org.eclipse.jetty.util.component.AbstractLifeCycle  - stopping org.eclipse.jetty.security.ConstraintSecurityHandler@611bd3b9
2018-08-06 06:30:21,605 [main] DEBUG org.eclipse.jetty.util.component.AbstractLifeCycle  - stopping org.eclipse.jetty.servlet.ServletHandler@7ab2903d
2018-08-06 06:30:21,605 [main] DEBUG org.eclipse.jetty.server.handler.AbstractHandler  - stopping org.eclipse.jetty.servlet.ServletHandler@7ab2903d
2018-08-06 06:30:21,605 [main] DEBUG org.eclipse.jetty.util.component.AbstractLifeCycle  - stopping hiddenHttpMethodFilter
2018-08-06 06:30:21,605 [main] DEBUG org.eclipse.jetty.util.component.AbstractLifeCycle  - STOPPED hiddenHttpMethodFilter
2018-08-06 06:30:21,605 [main] DEBUG org.eclipse.jetty.util.component.AbstractLifeCycle  - stopping proxyRequestHandler
2018-08-06 06:30:21,605 [main] DEBUG org.eclipse.jetty.util.component.AbstractLifeCycle  - STOPPED proxyRequestHandler
2018-08-06 06:30:21,605 [main] DEBUG org.eclipse.jetty.util.component.AbstractLifeCycle  - stopping jsp
2018-08-06 06:30:21,605 [main] DEBUG org.eclipse.jetty.util.component.AbstractLifeCycle  - STOPPED jsp
2018-08-06 06:30:21,605 [main] DEBUG org.eclipse.jetty.util.component.AbstractLifeCycle  - stopping default
2018-08-06 06:30:21,605 [main] DEBUG org.eclipse.jetty.util.component.AbstractLifeCycle  - STOPPED default
2018-08-06 06:30:21,605 [main] DEBUG org.eclipse.jetty.util.component.AbstractLifeCycle  - STOPPED org.eclipse.jetty.servlet.ServletHandler@7ab2903d
2018-08-06 06:30:21,605 [main] DEBUG org.eclipse.jetty.server.handler.AbstractHandler  - stopping org.eclipse.jetty.security.ConstraintSecurityHandler@611bd3b9
2018-08-06 06:30:21,606 [main] DEBUG org.eclipse.jetty.util.component.AbstractLifeCycle  - STOPPED org.eclipse.jetty.security.ConstraintSecurityHandler@611bd3b9
2018-08-06 06:30:21,606 [main] DEBUG org.eclipse.jetty.server.handler.AbstractHandler  - stopping org.eclipse.jetty.server.session.SessionHandler@69e9487d
2018-08-06 06:30:21,606 [main] DEBUG org.eclipse.jetty.util.component.AbstractLifeCycle  - STOPPED org.eclipse.jetty.server.session.SessionHandler@69e9487d
2018-08-06 06:30:21,606 [main] DEBUG org.eclipse.jetty.server.handler.AbstractHandler  - stopping o.e.j.w.WebAppContext{/s,file:/var/jenkins_home/workspace/Cumulocity-Platform-Services-BUILD/smartrest/src/test/webapp/}
2018-08-06 06:30:21,606 [main] INFO  SmartREST Proxy  - Closing Spring root WebApplicationContext
2018-08-06 06:30:21,606 [main] INFO  org.springframework.web.context.support.XmlWebApplicationContext  - Closing Root WebApplicationContext: startup date [Mon Aug 06 06:29:51 UTC 2018]; root of context hierarchy
2018-08-06 06:30:21,606 [main] DEBUG org.springframework.beans.factory.support.DefaultListableBeanFactory  - Returning cached instance of singleton bean &apos;lifecycleProcessor&apos;
2018-08-06 06:30:21,606 [main] INFO  org.springframework.beans.factory.support.DefaultListableBeanFactory  - Destroying singletons in org.springframework.beans.factory.support.DefaultListableBeanFactory@7337cbea: defining beans [com.cumulocity.common.config.PlatformEnvironment#0,org.springframework.context.support.PropertySourcesPlaceholderConfigurer#0,configLocations,org.springframework.context.annotation.internalConfigurationAnnotationProcessor,org.springframework.context.annotation.internalAutowiredAnnotationProcessor,org.springframework.context.annotation.internalRequiredAnnotationProcessor,org.springframework.context.annotation.internalCommonAnnotationProcessor,proxyRequestHandler,requestHandler,templateProvider,requestDispatcher,restDispatcherHttpClient,concurrentExecutor,org.springframework.context.annotation.ConfigurationClassPostProcessor.importAwareProcessor]; root of factory hierarchy
2018-08-06 06:30:21,606 [main] DEBUG org.springframework.beans.factory.support.DisposableBeanAdapter  - Invoking destroy() on bean with name &apos;concurrentExecutor&apos;
2018-08-06 06:30:21,606 [main] DEBUG org.springframework.beans.factory.support.DisposableBeanAdapter  - Invoking destroy() on bean with name &apos;restDispatcherHttpClient&apos;
2018-08-06 06:30:21,606 [main] DEBUG org.apache.http.impl.conn.tsccm.ThreadSafeClientConnManager  - Shutting down
2018-08-06 06:30:21,606 [main] DEBUG org.springframework.beans.factory.support.DefaultListableBeanFactory  - Retrieved dependent beans for bean &apos;configLocations&apos;: [com.cumulocity.common.config.PlatformEnvironment#0]
2018-08-06 06:30:21,606 [main] DEBUG org.springframework.beans.factory.support.DisposableBeanAdapter  - Invoking destroy() on bean with name &apos;configLocations&apos;
2018-08-06 06:30:21,606 [main] DEBUG org.eclipse.jetty.util.component.AbstractLifeCycle  - stopping org.eclipse.jetty.servlet.ErrorPageErrorHandler@30297f31
2018-08-06 06:30:21,606 [main] DEBUG org.eclipse.jetty.server.handler.AbstractHandler  - stopping org.eclipse.jetty.servlet.ErrorPageErrorHandler@30297f31
2018-08-06 06:30:21,606 [main] DEBUG org.eclipse.jetty.util.component.AbstractLifeCycle  - STOPPED org.eclipse.jetty.servlet.ErrorPageErrorHandler@30297f31
2018-08-06 06:30:21,606 [main] INFO  org.eclipse.jetty.server.handler.ContextHandler  - stopped o.e.j.w.WebAppContext{/s,file:/var/jenkins_home/workspace/Cumulocity-Platform-Services-BUILD/smartrest/src/test/webapp/}
2018-08-06 06:30:21,606 [main] DEBUG org.eclipse.jetty.util.component.Container  - Container o.e.j.w.WebAppContext{/s,file:/var/jenkins_home/workspace/Cumulocity-Platform-Services-BUILD/smartrest/src/test/webapp/} - org.eclipse.jetty.server.session.SessionHandler@69e9487d as handler
2018-08-06 06:30:21,606 [main] DEBUG org.eclipse.jetty.util.component.AbstractLifeCycle  - STOPPED o.e.j.w.WebAppContext{/s,file:/var/jenkins_home/workspace/Cumulocity-Platform-Services-BUILD/smartrest/src/test/webapp/}
2018-08-06 06:30:21,606 [main] DEBUG org.eclipse.jetty.util.component.AbstractLifeCycle  - stopping o.e.j.s.ServletContextHandler{/measurement,null}
2018-08-06 06:30:21,606 [main] DEBUG org.eclipse.jetty.util.component.AbstractLifeCycle  - stopping org.eclipse.jetty.servlet.ServletHandler@64c71e34
2018-08-06 06:30:21,606 [main] DEBUG org.eclipse.jetty.server.handler.AbstractHandler  - stopping org.eclipse.jetty.servlet.ServletHandler@64c71e34
2018-08-06 06:30:21,606 [main] DEBUG org.eclipse.jetty.util.component.AbstractLifeCycle  - stopping measurements
2018-08-06 06:30:21,606 [main] DEBUG org.eclipse.jetty.util.component.AbstractLifeCycle  - STOPPED measurements
2018-08-06 06:30:21,606 [main] DEBUG org.eclipse.jetty.util.component.AbstractLifeCycle  - STOPPED org.eclipse.jetty.servlet.ServletHandler@64c71e34
2018-08-06 06:30:21,606 [main] DEBUG org.eclipse.jetty.server.handler.AbstractHandler  - stopping o.e.j.s.ServletContextHandler{/measurement,null}
2018-08-06 06:30:21,606 [main] INFO  org.eclipse.jetty.server.handler.ContextHandler  - stopped o.e.j.s.ServletContextHandler{/measurement,null}
2018-08-06 06:30:21,606 [main] DEBUG org.eclipse.jetty.util.component.Container  - Container o.e.j.s.ServletContextHandler{/measurement,null} - org.eclipse.jetty.servlet.ServletHandler@64c71e34 as handler
2018-08-06 06:30:21,607 [main] DEBUG org.eclipse.jetty.util.component.AbstractLifeCycle  - STOPPED o.e.j.s.ServletContextHandler{/measurement,null}
2018-08-06 06:30:21,607 [main] DEBUG org.eclipse.jetty.util.component.AbstractLifeCycle  - stopping o.e.j.s.ServletContextHandler{/inventory,null}
2018-08-06 06:30:21,607 [main] DEBUG org.eclipse.jetty.util.component.AbstractLifeCycle  - stopping org.eclipse.jetty.servlet.ServletHandler@3df0efd5
2018-08-06 06:30:21,607 [main] DEBUG org.eclipse.jetty.server.handler.AbstractHandler  - stopping org.eclipse.jetty.servlet.ServletHandler@3df0efd5
2018-08-06 06:30:21,607 [main] DEBUG org.eclipse.jetty.util.component.AbstractLifeCycle  - stopping managedObjects
2018-08-06 06:30:21,607 [main] DEBUG org.eclipse.jetty.util.component.AbstractLifeCycle  - STOPPED managedObjects
2018-08-06 06:30:21,607 [main] DEBUG org.eclipse.jetty.util.component.AbstractLifeCycle  - STOPPED org.eclipse.jetty.servlet.ServletHandler@3df0efd5
2018-08-06 06:30:21,607 [main] DEBUG org.eclipse.jetty.server.handler.AbstractHandler  - stopping o.e.j.s.ServletContextHandler{/inventory,null}
2018-08-06 06:30:21,607 [main] INFO  org.eclipse.jetty.server.handler.ContextHandler  - stopped o.e.j.s.ServletContextHandler{/inventory,null}
2018-08-06 06:30:21,607 [main] DEBUG org.eclipse.jetty.util.component.Container  - Container o.e.j.s.ServletContextHandler{/inventory,null} - org.eclipse.jetty.servlet.ServletHandler@3df0efd5 as handler
2018-08-06 06:30:21,607 [main] DEBUG org.eclipse.jetty.util.component.AbstractLifeCycle  - STOPPED o.e.j.s.ServletContextHandler{/inventory,null}
2018-08-06 06:30:21,607 [main] DEBUG org.eclipse.jetty.util.component.AbstractLifeCycle  - stopping o.e.j.w.WebAppContext{/s,file:/var/jenkins_home/workspace/Cumulocity-Platform-Services-BUILD/smartrest/src/test/webapp/}
2018-08-06 06:30:21,607 [main] DEBUG org.eclipse.jetty.util.component.AbstractLifeCycle  - stopping org.eclipse.jetty.server.session.SessionHandler@20363a3f
2018-08-06 06:30:21,607 [main] DEBUG org.eclipse.jetty.util.component.AbstractLifeCycle  - stopping org.eclipse.jetty.server.session.HashSessionManager@482a0e9e
2018-08-06 06:30:21,607 [main] DEBUG org.eclipse.jetty.util.component.AbstractLifeCycle  - STOPPED org.eclipse.jetty.server.session.HashSessionManager@482a0e9e
2018-08-06 06:30:21,607 [main] DEBUG org.eclipse.jetty.util.component.AbstractLifeCycle  - stopping org.eclipse.jetty.security.ConstraintSecurityHandler@4626d81c
2018-08-06 06:30:21,607 [main] DEBUG org.eclipse.jetty.util.component.AbstractLifeCycle  - stopping org.eclipse.jetty.servlet.ServletHandler@4a6948be
2018-08-06 06:30:21,607 [main] DEBUG org.eclipse.jetty.server.handler.AbstractHandler  - stopping org.eclipse.jetty.servlet.ServletHandler@4a6948be
2018-08-06 06:30:21,607 [main] DEBUG org.eclipse.jetty.util.component.AbstractLifeCycle  - stopping hiddenHttpMethodFilter
2018-08-06 06:30:21,607 [main] DEBUG org.eclipse.jetty.util.component.AbstractLifeCycle  - STOPPED hiddenHttpMethodFilter
2018-08-06 06:30:21,607 [main] DEBUG org.eclipse.jetty.util.component.AbstractLifeCycle  - stopping proxyRequestHandler
2018-08-06 06:30:21,607 [main] DEBUG org.eclipse.jetty.util.component.AbstractLifeCycle  - STOPPED proxyRequestHandler
2018-08-06 06:30:21,607 [main] DEBUG org.eclipse.jetty.util.component.AbstractLifeCycle  - stopping jsp
2018-08-06 06:30:21,607 [main] DEBUG org.eclipse.jetty.util.component.AbstractLifeCycle  - STOPPED jsp
2018-08-06 06:30:21,607 [main] DEBUG org.eclipse.jetty.util.component.AbstractLifeCycle  - stopping default
2018-08-06 06:30:21,607 [main] DEBUG org.eclipse.jetty.util.component.AbstractLifeCycle  - STOPPED default
2018-08-06 06:30:21,607 [main] DEBUG org.eclipse.jetty.util.component.AbstractLifeCycle  - STOPPED org.eclipse.jetty.servlet.ServletHandler@4a6948be
2018-08-06 06:30:21,607 [main] DEBUG org.eclipse.jetty.server.handler.AbstractHandler  - stopping org.eclipse.jetty.security.ConstraintSecurityHandler@4626d81c
2018-08-06 06:30:21,607 [main] DEBUG org.eclipse.jetty.util.component.AbstractLifeCycle  - STOPPED org.eclipse.jetty.security.ConstraintSecurityHandler@4626d81c
2018-08-06 06:30:21,607 [main] DEBUG org.eclipse.jetty.server.handler.AbstractHandler  - stopping org.eclipse.jetty.server.session.SessionHandler@20363a3f
2018-08-06 06:30:21,607 [main] DEBUG org.eclipse.jetty.util.component.AbstractLifeCycle  - STOPPED org.eclipse.jetty.server.session.SessionHandler@20363a3f
2018-08-06 06:30:21,607 [main] DEBUG org.eclipse.jetty.server.handler.AbstractHandler  - stopping o.e.j.w.WebAppContext{/s,file:/var/jenkins_home/workspace/Cumulocity-Platform-Services-BUILD/smartrest/src/test/webapp/}
2018-08-06 06:30:21,607 [main] INFO  SmartREST Proxy  - Closing Spring root WebApplicationContext
2018-08-06 06:30:21,607 [main] INFO  org.springframework.web.context.support.XmlWebApplicationContext  - Closing Root WebApplicationContext: startup date [Mon Aug 06 06:29:51 UTC 2018]; root of context hierarchy
2018-08-06 06:30:21,607 [main] DEBUG org.springframework.beans.factory.support.DefaultListableBeanFactory  - Returning cached instance of singleton bean &apos;lifecycleProcessor&apos;
2018-08-06 06:30:21,607 [main] INFO  org.springframework.beans.factory.support.DefaultListableBeanFactory  - Destroying singletons in org.springframework.beans.factory.support.DefaultListableBeanFactory@6a464b0e: defining beans [com.cumulocity.common.config.PlatformEnvironment#0,org.springframework.context.support.PropertySourcesPlaceholderConfigurer#0,configLocations,org.springframework.context.annotation.internalConfigurationAnnotationProcessor,org.springframework.context.annotation.internalAutowiredAnnotationProcessor,org.springframework.context.annotation.internalRequiredAnnotationProcessor,org.springframework.context.annotation.internalCommonAnnotationProcessor,proxyRequestHandler,requestHandler,templateProvider,requestDispatcher,restDispatcherHttpClient,concurrentExecutor,org.springframework.context.annotation.ConfigurationClassPostProcessor.importAwareProcessor]; root of factory hierarchy
2018-08-06 06:30:21,607 [main] DEBUG org.springframework.beans.factory.support.DisposableBeanAdapter  - Invoking destroy() on bean with name &apos;concurrentExecutor&apos;
2018-08-06 06:30:21,607 [main] DEBUG org.springframework.beans.factory.support.DisposableBeanAdapter  - Invoking destroy() on bean with name &apos;restDispatcherHttpClient&apos;
2018-08-06 06:30:21,607 [main] DEBUG org.apache.http.impl.conn.tsccm.ThreadSafeClientConnManager  - Shutting down
2018-08-06 06:30:21,607 [main] DEBUG org.springframework.beans.factory.support.DefaultListableBeanFactory  - Retrieved dependent beans for bean &apos;configLocations&apos;: [com.cumulocity.common.config.PlatformEnvironment#0]
2018-08-06 06:30:21,607 [main] DEBUG org.springframework.beans.factory.support.DisposableBeanAdapter  - Invoking destroy() on bean with name &apos;configLocations&apos;
2018-08-06 06:30:21,608 [main] DEBUG org.eclipse.jetty.util.component.AbstractLifeCycle  - stopping org.eclipse.jetty.servlet.ErrorPageErrorHandler@bc6a29d
2018-08-06 06:30:21,608 [main] DEBUG org.eclipse.jetty.server.handler.AbstractHandler  - stopping org.eclipse.jetty.servlet.ErrorPageErrorHandler@bc6a29d
2018-08-06 06:30:21,608 [main] DEBUG org.eclipse.jetty.util.component.AbstractLifeCycle  - STOPPED org.eclipse.jetty.servlet.ErrorPageErrorHandler@bc6a29d
2018-08-06 06:30:21,608 [main] INFO  org.eclipse.jetty.server.handler.ContextHandler  - stopped o.e.j.w.WebAppContext{/s,file:/var/jenkins_home/workspace/Cumulocity-Platform-Services-BUILD/smartrest/src/test/webapp/}
2018-08-06 06:30:21,608 [main] DEBUG org.eclipse.jetty.util.component.Container  - Container o.e.j.w.WebAppContext{/s,file:/var/jenkins_home/workspace/Cumulocity-Platform-Services-BUILD/smartrest/src/test/webapp/} - org.eclipse.jetty.server.session.SessionHandler@20363a3f as handler
2018-08-06 06:30:21,608 [main] DEBUG org.eclipse.jetty.util.component.AbstractLifeCycle  - STOPPED o.e.j.w.WebAppContext{/s,file:/var/jenkins_home/workspace/Cumulocity-Platform-Services-BUILD/smartrest/src/test/webapp/}
2018-08-06 06:30:21,608 [main] DEBUG org.eclipse.jetty.util.component.AbstractLifeCycle  - stopping o.e.j.s.ServletContextHandler{/measurement,null}
2018-08-06 06:30:21,608 [main] DEBUG org.eclipse.jetty.util.component.AbstractLifeCycle  - stopping org.eclipse.jetty.servlet.ServletHandler@560a9228
2018-08-06 06:30:21,608 [main] DEBUG org.eclipse.jetty.server.handler.AbstractHandler  - stopping org.eclipse.jetty.servlet.ServletHandler@560a9228
2018-08-06 06:30:21,608 [main] DEBUG org.eclipse.jetty.util.component.AbstractLifeCycle  - stopping measurements
2018-08-06 06:30:21,608 [main] DEBUG org.eclipse.jetty.util.component.AbstractLifeCycle  - STOPPED measurements
2018-08-06 06:30:21,608 [main] DEBUG org.eclipse.jetty.util.component.AbstractLifeCycle  - STOPPED org.eclipse.jetty.servlet.ServletHandler@560a9228
2018-08-06 06:30:21,608 [main] DEBUG org.eclipse.jetty.server.handler.AbstractHandler  - stopping o.e.j.s.ServletContextHandler{/measurement,null}
2018-08-06 06:30:21,608 [main] INFO  org.eclipse.jetty.server.handler.ContextHandler  - stopped o.e.j.s.ServletContextHandler{/measurement,null}
2018-08-06 06:30:21,608 [main] DEBUG org.eclipse.jetty.util.component.Container  - Container o.e.j.s.ServletContextHandler{/measurement,null} - org.eclipse.jetty.servlet.ServletHandler@560a9228 as handler
2018-08-06 06:30:21,608 [main] DEBUG org.eclipse.jetty.util.component.AbstractLifeCycle  - STOPPED o.e.j.s.ServletContextHandler{/measurement,null}
2018-08-06 06:30:21,608 [main] DEBUG org.eclipse.jetty.util.component.AbstractLifeCycle  - stopping o.e.j.s.ServletContextHandler{/inventory,null}
2018-08-06 06:30:21,608 [main] DEBUG org.eclipse.jetty.util.component.AbstractLifeCycle  - stopping org.eclipse.jetty.servlet.ServletHandler@566b3836
2018-08-06 06:30:21,608 [main] DEBUG org.eclipse.jetty.server.handler.AbstractHandler  - stopping org.eclipse.jetty.servlet.ServletHandler@566b3836
2018-08-06 06:30:21,608 [main] DEBUG org.eclipse.jetty.util.component.AbstractLifeCycle  - stopping managedObjects
2018-08-06 06:30:21,608 [main] DEBUG org.eclipse.jetty.util.component.AbstractLifeCycle  - STOPPED managedObjects
2018-08-06 06:30:21,608 [main] DEBUG org.eclipse.jetty.util.component.AbstractLifeCycle  - STOPPED org.eclipse.jetty.servlet.ServletHandler@566b3836
2018-08-06 06:30:21,608 [main] DEBUG org.eclipse.jetty.server.handler.AbstractHandler  - stopping o.e.j.s.ServletContextHandler{/inventory,null}
2018-08-06 06:30:21,608 [main] INFO  org.eclipse.jetty.server.handler.ContextHandler  - stopped o.e.j.s.ServletContextHandler{/inventory,null}
2018-08-06 06:30:21,608 [main] DEBUG org.eclipse.jetty.util.component.Container  - Container o.e.j.s.ServletContextHandler{/inventory,null} - org.eclipse.jetty.servlet.ServletHandler@566b3836 as handler
2018-08-06 06:30:21,608 [main] DEBUG org.eclipse.jetty.util.component.AbstractLifeCycle  - STOPPED o.e.j.s.ServletContextHandler{/inventory,null}
2018-08-06 06:30:21,608 [main] DEBUG org.eclipse.jetty.util.component.AbstractLifeCycle  - stopping o.e.j.w.WebAppContext{/s,file:/var/jenkins_home/workspace/Cumulocity-Platform-Services-BUILD/smartrest/src/test/webapp/}
2018-08-06 06:30:21,608 [main] DEBUG org.eclipse.jetty.util.component.AbstractLifeCycle  - stopping org.eclipse.jetty.server.session.SessionHandler@1ce89199
2018-08-06 06:30:21,608 [main] DEBUG org.eclipse.jetty.util.component.AbstractLifeCycle  - stopping org.eclipse.jetty.server.session.HashSessionManager@68aee2a2
2018-08-06 06:30:21,608 [main] DEBUG org.eclipse.jetty.util.component.AbstractLifeCycle  - STOPPED org.eclipse.jetty.server.session.HashSessionManager@68aee2a2
2018-08-06 06:30:21,608 [main] DEBUG org.eclipse.jetty.util.component.AbstractLifeCycle  - stopping org.eclipse.jetty.security.ConstraintSecurityHandler@414128f7
2018-08-06 06:30:21,608 [main] DEBUG org.eclipse.jetty.util.component.AbstractLifeCycle  - stopping org.eclipse.jetty.servlet.ServletHandler@1538c1e3
2018-08-06 06:30:21,608 [main] DEBUG org.eclipse.jetty.server.handler.AbstractHandler  - stopping org.eclipse.jetty.servlet.ServletHandler@1538c1e3
2018-08-06 06:30:21,608 [main] DEBUG org.eclipse.jetty.util.component.AbstractLifeCycle  - stopping hiddenHttpMethodFilter
2018-08-06 06:30:21,608 [main] DEBUG org.eclipse.jetty.util.component.AbstractLifeCycle  - STOPPED hiddenHttpMethodFilter
2018-08-06 06:30:21,608 [main] DEBUG org.eclipse.jetty.util.component.AbstractLifeCycle  - stopping proxyRequestHandler
2018-08-06 06:30:21,608 [main] DEBUG org.eclipse.jetty.util.component.AbstractLifeCycle  - STOPPED proxyRequestHandler
2018-08-06 06:30:21,608 [main] DEBUG org.eclipse.jetty.util.component.AbstractLifeCycle  - stopping jsp
2018-08-06 06:30:21,608 [main] DEBUG org.eclipse.jetty.util.component.AbstractLifeCycle  - STOPPED jsp
2018-08-06 06:30:21,608 [main] DEBUG org.eclipse.jetty.util.component.AbstractLifeCycle  - stopping default
2018-08-06 06:30:21,608 [main] DEBUG org.eclipse.jetty.util.component.AbstractLifeCycle  - STOPPED default
2018-08-06 06:30:21,608 [main] DEBUG org.eclipse.jetty.util.component.AbstractLifeCycle  - STOPPED org.eclipse.jetty.servlet.ServletHandler@1538c1e3
2018-08-06 06:30:21,608 [main] DEBUG org.eclipse.jetty.server.handler.AbstractHandler  - stopping org.eclipse.jetty.security.ConstraintSecurityHandler@414128f7
2018-08-06 06:30:21,609 [main] DEBUG org.eclipse.jetty.util.component.AbstractLifeCycle  - STOPPED org.eclipse.jetty.security.ConstraintSecurityHandler@414128f7
2018-08-06 06:30:21,609 [main] DEBUG org.eclipse.jetty.server.handler.AbstractHandler  - stopping org.eclipse.jetty.server.session.SessionHandler@1ce89199
2018-08-06 06:30:21,609 [main] DEBUG org.eclipse.jetty.util.component.AbstractLifeCycle  - STOPPED org.eclipse.jetty.server.session.SessionHandler@1ce89199
2018-08-06 06:30:21,609 [main] DEBUG org.eclipse.jetty.server.handler.AbstractHandler  - stopping o.e.j.w.WebAppContext{/s,file:/var/jenkins_home/workspace/Cumulocity-Platform-Services-BUILD/smartrest/src/test/webapp/}
2018-08-06 06:30:21,609 [main] INFO  SmartREST Proxy  - Closing Spring root WebApplicationContext
2018-08-06 06:30:21,609 [main] INFO  org.springframework.web.context.support.XmlWebApplicationContext  - Closing Root WebApplicationContext: startup date [Mon Aug 06 06:29:51 UTC 2018]; root of context hierarchy
2018-08-06 06:30:21,609 [main] DEBUG org.springframework.beans.factory.support.DefaultListableBeanFactory  - Returning cached instance of singleton bean &apos;lifecycleProcessor&apos;
2018-08-06 06:30:21,609 [main] INFO  org.springframework.beans.factory.support.DefaultListableBeanFactory  - Destroying singletons in org.springframework.beans.factory.support.DefaultListableBeanFactory@1e95aeb7: defining beans [com.cumulocity.common.config.PlatformEnvironment#0,org.springframework.context.support.PropertySourcesPlaceholderConfigurer#0,configLocations,org.springframework.context.annotation.internalConfigurationAnnotationProcessor,org.springframework.context.annotation.internalAutowiredAnnotationProcessor,org.springframework.context.annotation.internalRequiredAnnotationProcessor,org.springframework.context.annotation.internalCommonAnnotationProcessor,proxyRequestHandler,requestHandler,templateProvider,requestDispatcher,restDispatcherHttpClient,concurrentExecutor,org.springframework.context.annotation.ConfigurationClassPostProcessor.importAwareProcessor]; root of factory hierarchy
2018-08-06 06:30:21,609 [main] DEBUG org.springframework.beans.factory.support.DisposableBeanAdapter  - Invoking destroy() on bean with name &apos;concurrentExecutor&apos;
2018-08-06 06:30:21,609 [main] DEBUG org.springframework.beans.factory.support.DisposableBeanAdapter  - Invoking destroy() on bean with name &apos;restDispatcherHttpClient&apos;
2018-08-06 06:30:21,609 [main] DEBUG org.apache.http.impl.conn.tsccm.ThreadSafeClientConnManager  - Shutting down
2018-08-06 06:30:21,609 [main] DEBUG org.springframework.beans.factory.support.DefaultListableBeanFactory  - Retrieved dependent beans for bean &apos;configLocations&apos;: [com.cumulocity.common.config.PlatformEnvironment#0]
2018-08-06 06:30:21,609 [main] DEBUG org.springframework.beans.factory.support.DisposableBeanAdapter  - Invoking destroy() on bean with name &apos;configLocations&apos;
2018-08-06 06:30:21,609 [main] DEBUG org.eclipse.jetty.util.component.AbstractLifeCycle  - stopping org.eclipse.jetty.servlet.ErrorPageErrorHandler@5e7cf14d
2018-08-06 06:30:21,609 [main] DEBUG org.eclipse.jetty.server.handler.AbstractHandler  - stopping org.eclipse.jetty.servlet.ErrorPageErrorHandler@5e7cf14d
2018-08-06 06:30:21,609 [main] DEBUG org.eclipse.jetty.util.component.AbstractLifeCycle  - STOPPED org.eclipse.jetty.servlet.ErrorPageErrorHandler@5e7cf14d
2018-08-06 06:30:21,609 [main] INFO  org.eclipse.jetty.server.handler.ContextHandler  - stopped o.e.j.w.WebAppContext{/s,file:/var/jenkins_home/workspace/Cumulocity-Platform-Services-BUILD/smartrest/src/test/webapp/}
2018-08-06 06:30:21,609 [main] DEBUG org.eclipse.jetty.util.component.Container  - Container o.e.j.w.WebAppContext{/s,file:/var/jenkins_home/workspace/Cumulocity-Platform-Services-BUILD/smartrest/src/test/webapp/} - org.eclipse.jetty.server.session.SessionHandler@1ce89199 as handler
2018-08-06 06:30:21,609 [main] DEBUG org.eclipse.jetty.util.component.AbstractLifeCycle  - STOPPED o.e.j.w.WebAppContext{/s,file:/var/jenkins_home/workspace/Cumulocity-Platform-Services-BUILD/smartrest/src/test/webapp/}
2018-08-06 06:30:21,609 [main] DEBUG org.eclipse.jetty.util.component.AbstractLifeCycle  - STOPPED org.eclipse.jetty.server.handler.HandlerList@6fe1a453
2018-08-06 06:30:21,609 [main] DEBUG org.eclipse.jetty.server.handler.AbstractHandler  - stopping org.eclipse.jetty.server.Server@c49c04
2018-08-06 06:30:21,609 [main] DEBUG org.eclipse.jetty.util.component.AbstractLifeCycle  - stopping org.eclipse.jetty.server.session.HashSessionIdManager@29fa444c
2018-08-06 06:30:21,609 [main] DEBUG org.eclipse.jetty.util.component.AbstractLifeCycle  - STOPPED org.eclipse.jetty.server.session.HashSessionIdManager@29fa444c
2018-08-06 06:30:21,609 [main] DEBUG org.eclipse.jetty.util.component.AbstractLifeCycle  - stopping qtp1189838471{8&lt;=8&lt;=8/254,0}
2018-08-06 06:30:21,660 [main] DEBUG org.eclipse.jetty.util.component.AbstractLifeCycle  - STOPPED qtp1189838471{8&lt;=0&lt;=0/254,4}
2018-08-06 06:30:21,660 [main] DEBUG org.eclipse.jetty.util.component.AbstractLifeCycle  - STOPPED org.eclipse.jetty.server.Server@c49c04
</stdout>
          <failedSince>3614</failedSince>
        </case>
        <case>
          <duration>30.484</duration>
          <className>com.cumulocity.smartrest.SmartRESTModuleTest</className>
          <testName>shouldCreateMeasureUsingTemplate</testName>
          <skipped>false</skipped>
          <errorStackTrace>java.lang.Exception: test timed out after 30000 milliseconds
	at com.cumulocity.smartrest.SmartRESTModuleTest.shouldCreateMeasureUsingTemplate(SmartRESTModuleTest.java:102)
</errorStackTrace>
          <errorDetails>test timed out after 30000 milliseconds</errorDetails>
          <stdout>2018-08-06 06:30:21,661 [main] DEBUG org.eclipse.jetty.servlet.ServletHandler  - filterNameMap={}
2018-08-06 06:30:21,661 [main] DEBUG org.eclipse.jetty.servlet.ServletHandler  - pathFilters=null
2018-08-06 06:30:21,661 [main] DEBUG org.eclipse.jetty.servlet.ServletHandler  - servletFilterMap=null
2018-08-06 06:30:21,661 [main] DEBUG org.eclipse.jetty.servlet.ServletHandler  - servletPathMap={/templates/*=managedObjects}
2018-08-06 06:30:21,661 [main] DEBUG org.eclipse.jetty.servlet.ServletHandler  - servletNameMap={managedObjects=managedObjects}
2018-08-06 06:30:21,661 [main] DEBUG org.eclipse.jetty.servlet.ServletHandler  - filterNameMap={}
2018-08-06 06:30:21,661 [main] DEBUG org.eclipse.jetty.servlet.ServletHandler  - pathFilters=null
2018-08-06 06:30:21,661 [main] DEBUG org.eclipse.jetty.servlet.ServletHandler  - servletFilterMap=null
2018-08-06 06:30:21,661 [main] DEBUG org.eclipse.jetty.servlet.ServletHandler  - servletPathMap={/measurements/*=measurements}
2018-08-06 06:30:21,661 [main] DEBUG org.eclipse.jetty.servlet.ServletHandler  - servletNameMap={measurements=measurements}
2018-08-06 06:30:21,661 [main] DEBUG org.eclipse.jetty.util.component.Container  - Container org.eclipse.jetty.server.Server@2fb710a3 + SelectChannelConnector@0.0.0.0:8586 as connector
2018-08-06 06:30:21,661 [main] DEBUG org.eclipse.jetty.util.component.Container  - Container o.e.j.w.WebAppContext{/s,file:/var/jenkins_home/workspace/Cumulocity-Platform-Services-BUILD/smartrest/src/test/webapp/} - org.eclipse.jetty.servlet.ErrorPageErrorHandler@5e7cf14d as error
2018-08-06 06:30:21,661 [main] DEBUG org.eclipse.jetty.util.component.Container  - Container o.e.j.w.WebAppContext{/s,file:/var/jenkins_home/workspace/Cumulocity-Platform-Services-BUILD/smartrest/src/test/webapp/} - org.eclipse.jetty.servlet.ErrorPageErrorHandler@bc6a29d as error
2018-08-06 06:30:21,661 [main] DEBUG org.eclipse.jetty.util.component.Container  - Container o.e.j.w.WebAppContext{/s,file:/var/jenkins_home/workspace/Cumulocity-Platform-Services-BUILD/smartrest/src/test/webapp/} - org.eclipse.jetty.servlet.ErrorPageErrorHandler@30297f31 as error
2018-08-06 06:30:21,661 [main] DEBUG org.eclipse.jetty.util.component.Container  - Container o.e.j.w.WebAppContext{/s,file:/var/jenkins_home/workspace/Cumulocity-Platform-Services-BUILD/smartrest/src/test/webapp/} - org.eclipse.jetty.servlet.ErrorPageErrorHandler@2071ebff as error
2018-08-06 06:30:21,661 [main] DEBUG org.eclipse.jetty.util.component.Container  - Container o.e.j.w.WebAppContext{/s,file:/var/jenkins_home/workspace/Cumulocity-Platform-Services-BUILD/smartrest/src/test/webapp/} - org.eclipse.jetty.servlet.ErrorPageErrorHandler@6bdecb00 as error
2018-08-06 06:30:21,661 [main] DEBUG org.eclipse.jetty.util.component.Container  - Container o.e.j.w.WebAppContext{/s,file:/var/jenkins_home/workspace/Cumulocity-Platform-Services-BUILD/smartrest/src/test/webapp/} + org.eclipse.jetty.servlet.ErrorPageErrorHandler@5e7cf14d as error
2018-08-06 06:30:21,661 [main] DEBUG org.eclipse.jetty.util.component.Container  - Container o.e.j.w.WebAppContext{/s,file:/var/jenkins_home/workspace/Cumulocity-Platform-Services-BUILD/smartrest/src/test/webapp/} + org.eclipse.jetty.servlet.ErrorPageErrorHandler@bc6a29d as error
2018-08-06 06:30:21,661 [main] DEBUG org.eclipse.jetty.util.component.Container  - Container o.e.j.w.WebAppContext{/s,file:/var/jenkins_home/workspace/Cumulocity-Platform-Services-BUILD/smartrest/src/test/webapp/} + org.eclipse.jetty.servlet.ErrorPageErrorHandler@30297f31 as error
2018-08-06 06:30:21,661 [main] DEBUG org.eclipse.jetty.util.component.Container  - Container o.e.j.w.WebAppContext{/s,file:/var/jenkins_home/workspace/Cumulocity-Platform-Services-BUILD/smartrest/src/test/webapp/} + org.eclipse.jetty.servlet.ErrorPageErrorHandler@2071ebff as error
2018-08-06 06:30:21,661 [main] DEBUG org.eclipse.jetty.util.component.Container  - Container o.e.j.w.WebAppContext{/s,file:/var/jenkins_home/workspace/Cumulocity-Platform-Services-BUILD/smartrest/src/test/webapp/} + org.eclipse.jetty.servlet.ErrorPageErrorHandler@6bdecb00 as error
2018-08-06 06:30:21,661 [main] DEBUG org.eclipse.jetty.util.component.Container  - Container o.e.j.w.WebAppContext{/s,file:/var/jenkins_home/workspace/Cumulocity-Platform-Services-BUILD/smartrest/src/test/webapp/} + org.eclipse.jetty.servlet.ErrorPageErrorHandler@1ba555ce as error
2018-08-06 06:30:21,661 [main] DEBUG org.eclipse.jetty.util.component.Container  - Container org.eclipse.jetty.server.handler.HandlerList@3a45590 + o.e.j.w.WebAppContext{/s,file:/var/jenkins_home/workspace/Cumulocity-Platform-Services-BUILD/smartrest/src/test/webapp/} as handler
2018-08-06 06:30:21,661 [main] DEBUG org.eclipse.jetty.util.component.Container  - Container org.eclipse.jetty.server.handler.HandlerList@3a45590 + o.e.j.s.ServletContextHandler{/inventory,null} as handler
2018-08-06 06:30:21,661 [main] DEBUG org.eclipse.jetty.util.component.Container  - Container org.eclipse.jetty.server.handler.HandlerList@3a45590 + o.e.j.s.ServletContextHandler{/measurement,null} as handler
2018-08-06 06:30:21,662 [main] DEBUG org.eclipse.jetty.util.component.Container  - Container org.eclipse.jetty.server.handler.HandlerList@3a45590 + o.e.j.w.WebAppContext{/s,file:/var/jenkins_home/workspace/Cumulocity-Platform-Services-BUILD/smartrest/src/test/webapp/} as handler
2018-08-06 06:30:21,662 [main] DEBUG org.eclipse.jetty.util.component.Container  - Container org.eclipse.jetty.server.handler.HandlerList@3a45590 + o.e.j.s.ServletContextHandler{/inventory,null} as handler
2018-08-06 06:30:21,662 [main] DEBUG org.eclipse.jetty.util.component.Container  - Container org.eclipse.jetty.server.handler.HandlerList@3a45590 + o.e.j.s.ServletContextHandler{/measurement,null} as handler
2018-08-06 06:30:21,662 [main] DEBUG org.eclipse.jetty.util.component.Container  - Container org.eclipse.jetty.server.handler.HandlerList@3a45590 + o.e.j.w.WebAppContext{/s,file:/var/jenkins_home/workspace/Cumulocity-Platform-Services-BUILD/smartrest/src/test/webapp/} as handler
2018-08-06 06:30:21,662 [main] DEBUG org.eclipse.jetty.util.component.Container  - Container org.eclipse.jetty.server.handler.HandlerList@3a45590 + o.e.j.s.ServletContextHandler{/inventory,null} as handler
2018-08-06 06:30:21,662 [main] DEBUG org.eclipse.jetty.util.component.Container  - Container org.eclipse.jetty.server.handler.HandlerList@3a45590 + o.e.j.s.ServletContextHandler{/measurement,null} as handler
2018-08-06 06:30:21,662 [main] DEBUG org.eclipse.jetty.util.component.Container  - Container org.eclipse.jetty.server.handler.HandlerList@3a45590 + o.e.j.w.WebAppContext{/s,file:/var/jenkins_home/workspace/Cumulocity-Platform-Services-BUILD/smartrest/src/test/webapp/} as handler
2018-08-06 06:30:21,662 [main] DEBUG org.eclipse.jetty.util.component.Container  - Container org.eclipse.jetty.server.handler.HandlerList@3a45590 + o.e.j.s.ServletContextHandler{/inventory,null} as handler
2018-08-06 06:30:21,662 [main] DEBUG org.eclipse.jetty.util.component.Container  - Container org.eclipse.jetty.server.handler.HandlerList@3a45590 + o.e.j.s.ServletContextHandler{/measurement,null} as handler
2018-08-06 06:30:21,662 [main] DEBUG org.eclipse.jetty.util.component.Container  - Container org.eclipse.jetty.server.handler.HandlerList@3a45590 + o.e.j.w.WebAppContext{/s,file:/var/jenkins_home/workspace/Cumulocity-Platform-Services-BUILD/smartrest/src/test/webapp/} as handler
2018-08-06 06:30:21,662 [main] DEBUG org.eclipse.jetty.util.component.Container  - Container org.eclipse.jetty.server.handler.HandlerList@3a45590 + o.e.j.s.ServletContextHandler{/inventory,null} as handler
2018-08-06 06:30:21,662 [main] DEBUG org.eclipse.jetty.util.component.Container  - Container org.eclipse.jetty.server.handler.HandlerList@3a45590 + o.e.j.s.ServletContextHandler{/measurement,null} as handler
2018-08-06 06:30:21,662 [main] DEBUG org.eclipse.jetty.util.component.Container  - Container org.eclipse.jetty.server.handler.HandlerList@3a45590 + o.e.j.w.WebAppContext{/s,file:/var/jenkins_home/workspace/Cumulocity-Platform-Services-BUILD/smartrest/src/test/webapp/} as handler
2018-08-06 06:30:21,662 [main] DEBUG org.eclipse.jetty.util.component.Container  - Container org.eclipse.jetty.server.handler.HandlerList@3a45590 + o.e.j.s.ServletContextHandler{/inventory,null} as handler
2018-08-06 06:30:21,662 [main] DEBUG org.eclipse.jetty.util.component.Container  - Container org.eclipse.jetty.server.handler.HandlerList@3a45590 + o.e.j.s.ServletContextHandler{/measurement,null} as handler
2018-08-06 06:30:21,662 [main] DEBUG org.eclipse.jetty.util.component.Container  - Container org.eclipse.jetty.server.Server@2fb710a3 + org.eclipse.jetty.server.handler.HandlerList@3a45590 as handler
2018-08-06 06:30:21,662 [main] DEBUG org.eclipse.jetty.util.component.AbstractLifeCycle  - starting org.eclipse.jetty.server.Server@2fb710a3
2018-08-06 06:30:21,662 [main] INFO  org.eclipse.jetty.server.Server  - jetty-8.1.19.v20160209
2018-08-06 06:30:21,662 [main] DEBUG org.eclipse.jetty.util.component.Container  - Container org.eclipse.jetty.server.Server@2fb710a3 + qtp434987726{8&lt;=0&lt;=0/254,-1} as threadpool
2018-08-06 06:30:21,662 [main] DEBUG org.eclipse.jetty.util.component.AbstractLifeCycle  - starting org.eclipse.jetty.server.handler.HandlerList@3a45590
2018-08-06 06:30:21,662 [main] DEBUG org.eclipse.jetty.util.component.AbstractLifeCycle  - starting o.e.j.w.WebAppContext{/s,file:/var/jenkins_home/workspace/Cumulocity-Platform-Services-BUILD/smartrest/src/test/webapp/}
2018-08-06 06:30:21,662 [main] DEBUG org.eclipse.jetty.webapp.WebAppContext  - Thread Context classloader sun.misc.Launcher$AppClassLoader@741378ec
2018-08-06 06:30:21,662 [main] DEBUG org.eclipse.jetty.webapp.WebAppContext  - Parent class loader: sun.misc.Launcher$ExtClassLoader@2a68097d 
2018-08-06 06:30:21,662 [main] DEBUG org.eclipse.jetty.webapp.WebAppContext  - preConfigure o.e.j.w.WebAppContext{/s,file:/var/jenkins_home/workspace/Cumulocity-Platform-Services-BUILD/smartrest/src/test/webapp/} with org.eclipse.jetty.webapp.WebInfConfiguration@c229885
2018-08-06 06:30:21,662 [main] DEBUG org.eclipse.jetty.webapp.WebInfConfiguration  - Set temp dir /tmp/jetty-0.0.0.0-8586-webapp-_s-any-
2018-08-06 06:30:21,662 [main] DEBUG org.eclipse.jetty.webapp.WebAppContext  - preConfigure o.e.j.w.WebAppContext{/s,file:/var/jenkins_home/workspace/Cumulocity-Platform-Services-BUILD/smartrest/src/test/webapp/} with org.eclipse.jetty.webapp.WebXmlConfiguration@377c016e
2018-08-06 06:30:21,664 [main] DEBUG org.eclipse.jetty.webapp.WebDescriptor  - jar:file:/var/jenkins_home/m2/repository/org/eclipse/jetty/jetty-webapp/8.1.19.v20160209/jetty-webapp-8.1.19.v20160209.jar!/org/eclipse/jetty/webapp/webdefault.xml: Calculated metadatacomplete = True with version=2.5
2018-08-06 06:30:21,664 [main] DEBUG org.eclipse.jetty.webapp.WebDescriptor  - file:/var/jenkins_home/workspace/Cumulocity-Platform-Services-BUILD/smartrest/src/test/webapp/WEB-INF/web.xml: Calculated metadatacomplete = NotSet with version=2.4
2018-08-06 06:30:21,664 [main] DEBUG org.eclipse.jetty.webapp.WebAppContext  - preConfigure o.e.j.w.WebAppContext{/s,file:/var/jenkins_home/workspace/Cumulocity-Platform-Services-BUILD/smartrest/src/test/webapp/} with org.eclipse.jetty.webapp.MetaInfConfiguration@680bb9fb
2018-08-06 06:30:21,664 [main] DEBUG org.eclipse.jetty.webapp.WebAppContext  - preConfigure o.e.j.w.WebAppContext{/s,file:/var/jenkins_home/workspace/Cumulocity-Platform-Services-BUILD/smartrest/src/test/webapp/} with org.eclipse.jetty.webapp.FragmentConfiguration@59df431a
2018-08-06 06:30:21,664 [main] DEBUG org.eclipse.jetty.webapp.WebAppContext  - preConfigure o.e.j.w.WebAppContext{/s,file:/var/jenkins_home/workspace/Cumulocity-Platform-Services-BUILD/smartrest/src/test/webapp/} with org.eclipse.jetty.webapp.JettyWebXmlConfiguration@50ae8e0e
2018-08-06 06:30:21,665 [main] DEBUG org.eclipse.jetty.webapp.WebAppContext  - configure o.e.j.w.WebAppContext{/s,file:/var/jenkins_home/workspace/Cumulocity-Platform-Services-BUILD/smartrest/src/test/webapp/} with org.eclipse.jetty.webapp.WebInfConfiguration@c229885
2018-08-06 06:30:21,665 [main] DEBUG org.eclipse.jetty.webapp.WebAppContext  - configure o.e.j.w.WebAppContext{/s,file:/var/jenkins_home/workspace/Cumulocity-Platform-Services-BUILD/smartrest/src/test/webapp/} with org.eclipse.jetty.webapp.WebXmlConfiguration@377c016e
2018-08-06 06:30:21,665 [main] DEBUG org.eclipse.jetty.webapp.WebAppContext  - configure o.e.j.w.WebAppContext{/s,file:/var/jenkins_home/workspace/Cumulocity-Platform-Services-BUILD/smartrest/src/test/webapp/} with org.eclipse.jetty.webapp.MetaInfConfiguration@680bb9fb
2018-08-06 06:30:21,665 [main] DEBUG org.eclipse.jetty.webapp.WebAppContext  - configure o.e.j.w.WebAppContext{/s,file:/var/jenkins_home/workspace/Cumulocity-Platform-Services-BUILD/smartrest/src/test/webapp/} with org.eclipse.jetty.webapp.FragmentConfiguration@59df431a
2018-08-06 06:30:21,665 [main] DEBUG org.eclipse.jetty.webapp.WebAppContext  - configure o.e.j.w.WebAppContext{/s,file:/var/jenkins_home/workspace/Cumulocity-Platform-Services-BUILD/smartrest/src/test/webapp/} with org.eclipse.jetty.webapp.JettyWebXmlConfiguration@50ae8e0e
2018-08-06 06:30:21,665 [main] DEBUG org.eclipse.jetty.webapp.JettyWebXmlConfiguration  - Configuring web-jetty.xml
2018-08-06 06:30:21,665 [main] DEBUG org.eclipse.jetty.webapp.MetaData  - metadata resolve o.e.j.w.WebAppContext{/s,file:/var/jenkins_home/workspace/Cumulocity-Platform-Services-BUILD/smartrest/src/test/webapp/}
2018-08-06 06:30:21,665 [main] DEBUG org.eclipse.jetty.util.component.Container  - Container org.eclipse.jetty.servlet.ServletHandler@1538c1e3 + default as servlet
2018-08-06 06:30:21,665 [main] DEBUG org.eclipse.jetty.util.component.Container  - Container org.eclipse.jetty.servlet.ServletHandler@1538c1e3 + [/]=&gt;default as servletMapping
2018-08-06 06:30:21,666 [main] DEBUG org.eclipse.jetty.servlet.ServletHandler  - filterNameMap={}
2018-08-06 06:30:21,666 [main] DEBUG org.eclipse.jetty.servlet.ServletHandler  - pathFilters=[]
2018-08-06 06:30:21,666 [main] DEBUG org.eclipse.jetty.servlet.ServletHandler  - servletFilterMap={}
2018-08-06 06:30:21,666 [main] DEBUG org.eclipse.jetty.servlet.ServletHandler  - servletPathMap={/=default}
2018-08-06 06:30:21,666 [main] DEBUG org.eclipse.jetty.servlet.ServletHandler  - servletNameMap={default=default}
2018-08-06 06:30:21,666 [main] DEBUG org.eclipse.jetty.util.component.Container  - Container org.eclipse.jetty.servlet.ServletHandler@1538c1e3 + jsp as servlet
2018-08-06 06:30:21,666 [main] INFO  org.eclipse.jetty.webapp.StandardDescriptorProcessor  - NO JSP Support for /s, did not find org.apache.jasper.servlet.JspServlet
2018-08-06 06:30:21,666 [main] DEBUG org.eclipse.jetty.util.component.Container  - Container org.eclipse.jetty.servlet.ServletHandler@1538c1e3 + [*.jsp, *.jspf, *.jspx, *.xsp, *.JSP, *.JSPF, *.JSPX, *.XSP]=&gt;jsp as servletMapping
2018-08-06 06:30:21,666 [main] DEBUG org.eclipse.jetty.servlet.ServletHandler  - filterNameMap={}
2018-08-06 06:30:21,666 [main] DEBUG org.eclipse.jetty.servlet.ServletHandler  - pathFilters=[]
2018-08-06 06:30:21,666 [main] DEBUG org.eclipse.jetty.servlet.ServletHandler  - servletFilterMap={}
2018-08-06 06:30:21,666 [main] DEBUG org.eclipse.jetty.servlet.ServletHandler  - servletPathMap={*.XSP=jsp, *.JSPX=jsp, *.jspf=jsp, *.jsp=jsp, *.JSPF=jsp, *.jspx=jsp, *.xsp=jsp, /=default, *.JSP=jsp}
2018-08-06 06:30:21,666 [main] DEBUG org.eclipse.jetty.servlet.ServletHandler  - servletNameMap={jsp=jsp, default=default}
2018-08-06 06:30:21,667 [main] DEBUG org.eclipse.jetty.webapp.StandardDescriptorProcessor  - ContextParam: contextClass=org.springframework.web.context.support.XmlWebApplicationContext
2018-08-06 06:30:21,667 [main] DEBUG org.eclipse.jetty.webapp.StandardDescriptorProcessor  - ContextParam: contextConfigLocation=classpath*:META-INF/spring/smartrest-rest-context.xml
2018-08-06 06:30:21,668 [main] DEBUG org.eclipse.jetty.util.component.Container  - Container org.eclipse.jetty.servlet.ServletHandler@1538c1e3 + hiddenHttpMethodFilter as filter
2018-08-06 06:30:21,668 [main] DEBUG org.eclipse.jetty.util.component.Container  - Container org.eclipse.jetty.servlet.ServletHandler@1538c1e3 + [/*]/[]==0=&gt;hiddenHttpMethodFilter as filterMapping
2018-08-06 06:30:21,668 [main] DEBUG org.eclipse.jetty.servlet.ServletHandler  - filterNameMap={hiddenHttpMethodFilter=hiddenHttpMethodFilter}
2018-08-06 06:30:21,668 [main] DEBUG org.eclipse.jetty.servlet.ServletHandler  - pathFilters=[[/*]/[]==0=&gt;hiddenHttpMethodFilter]
2018-08-06 06:30:21,668 [main] DEBUG org.eclipse.jetty.servlet.ServletHandler  - servletFilterMap={}
2018-08-06 06:30:21,668 [main] DEBUG org.eclipse.jetty.servlet.ServletHandler  - servletPathMap={*.XSP=jsp, *.JSPX=jsp, *.jspf=jsp, *.jsp=jsp, *.JSPF=jsp, *.jspx=jsp, *.xsp=jsp, /=default, *.JSP=jsp}
2018-08-06 06:30:21,668 [main] DEBUG org.eclipse.jetty.servlet.ServletHandler  - servletNameMap={jsp=jsp, default=default}
2018-08-06 06:30:21,668 [main] DEBUG org.eclipse.jetty.util.component.Container  - Container org.eclipse.jetty.servlet.ServletHandler@1538c1e3 + proxyRequestHandler as servlet
2018-08-06 06:30:21,668 [main] DEBUG org.eclipse.jetty.util.component.Container  - Container org.eclipse.jetty.servlet.ServletHandler@1538c1e3 + [/*]=&gt;proxyRequestHandler as servletMapping
2018-08-06 06:30:21,668 [main] DEBUG org.eclipse.jetty.servlet.ServletHandler  - filterNameMap={hiddenHttpMethodFilter=hiddenHttpMethodFilter}
2018-08-06 06:30:21,668 [main] DEBUG org.eclipse.jetty.servlet.ServletHandler  - pathFilters=[[/*]/[]==0=&gt;hiddenHttpMethodFilter]
2018-08-06 06:30:21,668 [main] DEBUG org.eclipse.jetty.servlet.ServletHandler  - servletFilterMap={}
2018-08-06 06:30:21,668 [main] DEBUG org.eclipse.jetty.servlet.ServletHandler  - servletPathMap={*.XSP=jsp, *.JSPX=jsp, *.jspf=jsp, *.jsp=jsp, *.JSPF=jsp, *.jspx=jsp, /*=proxyRequestHandler, *.xsp=jsp, /=default, *.JSP=jsp}
2018-08-06 06:30:21,668 [main] DEBUG org.eclipse.jetty.servlet.ServletHandler  - servletNameMap={jsp=jsp, default=default, proxyRequestHandler=proxyRequestHandler}
2018-08-06 06:30:21,668 [main] DEBUG org.eclipse.jetty.util.component.Container  - Container org.eclipse.jetty.server.session.SessionHandler@1ce89199 - org.eclipse.jetty.server.session.HashSessionManager@68aee2a2 as sessionManager
2018-08-06 06:30:21,668 [main] DEBUG org.eclipse.jetty.util.component.Container  - Container org.eclipse.jetty.servlet.ServletHandler@1538c1e3 - hiddenHttpMethodFilter as filter
2018-08-06 06:30:21,668 [main] DEBUG org.eclipse.jetty.util.component.Container  - Container org.eclipse.jetty.servlet.ServletHandler@1538c1e3 - [/*]/[]==0=&gt;hiddenHttpMethodFilter as filterMapping
2018-08-06 06:30:21,668 [main] DEBUG org.eclipse.jetty.util.component.Container  - Container org.eclipse.jetty.servlet.ServletHandler@1538c1e3 - proxyRequestHandler as servlet
2018-08-06 06:30:21,668 [main] DEBUG org.eclipse.jetty.util.component.Container  - Container org.eclipse.jetty.servlet.ServletHandler@1538c1e3 - jsp as servlet
2018-08-06 06:30:21,668 [main] DEBUG org.eclipse.jetty.util.component.Container  - Container org.eclipse.jetty.servlet.ServletHandler@1538c1e3 - default as servlet
2018-08-06 06:30:21,668 [main] DEBUG org.eclipse.jetty.util.component.Container  - Container org.eclipse.jetty.servlet.ServletHandler@1538c1e3 - [/*]=&gt;proxyRequestHandler as servletMapping
2018-08-06 06:30:21,668 [main] DEBUG org.eclipse.jetty.util.component.Container  - Container org.eclipse.jetty.servlet.ServletHandler@1538c1e3 - [*.jsp, *.jspf, *.jspx, *.xsp, *.JSP, *.JSPF, *.JSPX, *.XSP]=&gt;jsp as servletMapping
2018-08-06 06:30:21,668 [main] DEBUG org.eclipse.jetty.util.component.Container  - Container org.eclipse.jetty.servlet.ServletHandler@1538c1e3 - [/]=&gt;default as servletMapping
2018-08-06 06:30:21,668 [main] DEBUG org.eclipse.jetty.util.component.Container  - Container org.eclipse.jetty.servlet.ServletHandler@1538c1e3 + hiddenHttpMethodFilter as filter
2018-08-06 06:30:21,669 [main] DEBUG org.eclipse.jetty.util.component.Container  - Container org.eclipse.jetty.servlet.ServletHandler@1538c1e3 + [/*]/[]==0=&gt;hiddenHttpMethodFilter as filterMapping
2018-08-06 06:30:21,669 [main] DEBUG org.eclipse.jetty.util.component.Container  - Container org.eclipse.jetty.servlet.ServletHandler@1538c1e3 + default as servlet
2018-08-06 06:30:21,669 [main] DEBUG org.eclipse.jetty.util.component.Container  - Container org.eclipse.jetty.servlet.ServletHandler@1538c1e3 + jsp as servlet
2018-08-06 06:30:21,669 [main] DEBUG org.eclipse.jetty.util.component.Container  - Container org.eclipse.jetty.servlet.ServletHandler@1538c1e3 + proxyRequestHandler as servlet
2018-08-06 06:30:21,669 [main] DEBUG org.eclipse.jetty.util.component.Container  - Container org.eclipse.jetty.servlet.ServletHandler@1538c1e3 + [/]=&gt;default as servletMapping
2018-08-06 06:30:21,669 [main] DEBUG org.eclipse.jetty.util.component.Container  - Container org.eclipse.jetty.servlet.ServletHandler@1538c1e3 + [*.jsp, *.jspf, *.jspx, *.xsp, *.JSP, *.JSPF, *.JSPX, *.XSP]=&gt;jsp as servletMapping
2018-08-06 06:30:21,669 [main] DEBUG org.eclipse.jetty.util.component.Container  - Container org.eclipse.jetty.servlet.ServletHandler@1538c1e3 + [/*]=&gt;proxyRequestHandler as servletMapping
2018-08-06 06:30:21,669 [main] DEBUG org.eclipse.jetty.util.component.Container  - Container org.eclipse.jetty.security.ConstraintSecurityHandler@414128f7 + org.eclipse.jetty.servlet.ServletHandler@1538c1e3 as handler
2018-08-06 06:30:21,669 [main] DEBUG org.eclipse.jetty.util.component.Container  - Container org.eclipse.jetty.server.session.SessionHandler@1ce89199 + org.eclipse.jetty.security.ConstraintSecurityHandler@414128f7 as handler
2018-08-06 06:30:21,669 [main] DEBUG org.eclipse.jetty.util.component.Container  - Container org.eclipse.jetty.server.session.SessionHandler@1ce89199 + org.eclipse.jetty.server.session.HashSessionManager@68aee2a2 as sessionManager
2018-08-06 06:30:21,669 [main] DEBUG org.eclipse.jetty.util.component.Container  - Container o.e.j.w.WebAppContext{/s,file:/var/jenkins_home/workspace/Cumulocity-Platform-Services-BUILD/smartrest/src/test/webapp/} + org.eclipse.jetty.server.session.SessionHandler@1ce89199 as handler
2018-08-06 06:30:21,669 [main] DEBUG org.eclipse.jetty.util.component.AbstractLifeCycle  - starting org.eclipse.jetty.server.session.SessionHandler@1ce89199
2018-08-06 06:30:21,669 [main] DEBUG org.eclipse.jetty.util.component.AbstractLifeCycle  - starting org.eclipse.jetty.server.session.HashSessionManager@68aee2a2
2018-08-06 06:30:21,669 [main] DEBUG org.eclipse.jetty.util.component.AbstractLifeCycle  - STARTED org.eclipse.jetty.server.session.HashSessionManager@68aee2a2
2018-08-06 06:30:21,669 [main] DEBUG org.eclipse.jetty.util.component.AbstractLifeCycle  - starting org.eclipse.jetty.security.ConstraintSecurityHandler@414128f7
2018-08-06 06:30:21,669 [main] DEBUG org.eclipse.jetty.util.component.AbstractLifeCycle  - starting org.eclipse.jetty.servlet.ServletHandler@1538c1e3
2018-08-06 06:30:21,669 [main] DEBUG org.eclipse.jetty.servlet.ServletHandler  - filterNameMap={hiddenHttpMethodFilter=hiddenHttpMethodFilter}
2018-08-06 06:30:21,669 [main] DEBUG org.eclipse.jetty.servlet.ServletHandler  - pathFilters=[[/*]/[]==0=&gt;hiddenHttpMethodFilter]
2018-08-06 06:30:21,669 [main] DEBUG org.eclipse.jetty.servlet.ServletHandler  - servletFilterMap={}
2018-08-06 06:30:21,669 [main] DEBUG org.eclipse.jetty.servlet.ServletHandler  - servletPathMap={*.XSP=jsp, *.JSPX=jsp, *.jspf=jsp, *.jsp=jsp, *.JSPF=jsp, *.jspx=jsp, /*=proxyRequestHandler, *.xsp=jsp, /=default, *.JSP=jsp}
2018-08-06 06:30:21,669 [main] DEBUG org.eclipse.jetty.servlet.ServletHandler  - servletNameMap={jsp=jsp, default=default, proxyRequestHandler=proxyRequestHandler}
2018-08-06 06:30:21,669 [main] DEBUG org.eclipse.jetty.server.handler.AbstractHandler  - starting org.eclipse.jetty.servlet.ServletHandler@1538c1e3
2018-08-06 06:30:21,669 [main] DEBUG org.eclipse.jetty.util.component.AbstractLifeCycle  - STARTED org.eclipse.jetty.servlet.ServletHandler@1538c1e3
2018-08-06 06:30:21,669 [main] DEBUG org.eclipse.jetty.server.handler.AbstractHandler  - starting org.eclipse.jetty.security.ConstraintSecurityHandler@414128f7
2018-08-06 06:30:21,669 [main] DEBUG org.eclipse.jetty.util.component.AbstractLifeCycle  - STARTED org.eclipse.jetty.security.ConstraintSecurityHandler@414128f7
2018-08-06 06:30:21,669 [main] DEBUG org.eclipse.jetty.server.handler.AbstractHandler  - starting org.eclipse.jetty.server.session.SessionHandler@1ce89199
2018-08-06 06:30:21,669 [main] DEBUG org.eclipse.jetty.util.component.AbstractLifeCycle  - STARTED org.eclipse.jetty.server.session.SessionHandler@1ce89199
2018-08-06 06:30:21,669 [main] DEBUG org.eclipse.jetty.server.handler.AbstractHandler  - starting o.e.j.w.WebAppContext{/s,file:/var/jenkins_home/workspace/Cumulocity-Platform-Services-BUILD/smartrest/src/test/webapp/}
2018-08-06 06:30:21,669 [main] DEBUG org.eclipse.jetty.util.component.AbstractLifeCycle  - starting org.eclipse.jetty.servlet.ErrorPageErrorHandler@5e7cf14d
2018-08-06 06:30:21,669 [main] DEBUG org.eclipse.jetty.server.handler.AbstractHandler  - starting org.eclipse.jetty.servlet.ErrorPageErrorHandler@5e7cf14d
2018-08-06 06:30:21,669 [main] DEBUG org.eclipse.jetty.util.component.AbstractLifeCycle  - STARTED org.eclipse.jetty.servlet.ErrorPageErrorHandler@5e7cf14d
2018-08-06 06:30:21,669 [main] INFO  SmartREST Proxy  - Initializing Spring root WebApplicationContext
2018-08-06 06:30:21,669 [main] INFO  org.springframework.web.context.ContextLoader  - Root WebApplicationContext: initialization started
2018-08-06 06:30:21,670 [main] DEBUG org.springframework.web.context.support.StandardServletEnvironment  - Adding [servletConfigInitParams] PropertySource with lowest search precedence
2018-08-06 06:30:21,670 [main] DEBUG org.springframework.web.context.support.StandardServletEnvironment  - Adding [servletContextInitParams] PropertySource with lowest search precedence
2018-08-06 06:30:21,670 [main] DEBUG org.springframework.web.context.support.StandardServletEnvironment  - Adding [jndiProperties] PropertySource with lowest search precedence
2018-08-06 06:30:21,670 [main] DEBUG org.springframework.web.context.support.StandardServletEnvironment  - Adding [systemProperties] PropertySource with lowest search precedence
2018-08-06 06:30:21,670 [main] DEBUG org.springframework.web.context.support.StandardServletEnvironment  - Adding [systemEnvironment] PropertySource with lowest search precedence
2018-08-06 06:30:21,670 [main] DEBUG org.springframework.web.context.support.StandardServletEnvironment  - Initialized StandardServletEnvironment with PropertySources [servletConfigInitParams,servletContextInitParams,jndiProperties,systemProperties,systemEnvironment]
2018-08-06 06:30:21,670 [main] DEBUG org.springframework.web.context.support.StandardServletEnvironment  - Replacing [servletContextInitParams] PropertySource with [servletContextInitParams]
2018-08-06 06:30:21,670 [main] INFO  org.springframework.web.context.support.XmlWebApplicationContext  - Refreshing Root WebApplicationContext: startup date [Mon Aug 06 06:30:21 UTC 2018]; root of context hierarchy
2018-08-06 06:30:21,671 [main] DEBUG org.springframework.core.env.StandardEnvironment  - Adding [systemProperties] PropertySource with lowest search precedence
2018-08-06 06:30:21,671 [main] DEBUG org.springframework.core.env.StandardEnvironment  - Adding [systemEnvironment] PropertySource with lowest search precedence
2018-08-06 06:30:21,671 [main] DEBUG org.springframework.core.env.StandardEnvironment  - Initialized StandardEnvironment with PropertySources [systemProperties,systemEnvironment]
2018-08-06 06:30:21,671 [main] INFO  org.springframework.beans.factory.xml.XmlBeanDefinitionReader  - Loading XML bean definitions from URL [file:/var/jenkins_home/workspace/Cumulocity-Platform-Services-BUILD/smartrest/target/classes/META-INF/spring/smartrest-rest-context.xml]
2018-08-06 06:30:21,672 [main] DEBUG org.springframework.beans.factory.xml.DefaultDocumentLoader  - Using JAXP provider [com.sun.org.apache.xerces.internal.jaxp.DocumentBuilderFactoryImpl]
2018-08-06 06:30:21,672 [main] DEBUG org.springframework.beans.factory.xml.PluggableSchemaResolver  - Loading schema mappings from [META-INF/spring.schemas]
2018-08-06 06:30:21,674 [main] DEBUG org.springframework.beans.factory.xml.PluggableSchemaResolver  - Loaded schema mappings: {http://www.springframework.org/schema/context/spring-context-3.1.xsd=org/springframework/context/config/spring-context-3.1.xsd, http://www.springframework.org/schema/util/spring-util-3.0.xsd=org/springframework/beans/factory/xml/spring-util-3.0.xsd, http://cxf.apache.org/schemas/configuration/http-conf.xsd=schemas/configuration/http-conf.xsd, http://cxf.apache.org/configuration/parameterized-types=schemas/configuration/parameterized-types.xsd, http://www.springframework.org/schema/security/spring-security-3.0.3.xsd=org/springframework/security/config/spring-security-3.0.3.xsd, http://www.springframework.org/schema/tool/spring-tool.xsd=org/springframework/beans/factory/xml/spring-tool-3.2.xsd, http://www.springframework.org/schema/aop/spring-aop-3.2.xsd=org/springframework/aop/config/spring-aop-3.2.xsd, http://www.springframework.org/schema/security/spring-security-2.0.1.xsd=org/springframework/security/config/spring-security-2.0.1.xsd, http://cxf.apache.org/schemas/jaxrs.xsd=schemas/jaxrs.xsd, http://www.springframework.org/schema/lang/spring-lang-3.2.xsd=org/springframework/scripting/config/spring-lang-3.2.xsd, http://www.springframework.org/schema/osgi-compendium/spring-osgi-compendium-1.2.xsd=org/springframework/osgi/compendium/config/spring-osgi-compendium-1.2.xsd, http://www.springframework.org/schema/cache/spring-cache-3.2.xsd=org/springframework/cache/config/spring-cache-3.2.xsd, http://www.springframework.org/schema/util/spring-util-2.0.xsd=org/springframework/beans/factory/xml/spring-util-2.0.xsd, http://www.springframework.org/schema/osgi/spring-osgi-1.2.xsd=org/springframework/osgi/config/spring-osgi-1.2.xsd, http://www.springframework.org/schema/tool/spring-tool-3.2.xsd=org/springframework/beans/factory/xml/spring-tool-3.2.xsd, http://www.springframework.org/schema/context/spring-context.xsd=org/springframework/context/config/spring-context-3.2.xsd, http://schemas.xmlsoap.org/ws/2004/08/addressing=schemas/wsdl/addressing.xsd, http://www.springframework.org/schema/security/spring-security-2.0.xsd=org/springframework/security/config/spring-security-2.0.xsd, http://www.springframework.org/schema/jee/spring-jee-3.2.xsd=org/springframework/ejb/config/spring-jee-3.2.xsd, http://www.springframework.org/schema/context/spring-context-3.0.xsd=org/springframework/context/config/spring-context-3.0.xsd, http://www.springframework.org/schema/util/spring-util-2.5.xsd=org/springframework/beans/factory/xml/spring-util-2.5.xsd, http://www.springframework.org/schema/beans/spring-beans-3.2.xsd=org/springframework/beans/factory/xml/spring-beans-3.2.xsd, http://www.springframework.org/schema/aop/spring-aop-3.1.xsd=org/springframework/aop/config/spring-aop-3.1.xsd, http://schemas.xmlsoap.org/wsdl/=schemas/wsdl/wsdl.xsd, http://www.springframework.org/schema/lang/spring-lang-3.1.xsd=org/springframework/scripting/config/spring-lang-3.1.xsd, http://www.springframework.org/schema/osgi-compendium/spring-osgi-compendium-1.1.xsd=org/springframework/osgi/compendium/config/spring-osgi-compendium-1.1.xsd, http://www.springframework.org/schema/cache/spring-cache-3.1.xsd=org/springframework/cache/config/spring-cache-3.1.xsd, http://www.springframework.org/schema/osgi/spring-osgi-1.1.xsd=org/springframework/osgi/config/spring-osgi-1.1.xsd, http://cxf.apache.org/schemas/configuration/http-jetty.xsd=schemas/configuration/http-jetty.xsd, http://www.springframework.org/schema/tool/spring-tool-3.1.xsd=org/springframework/beans/factory/xml/spring-tool-3.1.xsd, http://schemas.xmlsoap.org/wsdl/http/=schemas/wsdl/http.xsd, http://www.springframework.org/schema/jee/spring-jee-3.1.xsd=org/springframework/ejb/config/spring-jee-3.1.xsd, http://cxf.apache.org/schemas/configuration/parameterized-types.xsd=schemas/configuration/parameterized-types.xsd, http://www.springframework.org/schema/task/spring-task-3.2.xsd=org/springframework/scheduling/config/spring-task-3.2.xsd, http://www.springframework.org/schema/beans/spring-beans-3.1.xsd=org/springframework/beans/factory/xml/spring-beans-3.1.xsd, http://www.springframework.org/schema/util/spring-util.xsd=org/springframework/beans/factory/xml/spring-util-3.2.xsd, http://www.springframework.org/schema/aop/spring-aop-3.0.xsd=org/springframework/aop/config/spring-aop-3.0.xsd, http://www.springframework.org/schema/beans/spring-beans.xsd=org/springframework/beans/factory/xml/spring-beans-3.2.xsd, http://www.springframework.org/schema/security/spring-security-2.0.4.xsd=org/springframework/security/config/spring-security-2.0.4.xsd, http://www.springframework.org/schema/lang/spring-lang-3.0.xsd=org/springframework/scripting/config/spring-lang-3.0.xsd, http://schemas.xmlsoap.org/wsdl/2003-02-11.xsd=schemas/wsdl/wsdl.xsd, http://www.springframework.org/schema/osgi-compendium/spring-osgi-compendium-1.0.xsd=org/springframework/osgi/compendium/config/spring-osgi-compendium-1.0.xsd, http://www.springframework.org/schema/context/spring-context-2.5.xsd=org/springframework/context/config/spring-context-2.5.xsd, http://www.springframework.org/schema/tool/spring-tool-3.0.xsd=org/springframework/beans/factory/xml/spring-tool-3.0.xsd, http://www.springframework.org/schema/osgi/spring-osgi-1.0.xsd=org/springframework/osgi/config/spring-osgi-1.0.xsd, http://www.springframework.org/schema/osgi/spring-osgi.xsd=org/springframework/osgi/config/spring-osgi-1.2.xsd, http://www.springframework.org/schema/aop/spring-aop-2.0.xsd=org/springframework/aop/config/spring-aop-2.0.xsd, http://www.springframework.org/schema/security/spring-security-3.2.xsd=org/springframework/security/config/spring-security-3.2.xsd, http://www.springframework.org/schema/jee/spring-jee-3.0.xsd=org/springframework/ejb/config/spring-jee-3.0.xsd, http://www.springframework.org/schema/task/spring-task-3.1.xsd=org/springframework/scheduling/config/spring-task-3.1.xsd, http://www.springframework.org/schema/beans/spring-beans-3.0.xsd=org/springframework/beans/factory/xml/spring-beans-3.0.xsd, http://cxf.apache.org/schemas/wsdl/http-conf.xsd=schemas/wsdl/http-conf.xsd, http://www.springframework.org/schema/jee/spring-jee.xsd=org/springframework/ejb/config/spring-jee-3.2.xsd, http://www.springframework.org/schema/aop/spring-aop-2.5.xsd=org/springframework/aop/config/spring-aop-2.5.xsd, http://www.springframework.org/schema/lang/spring-lang-2.0.xsd=org/springframework/scripting/config/spring-lang-2.0.xsd, http://www.springframework.org/schema/util/spring-util-3.2.xsd=org/springframework/beans/factory/xml/spring-util-3.2.xsd, http://www.springframework.org/schema/task/spring-task.xsd=org/springframework/scheduling/config/spring-task-3.2.xsd, http://www.springframework.org/schema/tool/spring-tool-2.0.xsd=org/springframework/beans/factory/xml/spring-tool-2.0.xsd, http://www.springframework.org/schema/lang/spring-lang-2.5.xsd=org/springframework/scripting/config/spring-lang-2.5.xsd, http://www.springframework.org/schema/jee/spring-jee-2.0.xsd=org/springframework/ejb/config/spring-jee-2.0.xsd, http://www.springframework.org/schema/tool/spring-tool-2.5.xsd=org/springframework/beans/factory/xml/spring-tool-2.5.xsd, http://www.springframework.org/schema/jee/spring-jee-2.5.xsd=org/springframework/ejb/config/spring-jee-2.5.xsd, http://www.springframework.org/schema/security/spring-security-3.1.xsd=org/springframework/security/config/spring-security-3.1.xsd, http://cxf.apache.org/schemas/configuration/cxf-beans.xsd=schemas/configuration/cxf-beans.xsd, http://www.springframework.org/schema/task/spring-task-3.0.xsd=org/springframework/scheduling/config/spring-task-3.0.xsd, http://cxf.apache.org/schemas/core.xsd=schemas/core.xsd, http://www.springframework.org/schema/lang/spring-lang.xsd=org/springframework/scripting/config/spring-lang-3.2.xsd, http://www.springframework.org/schema/context/spring-context-3.2.xsd=org/springframework/context/config/spring-context-3.2.xsd, http://www.springframework.org/schema/util/spring-util-3.1.xsd=org/springframework/beans/factory/xml/spring-util-3.1.xsd, http://www.springframework.org/schema/beans/spring-beans-2.0.xsd=org/springframework/beans/factory/xml/spring-beans-2.0.xsd, http://cxf.apache.org/schemas/configuration/security.xsd=schemas/configuration/security.xsd, http://www.springframework.org/schema/cache/spring-cache.xsd=org/springframework/cache/config/spring-cache-3.2.xsd, http://www.springframework.org/schema/security/spring-security-2.0.2.xsd=org/springframework/security/config/spring-security-2.0.2.xsd, http://www.springframework.org/schema/beans/spring-beans-2.5.xsd=org/springframework/beans/factory/xml/spring-beans-2.5.xsd, http://www.springframework.org/schema/security/spring-security.xsd=org/springframework/security/config/spring-security-3.2.xsd, http://www.springframework.org/schema/security/spring-security-3.0.xsd=org/springframework/security/config/spring-security-3.0.xsd, http://www.springframework.org/schema/aop/spring-aop.xsd=org/springframework/aop/config/spring-aop-3.2.xsd, http://www.springframework.org/schema/osgi-compendium/spring-osgi-compendium.xsd=org/springframework/osgi/compendium/config/spring-osgi-compendium-1.2.xsd}
2018-08-06 06:30:21,674 [main] DEBUG org.springframework.beans.factory.xml.PluggableSchemaResolver  - Found XML schema [http://www.springframework.org/schema/beans/spring-beans.xsd] in classpath: org/springframework/beans/factory/xml/spring-beans-3.2.xsd
2018-08-06 06:30:21,677 [main] DEBUG org.springframework.beans.factory.xml.PluggableSchemaResolver  - Found XML schema [http://www.springframework.org/schema/context/spring-context.xsd] in classpath: org/springframework/context/config/spring-context-3.2.xsd
2018-08-06 06:30:21,678 [main] DEBUG org.springframework.beans.factory.xml.PluggableSchemaResolver  - Found XML schema [http://www.springframework.org/schema/tool/spring-tool-3.2.xsd] in classpath: org/springframework/beans/factory/xml/spring-tool-3.2.xsd
2018-08-06 06:30:21,680 [main] DEBUG org.springframework.beans.factory.xml.DefaultBeanDefinitionDocumentReader  - Loading bean definitions
2018-08-06 06:30:21,680 [main] INFO  org.springframework.beans.factory.xml.XmlBeanDefinitionReader  - Loading XML bean definitions from class path resource [META-INF/cumulocity/configuration/cumulocity-configuration.xml]
2018-08-06 06:30:21,681 [main] DEBUG org.springframework.beans.factory.xml.DefaultDocumentLoader  - Using JAXP provider [com.sun.org.apache.xerces.internal.jaxp.DocumentBuilderFactoryImpl]
2018-08-06 06:30:21,682 [main] DEBUG org.springframework.beans.factory.xml.PluggableSchemaResolver  - Found XML schema [http://www.springframework.org/schema/beans/spring-beans.xsd] in classpath: org/springframework/beans/factory/xml/spring-beans-3.2.xsd
2018-08-06 06:30:21,685 [main] DEBUG org.springframework.beans.factory.xml.PluggableSchemaResolver  - Found XML schema [http://www.springframework.org/schema/util/spring-util.xsd] in classpath: org/springframework/beans/factory/xml/spring-util-3.2.xsd
2018-08-06 06:30:21,686 [main] DEBUG org.springframework.beans.factory.xml.PluggableSchemaResolver  - Found XML schema [http://www.springframework.org/schema/tool/spring-tool-3.2.xsd] in classpath: org/springframework/beans/factory/xml/spring-tool-3.2.xsd
2018-08-06 06:30:21,687 [main] DEBUG org.springframework.beans.factory.xml.DefaultBeanDefinitionDocumentReader  - Loading bean definitions
2018-08-06 06:30:21,687 [main] DEBUG org.springframework.beans.factory.xml.BeanDefinitionParserDelegate  - Neither XML &apos;id&apos; nor &apos;name&apos; specified - using generated bean name [com.cumulocity.common.config.PlatformEnvironment#0]
2018-08-06 06:30:21,688 [main] DEBUG org.springframework.beans.factory.xml.DefaultNamespaceHandlerResolver  - Loaded NamespaceHandler mappings: {http://www.springframework.org/schema/p=org.springframework.beans.factory.xml.SimplePropertyNamespaceHandler, http://cxf.apache.org/transports/http-jetty/configuration=org.apache.cxf.transport.http_jetty.spring.NamespaceHandler, http://www.springframework.org/schema/util=org.springframework.beans.factory.xml.UtilNamespaceHandler, http://www.springframework.org/schema/jee=org.springframework.ejb.config.JeeNamespaceHandler, http://www.springframework.org/schema/osgi=org.springframework.osgi.config.OsgiNamespaceHandler, http://www.springframework.org/schema/aop=org.springframework.aop.config.AopNamespaceHandler, http://cxf.apache.org/transports/http/configuration=org.apache.cxf.transport.http.spring.NamespaceHandler, http://www.springframework.org/schema/cache=org.springframework.cache.config.CacheNamespaceHandler, http://www.springframework.org/schema/c=org.springframework.beans.factory.xml.SimpleConstructorNamespaceHandler, http://www.springframework.org/schema/security=org.springframework.security.config.SecurityNamespaceHandler, http://cxf.apache.org/jaxrs=org.apache.cxf.jaxrs.spring.NamespaceHandler, http://cxf.apache.org/core=org.apache.cxf.bus.spring.NamespaceHandler, http://www.springframework.org/schema/task=org.springframework.scheduling.config.TaskNamespaceHandler, http://www.springframework.org/schema/lang=org.springframework.scripting.config.LangNamespaceHandler, http://www.springframework.org/schema/osgi-compendium=org.springframework.osgi.compendium.config.CompendiumNamespaceHandler, http://www.springframework.org/schema/context=org.springframework.context.config.ContextNamespaceHandler}
2018-08-06 06:30:21,688 [main] DEBUG org.springframework.beans.factory.xml.BeanDefinitionParserDelegate  - Neither XML &apos;id&apos; nor &apos;name&apos; specified - using generated bean name [org.springframework.context.support.PropertySourcesPlaceholderConfigurer#0]
2018-08-06 06:30:21,689 [main] DEBUG org.springframework.beans.factory.xml.XmlBeanDefinitionReader  - Loaded 3 bean definitions from location pattern [classpath:META-INF/cumulocity/configuration/cumulocity-configuration.xml]
2018-08-06 06:30:21,689 [main] DEBUG org.springframework.beans.factory.xml.DefaultBeanDefinitionDocumentReader  - Imported 3 bean definitions from URL location [classpath:META-INF/cumulocity/configuration/cumulocity-configuration.xml]
2018-08-06 06:30:21,690 [main] DEBUG org.springframework.beans.factory.xml.XmlBeanDefinitionReader  - Loaded 13 bean definitions from location pattern [classpath*:META-INF/spring/smartrest-rest-context.xml]
2018-08-06 06:30:21,690 [main] DEBUG org.springframework.web.context.support.XmlWebApplicationContext  - Bean factory for Root WebApplicationContext: org.springframework.beans.factory.support.DefaultListableBeanFactory@30ec706b: defining beans [com.cumulocity.common.config.PlatformEnvironment#0,org.springframework.context.support.PropertySourcesPlaceholderConfigurer#0,configLocations,org.springframework.context.annotation.internalConfigurationAnnotationProcessor,org.springframework.context.annotation.internalAutowiredAnnotationProcessor,org.springframework.context.annotation.internalRequiredAnnotationProcessor,org.springframework.context.annotation.internalCommonAnnotationProcessor,proxyRequestHandler,requestHandler,templateProvider,requestDispatcher,restDispatcherHttpClient,concurrentExecutor]; root of factory hierarchy
2018-08-06 06:30:21,691 [main] DEBUG org.springframework.beans.factory.support.DefaultListableBeanFactory  - Creating shared instance of singleton bean &apos;com.cumulocity.common.config.PlatformEnvironment#0&apos;
2018-08-06 06:30:21,691 [main] DEBUG org.springframework.beans.factory.support.DefaultListableBeanFactory  - Creating instance of bean &apos;com.cumulocity.common.config.PlatformEnvironment#0&apos;
2018-08-06 06:30:21,691 [main] DEBUG org.springframework.beans.factory.support.DefaultListableBeanFactory  - Creating shared instance of singleton bean &apos;configLocations&apos;
2018-08-06 06:30:21,691 [main] DEBUG org.springframework.beans.factory.support.DefaultListableBeanFactory  - Creating instance of bean &apos;configLocations&apos;
2018-08-06 06:30:21,691 [main] DEBUG org.springframework.beans.factory.support.DefaultListableBeanFactory  - Eagerly caching bean &apos;configLocations&apos; to allow for resolving potential circular references
2018-08-06 06:30:21,691 [main] DEBUG org.springframework.beans.factory.support.DefaultListableBeanFactory  - Invoking afterPropertiesSet() on bean with name &apos;configLocations&apos;
2018-08-06 06:30:21,691 [main] DEBUG org.springframework.beans.factory.support.DefaultListableBeanFactory  - Finished creating instance of bean &apos;configLocations&apos;
2018-08-06 06:30:21,692 [main] DEBUG org.springframework.beans.factory.support.DefaultListableBeanFactory  - Eagerly caching bean &apos;com.cumulocity.common.config.PlatformEnvironment#0&apos; to allow for resolving potential circular references
2018-08-06 06:30:21,692 [main] DEBUG com.cumulocity.common.config.PlatformEnvironment  - Root WebApplicationContext: startup date [Mon Aug 06 06:30:21 UTC 2018]; root of context hierarchy
2018-08-06 06:30:21,693 [main] DEBUG com.cumulocity.common.config.PlatformEnvironment  - registering class path resource [META-INF/spring/cumulocity-core.properties]
2018-08-06 06:30:21,693 [main] DEBUG org.springframework.web.context.support.StandardServletEnvironment  - Adding [class path resource [META-INF/spring/cumulocity-core.properties]] PropertySource with lowest search precedence
2018-08-06 06:30:21,693 [main] DEBUG org.springframework.core.env.PropertySourcesPropertyResolver  - Searching for key &apos;user.home&apos; in [servletConfigInitParams]
2018-08-06 06:30:21,693 [main] DEBUG org.springframework.core.env.PropertySourcesPropertyResolver  - Searching for key &apos;user.home&apos; in [servletContextInitParams]
2018-08-06 06:30:21,693 [main] DEBUG org.springframework.core.env.PropertySourcesPropertyResolver  - Searching for key &apos;user.home&apos; in [jndiProperties]
2018-08-06 06:30:21,693 [main] DEBUG org.springframework.jndi.JndiTemplate  - Looking up JNDI object with name [java:comp/env/user.home]
2018-08-06 06:30:21,693 [main] DEBUG org.springframework.jndi.JndiLocatorDelegate  - Converted JNDI name [java:comp/env/user.home] not found - trying original name [user.home]. javax.naming.NoInitialContextException: Need to specify class name in environment or system property, or as an applet parameter, or in an application resource file:  java.naming.factory.initial
2018-08-06 06:30:21,693 [main] DEBUG org.springframework.jndi.JndiTemplate  - Looking up JNDI object with name [user.home]
2018-08-06 06:30:21,693 [main] DEBUG org.springframework.jndi.JndiPropertySource  - JNDI lookup for name [user.home] threw NamingException with message: Need to specify class name in environment or system property, or as an applet parameter, or in an application resource file:  java.naming.factory.initial. Returning null.
2018-08-06 06:30:21,693 [main] DEBUG org.springframework.core.env.PropertySourcesPropertyResolver  - Searching for key &apos;user.home&apos; in [systemProperties]
2018-08-06 06:30:21,693 [main] DEBUG org.springframework.core.env.PropertySourcesPropertyResolver  - Found key &apos;user.home&apos; in [systemProperties] with type [String] and value &apos;/root&apos;
2018-08-06 06:30:21,693 [main] DEBUG com.cumulocity.common.config.PlatformEnvironment$RefreshableResourcePropertySource  - failed to load config URL [file:/root/.cumulocity/cumulocity-core.properties] - /root/.cumulocity/cumulocity-core.properties (No such file or directory)
2018-08-06 06:30:21,693 [main] DEBUG com.cumulocity.common.config.PlatformEnvironment  - registering URL [file:/root/.cumulocity/cumulocity-core.properties]
2018-08-06 06:30:21,693 [main] DEBUG org.springframework.web.context.support.StandardServletEnvironment  - Adding [URL [file:/root/.cumulocity/cumulocity-core.properties]] PropertySource with lowest search precedence
2018-08-06 06:30:21,693 [main] DEBUG org.springframework.core.env.PropertySourcesPropertyResolver  - Searching for key &apos;CUMULOCITY_CONFIG_DIR:/etc/cumulocity&apos; in [servletConfigInitParams]
2018-08-06 06:30:21,693 [main] DEBUG org.springframework.core.env.PropertySourcesPropertyResolver  - Searching for key &apos;CUMULOCITY_CONFIG_DIR:/etc/cumulocity&apos; in [servletContextInitParams]
2018-08-06 06:30:21,693 [main] DEBUG org.springframework.core.env.PropertySourcesPropertyResolver  - Searching for key &apos;CUMULOCITY_CONFIG_DIR:/etc/cumulocity&apos; in [jndiProperties]
2018-08-06 06:30:21,693 [main] DEBUG org.springframework.jndi.JndiTemplate  - Looking up JNDI object with name [CUMULOCITY_CONFIG_DIR:/etc/cumulocity]
2018-08-06 06:30:21,693 [main] DEBUG org.springframework.jndi.JndiPropertySource  - JNDI lookup for name [CUMULOCITY_CONFIG_DIR:/etc/cumulocity] threw NamingException with message: Need to specify class name in environment or system property, or as an applet parameter, or in an application resource file:  java.naming.factory.initial. Returning null.
2018-08-06 06:30:21,693 [main] DEBUG org.springframework.core.env.PropertySourcesPropertyResolver  - Searching for key &apos;CUMULOCITY_CONFIG_DIR:/etc/cumulocity&apos; in [systemProperties]
2018-08-06 06:30:21,693 [main] DEBUG org.springframework.core.env.PropertySourcesPropertyResolver  - Searching for key &apos;CUMULOCITY_CONFIG_DIR:/etc/cumulocity&apos; in [systemEnvironment]
2018-08-06 06:30:21,693 [main] DEBUG org.springframework.core.env.PropertySourcesPropertyResolver  - Searching for key &apos;CUMULOCITY_CONFIG_DIR:/etc/cumulocity&apos; in [class path resource [META-INF/spring/cumulocity-core.properties]]
2018-08-06 06:30:21,693 [main] DEBUG org.springframework.core.env.PropertySourcesPropertyResolver  - Searching for key &apos;CUMULOCITY_CONFIG_DIR:/etc/cumulocity&apos; in [URL [file:/root/.cumulocity/cumulocity-core.properties]]
2018-08-06 06:30:21,693 [main] DEBUG com.cumulocity.common.config.Platform
...[truncated 949487 chars]...
or]; root of factory hierarchy
2018-08-06 06:30:52,084 [main] DEBUG org.springframework.beans.factory.support.DisposableBeanAdapter  - Invoking destroy() on bean with name &apos;concurrentExecutor&apos;
2018-08-06 06:30:52,084 [main] DEBUG org.springframework.beans.factory.support.DisposableBeanAdapter  - Invoking destroy() on bean with name &apos;restDispatcherHttpClient&apos;
2018-08-06 06:30:52,084 [main] DEBUG org.apache.http.impl.conn.tsccm.ThreadSafeClientConnManager  - Shutting down
2018-08-06 06:30:52,084 [main] DEBUG org.springframework.beans.factory.support.DefaultListableBeanFactory  - Retrieved dependent beans for bean &apos;configLocations&apos;: [com.cumulocity.common.config.PlatformEnvironment#0]
2018-08-06 06:30:52,084 [main] DEBUG org.springframework.beans.factory.support.DisposableBeanAdapter  - Invoking destroy() on bean with name &apos;configLocations&apos;
2018-08-06 06:30:52,085 [main] DEBUG org.eclipse.jetty.util.component.AbstractLifeCycle  - stopping org.eclipse.jetty.servlet.ErrorPageErrorHandler@1ba555ce
2018-08-06 06:30:52,085 [main] DEBUG org.eclipse.jetty.server.handler.AbstractHandler  - stopping org.eclipse.jetty.servlet.ErrorPageErrorHandler@1ba555ce
2018-08-06 06:30:52,085 [main] DEBUG org.eclipse.jetty.util.component.AbstractLifeCycle  - STOPPED org.eclipse.jetty.servlet.ErrorPageErrorHandler@1ba555ce
2018-08-06 06:30:52,085 [main] INFO  org.eclipse.jetty.server.handler.ContextHandler  - stopped o.e.j.w.WebAppContext{/s,file:/var/jenkins_home/workspace/Cumulocity-Platform-Services-BUILD/smartrest/src/test/webapp/}
2018-08-06 06:30:52,085 [main] DEBUG org.eclipse.jetty.util.component.Container  - Container o.e.j.w.WebAppContext{/s,file:/var/jenkins_home/workspace/Cumulocity-Platform-Services-BUILD/smartrest/src/test/webapp/} - org.eclipse.jetty.server.session.SessionHandler@69370e39 as handler
2018-08-06 06:30:52,085 [main] DEBUG org.eclipse.jetty.util.component.AbstractLifeCycle  - STOPPED o.e.j.w.WebAppContext{/s,file:/var/jenkins_home/workspace/Cumulocity-Platform-Services-BUILD/smartrest/src/test/webapp/}
2018-08-06 06:30:52,085 [main] DEBUG org.eclipse.jetty.util.component.AbstractLifeCycle  - stopping o.e.j.s.ServletContextHandler{/measurement,null}
2018-08-06 06:30:52,085 [main] DEBUG org.eclipse.jetty.util.component.AbstractLifeCycle  - stopping org.eclipse.jetty.servlet.ServletHandler@22d6cc66
2018-08-06 06:30:52,085 [main] DEBUG org.eclipse.jetty.server.handler.AbstractHandler  - stopping org.eclipse.jetty.servlet.ServletHandler@22d6cc66
2018-08-06 06:30:52,085 [main] DEBUG org.eclipse.jetty.util.component.AbstractLifeCycle  - stopping measurements
2018-08-06 06:30:52,085 [main] DEBUG org.eclipse.jetty.util.component.AbstractLifeCycle  - STOPPED measurements
2018-08-06 06:30:52,085 [main] DEBUG org.eclipse.jetty.util.component.AbstractLifeCycle  - STOPPED org.eclipse.jetty.servlet.ServletHandler@22d6cc66
2018-08-06 06:30:52,085 [main] DEBUG org.eclipse.jetty.server.handler.AbstractHandler  - stopping o.e.j.s.ServletContextHandler{/measurement,null}
2018-08-06 06:30:52,085 [main] INFO  org.eclipse.jetty.server.handler.ContextHandler  - stopped o.e.j.s.ServletContextHandler{/measurement,null}
2018-08-06 06:30:52,085 [main] DEBUG org.eclipse.jetty.util.component.Container  - Container o.e.j.s.ServletContextHandler{/measurement,null} - org.eclipse.jetty.servlet.ServletHandler@22d6cc66 as handler
2018-08-06 06:30:52,085 [main] DEBUG org.eclipse.jetty.util.component.AbstractLifeCycle  - STOPPED o.e.j.s.ServletContextHandler{/measurement,null}
2018-08-06 06:30:52,085 [main] DEBUG org.eclipse.jetty.util.component.AbstractLifeCycle  - stopping o.e.j.s.ServletContextHandler{/inventory,null}
2018-08-06 06:30:52,085 [main] DEBUG org.eclipse.jetty.util.component.AbstractLifeCycle  - stopping org.eclipse.jetty.servlet.ServletHandler@1c4e421f
2018-08-06 06:30:52,085 [main] DEBUG org.eclipse.jetty.server.handler.AbstractHandler  - stopping org.eclipse.jetty.servlet.ServletHandler@1c4e421f
2018-08-06 06:30:52,085 [main] DEBUG org.eclipse.jetty.util.component.AbstractLifeCycle  - stopping managedObjects
2018-08-06 06:30:52,085 [main] DEBUG org.eclipse.jetty.util.component.AbstractLifeCycle  - STOPPED managedObjects
2018-08-06 06:30:52,085 [main] DEBUG org.eclipse.jetty.util.component.AbstractLifeCycle  - STOPPED org.eclipse.jetty.servlet.ServletHandler@1c4e421f
2018-08-06 06:30:52,085 [main] DEBUG org.eclipse.jetty.server.handler.AbstractHandler  - stopping o.e.j.s.ServletContextHandler{/inventory,null}
2018-08-06 06:30:52,085 [main] INFO  org.eclipse.jetty.server.handler.ContextHandler  - stopped o.e.j.s.ServletContextHandler{/inventory,null}
2018-08-06 06:30:52,085 [main] DEBUG org.eclipse.jetty.util.component.Container  - Container o.e.j.s.ServletContextHandler{/inventory,null} - org.eclipse.jetty.servlet.ServletHandler@1c4e421f as handler
2018-08-06 06:30:52,085 [main] DEBUG org.eclipse.jetty.util.component.AbstractLifeCycle  - STOPPED o.e.j.s.ServletContextHandler{/inventory,null}
2018-08-06 06:30:52,085 [main] DEBUG org.eclipse.jetty.util.component.AbstractLifeCycle  - stopping o.e.j.w.WebAppContext{/s,file:/var/jenkins_home/workspace/Cumulocity-Platform-Services-BUILD/smartrest/src/test/webapp/}
2018-08-06 06:30:52,085 [main] DEBUG org.eclipse.jetty.util.component.AbstractLifeCycle  - stopping org.eclipse.jetty.server.session.SessionHandler@17489f96
2018-08-06 06:30:52,085 [main] DEBUG org.eclipse.jetty.util.component.AbstractLifeCycle  - stopping org.eclipse.jetty.server.session.HashSessionManager@20e53ccb
2018-08-06 06:30:52,085 [main] DEBUG org.eclipse.jetty.util.component.AbstractLifeCycle  - STOPPED org.eclipse.jetty.server.session.HashSessionManager@20e53ccb
2018-08-06 06:30:52,085 [main] DEBUG org.eclipse.jetty.util.component.AbstractLifeCycle  - stopping org.eclipse.jetty.security.ConstraintSecurityHandler@151adf85
2018-08-06 06:30:52,085 [main] DEBUG org.eclipse.jetty.util.component.AbstractLifeCycle  - stopping org.eclipse.jetty.servlet.ServletHandler@44f0adaf
2018-08-06 06:30:52,086 [main] DEBUG org.eclipse.jetty.server.handler.AbstractHandler  - stopping org.eclipse.jetty.servlet.ServletHandler@44f0adaf
2018-08-06 06:30:52,086 [main] DEBUG org.eclipse.jetty.util.component.AbstractLifeCycle  - stopping hiddenHttpMethodFilter
2018-08-06 06:30:52,086 [main] DEBUG org.eclipse.jetty.util.component.AbstractLifeCycle  - STOPPED hiddenHttpMethodFilter
2018-08-06 06:30:52,086 [main] DEBUG org.eclipse.jetty.util.component.AbstractLifeCycle  - stopping proxyRequestHandler
2018-08-06 06:30:52,086 [main] DEBUG org.eclipse.jetty.util.component.AbstractLifeCycle  - STOPPED proxyRequestHandler
2018-08-06 06:30:52,086 [main] DEBUG org.eclipse.jetty.util.component.AbstractLifeCycle  - stopping jsp
2018-08-06 06:30:52,086 [main] DEBUG org.eclipse.jetty.util.component.AbstractLifeCycle  - STOPPED jsp
2018-08-06 06:30:52,086 [main] DEBUG org.eclipse.jetty.util.component.AbstractLifeCycle  - stopping default
2018-08-06 06:30:52,086 [main] DEBUG org.eclipse.jetty.util.component.AbstractLifeCycle  - STOPPED default
2018-08-06 06:30:52,086 [main] DEBUG org.eclipse.jetty.util.component.AbstractLifeCycle  - STOPPED org.eclipse.jetty.servlet.ServletHandler@44f0adaf
2018-08-06 06:30:52,086 [main] DEBUG org.eclipse.jetty.server.handler.AbstractHandler  - stopping org.eclipse.jetty.security.ConstraintSecurityHandler@151adf85
2018-08-06 06:30:52,086 [main] DEBUG org.eclipse.jetty.util.component.AbstractLifeCycle  - STOPPED org.eclipse.jetty.security.ConstraintSecurityHandler@151adf85
2018-08-06 06:30:52,086 [main] DEBUG org.eclipse.jetty.server.handler.AbstractHandler  - stopping org.eclipse.jetty.server.session.SessionHandler@17489f96
2018-08-06 06:30:52,086 [main] DEBUG org.eclipse.jetty.util.component.AbstractLifeCycle  - STOPPED org.eclipse.jetty.server.session.SessionHandler@17489f96
2018-08-06 06:30:52,086 [main] DEBUG org.eclipse.jetty.server.handler.AbstractHandler  - stopping o.e.j.w.WebAppContext{/s,file:/var/jenkins_home/workspace/Cumulocity-Platform-Services-BUILD/smartrest/src/test/webapp/}
2018-08-06 06:30:52,086 [main] INFO  SmartREST Proxy  - Closing Spring root WebApplicationContext
2018-08-06 06:30:52,086 [main] INFO  org.springframework.web.context.support.XmlWebApplicationContext  - Closing Root WebApplicationContext: startup date [Mon Aug 06 06:30:21 UTC 2018]; root of context hierarchy
2018-08-06 06:30:52,086 [main] DEBUG org.springframework.beans.factory.support.DefaultListableBeanFactory  - Returning cached instance of singleton bean &apos;lifecycleProcessor&apos;
2018-08-06 06:30:52,086 [main] INFO  org.springframework.beans.factory.support.DefaultListableBeanFactory  - Destroying singletons in org.springframework.beans.factory.support.DefaultListableBeanFactory@4259448a: defining beans [com.cumulocity.common.config.PlatformEnvironment#0,org.springframework.context.support.PropertySourcesPlaceholderConfigurer#0,configLocations,org.springframework.context.annotation.internalConfigurationAnnotationProcessor,org.springframework.context.annotation.internalAutowiredAnnotationProcessor,org.springframework.context.annotation.internalRequiredAnnotationProcessor,org.springframework.context.annotation.internalCommonAnnotationProcessor,proxyRequestHandler,requestHandler,templateProvider,requestDispatcher,restDispatcherHttpClient,concurrentExecutor,org.springframework.context.annotation.ConfigurationClassPostProcessor.importAwareProcessor]; root of factory hierarchy
2018-08-06 06:30:52,086 [main] DEBUG org.springframework.beans.factory.support.DisposableBeanAdapter  - Invoking destroy() on bean with name &apos;concurrentExecutor&apos;
2018-08-06 06:30:52,086 [main] DEBUG org.springframework.beans.factory.support.DisposableBeanAdapter  - Invoking destroy() on bean with name &apos;restDispatcherHttpClient&apos;
2018-08-06 06:30:52,086 [main] DEBUG org.apache.http.impl.conn.tsccm.ThreadSafeClientConnManager  - Shutting down
2018-08-06 06:30:52,086 [main] DEBUG org.springframework.beans.factory.support.DefaultListableBeanFactory  - Retrieved dependent beans for bean &apos;configLocations&apos;: [com.cumulocity.common.config.PlatformEnvironment#0]
2018-08-06 06:30:52,086 [main] DEBUG org.springframework.beans.factory.support.DisposableBeanAdapter  - Invoking destroy() on bean with name &apos;configLocations&apos;
2018-08-06 06:30:52,087 [main] DEBUG org.eclipse.jetty.util.component.AbstractLifeCycle  - stopping org.eclipse.jetty.servlet.ErrorPageErrorHandler@6bdecb00
2018-08-06 06:30:52,087 [main] DEBUG org.eclipse.jetty.server.handler.AbstractHandler  - stopping org.eclipse.jetty.servlet.ErrorPageErrorHandler@6bdecb00
2018-08-06 06:30:52,087 [main] DEBUG org.eclipse.jetty.util.component.AbstractLifeCycle  - STOPPED org.eclipse.jetty.servlet.ErrorPageErrorHandler@6bdecb00
2018-08-06 06:30:52,087 [main] INFO  org.eclipse.jetty.server.handler.ContextHandler  - stopped o.e.j.w.WebAppContext{/s,file:/var/jenkins_home/workspace/Cumulocity-Platform-Services-BUILD/smartrest/src/test/webapp/}
2018-08-06 06:30:52,087 [main] DEBUG org.eclipse.jetty.util.component.Container  - Container o.e.j.w.WebAppContext{/s,file:/var/jenkins_home/workspace/Cumulocity-Platform-Services-BUILD/smartrest/src/test/webapp/} - org.eclipse.jetty.server.session.SessionHandler@17489f96 as handler
2018-08-06 06:30:52,087 [main] DEBUG org.eclipse.jetty.util.component.AbstractLifeCycle  - STOPPED o.e.j.w.WebAppContext{/s,file:/var/jenkins_home/workspace/Cumulocity-Platform-Services-BUILD/smartrest/src/test/webapp/}
2018-08-06 06:30:52,087 [main] DEBUG org.eclipse.jetty.util.component.AbstractLifeCycle  - stopping o.e.j.s.ServletContextHandler{/measurement,null}
2018-08-06 06:30:52,087 [main] DEBUG org.eclipse.jetty.util.component.AbstractLifeCycle  - stopping org.eclipse.jetty.servlet.ServletHandler@5caf7668
2018-08-06 06:30:52,087 [main] DEBUG org.eclipse.jetty.server.handler.AbstractHandler  - stopping org.eclipse.jetty.servlet.ServletHandler@5caf7668
2018-08-06 06:30:52,087 [main] DEBUG org.eclipse.jetty.util.component.AbstractLifeCycle  - stopping measurements
2018-08-06 06:30:52,087 [main] DEBUG org.eclipse.jetty.util.component.AbstractLifeCycle  - STOPPED measurements
2018-08-06 06:30:52,087 [main] DEBUG org.eclipse.jetty.util.component.AbstractLifeCycle  - STOPPED org.eclipse.jetty.servlet.ServletHandler@5caf7668
2018-08-06 06:30:52,087 [main] DEBUG org.eclipse.jetty.server.handler.AbstractHandler  - stopping o.e.j.s.ServletContextHandler{/measurement,null}
2018-08-06 06:30:52,087 [main] INFO  org.eclipse.jetty.server.handler.ContextHandler  - stopped o.e.j.s.ServletContextHandler{/measurement,null}
2018-08-06 06:30:52,087 [main] DEBUG org.eclipse.jetty.util.component.Container  - Container o.e.j.s.ServletContextHandler{/measurement,null} - org.eclipse.jetty.servlet.ServletHandler@5caf7668 as handler
2018-08-06 06:30:52,087 [main] DEBUG org.eclipse.jetty.util.component.AbstractLifeCycle  - STOPPED o.e.j.s.ServletContextHandler{/measurement,null}
2018-08-06 06:30:52,087 [main] DEBUG org.eclipse.jetty.util.component.AbstractLifeCycle  - stopping o.e.j.s.ServletContextHandler{/inventory,null}
2018-08-06 06:30:52,087 [main] DEBUG org.eclipse.jetty.util.component.AbstractLifeCycle  - stopping org.eclipse.jetty.servlet.ServletHandler@c48d711
2018-08-06 06:30:52,087 [main] DEBUG org.eclipse.jetty.server.handler.AbstractHandler  - stopping org.eclipse.jetty.servlet.ServletHandler@c48d711
2018-08-06 06:30:52,087 [main] DEBUG org.eclipse.jetty.util.component.AbstractLifeCycle  - stopping managedObjects
2018-08-06 06:30:52,087 [main] DEBUG org.eclipse.jetty.util.component.AbstractLifeCycle  - STOPPED managedObjects
2018-08-06 06:30:52,087 [main] DEBUG org.eclipse.jetty.util.component.AbstractLifeCycle  - STOPPED org.eclipse.jetty.servlet.ServletHandler@c48d711
2018-08-06 06:30:52,087 [main] DEBUG org.eclipse.jetty.server.handler.AbstractHandler  - stopping o.e.j.s.ServletContextHandler{/inventory,null}
2018-08-06 06:30:52,087 [main] INFO  org.eclipse.jetty.server.handler.ContextHandler  - stopped o.e.j.s.ServletContextHandler{/inventory,null}
2018-08-06 06:30:52,087 [main] DEBUG org.eclipse.jetty.util.component.Container  - Container o.e.j.s.ServletContextHandler{/inventory,null} - org.eclipse.jetty.servlet.ServletHandler@c48d711 as handler
2018-08-06 06:30:52,087 [main] DEBUG org.eclipse.jetty.util.component.AbstractLifeCycle  - STOPPED o.e.j.s.ServletContextHandler{/inventory,null}
2018-08-06 06:30:52,087 [main] DEBUG org.eclipse.jetty.util.component.AbstractLifeCycle  - stopping o.e.j.w.WebAppContext{/s,file:/var/jenkins_home/workspace/Cumulocity-Platform-Services-BUILD/smartrest/src/test/webapp/}
2018-08-06 06:30:52,087 [main] DEBUG org.eclipse.jetty.util.component.AbstractLifeCycle  - stopping org.eclipse.jetty.server.session.SessionHandler@311fa52c
2018-08-06 06:30:52,087 [main] DEBUG org.eclipse.jetty.util.component.AbstractLifeCycle  - stopping org.eclipse.jetty.server.session.HashSessionManager@149504e6
2018-08-06 06:30:52,087 [main] DEBUG org.eclipse.jetty.util.component.AbstractLifeCycle  - STOPPED org.eclipse.jetty.server.session.HashSessionManager@149504e6
2018-08-06 06:30:52,087 [main] DEBUG org.eclipse.jetty.util.component.AbstractLifeCycle  - stopping org.eclipse.jetty.security.ConstraintSecurityHandler@575b6472
2018-08-06 06:30:52,087 [main] DEBUG org.eclipse.jetty.util.component.AbstractLifeCycle  - stopping org.eclipse.jetty.servlet.ServletHandler@16903c20
2018-08-06 06:30:52,087 [main] DEBUG org.eclipse.jetty.server.handler.AbstractHandler  - stopping org.eclipse.jetty.servlet.ServletHandler@16903c20
2018-08-06 06:30:52,087 [main] DEBUG org.eclipse.jetty.util.component.AbstractLifeCycle  - stopping hiddenHttpMethodFilter
2018-08-06 06:30:52,087 [main] DEBUG org.eclipse.jetty.util.component.AbstractLifeCycle  - STOPPED hiddenHttpMethodFilter
2018-08-06 06:30:52,087 [main] DEBUG org.eclipse.jetty.util.component.AbstractLifeCycle  - stopping proxyRequestHandler
2018-08-06 06:30:52,087 [main] DEBUG org.eclipse.jetty.util.component.AbstractLifeCycle  - STOPPED proxyRequestHandler
2018-08-06 06:30:52,087 [main] DEBUG org.eclipse.jetty.util.component.AbstractLifeCycle  - stopping jsp
2018-08-06 06:30:52,087 [main] DEBUG org.eclipse.jetty.util.component.AbstractLifeCycle  - STOPPED jsp
2018-08-06 06:30:52,087 [main] DEBUG org.eclipse.jetty.util.component.AbstractLifeCycle  - stopping default
2018-08-06 06:30:52,087 [main] DEBUG org.eclipse.jetty.util.component.AbstractLifeCycle  - STOPPED default
2018-08-06 06:30:52,087 [main] DEBUG org.eclipse.jetty.util.component.AbstractLifeCycle  - STOPPED org.eclipse.jetty.servlet.ServletHandler@16903c20
2018-08-06 06:30:52,087 [main] DEBUG org.eclipse.jetty.server.handler.AbstractHandler  - stopping org.eclipse.jetty.security.ConstraintSecurityHandler@575b6472
2018-08-06 06:30:52,087 [main] DEBUG org.eclipse.jetty.util.component.AbstractLifeCycle  - STOPPED org.eclipse.jetty.security.ConstraintSecurityHandler@575b6472
2018-08-06 06:30:52,087 [main] DEBUG org.eclipse.jetty.server.handler.AbstractHandler  - stopping org.eclipse.jetty.server.session.SessionHandler@311fa52c
2018-08-06 06:30:52,087 [main] DEBUG org.eclipse.jetty.util.component.AbstractLifeCycle  - STOPPED org.eclipse.jetty.server.session.SessionHandler@311fa52c
2018-08-06 06:30:52,087 [main] DEBUG org.eclipse.jetty.server.handler.AbstractHandler  - stopping o.e.j.w.WebAppContext{/s,file:/var/jenkins_home/workspace/Cumulocity-Platform-Services-BUILD/smartrest/src/test/webapp/}
2018-08-06 06:30:52,087 [main] INFO  SmartREST Proxy  - Closing Spring root WebApplicationContext
2018-08-06 06:30:52,087 [main] INFO  org.springframework.web.context.support.XmlWebApplicationContext  - Closing Root WebApplicationContext: startup date [Mon Aug 06 06:30:21 UTC 2018]; root of context hierarchy
2018-08-06 06:30:52,088 [main] DEBUG org.springframework.beans.factory.support.DefaultListableBeanFactory  - Returning cached instance of singleton bean &apos;lifecycleProcessor&apos;
2018-08-06 06:30:52,088 [main] INFO  org.springframework.beans.factory.support.DefaultListableBeanFactory  - Destroying singletons in org.springframework.beans.factory.support.DefaultListableBeanFactory@2e4a54e8: defining beans [com.cumulocity.common.config.PlatformEnvironment#0,org.springframework.context.support.PropertySourcesPlaceholderConfigurer#0,configLocations,org.springframework.context.annotation.internalConfigurationAnnotationProcessor,org.springframework.context.annotation.internalAutowiredAnnotationProcessor,org.springframework.context.annotation.internalRequiredAnnotationProcessor,org.springframework.context.annotation.internalCommonAnnotationProcessor,proxyRequestHandler,requestHandler,templateProvider,requestDispatcher,restDispatcherHttpClient,concurrentExecutor,org.springframework.context.annotation.ConfigurationClassPostProcessor.importAwareProcessor]; root of factory hierarchy
2018-08-06 06:30:52,088 [main] DEBUG org.springframework.beans.factory.support.DisposableBeanAdapter  - Invoking destroy() on bean with name &apos;concurrentExecutor&apos;
2018-08-06 06:30:52,088 [main] DEBUG org.springframework.beans.factory.support.DisposableBeanAdapter  - Invoking destroy() on bean with name &apos;restDispatcherHttpClient&apos;
2018-08-06 06:30:52,088 [main] DEBUG org.apache.http.impl.conn.tsccm.ThreadSafeClientConnManager  - Shutting down
2018-08-06 06:30:52,088 [main] DEBUG org.springframework.beans.factory.support.DefaultListableBeanFactory  - Retrieved dependent beans for bean &apos;configLocations&apos;: [com.cumulocity.common.config.PlatformEnvironment#0]
2018-08-06 06:30:52,088 [main] DEBUG org.springframework.beans.factory.support.DisposableBeanAdapter  - Invoking destroy() on bean with name &apos;configLocations&apos;
2018-08-06 06:30:52,088 [main] DEBUG org.eclipse.jetty.util.component.AbstractLifeCycle  - stopping org.eclipse.jetty.servlet.ErrorPageErrorHandler@2071ebff
2018-08-06 06:30:52,088 [main] DEBUG org.eclipse.jetty.server.handler.AbstractHandler  - stopping org.eclipse.jetty.servlet.ErrorPageErrorHandler@2071ebff
2018-08-06 06:30:52,088 [main] DEBUG org.eclipse.jetty.util.component.AbstractLifeCycle  - STOPPED org.eclipse.jetty.servlet.ErrorPageErrorHandler@2071ebff
2018-08-06 06:30:52,088 [main] INFO  org.eclipse.jetty.server.handler.ContextHandler  - stopped o.e.j.w.WebAppContext{/s,file:/var/jenkins_home/workspace/Cumulocity-Platform-Services-BUILD/smartrest/src/test/webapp/}
2018-08-06 06:30:52,088 [main] DEBUG org.eclipse.jetty.util.component.Container  - Container o.e.j.w.WebAppContext{/s,file:/var/jenkins_home/workspace/Cumulocity-Platform-Services-BUILD/smartrest/src/test/webapp/} - org.eclipse.jetty.server.session.SessionHandler@311fa52c as handler
2018-08-06 06:30:52,088 [main] DEBUG org.eclipse.jetty.util.component.AbstractLifeCycle  - STOPPED o.e.j.w.WebAppContext{/s,file:/var/jenkins_home/workspace/Cumulocity-Platform-Services-BUILD/smartrest/src/test/webapp/}
2018-08-06 06:30:52,088 [main] DEBUG org.eclipse.jetty.util.component.AbstractLifeCycle  - stopping o.e.j.s.ServletContextHandler{/measurement,null}
2018-08-06 06:30:52,088 [main] DEBUG org.eclipse.jetty.util.component.AbstractLifeCycle  - stopping org.eclipse.jetty.servlet.ServletHandler@4f4fb284
2018-08-06 06:30:52,088 [main] DEBUG org.eclipse.jetty.server.handler.AbstractHandler  - stopping org.eclipse.jetty.servlet.ServletHandler@4f4fb284
2018-08-06 06:30:52,088 [main] DEBUG org.eclipse.jetty.util.component.AbstractLifeCycle  - stopping measurements
2018-08-06 06:30:52,088 [main] DEBUG org.eclipse.jetty.util.component.AbstractLifeCycle  - STOPPED measurements
2018-08-06 06:30:52,088 [main] DEBUG org.eclipse.jetty.util.component.AbstractLifeCycle  - STOPPED org.eclipse.jetty.servlet.ServletHandler@4f4fb284
2018-08-06 06:30:52,088 [main] DEBUG org.eclipse.jetty.server.handler.AbstractHandler  - stopping o.e.j.s.ServletContextHandler{/measurement,null}
2018-08-06 06:30:52,088 [main] INFO  org.eclipse.jetty.server.handler.ContextHandler  - stopped o.e.j.s.ServletContextHandler{/measurement,null}
2018-08-06 06:30:52,088 [main] DEBUG org.eclipse.jetty.util.component.Container  - Container o.e.j.s.ServletContextHandler{/measurement,null} - org.eclipse.jetty.servlet.ServletHandler@4f4fb284 as handler
2018-08-06 06:30:52,088 [main] DEBUG org.eclipse.jetty.util.component.AbstractLifeCycle  - STOPPED o.e.j.s.ServletContextHandler{/measurement,null}
2018-08-06 06:30:52,088 [main] DEBUG org.eclipse.jetty.util.component.AbstractLifeCycle  - stopping o.e.j.s.ServletContextHandler{/inventory,null}
2018-08-06 06:30:52,088 [main] DEBUG org.eclipse.jetty.util.component.AbstractLifeCycle  - stopping org.eclipse.jetty.servlet.ServletHandler@7187ac48
2018-08-06 06:30:52,088 [main] DEBUG org.eclipse.jetty.server.handler.AbstractHandler  - stopping org.eclipse.jetty.servlet.ServletHandler@7187ac48
2018-08-06 06:30:52,089 [main] DEBUG org.eclipse.jetty.util.component.AbstractLifeCycle  - stopping managedObjects
2018-08-06 06:30:52,089 [main] DEBUG org.eclipse.jetty.util.component.AbstractLifeCycle  - STOPPED managedObjects
2018-08-06 06:30:52,089 [main] DEBUG org.eclipse.jetty.util.component.AbstractLifeCycle  - STOPPED org.eclipse.jetty.servlet.ServletHandler@7187ac48
2018-08-06 06:30:52,089 [main] DEBUG org.eclipse.jetty.server.handler.AbstractHandler  - stopping o.e.j.s.ServletContextHandler{/inventory,null}
2018-08-06 06:30:52,089 [main] INFO  org.eclipse.jetty.server.handler.ContextHandler  - stopped o.e.j.s.ServletContextHandler{/inventory,null}
2018-08-06 06:30:52,089 [main] DEBUG org.eclipse.jetty.util.component.Container  - Container o.e.j.s.ServletContextHandler{/inventory,null} - org.eclipse.jetty.servlet.ServletHandler@7187ac48 as handler
2018-08-06 06:30:52,089 [main] DEBUG org.eclipse.jetty.util.component.AbstractLifeCycle  - STOPPED o.e.j.s.ServletContextHandler{/inventory,null}
2018-08-06 06:30:52,089 [main] DEBUG org.eclipse.jetty.util.component.AbstractLifeCycle  - stopping o.e.j.w.WebAppContext{/s,file:/var/jenkins_home/workspace/Cumulocity-Platform-Services-BUILD/smartrest/src/test/webapp/}
2018-08-06 06:30:52,089 [main] DEBUG org.eclipse.jetty.util.component.AbstractLifeCycle  - stopping org.eclipse.jetty.server.session.SessionHandler@69e9487d
2018-08-06 06:30:52,089 [main] DEBUG org.eclipse.jetty.util.component.AbstractLifeCycle  - stopping org.eclipse.jetty.server.session.HashSessionManager@52963cdd
2018-08-06 06:30:52,089 [main] DEBUG org.eclipse.jetty.util.component.AbstractLifeCycle  - STOPPED org.eclipse.jetty.server.session.HashSessionManager@52963cdd
2018-08-06 06:30:52,089 [main] DEBUG org.eclipse.jetty.util.component.AbstractLifeCycle  - stopping org.eclipse.jetty.security.ConstraintSecurityHandler@611bd3b9
2018-08-06 06:30:52,089 [main] DEBUG org.eclipse.jetty.util.component.AbstractLifeCycle  - stopping org.eclipse.jetty.servlet.ServletHandler@7ab2903d
2018-08-06 06:30:52,089 [main] DEBUG org.eclipse.jetty.server.handler.AbstractHandler  - stopping org.eclipse.jetty.servlet.ServletHandler@7ab2903d
2018-08-06 06:30:52,089 [main] DEBUG org.eclipse.jetty.util.component.AbstractLifeCycle  - stopping hiddenHttpMethodFilter
2018-08-06 06:30:52,089 [main] DEBUG org.eclipse.jetty.util.component.AbstractLifeCycle  - STOPPED hiddenHttpMethodFilter
2018-08-06 06:30:52,089 [main] DEBUG org.eclipse.jetty.util.component.AbstractLifeCycle  - stopping proxyRequestHandler
2018-08-06 06:30:52,089 [main] DEBUG org.eclipse.jetty.util.component.AbstractLifeCycle  - STOPPED proxyRequestHandler
2018-08-06 06:30:52,089 [main] DEBUG org.eclipse.jetty.util.component.AbstractLifeCycle  - stopping jsp
2018-08-06 06:30:52,089 [main] DEBUG org.eclipse.jetty.util.component.AbstractLifeCycle  - STOPPED jsp
2018-08-06 06:30:52,089 [main] DEBUG org.eclipse.jetty.util.component.AbstractLifeCycle  - stopping default
2018-08-06 06:30:52,089 [main] DEBUG org.eclipse.jetty.util.component.AbstractLifeCycle  - STOPPED default
2018-08-06 06:30:52,089 [main] DEBUG org.eclipse.jetty.util.component.AbstractLifeCycle  - STOPPED org.eclipse.jetty.servlet.ServletHandler@7ab2903d
2018-08-06 06:30:52,089 [main] DEBUG org.eclipse.jetty.server.handler.AbstractHandler  - stopping org.eclipse.jetty.security.ConstraintSecurityHandler@611bd3b9
2018-08-06 06:30:52,089 [main] DEBUG org.eclipse.jetty.util.component.AbstractLifeCycle  - STOPPED org.eclipse.jetty.security.ConstraintSecurityHandler@611bd3b9
2018-08-06 06:30:52,089 [main] DEBUG org.eclipse.jetty.server.handler.AbstractHandler  - stopping org.eclipse.jetty.server.session.SessionHandler@69e9487d
2018-08-06 06:30:52,089 [main] DEBUG org.eclipse.jetty.util.component.AbstractLifeCycle  - STOPPED org.eclipse.jetty.server.session.SessionHandler@69e9487d
2018-08-06 06:30:52,089 [main] DEBUG org.eclipse.jetty.server.handler.AbstractHandler  - stopping o.e.j.w.WebAppContext{/s,file:/var/jenkins_home/workspace/Cumulocity-Platform-Services-BUILD/smartrest/src/test/webapp/}
2018-08-06 06:30:52,089 [main] INFO  SmartREST Proxy  - Closing Spring root WebApplicationContext
2018-08-06 06:30:52,089 [main] INFO  org.springframework.web.context.support.XmlWebApplicationContext  - Closing Root WebApplicationContext: startup date [Mon Aug 06 06:30:21 UTC 2018]; root of context hierarchy
2018-08-06 06:30:52,089 [main] DEBUG org.springframework.beans.factory.support.DefaultListableBeanFactory  - Returning cached instance of singleton bean &apos;lifecycleProcessor&apos;
2018-08-06 06:30:52,089 [main] INFO  org.springframework.beans.factory.support.DefaultListableBeanFactory  - Destroying singletons in org.springframework.beans.factory.support.DefaultListableBeanFactory@3229190f: defining beans [com.cumulocity.common.config.PlatformEnvironment#0,org.springframework.context.support.PropertySourcesPlaceholderConfigurer#0,configLocations,org.springframework.context.annotation.internalConfigurationAnnotationProcessor,org.springframework.context.annotation.internalAutowiredAnnotationProcessor,org.springframework.context.annotation.internalRequiredAnnotationProcessor,org.springframework.context.annotation.internalCommonAnnotationProcessor,proxyRequestHandler,requestHandler,templateProvider,requestDispatcher,restDispatcherHttpClient,concurrentExecutor,org.springframework.context.annotation.ConfigurationClassPostProcessor.importAwareProcessor]; root of factory hierarchy
2018-08-06 06:30:52,089 [main] DEBUG org.springframework.beans.factory.support.DisposableBeanAdapter  - Invoking destroy() on bean with name &apos;concurrentExecutor&apos;
2018-08-06 06:30:52,089 [main] DEBUG org.springframework.beans.factory.support.DisposableBeanAdapter  - Invoking destroy() on bean with name &apos;restDispatcherHttpClient&apos;
2018-08-06 06:30:52,089 [main] DEBUG org.apache.http.impl.conn.tsccm.ThreadSafeClientConnManager  - Shutting down
2018-08-06 06:30:52,089 [main] DEBUG org.springframework.beans.factory.support.DefaultListableBeanFactory  - Retrieved dependent beans for bean &apos;configLocations&apos;: [com.cumulocity.common.config.PlatformEnvironment#0]
2018-08-06 06:30:52,089 [main] DEBUG org.springframework.beans.factory.support.DisposableBeanAdapter  - Invoking destroy() on bean with name &apos;configLocations&apos;
2018-08-06 06:30:52,090 [main] DEBUG org.eclipse.jetty.util.component.AbstractLifeCycle  - stopping org.eclipse.jetty.servlet.ErrorPageErrorHandler@30297f31
2018-08-06 06:30:52,090 [main] DEBUG org.eclipse.jetty.server.handler.AbstractHandler  - stopping org.eclipse.jetty.servlet.ErrorPageErrorHandler@30297f31
2018-08-06 06:30:52,090 [main] DEBUG org.eclipse.jetty.util.component.AbstractLifeCycle  - STOPPED org.eclipse.jetty.servlet.ErrorPageErrorHandler@30297f31
2018-08-06 06:30:52,090 [main] INFO  org.eclipse.jetty.server.handler.ContextHandler  - stopped o.e.j.w.WebAppContext{/s,file:/var/jenkins_home/workspace/Cumulocity-Platform-Services-BUILD/smartrest/src/test/webapp/}
2018-08-06 06:30:52,090 [main] DEBUG org.eclipse.jetty.util.component.Container  - Container o.e.j.w.WebAppContext{/s,file:/var/jenkins_home/workspace/Cumulocity-Platform-Services-BUILD/smartrest/src/test/webapp/} - org.eclipse.jetty.server.session.SessionHandler@69e9487d as handler
2018-08-06 06:30:52,090 [main] DEBUG org.eclipse.jetty.util.component.AbstractLifeCycle  - STOPPED o.e.j.w.WebAppContext{/s,file:/var/jenkins_home/workspace/Cumulocity-Platform-Services-BUILD/smartrest/src/test/webapp/}
2018-08-06 06:30:52,090 [main] DEBUG org.eclipse.jetty.util.component.AbstractLifeCycle  - stopping o.e.j.s.ServletContextHandler{/measurement,null}
2018-08-06 06:30:52,090 [main] DEBUG org.eclipse.jetty.util.component.AbstractLifeCycle  - stopping org.eclipse.jetty.servlet.ServletHandler@64c71e34
2018-08-06 06:30:52,090 [main] DEBUG org.eclipse.jetty.server.handler.AbstractHandler  - stopping org.eclipse.jetty.servlet.ServletHandler@64c71e34
2018-08-06 06:30:52,090 [main] DEBUG org.eclipse.jetty.util.component.AbstractLifeCycle  - stopping measurements
2018-08-06 06:30:52,090 [main] DEBUG org.eclipse.jetty.util.component.AbstractLifeCycle  - STOPPED measurements
2018-08-06 06:30:52,090 [main] DEBUG org.eclipse.jetty.util.component.AbstractLifeCycle  - STOPPED org.eclipse.jetty.servlet.ServletHandler@64c71e34
2018-08-06 06:30:52,090 [main] DEBUG org.eclipse.jetty.server.handler.AbstractHandler  - stopping o.e.j.s.ServletContextHandler{/measurement,null}
2018-08-06 06:30:52,090 [main] INFO  org.eclipse.jetty.server.handler.ContextHandler  - stopped o.e.j.s.ServletContextHandler{/measurement,null}
2018-08-06 06:30:52,090 [main] DEBUG org.eclipse.jetty.util.component.Container  - Container o.e.j.s.ServletContextHandler{/measurement,null} - org.eclipse.jetty.servlet.ServletHandler@64c71e34 as handler
2018-08-06 06:30:52,090 [main] DEBUG org.eclipse.jetty.util.component.AbstractLifeCycle  - STOPPED o.e.j.s.ServletContextHandler{/measurement,null}
2018-08-06 06:30:52,090 [main] DEBUG org.eclipse.jetty.util.component.AbstractLifeCycle  - stopping o.e.j.s.ServletContextHandler{/inventory,null}
2018-08-06 06:30:52,090 [main] DEBUG org.eclipse.jetty.util.component.AbstractLifeCycle  - stopping org.eclipse.jetty.servlet.ServletHandler@3df0efd5
2018-08-06 06:30:52,090 [main] DEBUG org.eclipse.jetty.server.handler.AbstractHandler  - stopping org.eclipse.jetty.servlet.ServletHandler@3df0efd5
2018-08-06 06:30:52,090 [main] DEBUG org.eclipse.jetty.util.component.AbstractLifeCycle  - stopping managedObjects
2018-08-06 06:30:52,090 [main] DEBUG org.eclipse.jetty.util.component.AbstractLifeCycle  - STOPPED managedObjects
2018-08-06 06:30:52,090 [main] DEBUG org.eclipse.jetty.util.component.AbstractLifeCycle  - STOPPED org.eclipse.jetty.servlet.ServletHandler@3df0efd5
2018-08-06 06:30:52,090 [main] DEBUG org.eclipse.jetty.server.handler.AbstractHandler  - stopping o.e.j.s.ServletContextHandler{/inventory,null}
2018-08-06 06:30:52,090 [main] INFO  org.eclipse.jetty.server.handler.ContextHandler  - stopped o.e.j.s.ServletContextHandler{/inventory,null}
2018-08-06 06:30:52,090 [main] DEBUG org.eclipse.jetty.util.component.Container  - Container o.e.j.s.ServletContextHandler{/inventory,null} - org.eclipse.jetty.servlet.ServletHandler@3df0efd5 as handler
2018-08-06 06:30:52,090 [main] DEBUG org.eclipse.jetty.util.component.AbstractLifeCycle  - STOPPED o.e.j.s.ServletContextHandler{/inventory,null}
2018-08-06 06:30:52,090 [main] DEBUG org.eclipse.jetty.util.component.AbstractLifeCycle  - stopping o.e.j.w.WebAppContext{/s,file:/var/jenkins_home/workspace/Cumulocity-Platform-Services-BUILD/smartrest/src/test/webapp/}
2018-08-06 06:30:52,090 [main] DEBUG org.eclipse.jetty.util.component.AbstractLifeCycle  - stopping org.eclipse.jetty.server.session.SessionHandler@20363a3f
2018-08-06 06:30:52,090 [main] DEBUG org.eclipse.jetty.util.component.AbstractLifeCycle  - stopping org.eclipse.jetty.server.session.HashSessionManager@482a0e9e
2018-08-06 06:30:52,090 [main] DEBUG org.eclipse.jetty.util.component.AbstractLifeCycle  - STOPPED org.eclipse.jetty.server.session.HashSessionManager@482a0e9e
2018-08-06 06:30:52,090 [main] DEBUG org.eclipse.jetty.util.component.AbstractLifeCycle  - stopping org.eclipse.jetty.security.ConstraintSecurityHandler@4626d81c
2018-08-06 06:30:52,090 [main] DEBUG org.eclipse.jetty.util.component.AbstractLifeCycle  - stopping org.eclipse.jetty.servlet.ServletHandler@4a6948be
2018-08-06 06:30:52,090 [main] DEBUG org.eclipse.jetty.server.handler.AbstractHandler  - stopping org.eclipse.jetty.servlet.ServletHandler@4a6948be
2018-08-06 06:30:52,090 [main] DEBUG org.eclipse.jetty.util.component.AbstractLifeCycle  - stopping hiddenHttpMethodFilter
2018-08-06 06:30:52,090 [main] DEBUG org.eclipse.jetty.util.component.AbstractLifeCycle  - STOPPED hiddenHttpMethodFilter
2018-08-06 06:30:52,090 [main] DEBUG org.eclipse.jetty.util.component.AbstractLifeCycle  - stopping proxyRequestHandler
2018-08-06 06:30:52,090 [main] DEBUG org.eclipse.jetty.util.component.AbstractLifeCycle  - STOPPED proxyRequestHandler
2018-08-06 06:30:52,090 [main] DEBUG org.eclipse.jetty.util.component.AbstractLifeCycle  - stopping jsp
2018-08-06 06:30:52,090 [main] DEBUG org.eclipse.jetty.util.component.AbstractLifeCycle  - STOPPED jsp
2018-08-06 06:30:52,090 [main] DEBUG org.eclipse.jetty.util.component.AbstractLifeCycle  - stopping default
2018-08-06 06:30:52,090 [main] DEBUG org.eclipse.jetty.util.component.AbstractLifeCycle  - STOPPED default
2018-08-06 06:30:52,090 [main] DEBUG org.eclipse.jetty.util.component.AbstractLifeCycle  - STOPPED org.eclipse.jetty.servlet.ServletHandler@4a6948be
2018-08-06 06:30:52,090 [main] DEBUG org.eclipse.jetty.server.handler.AbstractHandler  - stopping org.eclipse.jetty.security.ConstraintSecurityHandler@4626d81c
2018-08-06 06:30:52,090 [main] DEBUG org.eclipse.jetty.util.component.AbstractLifeCycle  - STOPPED org.eclipse.jetty.security.ConstraintSecurityHandler@4626d81c
2018-08-06 06:30:52,090 [main] DEBUG org.eclipse.jetty.server.handler.AbstractHandler  - stopping org.eclipse.jetty.server.session.SessionHandler@20363a3f
2018-08-06 06:30:52,090 [main] DEBUG org.eclipse.jetty.util.component.AbstractLifeCycle  - STOPPED org.eclipse.jetty.server.session.SessionHandler@20363a3f
2018-08-06 06:30:52,090 [main] DEBUG org.eclipse.jetty.server.handler.AbstractHandler  - stopping o.e.j.w.WebAppContext{/s,file:/var/jenkins_home/workspace/Cumulocity-Platform-Services-BUILD/smartrest/src/test/webapp/}
2018-08-06 06:30:52,091 [main] INFO  SmartREST Proxy  - Closing Spring root WebApplicationContext
2018-08-06 06:30:52,091 [main] INFO  org.springframework.web.context.support.XmlWebApplicationContext  - Closing Root WebApplicationContext: startup date [Mon Aug 06 06:30:21 UTC 2018]; root of context hierarchy
2018-08-06 06:30:52,091 [main] DEBUG org.springframework.beans.factory.support.DefaultListableBeanFactory  - Returning cached instance of singleton bean &apos;lifecycleProcessor&apos;
2018-08-06 06:30:52,091 [main] INFO  org.springframework.beans.factory.support.DefaultListableBeanFactory  - Destroying singletons in org.springframework.beans.factory.support.DefaultListableBeanFactory@6e5374e: defining beans [com.cumulocity.common.config.PlatformEnvironment#0,org.springframework.context.support.PropertySourcesPlaceholderConfigurer#0,configLocations,org.springframework.context.annotation.internalConfigurationAnnotationProcessor,org.springframework.context.annotation.internalAutowiredAnnotationProcessor,org.springframework.context.annotation.internalRequiredAnnotationProcessor,org.springframework.context.annotation.internalCommonAnnotationProcessor,proxyRequestHandler,requestHandler,templateProvider,requestDispatcher,restDispatcherHttpClient,concurrentExecutor,org.springframework.context.annotation.ConfigurationClassPostProcessor.importAwareProcessor]; root of factory hierarchy
2018-08-06 06:30:52,091 [main] DEBUG org.springframework.beans.factory.support.DisposableBeanAdapter  - Invoking destroy() on bean with name &apos;concurrentExecutor&apos;
2018-08-06 06:30:52,091 [main] DEBUG org.springframework.beans.factory.support.DisposableBeanAdapter  - Invoking destroy() on bean with name &apos;restDispatcherHttpClient&apos;
2018-08-06 06:30:52,091 [main] DEBUG org.apache.http.impl.conn.tsccm.ThreadSafeClientConnManager  - Shutting down
2018-08-06 06:30:52,091 [main] DEBUG org.springframework.beans.factory.support.DefaultListableBeanFactory  - Retrieved dependent beans for bean &apos;configLocations&apos;: [com.cumulocity.common.config.PlatformEnvironment#0]
2018-08-06 06:30:52,091 [main] DEBUG org.springframework.beans.factory.support.DisposableBeanAdapter  - Invoking destroy() on bean with name &apos;configLocations&apos;
2018-08-06 06:30:52,091 [main] DEBUG org.eclipse.jetty.util.component.AbstractLifeCycle  - stopping org.eclipse.jetty.servlet.ErrorPageErrorHandler@bc6a29d
2018-08-06 06:30:52,091 [main] DEBUG org.eclipse.jetty.server.handler.AbstractHandler  - stopping org.eclipse.jetty.servlet.ErrorPageErrorHandler@bc6a29d
2018-08-06 06:30:52,091 [main] DEBUG org.eclipse.jetty.util.component.AbstractLifeCycle  - STOPPED org.eclipse.jetty.servlet.ErrorPageErrorHandler@bc6a29d
2018-08-06 06:30:52,091 [main] INFO  org.eclipse.jetty.server.handler.ContextHandler  - stopped o.e.j.w.WebAppContext{/s,file:/var/jenkins_home/workspace/Cumulocity-Platform-Services-BUILD/smartrest/src/test/webapp/}
2018-08-06 06:30:52,091 [main] DEBUG org.eclipse.jetty.util.component.Container  - Container o.e.j.w.WebAppContext{/s,file:/var/jenkins_home/workspace/Cumulocity-Platform-Services-BUILD/smartrest/src/test/webapp/} - org.eclipse.jetty.server.session.SessionHandler@20363a3f as handler
2018-08-06 06:30:52,091 [main] DEBUG org.eclipse.jetty.util.component.AbstractLifeCycle  - STOPPED o.e.j.w.WebAppContext{/s,file:/var/jenkins_home/workspace/Cumulocity-Platform-Services-BUILD/smartrest/src/test/webapp/}
2018-08-06 06:30:52,091 [main] DEBUG org.eclipse.jetty.util.component.AbstractLifeCycle  - stopping o.e.j.s.ServletContextHandler{/measurement,null}
2018-08-06 06:30:52,091 [main] DEBUG org.eclipse.jetty.util.component.AbstractLifeCycle  - stopping org.eclipse.jetty.servlet.ServletHandler@560a9228
2018-08-06 06:30:52,091 [main] DEBUG org.eclipse.jetty.server.handler.AbstractHandler  - stopping org.eclipse.jetty.servlet.ServletHandler@560a9228
2018-08-06 06:30:52,091 [main] DEBUG org.eclipse.jetty.util.component.AbstractLifeCycle  - stopping measurements
2018-08-06 06:30:52,091 [main] DEBUG org.eclipse.jetty.util.component.AbstractLifeCycle  - STOPPED measurements
2018-08-06 06:30:52,091 [main] DEBUG org.eclipse.jetty.util.component.AbstractLifeCycle  - STOPPED org.eclipse.jetty.servlet.ServletHandler@560a9228
2018-08-06 06:30:52,091 [main] DEBUG org.eclipse.jetty.server.handler.AbstractHandler  - stopping o.e.j.s.ServletContextHandler{/measurement,null}
2018-08-06 06:30:52,091 [main] INFO  org.eclipse.jetty.server.handler.ContextHandler  - stopped o.e.j.s.ServletContextHandler{/measurement,null}
2018-08-06 06:30:52,091 [main] DEBUG org.eclipse.jetty.util.component.Container  - Container o.e.j.s.ServletContextHandler{/measurement,null} - org.eclipse.jetty.servlet.ServletHandler@560a9228 as handler
2018-08-06 06:30:52,092 [main] DEBUG org.eclipse.jetty.util.component.AbstractLifeCycle  - STOPPED o.e.j.s.ServletContextHandler{/measurement,null}
2018-08-06 06:30:52,092 [main] DEBUG org.eclipse.jetty.util.component.AbstractLifeCycle  - stopping o.e.j.s.ServletContextHandler{/inventory,null}
2018-08-06 06:30:52,092 [main] DEBUG org.eclipse.jetty.util.component.AbstractLifeCycle  - stopping org.eclipse.jetty.servlet.ServletHandler@566b3836
2018-08-06 06:30:52,092 [main] DEBUG org.eclipse.jetty.server.handler.AbstractHandler  - stopping org.eclipse.jetty.servlet.ServletHandler@566b3836
2018-08-06 06:30:52,092 [main] DEBUG org.eclipse.jetty.util.component.AbstractLifeCycle  - stopping managedObjects
2018-08-06 06:30:52,092 [main] DEBUG org.eclipse.jetty.util.component.AbstractLifeCycle  - STOPPED managedObjects
2018-08-06 06:30:52,092 [main] DEBUG org.eclipse.jetty.util.component.AbstractLifeCycle  - STOPPED org.eclipse.jetty.servlet.ServletHandler@566b3836
2018-08-06 06:30:52,092 [main] DEBUG org.eclipse.jetty.server.handler.AbstractHandler  - stopping o.e.j.s.ServletContextHandler{/inventory,null}
2018-08-06 06:30:52,092 [main] INFO  org.eclipse.jetty.server.handler.ContextHandler  - stopped o.e.j.s.ServletContextHandler{/inventory,null}
2018-08-06 06:30:52,092 [main] DEBUG org.eclipse.jetty.util.component.Container  - Container o.e.j.s.ServletContextHandler{/inventory,null} - org.eclipse.jetty.servlet.ServletHandler@566b3836 as handler
2018-08-06 06:30:52,092 [main] DEBUG org.eclipse.jetty.util.component.AbstractLifeCycle  - STOPPED o.e.j.s.ServletContextHandler{/inventory,null}
2018-08-06 06:30:52,092 [main] DEBUG org.eclipse.jetty.util.component.AbstractLifeCycle  - stopping o.e.j.w.WebAppContext{/s,file:/var/jenkins_home/workspace/Cumulocity-Platform-Services-BUILD/smartrest/src/test/webapp/}
2018-08-06 06:30:52,092 [main] DEBUG org.eclipse.jetty.util.component.AbstractLifeCycle  - stopping org.eclipse.jetty.server.session.SessionHandler@1ce89199
2018-08-06 06:30:52,092 [main] DEBUG org.eclipse.jetty.util.component.AbstractLifeCycle  - stopping org.eclipse.jetty.server.session.HashSessionManager@68aee2a2
2018-08-06 06:30:52,092 [main] DEBUG org.eclipse.jetty.util.component.AbstractLifeCycle  - STOPPED org.eclipse.jetty.server.session.HashSessionManager@68aee2a2
2018-08-06 06:30:52,092 [main] DEBUG org.eclipse.jetty.util.component.AbstractLifeCycle  - stopping org.eclipse.jetty.security.ConstraintSecurityHandler@414128f7
2018-08-06 06:30:52,092 [main] DEBUG org.eclipse.jetty.util.component.AbstractLifeCycle  - stopping org.eclipse.jetty.servlet.ServletHandler@1538c1e3
2018-08-06 06:30:52,092 [main] DEBUG org.eclipse.jetty.server.handler.AbstractHandler  - stopping org.eclipse.jetty.servlet.ServletHandler@1538c1e3
2018-08-06 06:30:52,092 [main] DEBUG org.eclipse.jetty.util.component.AbstractLifeCycle  - stopping hiddenHttpMethodFilter
2018-08-06 06:30:52,092 [main] DEBUG org.eclipse.jetty.util.component.AbstractLifeCycle  - STOPPED hiddenHttpMethodFilter
2018-08-06 06:30:52,092 [main] DEBUG org.eclipse.jetty.util.component.AbstractLifeCycle  - stopping proxyRequestHandler
2018-08-06 06:30:52,092 [main] DEBUG org.eclipse.jetty.util.component.AbstractLifeCycle  - STOPPED proxyRequestHandler
2018-08-06 06:30:52,092 [main] DEBUG org.eclipse.jetty.util.component.AbstractLifeCycle  - stopping jsp
2018-08-06 06:30:52,092 [main] DEBUG org.eclipse.jetty.util.component.AbstractLifeCycle  - STOPPED jsp
2018-08-06 06:30:52,092 [main] DEBUG org.eclipse.jetty.util.component.AbstractLifeCycle  - stopping default
2018-08-06 06:30:52,092 [main] DEBUG org.eclipse.jetty.util.component.AbstractLifeCycle  - STOPPED default
2018-08-06 06:30:52,092 [main] DEBUG org.eclipse.jetty.util.component.AbstractLifeCycle  - STOPPED org.eclipse.jetty.servlet.ServletHandler@1538c1e3
2018-08-06 06:30:52,092 [main] DEBUG org.eclipse.jetty.server.handler.AbstractHandler  - stopping org.eclipse.jetty.security.ConstraintSecurityHandler@414128f7
2018-08-06 06:30:52,092 [main] DEBUG org.eclipse.jetty.util.component.AbstractLifeCycle  - STOPPED org.eclipse.jetty.security.ConstraintSecurityHandler@414128f7
2018-08-06 06:30:52,092 [main] DEBUG org.eclipse.jetty.server.handler.AbstractHandler  - stopping org.eclipse.jetty.server.session.SessionHandler@1ce89199
2018-08-06 06:30:52,092 [main] DEBUG org.eclipse.jetty.util.component.AbstractLifeCycle  - STOPPED org.eclipse.jetty.server.session.SessionHandler@1ce89199
2018-08-06 06:30:52,092 [main] DEBUG org.eclipse.jetty.server.handler.AbstractHandler  - stopping o.e.j.w.WebAppContext{/s,file:/var/jenkins_home/workspace/Cumulocity-Platform-Services-BUILD/smartrest/src/test/webapp/}
2018-08-06 06:30:52,092 [main] INFO  SmartREST Proxy  - Closing Spring root WebApplicationContext
2018-08-06 06:30:52,092 [main] INFO  org.springframework.web.context.support.XmlWebApplicationContext  - Closing Root WebApplicationContext: startup date [Mon Aug 06 06:30:21 UTC 2018]; root of context hierarchy
2018-08-06 06:30:52,092 [main] DEBUG org.springframework.beans.factory.support.DefaultListableBeanFactory  - Returning cached instance of singleton bean &apos;lifecycleProcessor&apos;
2018-08-06 06:30:52,092 [main] INFO  org.springframework.beans.factory.support.DefaultListableBeanFactory  - Destroying singletons in org.springframework.beans.factory.support.DefaultListableBeanFactory@30ec706b: defining beans [com.cumulocity.common.config.PlatformEnvironment#0,org.springframework.context.support.PropertySourcesPlaceholderConfigurer#0,configLocations,org.springframework.context.annotation.internalConfigurationAnnotationProcessor,org.springframework.context.annotation.internalAutowiredAnnotationProcessor,org.springframework.context.annotation.internalRequiredAnnotationProcessor,org.springframework.context.annotation.internalCommonAnnotationProcessor,proxyRequestHandler,requestHandler,templateProvider,requestDispatcher,restDispatcherHttpClient,concurrentExecutor,org.springframework.context.annotation.ConfigurationClassPostProcessor.importAwareProcessor]; root of factory hierarchy
2018-08-06 06:30:52,092 [main] DEBUG org.springframework.beans.factory.support.DisposableBeanAdapter  - Invoking destroy() on bean with name &apos;concurrentExecutor&apos;
2018-08-06 06:30:52,092 [main] DEBUG org.springframework.beans.factory.support.DisposableBeanAdapter  - Invoking destroy() on bean with name &apos;restDispatcherHttpClient&apos;
2018-08-06 06:30:52,092 [main] DEBUG org.apache.http.impl.conn.tsccm.ThreadSafeClientConnManager  - Shutting down
2018-08-06 06:30:52,093 [main] DEBUG org.springframework.beans.factory.support.DefaultListableBeanFactory  - Retrieved dependent beans for bean &apos;configLocations&apos;: [com.cumulocity.common.config.PlatformEnvironment#0]
2018-08-06 06:30:52,093 [main] DEBUG org.springframework.beans.factory.support.DisposableBeanAdapter  - Invoking destroy() on bean with name &apos;configLocations&apos;
2018-08-06 06:30:52,093 [main] DEBUG org.eclipse.jetty.util.component.AbstractLifeCycle  - stopping org.eclipse.jetty.servlet.ErrorPageErrorHandler@5e7cf14d
2018-08-06 06:30:52,093 [main] DEBUG org.eclipse.jetty.server.handler.AbstractHandler  - stopping org.eclipse.jetty.servlet.ErrorPageErrorHandler@5e7cf14d
2018-08-06 06:30:52,093 [main] DEBUG org.eclipse.jetty.util.component.AbstractLifeCycle  - STOPPED org.eclipse.jetty.servlet.ErrorPageErrorHandler@5e7cf14d
2018-08-06 06:30:52,093 [main] INFO  org.eclipse.jetty.server.handler.ContextHandler  - stopped o.e.j.w.WebAppContext{/s,file:/var/jenkins_home/workspace/Cumulocity-Platform-Services-BUILD/smartrest/src/test/webapp/}
2018-08-06 06:30:52,093 [main] DEBUG org.eclipse.jetty.util.component.Container  - Container o.e.j.w.WebAppContext{/s,file:/var/jenkins_home/workspace/Cumulocity-Platform-Services-BUILD/smartrest/src/test/webapp/} - org.eclipse.jetty.server.session.SessionHandler@1ce89199 as handler
2018-08-06 06:30:52,093 [main] DEBUG org.eclipse.jetty.util.component.AbstractLifeCycle  - STOPPED o.e.j.w.WebAppContext{/s,file:/var/jenkins_home/workspace/Cumulocity-Platform-Services-BUILD/smartrest/src/test/webapp/}
2018-08-06 06:30:52,093 [main] DEBUG org.eclipse.jetty.util.component.AbstractLifeCycle  - STOPPED org.eclipse.jetty.server.handler.HandlerList@3a45590
2018-08-06 06:30:52,093 [main] DEBUG org.eclipse.jetty.server.handler.AbstractHandler  - stopping org.eclipse.jetty.server.Server@2fb710a3
2018-08-06 06:30:52,093 [main] DEBUG org.eclipse.jetty.util.component.AbstractLifeCycle  - stopping org.eclipse.jetty.server.session.HashSessionIdManager@78a47ef
2018-08-06 06:30:52,093 [main] DEBUG org.eclipse.jetty.util.component.AbstractLifeCycle  - STOPPED org.eclipse.jetty.server.session.HashSessionIdManager@78a47ef
2018-08-06 06:30:52,093 [main] DEBUG org.eclipse.jetty.util.component.AbstractLifeCycle  - stopping qtp434987726{8&lt;=8&lt;=8/254,0}
2018-08-06 06:30:52,145 [main] DEBUG org.eclipse.jetty.util.component.AbstractLifeCycle  - STOPPED qtp434987726{8&lt;=0&lt;=0/254,6}
2018-08-06 06:30:52,145 [main] DEBUG org.eclipse.jetty.util.component.AbstractLifeCycle  - STOPPED org.eclipse.jetty.server.Server@2fb710a3
</stdout>
          <failedSince>3614</failedSince>
        </case>
      </cases>
    </suite>
    <suite>
      <file>/var/jenkins_home/workspace/Cumulocity-Platform-Services-BUILD/smartrest/target/surefire-reports/TEST-com.cumulocity.smartrest.SmartRequestTest.xml</file>
      <name>com.cumulocity.smartrest.SmartRequestTest</name>
      <duration>0.255</duration>
      <time>0.255</time>
      <enclosingBlocks/>
      <enclosingBlockNames/>
      <cases>
        <case>
          <duration>0.177</duration>
          <className>com.cumulocity.smartrest.SmartRequestTest</className>
          <testName>testReader</testName>
          <skipped>false</skipped>
          <failedSince>0</failedSince>
        </case>
      </cases>
    </suite>
    <suite>
      <file>/var/jenkins_home/workspace/Cumulocity-Platform-Services-BUILD/smartrest/target/surefire-reports/TEST-com.cumulocity.smartrest.SmartResponseTest.xml</file>
      <name>com.cumulocity.smartrest.SmartResponseTest</name>
      <duration>0.021</duration>
      <time>0.021</time>
      <enclosingBlocks/>
      <enclosingBlockNames/>
      <cases>
        <case>
          <duration>0.021</duration>
          <className>com.cumulocity.smartrest.SmartResponseTest</className>
          <testName>testWriter</testName>
          <skipped>false</skipped>
          <failedSince>0</failedSince>
        </case>
      </cases>
    </suite>
    <suite>
      <file>/var/jenkins_home/workspace/Cumulocity-Platform-Services-BUILD/smartrest/target/surefire-reports/TEST-com.cumulocity.smartrest.SmartRowTest.xml</file>
      <name>com.cumulocity.smartrest.SmartRowTest</name>
      <duration>0.0</duration>
      <time>0</time>
      <enclosingBlocks/>
      <enclosingBlockNames/>
      <cases>
        <case>
          <duration>0.0</duration>
          <className>com.cumulocity.smartrest.SmartRowTest</className>
          <testName>testSmartRow</testName>
          <skipped>false</skipped>
          <failedSince>0</failedSince>
        </case>
      </cases>
    </suite>
    <suite>
      <file>/var/jenkins_home/workspace/Cumulocity-Platform-Services-BUILD/smartrest/target/surefire-reports/TEST-com.cumulocity.smartrest.TemplateProviderTest.xml</file>
      <name>com.cumulocity.smartrest.TemplateProviderTest</name>
      <duration>0.0</duration>
      <time>0</time>
      <enclosingBlocks/>
      <enclosingBlockNames/>
      <cases>
        <case>
          <duration>0.0</duration>
          <className>com.cumulocity.smartrest.TemplateProviderTest</className>
          <testName>shouldReturnTemplateForGivenId</testName>
          <skipped>false</skipped>
          <failedSince>0</failedSince>
        </case>
        <case>
          <duration>0.0</duration>
          <className>com.cumulocity.smartrest.TemplateProviderTest</className>
          <testName>shouldReturnNullIfTemplateNotExist</testName>
          <skipped>false</skipped>
          <failedSince>0</failedSince>
        </case>
        <case>
          <duration>0.0</duration>
          <className>com.cumulocity.smartrest.TemplateProviderTest</className>
          <testName>shouldThrowExceptionIfManagedObjectHasNoTemplateFragment</testName>
          <skipped>false</skipped>
          <failedSince>0</failedSince>
        </case>
      </cases>
    </suite>
    <suite>
      <file>/var/jenkins_home/workspace/Cumulocity-Platform-Services-BUILD/smartrest/target/surefire-reports/TEST-com.cumulocity.smartrest.evaluator.GetSmartRestTemplateResponseEvaluatorTest.xml</file>
      <name>com.cumulocity.smartrest.evaluator.GetSmartRestTemplateResponseEvaluatorTest</name>
      <duration>0.027</duration>
      <time>0.027</time>
      <enclosingBlocks/>
      <enclosingBlockNames/>
      <cases>
        <case>
          <duration>0.027</duration>
          <className>com.cumulocity.smartrest.evaluator.GetSmartRestTemplateResponseEvaluatorTest</className>
          <testName>shouldParseCorrectTemplate</testName>
          <skipped>false</skipped>
          <failedSince>0</failedSince>
        </case>
      </cases>
    </suite>
    <suite>
      <file>/var/jenkins_home/workspace/Cumulocity-Platform-Services-BUILD/smartrest/target/surefire-reports/TEST-com.cumulocity.smartrest.evaluator.NewTemplateResponseEvaluatorTest.xml</file>
      <name>com.cumulocity.smartrest.evaluator.NewTemplateResponseEvaluatorTest</name>
      <duration>0.001</duration>
      <time>0.001</time>
      <enclosingBlocks/>
      <enclosingBlockNames/>
      <cases>
        <case>
          <duration>0.0</duration>
          <className>com.cumulocity.smartrest.evaluator.NewTemplateResponseEvaluatorTest</className>
          <testName>test4</testName>
          <skipped>false</skipped>
          <failedSince>0</failedSince>
        </case>
        <case>
          <duration>0.0</duration>
          <className>com.cumulocity.smartrest.evaluator.NewTemplateResponseEvaluatorTest</className>
          <testName>test1</testName>
          <skipped>false</skipped>
          <failedSince>0</failedSince>
        </case>
        <case>
          <duration>0.0</duration>
          <className>com.cumulocity.smartrest.evaluator.NewTemplateResponseEvaluatorTest</className>
          <testName>test2</testName>
          <skipped>false</skipped>
          <failedSince>0</failedSince>
        </case>
        <case>
          <duration>0.001</duration>
          <className>com.cumulocity.smartrest.evaluator.NewTemplateResponseEvaluatorTest</className>
          <testName>test3</testName>
          <skipped>false</skipped>
          <failedSince>0</failedSince>
        </case>
      </cases>
    </suite>
    <suite>
      <file>/var/jenkins_home/workspace/Cumulocity-Platform-Services-BUILD/smartrest/target/surefire-reports/TEST-com.cumulocity.smartrest.evaluator.TemplateResponseEvaluatorTest.xml</file>
      <name>com.cumulocity.smartrest.evaluator.TemplateResponseEvaluatorTest</name>
      <duration>0.11</duration>
      <time>0.11</time>
      <enclosingBlocks/>
      <enclosingBlockNames/>
      <cases>
        <case>
          <duration>0.099</duration>
          <className>com.cumulocity.smartrest.evaluator.TemplateResponseEvaluatorTest</className>
          <testName>shouldEvaluateSingleObjectResponse</testName>
          <skipped>false</skipped>
          <failedSince>0</failedSince>
        </case>
        <case>
          <duration>0.003</duration>
          <className>com.cumulocity.smartrest.evaluator.TemplateResponseEvaluatorTest</className>
          <testName>shouldEvaluateMultipleObjectsResponse</testName>
          <skipped>false</skipped>
          <failedSince>0</failedSince>
        </case>
        <case>
          <duration>0.002</duration>
          <className>com.cumulocity.smartrest.evaluator.TemplateResponseEvaluatorTest</className>
          <testName>shouldHandleErrorResponse</testName>
          <skipped>false</skipped>
          <failedSince>0</failedSince>
        </case>
        <case>
          <duration>0.0</duration>
          <className>com.cumulocity.smartrest.evaluator.TemplateResponseEvaluatorTest</className>
          <testName>shouldHandlePlatformInitializingResponse</testName>
          <skipped>true</skipped>
          <failedSince>0</failedSince>
        </case>
        <case>
          <duration>0.002</duration>
          <className>com.cumulocity.smartrest.evaluator.TemplateResponseEvaluatorTest</className>
          <testName>test5</testName>
          <skipped>false</skipped>
          <failedSince>0</failedSince>
        </case>
        <case>
          <duration>0.0</duration>
          <className>com.cumulocity.smartrest.evaluator.TemplateResponseEvaluatorTest</className>
          <testName>shouldEvaluateEmptyResponse</testName>
          <skipped>false</skipped>
          <failedSince>0</failedSince>
        </case>
      </cases>
    </suite>
    <suite>
      <file>/var/jenkins_home/workspace/Cumulocity-Platform-Services-BUILD/smartrest/target/surefire-reports/TEST-com.cumulocity.smartrest.resolver.NewTemplateIdentityRequestResolverTest.xml</file>
      <name>com.cumulocity.smartrest.resolver.NewTemplateIdentityRequestResolverTest</name>
      <duration>0.486</duration>
      <time>0.486</time>
      <enclosingBlocks/>
      <enclosingBlockNames/>
      <cases>
        <case>
          <duration>0.484</duration>
          <className>com.cumulocity.smartrest.resolver.NewTemplateIdentityRequestResolverTest</className>
          <testName>test</testName>
          <skipped>false</skipped>
          <failedSince>0</failedSince>
        </case>
      </cases>
    </suite>
    <suite>
      <file>/var/jenkins_home/workspace/Cumulocity-Platform-Services-BUILD/smartrest/target/surefire-reports/TEST-com.cumulocity.smartrest.resolver.NewTemplateRequestResolverTest.xml</file>
      <name>com.cumulocity.smartrest.resolver.NewTemplateRequestResolverTest</name>
      <duration>0.295</duration>
      <time>0.295</time>
      <enclosingBlocks/>
      <enclosingBlockNames/>
      <cases>
        <case>
          <duration>0.285</duration>
          <className>com.cumulocity.smartrest.resolver.NewTemplateRequestResolverTest</className>
          <testName>scenario1</testName>
          <skipped>false</skipped>
          <failedSince>0</failedSince>
        </case>
        <case>
          <duration>0.0</duration>
          <className>com.cumulocity.smartrest.resolver.NewTemplateRequestResolverTest</className>
          <testName>scenario2InvalidMsgIds</testName>
          <skipped>false</skipped>
          <failedSince>0</failedSince>
        </case>
        <case>
          <duration>0.001</duration>
          <className>com.cumulocity.smartrest.resolver.NewTemplateRequestResolverTest</className>
          <testName>scenario4InvalidMethod</testName>
          <skipped>false</skipped>
          <failedSince>0</failedSince>
        </case>
        <case>
          <duration>0.001</duration>
          <className>com.cumulocity.smartrest.resolver.NewTemplateRequestResolverTest</className>
          <testName>scenario5WrongNumberOfArgs</testName>
          <skipped>false</skipped>
          <failedSince>0</failedSince>
        </case>
        <case>
          <duration>0.001</duration>
          <className>com.cumulocity.smartrest.resolver.NewTemplateRequestResolverTest</className>
          <testName>scenario6BadMsgId</testName>
          <skipped>false</skipped>
          <failedSince>0</failedSince>
        </case>
        <case>
          <duration>0.001</duration>
          <className>com.cumulocity.smartrest.resolver.NewTemplateRequestResolverTest</className>
          <testName>scenarioDuplicateMsgIdRequest</testName>
          <skipped>false</skipped>
          <failedSince>0</failedSince>
        </case>
        <case>
          <duration>0.001</duration>
          <className>com.cumulocity.smartrest.resolver.NewTemplateRequestResolverTest</className>
          <testName>scenarioDuplicateMsgIdResponse</testName>
          <skipped>false</skipped>
          <failedSince>0</failedSince>
        </case>
        <case>
          <duration>0.001</duration>
          <className>com.cumulocity.smartrest.resolver.NewTemplateRequestResolverTest</className>
          <testName>scenario7TooFewArgs</testName>
          <skipped>false</skipped>
          <failedSince>0</failedSince>
        </case>
        <case>
          <duration>0.001</duration>
          <className>com.cumulocity.smartrest.resolver.NewTemplateRequestResolverTest</className>
          <testName>scenario8BadMsgId</testName>
          <skipped>false</skipped>
          <failedSince>0</failedSince>
        </case>
      </cases>
    </suite>
    <suite>
      <file>/var/jenkins_home/workspace/Cumulocity-Platform-Services-BUILD/smartrest/target/surefire-reports/TEST-com.cumulocity.smartrest.resolver.TemplateRequestResolverTest.xml</file>
      <name>com.cumulocity.smartrest.resolver.TemplateRequestResolverTest</name>
      <duration>0.05</duration>
      <time>0.05</time>
      <enclosingBlocks/>
      <enclosingBlockNames/>
      <cases>
        <case>
          <duration>0.004</duration>
          <className>com.cumulocity.smartrest.resolver.TemplateRequestResolverTest</className>
          <testName>testGet</testName>
          <skipped>false</skipped>
          <failedSince>0</failedSince>
        </case>
        <case>
          <duration>0.001</duration>
          <className>com.cumulocity.smartrest.resolver.TemplateRequestResolverTest</className>
          <testName>testPost</testName>
          <skipped>false</skipped>
          <failedSince>0</failedSince>
        </case>
        <case>
          <duration>0.0</duration>
          <className>com.cumulocity.smartrest.resolver.TemplateRequestResolverTest</className>
          <testName>testGetWithValues</testName>
          <skipped>false</skipped>
          <failedSince>0</failedSince>
        </case>
        <case>
          <duration>0.004</duration>
          <className>com.cumulocity.smartrest.resolver.TemplateRequestResolverTest</className>
          <testName>testGetWithValuesValidated</testName>
          <skipped>false</skipped>
          <failedSince>0</failedSince>
        </case>
        <case>
          <duration>0.0</duration>
          <className>com.cumulocity.smartrest.resolver.TemplateRequestResolverTest</className>
          <testName>testGetWithValuesInvalid</testName>
          <skipped>false</skipped>
          <failedSince>0</failedSince>
        </case>
        <case>
          <duration>0.001</duration>
          <className>com.cumulocity.smartrest.resolver.TemplateRequestResolverTest</className>
          <testName>testPostWithProcessingMode</testName>
          <skipped>false</skipped>
          <failedSince>0</failedSince>
        </case>
        <case>
          <duration>0.001</duration>
          <className>com.cumulocity.smartrest.resolver.TemplateRequestResolverTest</className>
          <testName>testPutWithProcessingMode</testName>
          <skipped>false</skipped>
          <failedSince>0</failedSince>
        </case>
        <case>
          <duration>0.001</duration>
          <className>com.cumulocity.smartrest.resolver.TemplateRequestResolverTest</className>
          <testName>testDeleteWithProcessingMode</testName>
          <skipped>false</skipped>
          <failedSince>0</failedSince>
        </case>
        <case>
          <duration>0.001</duration>
          <className>com.cumulocity.smartrest.resolver.TemplateRequestResolverTest</className>
          <testName>testPostWithValues</testName>
          <skipped>false</skipped>
          <failedSince>0</failedSince>
        </case>
        <case>
          <duration>0.001</duration>
          <className>com.cumulocity.smartrest.resolver.TemplateRequestResolverTest</className>
          <testName>testPostWithValuesValidated</testName>
          <skipped>false</skipped>
          <failedSince>0</failedSince>
        </case>
        <case>
          <duration>0.0</duration>
          <className>com.cumulocity.smartrest.resolver.TemplateRequestResolverTest</className>
          <testName>testPostWithValuesInvalid</testName>
          <skipped>false</skipped>
          <failedSince>0</failedSince>
        </case>
        <case>
          <duration>0.0</duration>
          <className>com.cumulocity.smartrest.resolver.TemplateRequestResolverTest</className>
          <testName>testGetTooManyValues</testName>
          <skipped>false</skipped>
          <failedSince>0</failedSince>
        </case>
        <case>
          <duration>0.001</duration>
          <className>com.cumulocity.smartrest.resolver.TemplateRequestResolverTest</className>
          <testName>testPostNotEnoughValues</testName>
          <skipped>false</skipped>
          <failedSince>0</failedSince>
        </case>
        <case>
          <duration>0.025</duration>
          <className>com.cumulocity.smartrest.resolver.TemplateRequestResolverTest</className>
          <testName>testNOWParameterAtTheEnd</testName>
          <skipped>false</skipped>
          <failedSince>0</failedSince>
        </case>
        <case>
          <duration>0.001</duration>
          <className>com.cumulocity.smartrest.resolver.TemplateRequestResolverTest</className>
          <testName>testNOWParameterAnywhere</testName>
          <skipped>false</skipped>
          <failedSince>0</failedSince>
        </case>
        <case>
          <duration>0.001</duration>
          <className>com.cumulocity.smartrest.resolver.TemplateRequestResolverTest</className>
          <testName>testStringToNull</testName>
          <skipped>false</skipped>
          <failedSince>0</failedSince>
        </case>
        <case>
          <duration>0.0</duration>
          <className>com.cumulocity.smartrest.resolver.TemplateRequestResolverTest</className>
          <testName>testStringToNullAndNow</testName>
          <skipped>false</skipped>
          <failedSince>0</failedSince>
        </case>
      </cases>
    </suite>
    <suite>
      <file>/var/jenkins_home/workspace/Cumulocity-Platform-Services-BUILD/smartrest/target/surefire-reports/TEST-com.cumulocity.smartrest.validator.SmartRowValidatorTest.xml</file>
      <name>com.cumulocity.smartrest.validator.SmartRowValidatorTest</name>
      <duration>0.003</duration>
      <time>0.003</time>
      <enclosingBlocks/>
      <enclosingBlockNames/>
      <cases>
        <case>
          <duration>0.001</duration>
          <className>com.cumulocity.smartrest.validator.SmartRowValidatorTest</className>
          <testName>testInvalid</testName>
          <skipped>false</skipped>
          <failedSince>0</failedSince>
        </case>
        <case>
          <duration>0.0</duration>
          <className>com.cumulocity.smartrest.validator.SmartRowValidatorTest</className>
          <testName>testValid</testName>
          <skipped>false</skipped>
          <failedSince>0</failedSince>
        </case>
        <case>
          <duration>0.0</duration>
          <className>com.cumulocity.smartrest.validator.SmartRowValidatorTest</className>
          <testName>testNotEnoughValues</testName>
          <skipped>false</skipped>
          <failedSince>0</failedSince>
        </case>
        <case>
          <duration>0.001</duration>
          <className>com.cumulocity.smartrest.validator.SmartRowValidatorTest</className>
          <testName>testTooMuchValues</testName>
          <skipped>false</skipped>
          <failedSince>0</failedSince>
        </case>
      </cases>
    </suite>
    <suite>
      <file>/var/jenkins_home/workspace/Cumulocity-Platform-Services-BUILD/smartrest/target/surefire-reports/TEST-com.cumulocity.smartrest.validator.ValueTypeValidatorTest.xml</file>
      <name>com.cumulocity.smartrest.validator.ValueTypeValidatorTest</name>
      <duration>0.003</duration>
      <time>0.003</time>
      <enclosingBlocks/>
      <enclosingBlockNames/>
      <cases>
        <case>
          <duration>0.003</duration>
          <className>com.cumulocity.smartrest.validator.ValueTypeValidatorTest</className>
          <testName>testValid</testName>
          <skipped>false</skipped>
          <failedSince>0</failedSince>
        </case>
      </cases>
    </suite>
    <suite>
      <file>/var/jenkins_home/workspace/Cumulocity-Platform-Services-BUILD/sms/sms-service/target/surefire-reports/TEST-com.cumulocity.sms.service.impl.SmsServiceImplTest.xml</file>
      <name>com.cumulocity.sms.service.impl.SmsServiceImplTest</name>
      <duration>0.448</duration>
      <time>0.448</time>
      <enclosingBlocks/>
      <enclosingBlockNames/>
      <cases>
        <case>
          <duration>0.429</duration>
          <className>com.cumulocity.sms.service.impl.SmsServiceImplTest</className>
          <testName>shouldSendNormalizedSms</testName>
          <skipped>false</skipped>
          <failedSince>0</failedSince>
        </case>
        <case>
          <duration>0.003</duration>
          <className>com.cumulocity.sms.service.impl.SmsServiceImplTest</className>
          <testName>test</testName>
          <skipped>false</skipped>
          <failedSince>0</failedSince>
        </case>
      </cases>
    </suite>
    <suite>
      <file>/var/jenkins_home/workspace/Cumulocity-Platform-Services-BUILD/sms/sms-service/target/surefire-reports/TEST-com.cumulocity.sms.service.impl.TfaPropertiesReaderTest.xml</file>
      <name>com.cumulocity.sms.service.impl.TfaPropertiesReaderTest</name>
      <duration>0.418</duration>
      <time>0.418</time>
      <enclosingBlocks/>
      <enclosingBlockNames/>
      <cases>
        <case>
          <duration>0.291</duration>
          <className>com.cumulocity.sms.service.impl.TfaPropertiesReaderTest</className>
          <testName>shouldFindPropertiesForOpenit</testName>
          <skipped>false</skipped>
          <failedSince>0</failedSince>
        </case>
        <case>
          <duration>0.013</duration>
          <className>com.cumulocity.sms.service.impl.TfaPropertiesReaderTest</className>
          <testName>shouldFindPropertiesForJasper</testName>
          <skipped>false</skipped>
          <failedSince>0</failedSince>
        </case>
        <case>
          <duration>0.013</duration>
          <className>com.cumulocity.sms.service.impl.TfaPropertiesReaderTest</className>
          <testName>shouldFindPropertiesForEricsson</testName>
          <skipped>false</skipped>
          <failedSince>0</failedSince>
        </case>
        <case>
          <duration>0.013</duration>
          <className>com.cumulocity.sms.service.impl.TfaPropertiesReaderTest</className>
          <testName>shouldFindPropertiesForTelstra</testName>
          <skipped>false</skipped>
          <failedSince>0</failedSince>
        </case>
        <case>
          <duration>0.002</duration>
          <className>com.cumulocity.sms.service.impl.TfaPropertiesReaderTest</className>
          <testName>shouldNotFindAnyProperties</testName>
          <skipped>false</skipped>
          <failedSince>0</failedSince>
        </case>
        <case>
          <duration>0.013</duration>
          <className>com.cumulocity.sms.service.impl.TfaPropertiesReaderTest</className>
          <testName>shouldFindPropertiesForTropo</testName>
          <skipped>false</skipped>
          <failedSince>0</failedSince>
        </case>
      </cases>
    </suite>
    <suite>
      <file>/var/jenkins_home/workspace/Cumulocity-Platform-Services-BUILD/sms/sms-service/target/surefire-reports/TEST-com.cumulocity.sms.service.impl.TfaSmsServiceImplTest.xml</file>
      <name>com.cumulocity.sms.service.impl.TfaSmsServiceImplTest</name>
      <duration>0.022</duration>
      <time>0.022</time>
      <enclosingBlocks/>
      <enclosingBlockNames/>
      <cases>
        <case>
          <duration>0.022</duration>
          <className>com.cumulocity.sms.service.impl.TfaSmsServiceImplTest</className>
          <testName>shouldAddHeaderForTfaProvider</testName>
          <skipped>false</skipped>
          <failedSince>0</failedSince>
        </case>
      </cases>
    </suite>
    <suite>
      <file>/var/jenkins_home/workspace/Cumulocity-Platform-Services-BUILD/template-management/template-management-service/target/surefire-reports/TEST-com.cumulocity.template.service.TemplateTranslationServiceImplTest.xml</file>
      <name>com.cumulocity.template.service.TemplateTranslationServiceImplTest</name>
      <duration>0.724</duration>
      <time>0.724</time>
      <enclosingBlocks/>
      <enclosingBlockNames/>
      <cases>
        <case>
          <duration>0.469</duration>
          <className>com.cumulocity.template.service.TemplateTranslationServiceImplTest</className>
          <testName>testGetTemplateWithExternalIdSuccess</testName>
          <skipped>false</skipped>
          <failedSince>0</failedSince>
        </case>
        <case>
          <duration>0.001</duration>
          <className>com.cumulocity.template.service.TemplateTranslationServiceImplTest</className>
          <testName>testGetTemplateWithGIdSuccess</testName>
          <skipped>false</skipped>
          <failedSince>0</failedSince>
        </case>
        <case>
          <duration>0.001</duration>
          <className>com.cumulocity.template.service.TemplateTranslationServiceImplTest</className>
          <testName>testGetTemplateExternalIdFail</testName>
          <skipped>false</skipped>
          <failedSince>0</failedSince>
        </case>
        <case>
          <duration>0.0</duration>
          <className>com.cumulocity.template.service.TemplateTranslationServiceImplTest</className>
          <testName>testGetTemplateWithGIdFail</testName>
          <skipped>false</skipped>
          <failedSince>0</failedSince>
        </case>
        <case>
          <duration>0.14</duration>
          <className>com.cumulocity.template.service.TemplateTranslationServiceImplTest</className>
          <testName>parseRealtimeTemplateTest</testName>
          <skipped>false</skipped>
          <failedSince>0</failedSince>
        </case>
        <case>
          <duration>0.004</duration>
          <className>com.cumulocity.template.service.TemplateTranslationServiceImplTest</className>
          <testName>parseDevicePushTemplateTest</testName>
          <skipped>false</skipped>
          <failedSince>0</failedSince>
        </case>
        <case>
          <duration>0.001</duration>
          <className>com.cumulocity.template.service.TemplateTranslationServiceImplTest</className>
          <testName>parseFragmentsInDevicePush</testName>
          <skipped>false</skipped>
          <failedSince>0</failedSince>
        </case>
        <case>
          <duration>0.001</duration>
          <className>com.cumulocity.template.service.TemplateTranslationServiceImplTest</className>
          <testName>escapeValuesCorrectly</testName>
          <skipped>false</skipped>
          <failedSince>0</failedSince>
        </case>
      </cases>
    </suite>
    <suite>
      <file>/var/jenkins_home/workspace/Cumulocity-Platform-Services-BUILD/tenant-management/auth-lib/target/surefire-reports/TEST-com.cumulocity.authlib.aop.DefaultSecurityAspectTest.xml</file>
      <name>com.cumulocity.authlib.aop.DefaultSecurityAspectTest</name>
      <duration>1.21</duration>
      <time>1.21</time>
      <enclosingBlocks/>
      <enclosingBlockNames/>
      <cases>
        <case>
          <duration>0.851</duration>
          <className>com.cumulocity.authlib.aop.DefaultSecurityAspectTest</className>
          <testName>shouldApplyDefaultSecurityForUnsecureObject</testName>
          <skipped>false</skipped>
          <failedSince>0</failedSince>
        </case>
        <case>
          <duration>0.176</duration>
          <className>com.cumulocity.authlib.aop.DefaultSecurityAspectTest</className>
          <testName>shouldApplyDefaultSecurityForPartiallySecureObject</testName>
          <skipped>false</skipped>
          <failedSince>0</failedSince>
        </case>
        <case>
          <duration>0.137</duration>
          <className>com.cumulocity.authlib.aop.DefaultSecurityAspectTest</className>
          <testName>shouldNotApplyDefaultSecurityForSecuredObject</testName>
          <skipped>false</skipped>
          <failedSince>0</failedSince>
        </case>
      </cases>
    </suite>
    <suite>
      <file>/var/jenkins_home/workspace/Cumulocity-Platform-Services-BUILD/tenant-management/auth-lib/target/surefire-reports/TEST-com.cumulocity.authlib.authentication.BadRequestCounterTest.xml</file>
      <name>com.cumulocity.authlib.authentication.BadRequestCounterTest</name>
      <duration>0.005</duration>
      <time>0.005</time>
      <enclosingBlocks/>
      <enclosingBlockNames/>
      <cases>
        <case>
          <duration>0.002</duration>
          <className>com.cumulocity.authlib.authentication.BadRequestCounterTest</className>
          <testName>shouldIncreaseCounter</testName>
          <skipped>false</skipped>
          <failedSince>0</failedSince>
        </case>
        <case>
          <duration>0.001</duration>
          <className>com.cumulocity.authlib.authentication.BadRequestCounterTest</className>
          <testName>counterIsNotExceededForNewTenantUserPair</testName>
          <skipped>false</skipped>
          <failedSince>0</failedSince>
        </case>
        <case>
          <duration>0.001</duration>
          <className>com.cumulocity.authlib.authentication.BadRequestCounterTest</className>
          <testName>shouldResetCounter</testName>
          <skipped>false</skipped>
          <failedSince>0</failedSince>
        </case>
        <case>
          <duration>0.001</duration>
          <className>com.cumulocity.authlib.authentication.BadRequestCounterTest</className>
          <testName>shouldReadCounterLimitFromOptions</testName>
          <skipped>false</skipped>
          <failedSince>0</failedSince>
        </case>
      </cases>
    </suite>
    <suite>
      <file>/var/jenkins_home/workspace/Cumulocity-Platform-Services-BUILD/tenant-management/auth-lib/target/surefire-reports/TEST-com.cumulocity.authlib.authentication.CumulocityAuthenticationProviderTest.xml</file>
      <name>com.cumulocity.authlib.authentication.CumulocityAuthenticationProviderTest</name>
      <duration>0.02</duration>
      <time>0.02</time>
      <enclosingBlocks/>
      <enclosingBlockNames/>
      <cases>
        <case>
          <duration>0.017</duration>
          <className>com.cumulocity.authlib.authentication.CumulocityAuthenticationProviderTest</className>
          <testName>shouldAuthenticateForNonLockedAccountAndGoodPassword</testName>
          <skipped>false</skipped>
          <failedSince>0</failedSince>
        </case>
        <case>
          <duration>0.001</duration>
          <className>com.cumulocity.authlib.authentication.CumulocityAuthenticationProviderTest</className>
          <testName>shouldThrowBadCredentialsForLockedAccountAndInvalidPassword</testName>
          <skipped>false</skipped>
          <failedSince>0</failedSince>
        </case>
        <case>
          <duration>0.0</duration>
          <className>com.cumulocity.authlib.authentication.CumulocityAuthenticationProviderTest</className>
          <testName>shouldThrowBadCredentialsForNonLockedAccountAndInvalidPassword</testName>
          <skipped>false</skipped>
          <failedSince>0</failedSince>
        </case>
        <case>
          <duration>0.001</duration>
          <className>com.cumulocity.authlib.authentication.CumulocityAuthenticationProviderTest</className>
          <testName>shouldThrowAccountIsLockedForLockedAccountAndGoodPassword</testName>
          <skipped>false</skipped>
          <failedSince>0</failedSince>
        </case>
      </cases>
    </suite>
    <suite>
      <file>/var/jenkins_home/workspace/Cumulocity-Platform-Services-BUILD/tenant-management/auth-lib/target/surefire-reports/TEST-com.cumulocity.authlib.authentication.CumulocityBasicAuthenticationProviderTest.xml</file>
      <name>com.cumulocity.authlib.authentication.CumulocityBasicAuthenticationProviderTest</name>
      <duration>0.217</duration>
      <time>0.217</time>
      <enclosingBlocks/>
      <enclosingBlockNames/>
      <cases>
        <case>
          <duration>0.001</duration>
          <className>com.cumulocity.authlib.authentication.CumulocityBasicAuthenticationProviderTest</className>
          <testName>shouldNotSupportUsernamePasswordAuthenticationToken</testName>
          <skipped>false</skipped>
          <failedSince>0</failedSince>
        </case>
        <case>
          <duration>0.002</duration>
          <className>com.cumulocity.authlib.authentication.CumulocityBasicAuthenticationProviderTest</className>
          <testName>shouldNotSupportOAuth2AuthenticationToken</testName>
          <skipped>false</skipped>
          <failedSince>0</failedSince>
        </case>
        <case>
          <duration>0.056</duration>
          <className>com.cumulocity.authlib.authentication.CumulocityBasicAuthenticationProviderTest</className>
          <testName>shouldDisableUserWhenExceedsBadRequestLimit</testName>
          <skipped>false</skipped>
          <failedSince>0</failedSince>
        </case>
        <case>
          <duration>0.054</duration>
          <className>com.cumulocity.authlib.authentication.CumulocityBasicAuthenticationProviderTest</className>
          <testName>shouldNotDisableSystemUserWhenExceedsBadRequestLimit</testName>
          <skipped>false</skipped>
          <failedSince>0</failedSince>
        </case>
        <case>
          <duration>0.078</duration>
          <className>com.cumulocity.authlib.authentication.CumulocityBasicAuthenticationProviderTest</className>
          <testName>shouldNotDisableUserWhenSuccessRequestResetsCounter</testName>
          <skipped>false</skipped>
          <failedSince>0</failedSince>
        </case>
        <case>
          <duration>0.001</duration>
          <className>com.cumulocity.authlib.authentication.CumulocityBasicAuthenticationProviderTest</className>
          <testName>shouldBlockManagementTenantOnPort80</testName>
          <skipped>false</skipped>
          <failedSince>0</failedSince>
        </case>
        <case>
          <duration>0.002</duration>
          <className>com.cumulocity.authlib.authentication.CumulocityBasicAuthenticationProviderTest</className>
          <testName>shouldNotCheckBlockingIfItsTurnedOff</testName>
          <skipped>false</skipped>
          <failedSince>0</failedSince>
        </case>
        <case>
          <duration>0.001</duration>
          <className>com.cumulocity.authlib.authentication.CumulocityBasicAuthenticationProviderTest</className>
          <testName>shouldNotBlockManagementTenantOnDifferentPort</testName>
          <skipped>false</skipped>
          <failedSince>0</failedSince>
        </case>
        <case>
          <duration>0.002</duration>
          <className>com.cumulocity.authlib.authentication.CumulocityBasicAuthenticationProviderTest</className>
          <testName>shouldBlockCepUserOnPort80</testName>
          <skipped>false</skipped>
          <failedSince>0</failedSince>
        </case>
        <case>
          <duration>0.001</duration>
          <className>com.cumulocity.authlib.authentication.CumulocityBasicAuthenticationProviderTest</className>
          <testName>shouldNotBlockCepUserOnDifferentPort</testName>
          <skipped>false</skipped>
          <failedSince>0</failedSince>
        </case>
        <case>
          <duration>0.002</duration>
          <className>com.cumulocity.authlib.authentication.CumulocityBasicAuthenticationProviderTest</className>
          <testName>shouldBlockServiceUserOnPort80</testName>
          <skipped>false</skipped>
          <failedSince>0</failedSince>
        </case>
        <case>
          <duration>0.001</duration>
          <className>com.cumulocity.authlib.authentication.CumulocityBasicAuthenticationProviderTest</className>
          <testName>shouldNotBlockServiceUserOnDifferentPort</testName>
          <skipped>false</skipped>
          <failedSince>0</failedSince>
        </case>
        <case>
          <duration>0.002</duration>
          <className>com.cumulocity.authlib.authentication.CumulocityBasicAuthenticationProviderTest</className>
          <testName>shouldNotBlockDeviceBootstrap</testName>
          <skipped>false</skipped>
          <failedSince>0</failedSince>
        </case>
        <case>
          <duration>0.001</duration>
          <className>com.cumulocity.authlib.authentication.CumulocityBasicAuthenticationProviderTest</className>
          <testName>shouldPassCorrectUserAndTenant</testName>
          <skipped>false</skipped>
          <failedSince>0</failedSince>
        </case>
        <case>
          <duration>0.002</duration>
          <className>com.cumulocity.authlib.authentication.CumulocityBasicAuthenticationProviderTest</className>
          <testName>shouldRejectExpiredUser</testName>
          <skipped>false</skipped>
          <failedSince>0</failedSince>
        </case>
        <case>
          <duration>0.002</duration>
          <className>com.cumulocity.authlib.authentication.CumulocityBasicAuthenticationProviderTest</className>
          <testName>shouldRejectUserWithPasswordResetFlag</testName>
          <skipped>false</skipped>
          <failedSince>0</failedSince>
        </case>
        <case>
          <duration>0.002</duration>
          <className>com.cumulocity.authlib.authentication.CumulocityBasicAuthenticationProviderTest</className>
          <testName>shouldRejectNotInitializedTenant</testName>
          <skipped>false</skipped>
          <failedSince>0</failedSince>
        </case>
        <case>
          <duration>0.001</duration>
          <className>com.cumulocity.authlib.authentication.CumulocityBasicAuthenticationProviderTest</className>
          <testName>shouldSkipCheckOfTenantInitStatus</testName>
          <skipped>false</skipped>
          <failedSince>0</failedSince>
        </case>
        <case>
          <duration>0.002</duration>
          <className>com.cumulocity.authlib.authentication.CumulocityBasicAuthenticationProviderTest</className>
          <testName>shouldCheckTwoFactorAuthentication</testName>
          <skipped>false</skipped>
          <failedSince>0</failedSince>
        </case>
        <case>
          <duration>0.001</duration>
          <className>com.cumulocity.authlib.authentication.CumulocityBasicAuthenticationProviderTest</className>
          <testName>shouldSkipTwoFactorAuthentication</testName>
          <skipped>false</skipped>
          <failedSince>0</failedSince>
        </case>
      </cases>
    </suite>
    <suite>
      <file>/var/jenkins_home/workspace/Cumulocity-Platform-Services-BUILD/tenant-management/auth-lib/target/surefire-reports/TEST-com.cumulocity.authlib.authentication.CumulocityOAuth2AuthenticationProviderTest.xml</file>
      <name>com.cumulocity.authlib.authentication.CumulocityOAuth2AuthenticationProviderTest</name>
      <duration>0.063</duration>
      <time>0.063</time>
      <enclosingBlocks/>
      <enclosingBlockNames/>
      <cases>
        <case>
          <duration>0.01</duration>
          <className>com.cumulocity.authlib.authentication.CumulocityOAuth2AuthenticationProviderTest</className>
          <testName>shouldNotSupportUsernamePasswordAuthenticationToken</testName>
          <skipped>false</skipped>
          <failedSince>0</failedSince>
        </case>
        <case>
          <duration>0.001</duration>
          <className>com.cumulocity.authlib.authentication.CumulocityOAuth2AuthenticationProviderTest</className>
          <testName>shouldNotSupportOAuth2AuthenticationToken</testName>
          <skipped>false</skipped>
          <failedSince>0</failedSince>
        </case>
        <case>
          <duration>0.009</duration>
          <className>com.cumulocity.authlib.authentication.CumulocityOAuth2AuthenticationProviderTest</className>
          <testName>shouldGetTenantIdFromAuthenticationToken</testName>
          <skipped>false</skipped>
          <failedSince>0</failedSince>
        </case>
        <case>
          <duration>0.007</duration>
          <className>com.cumulocity.authlib.authentication.CumulocityOAuth2AuthenticationProviderTest</className>
          <testName>shouldGetTenantIdFromCumulocityAccessToken</testName>
          <skipped>false</skipped>
          <failedSince>0</failedSince>
        </case>
        <case>
          <duration>0.007</duration>
          <className>com.cumulocity.authlib.authentication.CumulocityOAuth2AuthenticationProviderTest</className>
          <testName>shouldLoadCumulocityTenantAuthenticationProvider</testName>
          <skipped>false</skipped>
          <failedSince>0</failedSince>
        </case>
        <case>
          <duration>0.007</duration>
          <className>com.cumulocity.authlib.authentication.CumulocityOAuth2AuthenticationProviderTest</className>
          <testName>shouldNotCreateUserWhenUserNotFoundForCumulocityToken</testName>
          <skipped>false</skipped>
          <failedSince>0</failedSince>
        </case>
        <case>
          <duration>0.007</duration>
          <className>com.cumulocity.authlib.authentication.CumulocityOAuth2AuthenticationProviderTest</className>
          <testName>shouldCreateUserWhenUserNotFoundForAzureToken</testName>
          <skipped>false</skipped>
          <failedSince>0</failedSince>
        </case>
        <case>
          <duration>0.007</duration>
          <className>com.cumulocity.authlib.authentication.CumulocityOAuth2AuthenticationProviderTest</className>
          <testName>shouldNotCreateUserWhenUserNotFoundAndOAuth2ConfigInPlace</testName>
          <skipped>false</skipped>
          <failedSince>0</failedSince>
        </case>
        <case>
          <duration>0.006</duration>
          <className>com.cumulocity.authlib.authentication.CumulocityOAuth2AuthenticationProviderTest</className>
          <testName>shouldNotCreateUserWhenUserNotFoundAndOAuth2ConfigSetToDoNothing</testName>
          <skipped>false</skipped>
          <failedSince>0</failedSince>
        </case>
      </cases>
    </suite>
    <suite>
      <file>/var/jenkins_home/workspace/Cumulocity-Platform-Services-BUILD/tenant-management/auth-lib/target/surefire-reports/TEST-com.cumulocity.authlib.authentication.CumulocityWebAuthenticationDetailsTest.xml</file>
      <name>com.cumulocity.authlib.authentication.CumulocityWebAuthenticationDetailsTest</name>
      <duration>0.004</duration>
      <time>0.004</time>
      <enclosingBlocks/>
      <enclosingBlockNames/>
      <cases>
        <case>
          <duration>0.001</duration>
          <className>com.cumulocity.authlib.authentication.CumulocityWebAuthenticationDetailsTest</className>
          <testName>shouldDecideIfCheckTenantInitStatusBasingOnURL</testName>
          <skipped>false</skipped>
          <failedSince>0</failedSince>
        </case>
        <case>
          <duration>0.002</duration>
          <className>com.cumulocity.authlib.authentication.CumulocityWebAuthenticationDetailsTest</className>
          <testName>shouldDecideIfCheckTwoFactorAuthenticationBasingOnURL</testName>
          <skipped>false</skipped>
          <failedSince>0</failedSince>
        </case>
      </cases>
    </suite>
    <suite>
      <file>/var/jenkins_home/workspace/Cumulocity-Platform-Services-BUILD/tenant-management/auth-lib/target/surefire-reports/TEST-com.cumulocity.authlib.authentication.SwitchContextFilterTest.xml</file>
      <name>com.cumulocity.authlib.authentication.SwitchContextFilterTest</name>
      <duration>0.105</duration>
      <time>0.105</time>
      <enclosingBlocks/>
      <enclosingBlockNames/>
      <cases>
        <case>
          <duration>0.063</duration>
          <className>com.cumulocity.authlib.authentication.SwitchContextFilterTest</className>
          <testName>shouldAuthenticateSupportUser</testName>
          <skipped>false</skipped>
          <failedSince>0</failedSince>
        </case>
        <case>
          <duration>0.004</duration>
          <className>com.cumulocity.authlib.authentication.SwitchContextFilterTest</className>
          <testName>shouldAuthenticateAdmin</testName>
          <skipped>false</skipped>
          <failedSince>0</failedSince>
        </case>
        <case>
          <duration>0.022</duration>
          <className>com.cumulocity.authlib.authentication.SwitchContextFilterTest</className>
          <testName>shouldBlockSupportUserOnPort80</testName>
          <skipped>false</skipped>
          <failedSince>0</failedSince>
        </case>
        <case>
          <duration>0.012</duration>
          <className>com.cumulocity.authlib.authentication.SwitchContextFilterTest</className>
          <testName>shouldRejectDisabledUser</testName>
          <skipped>false</skipped>
          <failedSince>0</failedSince>
        </case>
      </cases>
    </suite>
    <suite>
      <file>/var/jenkins_home/workspace/Cumulocity-Platform-Services-BUILD/tenant-management/auth-lib/target/surefire-reports/TEST-com.cumulocity.authlib.authentication.api.AbstractAuthenticationAttributesTest.xml</file>
      <name>com.cumulocity.authlib.authentication.api.AbstractAuthenticationAttributesTest</name>
      <duration>0.012</duration>
      <time>0.012</time>
      <enclosingBlocks/>
      <enclosingBlockNames/>
      <cases>
        <case>
          <duration>0.001</duration>
          <className>com.cumulocity.authlib.authentication.api.AbstractAuthenticationAttributesTest</className>
          <testName>shouldFindTenantById</testName>
          <skipped>false</skipped>
          <failedSince>0</failedSince>
        </case>
        <case>
          <duration>0.001</duration>
          <className>com.cumulocity.authlib.authentication.api.AbstractAuthenticationAttributesTest</className>
          <testName>shouldFindTenantByDomain</testName>
          <skipped>false</skipped>
          <failedSince>0</failedSince>
        </case>
        <case>
          <duration>0.006</duration>
          <className>com.cumulocity.authlib.authentication.api.AbstractAuthenticationAttributesTest</className>
          <testName>shouldBlockSimulatorUser</testName>
          <skipped>false</skipped>
          <failedSince>0</failedSince>
        </case>
        <case>
          <duration>0.002</duration>
          <className>com.cumulocity.authlib.authentication.api.AbstractAuthenticationAttributesTest</className>
          <testName>shouldNotBlockIfDetailsAreNull</testName>
          <skipped>false</skipped>
          <failedSince>0</failedSince>
        </case>
        <case>
          <duration>0.001</duration>
          <className>com.cumulocity.authlib.authentication.api.AbstractAuthenticationAttributesTest</className>
          <testName>shouldThrowExceptionWhenTenantIsDisabled</testName>
          <skipped>false</skipped>
          <failedSince>0</failedSince>
        </case>
      </cases>
    </suite>
    <suite>
      <file>/var/jenkins_home/workspace/Cumulocity-Platform-Services-BUILD/tenant-management/auth-lib/target/surefire-reports/TEST-com.cumulocity.authlib.authentication.basic.BasicAuthenticationAttributesFactoryTest.xml</file>
      <name>com.cumulocity.authlib.authentication.basic.BasicAuthenticationAttributesFactoryTest</name>
      <duration>0.024</duration>
      <time>0.024</time>
      <enclosingBlocks/>
      <enclosingBlockNames/>
      <cases>
        <case>
          <duration>0.001</duration>
          <className>com.cumulocity.authlib.authentication.basic.BasicAuthenticationAttributesFactoryTest</className>
          <testName>shouldSplitNameToTwoUsersWithoutTenantNames</testName>
          <skipped>false</skipped>
          <failedSince>0</failedSince>
        </case>
        <case>
          <duration>0.001</duration>
          <className>com.cumulocity.authlib.authentication.basic.BasicAuthenticationAttributesFactoryTest</className>
          <testName>shouldSplitNameToTwoUsersWithTenant</testName>
          <skipped>false</skipped>
          <failedSince>0</failedSince>
        </case>
        <case>
          <duration>0.02</duration>
          <className>com.cumulocity.authlib.authentication.basic.BasicAuthenticationAttributesFactoryTest</className>
          <testName>shouldSplitNameToAdmin</testName>
          <skipped>false</skipped>
          <failedSince>0</failedSince>
        </case>
        <case>
          <duration>0.001</duration>
          <className>com.cumulocity.authlib.authentication.basic.BasicAuthenticationAttributesFactoryTest</className>
          <testName>shouldNotSplitName</testName>
          <skipped>false</skipped>
          <failedSince>0</failedSince>
        </case>
      </cases>
    </suite>
    <suite>
      <file>/var/jenkins_home/workspace/Cumulocity-Platform-Services-BUILD/tenant-management/auth-lib/target/surefire-reports/TEST-com.cumulocity.authlib.expression.CumulocityMethodSecurityExpressionHandlerTest.xml</file>
      <name>com.cumulocity.authlib.expression.CumulocityMethodSecurityExpressionHandlerTest</name>
      <duration>1.633</duration>
      <time>1.633</time>
      <enclosingBlocks/>
      <enclosingBlockNames/>
      <cases>
        <case>
          <duration>0.776</duration>
          <className>com.cumulocity.authlib.expression.CumulocityMethodSecurityExpressionHandlerTest</className>
          <testName>shouldThrowAccessDeniedException</testName>
          <skipped>false</skipped>
          <failedSince>0</failedSince>
        </case>
        <case>
          <duration>0.024</duration>
          <className>com.cumulocity.authlib.expression.CumulocityMethodSecurityExpressionHandlerTest</className>
          <testName>shouldPassthruAsOwner</testName>
          <skipped>false</skipped>
          <failedSince>0</failedSince>
        </case>
        <case>
          <duration>0.01</duration>
          <className>com.cumulocity.authlib.expression.CumulocityMethodSecurityExpressionHandlerTest</className>
          <testName>shouldPassthruAsAdmin</testName>
          <skipped>false</skipped>
          <failedSince>0</failedSince>
        </case>
        <case>
          <duration>0.012</duration>
          <className>com.cumulocity.authlib.expression.CumulocityMethodSecurityExpressionHandlerTest</className>
          <testName>shouldPassthruAsAdminOnly</testName>
          <skipped>false</skipped>
          <failedSince>0</failedSince>
        </case>
        <case>
          <duration>0.011</duration>
          <className>com.cumulocity.authlib.expression.CumulocityMethodSecurityExpressionHandlerTest</className>
          <testName>shouldPassthruAsReader</testName>
          <skipped>false</skipped>
          <failedSince>0</failedSince>
        </case>
        <case>
          <duration>0.011</duration>
          <className>com.cumulocity.authlib.expression.CumulocityMethodSecurityExpressionHandlerTest</className>
          <testName>shouldPasThruOperationBasingOnDynamicFragment</testName>
          <skipped>false</skipped>
          <failedSince>0</failedSince>
        </case>
        <case>
          <duration>0.01</duration>
          <className>com.cumulocity.authlib.expression.CumulocityMethodSecurityExpressionHandlerTest</className>
          <testName>shouldPasThruOperationWithGlobalPermissionFragment</testName>
          <skipped>false</skipped>
          <failedSince>0</failedSince>
        </case>
        <case>
          <duration>0.01</duration>
          <className>com.cumulocity.authlib.expression.CumulocityMethodSecurityExpressionHandlerTest</className>
          <testName>shouldDenyOperationBasingOnDynamicFragment</testName>
          <skipped>false</skipped>
          <failedSince>0</failedSince>
        </case>
        <case>
          <duration>0.01</duration>
          <className>com.cumulocity.authlib.expression.CumulocityMethodSecurityExpressionHandlerTest</className>
          <testName>shouldDenyOperationBasingOnPermission</testName>
          <skipped>false</skipped>
          <failedSince>0</failedSince>
        </case>
        <case>
          <duration>0.01</duration>
          <className>com.cumulocity.authlib.expression.CumulocityMethodSecurityExpressionHandlerTest</className>
          <testName>shouldDenyOperationBasingOnApi</testName>
          <skipped>false</skipped>
          <failedSince>0</failedSince>
        </case>
        <case>
          <duration>0.01</duration>
          <className>com.cumulocity.authlib.expression.CumulocityMethodSecurityExpressionHandlerTest</className>
          <testName>shouldReadOperationBasingOnDynamicFragment</testName>
          <skipped>false</skipped>
          <failedSince>0</failedSince>
        </case>
        <case>
          <duration>0.01</duration>
          <className>com.cumulocity.authlib.expression.CumulocityMethodSecurityExpressionHandlerTest</className>
          <testName>shouldPasThruOperationForWildcards</testName>
          <skipped>false</skipped>
          <failedSince>0</failedSince>
        </case>
        <case>
          <duration>0.011</duration>
          <className>com.cumulocity.authlib.expression.CumulocityMethodSecurityExpressionHandlerTest</className>
          <testName>shouldPasThruOperationWithFragments</testName>
          <skipped>false</skipped>
          <failedSince>0</failedSince>
        </case>
        <case>
          <duration>0.011</duration>
          <className>com.cumulocity.authlib.expression.CumulocityMethodSecurityExpressionHandlerTest</className>
          <testName>shouldPasThruOperationWithNoFragments</testName>
          <skipped>false</skipped>
          <failedSince>0</failedSince>
        </case>
        <case>
          <duration>0.01</duration>
          <className>com.cumulocity.authlib.expression.CumulocityMethodSecurityExpressionHandlerTest</className>
          <testName>shouldDenyOperationWithNoFragments</testName>
          <skipped>false</skipped>
          <failedSince>0</failedSince>
        </case>
        <case>
          <duration>0.011</duration>
          <className>com.cumulocity.authlib.expression.CumulocityMethodSecurityExpressionHandlerTest</className>
          <testName>shouldPasThruWhenGroupHasAccess</testName>
          <skipped>false</skipped>
          <failedSince>0</failedSince>
        </case>
        <case>
          <duration>0.01</duration>
          <className>com.cumulocity.authlib.expression.CumulocityMethodSecurityExpressionHandlerTest</className>
          <testName>shouldPasThruWhenUserAndGroupHasAccess</testName>
          <skipped>false</skipped>
          <failedSince>0</failedSince>
        </case>
        <case>
          <duration>0.01</duration>
          <className>com.cumulocity.authlib.expression.CumulocityMethodSecurityExpressionHandlerTest</className>
          <testName>shouldPasThruWhenUserHasAccessToParent</testName>
          <skipped>false</skipped>
          <failedSince>0</failedSince>
        </case>
        <case>
          <duration>0.011</duration>
          <className>com.cumulocity.authlib.expression.CumulocityMethodSecurityExpressionHandlerTest</className>
          <testName>shouldPasThruWhenUserHasAccessToFragment</testName>
          <skipped>false</skipped>
          <failedSince>0</failedSince>
        </case>
        <case>
          <duration>0.011</duration>
          <className>com.cumulocity.authlib.expression.CumulocityMethodSecurityExpressionHandlerTest</className>
          <testName>shouldPasThruWhenUserHasAccessToAllFragments</testName>
          <skipped>false</skipped>
          <failedSince>0</failedSince>
        </case>
        <case>
          <duration>0.011</duration>
          <className>com.cumulocity.authlib.expression.CumulocityMethodSecurityExpressionHandlerTest</className>
          <testName>shouldPasThruWhenUserHasAccessToAllFragmentsAndNoFragmentSpecified</testName>
          <skipped>false</skipped>
          <failedSince>0</failedSince>
        </case>
        <case>
          <duration>0.01</duration>
          <className>com.cumulocity.authlib.expression.CumulocityMethodSecurityExpressionHandlerTest</className>
          <testName>shouldDenyWhenNoSource</testName>
          <skipped>false</skipped>
          <failedSince>0</failedSince>
        </case>
        <case>
          <duration>0.011</duration>
          <className>com.cumulocity.authlib.expression.CumulocityMethodSecurityExpressionHandlerTest</className>
          <testName>shouldDenyWhenNoAccessToFragment</testName>
          <skipped>false</skipped>
          <failedSince>0</failedSince>
        </case>
        <case>
          <duration>0.01</duration>
          <className>com.cumulocity.authlib.expression.CumulocityMethodSecurityExpressionHandlerTest</className>
          <testName>shouldDenyWhenNoAccessToAllFragmentsAndNoFragmentSpecified</testName>
          <skipped>false</skipped>
          <failedSince>0</failedSince>
        </case>
        <case>
          <duration>0.011</duration>
          <className>com.cumulocity.authlib.expression.CumulocityMethodSecurityExpressionHandlerTest</className>
          <testName>shouldPasThruWhenUserHasAccessToFragmentQueriedBySeries</testName>
          <skipped>false</skipped>
          <failedSince>0</failedSince>
        </case>
        <case>
          <duration>0.011</duration>
          <className>com.cumulocity.authlib.expression.CumulocityMethodSecurityExpressionHandlerTest</className>
          <testName>shouldDenyWhenWhenUserHasAccessNotToAllFragmentsQueriedBySeries</testName>
          <skipped>false</skipped>
          <failedSince>0</failedSince>
        </case>
        <case>
          <duration>0.01</duration>
          <className>com.cumulocity.authlib.expression.CumulocityMethodSecurityExpressionHandlerTest</className>
          <testName>shouldPasThruWhenCurrentTenantIsParentOf</testName>
          <skipped>false</skipped>
          <failedSince>0</failedSince>
        </case>
        <case>
          <duration>0.01</duration>
          <className>com.cumulocity.authlib.expression.CumulocityMethodSecurityExpressionHandlerTest</className>
          <testName>shouldDenyWhenCurrentTenantIsNotParentOf</testName>
          <skipped>false</skipped>
          <failedSince>0</failedSince>
        </case>
        <case>
          <duration>0.01</duration>
          <className>com.cumulocity.authlib.expression.CumulocityMethodSecurityExpressionHandlerTest</className>
          <testName>shouldPasThruWhenCurrentTenantIsManagement</testName>
          <skipped>false</skipped>
          <failedSince>0</failedSince>
        </case>
        <case>
          <duration>0.01</duration>
          <className>com.cumulocity.authlib.expression.CumulocityMethodSecurityExpressionHandlerTest</className>
          <testName>shouldDenyWhenCurrentTenantIsNotManagement</testName>
          <skipped>false</skipped>
          <failedSince>0</failedSince>
        </case>
        <case>
          <duration>0.011</duration>
          <className>com.cumulocity.authlib.expression.CumulocityMethodSecurityExpressionHandlerTest</className>
          <testName>shouldPasThruWhenCurrentTenantIsAllowedCreateTenants</testName>
          <skipped>false</skipped>
          <failedSince>0</failedSince>
        </case>
        <case>
          <duration>0.01</duration>
          <className>com.cumulocity.authlib.expression.CumulocityMethodSecurityExpressionHandlerTest</className>
          <testName>shouldDenyWhenCurrentTenantIsNotAllowedCreateTenants</testName>
          <skipped>false</skipped>
          <failedSince>0</failedSince>
        </case>
        <case>
          <duration>0.01</duration>
          <className>com.cumulocity.authlib.expression.CumulocityMethodSecurityExpressionHandlerTest</className>
          <testName>shouldPasThruWhenCurrentUserIsParentOfAskedUser</testName>
          <skipped>false</skipped>
          <failedSince>0</failedSince>
        </case>
        <case>
          <duration>0.01</duration>
          <className>com.cumulocity.authlib.expression.CumulocityMethodSecurityExpressionHandlerTest</className>
          <testName>shouldDenyWhenCurrentUserIsNotParentOfAskedUser</testName>
          <skipped>false</skipped>
          <failedSince>0</failedSince>
        </case>
        <case>
          <duration>0.01</duration>
          <className>com.cumulocity.authlib.expression.CumulocityMethodSecurityExpressionHandlerTest</className>
          <testName>shouldPasThruWhenCurrentUserIsParentOfAskedUserViaDelegationEnabled</testName>
          <skipped>false</skipped>
          <failedSince>0</failedSince>
        </case>
        <case>
          <duration>0.01</duration>
          <className>com.cumulocity.authlib.expression.CumulocityMethodSecurityExpressionHandlerTest</className>
          <testName>shouldDenyWhenCurrentUserIsParentOfAskedUserViaDelegationDisabled</testName>
          <skipped>false</skipped>
          <failedSince>0</failedSince>
        </case>
        <case>
          <duration>0.01</duration>
          <className>com.cumulocity.authlib.expression.CumulocityMethodSecurityExpressionHandlerTest</className>
          <testName>shouldPasThruWhenCurrentUserIsNotAskedUser</testName>
          <skipped>false</skipped>
          <failedSince>0</failedSince>
        </case>
        <case>
          <duration>0.01</duration>
          <className>com.cumulocity.authlib.expression.CumulocityMethodSecurityExpressionHandlerTest</className>
          <testName>shouldDenyWhenCurrentUserIsCurrentAskedUser</testName>
          <skipped>false</skipped>
          <failedSince>0</failedSince>
        </case>
        <case>
          <duration>0.01</duration>
          <className>com.cumulocity.authlib.expression.CumulocityMethodSecurityExpressionHandlerTest</className>
          <testName>shouldDenyWhenDelegatorIsCurrentAskedUser</testName>
          <skipped>false</skipped>
          <failedSince>0</failedSince>
        </case>
        <case>
          <duration>0.01</duration>
          <className>com.cumulocity.authlib.expression.CumulocityMethodSecurityExpressionHandlerTest</className>
          <testName>shouldPasThruWhenCurrentUserHasAccessToRole</testName>
          <skipped>false</skipped>
          <failedSince>0</failedSince>
        </case>
        <case>
          <duration>0.01</duration>
          <className>com.cumulocity.authlib.expression.CumulocityMethodSecurityExpressionHandlerTest</className>
          <testName>shouldDenyWhenCurrentUserNoHasAccessToRole</testName>
          <skipped>false</skipped>
          <failedSince>0</failedSince>
        </case>
        <case>
          <duration>0.011</duration>
          <className>com.cumulocity.authlib.expression.CumulocityMethodSecurityExpressionHandlerTest</className>
          <testName>shouldPasThruWhenDelegatorHasAccessToRole</testName>
          <skipped>false</skipped>
          <failedSince>0</failedSince>
        </case>
        <case>
          <duration>0.011</duration>
          <className>com.cumulocity.authlib.expression.CumulocityMethodSecurityExpressionHandlerTest</className>
          <testName>shouldPasThruWhenCurrentUserHasAccessToRoleByName</testName>
          <skipped>false</skipped>
          <failedSince>0</failedSince>
        </case>
        <case>
          <duration>0.011</duration>
          <className>com.cumulocity.authlib.expression.CumulocityMethodSecurityExpressionHandlerTest</className>
          <testName>shouldDenyWhenCurrentUserNoHasAccessToRoleByName</testName>
          <skipped>false</skipped>
          <failedSince>0</failedSince>
        </case>
        <case>
          <duration>0.01</duration>
          <className>com.cumulocity.authlib.expression.CumulocityMethodSecurityExpressionHandlerTest</className>
          <testName>shouldPasThruWhenCurrentUserHasAccessToGroup</testName>
          <skipped>false</skipped>
          <failedSince>0</failedSince>
        </case>
        <case>
          <duration>0.01</duration>
          <className>com.cumulocity.authlib.expression.CumulocityMethodSecurityExpressionHandlerTest</className>
          <testName>shouldDenyWhenCurrentUserNoHasAccessToGroup</testName>
          <skipped>false</skipped>
          <failedSince>0</failedSince>
        </case>
        <case>
          <duration>0.01</duration>
          <className>com.cumulocity.authlib.expression.CumulocityMethodSecurityExpressionHandlerTest</className>
          <testName>shouldPasThruWhenDelegatorHasAccessToGroup</testName>
          <skipped>false</skipped>
          <failedSince>0</failedSince>
        </case>
        <case>
          <duration>0.01</duration>
          <className>com.cumulocity.authlib.expression.CumulocityMethodSecurityExpressionHandlerTest</className>
          <testName>shouldPasThruWhenCurrentUserHasAccessToGroupByName</testName>
          <skipped>false</skipped>
          <failedSince>0</failedSince>
        </case>
        <case>
          <duration>0.01</duration>
          <className>com.cumulocity.authlib.expression.CumulocityMethodSecurityExpressionHandlerTest</className>
          <testName>shouldDenyWhenCurrentUserNoHasAccessToGroupByName</testName>
          <skipped>false</skipped>
          <failedSince>0</failedSince>
        </case>
        <case>
          <duration>0.01</duration>
          <className>com.cumulocity.authlib.expression.CumulocityMethodSecurityExpressionHandlerTest</className>
          <testName>shouldDenyWhenCurrentUserHasNoInventoryRoles</testName>
          <skipped>false</skipped>
          <failedSince>0</failedSince>
        </case>
        <case>
          <duration>0.01</duration>
          <className>com.cumulocity.authlib.expression.CumulocityMethodSecurityExpressionHandlerTest</className>
          <testName>shouldAcceptWhenCurrentUserHasInventoryRole</testName>
          <skipped>false</skipped>
          <failedSince>0</failedSince>
        </case>
        <case>
          <duration>0.01</duration>
          <className>com.cumulocity.authlib.expression.CumulocityMethodSecurityExpressionHandlerTest</className>
          <testName>shouldAcceptWhenCurrentUserHasInventoryRoleForOneOfParentsOfManagedObject</testName>
          <skipped>false</skipped>
          <failedSince>0</failedSince>
        </case>
        <case>
          <duration>0.011</duration>
          <className>com.cumulocity.authlib.expression.CumulocityMethodSecurityExpressionHandlerTest</className>
          <testName>shouldPasThruWhenParentHasAccessToGroups</testName>
          <skipped>false</skipped>
          <failedSince>0</failedSince>
        </case>
        <case>
          <duration>0.011</duration>
          <className>com.cumulocity.authlib.expression.CumulocityMethodSecurityExpressionHandlerTest</className>
          <testName>shouldDenyWhenParentNoHasAccessToGroups</testName>
          <skipped>false</skipped>
          <failedSince>0</failedSince>
        </case>
        <case>
          <duration>0.011</duration>
          <className>com.cumulocity.authlib.expression.CumulocityMethodSecurityExpressionHandlerTest</className>
          <testName>shouldPasThruWhenParentOfUserHasAccessToRoles</testName>
          <skipped>false</skipped>
          <failedSince>0</failedSince>
        </case>
        <case>
          <duration>0.01</duration>
          <className>com.cumulocity.authlib.expression.CumulocityMethodSecurityExpressionHandlerTest</className>
          <testName>shouldDenyWhenParentOfUserNoHasAccessToRoles</testName>
          <skipped>false</skipped>
          <failedSince>0</failedSince>
        </case>
        <case>
          <duration>0.01</duration>
          <className>com.cumulocity.authlib.expression.CumulocityMethodSecurityExpressionHandlerTest</className>
          <testName>shouldPasThruWhenParentOfUserHasAccessToRole</testName>
          <skipped>false</skipped>
          <failedSince>0</failedSince>
        </case>
        <case>
          <duration>0.01</duration>
          <className>com.cumulocity.authlib.expression.CumulocityMethodSecurityExpressionHandlerTest</className>
          <testName>shouldDenyWhenParentOfUserNoHasAccessToRole</testName>
          <skipped>false</skipped>
          <failedSince>0</failedSince>
        </case>
        <case>
          <duration>0.011</duration>
          <className>com.cumulocity.authlib.expression.CumulocityMethodSecurityExpressionHandlerTest</className>
          <testName>shouldPasThruWhenParentOfUserHasAccessToRoleByName</testName>
          <skipped>false</skipped>
          <failedSince>0</failedSince>
        </case>
        <case>
          <duration>0.01</duration>
          <className>com.cumulocity.authlib.expression.CumulocityMethodSecurityExpressionHandlerTest</className>
          <testName>shouldDenyWhenParentOfUserNoHasAccessToRoleByName</testName>
          <skipped>false</skipped>
          <failedSince>0</failedSince>
        </case>
        <case>
          <duration>0.011</duration>
          <className>com.cumulocity.authlib.expression.CumulocityMethodSecurityExpressionHandlerTest</className>
          <testName>shouldPasThruWhenParentOfUserHasAccessToGroup</testName>
          <skipped>false</skipped>
          <failedSince>0</failedSince>
        </case>
        <case>
          <duration>0.01</duration>
          <className>com.cumulocity.authlib.expression.CumulocityMethodSecurityExpressionHandlerTest</className>
          <testName>shouldDenyWhenParentOfUserNoHasAccessToGroup</testName>
          <skipped>false</skipped>
          <failedSince>0</failedSince>
        </case>
        <case>
          <duration>0.01</duration>
          <className>com.cumulocity.authlib.expression.CumulocityMethodSecurityExpressionHandlerTest</className>
          <testName>shouldPasThruWhenParentOfUserHasAccessToInventoryAssignments</testName>
          <skipped>false</skipped>
          <failedSince>0</failedSince>
        </case>
        <case>
          <duration>0.01</duration>
          <className>com.cumulocity.authlib.expression.CumulocityMethodSecurityExpressionHandlerTest</className>
          <testName>shouldDenyWhenParentOfUserNoHasAccessToInventoryAssignments</testName>
          <skipped>false</skipped>
          <failedSince>0</failedSince>
        </case>
        <case>
          <duration>0.011</duration>
          <className>com.cumulocity.authlib.expression.CumulocityMethodSecurityExpressionHandlerTest</className>
          <testName>shouldPasThruWhenParentHasAccessToApplicationsAsCreator</testName>
          <skipped>false</skipped>
          <failedSince>0</failedSince>
        </case>
        <case>
          <duration>0.011</duration>
          <className>com.cumulocity.authlib.expression.CumulocityMethodSecurityExpressionHandlerTest</className>
          <testName>shouldDenyWhenParentNoHasAccessToApplicationsAsCreator</testName>
          <skipped>false</skipped>
          <failedSince>0</failedSince>
        </case>
        <case>
          <duration>0.011</duration>
          <className>com.cumulocity.authlib.expression.CumulocityMethodSecurityExpressionHandlerTest</className>
          <testName>shouldPasThruWhenParentHasAccessToDevicePermissions</testName>
          <skipped>false</skipped>
          <failedSince>0</failedSince>
        </case>
        <case>
          <duration>0.01</duration>
          <className>com.cumulocity.authlib.expression.CumulocityMethodSecurityExpressionHandlerTest</className>
          <testName>shouldDenyWhenParentNoHasAccessToDevicePermissions</testName>
          <skipped>false</skipped>
          <failedSince>0</failedSince>
        </case>
        <case>
          <duration>0.01</duration>
          <className>com.cumulocity.authlib.expression.CumulocityMethodSecurityExpressionHandlerTest</className>
          <testName>shouldPasThruWhenUserHasParent</testName>
          <skipped>false</skipped>
          <failedSince>0</failedSince>
        </case>
        <case>
          <duration>0.01</duration>
          <className>com.cumulocity.authlib.expression.CumulocityMethodSecurityExpressionHandlerTest</className>
          <testName>shouldPasThruWhenUserHasChildren</testName>
          <skipped>false</skipped>
          <failedSince>0</failedSince>
        </case>
        <case>
          <duration>0.011</duration>
          <className>com.cumulocity.authlib.expression.CumulocityMethodSecurityExpressionHandlerTest</className>
          <testName>shouldDenyWhenUserNoHasParentAndChildren</testName>
          <skipped>false</skipped>
          <failedSince>0</failedSince>
        </case>
        <case>
          <duration>0.01</duration>
          <className>com.cumulocity.authlib.expression.CumulocityMethodSecurityExpressionHandlerTest</className>
          <testName>shouldPasThruWhenNegationWhenUserNotHasParentAndChildren</testName>
          <skipped>false</skipped>
          <failedSince>0</failedSince>
        </case>
        <case>
          <duration>0.01</duration>
          <className>com.cumulocity.authlib.expression.CumulocityMethodSecurityExpressionHandlerTest</className>
          <testName>shouldPasThruWhenUserHasNoParent</testName>
          <skipped>false</skipped>
          <failedSince>0</failedSince>
        </case>
        <case>
          <duration>0.01</duration>
          <className>com.cumulocity.authlib.expression.CumulocityMethodSecurityExpressionHandlerTest</className>
          <testName>shouldDenyWhenUserHasParent</testName>
          <skipped>false</skipped>
          <failedSince>0</failedSince>
        </case>
        <case>
          <duration>0.011</duration>
          <className>com.cumulocity.authlib.expression.CumulocityMethodSecurityExpressionHandlerTest</className>
          <testName>shouldPasThruWhenNegationWhenUserHasParent</testName>
          <skipped>false</skipped>
          <failedSince>0</failedSince>
        </case>
        <case>
          <duration>0.01</duration>
          <className>com.cumulocity.authlib.expression.CumulocityMethodSecurityExpressionHandlerTest</className>
          <testName>givenTenantWithNoFeature_isCurrentTenantSubscribedForFeature_shouldDeny</testName>
          <skipped>false</skipped>
          <failedSince>0</failedSince>
        </case>
        <case>
          <duration>0.011</duration>
          <className>com.cumulocity.authlib.expression.CumulocityMethodSecurityExpressionHandlerTest</className>
          <testName>givenTenantWithTheFeature_isCurrentTenantSubscribedForFeature_shouldAllow</testName>
          <skipped>false</skipped>
          <failedSince>0</failedSince>
        </case>
      </cases>
    </suite>
    <suite>
      <file>/var/jenkins_home/workspace/Cumulocity-Platform-Services-BUILD/tenant-management/auth-lib/target/surefire-reports/TEST-com.cumulocity.authlib.expression.lazy.LazyIteratorTest.xml</file>
      <name>com.cumulocity.authlib.expression.lazy.LazyIteratorTest</name>
      <duration>0.0</duration>
      <time>0</time>
      <enclosingBlocks/>
      <enclosingBlockNames/>
      <cases>
        <case>
          <duration>0.0</duration>
          <className>com.cumulocity.authlib.expression.lazy.LazyIteratorTest</className>
          <testName>firstMachShouldWork</testName>
          <skipped>false</skipped>
          <failedSince>0</failedSince>
        </case>
        <case>
          <duration>0.0</duration>
          <className>com.cumulocity.authlib.expression.lazy.LazyIteratorTest</className>
          <testName>flatMapShouldWork</testName>
          <skipped>false</skipped>
          <failedSince>0</failedSince>
        </case>
        <case>
          <duration>0.0</duration>
          <className>com.cumulocity.authlib.expression.lazy.LazyIteratorTest</className>
          <testName>filterShouldWork</testName>
          <skipped>false</skipped>
          <failedSince>0</failedSince>
        </case>
        <case>
          <duration>0.0</duration>
          <className>com.cumulocity.authlib.expression.lazy.LazyIteratorTest</className>
          <testName>mapShouldWorkForInfiniteList</testName>
          <skipped>false</skipped>
          <failedSince>0</failedSince>
        </case>
        <case>
          <duration>0.0</duration>
          <className>com.cumulocity.authlib.expression.lazy.LazyIteratorTest</className>
          <testName>mapShouldWorkForSimpleList</testName>
          <skipped>false</skipped>
          <failedSince>0</failedSince>
        </case>
        <case>
          <duration>0.0</duration>
          <className>com.cumulocity.authlib.expression.lazy.LazyIteratorTest</className>
          <testName>compositeLazyInteratorShouldWork</testName>
          <skipped>false</skipped>
          <failedSince>0</failedSince>
        </case>
      </cases>
    </suite>
    <suite>
      <file>/var/jenkins_home/workspace/Cumulocity-Platform-Services-BUILD/tenant-management/auth-lib/target/surefire-reports/TEST-com.cumulocity.authlib.logout.LogoutServiceImplTest.xml</file>
      <name>com.cumulocity.authlib.logout.LogoutServiceImplTest</name>
      <duration>0.0</duration>
      <time>0</time>
      <enclosingBlocks/>
      <enclosingBlockNames/>
      <cases>
        <case>
          <duration>0.0</duration>
          <className>com.cumulocity.authlib.logout.LogoutServiceImplTest</className>
          <testName>shouldClearCookieAndDeleteTokenHolder</testName>
          <skipped>false</skipped>
          <failedSince>0</failedSince>
        </case>
      </cases>
    </suite>
    <suite>
      <file>/var/jenkins_home/workspace/Cumulocity-Platform-Services-BUILD/tenant-management/auth-lib/target/surefire-reports/TEST-com.cumulocity.authlib.oauth2.JwtServiceImplTest.xml</file>
      <name>com.cumulocity.authlib.oauth2.JwtServiceImplTest</name>
      <duration>0.74</duration>
      <time>0.74</time>
      <enclosingBlocks/>
      <enclosingBlockNames/>
      <cases>
        <case>
          <duration>0.326</duration>
          <className>com.cumulocity.authlib.oauth2.JwtServiceImplTest</className>
          <testName>shouldReadJwtResponseCorrectly</testName>
          <skipped>false</skipped>
          <failedSince>0</failedSince>
        </case>
        <case>
          <duration>0.241</duration>
          <className>com.cumulocity.authlib.oauth2.JwtServiceImplTest</className>
          <testName>shouldReturnJwtResponseWithNewTokenAndCreateUser</testName>
          <skipped>false</skipped>
          <failedSince>0</failedSince>
        </case>
        <case>
          <duration>0.079</duration>
          <className>com.cumulocity.authlib.oauth2.JwtServiceImplTest</className>
          <testName>shouldRefreshCorrectlyAccessToken</testName>
          <skipped>false</skipped>
          <failedSince>0</failedSince>
        </case>
        <case>
          <duration>0.043</duration>
          <className>com.cumulocity.authlib.oauth2.JwtServiceImplTest</className>
          <testName>shouldNotRefreshAndReturnCachedTokenIfExpiredTokenIsKnown</testName>
          <skipped>false</skipped>
          <failedSince>0</failedSince>
        </case>
        <case>
          <duration>0.027</duration>
          <className>com.cumulocity.authlib.oauth2.JwtServiceImplTest</className>
          <testName>shouldThrowExceptionOnIncorrectRefreshRequest</testName>
          <skipped>false</skipped>
          <failedSince>0</failedSince>
        </case>
      </cases>
    </suite>
    <suite>
      <file>/var/jenkins_home/workspace/Cumulocity-Platform-Services-BUILD/tenant-management/auth-lib/target/surefire-reports/TEST-com.cumulocity.authlib.oauth2.OAuth2AccessTokenParserTest.xml</file>
      <name>com.cumulocity.authlib.oauth2.OAuth2AccessTokenParserTest</name>
      <duration>0.0</duration>
      <time>0</time>
      <enclosingBlocks/>
      <enclosingBlockNames/>
      <cases>
        <case>
          <duration>0.0</duration>
          <className>com.cumulocity.authlib.oauth2.OAuth2AccessTokenParserTest</className>
          <testName>com.cumulocity.authlib.oauth2.OAuth2AccessTokenParserTest</testName>
          <skipped>true</skipped>
          <failedSince>0</failedSince>
        </case>
      </cases>
    </suite>
    <suite>
      <file>/var/jenkins_home/workspace/Cumulocity-Platform-Services-BUILD/tenant-management/auth-lib/target/surefire-reports/TEST-com.cumulocity.authlib.oauth2.OAuth2AuthenticationParserTest.xml</file>
      <name>com.cumulocity.authlib.oauth2.OAuth2AuthenticationParserTest</name>
      <duration>0.001</duration>
      <time>0.001</time>
      <enclosingBlocks/>
      <enclosingBlockNames/>
      <cases>
        <case>
          <duration>0.0</duration>
          <className>com.cumulocity.authlib.oauth2.OAuth2AuthenticationParserTest</className>
          <testName>hasEligibleHeader_shouldRejectInvalidPrefix</testName>
          <skipped>false</skipped>
          <failedSince>0</failedSince>
        </case>
        <case>
          <duration>0.0</duration>
          <className>com.cumulocity.authlib.oauth2.OAuth2AuthenticationParserTest</className>
          <testName>hasEligibleHeader_shouldRejectNull</testName>
          <skipped>false</skipped>
          <failedSince>0</failedSince>
        </case>
        <case>
          <duration>0.0</duration>
          <className>com.cumulocity.authlib.oauth2.OAuth2AuthenticationParserTest</className>
          <testName>parseHeader_shouldParseCredentials</testName>
          <skipped>false</skipped>
          <failedSince>0</failedSince>
        </case>
      </cases>
    </suite>
    <suite>
      <file>/var/jenkins_home/workspace/Cumulocity-Platform-Services-BUILD/tenant-management/auth-lib/target/surefire-reports/TEST-com.cumulocity.authlib.oauth2.signatureverifier.azureactivedirectory.AzureActiveDirectorySignatureVerifierKeyTest.xml</file>
      <name>com.cumulocity.authlib.oauth2.signatureverifier.azureactivedirectory.AzureActiveDirectorySignatureVerifierKeyTest</name>
      <duration>0.003</duration>
      <time>0.003</time>
      <enclosingBlocks/>
      <enclosingBlockNames/>
      <cases>
        <case>
          <duration>0.001</duration>
          <className>com.cumulocity.authlib.oauth2.signatureverifier.azureactivedirectory.AzureActiveDirectorySignatureVerifierKeyTest</className>
          <testName>mustLoadX5tFromEscapedKeyAndMinusCharacterInId</testName>
          <skipped>false</skipped>
          <failedSince>0</failedSince>
        </case>
        <case>
          <duration>0.001</duration>
          <className>com.cumulocity.authlib.oauth2.signatureverifier.azureactivedirectory.AzureActiveDirectorySignatureVerifierKeyTest</className>
          <testName>mustLoadX5tFromEscapedKey</testName>
          <skipped>false</skipped>
          <failedSince>0</failedSince>
        </case>
        <case>
          <duration>0.0</duration>
          <className>com.cumulocity.authlib.oauth2.signatureverifier.azureactivedirectory.AzureActiveDirectorySignatureVerifierKeyTest</className>
          <testName>mustLoadX5tFromOldStyleKey</testName>
          <skipped>false</skipped>
          <failedSince>0</failedSince>
        </case>
      </cases>
    </suite>
    <suite>
      <file>/var/jenkins_home/workspace/Cumulocity-Platform-Services-BUILD/tenant-management/auth-lib/target/surefire-reports/TEST-com.cumulocity.authlib.oauth2.signatureverifier.cumulocity.CumulocitySignatureVerifierBuilderTest.xml</file>
      <name>com.cumulocity.authlib.oauth2.signatureverifier.cumulocity.CumulocitySignatureVerifierBuilderTest</name>
      <duration>0.005</duration>
      <time>0.005</time>
      <enclosingBlocks/>
      <enclosingBlockNames/>
      <cases>
        <case>
          <duration>0.003</duration>
          <className>com.cumulocity.authlib.oauth2.signatureverifier.cumulocity.CumulocitySignatureVerifierBuilderTest</className>
          <testName>shouldFailWhenInvalidPublicKey</testName>
          <skipped>false</skipped>
          <failedSince>0</failedSince>
        </case>
        <case>
          <duration>0.001</duration>
          <className>com.cumulocity.authlib.oauth2.signatureverifier.cumulocity.CumulocitySignatureVerifierBuilderTest</className>
          <testName>shouldFailWhenNoPublicKeyIsFound</testName>
          <skipped>false</skipped>
          <failedSince>0</failedSince>
        </case>
        <case>
          <duration>0.001</duration>
          <className>com.cumulocity.authlib.oauth2.signatureverifier.cumulocity.CumulocitySignatureVerifierBuilderTest</className>
          <testName>shouldVerifyValidJwtTokenSignature</testName>
          <skipped>false</skipped>
          <failedSince>0</failedSince>
        </case>
      </cases>
    </suite>
    <suite>
      <file>/var/jenkins_home/workspace/Cumulocity-Platform-Services-BUILD/tenant-management/auth-lib/target/surefire-reports/TEST-com.cumulocity.authlib.oauth2.signatureverifier.cumulocity.CumulocitySignatureVerifierKeyTest.xml</file>
      <name>com.cumulocity.authlib.oauth2.signatureverifier.cumulocity.CumulocitySignatureVerifierKeyTest</name>
      <duration>0.005</duration>
      <time>0.005</time>
      <enclosingBlocks/>
      <enclosingBlockNames/>
      <cases>
        <case>
          <duration>0.001</duration>
          <className>com.cumulocity.authlib.oauth2.signatureverifier.cumulocity.CumulocitySignatureVerifierKeyTest</className>
          <testName>shouldReadTenantIdFromToken</testName>
          <skipped>false</skipped>
          <failedSince>0</failedSince>
        </case>
        <case>
          <duration>0.0</duration>
          <className>com.cumulocity.authlib.oauth2.signatureverifier.cumulocity.CumulocitySignatureVerifierKeyTest</className>
          <testName>shouldReadKeyIdFromToken</testName>
          <skipped>false</skipped>
          <failedSince>0</failedSince>
        </case>
        <case>
          <duration>0.0</duration>
          <className>com.cumulocity.authlib.oauth2.signatureverifier.cumulocity.CumulocitySignatureVerifierKeyTest</className>
          <testName>shouldFailWhenNoKeyIdIsPresent</testName>
          <skipped>false</skipped>
          <failedSince>0</failedSince>
        </case>
        <case>
          <duration>0.001</duration>
          <className>com.cumulocity.authlib.oauth2.signatureverifier.cumulocity.CumulocitySignatureVerifierKeyTest</className>
          <testName>signatureVerifierKeysWithDifferentPublicKeyAreNotEqual</testName>
          <skipped>false</skipped>
          <failedSince>0</failedSince>
        </case>
        <case>
          <duration>0.001</duration>
          <className>com.cumulocity.authlib.oauth2.signatureverifier.cumulocity.CumulocitySignatureVerifierKeyTest</className>
          <testName>signatureVerifierKeysWithDifferentTenantIdAreNotEqual</testName>
          <skipped>false</skipped>
          <failedSince>0</failedSince>
        </case>
      </cases>
    </suite>
    <suite>
      <file>/var/jenkins_home/workspace/Cumulocity-Platform-Services-BUILD/tenant-management/auth-lib/target/surefire-reports/TEST-com.cumulocity.authlib.oauth2.signing.CumulocitySigningCertificateServiceImplTest.xml</file>
      <name>com.cumulocity.authlib.oauth2.signing.CumulocitySigningCertificateServiceImplTest</name>
      <duration>0.02</duration>
      <time>0.02</time>
      <enclosingBlocks/>
      <enclosingBlockNames/>
      <cases>
        <case>
          <duration>0.02</duration>
          <className>com.cumulocity.authlib.oauth2.signing.CumulocitySigningCertificateServiceImplTest</className>
          <testName>shouldGenerateUsableKeys</testName>
          <skipped>false</skipped>
          <failedSince>0</failedSince>
        </case>
      </cases>
    </suite>
    <suite>
      <file>/var/jenkins_home/workspace/Cumulocity-Platform-Services-BUILD/tenant-management/auth-lib/target/surefire-reports/TEST-com.cumulocity.authlib.oauth2.userId.UserIdProviderTest.xml</file>
      <name>com.cumulocity.authlib.oauth2.userId.UserIdProviderTest</name>
      <duration>0.07</duration>
      <time>0.07</time>
      <enclosingBlocks/>
      <enclosingBlockNames/>
      <cases>
        <case>
          <duration>0.051</duration>
          <className>com.cumulocity.authlib.oauth2.userId.UserIdProviderTest</className>
          <testName>shouldReturnStaticUserId</testName>
          <skipped>false</skipped>
          <failedSince>0</failedSince>
        </case>
        <case>
          <duration>0.018</duration>
          <className>com.cumulocity.authlib.oauth2.userId.UserIdProviderTest</className>
          <testName>shouldReturnDynamicUserId</testName>
          <skipped>false</skipped>
          <failedSince>0</failedSince>
        </case>
      </cases>
    </suite>
    <suite>
      <file>/var/jenkins_home/workspace/Cumulocity-Platform-Services-BUILD/tenant-management/auth-lib/target/surefire-reports/TEST-com.cumulocity.authlib.oauth2.userId.cumulocity.CumulocityUserIdTest.xml</file>
      <name>com.cumulocity.authlib.oauth2.userId.cumulocity.CumulocityUserIdTest</name>
      <duration>0.002</duration>
      <time>0.002</time>
      <enclosingBlocks/>
      <enclosingBlockNames/>
      <cases>
        <case>
          <duration>0.002</duration>
          <className>com.cumulocity.authlib.oauth2.userId.cumulocity.CumulocityUserIdTest</className>
          <testName>shouldGetUserIdFromCumulocityToken</testName>
          <skipped>false</skipped>
          <failedSince>0</failedSince>
        </case>
      </cases>
    </suite>
    <suite>
      <file>/var/jenkins_home/workspace/Cumulocity-Platform-Services-BUILD/tenant-management/auth-lib/target/surefire-reports/TEST-com.cumulocity.authlib.paypal.MongoPaypalTabLoaderImplTest.xml</file>
      <name>com.cumulocity.authlib.paypal.MongoPaypalTabLoaderImplTest</name>
      <duration>0.003</duration>
      <time>0.003</time>
      <enclosingBlocks/>
      <enclosingBlockNames/>
      <cases>
        <case>
          <duration>0.0</duration>
          <className>com.cumulocity.authlib.paypal.MongoPaypalTabLoaderImplTest</className>
          <testName>should_load_tab_existing_in_repo_not_calling_paypal</testName>
          <skipped>false</skipped>
          <failedSince>0</failedSince>
        </case>
        <case>
          <duration>0.0</duration>
          <className>com.cumulocity.authlib.paypal.MongoPaypalTabLoaderImplTest</className>
          <testName>should_load_tab_from_paypal_platform_if_not_in_repo</testName>
          <skipped>false</skipped>
          <failedSince>0</failedSince>
        </case>
        <case>
          <duration>0.003</duration>
          <className>com.cumulocity.authlib.paypal.MongoPaypalTabLoaderImplTest</className>
          <testName>should_throw_when_tab_not_in_repo_and_inactive_in_paypal</testName>
          <skipped>false</skipped>
          <failedSince>0</failedSince>
        </case>
      </cases>
    </suite>
    <suite>
      <file>/var/jenkins_home/workspace/Cumulocity-Platform-Services-BUILD/tenant-management/auth-lib/target/surefire-reports/TEST-com.cumulocity.authlib.securedfiltering.HavingSourcePageLoaderTest.xml</file>
      <name>com.cumulocity.authlib.securedfiltering.HavingSourcePageLoaderTest</name>
      <duration>0.008</duration>
      <time>0.008</time>
      <enclosingBlocks/>
      <enclosingBlockNames/>
      <cases>
        <case>
          <duration>0.007</duration>
          <className>com.cumulocity.authlib.securedfiltering.HavingSourcePageLoaderTest</className>
          <testName>shouldOptimizeFilterPerDocumentsIfUserIsGrantedToFewDevices</testName>
          <skipped>false</skipped>
          <failedSince>0</failedSince>
        </case>
        <case>
          <duration>0.001</duration>
          <className>com.cumulocity.authlib.securedfiltering.HavingSourcePageLoaderTest</className>
          <testName>shouldNotOptimizeFilterPerDocumentsIfUserIsGrantedToManyDevices</testName>
          <skipped>false</skipped>
          <failedSince>0</failedSince>
        </case>
      </cases>
    </suite>
    <suite>
      <file>/var/jenkins_home/workspace/Cumulocity-Platform-Services-BUILD/tenant-management/auth-lib/target/surefire-reports/TEST-com.cumulocity.authlib.securedfiltering.SecuredFilteringTest.xml</file>
      <name>com.cumulocity.authlib.securedfiltering.SecuredFilteringTest</name>
      <duration>0.136</duration>
      <time>0.136</time>
      <enclosingBlocks/>
      <enclosingBlockNames/>
      <cases>
        <case>
          <duration>0.011</duration>
          <className>com.cumulocity.authlib.securedfiltering.SecuredFilteringTest</className>
          <testName>shouldExecuteStandardFilteringIfUserHasAccessToWholeApi</testName>
          <skipped>false</skipped>
          <failedSince>0</failedSince>
        </case>
        <case>
          <duration>0.011</duration>
          <className>com.cumulocity.authlib.securedfiltering.SecuredFilteringTest</className>
          <testName>shouldFilterPerDocuments</testName>
          <skipped>false</skipped>
          <failedSince>0</failedSince>
        </case>
        <case>
          <duration>0.004</duration>
          <className>com.cumulocity.authlib.securedfiltering.SecuredFilteringTest</className>
          <testName>shouldReturnGrantedDocuments</testName>
          <skipped>false</skipped>
          <failedSince>0</failedSince>
        </case>
        <case>
          <duration>0.005</duration>
          <className>com.cumulocity.authlib.securedfiltering.SecuredFilteringTest</className>
          <testName>shouldPageOverAllDocumentsForNextAction</testName>
          <skipped>false</skipped>
          <failedSince>0</failedSince>
        </case>
        <case>
          <duration>0.002</duration>
          <className>com.cumulocity.authlib.securedfiltering.SecuredFilteringTest</className>
          <testName>shouldPrepareCorrectPrevLink</testName>
          <skipped>false</skipped>
          <failedSince>0</failedSince>
        </case>
        <case>
          <duration>0.004</duration>
          <className>com.cumulocity.authlib.securedfiltering.SecuredFilteringTest</className>
          <testName>shouldPageOverAllDocumentsForPrevAction</testName>
          <skipped>false</skipped>
          <failedSince>0</failedSince>
        </case>
        <case>
          <duration>0.005</duration>
          <className>com.cumulocity.authlib.securedfiltering.SecuredFilteringTest</className>
          <testName>shouldPreparePrevPage</testName>
          <skipped>false</skipped>
          <failedSince>0</failedSince>
        </case>
        <case>
          <duration>0.003</duration>
          <className>com.cumulocity.authlib.securedfiltering.SecuredFilteringTest</className>
          <testName>shouldGoNextAndPrev</testName>
          <skipped>false</skipped>
          <failedSince>0</failedSince>
        </case>
        <case>
          <duration>0.002</duration>
          <className>com.cumulocity.authlib.securedfiltering.SecuredFilteringTest</className>
          <testName>shouldPageOverAllDocumentsIfNotAllDocumentsGrantedForNextAction</testName>
          <skipped>false</skipped>
          <failedSince>0</failedSince>
        </case>
        <case>
          <duration>0.003</duration>
          <className>com.cumulocity.authlib.securedfiltering.SecuredFilteringTest</className>
          <testName>shouldPageOverAllDocumentsIfNotAllDocumentsGrantedForPrevAction</testName>
          <skipped>false</skipped>
          <failedSince>0</failedSince>
        </case>
        <case>
          <duration>0.002</duration>
          <className>com.cumulocity.authlib.securedfiltering.SecuredFilteringTest</className>
          <testName>shouldReturnEmptyPrevPageForBigNumber</testName>
          <skipped>false</skipped>
          <failedSince>0</failedSince>
        </case>
        <case>
          <duration>0.037</duration>
          <className>com.cumulocity.authlib.securedfiltering.SecuredFilteringTest</className>
          <testName>shouldKeepRequestLimitForNext</testName>
          <skipped>false</skipped>
          <failedSince>0</failedSince>
        </case>
        <case>
          <duration>0.006</duration>
          <className>com.cumulocity.authlib.securedfiltering.SecuredFilteringTest</className>
          <testName>shouldKeepRequestLimitForPrev</testName>
          <skipped>false</skipped>
          <failedSince>0</failedSince>
        </case>
        <case>
          <duration>0.002</duration>
          <className>com.cumulocity.authlib.securedfiltering.SecuredFilteringTest</className>
          <testName>shouldPageHasNextIfThereIsDataLeft</testName>
          <skipped>false</skipped>
          <failedSince>0</failedSince>
        </case>
        <case>
          <duration>0.003</duration>
          <className>com.cumulocity.authlib.securedfiltering.SecuredFilteringTest</className>
          <testName>shouldPageNotHasNextIfThereIsNoDataLeft</testName>
          <skipped>false</skipped>
          <failedSince>0</failedSince>
        </case>
        <case>
          <duration>0.004</duration>
          <className>com.cumulocity.authlib.securedfiltering.SecuredFilteringTest</className>
          <testName>shouldPageHasPrevIfThereIsDataLeft</testName>
          <skipped>false</skipped>
          <failedSince>0</failedSince>
        </case>
        <case>
          <duration>0.004</duration>
          <className>com.cumulocity.authlib.securedfiltering.SecuredFilteringTest</className>
          <testName>shouldPageHasNotPrevIfThereIsNoDataLeft</testName>
          <skipped>false</skipped>
          <failedSince>0</failedSince>
        </case>
        <case>
          <duration>0.003</duration>
          <className>com.cumulocity.authlib.securedfiltering.SecuredFilteringTest</className>
          <testName>shouldGoToPRevIfThereIsSmallDataInDatabase</testName>
          <skipped>false</skipped>
          <failedSince>0</failedSince>
        </case>
        <case>
          <duration>0.022</duration>
          <className>com.cumulocity.authlib.securedfiltering.SecuredFilteringTest</className>
          <testName>shouldNotShowNextIfCurrentPageIsBigAndFilteringIsApplied</testName>
          <skipped>false</skipped>
          <failedSince>0</failedSince>
        </case>
      </cases>
    </suite>
    <suite>
      <file>/var/jenkins_home/workspace/Cumulocity-Platform-Services-BUILD/tenant-management/auth-lib/target/surefire-reports/TEST-com.cumulocity.authlib.service.PasswordResetServiceImplTest.xml</file>
      <name>com.cumulocity.authlib.service.PasswordResetServiceImplTest</name>
      <duration>0.029</duration>
      <time>0.029</time>
      <enclosingBlocks/>
      <enclosingBlockNames/>
      <cases>
        <case>
          <duration>0.021</duration>
          <className>com.cumulocity.authlib.service.PasswordResetServiceImplTest</className>
          <testName>shouldGeneratePasswordResetTokenIfNoTokenWasGeneratedBefore</testName>
          <skipped>false</skipped>
          <failedSince>0</failedSince>
        </case>
        <case>
          <duration>0.001</duration>
          <className>com.cumulocity.authlib.service.PasswordResetServiceImplTest</className>
          <testName>shouldGeneratePasswordResetTokenIfOldTokenExpired</testName>
          <skipped>false</skipped>
          <failedSince>0</failedSince>
        </case>
        <case>
          <duration>0.001</duration>
          <className>com.cumulocity.authlib.service.PasswordResetServiceImplTest</className>
          <testName>shouldReturnOldTokenIfItHasNotExpired</testName>
          <skipped>false</skipped>
          <failedSince>0</failedSince>
        </case>
        <case>
          <duration>0.001</duration>
          <className>com.cumulocity.authlib.service.PasswordResetServiceImplTest</className>
          <testName>shouldNotChangePasswordIfTokenIsExpired</testName>
          <skipped>false</skipped>
          <failedSince>0</failedSince>
        </case>
        <case>
          <duration>0.002</duration>
          <className>com.cumulocity.authlib.service.PasswordResetServiceImplTest</className>
          <testName>shouldNotChangePasswordIfPasswordIsIncorrect</testName>
          <skipped>false</skipped>
          <failedSince>0</failedSince>
        </case>
        <case>
          <duration>0.001</duration>
          <className>com.cumulocity.authlib.service.PasswordResetServiceImplTest</className>
          <testName>shouldNotChangePasswordIfTheSame</testName>
          <skipped>false</skipped>
          <failedSince>0</failedSince>
        </case>
        <case>
          <duration>0.001</duration>
          <className>com.cumulocity.authlib.service.PasswordResetServiceImplTest</className>
          <testName>shouldChangePassword</testName>
          <skipped>false</skipped>
          <failedSince>0</failedSince>
        </case>
      </cases>
    </suite>
    <suite>
      <file>/var/jenkins_home/workspace/Cumulocity-Platform-Services-BUILD/tenant-management/auth-lib/target/surefire-reports/TEST-com.cumulocity.authlib.service.SupportUserServiceTest.xml</file>
      <name>com.cumulocity.authlib.service.SupportUserServiceTest</name>
      <duration>0.048</duration>
      <time>0.048</time>
      <enclosingBlocks/>
      <enclosingBlockNames/>
      <cases>
        <case>
          <duration>0.019</duration>
          <className>com.cumulocity.authlib.service.SupportUserServiceTest</className>
          <testName>shouldEnableSupportUser</testName>
          <skipped>false</skipped>
          <failedSince>0</failedSince>
        </case>
        <case>
          <duration>0.003</duration>
          <className>com.cumulocity.authlib.service.SupportUserServiceTest</className>
          <testName>shouldDisableSupportUser</testName>
          <skipped>false</skipped>
          <failedSince>0</failedSince>
        </case>
        <case>
          <duration>0.007</duration>
          <className>com.cumulocity.authlib.service.SupportUserServiceTest</className>
          <testName>tenantShouldBeEnabled</testName>
          <skipped>false</skipped>
          <failedSince>0</failedSince>
        </case>
        <case>
          <duration>0.003</duration>
          <className>com.cumulocity.authlib.service.SupportUserServiceTest</className>
          <testName>shouldGrantAccessToTenantIfUserHasBothSupportRoles</testName>
          <skipped>false</skipped>
          <failedSince>0</failedSince>
        </case>
        <case>
          <duration>0.004</duration>
          <className>com.cumulocity.authlib.service.SupportUserServiceTest</className>
          <testName>shouldDenyAccessToTenantIfUserHasNoBothSupportRolesAndNoAcl</testName>
          <skipped>false</skipped>
          <failedSince>0</failedSince>
        </case>
        <case>
          <duration>0.005</duration>
          <className>com.cumulocity.authlib.service.SupportUserServiceTest</className>
          <testName>shouldGrantAccessToTenantIfUserHasRequiredAclPermission</testName>
          <skipped>false</skipped>
          <failedSince>0</failedSince>
        </case>
        <case>
          <duration>0.002</duration>
          <className>com.cumulocity.authlib.service.SupportUserServiceTest</className>
          <testName>shouldDenyAccessToTenantIfUserHasNotRequiredAclPermissions</testName>
          <skipped>false</skipped>
          <failedSince>0</failedSince>
        </case>
      </cases>
    </suite>
    <suite>
      <file>/var/jenkins_home/workspace/Cumulocity-Platform-Services-BUILD/tenant-management/auth-lib/target/surefire-reports/TEST-com.cumulocity.authlib.service.TwoFactorAuthenticationServiceTest.xml</file>
      <name>com.cumulocity.authlib.service.TwoFactorAuthenticationServiceTest</name>
      <duration>0.369</duration>
      <time>0.369</time>
      <enclosingBlocks/>
      <enclosingBlockNames/>
      <cases>
        <case>
          <duration>0.063</duration>
          <className>com.cumulocity.authlib.service.TwoFactorAuthenticationServiceTest</className>
          <testName>shouldNotFailWhenTokenMatches</testName>
          <skipped>false</skipped>
          <failedSince>0</failedSince>
        </case>
        <case>
          <duration>0.003</duration>
          <className>com.cumulocity.authlib.service.TwoFactorAuthenticationServiceTest</className>
          <testName>shouldNotFailMoreThenOneTokenIsValidWhenTokenMatches</testName>
          <skipped>false</skipped>
          <failedSince>0</failedSince>
        </case>
        <case>
          <duration>0.047</duration>
          <className>com.cumulocity.authlib.service.TwoFactorAuthenticationServiceTest</className>
          <testName>shouldSendPinIfValidationFails</testName>
          <skipped>false</skipped>
          <failedSince>0</failedSince>
        </case>
        <case>
          <duration>0.005</duration>
          <className>com.cumulocity.authlib.service.TwoFactorAuthenticationServiceTest</className>
          <testName>shouldSendPin</testName>
          <skipped>false</skipped>
          <failedSince>0</failedSince>
        </case>
        <case>
          <duration>0.003</duration>
          <className>com.cumulocity.authlib.service.TwoFactorAuthenticationServiceTest</className>
          <testName>shouldNotSendPinIfValidationFailsAndPinAlreadySent</testName>
          <skipped>false</skipped>
          <failedSince>0</failedSince>
        </case>
        <case>
          <duration>0.007</duration>
          <className>com.cumulocity.authlib.service.TwoFactorAuthenticationServiceTest</className>
          <testName>shouldGenerateTwoFactorAuthenticationToken</testName>
          <skipped>false</skipped>
          <failedSince>0</failedSince>
        </case>
        <case>
          <duration>0.004</duration>
          <className>com.cumulocity.authlib.service.TwoFactorAuthenticationServiceTest</className>
          <testName>shouldNotGenerateTwoFactorAuthenticationTokenIfThereIsNoPin</testName>
          <skipped>false</skipped>
          <failedSince>0</failedSince>
        </case>
        <case>
          <duration>0.003</duration>
          <className>com.cumulocity.authlib.service.TwoFactorAuthenticationServiceTest</className>
          <testName>shouldGenerateTwoFactorAuthenticationTokenForSupportUser</testName>
          <skipped>false</skipped>
          <failedSince>0</failedSince>
        </case>
        <case>
          <duration>0.006</duration>
          <className>com.cumulocity.authlib.service.TwoFactorAuthenticationServiceTest</className>
          <testName>shouldDeleteExpiredPins</testName>
          <skipped>false</skipped>
          <failedSince>0</failedSince>
        </case>
        <case>
          <duration>0.008</duration>
          <className>com.cumulocity.authlib.service.TwoFactorAuthenticationServiceTest</className>
          <testName>shouldDeleteExpiredPinsOnNewPinCode</testName>
          <skipped>false</skipped>
          <failedSince>0</failedSince>
        </case>
        <case>
          <duration>0.006</duration>
          <className>com.cumulocity.authlib.service.TwoFactorAuthenticationServiceTest</className>
          <testName>shouldResendValidationTokenOnlyIfProvidedOneIs0</testName>
          <skipped>false</skipped>
          <failedSince>0</failedSince>
        </case>
        <case>
          <duration>0.003</duration>
          <className>com.cumulocity.authlib.service.TwoFactorAuthenticationServiceTest</className>
          <testName>shouldResetAllExistingPins</testName>
          <skipped>false</skipped>
          <failedSince>0</failedSince>
        </case>
        <case>
          <duration>0.004</duration>
          <className>com.cumulocity.authlib.service.TwoFactorAuthenticationServiceTest</className>
          <testName>shouldRequireTwoFactorAuthenticationIfIsEnforcedForTenant</testName>
          <skipped>false</skipped>
          <failedSince>0</failedSince>
        </case>
        <case>
          <duration>0.006</duration>
          <className>com.cumulocity.authlib.service.TwoFactorAuthenticationServiceTest</className>
          <testName>shouldRequireTwoFactorAuthenticationIfIsEnforcedForGroup</testName>
          <skipped>false</skipped>
          <failedSince>0</failedSince>
        </case>
        <case>
          <duration>0.007</duration>
          <className>com.cumulocity.authlib.service.TwoFactorAuthenticationServiceTest</className>
          <testName>shouldNotRequireTwoFactorAuthenticationIfIsEnforcedForOtherGroup</testName>
          <skipped>false</skipped>
          <failedSince>0</failedSince>
        </case>
        <case>
          <duration>0.004</duration>
          <className>com.cumulocity.authlib.service.TwoFactorAuthenticationServiceTest</className>
          <testName>shouldRequireTwoFactorAuthenticationIfIsEnabledOnSystemLevelAndInUser</testName>
          <skipped>false</skipped>
          <failedSince>0</failedSince>
        </case>
        <case>
          <duration>0.007</duration>
          <className>com.cumulocity.authlib.service.TwoFactorAuthenticationServiceTest</className>
          <testName>shouldRequireTwoFactorAuthenticationIfUserIsNotSystem</testName>
          <skipped>false</skipped>
          <failedSince>0</failedSince>
        </case>
        <case>
          <duration>0.004</duration>
          <className>com.cumulocity.authlib.service.TwoFactorAuthenticationServiceTest</className>
          <testName>shouldNotRequireTwoFactorAuthenticationIfUserIsSystem</testName>
          <skipped>false</skipped>
          <failedSince>0</failedSince>
        </case>
        <case>
          <duration>0.011</duration>
          <className>com.cumulocity.authlib.service.TwoFactorAuthenticationServiceTest</className>
          <testName>shouldNotRequireTwoFactorAuthenticationIfUserIsDevice</testName>
          <skipped>false</skipped>
          <failedSince>0</failedSince>
        </case>
        <case>
          <duration>0.003</duration>
          <className>com.cumulocity.authlib.service.TwoFactorAuthenticationServiceTest</className>
          <testName>shouldSendSmsWithTokenOnlyIfTemplateNotDefined</testName>
          <skipped>false</skipped>
          <failedSince>0</failedSince>
        </case>
        <case>
          <duration>0.004</duration>
          <className>com.cumulocity.authlib.service.TwoFactorAuthenticationServiceTest</className>
          <testName>shouldThrowExceptionIfCantSendSmsTokentBecauseUserHasNoPhone</testName>
          <skipped>false</skipped>
          <failedSince>0</failedSince>
        </case>
        <case>
          <duration>0.003</duration>
          <className>com.cumulocity.authlib.service.TwoFactorAuthenticationServiceTest</className>
          <testName>shouldCreateAuditRecordThatSESSIONTokenHasBeenCreated</testName>
          <skipped>false</skipped>
          <failedSince>0</failedSince>
        </case>
        <case>
          <duration>0.003</duration>
          <className>com.cumulocity.authlib.service.TwoFactorAuthenticationServiceTest</className>
          <testName>shouldUpdateLastTFATimeAfterGenerateTwoFactorAuthenticationToken</testName>
          <skipped>false</skipped>
          <failedSince>0</failedSince>
        </case>
        <case>
          <duration>0.006</duration>
          <className>com.cumulocity.authlib.service.TwoFactorAuthenticationServiceTest</className>
          <testName>shouldDeleteTheTokenWhenUserInactive</testName>
          <skipped>false</skipped>
          <failedSince>0</failedSince>
        </case>
        <case>
          <duration>0.005</duration>
          <className>com.cumulocity.authlib.service.TwoFactorAuthenticationServiceTest</className>
          <testName>shouldNotSendSmsWhenUserIsInactive</testName>
          <skipped>false</skipped>
          <failedSince>0</failedSince>
        </case>
        <case>
          <duration>0.004</duration>
          <className>com.cumulocity.authlib.service.TwoFactorAuthenticationServiceTest</className>
          <testName>shouldNotDeleteTheTokenWhenInactivityNotSet</testName>
          <skipped>false</skipped>
          <failedSince>0</failedSince>
        </case>
        <case>
          <duration>0.004</duration>
          <className>com.cumulocity.authlib.service.TwoFactorAuthenticationServiceTest</className>
          <testName>shouldNotDeleteTheTokenWhenLastTfaNotSet</testName>
          <skipped>false</skipped>
          <failedSince>0</failedSince>
        </case>
        <case>
          <duration>0.01</duration>
          <className>com.cumulocity.authlib.service.TwoFactorAuthenticationServiceTest</className>
          <testName>shouldNotDeleteTheTokenWhenLastTfaNotExceeded</testName>
          <skipped>false</skipped>
          <failedSince>0</failedSince>
        </case>
        <case>
          <duration>0.113</duration>
          <className>com.cumulocity.authlib.service.TwoFactorAuthenticationServiceTest</className>
          <testName>shouldGenerateSingleTokenEventWhenMultipleConcurrentlyRequested</testName>
          <skipped>false</skipped>
          <failedSince>0</failedSince>
        </case>
      </cases>
    </suite>
    <suite>
      <file>/var/jenkins_home/workspace/Cumulocity-Platform-Services-BUILD/tenant-management/auth-lib/target/surefire-reports/TEST-com.cumulocity.authlib.service.impl.TwoFactorAuthenticationConfigurationTest.xml</file>
      <name>com.cumulocity.authlib.service.impl.TwoFactorAuthenticationConfigurationTest</name>
      <duration>0.022</duration>
      <time>0.022</time>
      <enclosingBlocks/>
      <enclosingBlockNames/>
      <cases>
        <case>
          <duration>0.009</duration>
          <className>com.cumulocity.authlib.service.impl.TwoFactorAuthenticationConfigurationTest</className>
          <testName>shouldReadEnableFromTenantOnly</testName>
          <skipped>false</skipped>
          <failedSince>0</failedSince>
        </case>
        <case>
          <duration>0.001</duration>
          <className>com.cumulocity.authlib.service.impl.TwoFactorAuthenticationConfigurationTest</className>
          <testName>shouldSetDefaultForAbsentTenantOptionValue</testName>
          <skipped>false</skipped>
          <failedSince>0</failedSince>
        </case>
        <case>
          <duration>0.004</duration>
          <className>com.cumulocity.authlib.service.impl.TwoFactorAuthenticationConfigurationTest</className>
          <testName>shouldReadPinValidity</testName>
          <skipped>false</skipped>
          <failedSince>0</failedSince>
        </case>
        <case>
          <duration>0.001</duration>
          <className>com.cumulocity.authlib.service.impl.TwoFactorAuthenticationConfigurationTest</className>
          <testName>shouldReadPinLength</testName>
          <skipped>false</skipped>
          <failedSince>0</failedSince>
        </case>
        <case>
          <duration>0.001</duration>
          <className>com.cumulocity.authlib.service.impl.TwoFactorAuthenticationConfigurationTest</className>
          <testName>shouldReadTokenValidity</testName>
          <skipped>false</skipped>
          <failedSince>0</failedSince>
        </case>
        <case>
          <duration>0.002</duration>
          <className>com.cumulocity.authlib.service.impl.TwoFactorAuthenticationConfigurationTest</className>
          <testName>shouldReadTokenLength</testName>
          <skipped>false</skipped>
          <failedSince>0</failedSince>
        </case>
      </cases>
    </suite>
    <suite>
      <file>/var/jenkins_home/workspace/Cumulocity-Platform-Services-BUILD/tenant-management/auth-lib/target/surefire-reports/TEST-com.cumulocity.authlib.userdetails.CumulocityUserDetailsServiceImplTest.xml</file>
      <name>com.cumulocity.authlib.userdetails.CumulocityUserDetailsServiceImplTest</name>
      <duration>0.051</duration>
      <time>0.051</time>
      <enclosingBlocks/>
      <enclosingBlockNames/>
      <cases>
        <case>
          <duration>0.033</duration>
          <className>com.cumulocity.authlib.userdetails.CumulocityUserDetailsServiceImplTest</className>
          <testName>loadTenantById_shouldFailOnEmptyName</testName>
          <skipped>false</skipped>
          <failedSince>0</failedSince>
        </case>
        <case>
          <duration>0.002</duration>
          <className>com.cumulocity.authlib.userdetails.CumulocityUserDetailsServiceImplTest</className>
          <testName>loadTenanatById_shouldLoadTenant</testName>
          <skipped>false</skipped>
          <failedSince>0</failedSince>
        </case>
        <case>
          <duration>0.001</duration>
          <className>com.cumulocity.authlib.userdetails.CumulocityUserDetailsServiceImplTest</className>
          <testName>loadTenanatById_shouldFailIfTenantNotFound</testName>
          <skipped>false</skipped>
          <failedSince>0</failedSince>
        </case>
        <case>
          <duration>0.002</duration>
          <className>com.cumulocity.authlib.userdetails.CumulocityUserDetailsServiceImplTest</className>
          <testName>loadTenantByDomain_shouldFailOnEmptyDomain</testName>
          <skipped>false</skipped>
          <failedSince>0</failedSince>
        </case>
        <case>
          <duration>0.001</duration>
          <className>com.cumulocity.authlib.userdetails.CumulocityUserDetailsServiceImplTest</className>
          <testName>loadTenantByDomain_shouldLoadTenant</testName>
          <skipped>false</skipped>
          <failedSince>0</failedSince>
        </case>
        <case>
          <duration>0.002</duration>
          <className>com.cumulocity.authlib.userdetails.CumulocityUserDetailsServiceImplTest</className>
          <testName>loadTenantByDomain_shouldFailIfTenantNotFound</testName>
          <skipped>false</skipped>
          <failedSince>0</failedSince>
        </case>
        <case>
          <duration>0.001</duration>
          <className>com.cumulocity.authlib.userdetails.CumulocityUserDetailsServiceImplTest</className>
          <testName>loadUser_shouldFailIfNoUsernameProvided</testName>
          <skipped>false</skipped>
          <failedSince>0</failedSince>
        </case>
        <case>
          <duration>0.001</duration>
          <className>com.cumulocity.authlib.userdetails.CumulocityUserDetailsServiceImplTest</className>
          <testName>loadUser_shouldLoadUser</testName>
          <skipped>false</skipped>
          <failedSince>0</failedSince>
        </case>
        <case>
          <duration>0.002</duration>
          <className>com.cumulocity.authlib.userdetails.CumulocityUserDetailsServiceImplTest</className>
          <testName>loadUser_shouldFailIfUserNotFound</testName>
          <skipped>false</skipped>
          <failedSince>0</failedSince>
        </case>
        <case>
          <duration>0.002</duration>
          <className>com.cumulocity.authlib.userdetails.CumulocityUserDetailsServiceImplTest</className>
          <testName>shouldDisableUser</testName>
          <skipped>false</skipped>
          <failedSince>0</failedSince>
        </case>
      </cases>
    </suite>
    <suite>
      <file>/var/jenkins_home/workspace/Cumulocity-Platform-Services-BUILD/tenant-management/auth-lib/target/surefire-reports/TEST-com.cumulocity.authlib.userdetails.PasswordExpirationValidatorTest.xml</file>
      <name>com.cumulocity.authlib.userdetails.PasswordExpirationValidatorTest</name>
      <duration>0.016</duration>
      <time>0.016</time>
      <enclosingBlocks/>
      <enclosingBlockNames/>
      <cases>
        <case>
          <duration>0.004</duration>
          <className>com.cumulocity.authlib.userdetails.PasswordExpirationValidatorTest</className>
          <testName>shouldSkipSystemUsers</testName>
          <skipped>false</skipped>
          <failedSince>0</failedSince>
        </case>
        <case>
          <duration>0.001</duration>
          <className>com.cumulocity.authlib.userdetails.PasswordExpirationValidatorTest</className>
          <testName>shouldSkipDeviceUsers</testName>
          <skipped>false</skipped>
          <failedSince>0</failedSince>
        </case>
        <case>
          <duration>0.001</duration>
          <className>com.cumulocity.authlib.userdetails.PasswordExpirationValidatorTest</className>
          <testName>shouldReturnFalseIfPasswordNotYetExpired</testName>
          <skipped>false</skipped>
          <failedSince>0</failedSince>
        </case>
        <case>
          <duration>0.001</duration>
          <className>com.cumulocity.authlib.userdetails.PasswordExpirationValidatorTest</className>
          <testName>shouldReturnTrueIfPasswordIsExpired</testName>
          <skipped>false</skipped>
          <failedSince>0</failedSince>
        </case>
        <case>
          <duration>0.0</duration>
          <className>com.cumulocity.authlib.userdetails.PasswordExpirationValidatorTest</className>
          <testName>shouldReturnFalseIfOptionWasNotSet</testName>
          <skipped>false</skipped>
          <failedSince>0</failedSince>
        </case>
        <case>
          <duration>0.001</duration>
          <className>com.cumulocity.authlib.userdetails.PasswordExpirationValidatorTest</className>
          <testName>shouldReturnTrueIfPasswordIsExpiredDueToSystemLimit</testName>
          <skipped>false</skipped>
          <failedSince>0</failedSince>
        </case>
        <case>
          <duration>0.001</duration>
          <className>com.cumulocity.authlib.userdetails.PasswordExpirationValidatorTest</className>
          <testName>shouldIngnoreSystemLimitIfIsNull</testName>
          <skipped>false</skipped>
          <failedSince>0</failedSince>
        </case>
        <case>
          <duration>0.001</duration>
          <className>com.cumulocity.authlib.userdetails.PasswordExpirationValidatorTest</className>
          <testName>shouldReturnFalseIfTenantValidDaysIsZero</testName>
          <skipped>false</skipped>
          <failedSince>0</failedSince>
        </case>
        <case>
          <duration>0.001</duration>
          <className>com.cumulocity.authlib.userdetails.PasswordExpirationValidatorTest</className>
          <testName>shouldReturnFalseIfSystemValidDaysIsZero</testName>
          <skipped>false</skipped>
          <failedSince>0</failedSince>
        </case>
        <case>
          <duration>0.002</duration>
          <className>com.cumulocity.authlib.userdetails.PasswordExpirationValidatorTest</className>
          <testName>shouldReturnFalseIfSystemHasInValidDays</testName>
          <skipped>false</skipped>
          <failedSince>0</failedSince>
        </case>
        <case>
          <duration>0.001</duration>
          <className>com.cumulocity.authlib.userdetails.PasswordExpirationValidatorTest</className>
          <testName>shouldReturnFalseIfSystemHasTooLongDays</testName>
          <skipped>false</skipped>
          <failedSince>0</failedSince>
        </case>
      </cases>
    </suite>
    <suite>
      <file>/var/jenkins_home/workspace/Cumulocity-Platform-Services-BUILD/tenant-management/auth-lib/target/surefire-reports/TEST-com.cumulocity.authlib.vote.SupportUserVoterTest.xml</file>
      <name>com.cumulocity.authlib.vote.SupportUserVoterTest</name>
      <duration>0.008</duration>
      <time>0.008</time>
      <enclosingBlocks/>
      <enclosingBlockNames/>
      <cases>
        <case>
          <duration>0.003</duration>
          <className>com.cumulocity.authlib.vote.SupportUserVoterTest</className>
          <testName>shouldAuthorizeIfSupportUserAuthenticationPresent</testName>
          <skipped>false</skipped>
          <failedSince>0</failedSince>
        </case>
        <case>
          <duration>0.001</duration>
          <className>com.cumulocity.authlib.vote.SupportUserVoterTest</className>
          <testName>shouldAbstainIfSupportUserAuthenticationNotPresent</testName>
          <skipped>false</skipped>
          <failedSince>0</failedSince>
        </case>
        <case>
          <duration>0.002</duration>
          <className>com.cumulocity.authlib.vote.SupportUserVoterTest</className>
          <testName>shouldAbstainIfConfigAttributeNotMatching</testName>
          <skipped>false</skipped>
          <failedSince>0</failedSince>
        </case>
        <case>
          <duration>0.001</duration>
          <className>com.cumulocity.authlib.vote.SupportUserVoterTest</className>
          <testName>shouldThrowAccessDeniedExceptionIfSupportUserServiceThrowsException</testName>
          <skipped>false</skipped>
          <failedSince>0</failedSince>
        </case>
      </cases>
    </suite>
    <suite>
      <file>/var/jenkins_home/workspace/Cumulocity-Platform-Services-BUILD/tenant-management/auth-lib/target/surefire-reports/TEST-com.cumulocity.authlib.vote.SystemVoterTest.xml</file>
      <name>com.cumulocity.authlib.vote.SystemVoterTest</name>
      <duration>0.009</duration>
      <time>0.009</time>
      <enclosingBlocks/>
      <enclosingBlockNames/>
      <cases>
        <case>
          <duration>0.006</duration>
          <className>com.cumulocity.authlib.vote.SystemVoterTest</className>
          <testName>must_vote_give_grant_for_valid_licence_for_localhost</testName>
          <skipped>false</skipped>
          <failedSince>0</failedSince>
        </case>
        <case>
          <duration>0.001</duration>
          <className>com.cumulocity.authlib.vote.SystemVoterTest</className>
          <testName>must_vote_give_grant_for_valid_licence_for_topdomain</testName>
          <skipped>false</skipped>
          <failedSince>0</failedSince>
        </case>
        <case>
          <duration>0.0</duration>
          <className>com.cumulocity.authlib.vote.SystemVoterTest</className>
          <testName>must_vote_give_grant_for_valid_licence_for_subdomain</testName>
          <skipped>false</skipped>
          <failedSince>0</failedSince>
        </case>
        <case>
          <duration>0.001</duration>
          <className>com.cumulocity.authlib.vote.SystemVoterTest</className>
          <testName>must_vote_throw_runtime_exception_for_invalid_licence</testName>
          <skipped>false</skipped>
          <failedSince>0</failedSince>
        </case>
      </cases>
    </suite>
    <suite>
      <file>/var/jenkins_home/workspace/Cumulocity-Platform-Services-BUILD/tenant-management/auth-lib/target/surefire-reports/TEST-com.cumulocity.authlib.vote.TenantApplicationVoterTest.xml</file>
      <name>com.cumulocity.authlib.vote.TenantApplicationVoterTest</name>
      <duration>0.016</duration>
      <time>0.016</time>
      <enclosingBlocks/>
      <enclosingBlockNames/>
      <cases>
        <case>
          <duration>0.001</duration>
          <className>com.cumulocity.authlib.vote.TenantApplicationVoterTest</className>
          <testName>shouldNotSupportNotPrefixedAttributeValue</testName>
          <skipped>false</skipped>
          <failedSince>0</failedSince>
        </case>
        <case>
          <duration>0.001</duration>
          <className>com.cumulocity.authlib.vote.TenantApplicationVoterTest</className>
          <testName>shouldNotSupportNullAttribute</testName>
          <skipped>false</skipped>
          <failedSince>0</failedSince>
        </case>
        <case>
          <duration>0.0</duration>
          <className>com.cumulocity.authlib.vote.TenantApplicationVoterTest</className>
          <testName>shouldSupportPrefixedAttributeValue</testName>
          <skipped>false</skipped>
          <failedSince>0</failedSince>
        </case>
        <case>
          <duration>0.001</duration>
          <className>com.cumulocity.authlib.vote.TenantApplicationVoterTest</className>
          <testName>shouldSupportAnyClass</testName>
          <skipped>false</skipped>
          <failedSince>0</failedSince>
        </case>
        <case>
          <duration>0.0</duration>
          <className>com.cumulocity.authlib.vote.TenantApplicationVoterTest</className>
          <testName>shouldAbstainWhenNoAttributes</testName>
          <skipped>false</skipped>
          <failedSince>0</failedSince>
        </case>
        <case>
          <duration>0.0</duration>
          <className>com.cumulocity.authlib.vote.TenantApplicationVoterTest</className>
          <testName>shouldAbstainWhenNoSupportedAttributes</testName>
          <skipped>false</skipped>
          <failedSince>0</failedSince>
        </case>
        <case>
          <duration>0.001</duration>
          <className>com.cumulocity.authlib.vote.TenantApplicationVoterTest</className>
          <testName>shouldDenyWhenNoCumulocityAuthenticationToken</testName>
          <skipped>false</skipped>
          <failedSince>0</failedSince>
        </case>
        <case>
          <duration>0.0</duration>
          <className>com.cumulocity.authlib.vote.TenantApplicationVoterTest</className>
          <testName>shouldDenyWhenNoCumulocityApplicationKey</testName>
          <skipped>false</skipped>
          <failedSince>0</failedSince>
        </case>
        <case>
          <duration>0.003</duration>
          <className>com.cumulocity.authlib.vote.TenantApplicationVoterTest</className>
          <testName>shouldNotSupportNullAttributeValue</testName>
          <skipped>false</skipped>
          <failedSince>0</failedSince>
        </case>
        <case>
          <duration>0.001</duration>
          <className>com.cumulocity.authlib.vote.TenantApplicationVoterTest</className>
          <testName>shouldDenyWhenTenantWithGivenIdDoesNotExist</testName>
          <skipped>false</skipped>
          <failedSince>0</failedSince>
        </case>
        <case>
          <duration>0.001</duration>
          <className>com.cumulocity.authlib.vote.TenantApplicationVoterTest</className>
          <testName>shouldDenyWhenTenantHasNoApplications</testName>
          <skipped>false</skipped>
          <failedSince>0</failedSince>
        </case>
        <case>
          <duration>0.001</duration>
          <className>com.cumulocity.authlib.vote.TenantApplicationVoterTest</className>
          <testName>shouldDenyWhenNoApplicationMatchesTheKey</testName>
          <skipped>false</skipped>
          <failedSince>0</failedSince>
        </case>
        <case>
          <duration>0.0</duration>
          <className>com.cumulocity.authlib.vote.TenantApplicationVoterTest</className>
          <testName>shouldGrantWhenApplicationMatchesTheKeyForAnyAssignedAttribute</testName>
          <skipped>false</skipped>
          <failedSince>0</failedSince>
        </case>
        <case>
          <duration>0.001</duration>
          <className>com.cumulocity.authlib.vote.TenantApplicationVoterTest</className>
          <testName>shouldDenyEvenWhenApplicationMatchesTheKeyForNameBasedAttribute</testName>
          <skipped>false</skipped>
          <failedSince>0</failedSince>
        </case>
        <case>
          <duration>0.001</duration>
          <className>com.cumulocity.authlib.vote.TenantApplicationVoterTest</className>
          <testName>shouldGrantWhenApplicationMatchesTheKeyForAndNameMachesNameBasedAttribute</testName>
          <skipped>false</skipped>
          <failedSince>0</failedSince>
        </case>
      </cases>
    </suite>
    <suite>
      <file>/var/jenkins_home/workspace/Cumulocity-Platform-Services-BUILD/tenant-management/auth-lib/target/surefire-reports/TEST-com.cumulocity.authlib.vote.TenantVoterTest.xml</file>
      <name>com.cumulocity.authlib.vote.TenantVoterTest</name>
      <duration>0.004</duration>
      <time>0.004</time>
      <enclosingBlocks/>
      <enclosingBlockNames/>
      <cases>
        <case>
          <duration>0.0</duration>
          <className>com.cumulocity.authlib.vote.TenantVoterTest</className>
          <testName>shouldNotSupportNotPrefixedAttributeValue</testName>
          <skipped>false</skipped>
          <failedSince>0</failedSince>
        </case>
        <case>
          <duration>0.0</duration>
          <className>com.cumulocity.authlib.vote.TenantVoterTest</className>
          <testName>shouldNotSupportNullAttribute</testName>
          <skipped>false</skipped>
          <failedSince>0</failedSince>
        </case>
        <case>
          <duration>0.001</duration>
          <className>com.cumulocity.authlib.vote.TenantVoterTest</className>
          <testName>shouldSupportPrefixedAttributeValue</testName>
          <skipped>false</skipped>
          <failedSince>0</failedSince>
        </case>
        <case>
          <duration>0.0</duration>
          <className>com.cumulocity.authlib.vote.TenantVoterTest</className>
          <testName>shouldSupportAnyClass</testName>
          <skipped>false</skipped>
          <failedSince>0</failedSince>
        </case>
        <case>
          <duration>0.0</duration>
          <className>com.cumulocity.authlib.vote.TenantVoterTest</className>
          <testName>shouldAbstainWhenNoAttributes</testName>
          <skipped>false</skipped>
          <failedSince>0</failedSince>
        </case>
        <case>
          <duration>0.001</duration>
          <className>com.cumulocity.authlib.vote.TenantVoterTest</className>
          <testName>shouldAbstainWhenNoSupportedAttributes</testName>
          <skipped>false</skipped>
          <failedSince>0</failedSince>
        </case>
        <case>
          <duration>0.0</duration>
          <className>com.cumulocity.authlib.vote.TenantVoterTest</className>
          <testName>shouldNotSupportNullAttributeValue</testName>
          <skipped>false</skipped>
          <failedSince>0</failedSince>
        </case>
        <case>
          <duration>0.0</duration>
          <className>com.cumulocity.authlib.vote.TenantVoterTest</className>
          <testName>shouldDenyWhenErrorRetrieveingTenant</testName>
          <skipped>false</skipped>
          <failedSince>0</failedSince>
        </case>
        <case>
          <duration>0.001</duration>
          <className>com.cumulocity.authlib.vote.TenantVoterTest</className>
          <testName>shouldDenyWhenTenantNameDoesntMatchNameBasedAttribute</testName>
          <skipped>false</skipped>
          <failedSince>0</failedSince>
        </case>
        <case>
          <duration>0.0</duration>
          <className>com.cumulocity.authlib.vote.TenantVoterTest</className>
          <testName>shouldGrantWhenTenantNameMachesNameBasedAttribute</testName>
          <skipped>false</skipped>
          <failedSince>0</failedSince>
        </case>
      </cases>
    </suite>
    <suite>
      <file>/var/jenkins_home/workspace/Cumulocity-Platform-Services-BUILD/tenant-management/auth-lib/target/surefire-reports/TEST-com.cumulocity.authlib.vote.utils.SystemServiceOfflineTest.xml</file>
      <name>com.cumulocity.authlib.vote.utils.SystemServiceOfflineTest</name>
      <duration>0.011</duration>
      <time>0.011</time>
      <enclosingBlocks/>
      <enclosingBlockNames/>
      <cases>
        <case>
          <duration>0.007</duration>
          <className>com.cumulocity.authlib.vote.utils.SystemServiceOfflineTest</className>
          <testName>licence_is_invalid_when_licence_key_not_exists</testName>
          <skipped>false</skipped>
          <failedSince>0</failedSince>
        </case>
        <case>
          <duration>0.001</duration>
          <className>com.cumulocity.authlib.vote.utils.SystemServiceOfflineTest</className>
          <testName>licence_is_invalid_when_licence_key_is_wrong</testName>
          <skipped>false</skipped>
          <failedSince>0</failedSince>
        </case>
        <case>
          <duration>0.001</duration>
          <className>com.cumulocity.authlib.vote.utils.SystemServiceOfflineTest</className>
          <testName>licence_is_valid_when_licence_key_exists_and_is_valid</testName>
          <skipped>false</skipped>
          <failedSince>0</failedSince>
        </case>
        <case>
          <duration>0.002</duration>
          <className>com.cumulocity.authlib.vote.utils.SystemServiceOfflineTest</className>
          <testName>licence_is_valid_when_legacy_licence_key_exists_and_is_valid</testName>
          <skipped>false</skipped>
          <failedSince>0</failedSince>
        </case>
        <case>
          <duration>0.0</duration>
          <className>com.cumulocity.authlib.vote.utils.SystemServiceOfflineTest</className>
          <testName>licence_is_always_valid_for_cumulocity_domain</testName>
          <skipped>false</skipped>
          <failedSince>0</failedSince>
        </case>
      </cases>
    </suite>
    <suite>
      <file>/var/jenkins_home/workspace/Cumulocity-Platform-Services-BUILD/tenant-management/auth-lib/target/surefire-reports/TEST-com.cumulocity.authlib.web.AbstractSecurityExceptionHandlerTest.xml</file>
      <name>com.cumulocity.authlib.web.AbstractSecurityExceptionHandlerTest</name>
      <duration>0.617</duration>
      <time>0.617</time>
      <enclosingBlocks/>
      <enclosingBlockNames/>
      <cases>
        <case>
          <duration>0.557</duration>
          <className>com.cumulocity.authlib.web.AbstractSecurityExceptionHandlerTest</className>
          <testName>shouldSetComponentToSecurity</testName>
          <skipped>false</skipped>
          <failedSince>0</failedSince>
        </case>
      </cases>
    </suite>
    <suite>
      <file>/var/jenkins_home/workspace/Cumulocity-Platform-Services-BUILD/tenant-management/auth-lib/target/surefire-reports/TEST-com.cumulocity.authlib.web.CrossOriginFilterTest.xml</file>
      <name>com.cumulocity.authlib.web.CrossOriginFilterTest</name>
      <duration>0.057</duration>
      <time>0.057</time>
      <enclosingBlocks/>
      <enclosingBlockNames/>
      <cases>
        <case>
          <duration>0.016</duration>
          <className>com.cumulocity.authlib.web.CrossOriginFilterTest</className>
          <testName>shouldPassToFileterChainWhenRequestIsNotCrossOrigin</testName>
          <skipped>false</skipped>
          <failedSince>0</failedSince>
        </case>
        <case>
          <duration>0.019</duration>
          <className>com.cumulocity.authlib.web.CrossOriginFilterTest</className>
          <testName>shouldAddHeaderWhenCrossOriginRequest</testName>
          <skipped>false</skipped>
          <failedSince>0</failedSince>
        </case>
        <case>
          <duration>0.004</duration>
          <className>com.cumulocity.authlib.web.CrossOriginFilterTest</className>
          <testName>shouldPassToFilterChainWhenOriginMatches</testName>
          <skipped>false</skipped>
          <failedSince>0</failedSince>
        </case>
        <case>
          <duration>0.003</duration>
          <className>com.cumulocity.authlib.web.CrossOriginFilterTest</className>
          <testName>shouldRejectRequestWhenOriginNotMatches</testName>
          <skipped>false</skipped>
          <failedSince>0</failedSince>
        </case>
        <case>
          <duration>0.003</duration>
          <className>com.cumulocity.authlib.web.CrossOriginFilterTest</className>
          <testName>shouldPassToFilterChainWhenOriginMatchesToWildcard</testName>
          <skipped>false</skipped>
          <failedSince>0</failedSince>
        </case>
        <case>
          <duration>0.003</duration>
          <className>com.cumulocity.authlib.web.CrossOriginFilterTest</className>
          <testName>shouldPassToFilterChainWhenOriginIsAlloed</testName>
          <skipped>false</skipped>
          <failedSince>0</failedSince>
        </case>
        <case>
          <duration>0.003</duration>
          <className>com.cumulocity.authlib.web.CrossOriginFilterTest</className>
          <testName>shouldRejectRequestWhenOriginNotMatchesToWildcard</testName>
          <skipped>false</skipped>
          <failedSince>0</failedSince>
        </case>
        <case>
          <duration>0.003</duration>
          <className>com.cumulocity.authlib.web.CrossOriginFilterTest</className>
          <testName>shouldPassRequestWithoutHeaderWhenNoOption</testName>
          <skipped>false</skipped>
          <failedSince>0</failedSince>
        </case>
      </cases>
    </suite>
    <suite>
      <file>/var/jenkins_home/workspace/Cumulocity-Platform-Services-BUILD/tenant-management/auth-lib/target/surefire-reports/TEST-com.cumulocity.authlib.web.CumulocityAuthenticationEntryPointTest.xml</file>
      <name>com.cumulocity.authlib.web.CumulocityAuthenticationEntryPointTest</name>
      <duration>0.046</duration>
      <time>0.046</time>
      <enclosingBlocks/>
      <enclosingBlockNames/>
      <cases>
        <case>
          <duration>0.04</duration>
          <className>com.cumulocity.authlib.web.CumulocityAuthenticationEntryPointTest</className>
          <testName>commence_shouldReturn503OnTenantInitializationInProgressException</testName>
          <skipped>false</skipped>
          <failedSince>0</failedSince>
        </case>
        <case>
          <duration>0.001</duration>
          <className>com.cumulocity.authlib.web.CumulocityAuthenticationEntryPointTest</className>
          <testName>commence_shouldReturn401WithTokenOnPasswordResetRequiredException</testName>
          <skipped>false</skipped>
          <failedSince>0</failedSince>
        </case>
      </cases>
    </suite>
    <suite>
      <file>/var/jenkins_home/workspace/Cumulocity-Platform-Services-BUILD/tenant-management/auth-lib/target/surefire-reports/TEST-com.cumulocity.authlib.web.CumulocityBasicAuthenticationEntryPointTest.xml</file>
      <name>com.cumulocity.authlib.web.CumulocityBasicAuthenticationEntryPointTest</name>
      <duration>0.022</duration>
      <time>0.022</time>
      <enclosingBlocks/>
      <enclosingBlockNames/>
      <cases>
        <case>
          <duration>0.015</duration>
          <className>com.cumulocity.authlib.web.CumulocityBasicAuthenticationEntryPointTest</className>
          <testName>shouldBuildCumulocityErrorMessageInResponse</testName>
          <skipped>false</skipped>
          <failedSince>0</failedSince>
        </case>
        <case>
          <duration>0.002</duration>
          <className>com.cumulocity.authlib.web.CumulocityBasicAuthenticationEntryPointTest</className>
          <testName>authorisationFailureReturns401</testName>
          <skipped>false</skipped>
          <failedSince>0</failedSince>
        </case>
        <case>
          <duration>0.002</duration>
          <className>com.cumulocity.authlib.web.CumulocityBasicAuthenticationEntryPointTest</className>
          <testName>authorisationFailureWithUseXBasicReturnsAuthenticationTypeXBasic</testName>
          <skipped>false</skipped>
          <failedSince>0</failedSince>
        </case>
        <case>
          <duration>0.002</duration>
          <className>com.cumulocity.authlib.web.CumulocityBasicAuthenticationEntryPointTest</className>
          <testName>authorisationFailureWithNoPhoneForTFAReturnsCorrectHeader</testName>
          <skipped>false</skipped>
          <failedSince>0</failedSince>
        </case>
      </cases>
    </suite>
    <suite>
      <file>/var/jenkins_home/workspace/Cumulocity-Platform-Services-BUILD/tenant-management/auth-lib/target/surefire-reports/TEST-com.cumulocity.authlib.web.CumulocityContextFilterTest.xml</file>
      <name>com.cumulocity.authlib.web.CumulocityContextFilterTest</name>
      <duration>0.337</duration>
      <time>0.337</time>
      <enclosingBlocks/>
      <enclosingBlockNames/>
      <cases>
        <case>
          <duration>0.305</duration>
          <className>com.cumulocity.authlib.web.CumulocityContextFilterTest</className>
          <testName>shouldThrowWhenNotInHttpContainer</testName>
          <skipped>false</skipped>
          <failedSince>0</failedSince>
        </case>
        <case>
          <duration>0.011</duration>
          <className>com.cumulocity.authlib.web.CumulocityContextFilterTest</className>
          <testName>shouldExecuteWithinContextWhenUnauthenticated</testName>
          <skipped>false</skipped>
          <failedSince>0</failedSince>
        </case>
        <case>
          <duration>0.002</duration>
          <className>com.cumulocity.authlib.web.CumulocityContextFilterTest</className>
          <testName>shouldExecuteWithinNewContextWhenAuthenticated</testName>
          <skipped>false</skipped>
          <failedSince>0</failedSince>
        </case>
      </cases>
    </suite>
    <suite>
      <file>/var/jenkins_home/workspace/Cumulocity-Platform-Services-BUILD/tenant-management/auth-lib/target/surefire-reports/TEST-com.cumulocity.authlib.web.CumulocityOAuth2AuthenticationFilterTest.xml</file>
      <name>com.cumulocity.authlib.web.CumulocityOAuth2AuthenticationFilterTest</name>
      <duration>0.283</duration>
      <time>0.283</time>
      <enclosingBlocks/>
      <enclosingBlockNames/>
      <cases>
        <case>
          <duration>0.23</duration>
          <className>com.cumulocity.authlib.web.CumulocityOAuth2AuthenticationFilterTest</className>
          <testName>shouldNotAttemptAuthenticationIfHeaderNonEligible</testName>
          <skipped>false</skipped>
          <failedSince>0</failedSince>
        </case>
        <case>
          <duration>0.039</duration>
          <className>com.cumulocity.authlib.web.CumulocityOAuth2AuthenticationFilterTest</className>
          <testName>shouldSetContextOnPositiveAuthentication</testName>
          <skipped>false</skipped>
          <failedSince>0</failedSince>
        </case>
        <case>
          <duration>0.004</duration>
          <className>com.cumulocity.authlib.web.CumulocityOAuth2AuthenticationFilterTest</className>
          <testName>shouldNotSetContextOnNegativeAuthentication</testName>
          <skipped>false</skipped>
          <failedSince>0</failedSince>
        </case>
        <case>
          <duration>0.007</duration>
          <className>com.cumulocity.authlib.web.CumulocityOAuth2AuthenticationFilterTest</className>
          <testName>shouldSetContextOnPositiveCookieAuthentication</testName>
          <skipped>false</skipped>
          <failedSince>0</failedSince>
        </case>
      </cases>
    </suite>
    <suite>
      <file>/var/jenkins_home/workspace/Cumulocity-Platform-Services-BUILD/tenant-management/auth-lib/target/surefire-reports/TEST-com.cumulocity.authlib.web.OAuth2ProxyFilterTest.xml</file>
      <name>com.cumulocity.authlib.web.OAuth2ProxyFilterTest</name>
      <duration>0.045</duration>
      <time>0.045</time>
      <enclosingBlocks/>
      <enclosingBlockNames/>
      <cases>
        <case>
          <duration>0.016</duration>
          <className>com.cumulocity.authlib.web.OAuth2ProxyFilterTest</className>
          <testName>shouldNotHandleGetWithoutResponseType</testName>
          <skipped>false</skipped>
          <failedSince>0</failedSince>
        </case>
        <case>
          <duration>0.004</duration>
          <className>com.cumulocity.authlib.web.OAuth2ProxyFilterTest</className>
          <testName>shouldHandleGetWithoutTenantId</testName>
          <skipped>false</skipped>
          <failedSince>0</failedSince>
        </case>
        <case>
          <duration>0.006</duration>
          <className>com.cumulocity.authlib.web.OAuth2ProxyFilterTest</className>
          <testName>shouldNotHandleGetWithNonExistentId</testName>
          <skipped>false</skipped>
          <failedSince>0</failedSince>
        </case>
        <case>
          <duration>0.005</duration>
          <className>com.cumulocity.authlib.web.OAuth2ProxyFilterTest</className>
          <testName>shouldNotHandleGetForTenantWithoutProvider</testName>
          <skipped>false</skipped>
          <failedSince>0</failedSince>
        </case>
        <case>
          <duration>0.001</duration>
          <className>com.cumulocity.authlib.web.OAuth2ProxyFilterTest</className>
          <testName>shouldHandleGetForTenantWithProvider</testName>
          <skipped>false</skipped>
          <failedSince>0</failedSince>
        </case>
        <case>
          <duration>0.001</duration>
          <className>com.cumulocity.authlib.web.OAuth2ProxyFilterTest</className>
          <testName>shouldHandlePostForGetToken</testName>
          <skipped>false</skipped>
          <failedSince>0</failedSince>
        </case>
        <case>
          <duration>0.001</duration>
          <className>com.cumulocity.authlib.web.OAuth2ProxyFilterTest</className>
          <testName>shouldHandlePostForGetTokenToAltUrl</testName>
          <skipped>false</skipped>
          <failedSince>0</failedSince>
        </case>
        <case>
          <duration>0.003</duration>
          <className>com.cumulocity.authlib.web.OAuth2ProxyFilterTest</className>
          <testName>shouldHandlePostForRefreshToken</testName>
          <skipped>false</skipped>
          <failedSince>0</failedSince>
        </case>
        <case>
          <duration>0.003</duration>
          <className>com.cumulocity.authlib.web.OAuth2ProxyFilterTest</className>
          <testName>shouldHandlePostForRefreshTokenWithExtraContentAndAuthorization</testName>
          <skipped>false</skipped>
          <failedSince>0</failedSince>
        </case>
      </cases>
    </suite>
    <suite>
      <file>/var/jenkins_home/workspace/Cumulocity-Platform-Services-BUILD/tenant-management/auth-lib/target/surefire-reports/TEST-com.cumulocity.authlib.web.PreflieghtRequestFilterTest.xml</file>
      <name>com.cumulocity.authlib.web.PreflieghtRequestFilterTest</name>
      <duration>0.019</duration>
      <time>0.019</time>
      <enclosingBlocks/>
      <enclosingBlockNames/>
      <cases>
        <case>
          <duration>0.005</duration>
          <className>com.cumulocity.authlib.web.PreflieghtRequestFilterTest</className>
          <testName>shouldAddProperHeaderValues</testName>
          <skipped>false</skipped>
          <failedSince>0</failedSince>
        </case>
        <case>
          <duration>0.004</duration>
          <className>com.cumulocity.authlib.web.PreflieghtRequestFilterTest</className>
          <testName>shouldPassToFilterChainWhenReqestIsNotPreflightWithNonOptionsMethod</testName>
          <skipped>false</skipped>
          <failedSince>0</failedSince>
        </case>
        <case>
          <duration>0.002</duration>
          <className>com.cumulocity.authlib.web.PreflieghtRequestFilterTest</className>
          <testName>shouldPassToFilterChainWhenReqestIsNotPreflightWebsocketConnectionUpgrade</testName>
          <skipped>false</skipped>
          <failedSince>0</failedSince>
        </case>
        <case>
          <duration>0.003</duration>
          <className>com.cumulocity.authlib.web.PreflieghtRequestFilterTest</className>
          <testName>shouldRejectRequestWhenReqestIsPreflight</testName>
          <skipped>false</skipped>
          <failedSince>0</failedSince>
        </case>
        <case>
          <duration>0.003</duration>
          <className>com.cumulocity.authlib.web.PreflieghtRequestFilterTest</className>
          <testName>shouldPassToFilterChainWhenReqestIsNotCrossOrigin</testName>
          <skipped>false</skipped>
          <failedSince>0</failedSince>
        </case>
      </cases>
    </suite>
    <suite>
      <file>/var/jenkins_home/workspace/Cumulocity-Platform-Services-BUILD/tenant-management/auth-lib/target/surefire-reports/TEST-com.cumulocity.authlib.web.oauth.OAuth2RequestExecutorTest.xml</file>
      <name>com.cumulocity.authlib.web.oauth.OAuth2RequestExecutorTest</name>
      <duration>0.07</duration>
      <time>0.07</time>
      <enclosingBlocks/>
      <enclosingBlockNames/>
      <cases>
        <case>
          <duration>0.035</duration>
          <className>com.cumulocity.authlib.web.oauth.OAuth2RequestExecutorTest</className>
          <testName>shouldSendRedirect</testName>
          <skipped>false</skipped>
          <failedSince>0</failedSince>
        </case>
        <case>
          <duration>0.033</duration>
          <className>com.cumulocity.authlib.web.oauth.OAuth2RequestExecutorTest</className>
          <testName>shouldExecutePost</testName>
          <skipped>false</skipped>
          <failedSince>0</failedSince>
        </case>
      </cases>
    </suite>
    <suite>
      <file>/var/jenkins_home/workspace/Cumulocity-Platform-Services-BUILD/tenant-management/tenant-management-rest/target/surefire-reports/TEST-com.cumulocity.tenantsvc.rest.resource.HealthResourceTest.xml</file>
      <name>com.cumulocity.tenantsvc.rest.resource.HealthResourceTest</name>
      <duration>1.157</duration>
      <time>1.157</time>
      <enclosingBlocks/>
      <enclosingBlockNames/>
      <cases>
        <case>
          <duration>0.023</duration>
          <className>com.cumulocity.tenantsvc.rest.resource.HealthResourceTest</className>
          <testName>shouldReturnOKIfAllTenantsInitialized</testName>
          <skipped>false</skipped>
          <failedSince>0</failedSince>
        </case>
        <case>
          <duration>0.004</duration>
          <className>com.cumulocity.tenantsvc.rest.resource.HealthResourceTest</className>
          <testName>shouldReturnInternalErrorIfSomeTenantNotInitialized</testName>
          <skipped>false</skipped>
          <failedSince>0</failedSince>
        </case>
        <case>
          <duration>1.102</duration>
          <className>com.cumulocity.tenantsvc.rest.resource.HealthResourceTest</className>
          <testName>shouldReturnOkIfSingleTenantIsNotInitialized</testName>
          <skipped>false</skipped>
          <failedSince>0</failedSince>
        </case>
        <case>
          <duration>0.002</duration>
          <className>com.cumulocity.tenantsvc.rest.resource.HealthResourceTest</className>
          <testName>shouldReturnIdsOfNotInitializedTenants</testName>
          <skipped>false</skipped>
          <failedSince>0</failedSince>
        </case>
        <case>
          <duration>0.002</duration>
          <className>com.cumulocity.tenantsvc.rest.resource.HealthResourceTest</className>
          <testName>shouldReturnErrorIfCouchdUnavailable</testName>
          <skipped>false</skipped>
          <failedSince>0</failedSince>
        </case>
        <case>
          <duration>0.015</duration>
          <className>com.cumulocity.tenantsvc.rest.resource.HealthResourceTest</className>
          <testName>shouldReturnPlatformDownWhenBundleIsNotActive</testName>
          <skipped>false</skipped>
          <failedSince>0</failedSince>
        </case>
        <case>
          <duration>0.002</duration>
          <className>com.cumulocity.tenantsvc.rest.resource.HealthResourceTest</className>
          <testName>shouldReturnPlatformDownWhenBundleIsActiveButNotExposesAnyServices</testName>
          <skipped>false</skipped>
          <failedSince>0</failedSince>
        </case>
        <case>
          <duration>0.005</duration>
          <className>com.cumulocity.tenantsvc.rest.resource.HealthResourceTest</className>
          <testName>shouldReturnPlatformUpWhenBundleIsActiveAndExposesService</testName>
          <skipped>false</skipped>
          <failedSince>0</failedSince>
        </case>
      </cases>
    </suite>
    <suite>
      <file>/var/jenkins_home/workspace/Cumulocity-Platform-Services-BUILD/tenant-management/tenant-management-rest/target/surefire-reports/TEST-com.cumulocity.tenantsvc.rest.resource.OptionManagmentModuleTest.xml</file>
      <name>com.cumulocity.tenantsvc.rest.resource.OptionManagmentModuleTest</name>
      <duration>5.443</duration>
      <time>5.443</time>
      <enclosingBlocks/>
      <enclosingBlockNames/>
      <cases>
        <case>
          <duration>4.86</duration>
          <className>com.cumulocity.tenantsvc.rest.resource.OptionManagmentModuleTest</className>
          <testName>shouldGetOptionsCollection</testName>
          <skipped>false</skipped>
          <failedSince>0</failedSince>
        </case>
        <case>
          <duration>0.095</duration>
          <className>com.cumulocity.tenantsvc.rest.resource.OptionManagmentModuleTest</className>
          <testName>shouldGetOptionAccessControlAllowOriginOption</testName>
          <skipped>false</skipped>
          <failedSince>0</failedSince>
        </case>
        <case>
          <duration>0.121</duration>
          <className>com.cumulocity.tenantsvc.rest.resource.OptionManagmentModuleTest</className>
          <testName>shouldUpdateOperationOnPut</testName>
          <skipped>false</skipped>
          <failedSince>0</failedSince>
        </case>
      </cases>
    </suite>
    <suite>
      <file>/var/jenkins_home/workspace/Cumulocity-Platform-Services-BUILD/tenant-management/tenant-management-rest/target/surefire-reports/TEST-com.cumulocity.tenantsvc.rest.resource.SecurityOptionResourceTest.xml</file>
      <name>com.cumulocity.tenantsvc.rest.resource.SecurityOptionResourceTest</name>
      <duration>0.005</duration>
      <time>0.005</time>
      <enclosingBlocks/>
      <enclosingBlockNames/>
      <cases>
        <case>
          <duration>0.004</duration>
          <className>com.cumulocity.tenantsvc.rest.resource.SecurityOptionResourceTest</className>
          <testName>shouldLoadPasswordRelatedOptions</testName>
          <skipped>false</skipped>
          <failedSince>0</failedSince>
        </case>
        <case>
          <duration>0.0</duration>
          <className>com.cumulocity.tenantsvc.rest.resource.SecurityOptionResourceTest</className>
          <testName>shouldDenyOtherOptionCategories</testName>
          <skipped>false</skipped>
          <failedSince>0</failedSince>
        </case>
      </cases>
    </suite>
    <suite>
      <file>/var/jenkins_home/workspace/Cumulocity-Platform-Services-BUILD/tenant-management/tenant-management-rest/target/surefire-reports/TEST-com.cumulocity.tenantsvc.rest.resource.TenantCollectionResourceTest.xml</file>
      <name>com.cumulocity.tenantsvc.rest.resource.TenantCollectionResourceTest</name>
      <duration>0.003</duration>
      <time>0.003</time>
      <enclosingBlocks/>
      <enclosingBlockNames/>
      <cases>
        <case>
          <duration>0.0</duration>
          <className>com.cumulocity.tenantsvc.rest.resource.TenantCollectionResourceTest</className>
          <testName>shouldUpdateUserContactInfo</testName>
          <skipped>false</skipped>
          <failedSince>0</failedSince>
        </case>
        <case>
          <duration>0.0</duration>
          <className>com.cumulocity.tenantsvc.rest.resource.TenantCollectionResourceTest</className>
          <testName>shouldLimitAllTenantsToCurrentTenantChildren</testName>
          <skipped>false</skipped>
          <failedSince>0</failedSince>
        </case>
        <case>
          <duration>0.0</duration>
          <className>com.cumulocity.tenantsvc.rest.resource.TenantCollectionResourceTest</className>
          <testName>shouldNotLimitAllTenantsToCurrentTenantChildrenForManagementTenant</testName>
          <skipped>false</skipped>
          <failedSince>0</failedSince>
        </case>
        <case>
          <duration>0.0</duration>
          <className>com.cumulocity.tenantsvc.rest.resource.TenantCollectionResourceTest</className>
          <testName>shouldNotCreateWhenDomainIsNull</testName>
          <skipped>false</skipped>
          <failedSince>0</failedSince>
        </case>
        <case>
          <duration>0.0</duration>
          <className>com.cumulocity.tenantsvc.rest.resource.TenantCollectionResourceTest</className>
          <testName>shouldNotCreateWhenTenantIdIsNotPermitted</testName>
          <skipped>false</skipped>
          <failedSince>0</failedSince>
        </case>
        <case>
          <duration>0.0</duration>
          <className>com.cumulocity.tenantsvc.rest.resource.TenantCollectionResourceTest</className>
          <testName>shouldNotCreateWhenTenantIsNull</testName>
          <skipped>false</skipped>
          <failedSince>0</failedSince>
        </case>
        <case>
          <duration>0.0</duration>
          <className>com.cumulocity.tenantsvc.rest.resource.TenantCollectionResourceTest</className>
          <testName>shouldRejectWrongTenantIds</testName>
          <skipped>false</skipped>
          <failedSince>0</failedSince>
        </case>
        <case>
          <duration>0.001</duration>
          <className>com.cumulocity.tenantsvc.rest.resource.TenantCollectionResourceTest</className>
          <testName>shouldRejectTenantIdsWithReservedKeywords</testName>
          <skipped>false</skipped>
          <failedSince>0</failedSince>
        </case>
        <case>
          <duration>0.001</duration>
          <className>com.cumulocity.tenantsvc.rest.resource.TenantCollectionResourceTest</className>
          <testName>shouldAllowTenantIds</testName>
          <skipped>false</skipped>
          <failedSince>0</failedSince>
        </case>
        <case>
          <duration>0.001</duration>
          <className>com.cumulocity.tenantsvc.rest.resource.TenantCollectionResourceTest</className>
          <testName>shouldNotCreateWhenPasswordOrEmailMissing</testName>
          <skipped>false</skipped>
          <failedSince>0</failedSince>
        </case>
      </cases>
    </suite>
    <suite>
      <file>/var/jenkins_home/workspace/Cumulocity-Platform-Services-BUILD/tenant-management/tenant-management-rest/target/surefire-reports/TEST-com.cumulocity.tenantsvc.rest.resource.TenantLimitResourceModuleTest.xml</file>
      <name>com.cumulocity.tenantsvc.rest.resource.TenantLimitResourceModuleTest</name>
      <duration>0.152</duration>
      <time>0.152</time>
      <enclosingBlocks/>
      <enclosingBlockNames/>
      <cases>
        <case>
          <duration>0.085</duration>
          <className>com.cumulocity.tenantsvc.rest.resource.TenantLimitResourceModuleTest</className>
          <testName>shouldGetLimitsForHttp</testName>
          <skipped>false</skipped>
          <failedSince>0</failedSince>
        </case>
        <case>
          <duration>0.061</duration>
          <className>com.cumulocity.tenantsvc.rest.resource.TenantLimitResourceModuleTest</className>
          <testName>shouldGetLimitsForStream</testName>
          <skipped>false</skipped>
          <failedSince>0</failedSince>
        </case>
      </cases>
    </suite>
    <suite>
      <file>/var/jenkins_home/workspace/Cumulocity-Platform-Services-BUILD/tenant-management/tenant-management-rest/target/surefire-reports/TEST-com.cumulocity.tenantsvc.rest.resource.TenantManagementModuleTest.xml</file>
      <name>com.cumulocity.tenantsvc.rest.resource.TenantManagementModuleTest</name>
      <duration>1.635</duration>
      <time>1.635</time>
      <enclosingBlocks/>
      <enclosingBlockNames/>
      <cases>
        <case>
          <duration>0.776</duration>
          <className>com.cumulocity.tenantsvc.rest.resource.TenantManagementModuleTest</className>
          <testName>shouldExecuteGetOnTenantCollection</testName>
          <skipped>false</skipped>
          <failedSince>0</failedSince>
        </case>
        <case>
          <duration>0.063</duration>
          <className>com.cumulocity.tenantsvc.rest.resource.TenantManagementModuleTest</className>
          <testName>shouldExecutePostOnTenantCollection</testName>
          <skipped>false</skipped>
          <failedSince>0</failedSince>
        </case>
        <case>
          <duration>0.055</duration>
          <className>com.cumulocity.tenantsvc.rest.resource.TenantManagementModuleTest</className>
          <testName>shouldExecuteGetOnTenant</testName>
          <skipped>false</skipped>
          <failedSince>0</failedSince>
        </case>
        <case>
          <duration>0.054</duration>
          <className>com.cumulocity.tenantsvc.rest.resource.TenantManagementModuleTest</className>
          <testName>shouldExecutePutOnTenant</testName>
          <skipped>false</skipped>
          <failedSince>0</failedSince>
        </case>
        <case>
          <duration>0.084</duration>
          <className>com.cumulocity.tenantsvc.rest.resource.TenantManagementModuleTest</className>
          <testName>shouldExecuteDeleteOnTenant</testName>
          <skipped>false</skipped>
          <failedSince>0</failedSince>
        </case>
        <case>
          <duration>0.032</duration>
          <className>com.cumulocity.tenantsvc.rest.resource.TenantManagementModuleTest</className>
          <testName>shouldExecuteGetOnTenantApplicationCollection</testName>
          <skipped>false</skipped>
          <failedSince>0</failedSince>
        </case>
        <case>
          <duration>0.088</duration>
          <className>com.cumulocity.tenantsvc.rest.resource.TenantManagementModuleTest</className>
          <testName>shouldExecutePostOnTenantApplicationsCollection</testName>
          <skipped>false</skipped>
          <failedSince>0</failedSince>
        </case>
        <case>
          <duration>0.073</duration>
          <className>com.cumulocity.tenantsvc.rest.resource.TenantManagementModuleTest</className>
          <testName>shouldExecuteDeleteOnTenantApplication</testName>
          <skipped>false</skipped>
          <failedSince>0</failedSince>
        </case>
        <case>
          <duration>0.032</duration>
          <className>com.cumulocity.tenantsvc.rest.resource.TenantManagementModuleTest</className>
          <testName>shouldGetUsageStatisticsCollection</testName>
          <skipped>false</skipped>
          <failedSince>0</failedSince>
        </case>
        <case>
          <duration>0.039</duration>
          <className>com.cumulocity.tenantsvc.rest.resource.TenantManagementModuleTest</className>
          <testName>shouldGetUsageStatisticsSummary</testName>
          <skipped>false</skipped>
          <failedSince>0</failedSince>
        </case>
        <case>
          <duration>0.045</duration>
          <className>com.cumulocity.tenantsvc.rest.resource.TenantManagementModuleTest</className>
          <testName>shouldGetUsageStatisticsForAllTenants</testName>
          <skipped>false</skipped>
          <failedSince>0</failedSince>
        </case>
        <case>
          <duration>0.04</duration>
          <className>com.cumulocity.tenantsvc.rest.resource.TenantManagementModuleTest</className>
          <testName>shouldAllTenantsUsageStatisticsSummaryContainPeakValues</testName>
          <skipped>false</skipped>
          <failedSince>0</failedSince>
        </case>
        <case>
          <duration>0.048</duration>
          <className>com.cumulocity.tenantsvc.rest.resource.TenantManagementModuleTest</className>
          <testName>shouldMakeDefaultRequestForSummary</testName>
          <skipped>false</skipped>
          <failedSince>0</failedSince>
        </case>
        <case>
          <duration>0.038</duration>
          <className>com.cumulocity.tenantsvc.rest.resource.TenantManagementModuleTest</className>
          <testName>shouldTriggerFlushDataForSummaryRequest</testName>
          <skipped>false</skipped>
          <failedSince>0</failedSince>
        </case>
        <case>
          <duration>0.036</duration>
          <className>com.cumulocity.tenantsvc.rest.resource.TenantManagementModuleTest</className>
          <testName>shouldNotTriggerFlushDataForSummaryRequest</testName>
          <skipped>false</skipped>
          <failedSince>0</failedSince>
        </case>
        <case>
          <duration>0.038</duration>
          <className>com.cumulocity.tenantsvc.rest.resource.TenantManagementModuleTest</className>
          <testName>shouldMakeDefaultRequestForAllTenantsRequest</testName>
          <skipped>false</skipped>
          <failedSince>0</failedSince>
        </case>
        <case>
          <duration>0.036</duration>
          <className>com.cumulocity.tenantsvc.rest.resource.TenantManagementModuleTest</className>
          <testName>shouldTriggerFlushDataForAllTenantsRequest</testName>
          <skipped>false</skipped>
          <failedSince>0</failedSince>
        </case>
        <case>
          <duration>0.036</duration>
          <className>com.cumulocity.tenantsvc.rest.resource.TenantManagementModuleTest</className>
          <testName>shouldNotTriggerFlushDataForAllTenantsRequest</testName>
          <skipped>false</skipped>
          <failedSince>0</failedSince>
        </case>
      </cases>
    </suite>
    <suite>
      <file>/var/jenkins_home/workspace/Cumulocity-Platform-Services-BUILD/tenant-management/tenant-management-rest/target/surefire-reports/TEST-com.cumulocity.tenantsvc.rest.resource.TenantResourceTest.xml</file>
      <name>com.cumulocity.tenantsvc.rest.resource.TenantResourceTest</name>
      <duration>0.037</duration>
      <time>0.037</time>
      <enclosingBlocks/>
      <enclosingBlockNames/>
      <cases>
        <case>
          <duration>0.037</duration>
          <className>com.cumulocity.tenantsvc.rest.resource.TenantResourceTest</className>
          <testName>testTenantDataOnUpdate</testName>
          <skipped>false</skipped>
          <failedSince>0</failedSince>
        </case>
      </cases>
    </suite>
    <suite>
      <file>/var/jenkins_home/workspace/Cumulocity-Platform-Services-BUILD/tenant-management/tenant-management-rest/target/surefire-reports/TEST-com.cumulocity.tenantsvc.rest.resource.TenantUsageStatisticsSummaryTest.xml</file>
      <name>com.cumulocity.tenantsvc.rest.resource.TenantUsageStatisticsSummaryTest</name>
      <duration>0.048</duration>
      <time>0.048</time>
      <enclosingBlocks/>
      <enclosingBlockNames/>
      <cases>
        <case>
          <duration>0.041</duration>
          <className>com.cumulocity.tenantsvc.rest.resource.TenantUsageStatisticsSummaryTest</className>
          <testName>shouldReturnSummaryWithInventoryFieldsOnly</testName>
          <skipped>false</skipped>
          <failedSince>0</failedSince>
        </case>
        <case>
          <duration>0.001</duration>
          <className>com.cumulocity.tenantsvc.rest.resource.TenantUsageStatisticsSummaryTest</className>
          <testName>shouldThrowAccessDeniedWhenNoRights</testName>
          <skipped>false</skipped>
          <failedSince>0</failedSince>
        </case>
        <case>
          <duration>0.003</duration>
          <className>com.cumulocity.tenantsvc.rest.resource.TenantUsageStatisticsSummaryTest</className>
          <testName>shouldLimitAllTenantSummaryToTenantChildren</testName>
          <skipped>false</skipped>
          <failedSince>0</failedSince>
        </case>
        <case>
          <duration>0.001</duration>
          <className>com.cumulocity.tenantsvc.rest.resource.TenantUsageStatisticsSummaryTest</className>
          <testName>shouldNotLimitAllTenantSummaryToTenantChildrenIfCurrentTenantIsManagement</testName>
          <skipped>false</skipped>
          <failedSince>0</failedSince>
        </case>
        <case>
          <duration>0.0</duration>
          <className>com.cumulocity.tenantsvc.rest.resource.TenantUsageStatisticsSummaryTest</className>
          <testName>shouldReturnSummary</testName>
          <skipped>false</skipped>
          <failedSince>0</failedSince>
        </case>
      </cases>
    </suite>
    <suite>
      <file>/var/jenkins_home/workspace/Cumulocity-Platform-Services-BUILD/tenant-management/tenant-management-rest/target/surefire-reports/TEST-com.cumulocity.tenantsvc.rest.resource.TenantsApiResourceTest.xml</file>
      <name>com.cumulocity.tenantsvc.rest.resource.TenantsApiResourceTest</name>
      <duration>0.066</duration>
      <time>0.066</time>
      <enclosingBlocks/>
      <enclosingBlockNames/>
      <cases>
        <case>
          <duration>0.066</duration>
          <className>com.cumulocity.tenantsvc.rest.resource.TenantsApiResourceTest</className>
          <testName>getReturnsPredefinedEventsApiRepresentation</testName>
          <skipped>false</skipped>
          <failedSince>0</failedSince>
        </case>
      </cases>
    </suite>
    <suite>
      <file>/var/jenkins_home/workspace/Cumulocity-Platform-Services-BUILD/tenant-management/tenant-management-rest/target/surefire-reports/TEST-com.cumulocity.tenantsvc.rest.resource.utils.TenantParentCriteriaProviderTest.xml</file>
      <name>com.cumulocity.tenantsvc.rest.resource.utils.TenantParentCriteriaProviderTest</name>
      <duration>0.001</duration>
      <time>0.001</time>
      <enclosingBlocks/>
      <enclosingBlockNames/>
      <cases>
        <case>
          <duration>0.0</duration>
          <className>com.cumulocity.tenantsvc.rest.resource.utils.TenantParentCriteriaProviderTest</className>
          <testName>createNullCriteriaIfCurrentTenantIsManagement</testName>
          <skipped>false</skipped>
          <failedSince>0</failedSince>
        </case>
        <case>
          <duration>0.001</duration>
          <className>com.cumulocity.tenantsvc.rest.resource.utils.TenantParentCriteriaProviderTest</className>
          <testName>createCriteria</testName>
          <skipped>false</skipped>
          <failedSince>0</failedSince>
        </case>
        <case>
          <duration>0.0</duration>
          <className>com.cumulocity.tenantsvc.rest.resource.utils.TenantParentCriteriaProviderTest</className>
          <testName>enhanceCriteriaByCurrentTenant</testName>
          <skipped>false</skipped>
          <failedSince>0</failedSince>
        </case>
        <case>
          <duration>0.0</duration>
          <className>com.cumulocity.tenantsvc.rest.resource.utils.TenantParentCriteriaProviderTest</className>
          <testName>notEnhanceCriteriaIfCurrentTenantIsManagement</testName>
          <skipped>false</skipped>
          <failedSince>0</failedSince>
        </case>
      </cases>
    </suite>
    <suite>
      <file>/var/jenkins_home/workspace/Cumulocity-Platform-Services-BUILD/tenant-management/tenant-management-service/target/surefire-reports/TEST-com.cumulocity.service.impl.tenant.DefaultApplicationOptionListenerTest.xml</file>
      <name>com.cumulocity.service.impl.tenant.DefaultApplicationOptionListenerTest</name>
      <duration>0.038</duration>
      <time>0.038</time>
      <enclosingBlocks/>
      <enclosingBlockNames/>
      <cases>
        <case>
          <duration>0.034</duration>
          <className>com.cumulocity.service.impl.tenant.DefaultApplicationOptionListenerTest</className>
          <testName>shouldSetCockpitIdAsDefaultApplication</testName>
          <skipped>false</skipped>
          <failedSince>0</failedSince>
        </case>
        <case>
          <duration>0.004</duration>
          <className>com.cumulocity.service.impl.tenant.DefaultApplicationOptionListenerTest</className>
          <testName>shouldSetOptionWithEmptyValueIfCockpitAppNotFound</testName>
          <skipped>false</skipped>
          <failedSince>0</failedSince>
        </case>
      </cases>
    </suite>
    <suite>
      <file>/var/jenkins_home/workspace/Cumulocity-Platform-Services-BUILD/tenant-management/tenant-management-service/target/surefire-reports/TEST-com.cumulocity.service.impl.tenant.SubtenancyPriviligeListenerTest.xml</file>
      <name>com.cumulocity.service.impl.tenant.SubtenancyPriviligeListenerTest</name>
      <duration>0.008</duration>
      <time>0.008</time>
      <enclosingBlocks/>
      <enclosingBlockNames/>
      <cases>
        <case>
          <duration>0.008</duration>
          <className>com.cumulocity.service.impl.tenant.SubtenancyPriviligeListenerTest</className>
          <testName>shouldAddAuthoritiesWhenAddSubtenancyPrivilige</testName>
          <skipped>false</skipped>
          <failedSince>0</failedSince>
        </case>
      </cases>
    </suite>
    <suite>
      <file>/var/jenkins_home/workspace/Cumulocity-Platform-Services-BUILD/tenant-management/tenant-management-service/target/surefire-reports/TEST-com.cumulocity.service.impl.tenant.TenantManagedObjectServiceImplTest.xml</file>
      <name>com.cumulocity.service.impl.tenant.TenantManagedObjectServiceImplTest</name>
      <duration>0.038</duration>
      <time>0.038</time>
      <enclosingBlocks/>
      <enclosingBlockNames/>
      <cases>
        <case>
          <duration>0.008</duration>
          <className>com.cumulocity.service.impl.tenant.TenantManagedObjectServiceImplTest</className>
          <testName>shouldThowExceptionIfTenantNotExists_OnCreate</testName>
          <skipped>false</skipped>
          <failedSince>0</failedSince>
        </case>
        <case>
          <duration>0.002</duration>
          <className>com.cumulocity.service.impl.tenant.TenantManagedObjectServiceImplTest</className>
          <testName>shouldThowExceptionIfTenantNotExists_OnUpdate</testName>
          <skipped>false</skipped>
          <failedSince>0</failedSince>
        </case>
        <case>
          <duration>0.009</duration>
          <className>com.cumulocity.service.impl.tenant.TenantManagedObjectServiceImplTest</className>
          <testName>shouldCreateTenantMO_OnCreate</testName>
          <skipped>false</skipped>
          <failedSince>0</failedSince>
        </case>
        <case>
          <duration>0.002</duration>
          <className>com.cumulocity.service.impl.tenant.TenantManagedObjectServiceImplTest</className>
          <testName>shouldCreateTenantMOWithAttrs_OnCreate</testName>
          <skipped>false</skipped>
          <failedSince>0</failedSince>
        </case>
        <case>
          <duration>0.007</duration>
          <className>com.cumulocity.service.impl.tenant.TenantManagedObjectServiceImplTest</className>
          <testName>shouldUpdateTenantMOWithAttrs_OnUpdate</testName>
          <skipped>false</skipped>
          <failedSince>0</failedSince>
        </case>
        <case>
          <duration>0.002</duration>
          <className>com.cumulocity.service.impl.tenant.TenantManagedObjectServiceImplTest</className>
          <testName>shouldUpdateTenantMOWithStatus_OnUpdate</testName>
          <skipped>false</skipped>
          <failedSince>0</failedSince>
        </case>
        <case>
          <duration>0.003</duration>
          <className>com.cumulocity.service.impl.tenant.TenantManagedObjectServiceImplTest</className>
          <testName>shouldCreateTenantMOIfItNotExists_OnUpdate</testName>
          <skipped>false</skipped>
          <failedSince>0</failedSince>
        </case>
        <case>
          <duration>0.001</duration>
          <className>com.cumulocity.service.impl.tenant.TenantManagedObjectServiceImplTest</className>
          <testName>shouldDeleteTenantMO_OnDelete</testName>
          <skipped>false</skipped>
          <failedSince>0</failedSince>
        </case>
        <case>
          <duration>0.002</duration>
          <className>com.cumulocity.service.impl.tenant.TenantManagedObjectServiceImplTest</className>
          <testName>shouldDoNothingIfTenanMoNotExists_OnDelete</testName>
          <skipped>false</skipped>
          <failedSince>0</failedSince>
        </case>
      </cases>
    </suite>
    <suite>
      <file>/var/jenkins_home/workspace/Cumulocity-Platform-Services-BUILD/tenant-management/tenant-management-service/target/surefire-reports/TEST-com.cumulocity.service.impl.tenant.TenantServiceImplTest.xml</file>
      <name>com.cumulocity.service.impl.tenant.TenantServiceImplTest</name>
      <duration>0.426</duration>
      <time>0.426</time>
      <enclosingBlocks/>
      <enclosingBlockNames/>
      <cases>
        <case>
          <duration>0.04</duration>
          <className>com.cumulocity.service.impl.tenant.TenantServiceImplTest</className>
          <testName>shouldReturnTenantWithSpecifiedID</testName>
          <skipped>false</skipped>
          <failedSince>0</failedSince>
        </case>
        <case>
          <duration>0.009</duration>
          <className>com.cumulocity.service.impl.tenant.TenantServiceImplTest</className>
          <testName>shouldThrowExceptionWhenTenantWithSpecifiedIDNotFound</testName>
          <skipped>false</skipped>
          <failedSince>0</failedSince>
        </case>
        <case>
          <duration>0.008</duration>
          <className>com.cumulocity.service.impl.tenant.TenantServiceImplTest</className>
          <testName>shouldQueryAll</testName>
          <skipped>false</skipped>
          <failedSince>0</failedSince>
        </case>
        <case>
          <duration>0.01</duration>
          <className>com.cumulocity.service.impl.tenant.TenantServiceImplTest</className>
          <testName>shouldCreateTenant</testName>
          <skipped>false</skipped>
          <failedSince>0</failedSince>
        </case>
        <case>
          <duration>0.041</duration>
          <className>com.cumulocity.service.impl.tenant.TenantServiceImplTest</className>
          <testName>shouldSendInviteEmail</testName>
          <skipped>false</skipped>
          <failedSince>0</failedSince>
        </case>
        <case>
          <duration>0.008</duration>
          <className>com.cumulocity.service.impl.tenant.TenantServiceImplTest</className>
          <testName>shouldSetGeneratedTenantId</testName>
          <skipped>false</skipped>
          <failedSince>0</failedSince>
        </case>
        <case>
          <duration>0.007</duration>
          <className>com.cumulocity.service.impl.tenant.TenantServiceImplTest</className>
          <testName>shouldNotCreateTenantWhenExistById</testName>
          <skipped>false</skipped>
          <failedSince>0</failedSince>
        </case>
        <case>
          <duration>0.007</duration>
          <className>com.cumulocity.service.impl.tenant.TenantServiceImplTest</className>
          <testName>shouldNotCreateTenantWhenExistByDomain</testName>
          <skipped>false</skipped>
          <failedSince>0</failedSince>
        </case>
        <case>
          <duration>0.013</duration>
          <className>com.cumulocity.service.impl.tenant.TenantServiceImplTest</className>
          <testName>shouldNotCreateTenantWhenTenantDataAlreadyExists</testName>
          <skipped>false</skipped>
          <failedSince>0</failedSince>
        </case>
        <case>
          <duration>0.007</duration>
          <className>com.cumulocity.service.impl.tenant.TenantServiceImplTest</className>
          <testName>shouldThrowExceptionWhenTenantDaoFails</testName>
          <skipped>false</skipped>
          <failedSince>0</failedSince>
        </case>
        <case>
          <duration>0.013</duration>
          <className>com.cumulocity.service.impl.tenant.TenantServiceImplTest</className>
          <testName>shouldThrowExceptionWhenCouchDaoFails</testName>
          <skipped>false</skipped>
          <failedSince>0</failedSince>
        </case>
        <case>
          <duration>0.012</duration>
          <className>com.cumulocity.service.impl.tenant.TenantServiceImplTest</className>
          <testName>shouldThrowExceptionWhenCouchDaoAndTenantDaoFails</testName>
          <skipped>false</skipped>
          <failedSince>0</failedSince>
        </case>
        <case>
          <duration>0.0</duration>
          <className>com.cumulocity.service.impl.tenant.TenantServiceImplTest</className>
          <testName>shouldNotRollBackWhenValidationNotPass</testName>
          <skipped>false</skipped>
          <failedSince>0</failedSince>
        </case>
        <case>
          <duration>0.008</duration>
          <className>com.cumulocity.service.impl.tenant.TenantServiceImplTest</className>
          <testName>shouldNotAllowRemoveTenantManagement</testName>
          <skipped>false</skipped>
          <failedSince>0</failedSince>
        </case>
        <case>
          <duration>0.006</duration>
          <className>com.cumulocity.service.impl.tenant.TenantServiceImplTest</className>
          <testName>shouldNotAllowRemoveTenantHavingSubtenants</testName>
          <skipped>false</skipped>
          <failedSince>0</failedSince>
        </case>
        <case>
          <duration>0.026</duration>
          <className>com.cumulocity.service.impl.tenant.TenantServiceImplTest</className>
          <testName>shouldUnsubscribeAllTenantsApplicationBeforeDeletingTenant</testName>
          <skipped>false</skipped>
          <failedSince>0</failedSince>
        </case>
        <case>
          <duration>0.013</duration>
          <className>com.cumulocity.service.impl.tenant.TenantServiceImplTest</className>
          <testName>shouldDeleteTenantsApplicationsBeforeDeletingDatabase</testName>
          <skipped>false</skipped>
          <failedSince>0</failedSince>
        </case>
        <case>
          <duration>0.008</duration>
          <className>com.cumulocity.service.impl.tenant.TenantServiceImplTest</className>
          <testName>shouldUpdateTenant</testName>
          <skipped>false</skipped>
          <failedSince>0</failedSince>
        </case>
        <case>
          <duration>0.007</duration>
          <className>com.cumulocity.service.impl.tenant.TenantServiceImplTest</className>
          <testName>shouldCallSubtenancyFlagListenerWhenAddFlag</testName>
          <skipped>false</skipped>
          <failedSince>0</failedSince>
        </case>
        <case>
          <duration>0.006</duration>
          <className>com.cumulocity.service.impl.tenant.TenantServiceImplTest</className>
          <testName>shouldCallListenersOnTenantUpdate</testName>
          <skipped>false</skipped>
          <failedSince>0</failedSince>
        </case>
        <case>
          <duration>0.006</duration>
          <className>com.cumulocity.service.impl.tenant.TenantServiceImplTest</className>
          <testName>shouldCallListenersOnTenantDelete</testName>
          <skipped>false</skipped>
          <failedSince>0</failedSince>
        </case>
        <case>
          <duration>0.006</duration>
          <className>com.cumulocity.service.impl.tenant.TenantServiceImplTest</className>
          <testName>shouldThrowExceptionWhenUpdateNotExistingTenant</testName>
          <skipped>false</skipped>
          <failedSince>0</failedSince>
        </case>
        <case>
          <duration>0.007</duration>
          <className>com.cumulocity.service.impl.tenant.TenantServiceImplTest</className>
          <testName>shouldRemoveTenant</testName>
          <skipped>false</skipped>
          <failedSince>0</failedSince>
        </case>
        <case>
          <duration>0.006</duration>
          <className>com.cumulocity.service.impl.tenant.TenantServiceImplTest</className>
          <testName>shouldThrowExceptionWhenTryingToAddNotExistingApplicationToTenant</testName>
          <skipped>false</skipped>
          <failedSince>0</failedSince>
        </case>
        <case>
          <duration>0.006</duration>
          <className>com.cumulocity.service.impl.tenant.TenantServiceImplTest</className>
          <testName>shouldThrowExceptionWhenTryingToAddAlreadyBindedApplicationToTenant</testName>
          <skipped>false</skipped>
          <failedSince>0</failedSince>
        </case>
        <case>
          <duration>0.008</duration>
          <className>com.cumulocity.service.impl.tenant.TenantServiceImplTest</className>
          <testName>shouldAddApplicationToTenant</testName>
          <skipped>false</skipped>
          <failedSince>0</failedSince>
        </case>
        <case>
          <duration>0.008</duration>
          <className>com.cumulocity.service.impl.tenant.TenantServiceImplTest</className>
          <testName>shouldThrowExceptionWhenTryingToAddPrivateApp</testName>
          <skipped>false</skipped>
          <failedSince>0</failedSince>
        </case>
        <case>
          <duration>0.006</duration>
          <className>com.cumulocity.service.impl.tenant.TenantServiceImplTest</className>
          <testName>shouldThrowExceptionWhenTryingToDeleteNotBindedTenantApplication</testName>
          <skipped>false</skipped>
          <failedSince>0</failedSince>
        </case>
        <case>
          <duration>0.006</duration>
          <className>com.cumulocity.service.impl.tenant.TenantServiceImplTest</className>
          <testName>shouldDeleteTenantApplication</testName>
          <skipped>false</skipped>
          <failedSince>0</failedSince>
        </case>
        <case>
          <duration>0.014</duration>
          <className>com.cumulocity.service.impl.tenant.TenantServiceImplTest</className>
          <testName>shouldReturnNotInitializedTenants</testName>
          <skipped>false</skipped>
          <failedSince>0</failedSince>
        </case>
        <case>
          <duration>0.007</duration>
          <className>com.cumulocity.service.impl.tenant.TenantServiceImplTest</className>
          <testName>shouldCalculateTenantLevel</testName>
          <skipped>false</skipped>
          <failedSince>0</failedSince>
        </case>
        <case>
          <duration>0.006</duration>
          <className>com.cumulocity.service.impl.tenant.TenantServiceImplTest</className>
          <testName>shouldDenyUpdateSubtenancyFlagOnRoot</testName>
          <skipped>false</skipped>
          <failedSince>0</failedSince>
        </case>
        <case>
          <duration>0.005</duration>
          <className>com.cumulocity.service.impl.tenant.TenantServiceImplTest</className>
          <testName>shouldDenyUpdateSubtenancyFlagOnSubtenant</testName>
          <skipped>false</skipped>
          <failedSince>0</failedSince>
        </case>
        <case>
          <duration>0.006</duration>
          <className>com.cumulocity.service.impl.tenant.TenantServiceImplTest</className>
          <testName>shouldAllowUpdateSubtenancyFlagOnTenant</testName>
          <skipped>false</skipped>
          <failedSince>0</failedSince>
        </case>
        <case>
          <duration>0.006</duration>
          <className>com.cumulocity.service.impl.tenant.TenantServiceImplTest</className>
          <testName>shouldIgnoreParentWhenUpdateTenant</testName>
          <skipped>false</skipped>
          <failedSince>0</failedSince>
        </case>
        <case>
          <duration>0.006</duration>
          <className>com.cumulocity.service.impl.tenant.TenantServiceImplTest</className>
          <testName>shouldIgnoreSubtenantcyFlagWhenCreateTenant</testName>
          <skipped>false</skipped>
          <failedSince>0</failedSince>
        </case>
        <case>
          <duration>0.005</duration>
          <className>com.cumulocity.service.impl.tenant.TenantServiceImplTest</className>
          <testName>shouldSuspendChildrenWhenSuspendParent</testName>
          <skipped>false</skipped>
          <failedSince>0</failedSince>
        </case>
        <case>
          <duration>0.006</duration>
          <className>com.cumulocity.service.impl.tenant.TenantServiceImplTest</className>
          <testName>shouldAddApplicationOnwedByParentToSubTenant</testName>
          <skipped>false</skipped>
          <failedSince>0</failedSince>
        </case>
        <case>
          <duration>0.005</duration>
          <className>com.cumulocity.service.impl.tenant.TenantServiceImplTest</className>
          <testName>shouldAddApplicationSubscribedByParentToSubTenant</testName>
          <skipped>false</skipped>
          <failedSince>0</failedSince>
        </case>
        <case>
          <duration>0.004</duration>
          <className>com.cumulocity.service.impl.tenant.TenantServiceImplTest</className>
          <testName>shouldDenyAddApplicationToSubTenant</testName>
          <skipped>false</skipped>
          <failedSince>0</failedSince>
        </case>
        <case>
          <duration>0.005</duration>
          <className>com.cumulocity.service.impl.tenant.TenantServiceImplTest</className>
          <testName>shouldDeleteSubtenantApplication</testName>
          <skipped>false</skipped>
          <failedSince>0</failedSince>
        </case>
        <case>
          <duration>0.005</duration>
          <className>com.cumulocity.service.impl.tenant.TenantServiceImplTest</className>
          <testName>shouldChangeAvailabilityToMarketWhenAssingToSubtenant</testName>
          <skipped>false</skipped>
          <failedSince>0</failedSince>
        </case>
        <case>
          <duration>0.004</duration>
          <className>com.cumulocity.service.impl.tenant.TenantServiceImplTest</className>
          <testName>shouldReturnFalseIfNotAllEnterpriseAppsAreAvailable</testName>
          <skipped>false</skipped>
          <failedSince>0</failedSince>
        </case>
        <case>
          <duration>0.005</duration>
          <className>com.cumulocity.service.impl.tenant.TenantServiceImplTest</className>
          <testName>shouldAddNewTenantAttr</testName>
          <skipped>false</skipped>
          <failedSince>0</failedSince>
        </case>
        <case>
          <duration>0.005</duration>
          <className>com.cumulocity.service.impl.tenant.TenantServiceImplTest</className>
          <testName>shouldUpdateTenantAttr</testName>
          <skipped>false</skipped>
          <failedSince>0</failedSince>
        </case>
        <case>
          <duration>0.004</duration>
          <className>com.cumulocity.service.impl.tenant.TenantServiceImplTest</className>
          <testName>shouldAddNullTenantAttr</testName>
          <skipped>false</skipped>
          <failedSince>0</failedSince>
        </case>
        <case>
          <duration>0.004</duration>
          <className>com.cumulocity.service.impl.tenant.TenantServiceImplTest</className>
          <testName>shouldDeleteTenantAttr</testName>
          <skipped>false</skipped>
          <failedSince>0</failedSince>
        </case>
      </cases>
    </suite>
    <suite>
      <file>/var/jenkins_home/workspace/Cumulocity-Platform-Services-BUILD/tenant-management/tenant-management-service/target/surefire-reports/TEST-com.cumulocity.service.impl.tenant.listeners.NotifyAboutSuspendingListenerTest.xml</file>
      <name>com.cumulocity.service.impl.tenant.listeners.NotifyAboutSuspendingListenerTest</name>
      <duration>0.015</duration>
      <time>0.015</time>
      <enclosingBlocks/>
      <enclosingBlockNames/>
      <cases>
        <case>
          <duration>0.01</duration>
          <className>com.cumulocity.service.impl.tenant.listeners.NotifyAboutSuspendingListenerTest</className>
          <testName>shouldNotifySuspendedTenantAdministrator</testName>
          <skipped>false</skipped>
          <failedSince>0</failedSince>
        </case>
        <case>
          <duration>0.001</duration>
          <className>com.cumulocity.service.impl.tenant.listeners.NotifyAboutSuspendingListenerTest</className>
          <testName>shouldNotNotifySuspendedTenantAdministrator</testName>
          <skipped>false</skipped>
          <failedSince>0</failedSince>
        </case>
        <case>
          <duration>0.002</duration>
          <className>com.cumulocity.service.impl.tenant.listeners.NotifyAboutSuspendingListenerTest</className>
          <testName>shouldNotifyAdditionalTenantAdministrator</testName>
          <skipped>false</skipped>
          <failedSince>0</failedSince>
        </case>
        <case>
          <duration>0.001</duration>
          <className>com.cumulocity.service.impl.tenant.listeners.NotifyAboutSuspendingListenerTest</className>
          <testName>shouldNotNotifyAdditionalTenantAdministrator</testName>
          <skipped>false</skipped>
          <failedSince>0</failedSince>
        </case>
        <case>
          <duration>0.001</duration>
          <className>com.cumulocity.service.impl.tenant.listeners.NotifyAboutSuspendingListenerTest</className>
          <testName>shouldNotNotifyAnybodyIfTenantNotSuspended</testName>
          <skipped>false</skipped>
          <failedSince>0</failedSince>
        </case>
      </cases>
    </suite>
    <suite>
      <file>/var/jenkins_home/workspace/Cumulocity-Platform-Services-BUILD/tenant-management/tenant-management-service/target/surefire-reports/TEST-com.cumulocity.service.impl.tenant.option.OptionServiceAuditAspectTest.xml</file>
      <name>com.cumulocity.service.impl.tenant.option.OptionServiceAuditAspectTest</name>
      <duration>1.602</duration>
      <time>1.602</time>
      <enclosingBlocks/>
      <enclosingBlockNames/>
      <cases>
        <case>
          <duration>1.542</duration>
          <className>com.cumulocity.service.impl.tenant.option.OptionServiceAuditAspectTest</className>
          <testName>shouldAuditNewOptionCreation</testName>
          <skipped>false</skipped>
          <failedSince>0</failedSince>
        </case>
      </cases>
    </suite>
    <suite>
      <file>/var/jenkins_home/workspace/Cumulocity-Platform-Services-BUILD/tenant-management/tenant-management-service/target/surefire-reports/TEST-com.cumulocity.service.impl.tenant.option.OptionServiceImplTest.xml</file>
      <name>com.cumulocity.service.impl.tenant.option.OptionServiceImplTest</name>
      <duration>0.666</duration>
      <time>0.666</time>
      <enclosingBlocks/>
      <enclosingBlockNames/>
      <cases>
        <case>
          <duration>0.402</duration>
          <className>com.cumulocity.service.impl.tenant.option.OptionServiceImplTest</className>
          <testName>shouldThrowExceptionIfKeyNotFullySpecified</testName>
          <skipped>false</skipped>
          <failedSince>0</failedSince>
        </case>
        <case>
          <duration>0.029</duration>
          <className>com.cumulocity.service.impl.tenant.option.OptionServiceImplTest</className>
          <testName>shouldThrowNotFoundExceptionWhenOptionNotExists</testName>
          <skipped>false</skipped>
          <failedSince>0</failedSince>
        </case>
        <case>
          <duration>0.026</duration>
          <className>com.cumulocity.service.impl.tenant.option.OptionServiceImplTest</className>
          <testName>shouldDeleteOption</testName>
          <skipped>false</skipped>
          <failedSince>0</failedSince>
        </case>
        <case>
          <duration>0.029</duration>
          <className>com.cumulocity.service.impl.tenant.option.OptionServiceImplTest</className>
          <testName>shouldRestoreConfigDefaultOption</testName>
          <skipped>false</skipped>
          <failedSince>0</failedSince>
        </case>
        <case>
          <duration>0.013</duration>
          <className>com.cumulocity.service.impl.tenant.option.OptionServiceImplTest</className>
          <testName>shouldUpdateOptionNoExpcetion</testName>
          <skipped>false</skipped>
          <failedSince>0</failedSince>
        </case>
        <case>
          <duration>0.013</duration>
          <className>com.cumulocity.service.impl.tenant.option.OptionServiceImplTest</className>
          <testName>shouldFindSystemOption</testName>
          <skipped>false</skipped>
          <failedSince>0</failedSince>
        </case>
        <case>
          <duration>0.007</duration>
          <className>com.cumulocity.service.impl.tenant.option.OptionServiceImplTest</className>
          <testName>shouldFetchWhitelistedOptionViaSystemOptions</testName>
          <skipped>false</skipped>
          <failedSince>0</failedSince>
        </case>
        <case>
          <duration>0.009</duration>
          <className>com.cumulocity.service.impl.tenant.option.OptionServiceImplTest</className>
          <testName>shouldReturnSystemAndWhitelistedOptions</testName>
          <skipped>false</skipped>
          <failedSince>0</failedSince>
        </case>
        <case>
          <duration>0.069</duration>
          <className>com.cumulocity.service.impl.tenant.option.OptionServiceImplTest</className>
          <testName>shouldDecryptWhenSystemRole</testName>
          <skipped>false</skipped>
          <failedSince>0</failedSince>
        </case>
        <case>
          <duration>0.009</duration>
          <className>com.cumulocity.service.impl.tenant.option.OptionServiceImplTest</className>
          <testName>shouldDecryptCredentialsFromCategory</testName>
          <skipped>false</skipped>
          <failedSince>0</failedSince>
        </case>
        <case>
          <duration>0.007</duration>
          <className>com.cumulocity.service.impl.tenant.option.OptionServiceImplTest</className>
          <testName>shouldEncrypt</testName>
          <skipped>false</skipped>
          <failedSince>0</failedSince>
        </case>
        <case>
          <duration>0.006</duration>
          <className>com.cumulocity.service.impl.tenant.option.OptionServiceImplTest</className>
          <testName>shouldFindByKey</testName>
          <skipped>false</skipped>
          <failedSince>0</failedSince>
        </case>
        <case>
          <duration>0.005</duration>
          <className>com.cumulocity.service.impl.tenant.option.OptionServiceImplTest</className>
          <testName>shouldNotShowPasswordWhenNoRoleSystem</testName>
          <skipped>false</skipped>
          <failedSince>0</failedSince>
        </case>
        <case>
          <duration>0.007</duration>
          <className>com.cumulocity.service.impl.tenant.option.OptionServiceImplTest</className>
          <testName>shouldReturnDefaultPropertyFromManagementForEnterpriseEdition</testName>
          <skipped>false</skipped>
          <failedSince>0</failedSince>
        </case>
        <case>
          <duration>0.008</duration>
          <className>com.cumulocity.service.impl.tenant.option.OptionServiceImplTest</className>
          <testName>shouldReturnDefaultPropertiesFromManagementForEnterpriseEdition</testName>
          <skipped>false</skipped>
          <failedSince>0</failedSince>
        </case>
      </cases>
    </suite>
    <suite>
      <file>/var/jenkins_home/workspace/Cumulocity-Platform-Services-BUILD/tenant-management/tenant-management-service/target/surefire-reports/TEST-com.cumulocity.service.impl.tenant.option.validator.AlarmMappingOptionValidatorCommandTest.xml</file>
      <name>com.cumulocity.service.impl.tenant.option.validator.AlarmMappingOptionValidatorCommandTest</name>
      <duration>0.001</duration>
      <time>0.001</time>
      <enclosingBlocks/>
      <enclosingBlockNames/>
      <cases>
        <case>
          <duration>0.0</duration>
          <className>com.cumulocity.service.impl.tenant.option.validator.AlarmMappingOptionValidatorCommandTest</className>
          <testName>shouldFormatAlarmMappingOption</testName>
          <skipped>false</skipped>
          <failedSince>0</failedSince>
        </case>
        <case>
          <duration>0.0</duration>
          <className>com.cumulocity.service.impl.tenant.option.validator.AlarmMappingOptionValidatorCommandTest</className>
          <testName>shouldValidateAlarmMappingOption</testName>
          <skipped>false</skipped>
          <failedSince>0</failedSince>
        </case>
      </cases>
    </suite>
    <suite>
      <file>/var/jenkins_home/workspace/Cumulocity-Platform-Services-BUILD/tenant-management/tenant-management-service/target/surefire-reports/TEST-com.cumulocity.service.impl.tenant.option.validator.CorsOptionValidatorCommandTest.xml</file>
      <name>com.cumulocity.service.impl.tenant.option.validator.CorsOptionValidatorCommandTest</name>
      <duration>0.012</duration>
      <time>0.012</time>
      <enclosingBlocks/>
      <enclosingBlockNames/>
      <cases>
        <case>
          <duration>0.007</duration>
          <className>com.cumulocity.service.impl.tenant.option.validator.CorsOptionValidatorCommandTest</className>
          <testName>shouldValidateCorsOption</testName>
          <skipped>false</skipped>
          <failedSince>0</failedSince>
        </case>
        <case>
          <duration>0.002</duration>
          <className>com.cumulocity.service.impl.tenant.option.validator.CorsOptionValidatorCommandTest</className>
          <testName>shouldFormatCorsOption</testName>
          <skipped>false</skipped>
          <failedSince>0</failedSince>
        </case>
      </cases>
    </suite>
    <suite>
      <file>/var/jenkins_home/workspace/Cumulocity-Platform-Services-BUILD/tenant-management/tenant-management-service/target/surefire-reports/TEST-com.cumulocity.service.impl.tenant.option.validator.OptionValidatorTest.xml</file>
      <name>com.cumulocity.service.impl.tenant.option.validator.OptionValidatorTest</name>
      <duration>0.554</duration>
      <time>0.554</time>
      <enclosingBlocks/>
      <enclosingBlockNames/>
      <cases>
        <case>
          <duration>0.49</duration>
          <className>com.cumulocity.service.impl.tenant.option.validator.OptionValidatorTest</className>
          <testName>shouldUseAlarmMappingValidator</testName>
          <skipped>false</skipped>
          <failedSince>0</failedSince>
        </case>
        <case>
          <duration>0.003</duration>
          <className>com.cumulocity.service.impl.tenant.option.validator.OptionValidatorTest</className>
          <testName>shouldDontFailWithExceptionWhenCategoryIsUnknown</testName>
          <skipped>false</skipped>
          <failedSince>0</failedSince>
        </case>
        <case>
          <duration>0.002</duration>
          <className>com.cumulocity.service.impl.tenant.option.validator.OptionValidatorTest</className>
          <testName>shouldUseAccessControllValidator</testName>
          <skipped>false</skipped>
          <failedSince>0</failedSince>
        </case>
      </cases>
    </suite>
    <suite>
      <file>/var/jenkins_home/workspace/Cumulocity-Platform-Services-BUILD/tenant-management/tenant-management-service/target/surefire-reports/TEST-com.cumulocity.service.impl.tenant.statistics.TenantRequestStatisticsServiceImplTest.xml</file>
      <name>com.cumulocity.service.impl.tenant.statistics.TenantRequestStatisticsServiceImplTest</name>
      <duration>0.112</duration>
      <time>0.112</time>
      <enclosingBlocks/>
      <enclosingBlockNames/>
      <cases>
        <case>
          <duration>0.109</duration>
          <className>com.cumulocity.service.impl.tenant.statistics.TenantRequestStatisticsServiceImplTest</className>
          <testName>shouldCreateMeasurement</testName>
          <skipped>false</skipped>
          <failedSince>0</failedSince>
        </case>
        <case>
          <duration>0.002</duration>
          <className>com.cumulocity.service.impl.tenant.statistics.TenantRequestStatisticsServiceImplTest</className>
          <testName>shouldNotCreateMeasurementWhenNoRequests</testName>
          <skipped>false</skipped>
          <failedSince>0</failedSince>
        </case>
        <case>
          <duration>0.001</duration>
          <className>com.cumulocity.service.impl.tenant.statistics.TenantRequestStatisticsServiceImplTest</className>
          <testName>shouldNotCreateMeasurementForManagementTenant</testName>
          <skipped>false</skipped>
          <failedSince>0</failedSince>
        </case>
      </cases>
    </suite>
    <suite>
      <file>/var/jenkins_home/workspace/Cumulocity-Platform-Services-BUILD/tenant-management/tenant-management-service/target/surefire-reports/TEST-com.cumulocity.service.impl.tenant.statistics.TenantUsageStatisticsEmailFactoryTest.xml</file>
      <name>com.cumulocity.service.impl.tenant.statistics.TenantUsageStatisticsEmailFactoryTest</name>
      <duration>0.008</duration>
      <time>0.008</time>
      <enclosingBlocks/>
      <enclosingBlockNames/>
      <cases>
        <case>
          <duration>0.007</duration>
          <className>com.cumulocity.service.impl.tenant.statistics.TenantUsageStatisticsEmailFactoryTest</className>
          <testName>shouldSetDefaultEmailIfNoSystemProperty</testName>
          <skipped>false</skipped>
          <failedSince>0</failedSince>
        </case>
        <case>
          <duration>0.001</duration>
          <className>com.cumulocity.service.impl.tenant.statistics.TenantUsageStatisticsEmailFactoryTest</className>
          <testName>shouldUseEmailsFromSystemProperties</testName>
          <skipped>false</skipped>
          <failedSince>0</failedSince>
        </case>
        <case>
          <duration>0.0</duration>
          <className>com.cumulocity.service.impl.tenant.statistics.TenantUsageStatisticsEmailFactoryTest</className>
          <testName>shouldBaseUrlBeIncludedInSubject</testName>
          <skipped>false</skipped>
          <failedSince>0</failedSince>
        </case>
      </cases>
    </suite>
    <suite>
      <file>/var/jenkins_home/workspace/Cumulocity-Platform-Services-BUILD/tenant-management/tenant-management-service/target/surefire-reports/TEST-com.cumulocity.service.impl.tenant.statistics.TenantUsageStatisticsExcelExporterTest.xml</file>
      <name>com.cumulocity.service.impl.tenant.statistics.TenantUsageStatisticsExcelExporterTest</name>
      <duration>0.796</duration>
      <time>0.796</time>
      <enclosingBlocks/>
      <enclosingBlockNames/>
      <cases>
        <case>
          <duration>0.739</duration>
          <className>com.cumulocity.service.impl.tenant.statistics.TenantUsageStatisticsExcelExporterTest</className>
          <testName>shouldExportStatisticsToExcel</testName>
          <skipped>false</skipped>
          <failedSince>0</failedSince>
        </case>
        <case>
          <duration>0.057</duration>
          <className>com.cumulocity.service.impl.tenant.statistics.TenantUsageStatisticsExcelExporterTest</className>
          <testName>shouldCreateHeaderForStatistics</testName>
          <skipped>false</skipped>
          <failedSince>0</failedSince>
        </case>
      </cases>
    </suite>
    <suite>
      <file>/var/jenkins_home/workspace/Cumulocity-Platform-Services-BUILD/tenant-management/tenant-management-service/target/surefire-reports/TEST-com.cumulocity.service.impl.tenant.statistics.TenantUsageStatisticsSchedulerTest.xml</file>
      <name>com.cumulocity.service.impl.tenant.statistics.TenantUsageStatisticsSchedulerTest</name>
      <duration>0.049</duration>
      <time>0.049</time>
      <enclosingBlocks/>
      <enclosingBlockNames/>
      <cases>
        <case>
          <duration>0.025</duration>
          <className>com.cumulocity.service.impl.tenant.statistics.TenantUsageStatisticsSchedulerTest</className>
          <testName>shouldCollectAllDataAndFlushStatistics</testName>
          <skipped>false</skipped>
          <failedSince>0</failedSince>
        </case>
        <case>
          <duration>0.004</duration>
          <className>com.cumulocity.service.impl.tenant.statistics.TenantUsageStatisticsSchedulerTest</className>
          <testName>shouldFlashStatisticsAndIncrementStored</testName>
          <skipped>false</skipped>
          <failedSince>0</failedSince>
        </case>
        <case>
          <duration>0.002</duration>
          <className>com.cumulocity.service.impl.tenant.statistics.TenantUsageStatisticsSchedulerTest</className>
          <testName>testCollectStorageSize</testName>
          <skipped>false</skipped>
          <failedSince>0</failedSince>
        </case>
        <case>
          <duration>0.006</duration>
          <className>com.cumulocity.service.impl.tenant.statistics.TenantUsageStatisticsSchedulerTest</className>
          <testName>shouldCollectSubscribedApplications</testName>
          <skipped>false</skipped>
          <failedSince>0</failedSince>
        </case>
        <case>
          <duration>0.003</duration>
          <className>com.cumulocity.service.impl.tenant.statistics.TenantUsageStatisticsSchedulerTest</className>
          <testName>shouldOverwritePreviouslyCollectedSubscribedApplications</testName>
          <skipped>false</skipped>
          <failedSince>0</failedSince>
        </case>
        <case>
          <duration>0.004</duration>
          <className>com.cumulocity.service.impl.tenant.statistics.TenantUsageStatisticsSchedulerTest</className>
          <testName>shouldUseLocalMidnightForCollectUsageTask</testName>
          <skipped>false</skipped>
          <failedSince>0</failedSince>
        </case>
        <case>
          <duration>0.004</duration>
          <className>com.cumulocity.service.impl.tenant.statistics.TenantUsageStatisticsSchedulerTest</className>
          <testName>shouldCollectUsageWithoutRequestCount</testName>
          <skipped>false</skipped>
          <failedSince>0</failedSince>
        </case>
      </cases>
    </suite>
    <suite>
      <file>/var/jenkins_home/workspace/Cumulocity-Platform-Services-BUILD/tenant-management/tenant-management-service/target/surefire-reports/TEST-com.cumulocity.service.impl.tenant.statistics.TenantUsageStatisticsServiceImplTest.xml</file>
      <name>com.cumulocity.service.impl.tenant.statistics.TenantUsageStatisticsServiceImplTest</name>
      <duration>0.112</duration>
      <time>0.112</time>
      <enclosingBlocks/>
      <enclosingBlockNames/>
      <cases>
        <case>
          <duration>0.06</duration>
          <className>com.cumulocity.service.impl.tenant.statistics.TenantUsageStatisticsServiceImplTest</className>
          <testName>findTenantUsageStatisticsByDayShouldNotBeSensitiveOnTimeOfDay</testName>
          <skipped>false</skipped>
          <failedSince>0</failedSince>
        </case>
        <case>
          <duration>0.004</duration>
          <className>com.cumulocity.service.impl.tenant.statistics.TenantUsageStatisticsServiceImplTest</className>
          <testName>incrementStatisticsShouldFindStoredStatisticsIncrementSaveAndReturnFlashedInstance</testName>
          <skipped>false</skipped>
          <failedSince>0</failedSince>
        </case>
        <case>
          <duration>0.004</duration>
          <className>com.cumulocity.service.impl.tenant.statistics.TenantUsageStatisticsServiceImplTest</className>
          <testName>incrementUsageStatisticsShouldCreateOfStatisticsIfNotPresent</testName>
          <skipped>false</skipped>
          <failedSince>0</failedSince>
        </case>
        <case>
          <duration>0.003</duration>
          <className>com.cumulocity.service.impl.tenant.statistics.TenantUsageStatisticsServiceImplTest</className>
          <testName>incrementUsageStatisticsShouldNotCreateStatisticsIfAlreadyPresent</testName>
          <skipped>false</skipped>
          <failedSince>0</failedSince>
        </case>
        <case>
          <duration>0.003</duration>
          <className>com.cumulocity.service.impl.tenant.statistics.TenantUsageStatisticsServiceImplTest</className>
          <testName>shouldFindSummaryShouldBeExecutedWithinContextOfTenant</testName>
          <skipped>false</skipped>
          <failedSince>0</failedSince>
        </case>
        <case>
          <duration>0.036</duration>
          <className>com.cumulocity.service.impl.tenant.statistics.TenantUsageStatisticsServiceImplTest</className>
          <testName>shouldFindAndSendEmailWithYesterdayUsageFromAllTenants</testName>
          <skipped>false</skipped>
          <failedSince>0</failedSince>
        </case>
      </cases>
    </suite>
    <suite>
      <file>/var/jenkins_home/workspace/Cumulocity-Platform-Services-BUILD/tenant-management/tenant-management-service/target/surefire-reports/TEST-com.cumulocity.service.tenant.TenantManagementServiceModuleTest.xml</file>
      <name>com.cumulocity.service.tenant.TenantManagementServiceModuleTest</name>
      <duration>0.42</duration>
      <time>0.42</time>
      <enclosingBlocks/>
      <enclosingBlockNames/>
      <cases>
        <case>
          <duration>0.403</duration>
          <className>com.cumulocity.service.tenant.TenantManagementServiceModuleTest</className>
          <testName>shouldValidateServiceParams</testName>
          <skipped>false</skipped>
          <failedSince>0</failedSince>
        </case>
        <case>
          <duration>0.005</duration>
          <className>com.cumulocity.service.tenant.TenantManagementServiceModuleTest</className>
          <testName>shouldUseTenantRepository</testName>
          <skipped>false</skipped>
          <failedSince>0</failedSince>
        </case>
        <case>
          <duration>0.006</duration>
          <className>com.cumulocity.service.tenant.TenantManagementServiceModuleTest</className>
          <testName>shouldUseTenantInitializationService</testName>
          <skipped>false</skipped>
          <failedSince>0</failedSince>
        </case>
      </cases>
    </suite>
    <suite>
      <file>/var/jenkins_home/workspace/Cumulocity-Platform-Services-BUILD/user-management/user-management-rest/target/surefire-reports/TEST-com.cumulocity.user.UserManagementModuleTest.xml</file>
      <name>com.cumulocity.user.UserManagementModuleTest</name>
      <duration>1.979</duration>
      <time>1.979</time>
      <enclosingBlocks/>
      <enclosingBlockNames/>
      <cases>
        <case>
          <duration>0.057</duration>
          <className>com.cumulocity.user.UserManagementModuleTest</className>
          <testName>userPostShouldAddUser</testName>
          <skipped>false</skipped>
          <failedSince>0</failedSince>
        </case>
        <case>
          <duration>0.04</duration>
          <className>com.cumulocity.user.UserManagementModuleTest</className>
          <testName>userPostShouldValidatePassword</testName>
          <skipped>false</skipped>
          <failedSince>0</failedSince>
        </case>
        <case>
          <duration>0.052</duration>
          <className>com.cumulocity.user.UserManagementModuleTest</className>
          <testName>userPostWithSendPasswordResetShouldNotValidatePassword</testName>
          <skipped>false</skipped>
          <failedSince>0</failedSince>
        </case>
        <case>
          <duration>0.041</duration>
          <className>com.cumulocity.user.UserManagementModuleTest</className>
          <testName>userPostWithSendPasswordResetShouldValidateEmail</testName>
          <skipped>false</skipped>
          <failedSince>0</failedSince>
        </case>
        <case>
          <duration>0.102</duration>
          <className>com.cumulocity.user.UserManagementModuleTest</className>
          <testName>userGETById_shouldReturn_UserRepresentation</testName>
          <skipped>false</skipped>
          <failedSince>0</failedSince>
        </case>
        <case>
          <duration>0.07</duration>
          <className>com.cumulocity.user.UserManagementModuleTest</className>
          <testName>userGETByName_shouldReturn_UserRepresentation</testName>
          <skipped>false</skipped>
          <failedSince>0</failedSince>
        </case>
        <case>
          <duration>0.076</duration>
          <className>com.cumulocity.user.UserManagementModuleTest</className>
          <testName>currentUserGET_shouldReturn_UserRepresentation</testName>
          <skipped>false</skipped>
          <failedSince>0</failedSince>
        </case>
        <case>
          <duration>0.042</duration>
          <className>com.cumulocity.user.UserManagementModuleTest</className>
          <testName>passwordResetPOST_shouldReturn_OkStatus</testName>
          <skipped>false</skipped>
          <failedSince>0</failedSince>
        </case>
        <case>
          <duration>0.034</duration>
          <className>com.cumulocity.user.UserManagementModuleTest</className>
          <testName>passwordResetPUT_shouldReturn_OkStatus</testName>
          <skipped>false</skipped>
          <failedSince>0</failedSince>
        </case>
        <case>
          <duration>0.04</duration>
          <className>com.cumulocity.user.UserManagementModuleTest</className>
          <testName>currentUserGET_shouldReturn_CurrentUserRepresentation</testName>
          <skipped>false</skipped>
          <failedSince>0</failedSince>
        </case>
        <case>
          <duration>0.084</duration>
          <className>com.cumulocity.user.UserManagementModuleTest</className>
          <testName>currentUserPUT_shouldUpdateUser_andReturnUserRepresentation</testName>
          <skipped>false</skipped>
          <failedSince>0</failedSince>
        </case>
        <case>
          <duration>0.036</duration>
          <className>com.cumulocity.user.UserManagementModuleTest</className>
          <testName>currentUserPUT_shouldUpdateUser_andReturnCurrentUserRepresentation</testName>
          <skipped>false</skipped>
          <failedSince>0</failedSince>
        </case>
        <case>
          <duration>0.062</duration>
          <className>com.cumulocity.user.UserManagementModuleTest</className>
          <testName>getByGroupId_ShouldReturn_Group</testName>
          <skipped>false</skipped>
          <failedSince>0</failedSince>
        </case>
        <case>
          <duration>0.061</duration>
          <className>com.cumulocity.user.UserManagementModuleTest</className>
          <testName>getByGroupName_ShouldReturn_Group</testName>
          <skipped>false</skipped>
          <failedSince>0</failedSince>
        </case>
        <case>
          <duration>0.08</duration>
          <className>com.cumulocity.user.UserManagementModuleTest</className>
          <testName>groupUpdate_ShouldChangeResourceState_AndReturnUpdatedGroup</testName>
          <skipped>false</skipped>
          <failedSince>0</failedSince>
        </case>
        <case>
          <duration>0.088</duration>
          <className>com.cumulocity.user.UserManagementModuleTest</className>
          <testName>getAllRoles_ShouldReturn_Roles</testName>
          <skipped>false</skipped>
          <failedSince>0</failedSince>
        </case>
        <case>
          <duration>0.068</duration>
          <className>com.cumulocity.user.UserManagementModuleTest</className>
          <testName>assignRoleByIdToUser_ShouldReturn_RoleReference</testName>
          <skipped>false</skipped>
          <failedSince>0</failedSince>
        </case>
        <case>
          <duration>0.174</duration>
          <className>com.cumulocity.user.UserManagementModuleTest</className>
          <testName>findAllUsersOfGroup_ShouldReturn_UserReferenceCollection</testName>
          <skipped>false</skipped>
          <failedSince>0</failedSince>
        </case>
        <case>
          <duration>0.106</duration>
          <className>com.cumulocity.user.UserManagementModuleTest</className>
          <testName>addUserToGroup_ShouldReturn_UserReference</testName>
          <skipped>false</skipped>
          <failedSince>0</failedSince>
        </case>
        <case>
          <duration>0.091</duration>
          <className>com.cumulocity.user.UserManagementModuleTest</className>
          <testName>removeUserFromGroup_ShouldNotThrowException</testName>
          <skipped>false</skipped>
          <failedSince>0</failedSince>
        </case>
        <case>
          <duration>0.054</duration>
          <className>com.cumulocity.user.UserManagementModuleTest</className>
          <testName>removeGroup_ShouldNotThrowException</testName>
          <skipped>false</skipped>
          <failedSince>0</failedSince>
        </case>
        <case>
          <duration>0.115</duration>
          <className>com.cumulocity.user.UserManagementModuleTest</className>
          <testName>unassignRoleFromUser_ShouldNotThrowException</testName>
          <skipped>false</skipped>
          <failedSince>0</failedSince>
        </case>
        <case>
          <duration>0.106</duration>
          <className>com.cumulocity.user.UserManagementModuleTest</className>
          <testName>unassignRoleFromGroup_ShouldNotThrowException</testName>
          <skipped>false</skipped>
          <failedSince>0</failedSince>
        </case>
        <case>
          <duration>0.163</duration>
          <className>com.cumulocity.user.UserManagementModuleTest</className>
          <testName>updateTenantUser_ShouldNotThrowException</testName>
          <skipped>false</skipped>
          <failedSince>0</failedSince>
        </case>
        <case>
          <duration>0.119</duration>
          <className>com.cumulocity.user.UserManagementModuleTest</className>
          <testName>validateTenantUserEmail</testName>
          <skipped>false</skipped>
          <failedSince>0</failedSince>
        </case>
      </cases>
    </suite>
    <suite>
      <file>/var/jenkins_home/workspace/Cumulocity-Platform-Services-BUILD/user-management/user-management-rest/target/surefire-reports/TEST-com.cumulocity.user.rest.resources.CurrentUserPhoneResourceTest.xml</file>
      <name>com.cumulocity.user.rest.resources.CurrentUserPhoneResourceTest</name>
      <duration>0.106</duration>
      <time>0.106</time>
      <enclosingBlocks/>
      <enclosingBlockNames/>
      <cases>
        <case>
          <duration>0.009</duration>
          <className>com.cumulocity.user.rest.resources.CurrentUserPhoneResourceTest</className>
          <testName>shouldDenyNullPhone</testName>
          <skipped>false</skipped>
          <failedSince>0</failedSince>
        </case>
        <case>
          <duration>0.047</duration>
          <className>com.cumulocity.user.rest.resources.CurrentUserPhoneResourceTest</className>
          <testName>shouldUpdatePhone</testName>
          <skipped>false</skipped>
          <failedSince>0</failedSince>
        </case>
        <case>
          <duration>0.046</duration>
          <className>com.cumulocity.user.rest.resources.CurrentUserPhoneResourceTest</className>
          <testName>shouldSkipAnotherFields</testName>
          <skipped>false</skipped>
          <failedSince>0</failedSince>
        </case>
      </cases>
    </suite>
    <suite>
      <file>/var/jenkins_home/workspace/Cumulocity-Platform-Services-BUILD/user-management/user-management-rest/target/surefire-reports/TEST-com.cumulocity.user.rest.resources.CurrentUserResourceTest.xml</file>
      <name>com.cumulocity.user.rest.resources.CurrentUserResourceTest</name>
      <duration>0.283</duration>
      <time>0.283</time>
      <enclosingBlocks/>
      <enclosingBlockNames/>
      <cases>
        <case>
          <duration>0.041</duration>
          <className>com.cumulocity.user.rest.resources.CurrentUserResourceTest</className>
          <testName>getUserTypeShouldReturnUserRepresentation</testName>
          <skipped>false</skipped>
          <failedSince>0</failedSince>
        </case>
        <case>
          <duration>0.017</duration>
          <className>com.cumulocity.user.rest.resources.CurrentUserResourceTest</className>
          <testName>getCurrentUserTypeShouldReturnCurrentUserRepresentation</testName>
          <skipped>false</skipped>
          <failedSince>0</failedSince>
        </case>
        <case>
          <duration>0.081</duration>
          <className>com.cumulocity.user.rest.resources.CurrentUserResourceTest</className>
          <testName>putWithUserRepresentationShouldUpdateCurrentUserAndReturnUpdatedRepresentation</testName>
          <skipped>false</skipped>
          <failedSince>0</failedSince>
        </case>
        <case>
          <duration>0.08</duration>
          <className>com.cumulocity.user.rest.resources.CurrentUserResourceTest</className>
          <testName>putCannotModifyTfaUserSettings</testName>
          <skipped>false</skipped>
          <failedSince>0</failedSince>
        </case>
        <case>
          <duration>0.018</duration>
          <className>com.cumulocity.user.rest.resources.CurrentUserResourceTest</className>
          <testName>putWithCurrentUserRepresentationShouldUpdateCurrentUserAndReturnUpdatedRepresentation</testName>
          <skipped>false</skipped>
          <failedSince>0</failedSince>
        </case>
        <case>
          <duration>0.041</duration>
          <className>com.cumulocity.user.rest.resources.CurrentUserResourceTest</className>
          <testName>getUserRepresentationShouldContainDevicePermissions</testName>
          <skipped>false</skipped>
          <failedSince>0</failedSince>
        </case>
      </cases>
    </suite>
    <suite>
      <file>/var/jenkins_home/workspace/Cumulocity-Platform-Services-BUILD/user-management/user-management-rest/target/surefire-reports/TEST-com.cumulocity.user.rest.resources.DevicePermissionsResourceModuleTest.xml</file>
      <name>com.cumulocity.user.rest.resources.DevicePermissionsResourceModuleTest</name>
      <duration>1.564</duration>
      <time>1.564</time>
      <enclosingBlocks/>
      <enclosingBlockNames/>
      <cases>
        <case>
          <duration>1.47</duration>
          <className>com.cumulocity.user.rest.resources.DevicePermissionsResourceModuleTest</className>
          <testName>shouldGetDevicePermissionsAndReturnOK</testName>
          <skipped>false</skipped>
          <failedSince>0</failedSince>
        </case>
        <case>
          <duration>0.089</duration>
          <className>com.cumulocity.user.rest.resources.DevicePermissionsResourceModuleTest</className>
          <testName>shouldPutDevicePermissionsAndReturnOK</testName>
          <skipped>false</skipped>
          <failedSince>0</failedSince>
        </case>
      </cases>
    </suite>
    <suite>
      <file>/var/jenkins_home/workspace/Cumulocity-Platform-Services-BUILD/user-management/user-management-rest/target/surefire-reports/TEST-com.cumulocity.user.rest.resources.GroupByIdResourceSecurityTest.xml</file>
      <name>com.cumulocity.user.rest.resources.GroupByIdResourceSecurityTest</name>
      <duration>0.055</duration>
      <time>0.055</time>
      <enclosingBlocks/>
      <enclosingBlockNames/>
      <cases>
        <case>
          <duration>0.015</duration>
          <className>com.cumulocity.user.rest.resources.GroupByIdResourceSecurityTest</className>
          <testName>should_user_without_ROLE_USER_MANAGEMENT_cannot_load_group</testName>
          <skipped>false</skipped>
          <failedSince>0</failedSince>
        </case>
        <case>
          <duration>0.012</duration>
          <className>com.cumulocity.user.rest.resources.GroupByIdResourceSecurityTest</className>
          <testName>should_user_with_GlobalPermission_ROLE_USER_MANAGEMENT_READ_can_load_group</testName>
          <skipped>false</skipped>
          <failedSince>0</failedSince>
        </case>
        <case>
          <duration>0.012</duration>
          <className>com.cumulocity.user.rest.resources.GroupByIdResourceSecurityTest</className>
          <testName>should_user_with_GlobalPermission_ROLE_USER_MANAGEMENT_CREATE_and_access_to_group_load_group</testName>
          <skipped>false</skipped>
          <failedSince>0</failedSince>
        </case>
        <case>
          <duration>0.012</duration>
          <className>com.cumulocity.user.rest.resources.GroupByIdResourceSecurityTest</className>
          <testName>should_user_with_GlobalPermission_ROLE_USER_MANAGEMENT_CREATE_cannot_load_group_because_no_has_access_to_group</testName>
          <skipped>false</skipped>
          <failedSince>0</failedSince>
        </case>
      </cases>
    </suite>
    <suite>
      <file>/var/jenkins_home/workspace/Cumulocity-Platform-Services-BUILD/user-management/user-management-rest/target/surefire-reports/TEST-com.cumulocity.user.rest.resources.GroupByNameResourceSecurityTest.xml</file>
      <name>com.cumulocity.user.rest.resources.GroupByNameResourceSecurityTest</name>
      <duration>0.055</duration>
      <time>0.055</time>
      <enclosingBlocks/>
      <enclosingBlockNames/>
      <cases>
        <case>
          <duration>0.015</duration>
          <className>com.cumulocity.user.rest.resources.GroupByNameResourceSecurityTest</className>
          <testName>should_user_without_ROLE_USER_MANAGEMENT_cannot_load_group</testName>
          <skipped>false</skipped>
          <failedSince>0</failedSince>
        </case>
        <case>
          <duration>0.011</duration>
          <className>com.cumulocity.user.rest.resources.GroupByNameResourceSecurityTest</className>
          <testName>should_user_with_GlobalPermission_ROLE_USER_MANAGEMENT_READ_can_load_group</testName>
          <skipped>false</skipped>
          <failedSince>0</failedSince>
        </case>
        <case>
          <duration>0.011</duration>
          <className>com.cumulocity.user.rest.resources.GroupByNameResourceSecurityTest</className>
          <testName>should_user_with_GlobalPermission_ROLE_USER_MANAGEMENT_CREATE_and_access_to_group_load_group</testName>
          <skipped>false</skipped>
          <failedSince>0</failedSince>
        </case>
        <case>
          <duration>0.011</duration>
          <className>com.cumulocity.user.rest.resources.GroupByNameResourceSecurityTest</className>
          <testName>should_user_with_GlobalPermission_ROLE_USER_MANAGEMENT_CREATE_cannot_load_group_because_no_has_access_to_group</testName>
          <skipped>false</skipped>
          <failedSince>0</failedSince>
        </case>
      </cases>
    </suite>
    <suite>
      <file>/var/jenkins_home/workspace/Cumulocity-Platform-Services-BUILD/user-management/user-management-rest/target/surefire-reports/TEST-com.cumulocity.user.rest.resources.GroupByNameResourceTest.xml</file>
      <name>com.cumulocity.user.rest.resources.GroupByNameResourceTest</name>
      <duration>0.031</duration>
      <time>0.031</time>
      <enclosingBlocks/>
      <enclosingBlockNames/>
      <cases>
        <case>
          <duration>0.008</duration>
          <className>com.cumulocity.user.rest.resources.GroupByNameResourceTest</className>
          <testName>testGetGroupByNameThrowsNotFoundExceptionForNonExistingGroup</testName>
          <skipped>false</skipped>
          <failedSince>0</failedSince>
        </case>
        <case>
          <duration>0.019</duration>
          <className>com.cumulocity.user.rest.resources.GroupByNameResourceTest</className>
          <testName>testGetGroupByNameIsPassedToUserManagementService</testName>
          <skipped>false</skipped>
          <failedSince>0</failedSince>
        </case>
      </cases>
    </suite>
    <suite>
      <file>/var/jenkins_home/workspace/Cumulocity-Platform-Services-BUILD/user-management/user-management-rest/target/surefire-reports/TEST-com.cumulocity.user.rest.resources.GroupCollectionResourceSecurityTest.xml</file>
      <name>com.cumulocity.user.rest.resources.GroupCollectionResourceSecurityTest</name>
      <duration>0.034</duration>
      <time>0.034</time>
      <enclosingBlocks/>
      <enclosingBlockNames/>
      <cases>
        <case>
          <duration>0.017</duration>
          <className>com.cumulocity.user.rest.resources.GroupCollectionResourceSecurityTest</className>
          <testName>should_user_without_ROLE_USER_MANAGEMENT_cannot_list_groups</testName>
          <skipped>false</skipped>
          <failedSince>0</failedSince>
        </case>
        <case>
          <duration>0.012</duration>
          <className>com.cumulocity.user.rest.resources.GroupCollectionResourceSecurityTest</className>
          <testName>should_user_with_ROLE_USER_MANAGEMENT_READ_can_list_all_groups</testName>
          <skipped>false</skipped>
          <failedSince>0</failedSince>
        </case>
      </cases>
    </suite>
    <suite>
      <file>/var/jenkins_home/workspace/Cumulocity-Platform-Services-BUILD/user-management/user-management-rest/target/surefire-reports/TEST-com.cumulocity.user.rest.resources.GroupCollectionResourceTest.xml</file>
      <name>com.cumulocity.user.rest.resources.GroupCollectionResourceTest</name>
      <duration>0.08</duration>
      <time>0.08</time>
      <enclosingBlocks/>
      <enclosingBlockNames/>
      <cases>
        <case>
          <duration>0.033</duration>
          <className>com.cumulocity.user.rest.resources.GroupCollectionResourceTest</className>
          <testName>testGetAllGroupsIsPassedToTenantUserService</testName>
          <skipped>false</skipped>
          <failedSince>0</failedSince>
        </case>
        <case>
          <duration>0.007</duration>
          <className>com.cumulocity.user.rest.resources.GroupCollectionResourceTest</className>
          <testName>testGetAllGroupsReturns404</testName>
          <skipped>false</skipped>
          <failedSince>0</failedSince>
        </case>
        <case>
          <duration>0.017</duration>
          <className>com.cumulocity.user.rest.resources.GroupCollectionResourceTest</className>
          <testName>testPostShouldCallCreatGroupOnService</testName>
          <skipped>false</skipped>
          <failedSince>0</failedSince>
        </case>
        <case>
          <duration>0.01</duration>
          <className>com.cumulocity.user.rest.resources.GroupCollectionResourceTest</className>
          <testName>testPostShouldTranslateDuplicateDataException</testName>
          <skipped>false</skipped>
          <failedSince>0</failedSince>
        </case>
        <case>
          <duration>0.008</duration>
          <className>com.cumulocity.user.rest.resources.GroupCollectionResourceTest</className>
          <testName>testPostshouldReturn422OnMissingGroupName</testName>
          <skipped>false</skipped>
          <failedSince>0</failedSince>
        </case>
      </cases>
    </suite>
    <suite>
      <file>/var/jenkins_home/workspace/Cumulocity-Platform-Services-BUILD/user-management/user-management-rest/target/surefire-reports/TEST-com.cumulocity.user.rest.resources.GroupReferenceCollectionResourceSecurityTest.xml</file>
      <name>com.cumulocity.user.rest.resources.GroupReferenceCollectionResourceSecurityTest</name>
      <duration>0.069</duration>
      <time>0.069</time>
      <enclosingBlocks/>
      <enclosingBlockNames/>
      <cases>
        <case>
          <duration>0.015</duration>
          <className>com.cumulocity.user.rest.resources.GroupReferenceCollectionResourceSecurityTest</className>
          <testName>should_user_without_ROLE_USER_MANAGEMENT_cannot_list_groups_of_user</testName>
          <skipped>false</skipped>
          <failedSince>0</failedSince>
        </case>
        <case>
          <duration>0.012</duration>
          <className>com.cumulocity.user.rest.resources.GroupReferenceCollectionResourceSecurityTest</className>
          <testName>should_user_with_GlobalPermission_ROLE_USER_MANAGEMENT_READ_list_groups_of_user</testName>
          <skipped>false</skipped>
          <failedSince>0</failedSince>
        </case>
        <case>
          <duration>0.012</duration>
          <className>com.cumulocity.user.rest.resources.GroupReferenceCollectionResourceSecurityTest</className>
          <testName>should_user_with_GlobalPermission_ROLE_USER_MANAGEMENT_CREATE_and_relation_list_groups_of_user</testName>
          <skipped>false</skipped>
          <failedSince>0</failedSince>
        </case>
        <case>
          <duration>0.011</duration>
          <className>com.cumulocity.user.rest.resources.GroupReferenceCollectionResourceSecurityTest</className>
          <testName>should_user_with_GlobalPermission_ROLE_USER_MANAGEMENT_CREATE_and_without_relation__list_groups_of_user</testName>
          <skipped>false</skipped>
          <failedSince>0</failedSince>
        </case>
        <case>
          <duration>0.012</duration>
          <className>com.cumulocity.user.rest.resources.GroupReferenceCollectionResourceSecurityTest</className>
          <testName>should_user_with_GlobalPermission_ROLE_USER_MANAGEMENT_READ_can_load_groups</testName>
          <skipped>false</skipped>
          <failedSince>0</failedSince>
        </case>
      </cases>
    </suite>
    <suite>
      <file>/var/jenkins_home/workspace/Cumulocity-Platform-Services-BUILD/user-management/user-management-rest/target/surefire-reports/TEST-com.cumulocity.user.rest.resources.GroupReferenceCollectionResourceTest.xml</file>
      <name>com.cumulocity.user.rest.resources.GroupReferenceCollectionResourceTest</name>
      <duration>0.05</duration>
      <time>0.05</time>
      <enclosingBlocks/>
      <enclosingBlockNames/>
      <cases>
        <case>
          <duration>0.038</duration>
          <className>com.cumulocity.user.rest.resources.GroupReferenceCollectionResourceTest</className>
          <testName>testFindAllGroupsOfUserIsPassedToTenantUserService</testName>
          <skipped>false</skipped>
          <failedSince>0</failedSince>
        </case>
        <case>
          <duration>0.007</duration>
          <className>com.cumulocity.user.rest.resources.GroupReferenceCollectionResourceTest</className>
          <testName>testFindAllGroupsOfUserReturns404</testName>
          <skipped>false</skipped>
          <failedSince>0</failedSince>
        </case>
      </cases>
    </suite>
    <suite>
      <file>/var/jenkins_home/workspace/Cumulocity-Platform-Services-BUILD/user-management/user-management-rest/target/surefire-reports/TEST-com.cumulocity.user.rest.resources.GroupResourceTest.xml</file>
      <name>com.cumulocity.user.rest.resources.GroupResourceTest</name>
      <duration>0.365</duration>
      <time>0.365</time>
      <enclosingBlocks/>
      <enclosingBlockNames/>
      <cases>
        <case>
          <duration>0.009</duration>
          <className>com.cumulocity.user.rest.resources.GroupResourceTest</className>
          <testName>testDeleteIsPassedToTenantUserService</testName>
          <skipped>false</skipped>
          <failedSince>0</failedSince>
        </case>
        <case>
          <duration>0.345</duration>
          <className>com.cumulocity.user.rest.resources.GroupResourceTest</className>
          <testName>testUpdateIsPassedToTenantUserService</testName>
          <skipped>false</skipped>
          <failedSince>0</failedSince>
        </case>
        <case>
          <duration>0.008</duration>
          <className>com.cumulocity.user.rest.resources.GroupResourceTest</className>
          <testName>testUpdateThrowsResourceInvalidDataExceptionOnEmptyUpdate</testName>
          <skipped>false</skipped>
          <failedSince>0</failedSince>
        </case>
      </cases>
    </suite>
    <suite>
      <file>/var/jenkins_home/workspace/Cumulocity-Platform-Services-BUILD/user-management/user-management-rest/target/surefire-reports/TEST-com.cumulocity.user.rest.resources.GroupRoleReferenceResourceTest.xml</file>
      <name>com.cumulocity.user.rest.resources.GroupRoleReferenceResourceTest</name>
      <duration>0.012</duration>
      <time>0.012</time>
      <enclosingBlocks/>
      <enclosingBlockNames/>
      <cases>
        <case>
          <duration>0.009</duration>
          <className>com.cumulocity.user.rest.resources.GroupRoleReferenceResourceTest</className>
          <testName>testShouldGive404IfRoleIsNotAssignedToGroup</testName>
          <skipped>false</skipped>
          <failedSince>0</failedSince>
        </case>
      </cases>
    </suite>
    <suite>
      <file>/var/jenkins_home/workspace/Cumulocity-Platform-Services-BUILD/user-management/user-management-rest/target/surefire-reports/TEST-com.cumulocity.user.rest.resources.GroupsRoleReferenceCollectionResourceSecurityTest.xml</file>
      <name>com.cumulocity.user.rest.resources.GroupsRoleReferenceCollectionResourceSecurityTest</name>
      <duration>0.047</duration>
      <time>0.047</time>
      <enclosingBlocks/>
      <enclosingBlockNames/>
      <cases>
        <case>
          <duration>0.016</duration>
          <className>com.cumulocity.user.rest.resources.GroupsRoleReferenceCollectionResourceSecurityTest</className>
          <testName>should_user_without_ROLE_USER_MANAGEMENT_cannot_read_user_roles</testName>
          <skipped>false</skipped>
          <failedSince>0</failedSince>
        </case>
        <case>
          <duration>0.012</duration>
          <className>com.cumulocity.user.rest.resources.GroupsRoleReferenceCollectionResourceSecurityTest</className>
          <testName>should_user_with_GlobalPermission_ROLE_USER_MANAGEMENT_READ_load_user_roles</testName>
          <skipped>false</skipped>
          <failedSince>0</failedSince>
        </case>
        <case>
          <duration>0.012</duration>
          <className>com.cumulocity.user.rest.resources.GroupsRoleReferenceCollectionResourceSecurityTest</className>
          <testName>should_user_with_GlobalPermission_ROLE_USER_MANAGEMENT_CREATE_can_load_filtered_roles</testName>
          <skipped>false</skipped>
          <failedSince>0</failedSince>
        </case>
      </cases>
    </suite>
    <suite>
      <file>/var/jenkins_home/workspace/Cumulocity-Platform-Services-BUILD/user-management/user-management-rest/target/surefire-reports/TEST-com.cumulocity.user.rest.resources.GroupsRoleReferenceCollectionResourceTest.xml</file>
      <name>com.cumulocity.user.rest.resources.GroupsRoleReferenceCollectionResourceTest</name>
      <duration>0.073</duration>
      <time>0.073</time>
      <enclosingBlocks/>
      <enclosingBlockNames/>
      <cases>
        <case>
          <duration>0.011</duration>
          <className>com.cumulocity.user.rest.resources.GroupsRoleReferenceCollectionResourceTest</className>
          <testName>testAddRoleRepresentationWithSelfContainingNull</testName>
          <skipped>false</skipped>
          <failedSince>0</failedSince>
        </case>
        <case>
          <duration>0.012</duration>
          <className>com.cumulocity.user.rest.resources.GroupsRoleReferenceCollectionResourceTest</className>
          <testName>testPostShouldBePassedToUserMangementService</testName>
          <skipped>false</skipped>
          <failedSince>0</failedSince>
        </case>
        <case>
          <duration>0.009</duration>
          <className>com.cumulocity.user.rest.resources.GroupsRoleReferenceCollectionResourceTest</className>
          <testName>testAddNonExistingRole</testName>
          <skipped>false</skipped>
          <failedSince>0</failedSince>
        </case>
        <case>
          <duration>0.01</duration>
          <className>com.cumulocity.user.rest.resources.GroupsRoleReferenceCollectionResourceTest</className>
          <testName>testAddSystemRole</testName>
          <skipped>false</skipped>
          <failedSince>0</failedSince>
        </case>
        <case>
          <duration>0.01</duration>
          <className>com.cumulocity.user.rest.resources.GroupsRoleReferenceCollectionResourceTest</className>
          <testName>testAddRoleRepresentationWithWrongSelf</testName>
          <skipped>false</skipped>
          <failedSince>0</failedSince>
        </case>
        <case>
          <duration>0.012</duration>
          <className>com.cumulocity.user.rest.resources.GroupsRoleReferenceCollectionResourceTest</className>
          <testName>testGetAllRoles</testName>
          <skipped>false</skipped>
          <failedSince>0</failedSince>
        </case>
      </cases>
    </suite>
    <suite>
      <file>/var/jenkins_home/workspace/Cumulocity-Platform-Services-BUILD/user-management/user-management-rest/target/surefire-reports/TEST-com.cumulocity.user.rest.resources.InventoryAssignmentResourceSecurityTest.xml</file>
      <name>com.cumulocity.user.rest.resources.InventoryAssignmentResourceSecurityTest</name>
      <duration>0.045</duration>
      <time>0.045</time>
      <enclosingBlocks/>
      <enclosingBlockNames/>
      <cases>
        <case>
          <duration>0.016</duration>
          <className>com.cumulocity.user.rest.resources.InventoryAssignmentResourceSecurityTest</className>
          <testName>shouldNotAllowAddingAssignmentToCurrentUser</testName>
          <skipped>false</skipped>
          <failedSince>0</failedSince>
        </case>
        <case>
          <duration>0.012</duration>
          <className>com.cumulocity.user.rest.resources.InventoryAssignmentResourceSecurityTest</className>
          <testName>shouldNotAllowUpdatingAssignmentOfCurrentUser</testName>
          <skipped>false</skipped>
          <failedSince>0</failedSince>
        </case>
        <case>
          <duration>0.011</duration>
          <className>com.cumulocity.user.rest.resources.InventoryAssignmentResourceSecurityTest</className>
          <testName>shouldNotAllowDeletingAssignmentOfCurrentUser</testName>
          <skipped>false</skipped>
          <failedSince>0</failedSince>
        </case>
      </cases>
    </suite>
    <suite>
      <file>/var/jenkins_home/workspace/Cumulocity-Platform-Services-BUILD/user-management/user-management-rest/target/surefire-reports/TEST-com.cumulocity.user.rest.resources.PasswordResetResourceTest.xml</file>
      <name>com.cumulocity.user.rest.resources.PasswordResetResourceTest</name>
      <duration>0.066</duration>
      <time>0.066</time>
      <enclosingBlocks/>
      <enclosingBlockNames/>
      <cases>
        <case>
          <duration>0.009</duration>
          <className>com.cumulocity.user.rest.resources.PasswordResetResourceTest</className>
          <testName>testTokenIsGeneratedIfUserFound</testName>
          <skipped>false</skipped>
          <failedSince>0</failedSince>
        </case>
        <case>
          <duration>0.008</duration>
          <className>com.cumulocity.user.rest.resources.PasswordResetResourceTest</className>
          <testName>testTokenIsNotGeneratedIfNoUserFound</testName>
          <skipped>false</skipped>
          <failedSince>0</failedSince>
        </case>
        <case>
          <duration>0.007</duration>
          <className>com.cumulocity.user.rest.resources.PasswordResetResourceTest</className>
          <testName>testNotFoundEmailIsNotSentIfNotificationFlagIsFalse</testName>
          <skipped>false</skipped>
          <failedSince>0</failedSince>
        </case>
        <case>
          <duration>0.007</duration>
          <className>com.cumulocity.user.rest.resources.PasswordResetResourceTest</className>
          <testName>testChangingPassword</testName>
          <skipped>false</skipped>
          <failedSince>0</failedSince>
        </case>
        <case>
          <duration>0.007</duration>
          <className>com.cumulocity.user.rest.resources.PasswordResetResourceTest</className>
          <testName>testIllegalTokenProvided</testName>
          <skipped>false</skipped>
          <failedSince>0</failedSince>
        </case>
        <case>
          <duration>0.007</duration>
          <className>com.cumulocity.user.rest.resources.PasswordResetResourceTest</className>
          <testName>shouldRejectRepresentationWithNullEmailOnTokenGeneration</testName>
          <skipped>false</skipped>
          <failedSince>0</failedSince>
        </case>
        <case>
          <duration>0.007</duration>
          <className>com.cumulocity.user.rest.resources.PasswordResetResourceTest</className>
          <testName>shouldRejectRepresentationWithNullPasswordStrength</testName>
          <skipped>false</skipped>
          <failedSince>0</failedSince>
        </case>
        <case>
          <duration>0.008</duration>
          <className>com.cumulocity.user.rest.resources.PasswordResetResourceTest</className>
          <testName>shouldRejectRepresentationWithWrongPasswordStrength</testName>
          <skipped>false</skipped>
          <failedSince>0</failedSince>
        </case>
      </cases>
    </suite>
    <suite>
      <file>/var/jenkins_home/workspace/Cumulocity-Platform-Services-BUILD/user-management/user-management-rest/target/surefire-reports/TEST-com.cumulocity.user.rest.resources.RoleCollectionResourceSecurityTest.xml</file>
      <name>com.cumulocity.user.rest.resources.RoleCollectionResourceSecurityTest</name>
      <duration>1.879</duration>
      <time>1.879</time>
      <enclosingBlocks/>
      <enclosingBlockNames/>
      <cases>
        <case>
          <duration>1.819</duration>
          <className>com.cumulocity.user.rest.resources.RoleCollectionResourceSecurityTest</className>
          <testName>should_user_without_ROLE_USER_MANAGEMENT_cannot_read_role_by_name</testName>
          <skipped>false</skipped>
          <failedSince>0</failedSince>
        </case>
        <case>
          <duration>0.014</duration>
          <className>com.cumulocity.user.rest.resources.RoleCollectionResourceSecurityTest</className>
          <testName>should_user_with_ROLE_USER_MANAGEMENT_READ_load_role_by_name</testName>
          <skipped>false</skipped>
          <failedSince>0</failedSince>
        </case>
        <case>
          <duration>0.013</duration>
          <className>com.cumulocity.user.rest.resources.RoleCollectionResourceSecurityTest</className>
          <testName>should_user_with_ROLE_USER_MANAGEMENT_CREATE_and_access_to_role_load_role_by_name</testName>
          <skipped>false</skipped>
          <failedSince>0</failedSince>
        </case>
        <case>
          <duration>0.012</duration>
          <className>com.cumulocity.user.rest.resources.RoleCollectionResourceSecurityTest</className>
          <testName>should_user_with_ROLE_USER_MANAGEMENT_CREATE_and_without_access_to_role_cannot_load_role_by_name</testName>
          <skipped>false</skipped>
          <failedSince>0</failedSince>
        </case>
        <case>
          <duration>0.012</duration>
          <className>com.cumulocity.user.rest.resources.RoleCollectionResourceSecurityTest</className>
          <testName>should_user_without_ROLE_USER_MANAGEMENT_cannot_list_roles</testName>
          <skipped>false</skipped>
          <failedSince>0</failedSince>
        </case>
      </cases>
    </suite>
    <suite>
      <file>/var/jenkins_home/workspace/Cumulocity-Platform-Services-BUILD/user-management/user-management-rest/target/surefire-reports/TEST-com.cumulocity.user.rest.resources.RoleCollectionResourceTest.xml</file>
      <name>com.cumulocity.user.rest.resources.RoleCollectionResourceTest</name>
      <duration>0.022</duration>
      <time>0.022</time>
      <enclosingBlocks/>
      <enclosingBlockNames/>
      <cases>
        <case>
          <duration>0.018</duration>
          <className>com.cumulocity.user.rest.resources.RoleCollectionResourceTest</className>
          <testName>testGetAllRolesCallsTenantUserService</testName>
          <skipped>false</skipped>
          <failedSince>0</failedSince>
        </case>
      </cases>
    </suite>
    <suite>
      <file>/var/jenkins_home/workspace/Cumulocity-Platform-Services-BUILD/user-management/user-management-rest/target/surefire-reports/TEST-com.cumulocity.user.rest.resources.RootResourceTest.xml</file>
      <name>com.cumulocity.user.rest.resources.RootResourceTest</name>
      <duration>0.0</duration>
      <time>0</time>
      <enclosingBlocks/>
      <enclosingBlockNames/>
      <cases>
        <case>
          <duration>0.0</duration>
          <className>com.cumulocity.user.rest.resources.RootResourceTest</className>
          <testName>userByNameAccessShouldValidatePathRealm</testName>
          <skipped>false</skipped>
          <failedSince>0</failedSince>
        </case>
        <case>
          <duration>0.0</duration>
          <className>com.cumulocity.user.rest.resources.RootResourceTest</className>
          <testName>usersAccessShouldValidatePathRealm</testName>
          <skipped>false</skipped>
          <failedSince>0</failedSince>
        </case>
        <case>
          <duration>0.0</duration>
          <className>com.cumulocity.user.rest.resources.RootResourceTest</className>
          <testName>groupsAccessShouldValidatePathRealm</testName>
          <skipped>false</skipped>
          <failedSince>0</failedSince>
        </case>
        <case>
          <duration>0.0</duration>
          <className>com.cumulocity.user.rest.resources.RootResourceTest</className>
          <testName>groupByNameAccessShouldValidatePathRealm</testName>
          <skipped>false</skipped>
          <failedSince>0</failedSince>
        </case>
      </cases>
    </suite>
    <suite>
      <file>/var/jenkins_home/workspace/Cumulocity-Platform-Services-BUILD/user-management/user-management-rest/target/surefire-reports/TEST-com.cumulocity.user.rest.resources.UserApiResourceTest.xml</file>
      <name>com.cumulocity.user.rest.resources.UserApiResourceTest</name>
      <duration>0.0</duration>
      <time>0</time>
      <enclosingBlocks/>
      <enclosingBlockNames/>
      <cases>
        <case>
          <duration>0.0</duration>
          <className>com.cumulocity.user.rest.resources.UserApiResourceTest</className>
          <testName>testResponse</testName>
          <skipped>false</skipped>
          <failedSince>0</failedSince>
        </case>
        <case>
          <duration>0.0</duration>
          <className>com.cumulocity.user.rest.resources.UserApiResourceTest</className>
          <testName>getReturnsPredefinedUsersApiRepresentation</testName>
          <skipped>false</skipped>
          <failedSince>0</failedSince>
        </case>
      </cases>
    </suite>
    <suite>
      <file>/var/jenkins_home/workspace/Cumulocity-Platform-Services-BUILD/user-management/user-management-rest/target/surefire-reports/TEST-com.cumulocity.user.rest.resources.UserCollectionResourceSecurityTest.xml</file>
      <name>com.cumulocity.user.rest.resources.UserCollectionResourceSecurityTest</name>
      <duration>0.121</duration>
      <time>0.121</time>
      <enclosingBlocks/>
      <enclosingBlockNames/>
      <cases>
        <case>
          <duration>0.015</duration>
          <className>com.cumulocity.user.rest.resources.UserCollectionResourceSecurityTest</className>
          <testName>should_user_without_ROLE_USER_MANAGEMENT_cannot_create_user</testName>
          <skipped>false</skipped>
          <failedSince>0</failedSince>
        </case>
        <case>
          <duration>0.012</duration>
          <className>com.cumulocity.user.rest.resources.UserCollectionResourceSecurityTest</className>
          <testName>should_user_with_ROLE_USER_MANAGEMENT_ADMIN_can_create_user</testName>
          <skipped>false</skipped>
          <failedSince>0</failedSince>
        </case>
        <case>
          <duration>0.012</duration>
          <className>com.cumulocity.user.rest.resources.UserCollectionResourceSecurityTest</className>
          <testName>should_user_with_ROLE_USER_MANAGEMENT_CREATE_and_access_to_roles_create_user</testName>
          <skipped>false</skipped>
          <failedSince>0</failedSince>
        </case>
        <case>
          <duration>0.011</duration>
          <className>com.cumulocity.user.rest.resources.UserCollectionResourceSecurityTest</className>
          <testName>should_user_with_ROLE_USER_MANAGEMENT_CREATE_and_without_access_to_roles_cannot_create_user</testName>
          <skipped>false</skipped>
          <failedSince>0</failedSince>
        </case>
        <case>
          <duration>0.012</duration>
          <className>com.cumulocity.user.rest.resources.UserCollectionResourceSecurityTest</className>
          <testName>should_user_with_ROLE_USER_MANAGEMENT_CREATE_and_access_to_groups_create_user</testName>
          <skipped>false</skipped>
          <failedSince>0</failedSince>
        </case>
        <case>
          <duration>0.012</duration>
          <className>com.cumulocity.user.rest.resources.UserCollectionResourceSecurityTest</className>
          <testName>should_user_with_ROLE_USER_MANAGEMENT_CREATE_and_without_access_to_groups_cannot_create_user</testName>
          <skipped>false</skipped>
          <failedSince>0</failedSince>
        </case>
        <case>
          <duration>0.012</duration>
          <className>com.cumulocity.user.rest.resources.UserCollectionResourceSecurityTest</className>
          <testName>should_user_with_ROLE_USER_MANAGEMENT_CREATE_and_access_to_applications_create_user</testName>
          <skipped>false</skipped>
          <failedSince>0</failedSince>
        </case>
        <case>
          <duration>0.012</duration>
          <className>com.cumulocity.user.rest.resources.UserCollectionResourceSecurityTest</className>
          <testName>should_user_with_ROLE_USER_MANAGEMENT_CREATE_and_access_to_applications_via_group_create_user</testName>
          <skipped>false</skipped>
          <failedSince>0</failedSince>
        </case>
        <case>
          <duration>0.012</duration>
          <className>com.cumulocity.user.rest.resources.UserCollectionResourceSecurityTest</className>
          <testName>should_user_with_ROLE_USER_MANAGEMENT_CREATE_and_without_access_to_applications_create_user</testName>
          <skipped>false</skipped>
          <failedSince>0</failedSince>
        </case>
      </cases>
    </suite>
    <suite>
      <file>/var/jenkins_home/workspace/Cumulocity-Platform-Services-BUILD/user-management/user-management-rest/target/surefire-reports/TEST-com.cumulocity.user.rest.resources.UserCollectionResourceTest.xml</file>
      <name>com.cumulocity.user.rest.resources.UserCollectionResourceTest</name>
      <duration>0.113</duration>
      <time>0.113</time>
      <enclosingBlocks/>
      <enclosingBlockNames/>
      <cases>
        <case>
          <duration>0.009</duration>
          <className>com.cumulocity.user.rest.resources.UserCollectionResourceTest</className>
          <testName>testPostWithoutPasswordShouldThrow422</testName>
          <skipped>false</skipped>
          <failedSince>0</failedSince>
        </case>
        <case>
          <duration>0.008</duration>
          <className>com.cumulocity.user.rest.resources.UserCollectionResourceTest</className>
          <testName>shouldFailWhenPostWithInvalidPasswordStrength</testName>
          <skipped>false</skipped>
          <failedSince>0</failedSince>
        </case>
        <case>
          <duration>0.007</duration>
          <className>com.cumulocity.user.rest.resources.UserCollectionResourceTest</className>
          <testName>postWithoutEnabledFlagSetShouldCreateEnabledUserByDefault</testName>
          <skipped>false</skipped>
          <failedSince>0</failedSince>
        </case>
        <case>
          <duration>0.007</duration>
          <className>com.cumulocity.user.rest.resources.UserCollectionResourceTest</className>
          <testName>postWithEnabledTrueShouldCreateEnabledUser</testName>
          <skipped>false</skipped>
          <failedSince>0</failedSince>
        </case>
        <case>
          <duration>0.007</duration>
          <className>com.cumulocity.user.rest.resources.UserCollectionResourceTest</className>
          <testName>postWithEnabledFalseShouldCreateSuspendedUser</testName>
          <skipped>false</skipped>
          <failedSince>0</failedSince>
        </case>
        <case>
          <duration>0.008</duration>
          <className>com.cumulocity.user.rest.resources.UserCollectionResourceTest</className>
          <testName>shouldBlockTooLongUsername</testName>
          <skipped>false</skipped>
          <failedSince>0</failedSince>
        </case>
        <case>
          <duration>0.008</duration>
          <className>com.cumulocity.user.rest.resources.UserCollectionResourceTest</className>
          <testName>shouldReturnResultWithTotalPages</testName>
          <skipped>false</skipped>
          <failedSince>0</failedSince>
        </case>
        <case>
          <duration>0.007</duration>
          <className>com.cumulocity.user.rest.resources.UserCollectionResourceTest</className>
          <testName>shouldFindUsersUsingProperFilter</testName>
          <skipped>false</skipped>
          <failedSince>0</failedSince>
        </case>
        <case>
          <duration>0.007</duration>
          <className>com.cumulocity.user.rest.resources.UserCollectionResourceTest</className>
          <testName>must_user_with_role_USER_MANAGEMENT_READ_load_all_user</testName>
          <skipped>false</skipped>
          <failedSince>0</failedSince>
        </case>
        <case>
          <duration>0.007</duration>
          <className>com.cumulocity.user.rest.resources.UserCollectionResourceTest</className>
          <testName>must_user_with_role_USER_MANAGEMENT_CREATE_load_user_regarding_to_user_hierarchy</testName>
          <skipped>false</skipped>
          <failedSince>0</failedSince>
        </case>
        <case>
          <duration>0.008</duration>
          <className>com.cumulocity.user.rest.resources.UserCollectionResourceTest</className>
          <testName>testGetAllDeviceUsersForUserManagementReadRole</testName>
          <skipped>false</skipped>
          <failedSince>0</failedSince>
        </case>
        <case>
          <duration>0.007</duration>
          <className>com.cumulocity.user.rest.resources.UserCollectionResourceTest</className>
          <testName>testDenyGetAllDeviceUsersForUserManagementCreateRole</testName>
          <skipped>false</skipped>
          <failedSince>0</failedSince>
        </case>
        <case>
          <duration>0.007</duration>
          <className>com.cumulocity.user.rest.resources.UserCollectionResourceTest</className>
          <testName>testPostShouldCallCreatUserOnService</testName>
          <skipped>false</skipped>
          <failedSince>0</failedSince>
        </case>
        <case>
          <duration>0.008</duration>
          <className>com.cumulocity.user.rest.resources.UserCollectionResourceTest</className>
          <testName>testPostWithoutUsernameShouldThrow422</testName>
          <skipped>false</skipped>
          <failedSince>0</failedSince>
        </case>
      </cases>
    </suite>
    <suite>
      <file>/var/jenkins_home/workspace/Cumulocity-Platform-Services-BUILD/user-management/user-management-rest/target/surefire-reports/TEST-com.cumulocity.user.rest.resources.UserReferenceCollectionResourceSecurityTest.xml</file>
      <name>com.cumulocity.user.rest.resources.UserReferenceCollectionResourceSecurityTest</name>
      <duration>0.085</duration>
      <time>0.085</time>
      <enclosingBlocks/>
      <enclosingBlockNames/>
      <cases>
        <case>
          <duration>0.016</duration>
          <className>com.cumulocity.user.rest.resources.UserReferenceCollectionResourceSecurityTest</className>
          <testName>should_user_without_ROLE_USER_MANAGEMENT_cannot_add_user_to_group</testName>
          <skipped>false</skipped>
          <failedSince>0</failedSince>
        </case>
        <case>
          <duration>0.013</duration>
          <className>com.cumulocity.user.rest.resources.UserReferenceCollectionResourceSecurityTest</className>
          <testName>should_user_with_GlobalPermission_ROLE_USER_MANAGEMENT_ADMIN_can_add_user_to_group</testName>
          <skipped>false</skipped>
          <failedSince>0</failedSince>
        </case>
        <case>
          <duration>0.013</duration>
          <className>com.cumulocity.user.rest.resources.UserReferenceCollectionResourceSecurityTest</className>
          <testName>should_user_with_GlobalPermission_ROLE_USER_MANAGEMENT_CREATE_and_access_to_group_and_user_can_add_user_to_group</testName>
          <skipped>false</skipped>
          <failedSince>0</failedSince>
        </case>
        <case>
          <duration>0.013</duration>
          <className>com.cumulocity.user.rest.resources.UserReferenceCollectionResourceSecurityTest</className>
          <testName>should_user_with_GlobalPermission_ROLE_USER_MANAGEMENT_CREATE_cannot_add_themselves_to_group</testName>
          <skipped>false</skipped>
          <failedSince>0</failedSince>
        </case>
        <case>
          <duration>0.012</duration>
          <className>com.cumulocity.user.rest.resources.UserReferenceCollectionResourceSecurityTest</className>
          <testName>should_user_with_GlobalPermission_ROLE_USER_MANAGEMENT_CREATE_cannot_add_user_to_group_because_no_has_access_to_user</testName>
          <skipped>false</skipped>
          <failedSince>0</failedSince>
        </case>
        <case>
          <duration>0.012</duration>
          <className>com.cumulocity.user.rest.resources.UserReferenceCollectionResourceSecurityTest</className>
          <testName>should_user_with_GlobalPermission_ROLE_USER_MANAGEMENT_CREATE_cannot_add_user_to_group_because_no_has_access_to_group</testName>
          <skipped>false</skipped>
          <failedSince>0</failedSince>
        </case>
      </cases>
    </suite>
    <suite>
      <file>/var/jenkins_home/workspace/Cumulocity-Platform-Services-BUILD/user-management/user-management-rest/target/surefire-reports/TEST-com.cumulocity.user.rest.resources.UserReferenceCollectionResourceTest.xml</file>
      <name>com.cumulocity.user.rest.resources.UserReferenceCollectionResourceTest</name>
      <duration>0.146</duration>
      <time>0.146</time>
      <enclosingBlocks/>
      <enclosingBlockNames/>
      <cases>
        <case>
          <duration>0.086</duration>
          <className>com.cumulocity.user.rest.resources.UserReferenceCollectionResourceTest</className>
          <testName>testFindAllUsersOfGroupIsPassedToTenantUserService</testName>
          <skipped>false</skipped>
          <failedSince>0</failedSince>
        </case>
        <case>
          <duration>0.04</duration>
          <className>com.cumulocity.user.rest.resources.UserReferenceCollectionResourceTest</className>
          <testName>testPostIsPassedToTenantUserService</testName>
          <skipped>false</skipped>
          <failedSince>0</failedSince>
        </case>
        <case>
          <duration>0.008</duration>
          <className>com.cumulocity.user.rest.resources.UserReferenceCollectionResourceTest</className>
          <testName>testPostShoudlReturn404onMissingSomething</testName>
          <skipped>false</skipped>
          <failedSince>0</failedSince>
        </case>
        <case>
          <duration>0.008</duration>
          <className>com.cumulocity.user.rest.resources.UserReferenceCollectionResourceTest</className>
          <testName>testPostShoudlReturn422onUnprocessableEntities</testName>
          <skipped>false</skipped>
          <failedSince>0</failedSince>
        </case>
      </cases>
    </suite>
    <suite>
      <file>/var/jenkins_home/workspace/Cumulocity-Platform-Services-BUILD/user-management/user-management-rest/target/surefire-reports/TEST-com.cumulocity.user.rest.resources.UserReferenceResourceSecurityTest.xml</file>
      <name>com.cumulocity.user.rest.resources.UserReferenceResourceSecurityTest</name>
      <duration>0.078</duration>
      <time>0.078</time>
      <enclosingBlocks/>
      <enclosingBlockNames/>
      <cases>
        <case>
          <duration>0.015</duration>
          <className>com.cumulocity.user.rest.resources.UserReferenceResourceSecurityTest</className>
          <testName>should_user_without_ROLE_USER_MANAGEMENT_cannot_remove_group_from_user</testName>
          <skipped>false</skipped>
          <failedSince>0</failedSince>
        </case>
        <case>
          <duration>0.011</duration>
          <className>com.cumulocity.user.rest.resources.UserReferenceResourceSecurityTest</className>
          <testName>should_user_with_GlobalPermission_ROLE_USER_MANAGEMENT_ADMIN_remove_group_from_user</testName>
          <skipped>false</skipped>
          <failedSince>0</failedSince>
        </case>
        <case>
          <duration>0.011</duration>
          <className>com.cumulocity.user.rest.resources.UserReferenceResourceSecurityTest</className>
          <testName>should_user_with_GlobalPermission_ROLE_USER_MANAGEMENT_CREATE_and_relation_remove_group_from_user</testName>
          <skipped>false</skipped>
          <failedSince>0</failedSince>
        </case>
        <case>
          <duration>0.011</duration>
          <className>com.cumulocity.user.rest.resources.UserReferenceResourceSecurityTest</className>
          <testName>should_user_with_GlobalPermission_ROLE_USER_MANAGEMENT_CREATE_and_relation_cannot_remove_group_from_themselves</testName>
          <skipped>false</skipped>
          <failedSince>0</failedSince>
        </case>
        <case>
          <duration>0.012</duration>
          <className>com.cumulocity.user.rest.resources.UserReferenceResourceSecurityTest</className>
          <testName>should_user_with_GlobalPermission_ROLE_USER_MANAGEMENT_CREATE_cannot_remove_group_from_user</testName>
          <skipped>false</skipped>
          <failedSince>0</failedSince>
        </case>
        <case>
          <duration>0.012</duration>
          <className>com.cumulocity.user.rest.resources.UserReferenceResourceSecurityTest</className>
          <testName>should_user_with_GlobalPermission_ROLE_USER_MANAGEMENT_ADMIN_remove_group_from_user_if_user_is_root_of_tree</testName>
          <skipped>false</skipped>
          <failedSince>0</failedSince>
        </case>
      </cases>
    </suite>
    <suite>
      <file>/var/jenkins_home/workspace/Cumulocity-Platform-Services-BUILD/user-management/user-management-rest/target/surefire-reports/TEST-com.cumulocity.user.rest.resources.UserReferenceResourceTest.xml</file>
      <name>com.cumulocity.user.rest.resources.UserReferenceResourceTest</name>
      <duration>0.02</duration>
      <time>0.02</time>
      <enclosingBlocks/>
      <enclosingBlockNames/>
      <cases>
        <case>
          <duration>0.008</duration>
          <className>com.cumulocity.user.rest.resources.UserReferenceResourceTest</className>
          <testName>testDeleteIsPassedToTenantUserService</testName>
          <skipped>false</skipped>
          <failedSince>0</failedSince>
        </case>
        <case>
          <duration>0.007</duration>
          <className>com.cumulocity.user.rest.resources.UserReferenceResourceTest</className>
          <testName>deleteShoudlReturn404onMissingSomething</testName>
          <skipped>false</skipped>
          <failedSince>0</failedSince>
        </case>
      </cases>
    </suite>
    <suite>
      <file>/var/jenkins_home/workspace/Cumulocity-Platform-Services-BUILD/user-management/user-management-rest/target/surefire-reports/TEST-com.cumulocity.user.rest.resources.UserResourceSecurityTest.xml</file>
      <name>com.cumulocity.user.rest.resources.UserResourceSecurityTest</name>
      <duration>0.223</duration>
      <time>0.223</time>
      <enclosingBlocks/>
      <enclosingBlockNames/>
      <cases>
        <case>
          <duration>0.015</duration>
          <className>com.cumulocity.user.rest.resources.UserResourceSecurityTest</className>
          <testName>should_user_without_ROLE_USER_MANAGEMENT_cannot_read_user_by_id</testName>
          <skipped>false</skipped>
          <failedSince>0</failedSince>
        </case>
        <case>
          <duration>0.012</duration>
          <className>com.cumulocity.user.rest.resources.UserResourceSecurityTest</className>
          <testName>should_user_with_GlobalPermission_ROLE_USER_MANAGEMENT_READ_load_user_by_id</testName>
          <skipped>false</skipped>
          <failedSince>0</failedSince>
        </case>
        <case>
          <duration>0.011</duration>
          <className>com.cumulocity.user.rest.resources.UserResourceSecurityTest</className>
          <testName>should_user_with_GlobalPermission_ROLE_USER_MANAGEMENT_CREATE_and_relation_load_user_by_id</testName>
          <skipped>false</skipped>
          <failedSince>0</failedSince>
        </case>
        <case>
          <duration>0.019</duration>
          <className>com.cumulocity.user.rest.resources.UserResourceSecurityTest</className>
          <testName>should_user_with_GlobalPermission_ROLE_USER_MANAGEMENT_CREATE_cannot_load_user_by_id</testName>
          <skipped>false</skipped>
          <failedSince>0</failedSince>
        </case>
        <case>
          <duration>0.011</duration>
          <className>com.cumulocity.user.rest.resources.UserResourceSecurityTest</className>
          <testName>should_user_without_ROLE_USER_MANAGEMENT_cannot_delete_user</testName>
          <skipped>false</skipped>
          <failedSince>0</failedSince>
        </case>
        <case>
          <duration>0.011</duration>
          <className>com.cumulocity.user.rest.resources.UserResourceSecurityTest</className>
          <testName>should_user_with_GlobalPermission_ROLE_USER_MANAGEMENT_ADMIN_delete_user</testName>
          <skipped>false</skipped>
          <failedSince>0</failedSince>
        </case>
        <case>
          <duration>0.012</duration>
          <className>com.cumulocity.user.rest.resources.UserResourceSecurityTest</className>
          <testName>should_user_with_GlobalPermission_ROLE_USER_MANAGEMENT_CREATE_and_relation_delete_user</testName>
          <skipped>false</skipped>
          <failedSince>0</failedSince>
        </case>
        <case>
          <duration>0.011</duration>
          <className>com.cumulocity.user.rest.resources.UserResourceSecurityTest</className>
          <testName>should_user_with_GlobalPermission_ROLE_USER_MANAGEMENT_CREATE_and_relation_cannot_delete_themselves</testName>
          <skipped>false</skipped>
          <failedSince>0</failedSince>
        </case>
        <case>
          <duration>0.01</duration>
          <className>com.cumulocity.user.rest.resources.UserResourceSecurityTest</className>
          <testName>should_user_with_GlobalPermission_ROLE_USER_MANAGEMENT_CREATE_cannot_delete_user</testName>
          <skipped>false</skipped>
          <failedSince>0</failedSince>
        </case>
        <case>
          <duration>0.012</duration>
          <className>com.cumulocity.user.rest.resources.UserResourceSecurityTest</className>
          <testName>should_user_without_ROLE_USER_MANAGEMENT_cannot_update_user</testName>
          <skipped>false</skipped>
          <failedSince>0</failedSince>
        </case>
        <case>
          <duration>0.012</duration>
          <className>com.cumulocity.user.rest.resources.UserResourceSecurityTest</className>
          <testName>should_user_with_GlobalPermission_ROLE_USER_MANAGEMENT_ADMIN_update_user</testName>
          <skipped>false</skipped>
          <failedSince>0</failedSince>
        </case>
        <case>
          <duration>0.012</duration>
          <className>com.cumulocity.user.rest.resources.UserResourceSecurityTest</className>
          <testName>should_user_with_GlobalPermission_ROLE_USER_MANAGEMENT_CREATE_and_relation_update_user</testName>
          <skipped>false</skipped>
          <failedSince>0</failedSince>
        </case>
        <case>
          <duration>0.012</duration>
          <className>com.cumulocity.user.rest.resources.UserResourceSecurityTest</className>
          <testName>should_user_with_GlobalPermission_ROLE_USER_MANAGEMENT_CREATE_and_relation_cannot_update_themselves</testName>
          <skipped>false</skipped>
          <failedSince>0</failedSince>
        </case>
        <case>
          <duration>0.012</duration>
          <className>com.cumulocity.user.rest.resources.UserResourceSecurityTest</className>
          <testName>should_user_with_GlobalPermission_ROLE_USER_MANAGEMENT_CREATE_cannot_update_user</testName>
          <skipped>false</skipped>
          <failedSince>0</failedSince>
        </case>
        <case>
          <duration>0.013</duration>
          <className>com.cumulocity.user.rest.resources.UserResourceSecurityTest</className>
          <testName>should_user_with_ROLE_USER_MANAGEMENT_CREATE_and_access_to_applications_update_user</testName>
          <skipped>false</skipped>
          <failedSince>0</failedSince>
        </case>
        <case>
          <duration>0.013</duration>
          <className>com.cumulocity.user.rest.resources.UserResourceSecurityTest</className>
          <testName>should_user_with_ROLE_USER_MANAGEMENT_CREATE_and_access_to_applications_via_group_update_user</testName>
          <skipped>false</skipped>
          <failedSince>0</failedSince>
        </case>
        <case>
          <duration>0.013</duration>
          <className>com.cumulocity.user.rest.resources.UserResourceSecurityTest</className>
          <testName>should_user_with_ROLE_USER_MANAGEMENT_CREATE_and_without_access_to_applications_update_user</testName>
          <skipped>false</skipped>
          <failedSince>0</failedSince>
        </case>
      </cases>
    </suite>
    <suite>
      <file>/var/jenkins_home/workspace/Cumulocity-Platform-Services-BUILD/user-management/user-management-rest/target/surefire-reports/TEST-com.cumulocity.user.rest.resources.UserResourceTest.xml</file>
      <name>com.cumulocity.user.rest.resources.UserResourceTest</name>
      <duration>0.098</duration>
      <time>0.098</time>
      <enclosingBlocks/>
      <enclosingBlockNames/>
      <cases>
        <case>
          <duration>0.036</duration>
          <className>com.cumulocity.user.rest.resources.UserResourceTest</className>
          <testName>testGetIsPassedToTenantUserService</testName>
          <skipped>false</skipped>
          <failedSince>0</failedSince>
        </case>
        <case>
          <duration>0.007</duration>
          <className>com.cumulocity.user.rest.resources.UserResourceTest</className>
          <testName>testDeleteIsPassedToTenantUserService</testName>
          <skipped>false</skipped>
          <failedSince>0</failedSince>
        </case>
        <case>
          <duration>0.008</duration>
          <className>com.cumulocity.user.rest.resources.UserResourceTest</className>
          <testName>deleteShoudlReturn404onMissingUser</testName>
          <skipped>false</skipped>
          <failedSince>0</failedSince>
        </case>
        <case>
          <duration>0.026</duration>
          <className>com.cumulocity.user.rest.resources.UserResourceTest</className>
          <testName>testUpdateIsPassedToTenantUserService</testName>
          <skipped>false</skipped>
          <failedSince>0</failedSince>
        </case>
        <case>
          <duration>0.007</duration>
          <className>com.cumulocity.user.rest.resources.UserResourceTest</className>
          <testName>testUpdateDoesNotAllowUsernameChange</testName>
          <skipped>false</skipped>
          <failedSince>0</failedSince>
        </case>
        <case>
          <duration>0.007</duration>
          <className>com.cumulocity.user.rest.resources.UserResourceTest</className>
          <testName>updateFailsIfPasswordStrengthIncorrect</testName>
          <skipped>false</skipped>
          <failedSince>0</failedSince>
        </case>
      </cases>
    </suite>
    <suite>
      <file>/var/jenkins_home/workspace/Cumulocity-Platform-Services-BUILD/user-management/user-management-rest/target/surefire-reports/TEST-com.cumulocity.user.rest.resources.UserRoleReferenceCollectionResourceTest.xml</file>
      <name>com.cumulocity.user.rest.resources.UserRoleReferenceCollectionResourceTest</name>
      <duration>0.073</duration>
      <time>0.073</time>
      <enclosingBlocks/>
      <enclosingBlockNames/>
      <cases>
        <case>
          <duration>0.011</duration>
          <className>com.cumulocity.user.rest.resources.UserRoleReferenceCollectionResourceTest</className>
          <testName>testAddRoleRepresentationWithSelfContainingNull</testName>
          <skipped>false</skipped>
          <failedSince>0</failedSince>
        </case>
        <case>
          <duration>0.01</duration>
          <className>com.cumulocity.user.rest.resources.UserRoleReferenceCollectionResourceTest</className>
          <testName>testAddNonExistingRole</testName>
          <skipped>false</skipped>
          <failedSince>0</failedSince>
        </case>
        <case>
          <duration>0.009</duration>
          <className>com.cumulocity.user.rest.resources.UserRoleReferenceCollectionResourceTest</className>
          <testName>testAddSystemRole</testName>
          <skipped>false</skipped>
          <failedSince>0</failedSince>
        </case>
        <case>
          <duration>0.01</duration>
          <className>com.cumulocity.user.rest.resources.UserRoleReferenceCollectionResourceTest</className>
          <testName>testAddRoleRepresentationWithWrongSelf</testName>
          <skipped>false</skipped>
          <failedSince>0</failedSince>
        </case>
        <case>
          <duration>0.013</duration>
          <className>com.cumulocity.user.rest.resources.UserRoleReferenceCollectionResourceTest</className>
          <testName>testGetAllRoles</testName>
          <skipped>false</skipped>
          <failedSince>0</failedSince>
        </case>
        <case>
          <duration>0.012</duration>
          <className>com.cumulocity.user.rest.resources.UserRoleReferenceCollectionResourceTest</className>
          <testName>testPostShouldAddRoleWihtUserMangementService</testName>
          <skipped>false</skipped>
          <failedSince>0</failedSince>
        </case>
      </cases>
    </suite>
    <suite>
      <file>/var/jenkins_home/workspace/Cumulocity-Platform-Services-BUILD/user-management/user-management-rest/target/surefire-reports/TEST-com.cumulocity.user.rest.resources.UserRoleReferenceResourceSecurityTest.xml</file>
      <name>com.cumulocity.user.rest.resources.UserRoleReferenceResourceSecurityTest</name>
      <duration>0.067</duration>
      <time>0.067</time>
      <enclosingBlocks/>
      <enclosingBlockNames/>
      <cases>
        <case>
          <duration>0.015</duration>
          <className>com.cumulocity.user.rest.resources.UserRoleReferenceResourceSecurityTest</className>
          <testName>should_user_without_ROLE_USER_MANAGEMENT_cannot_remove_authority_from_user</testName>
          <skipped>false</skipped>
          <failedSince>0</failedSince>
        </case>
        <case>
          <duration>0.012</duration>
          <className>com.cumulocity.user.rest.resources.UserRoleReferenceResourceSecurityTest</className>
          <testName>should_user_with_GlobalPermission_ROLE_USER_MANAGEMENT_ADMIN_remove_authority_from_user</testName>
          <skipped>false</skipped>
          <failedSince>0</failedSince>
        </case>
        <case>
          <duration>0.012</duration>
          <className>com.cumulocity.user.rest.resources.UserRoleReferenceResourceSecurityTest</className>
          <testName>should_user_with_GlobalPermission_ROLE_USER_MANAGEMENT_CREATE_and_relation_remove_authority_from_user</testName>
          <skipped>false</skipped>
          <failedSince>0</failedSince>
        </case>
        <case>
          <duration>0.012</duration>
          <className>com.cumulocity.user.rest.resources.UserRoleReferenceResourceSecurityTest</className>
          <testName>should_user_with_GlobalPermission_ROLE_USER_MANAGEMENT_CREATE_and_relation_cannot_remove_authority_from_themselves</testName>
          <skipped>false</skipped>
          <failedSince>0</failedSince>
        </case>
        <case>
          <duration>0.011</duration>
          <className>com.cumulocity.user.rest.resources.UserRoleReferenceResourceSecurityTest</className>
          <testName>should_user_with_GlobalPermission_ROLE_USER_MANAGEMENT_CREATE_cannot_remove_authority_from_user</testName>
          <skipped>false</skipped>
          <failedSince>0</failedSince>
        </case>
      </cases>
    </suite>
    <suite>
      <file>/var/jenkins_home/workspace/Cumulocity-Platform-Services-BUILD/user-management/user-management-rest/target/surefire-reports/TEST-com.cumulocity.user.rest.resources.UsersByNameResourceSecurityTest.xml</file>
      <name>com.cumulocity.user.rest.resources.UsersByNameResourceSecurityTest</name>
      <duration>0.055</duration>
      <time>0.055</time>
      <enclosingBlocks/>
      <enclosingBlockNames/>
      <cases>
        <case>
          <duration>0.014</duration>
          <className>com.cumulocity.user.rest.resources.UsersByNameResourceSecurityTest</className>
          <testName>should_user_without_ROLE_USER_MANAGEMENT_cannot_read_user_by_name</testName>
          <skipped>false</skipped>
          <failedSince>0</failedSince>
        </case>
        <case>
          <duration>0.011</duration>
          <className>com.cumulocity.user.rest.resources.UsersByNameResourceSecurityTest</className>
          <testName>should_user_with_GlobalPermission_ROLE_USER_MANAGEMENT_READ_load_user_by_name</testName>
          <skipped>false</skipped>
          <failedSince>0</failedSince>
        </case>
        <case>
          <duration>0.011</duration>
          <className>com.cumulocity.user.rest.resources.UsersByNameResourceSecurityTest</className>
          <testName>should_user_with_GlobalPermission_ROLE_USER_MANAGEMENT_CREATE_and_relation_load_user_by_name</testName>
          <skipped>false</skipped>
          <failedSince>0</failedSince>
        </case>
        <case>
          <duration>0.011</duration>
          <className>com.cumulocity.user.rest.resources.UsersByNameResourceSecurityTest</className>
          <testName>should_user_with_GlobalPermission_ROLE_USER_MANAGEMENT_CREATE_cannot_load_user_by_name</testName>
          <skipped>false</skipped>
          <failedSince>0</failedSince>
        </case>
      </cases>
    </suite>
    <suite>
      <file>/var/jenkins_home/workspace/Cumulocity-Platform-Services-BUILD/user-management/user-management-rest/target/surefire-reports/TEST-com.cumulocity.user.rest.resources.UsersByNameResourceTest.xml</file>
      <name>com.cumulocity.user.rest.resources.UsersByNameResourceTest</name>
      <duration>0.047</duration>
      <time>0.047</time>
      <enclosingBlocks/>
      <enclosingBlockNames/>
      <cases>
        <case>
          <duration>0.036</duration>
          <className>com.cumulocity.user.rest.resources.UsersByNameResourceTest</className>
          <testName>testGetIsPassedToTenantUserService</testName>
          <skipped>false</skipped>
          <failedSince>0</failedSince>
        </case>
        <case>
          <duration>0.007</duration>
          <className>com.cumulocity.user.rest.resources.UsersByNameResourceTest</className>
          <testName>testGetReturnsNull</testName>
          <skipped>false</skipped>
          <failedSince>0</failedSince>
        </case>
      </cases>
    </suite>
    <suite>
      <file>/var/jenkins_home/workspace/Cumulocity-Platform-Services-BUILD/user-management/user-management-rest/target/surefire-reports/TEST-com.cumulocity.user.rest.resources.UsersRoleReferenceCollectionResourceSecurityTest.xml</file>
      <name>com.cumulocity.user.rest.resources.UsersRoleReferenceCollectionResourceSecurityTest</name>
      <duration>0.181</duration>
      <time>0.181</time>
      <enclosingBlocks/>
      <enclosingBlockNames/>
      <cases>
        <case>
          <duration>0.017</duration>
          <className>com.cumulocity.user.rest.resources.UsersRoleReferenceCollectionResourceSecurityTest</className>
          <testName>should_user_with_GlobalPermission_ROLE_USER_MANAGEMENT_CREATE_and_relation_load_role_by_id_for_user</testName>
          <skipped>false</skipped>
          <failedSince>0</failedSince>
        </case>
        <case>
          <duration>0.013</duration>
          <className>com.cumulocity.user.rest.resources.UsersRoleReferenceCollectionResourceSecurityTest</className>
          <testName>should_user_with_GlobalPermission_ROLE_USER_MANAGEMENT_CREATE_cannot_load_role_by_id_for_user</testName>
          <skipped>false</skipped>
          <failedSince>0</failedSince>
        </case>
        <case>
          <duration>0.013</duration>
          <className>com.cumulocity.user.rest.resources.UsersRoleReferenceCollectionResourceSecurityTest</className>
          <testName>should_user_without_ROLE_USER_MANAGEMENT_cannot_read_user_roles</testName>
          <skipped>false</skipped>
          <failedSince>0</failedSince>
        </case>
        <case>
          <duration>0.013</duration>
          <className>com.cumulocity.user.rest.resources.UsersRoleReferenceCollectionResourceSecurityTest</className>
          <testName>should_user_with_GlobalPermission_ROLE_USER_MANAGEMENT_READ_load_user_roles</testName>
          <skipped>false</skipped>
          <failedSince>0</failedSince>
        </case>
        <case>
          <duration>0.013</duration>
          <className>com.cumulocity.user.rest.resources.UsersRoleReferenceCollectionResourceSecurityTest</className>
          <testName>should_user_with_GlobalPermission_ROLE_USER_MANAGEMENT_CREATE_and_relation_load_user_roles</testName>
          <skipped>false</skipped>
          <failedSince>0</failedSince>
        </case>
        <case>
          <duration>0.013</duration>
          <className>com.cumulocity.user.rest.resources.UsersRoleReferenceCollectionResourceSecurityTest</className>
          <testName>should_user_with_GlobalPermission_ROLE_USER_MANAGEMENT_CREATE_and_relation_cannot_load_user_roles</testName>
          <skipped>false</skipped>
          <failedSince>0</failedSince>
        </case>
        <case>
          <duration>0.013</duration>
          <className>com.cumulocity.user.rest.resources.UsersRoleReferenceCollectionResourceSecurityTest</className>
          <testName>should_user_without_ROLE_USER_MANAGEMENT_cannot_add_role_for_user</testName>
          <skipped>false</skipped>
          <failedSince>0</failedSince>
        </case>
        <case>
          <duration>0.013</duration>
          <className>com.cumulocity.user.rest.resources.UsersRoleReferenceCollectionResourceSecurityTest</className>
          <testName>should_user_with_GlobalPermission_ROLE_USER_MANAGEMENT_ADMIN_can_add_role_to_user</testName>
          <skipped>false</skipped>
          <failedSince>0</failedSince>
        </case>
        <case>
          <duration>0.013</duration>
          <className>com.cumulocity.user.rest.resources.UsersRoleReferenceCollectionResourceSecurityTest</className>
          <testName>should_user_with_GlobalPermission_ROLE_USER_MANAGEMENT_CREATE_and_relation_can_add_role_to_user</testName>
          <skipped>false</skipped>
          <failedSince>0</failedSince>
        </case>
        <case>
          <duration>0.013</duration>
          <className>com.cumulocity.user.rest.resources.UsersRoleReferenceCollectionResourceSecurityTest</className>
          <testName>should_user_with_GlobalPermission_ROLE_USER_MANAGEMENT_CREATE_and_relation_cannot_add_role_themselves</testName>
          <skipped>false</skipped>
          <failedSince>0</failedSince>
        </case>
        <case>
          <duration>0.013</duration>
          <className>com.cumulocity.user.rest.resources.UsersRoleReferenceCollectionResourceSecurityTest</className>
          <testName>should_user_with_GlobalPermission_ROLE_USER_MANAGEMENT_CREATE_and_cannot_add_role_for_user</testName>
          <skipped>false</skipped>
          <failedSince>0</failedSince>
        </case>
        <case>
          <duration>0.013</duration>
          <className>com.cumulocity.user.rest.resources.UsersRoleReferenceCollectionResourceSecurityTest</className>
          <testName>should_user_without_ROLE_USER_MANAGEMENT_cannot_read_role_by_id_for_user</testName>
          <skipped>false</skipped>
          <failedSince>0</failedSince>
        </case>
        <case>
          <duration>0.013</duration>
          <className>com.cumulocity.user.rest.resources.UsersRoleReferenceCollectionResourceSecurityTest</className>
          <testName>should_user_with_GlobalPermission_ROLE_USER_MANAGEMENT_READ_load_role_by_id_for_user</testName>
          <skipped>false</skipped>
          <failedSince>0</failedSince>
        </case>
      </cases>
    </suite>
    <suite>
      <file>/var/jenkins_home/workspace/Cumulocity-Platform-Services-BUILD/user-management/user-management-rest/target/surefire-reports/TEST-com.cumulocity.user.rest.resources.roles.InventoryRoleResourceTest.xml</file>
      <name>com.cumulocity.user.rest.resources.roles.InventoryRoleResourceTest</name>
      <duration>3.498</duration>
      <time>3.498</time>
      <enclosingBlocks/>
      <enclosingBlockNames/>
      <cases>
        <case>
          <duration>2.969</duration>
          <className>com.cumulocity.user.rest.resources.roles.InventoryRoleResourceTest</className>
          <testName>must_return_not_empty_representation_collection</testName>
          <skipped>false</skipped>
          <failedSince>0</failedSince>
        </case>
        <case>
          <duration>0.064</duration>
          <className>com.cumulocity.user.rest.resources.roles.InventoryRoleResourceTest</className>
          <testName>must_create_one_inventoryRole</testName>
          <skipped>false</skipped>
          <failedSince>0</failedSince>
        </case>
        <case>
          <duration>0.012</duration>
          <className>com.cumulocity.user.rest.resources.roles.InventoryRoleResourceTest</className>
          <testName>must_not_create_inventoryRole_when_id_is_not_null</testName>
          <skipped>false</skipped>
          <failedSince>0</failedSince>
        </case>
        <case>
          <duration>0.01</duration>
          <className>com.cumulocity.user.rest.resources.roles.InventoryRoleResourceTest</className>
          <testName>must_not_create_inventoryRole_when_name_is_null</testName>
          <skipped>false</skipped>
          <failedSince>0</failedSince>
        </case>
        <case>
          <duration>0.013</duration>
          <className>com.cumulocity.user.rest.resources.roles.InventoryRoleResourceTest</className>
          <testName>must_not_create_inventoryRole_when_one_of_inventoryPermission_not_have_type</testName>
          <skipped>false</skipped>
          <failedSince>0</failedSince>
        </case>
        <case>
          <duration>0.013</duration>
          <className>com.cumulocity.user.rest.resources.roles.InventoryRoleResourceTest</className>
          <testName>must_not_create_inventoryRole_when_one_of_inventoryPermission_not_have_scope</testName>
          <skipped>false</skipped>
          <failedSince>0</failedSince>
        </case>
        <case>
          <duration>0.013</duration>
          <className>com.cumulocity.user.rest.resources.roles.InventoryRoleResourceTest</className>
          <testName>must_not_create_inventoryRole_when_one_of_inventoryPermission_not_have_permission</testName>
          <skipped>false</skipped>
          <failedSince>0</failedSince>
        </case>
        <case>
          <duration>0.022</duration>
          <className>com.cumulocity.user.rest.resources.roles.InventoryRoleResourceTest</className>
          <testName>must_update_one_inventoryRole</testName>
          <skipped>false</skipped>
          <failedSince>0</failedSince>
        </case>
        <case>
          <duration>0.013</duration>
          <className>com.cumulocity.user.rest.resources.roles.InventoryRoleResourceTest</className>
          <testName>must_not_update_inventoryRole_when_one_of_inventoryPermission_not_have_type</testName>
          <skipped>false</skipped>
          <failedSince>0</failedSince>
        </case>
        <case>
          <duration>0.013</duration>
          <className>com.cumulocity.user.rest.resources.roles.InventoryRoleResourceTest</className>
          <testName>must_not_update_inventoryRole_when_one_of_inventoryPermission_not_have_scope</testName>
          <skipped>false</skipped>
          <failedSince>0</failedSince>
        </case>
        <case>
          <duration>0.013</duration>
          <className>com.cumulocity.user.rest.resources.roles.InventoryRoleResourceTest</className>
          <testName>must_not_update_inventoryRole_when_one_of_inventoryPermission_not_have_permission</testName>
          <skipped>false</skipped>
          <failedSince>0</failedSince>
        </case>
        <case>
          <duration>0.008</duration>
          <className>com.cumulocity.user.rest.resources.roles.InventoryRoleResourceTest</className>
          <testName>must_delete_inventoryRole</testName>
          <skipped>false</skipped>
          <failedSince>0</failedSince>
        </case>
        <case>
          <duration>0.011</duration>
          <className>com.cumulocity.user.rest.resources.roles.InventoryRoleResourceTest</className>
          <testName>must_return_inventoryRole_for_specific_id</testName>
          <skipped>false</skipped>
          <failedSince>0</failedSince>
        </case>
      </cases>
    </suite>
    <suite>
      <file>/var/jenkins_home/workspace/Cumulocity-Platform-Services-BUILD/user-management/user-management-service/target/surefire-reports/TEST-com.cumulocity.user.service.AuthoritiesValidatorTest.xml</file>
      <name>com.cumulocity.user.service.AuthoritiesValidatorTest</name>
      <duration>0.019</duration>
      <time>0.019</time>
      <enclosingBlocks/>
      <enclosingBlockNames/>
      <cases>
        <case>
          <duration>0.003</duration>
          <className>com.cumulocity.user.service.AuthoritiesValidatorTest</className>
          <testName>shouldNotCheckUserIfValidationDisabled</testName>
          <skipped>false</skipped>
          <failedSince>0</failedSince>
        </case>
        <case>
          <duration>0.005</duration>
          <className>com.cumulocity.user.service.AuthoritiesValidatorTest</className>
          <testName>shouldThrowExceptionOnNotAllowedRole</testName>
          <skipped>false</skipped>
          <failedSince>0</failedSince>
        </case>
        <case>
          <duration>0.001</duration>
          <className>com.cumulocity.user.service.AuthoritiesValidatorTest</className>
          <testName>shouldNotThrowWhenAllowedRole</testName>
          <skipped>false</skipped>
          <failedSince>0</failedSince>
        </case>
        <case>
          <duration>0.0</duration>
          <className>com.cumulocity.user.service.AuthoritiesValidatorTest</className>
          <testName>shouldCheckGroupRolesAndThrowException</testName>
          <skipped>false</skipped>
          <failedSince>0</failedSince>
        </case>
        <case>
          <duration>0.001</duration>
          <className>com.cumulocity.user.service.AuthoritiesValidatorTest</className>
          <testName>shouldCheckGroupRoles</testName>
          <skipped>false</skipped>
          <failedSince>0</failedSince>
        </case>
        <case>
          <duration>0.002</duration>
          <className>com.cumulocity.user.service.AuthoritiesValidatorTest</className>
          <testName>shouldCheckUserRole</testName>
          <skipped>false</skipped>
          <failedSince>0</failedSince>
        </case>
        <case>
          <duration>0.001</duration>
          <className>com.cumulocity.user.service.AuthoritiesValidatorTest</className>
          <testName>shouldCheckUserGroupsRole</testName>
          <skipped>false</skipped>
          <failedSince>0</failedSince>
        </case>
        <case>
          <duration>0.0</duration>
          <className>com.cumulocity.user.service.AuthoritiesValidatorTest</className>
          <testName>shouldThrowExceptionWhenFlagNull</testName>
          <skipped>false</skipped>
          <failedSince>0</failedSince>
        </case>
        <case>
          <duration>0.0</duration>
          <className>com.cumulocity.user.service.AuthoritiesValidatorTest</className>
          <testName>shouldNotCheckRoleWhenValidationDisabled</testName>
          <skipped>false</skipped>
          <failedSince>0</failedSince>
        </case>
        <case>
          <duration>0.0</duration>
          <className>com.cumulocity.user.service.AuthoritiesValidatorTest</className>
          <testName>shouldNotCheckGroupIfValidationDisabled</testName>
          <skipped>false</skipped>
          <failedSince>0</failedSince>
        </case>
      </cases>
    </suite>
    <suite>
      <file>/var/jenkins_home/workspace/Cumulocity-Platform-Services-BUILD/user-management/user-management-service/target/surefire-reports/TEST-com.cumulocity.user.service.AuthorityFacadeTest.xml</file>
      <name>com.cumulocity.user.service.AuthorityFacadeTest</name>
      <duration>1.722</duration>
      <time>1.722</time>
      <enclosingBlocks/>
      <enclosingBlockNames/>
      <cases>
        <case>
          <duration>0.456</duration>
          <className>com.cumulocity.user.service.AuthorityFacadeTest</className>
          <testName>should_user_with_ROLE_USER_MANAGEMENT_READ_can_list_all_roles</testName>
          <skipped>false</skipped>
          <failedSince>0</failedSince>
        </case>
        <case>
          <duration>0.036</duration>
          <className>com.cumulocity.user.service.AuthorityFacadeTest</className>
          <testName>should_user_with_ROLE_USER_MANAGEMENT_CREATE_and_access_to_some_roles_can_list_filtered_list_of_roles</testName>
          <skipped>false</skipped>
          <failedSince>0</failedSince>
        </case>
      </cases>
    </suite>
    <suite>
      <file>/var/jenkins_home/workspace/Cumulocity-Platform-Services-BUILD/user-management/user-management-service/target/surefire-reports/TEST-com.cumulocity.user.service.DevicePermissionFacadeTest.xml</file>
      <name>com.cumulocity.user.service.DevicePermissionFacadeTest</name>
      <duration>1.63</duration>
      <time>1.63</time>
      <enclosingBlocks/>
      <enclosingBlockNames/>
      <cases>
        <case>
          <duration>1.261</duration>
          <className>com.cumulocity.user.service.DevicePermissionFacadeTest</className>
          <testName>updateDevicePermissionShouldAddAuditLog</testName>
          <skipped>false</skipped>
          <failedSince>0</failedSince>
        </case>
        <case>
          <duration>0.026</duration>
          <className>com.cumulocity.user.service.DevicePermissionFacadeTest</className>
          <testName>shouldUpdateDevicePermissionsByMoId</testName>
          <skipped>false</skipped>
          <failedSince>0</failedSince>
        </case>
      </cases>
    </suite>
    <suite>
      <file>/var/jenkins_home/workspace/Cumulocity-Platform-Services-BUILD/user-management/user-management-service/target/surefire-reports/TEST-com.cumulocity.user.service.GroupFacadeTest.xml</file>
      <name>com.cumulocity.user.service.GroupFacadeTest</name>
      <duration>1.124</duration>
      <time>1.124</time>
      <enclosingBlocks/>
      <enclosingBlockNames/>
      <cases>
        <case>
          <duration>0.379</duration>
          <className>com.cumulocity.user.service.GroupFacadeTest</className>
          <testName>shouldCheckAuthorityBeforeAddToGroup</testName>
          <skipped>false</skipped>
          <failedSince>0</failedSince>
        </case>
        <case>
          <duration>0.058</duration>
          <className>com.cumulocity.user.service.GroupFacadeTest</className>
          <testName>should_user_with_ROLE_USER_MANAGEMENT_CREATE_and_access_to_some_groups_can_list_filtered_list_of_groups</testName>
          <skipped>false</skipped>
          <failedSince>0</failedSince>
        </case>
        <case>
          <duration>0.037</duration>
          <className>com.cumulocity.user.service.GroupFacadeTest</className>
          <testName>shouldFilterGroupMembersByHierarchy</testName>
          <skipped>false</skipped>
          <failedSince>0</failedSince>
        </case>
        <case>
          <duration>0.018</duration>
          <className>com.cumulocity.user.service.GroupFacadeTest</className>
          <testName>shouldNotAllowToDeleteDevicesGroup</testName>
          <skipped>false</skipped>
          <failedSince>0</failedSince>
        </case>
        <case>
          <duration>0.003</duration>
          <className>com.cumulocity.user.service.GroupFacadeTest</className>
          <testName>shouldCheckAuthorityBeforeAddMember</testName>
          <skipped>false</skipped>
          <failedSince>0</failedSince>
        </case>
      </cases>
    </suite>
    <suite>
      <file>/var/jenkins_home/workspace/Cumulocity-Platform-Services-BUILD/user-management/user-management-service/target/surefire-reports/TEST-com.cumulocity.user.service.UserFacadeIntegrationTest.xml</file>
      <name>com.cumulocity.user.service.UserFacadeIntegrationTest</name>
      <duration>22.254</duration>
      <time>22.254</time>
      <enclosingBlocks/>
      <enclosingBlockNames/>
      <cases>
        <case>
          <duration>4.913</duration>
          <className>com.cumulocity.user.service.UserFacadeIntegrationTest</className>
          <testName>shouldThrowUserServiceExceptionWhenUserNotExists</testName>
          <skipped>false</skipped>
          <failedSince>0</failedSince>
        </case>
        <case>
          <duration>1.475</duration>
          <className>com.cumulocity.user.service.UserFacadeIntegrationTest</className>
          <testName>shouldBeAbleToRemoveUserFromMiddleOfHierarchyWhenThereIsDeepHierarchy</testName>
          <skipped>false</skipped>
          <failedSince>0</failedSince>
        </case>
        <case>
          <duration>1.23</duration>
          <className>com.cumulocity.user.service.UserFacadeIntegrationTest</className>
          <testName>shouldRemoveRolesOfSubUserWhenDeleteOwner</testName>
          <skipped>false</skipped>
          <failedSince>0</failedSince>
        </case>
        <case>
          <duration>1.073</duration>
          <className>com.cumulocity.user.service.UserFacadeIntegrationTest</className>
          <testName>shouldRemoveRolesOfSubUserWhenRemoveOwner</testName>
          <skipped>false</skipped>
          <failedSince>0</failedSince>
        </case>
        <case>
          <duration>1.27</duration>
          <className>com.cumulocity.user.service.UserFacadeIntegrationTest</className>
          <testName>shouldRemoveOnlyRolesOfSubUserWhenRemoveOwner</testName>
          <skipped>false</skipped>
          <failedSince>0</failedSince>
        </case>
        <case>
          <duration>2.592</duration>
          <className>com.cumulocity.user.service.UserFacadeIntegrationTest</className>
          <testName>shouldRemoveGroupsOfSubUserWhenDeleteOwnerUser</testName>
          <skipped>false</skipped>
          <failedSince>0</failedSince>
        </case>
        <case>
          <duration>1.743</duration>
          <className>com.cumulocity.user.service.UserFacadeIntegrationTest</className>
          <testName>shouldRemoveDevicePermissionsOfSubUserHierarchyWhenDeleteOwnerUser</testName>
          <skipped>false</skipped>
          <failedSince>0</failedSince>
        </case>
        <case>
          <duration>2.081</duration>
          <className>com.cumulocity.user.service.UserFacadeIntegrationTest</className>
          <testName>shouldRemoveApplicationsOfSubUserHierarchyWhenDeleteOwnerUser</testName>
          <skipped>false</skipped>
          <failedSince>0</failedSince>
        </case>
        <case>
          <duration>2.328</duration>
          <className>com.cumulocity.user.service.UserFacadeIntegrationTest</className>
          <testName>shouldRemoveInventoryAssignmentsOfSubUserHierarchyWhenDeleteOwnerUser</testName>
          <skipped>false</skipped>
          <failedSince>0</failedSince>
        </case>
        <case>
          <duration>0.979</duration>
          <className>com.cumulocity.user.service.UserFacadeIntegrationTest</className>
          <testName>shouldRemoveDelegatedByWhenDeleteOwnerUser</testName>
          <skipped>false</skipped>
          <failedSince>0</failedSince>
        </case>
        <case>
          <duration>1.431</duration>
          <className>com.cumulocity.user.service.UserFacadeIntegrationTest</className>
          <testName>shouldRemoveDelegatedByWhenUpdateOwnerUser</testName>
          <skipped>false</skipped>
          <failedSince>0</failedSince>
        </case>
        <case>
          <duration>1.128</duration>
          <className>com.cumulocity.user.service.UserFacadeIntegrationTest</className>
          <testName>shouldBeAbleToRemoveUserFromMiddleOfHierarchy</testName>
          <skipped>false</skipped>
          <failedSince>0</failedSince>
        </case>
      </cases>
    </suite>
    <suite>
      <file>/var/jenkins_home/workspace/Cumulocity-Platform-Services-BUILD/user-management/user-management-service/target/surefire-reports/TEST-com.cumulocity.user.service.UserFacadeTest.xml</file>
      <name>com.cumulocity.user.service.UserFacadeTest</name>
      <duration>0.001</duration>
      <time>0.001</time>
      <enclosingBlocks/>
      <enclosingBlockNames/>
      <cases>
        <case>
          <duration>0.0</duration>
          <className>com.cumulocity.user.service.UserFacadeTest</className>
          <testName>emailShouldBeSentAfterUserCreationIfResetPasswordParamIsTrue</testName>
          <skipped>false</skipped>
          <failedSince>0</failedSince>
        </case>
        <case>
          <duration>0.0</duration>
          <className>com.cumulocity.user.service.UserFacadeTest</className>
          <testName>emailShouldNotBeSentAfterUserCreationIfResetPasswordParamIsFalse</testName>
          <skipped>false</skipped>
          <failedSince>0</failedSince>
        </case>
        <case>
          <duration>0.0</duration>
          <className>com.cumulocity.user.service.UserFacadeTest</className>
          <testName>passwordShouldBeGeneratedBeforeUserCreationIfResetPassworParamIsTrue</testName>
          <skipped>false</skipped>
          <failedSince>0</failedSince>
        </case>
        <case>
          <duration>0.0</duration>
          <className>com.cumulocity.user.service.UserFacadeTest</className>
          <testName>passwordShouldNotBeGeneratedBeforeUserCreationIfResetPasswordParamIsFalse</testName>
          <skipped>false</skipped>
          <failedSince>0</failedSince>
        </case>
        <case>
          <duration>0.0</duration>
          <className>com.cumulocity.user.service.UserFacadeTest</className>
          <testName>shouldCheckAuthoritiesBeforeCreate</testName>
          <skipped>false</skipped>
          <failedSince>0</failedSince>
        </case>
        <case>
          <duration>0.0</duration>
          <className>com.cumulocity.user.service.UserFacadeTest</className>
          <testName>shouldCheckAuthorityBeforeAddToUser</testName>
          <skipped>false</skipped>
          <failedSince>0</failedSince>
        </case>
        <case>
          <duration>0.0</duration>
          <className>com.cumulocity.user.service.UserFacadeTest</className>
          <testName>must_user_with_role_USER_MANAGEMENT_ADMIN_can_create_user_without_owner</testName>
          <skipped>false</skipped>
          <failedSince>0</failedSince>
        </case>
        <case>
          <duration>0.0</duration>
          <className>com.cumulocity.user.service.UserFacadeTest</className>
          <testName>must_user_with_role_USER_MANAGEMENT_ADMIN_can_create_user_with_any_owner</testName>
          <skipped>false</skipped>
          <failedSince>0</failedSince>
        </case>
        <case>
          <duration>0.0</duration>
          <className>com.cumulocity.user.service.UserFacadeTest</className>
          <testName>must_user_with_role_USER_MANAGEMENT_CREATE_cannot_add_user_with_different_owner</testName>
          <skipped>false</skipped>
          <failedSince>0</failedSince>
        </case>
        <case>
          <duration>0.0</duration>
          <className>com.cumulocity.user.service.UserFacadeTest</className>
          <testName>must_user_with_role_USER_MANAGEMENT_CREATE_be_set_as_owner_to_new_created_user</testName>
          <skipped>false</skipped>
          <failedSince>0</failedSince>
        </case>
        <case>
          <duration>0.0</duration>
          <className>com.cumulocity.user.service.UserFacadeTest</className>
          <testName>should_user_without_GlobalPermission_ROLE_USER_MANAGEMENT_READ_can_load_filtered_groups</testName>
          <skipped>false</skipped>
          <failedSince>0</failedSince>
        </case>
        <case>
          <duration>0.0</duration>
          <className>com.cumulocity.user.service.UserFacadeTest</className>
          <testName>shouldCleanupDelegatedByInOtherUsersWhenDeletingUser</testName>
          <skipped>false</skipped>
          <failedSince>0</failedSince>
        </case>
        <case>
          <duration>0.0</duration>
          <className>com.cumulocity.user.service.UserFacadeTest</className>
          <testName>shouldReadUserPreferenceWhenSet</testName>
          <skipped>false</skipped>
          <failedSince>0</failedSince>
        </case>
        <case>
          <duration>0.0</duration>
          <className>com.cumulocity.user.service.UserFacadeTest</className>
          <testName>shouldReturnEmptyWhenNoUserPreferences</testName>
          <skipped>false</skipped>
          <failedSince>0</failedSince>
        </case>
      </cases>
    </suite>
  </suites>
  <duration>460.79385</duration>
  <keepLongStdio>false</keepLongStdio>
</result>